[1/1024] baseline budget=16384 churn seed=1 -> oom
[2/1024] baseline budget=16384 churn seed=7 -> oom
[3/1024] baseline budget=16384 churn seed=13 -> oom
[4/1024] baseline budget=16384 churn seed=42 -> oom
[5/1024] baseline budget=16384 churn seed=101 -> oom
[6/1024] baseline budget=16384 churn seed=271 -> oom
[7/1024] baseline budget=16384 churn seed=1009 -> oom
[8/1024] baseline budget=16384 churn seed=9973 -> oom
[9/1024] baseline budget=16384 longlived seed=1 -> oom
[10/1024] baseline budget=16384 longlived seed=7 -> oom
[11/1024] baseline budget=16384 longlived seed=13 -> oom
[12/1024] baseline budget=16384 longlived seed=42 -> oom
[13/1024] baseline budget=16384 longlived seed=101 -> oom
[14/1024] baseline budget=16384 longlived seed=271 -> oom
[15/1024] baseline budget=16384 longlived seed=1009 -> oom
[16/1024] baseline budget=16384 longlived seed=9973 -> oom
[17/1024] baseline budget=16384 mutate seed=1 -> oom
[18/1024] baseline budget=16384 mutate seed=7 -> oom
[19/1024] baseline budget=16384 mutate seed=13 -> oom
[20/1024] baseline budget=16384 mutate seed=42 -> oom
[21/1024] baseline budget=16384 mutate seed=101 -> oom
[22/1024] baseline budget=16384 mutate seed=271 -> oom
[23/1024] baseline budget=16384 mutate seed=1009 -> oom
[24/1024] baseline budget=16384 mutate seed=9973 -> oom
[25/1024] baseline budget=16384 density seed=1 -> oom
[26/1024] baseline budget=16384 density seed=7 -> oom
[27/1024] baseline budget=16384 density seed=13 -> oom
[28/1024] baseline budget=16384 density seed=42 -> oom
[29/1024] baseline budget=16384 density seed=101 -> oom
[30/1024] baseline budget=16384 density seed=271 -> oom
[31/1024] baseline budget=16384 density seed=1009 -> oom
[32/1024] baseline budget=16384 density seed=9973 -> oom
[33/1024] baseline budget=32768 churn seed=1 -> oom
[34/1024] baseline budget=32768 churn seed=7 -> oom
[35/1024] baseline budget=32768 churn seed=13 -> oom
[36/1024] baseline budget=32768 churn seed=42 -> oom
[37/1024] baseline budget=32768 churn seed=101 -> oom
[38/1024] baseline budget=32768 churn seed=271 -> oom
[39/1024] baseline budget=32768 churn seed=1009 -> oom
[40/1024] baseline budget=32768 churn seed=9973 -> oom
[41/1024] baseline budget=32768 longlived seed=1 -> oom
[42/1024] baseline budget=32768 longlived seed=7 -> oom
[43/1024] baseline budget=32768 longlived seed=13 -> oom
[44/1024] baseline budget=32768 longlived seed=42 -> oom
[45/1024] baseline budget=32768 longlived seed=101 -> oom
[46/1024] baseline budget=32768 longlived seed=271 -> oom
[47/1024] baseline budget=32768 longlived seed=1009 -> oom
[48/1024] baseline budget=32768 longlived seed=9973 -> oom
[49/1024] baseline budget=32768 mutate seed=1 -> oom
[50/1024] baseline budget=32768 mutate seed=7 -> oom
[51/1024] baseline budget=32768 mutate seed=13 -> oom
[52/1024] baseline budget=32768 mutate seed=42 -> oom
[53/1024] baseline budget=32768 mutate seed=101 -> oom
[54/1024] baseline budget=32768 mutate seed=271 -> oom
[55/1024] baseline budget=32768 mutate seed=1009 -> oom
[56/1024] baseline budget=32768 mutate seed=9973 -> oom
[57/1024] baseline budget=32768 density seed=1 -> oom
[58/1024] baseline budget=32768 density seed=7 -> oom
[59/1024] baseline budget=32768 density seed=13 -> oom
[60/1024] baseline budget=32768 density seed=42 -> oom
[61/1024] baseline budget=32768 density seed=101 -> oom
[62/1024] baseline budget=32768 density seed=271 -> oom
[63/1024] baseline budget=32768 density seed=1009 -> oom
[64/1024] baseline budget=32768 density seed=9973 -> oom
[65/1024] baseline budget=65536 churn seed=1 -> oom
[66/1024] baseline budget=65536 churn seed=7 -> oom
[67/1024] baseline budget=65536 churn seed=13 -> oom
[68/1024] baseline budget=65536 churn seed=42 -> oom
[69/1024] baseline budget=65536 churn seed=101 -> oom
[70/1024] baseline budget=65536 churn seed=271 -> oom
[71/1024] baseline budget=65536 churn seed=1009 -> oom
[72/1024] baseline budget=65536 churn seed=9973 -> oom
[73/1024] baseline budget=65536 longlived seed=1 -> oom
[74/1024] baseline budget=65536 longlived seed=7 -> oom
[75/1024] baseline budget=65536 longlived seed=13 -> oom
[76/1024] baseline budget=65536 longlived seed=42 -> oom
[77/1024] baseline budget=65536 longlived seed=101 -> oom
[78/1024] baseline budget=65536 longlived seed=271 -> oom
[79/1024] baseline budget=65536 longlived seed=1009 -> oom
[80/1024] baseline budget=65536 longlived seed=9973 -> oom
[81/1024] baseline budget=65536 mutate seed=1 -> oom
[82/1024] baseline budget=65536 mutate seed=7 -> oom
[83/1024] baseline budget=65536 mutate seed=13 -> oom
[84/1024] baseline budget=65536 mutate seed=42 -> oom
[85/1024] baseline budget=65536 mutate seed=101 -> oom
[86/1024] baseline budget=65536 mutate seed=271 -> oom
[87/1024] baseline budget=65536 mutate seed=1009 -> oom
[88/1024] baseline budget=65536 mutate seed=9973 -> oom
[89/1024] baseline budget=65536 density seed=1 -> oom
[90/1024] baseline budget=65536 density seed=7 -> oom
[91/1024] baseline budget=65536 density seed=13 -> oom
[92/1024] baseline budget=65536 density seed=42 -> oom
[93/1024] baseline budget=65536 density seed=101 -> oom
[94/1024] baseline budget=65536 density seed=271 -> oom
[95/1024] baseline budget=65536 density seed=1009 -> oom
[96/1024] baseline budget=65536 density seed=9973 -> oom
[97/1024] baseline budget=131072 churn seed=1 -> oom
[98/1024] baseline budget=131072 churn seed=7 -> oom
[99/1024] baseline budget=131072 churn seed=13 -> oom
[100/1024] baseline budget=131072 churn seed=42 -> oom
[101/1024] baseline budget=131072 churn seed=101 -> oom
[102/1024] baseline budget=131072 churn seed=271 -> oom
[103/1024] baseline budget=131072 churn seed=1009 -> oom
[104/1024] baseline budget=131072 churn seed=9973 -> oom
[105/1024] baseline budget=131072 longlived seed=1 -> oom
[106/1024] baseline budget=131072 longlived seed=7 -> oom
[107/1024] baseline budget=131072 longlived seed=13 -> oom
[108/1024] baseline budget=131072 longlived seed=42 -> oom
[109/1024] baseline budget=131072 longlived seed=101 -> oom
[110/1024] baseline budget=131072 longlived seed=271 -> oom
[111/1024] baseline budget=131072 longlived seed=1009 -> oom
[112/1024] baseline budget=131072 longlived seed=9973 -> oom
[113/1024] baseline budget=131072 mutate seed=1 -> oom
[114/1024] baseline budget=131072 mutate seed=7 -> oom
[115/1024] baseline budget=131072 mutate seed=13 -> oom
[116/1024] baseline budget=131072 mutate seed=42 -> oom
[117/1024] baseline budget=131072 mutate seed=101 -> oom
[118/1024] baseline budget=131072 mutate seed=271 -> oom
[119/1024] baseline budget=131072 mutate seed=1009 -> oom
[120/1024] baseline budget=131072 mutate seed=9973 -> oom
[121/1024] baseline budget=131072 density seed=1 -> oom
[122/1024] baseline budget=131072 density seed=7 -> oom
[123/1024] baseline budget=131072 density seed=13 -> oom
[124/1024] baseline budget=131072 density seed=42 -> oom
[125/1024] baseline budget=131072 density seed=101 -> oom
[126/1024] baseline budget=131072 density seed=271 -> oom
[127/1024] baseline budget=131072 density seed=1009 -> oom
[128/1024] baseline budget=131072 density seed=9973 -> oom
[129/1024] baseline budget=262144 churn seed=1 -> oom
[130/1024] baseline budget=262144 churn seed=7 -> oom
[131/1024] baseline budget=262144 churn seed=13 -> oom
[132/1024] baseline budget=262144 churn seed=42 -> oom
[133/1024] baseline budget=262144 churn seed=101 -> oom
[134/1024] baseline budget=262144 churn seed=271 -> oom
[135/1024] baseline budget=262144 churn seed=1009 -> oom
[136/1024] baseline budget=262144 churn seed=9973 -> oom
[137/1024] baseline budget=262144 longlived seed=1 -> oom
[138/1024] baseline budget=262144 longlived seed=7 -> oom
[139/1024] baseline budget=262144 longlived seed=13 -> oom
[140/1024] baseline budget=262144 longlived seed=42 -> oom
[141/1024] baseline budget=262144 longlived seed=101 -> oom
[142/1024] baseline budget=262144 longlived seed=271 -> oom
[143/1024] baseline budget=262144 longlived seed=1009 -> oom
[144/1024] baseline budget=262144 longlived seed=9973 -> oom
[145/1024] baseline budget=262144 mutate seed=1 -> oom
[146/1024] baseline budget=262144 mutate seed=7 -> oom
[147/1024] baseline budget=262144 mutate seed=13 -> oom
[148/1024] baseline budget=262144 mutate seed=42 -> oom
[149/1024] baseline budget=262144 mutate seed=101 -> oom
[150/1024] baseline budget=262144 mutate seed=271 -> oom
[151/1024] baseline budget=262144 mutate seed=1009 -> oom
[152/1024] baseline budget=262144 mutate seed=9973 -> oom
[153/1024] baseline budget=262144 density seed=1 -> oom
[154/1024] baseline budget=262144 density seed=7 -> oom
[155/1024] baseline budget=262144 density seed=13 -> oom
[156/1024] baseline budget=262144 density seed=42 -> oom
[157/1024] baseline budget=262144 density seed=101 -> oom
[158/1024] baseline budget=262144 density seed=271 -> oom
[159/1024] baseline budget=262144 density seed=1009 -> oom
[160/1024] baseline budget=262144 density seed=9973 -> oom
[161/1024] baseline budget=524288 churn seed=1 -> oom
[162/1024] baseline budget=524288 churn seed=7 -> oom
[163/1024] baseline budget=524288 churn seed=13 -> oom
[164/1024] baseline budget=524288 churn seed=42 -> oom
[165/1024] baseline budget=524288 churn seed=101 -> oom
[166/1024] baseline budget=524288 churn seed=271 -> oom
[167/1024] baseline budget=524288 churn seed=1009 -> oom
[168/1024] baseline budget=524288 churn seed=9973 -> oom
[169/1024] baseline budget=524288 longlived seed=1 -> oom
[170/1024] baseline budget=524288 longlived seed=7 -> oom
[171/1024] baseline budget=524288 longlived seed=13 -> oom
[172/1024] baseline budget=524288 longlived seed=42 -> oom
[173/1024] baseline budget=524288 longlived seed=101 -> oom
[174/1024] baseline budget=524288 longlived seed=271 -> oom
[175/1024] baseline budget=524288 longlived seed=1009 -> oom
[176/1024] baseline budget=524288 longlived seed=9973 -> oom
[177/1024] baseline budget=524288 mutate seed=1 -> oom
[178/1024] baseline budget=524288 mutate seed=7 -> oom
[179/1024] baseline budget=524288 mutate seed=13 -> oom
[180/1024] baseline budget=524288 mutate seed=42 -> oom
[181/1024] baseline budget=524288 mutate seed=101 -> oom
[182/1024] baseline budget=524288 mutate seed=271 -> oom
[183/1024] baseline budget=524288 mutate seed=1009 -> oom
[184/1024] baseline budget=524288 mutate seed=9973 -> oom
[185/1024] baseline budget=524288 density seed=1 -> oom
[186/1024] baseline budget=524288 density seed=7 -> oom
[187/1024] baseline budget=524288 density seed=13 -> oom
[188/1024] baseline budget=524288 density seed=42 -> oom
[189/1024] baseline budget=524288 density seed=101 -> oom
[190/1024] baseline budget=524288 density seed=271 -> oom
[191/1024] baseline budget=524288 density seed=1009 -> oom
[192/1024] baseline budget=524288 density seed=9973 -> oom
[193/1024] baseline budget=1048576 churn seed=1 -> oom
[194/1024] baseline budget=1048576 churn seed=7 -> oom
[195/1024] baseline budget=1048576 churn seed=13 -> oom
[196/1024] baseline budget=1048576 churn seed=42 -> oom
[197/1024] baseline budget=1048576 churn seed=101 -> oom
[198/1024] baseline budget=1048576 churn seed=271 -> oom
[199/1024] baseline budget=1048576 churn seed=1009 -> oom
[200/1024] baseline budget=1048576 churn seed=9973 -> oom
[201/1024] baseline budget=1048576 longlived seed=1 -> oom
[202/1024] baseline budget=1048576 longlived seed=7 -> oom
[203/1024] baseline budget=1048576 longlived seed=13 -> oom
[204/1024] baseline budget=1048576 longlived seed=42 -> oom
[205/1024] baseline budget=1048576 longlived seed=101 -> oom
[206/1024] baseline budget=1048576 longlived seed=271 -> oom
[207/1024] baseline budget=1048576 longlived seed=1009 -> oom
[208/1024] baseline budget=1048576 longlived seed=9973 -> oom
[209/1024] baseline budget=1048576 mutate seed=1 -> oom
[210/1024] baseline budget=1048576 mutate seed=7 -> oom
[211/1024] baseline budget=1048576 mutate seed=13 -> oom
[212/1024] baseline budget=1048576 mutate seed=42 -> oom
[213/1024] baseline budget=1048576 mutate seed=101 -> oom
[214/1024] baseline budget=1048576 mutate seed=271 -> oom
[215/1024] baseline budget=1048576 mutate seed=1009 -> oom
[216/1024] baseline budget=1048576 mutate seed=9973 -> oom
[217/1024] baseline budget=1048576 density seed=1 -> oom
[218/1024] baseline budget=1048576 density seed=7 -> oom
[219/1024] baseline budget=1048576 density seed=13 -> oom
[220/1024] baseline budget=1048576 density seed=42 -> oom
[221/1024] baseline budget=1048576 density seed=101 -> oom
[222/1024] baseline budget=1048576 density seed=271 -> oom
[223/1024] baseline budget=1048576 density seed=1009 -> oom
[224/1024] baseline budget=1048576 density seed=9973 -> oom
[225/1024] baseline budget=8388608 churn seed=1 -> ok
[226/1024] baseline budget=8388608 churn seed=7 -> ok
[227/1024] baseline budget=8388608 churn seed=13 -> ok
[228/1024] baseline budget=8388608 churn seed=42 -> ok
[229/1024] baseline budget=8388608 churn seed=101 -> ok
[230/1024] baseline budget=8388608 churn seed=271 -> ok
[231/1024] baseline budget=8388608 churn seed=1009 -> ok
[232/1024] baseline budget=8388608 churn seed=9973 -> ok
[233/1024] baseline budget=8388608 longlived seed=1 -> ok
[234/1024] baseline budget=8388608 longlived seed=7 -> ok
[235/1024] baseline budget=8388608 longlived seed=13 -> ok
[236/1024] baseline budget=8388608 longlived seed=42 -> ok
[237/1024] baseline budget=8388608 longlived seed=101 -> ok
[238/1024] baseline budget=8388608 longlived seed=271 -> ok
[239/1024] baseline budget=8388608 longlived seed=1009 -> ok
[240/1024] baseline budget=8388608 longlived seed=9973 -> ok
[241/1024] baseline budget=8388608 mutate seed=1 -> ok
[242/1024] baseline budget=8388608 mutate seed=7 -> ok
[243/1024] baseline budget=8388608 mutate seed=13 -> ok
[244/1024] baseline budget=8388608 mutate seed=42 -> ok
[245/1024] baseline budget=8388608 mutate seed=101 -> ok
[246/1024] baseline budget=8388608 mutate seed=271 -> ok
[247/1024] baseline budget=8388608 mutate seed=1009 -> ok
[248/1024] baseline budget=8388608 mutate seed=9973 -> ok
[249/1024] baseline budget=8388608 density seed=1 -> ok
[250/1024] baseline budget=8388608 density seed=7 -> ok
[251/1024] baseline budget=8388608 density seed=13 -> ok
[252/1024] baseline budget=8388608 density seed=42 -> ok
[253/1024] baseline budget=8388608 density seed=101 -> ok
[254/1024] baseline budget=8388608 density seed=271 -> ok
[255/1024] baseline budget=8388608 density seed=1009 -> ok
[256/1024] baseline budget=8388608 density seed=9973 -> ok
[257/1024] mark_sweep budget=16384 churn seed=1 -> ok
[258/1024] mark_sweep budget=16384 churn seed=7 -> ok
[259/1024] mark_sweep budget=16384 churn seed=13 -> ok
[260/1024] mark_sweep budget=16384 churn seed=42 -> ok
[261/1024] mark_sweep budget=16384 churn seed=101 -> ok
[262/1024] mark_sweep budget=16384 churn seed=271 -> ok
[263/1024] mark_sweep budget=16384 churn seed=1009 -> ok
[264/1024] mark_sweep budget=16384 churn seed=9973 -> ok
[265/1024] mark_sweep budget=16384 longlived seed=1 -> oom
[266/1024] mark_sweep budget=16384 longlived seed=7 -> oom
[267/1024] mark_sweep budget=16384 longlived seed=13 -> oom
[268/1024] mark_sweep budget=16384 longlived seed=42 -> oom
[269/1024] mark_sweep budget=16384 longlived seed=101 -> oom
[270/1024] mark_sweep budget=16384 longlived seed=271 -> oom
[271/1024] mark_sweep budget=16384 longlived seed=1009 -> oom
[272/1024] mark_sweep budget=16384 longlived seed=9973 -> oom
[273/1024] mark_sweep budget=16384 mutate seed=1 -> oom
[274/1024] mark_sweep budget=16384 mutate seed=7 -> oom
[275/1024] mark_sweep budget=16384 mutate seed=13 -> oom
[276/1024] mark_sweep budget=16384 mutate seed=42 -> oom
[277/1024] mark_sweep budget=16384 mutate seed=101 -> oom
[278/1024] mark_sweep budget=16384 mutate seed=271 -> oom
[279/1024] mark_sweep budget=16384 mutate seed=1009 -> oom
[280/1024] mark_sweep budget=16384 mutate seed=9973 -> oom
[281/1024] mark_sweep budget=16384 density seed=1 -> ok
[282/1024] mark_sweep budget=16384 density seed=7 -> ok
[283/1024] mark_sweep budget=16384 density seed=13 -> ok
[284/1024] mark_sweep budget=16384 density seed=42 -> ok
[285/1024] mark_sweep budget=16384 density seed=101 -> ok
[286/1024] mark_sweep budget=16384 density seed=271 -> ok
[287/1024] mark_sweep budget=16384 density seed=1009 -> ok
[288/1024] mark_sweep budget=16384 density seed=9973 -> ok
[289/1024] mark_sweep budget=32768 churn seed=1 -> ok
[290/1024] mark_sweep budget=32768 churn seed=7 -> ok
[291/1024] mark_sweep budget=32768 churn seed=13 -> ok
[292/1024] mark_sweep budget=32768 churn seed=42 -> ok
[293/1024] mark_sweep budget=32768 churn seed=101 -> ok
[294/1024] mark_sweep budget=32768 churn seed=271 -> ok
[295/1024] mark_sweep budget=32768 churn seed=1009 -> ok
[296/1024] mark_sweep budget=32768 churn seed=9973 -> ok
[297/1024] mark_sweep budget=32768 longlived seed=1 -> oom
[298/1024] mark_sweep budget=32768 longlived seed=7 -> oom
[299/1024] mark_sweep budget=32768 longlived seed=13 -> oom
[300/1024] mark_sweep budget=32768 longlived seed=42 -> oom
[301/1024] mark_sweep budget=32768 longlived seed=101 -> oom
[302/1024] mark_sweep budget=32768 longlived seed=271 -> oom
[303/1024] mark_sweep budget=32768 longlived seed=1009 -> oom
[304/1024] mark_sweep budget=32768 longlived seed=9973 -> oom
[305/1024] mark_sweep budget=32768 mutate seed=1 -> ok
[306/1024] mark_sweep budget=32768 mutate seed=7 -> ok
[307/1024] mark_sweep budget=32768 mutate seed=13 -> ok
[308/1024] mark_sweep budget=32768 mutate seed=42 -> ok
[309/1024] mark_sweep budget=32768 mutate seed=101 -> ok
[310/1024] mark_sweep budget=32768 mutate seed=271 -> ok
[311/1024] mark_sweep budget=32768 mutate seed=1009 -> ok
[312/1024] mark_sweep budget=32768 mutate seed=9973 -> ok
[313/1024] mark_sweep budget=32768 density seed=1 -> ok
[314/1024] mark_sweep budget=32768 density seed=7 -> ok
[315/1024] mark_sweep budget=32768 density seed=13 -> ok
[316/1024] mark_sweep budget=32768 density seed=42 -> ok
[317/1024] mark_sweep budget=32768 density seed=101 -> ok
[318/1024] mark_sweep budget=32768 density seed=271 -> ok
[319/1024] mark_sweep budget=32768 density seed=1009 -> ok
[320/1024] mark_sweep budget=32768 density seed=9973 -> ok
[321/1024] mark_sweep budget=65536 churn seed=1 -> ok
[322/1024] mark_sweep budget=65536 churn seed=7 -> ok
[323/1024] mark_sweep budget=65536 churn seed=13 -> ok
[324/1024] mark_sweep budget=65536 churn seed=42 -> ok
[325/1024] mark_sweep budget=65536 churn seed=101 -> ok
[326/1024] mark_sweep budget=65536 churn seed=271 -> ok
[327/1024] mark_sweep budget=65536 churn seed=1009 -> ok
[328/1024] mark_sweep budget=65536 churn seed=9973 -> ok
[329/1024] mark_sweep budget=65536 longlived seed=1 -> ok
[330/1024] mark_sweep budget=65536 longlived seed=7 -> ok
[331/1024] mark_sweep budget=65536 longlived seed=13 -> ok
[332/1024] mark_sweep budget=65536 longlived seed=42 -> ok
[333/1024] mark_sweep budget=65536 longlived seed=101 -> ok
[334/1024] mark_sweep budget=65536 longlived seed=271 -> ok
[335/1024] mark_sweep budget=65536 longlived seed=1009 -> ok
[336/1024] mark_sweep budget=65536 longlived seed=9973 -> ok
[337/1024] mark_sweep budget=65536 mutate seed=1 -> ok
[338/1024] mark_sweep budget=65536 mutate seed=7 -> ok
[339/1024] mark_sweep budget=65536 mutate seed=13 -> ok
[340/1024] mark_sweep budget=65536 mutate seed=42 -> ok
[341/1024] mark_sweep budget=65536 mutate seed=101 -> ok
[342/1024] mark_sweep budget=65536 mutate seed=271 -> ok
[343/1024] mark_sweep budget=65536 mutate seed=1009 -> ok
[344/1024] mark_sweep budget=65536 mutate seed=9973 -> ok
[345/1024] mark_sweep budget=65536 density seed=1 -> ok
[346/1024] mark_sweep budget=65536 density seed=7 -> ok
[347/1024] mark_sweep budget=65536 density seed=13 -> ok
[348/1024] mark_sweep budget=65536 density seed=42 -> ok
[349/1024] mark_sweep budget=65536 density seed=101 -> ok
[350/1024] mark_sweep budget=65536 density seed=271 -> ok
[351/1024] mark_sweep budget=65536 density seed=1009 -> ok
[352/1024] mark_sweep budget=65536 density seed=9973 -> ok
[353/1024] mark_sweep budget=131072 churn seed=1 -> ok
[354/1024] mark_sweep budget=131072 churn seed=7 -> ok
[355/1024] mark_sweep budget=131072 churn seed=13 -> ok
[356/1024] mark_sweep budget=131072 churn seed=42 -> ok
[357/1024] mark_sweep budget=131072 churn seed=101 -> ok
[358/1024] mark_sweep budget=131072 churn seed=271 -> ok
[359/1024] mark_sweep budget=131072 churn seed=1009 -> ok
[360/1024] mark_sweep budget=131072 churn seed=9973 -> ok
[361/1024] mark_sweep budget=131072 longlived seed=1 -> ok
[362/1024] mark_sweep budget=131072 longlived seed=7 -> ok
[363/1024] mark_sweep budget=131072 longlived seed=13 -> ok
[364/1024] mark_sweep budget=131072 longlived seed=42 -> ok
[365/1024] mark_sweep budget=131072 longlived seed=101 -> ok
[366/1024] mark_sweep budget=131072 longlived seed=271 -> ok
[367/1024] mark_sweep budget=131072 longlived seed=1009 -> ok
[368/1024] mark_sweep budget=131072 longlived seed=9973 -> ok
[369/1024] mark_sweep budget=131072 mutate seed=1 -> ok
[370/1024] mark_sweep budget=131072 mutate seed=7 -> ok
[371/1024] mark_sweep budget=131072 mutate seed=13 -> ok
[372/1024] mark_sweep budget=131072 mutate seed=42 -> ok
[373/1024] mark_sweep budget=131072 mutate seed=101 -> ok
[374/1024] mark_sweep budget=131072 mutate seed=271 -> ok
[375/1024] mark_sweep budget=131072 mutate seed=1009 -> ok
[376/1024] mark_sweep budget=131072 mutate seed=9973 -> ok
[377/1024] mark_sweep budget=131072 density seed=1 -> ok
[378/1024] mark_sweep budget=131072 density seed=7 -> ok
[379/1024] mark_sweep budget=131072 density seed=13 -> ok
[380/1024] mark_sweep budget=131072 density seed=42 -> ok
[381/1024] mark_sweep budget=131072 density seed=101 -> ok
[382/1024] mark_sweep budget=131072 density seed=271 -> ok
[383/1024] mark_sweep budget=131072 density seed=1009 -> ok
[384/1024] mark_sweep budget=131072 density seed=9973 -> ok
[385/1024] mark_sweep budget=262144 churn seed=1 -> ok
[386/1024] mark_sweep budget=262144 churn seed=7 -> ok
[387/1024] mark_sweep budget=262144 churn seed=13 -> ok
[388/1024] mark_sweep budget=262144 churn seed=42 -> ok
[389/1024] mark_sweep budget=262144 churn seed=101 -> ok
[390/1024] mark_sweep budget=262144 churn seed=271 -> ok
[391/1024] mark_sweep budget=262144 churn seed=1009 -> ok
[392/1024] mark_sweep budget=262144 churn seed=9973 -> ok
[393/1024] mark_sweep budget=262144 longlived seed=1 -> ok
[394/1024] mark_sweep budget=262144 longlived seed=7 -> ok
[395/1024] mark_sweep budget=262144 longlived seed=13 -> ok
[396/1024] mark_sweep budget=262144 longlived seed=42 -> ok
[397/1024] mark_sweep budget=262144 longlived seed=101 -> ok
[398/1024] mark_sweep budget=262144 longlived seed=271 -> ok
[399/1024] mark_sweep budget=262144 longlived seed=1009 -> ok
[400/1024] mark_sweep budget=262144 longlived seed=9973 -> ok
[401/1024] mark_sweep budget=262144 mutate seed=1 -> ok
[402/1024] mark_sweep budget=262144 mutate seed=7 -> ok
[403/1024] mark_sweep budget=262144 mutate seed=13 -> ok
[404/1024] mark_sweep budget=262144 mutate seed=42 -> ok
[405/1024] mark_sweep budget=262144 mutate seed=101 -> ok
[406/1024] mark_sweep budget=262144 mutate seed=271 -> ok
[407/1024] mark_sweep budget=262144 mutate seed=1009 -> ok
[408/1024] mark_sweep budget=262144 mutate seed=9973 -> ok
[409/1024] mark_sweep budget=262144 density seed=1 -> ok
[410/1024] mark_sweep budget=262144 density seed=7 -> ok
[411/1024] mark_sweep budget=262144 density seed=13 -> ok
[412/1024] mark_sweep budget=262144 density seed=42 -> ok
[413/1024] mark_sweep budget=262144 density seed=101 -> ok
[414/1024] mark_sweep budget=262144 density seed=271 -> ok
[415/1024] mark_sweep budget=262144 density seed=1009 -> ok
[416/1024] mark_sweep budget=262144 density seed=9973 -> ok
[417/1024] mark_sweep budget=524288 churn seed=1 -> ok
[418/1024] mark_sweep budget=524288 churn seed=7 -> ok
[419/1024] mark_sweep budget=524288 churn seed=13 -> ok
[420/1024] mark_sweep budget=524288 churn seed=42 -> ok
[421/1024] mark_sweep budget=524288 churn seed=101 -> ok
[422/1024] mark_sweep budget=524288 churn seed=271 -> ok
[423/1024] mark_sweep budget=524288 churn seed=1009 -> ok
[424/1024] mark_sweep budget=524288 churn seed=9973 -> ok
[425/1024] mark_sweep budget=524288 longlived seed=1 -> ok
[426/1024] mark_sweep budget=524288 longlived seed=7 -> ok
[427/1024] mark_sweep budget=524288 longlived seed=13 -> ok
[428/1024] mark_sweep budget=524288 longlived seed=42 -> ok
[429/1024] mark_sweep budget=524288 longlived seed=101 -> ok
[430/1024] mark_sweep budget=524288 longlived seed=271 -> ok
[431/1024] mark_sweep budget=524288 longlived seed=1009 -> ok
[432/1024] mark_sweep budget=524288 longlived seed=9973 -> ok
[433/1024] mark_sweep budget=524288 mutate seed=1 -> ok
[434/1024] mark_sweep budget=524288 mutate seed=7 -> ok
[435/1024] mark_sweep budget=524288 mutate seed=13 -> ok
[436/1024] mark_sweep budget=524288 mutate seed=42 -> ok
[437/1024] mark_sweep budget=524288 mutate seed=101 -> ok
[438/1024] mark_sweep budget=524288 mutate seed=271 -> ok
[439/1024] mark_sweep budget=524288 mutate seed=1009 -> ok
[440/1024] mark_sweep budget=524288 mutate seed=9973 -> ok
[441/1024] mark_sweep budget=524288 density seed=1 -> ok
[442/1024] mark_sweep budget=524288 density seed=7 -> ok
[443/1024] mark_sweep budget=524288 density seed=13 -> ok
[444/1024] mark_sweep budget=524288 density seed=42 -> ok
[445/1024] mark_sweep budget=524288 density seed=101 -> ok
[446/1024] mark_sweep budget=524288 density seed=271 -> ok
[447/1024] mark_sweep budget=524288 density seed=1009 -> ok
[448/1024] mark_sweep budget=524288 density seed=9973 -> ok
[449/1024] mark_sweep budget=1048576 churn seed=1 -> ok
[450/1024] mark_sweep budget=1048576 churn seed=7 -> ok
[451/1024] mark_sweep budget=1048576 churn seed=13 -> ok
[452/1024] mark_sweep budget=1048576 churn seed=42 -> ok
[453/1024] mark_sweep budget=1048576 churn seed=101 -> ok
[454/1024] mark_sweep budget=1048576 churn seed=271 -> ok
[455/1024] mark_sweep budget=1048576 churn seed=1009 -> ok
[456/1024] mark_sweep budget=1048576 churn seed=9973 -> ok
[457/1024] mark_sweep budget=1048576 longlived seed=1 -> ok
[458/1024] mark_sweep budget=1048576 longlived seed=7 -> ok
[459/1024] mark_sweep budget=1048576 longlived seed=13 -> ok
[460/1024] mark_sweep budget=1048576 longlived seed=42 -> ok
[461/1024] mark_sweep budget=1048576 longlived seed=101 -> ok
[462/1024] mark_sweep budget=1048576 longlived seed=271 -> ok
[463/1024] mark_sweep budget=1048576 longlived seed=1009 -> ok
[464/1024] mark_sweep budget=1048576 longlived seed=9973 -> ok
[465/1024] mark_sweep budget=1048576 mutate seed=1 -> ok
[466/1024] mark_sweep budget=1048576 mutate seed=7 -> ok
[467/1024] mark_sweep budget=1048576 mutate seed=13 -> ok
[468/1024] mark_sweep budget=1048576 mutate seed=42 -> ok
[469/1024] mark_sweep budget=1048576 mutate seed=101 -> ok
[470/1024] mark_sweep budget=1048576 mutate seed=271 -> ok
[471/1024] mark_sweep budget=1048576 mutate seed=1009 -> ok
[472/1024] mark_sweep budget=1048576 mutate seed=9973 -> ok
[473/1024] mark_sweep budget=1048576 density seed=1 -> ok
[474/1024] mark_sweep budget=1048576 density seed=7 -> ok
[475/1024] mark_sweep budget=1048576 density seed=13 -> ok
[476/1024] mark_sweep budget=1048576 density seed=42 -> ok
[477/1024] mark_sweep budget=1048576 density seed=101 -> ok
[478/1024] mark_sweep budget=1048576 density seed=271 -> ok
[479/1024] mark_sweep budget=1048576 density seed=1009 -> ok
[480/1024] mark_sweep budget=1048576 density seed=9973 -> ok
[481/1024] mark_sweep budget=8388608 churn seed=1 -> ok
[482/1024] mark_sweep budget=8388608 churn seed=7 -> ok
[483/1024] mark_sweep budget=8388608 churn seed=13 -> ok
[484/1024] mark_sweep budget=8388608 churn seed=42 -> ok
[485/1024] mark_sweep budget=8388608 churn seed=101 -> ok
[486/1024] mark_sweep budget=8388608 churn seed=271 -> ok
[487/1024] mark_sweep budget=8388608 churn seed=1009 -> ok
[488/1024] mark_sweep budget=8388608 churn seed=9973 -> ok
[489/1024] mark_sweep budget=8388608 longlived seed=1 -> ok
[490/1024] mark_sweep budget=8388608 longlived seed=7 -> ok
[491/1024] mark_sweep budget=8388608 longlived seed=13 -> ok
[492/1024] mark_sweep budget=8388608 longlived seed=42 -> ok
[493/1024] mark_sweep budget=8388608 longlived seed=101 -> ok
[494/1024] mark_sweep budget=8388608 longlived seed=271 -> ok
[495/1024] mark_sweep budget=8388608 longlived seed=1009 -> ok
[496/1024] mark_sweep budget=8388608 longlived seed=9973 -> ok
[497/1024] mark_sweep budget=8388608 mutate seed=1 -> ok
[498/1024] mark_sweep budget=8388608 mutate seed=7 -> ok
[499/1024] mark_sweep budget=8388608 mutate seed=13 -> ok
[500/1024] mark_sweep budget=8388608 mutate seed=42 -> ok
[501/1024] mark_sweep budget=8388608 mutate seed=101 -> ok
[502/1024] mark_sweep budget=8388608 mutate seed=271 -> ok
[503/1024] mark_sweep budget=8388608 mutate seed=1009 -> ok
[504/1024] mark_sweep budget=8388608 mutate seed=9973 -> ok
[505/1024] mark_sweep budget=8388608 density seed=1 -> ok
[506/1024] mark_sweep budget=8388608 density seed=7 -> ok
[507/1024] mark_sweep budget=8388608 density seed=13 -> ok
[508/1024] mark_sweep budget=8388608 density seed=42 -> ok
[509/1024] mark_sweep budget=8388608 density seed=101 -> ok
[510/1024] mark_sweep budget=8388608 density seed=271 -> ok
[511/1024] mark_sweep budget=8388608 density seed=1009 -> ok
[512/1024] mark_sweep budget=8388608 density seed=9973 -> ok
[513/1024] mark_compact budget=16384 churn seed=1 -> ok
[514/1024] mark_compact budget=16384 churn seed=7 -> ok
[515/1024] mark_compact budget=16384 churn seed=13 -> ok
[516/1024] mark_compact budget=16384 churn seed=42 -> ok
[517/1024] mark_compact budget=16384 churn seed=101 -> ok
[518/1024] mark_compact budget=16384 churn seed=271 -> ok
[519/1024] mark_compact budget=16384 churn seed=1009 -> ok
[520/1024] mark_compact budget=16384 churn seed=9973 -> ok
[521/1024] mark_compact budget=16384 longlived seed=1 -> oom
[522/1024] mark_compact budget=16384 longlived seed=7 -> oom
[523/1024] mark_compact budget=16384 longlived seed=13 -> oom
[524/1024] mark_compact budget=16384 longlived seed=42 -> oom
[525/1024] mark_compact budget=16384 longlived seed=101 -> oom
[526/1024] mark_compact budget=16384 longlived seed=271 -> oom
[527/1024] mark_compact budget=16384 longlived seed=1009 -> oom
[528/1024] mark_compact budget=16384 longlived seed=9973 -> oom
[529/1024] mark_compact budget=16384 mutate seed=1 -> oom
[530/1024] mark_compact budget=16384 mutate seed=7 -> oom
[531/1024] mark_compact budget=16384 mutate seed=13 -> oom
[532/1024] mark_compact budget=16384 mutate seed=42 -> oom
[533/1024] mark_compact budget=16384 mutate seed=101 -> oom
[534/1024] mark_compact budget=16384 mutate seed=271 -> ok
[535/1024] mark_compact budget=16384 mutate seed=1009 -> oom
[536/1024] mark_compact budget=16384 mutate seed=9973 -> oom
[537/1024] mark_compact budget=16384 density seed=1 -> ok
[538/1024] mark_compact budget=16384 density seed=7 -> ok
[539/1024] mark_compact budget=16384 density seed=13 -> ok
[540/1024] mark_compact budget=16384 density seed=42 -> ok
[541/1024] mark_compact budget=16384 density seed=101 -> ok
[542/1024] mark_compact budget=16384 density seed=271 -> ok
[543/1024] mark_compact budget=16384 density seed=1009 -> ok
[544/1024] mark_compact budget=16384 density seed=9973 -> ok
[545/1024] mark_compact budget=32768 churn seed=1 -> ok
[546/1024] mark_compact budget=32768 churn seed=7 -> ok
[547/1024] mark_compact budget=32768 churn seed=13 -> ok
[548/1024] mark_compact budget=32768 churn seed=42 -> ok
[549/1024] mark_compact budget=32768 churn seed=101 -> ok
[550/1024] mark_compact budget=32768 churn seed=271 -> ok
[551/1024] mark_compact budget=32768 churn seed=1009 -> ok
[552/1024] mark_compact budget=32768 churn seed=9973 -> ok
[553/1024] mark_compact budget=32768 longlived seed=1 -> oom
[554/1024] mark_compact budget=32768 longlived seed=7 -> oom
[555/1024] mark_compact budget=32768 longlived seed=13 -> oom
[556/1024] mark_compact budget=32768 longlived seed=42 -> oom
[557/1024] mark_compact budget=32768 longlived seed=101 -> oom
[558/1024] mark_compact budget=32768 longlived seed=271 -> oom
[559/1024] mark_compact budget=32768 longlived seed=1009 -> oom
[560/1024] mark_compact budget=32768 longlived seed=9973 -> oom
[561/1024] mark_compact budget=32768 mutate seed=1 -> ok
[562/1024] mark_compact budget=32768 mutate seed=7 -> ok
[563/1024] mark_compact budget=32768 mutate seed=13 -> ok
[564/1024] mark_compact budget=32768 mutate seed=42 -> ok
[565/1024] mark_compact budget=32768 mutate seed=101 -> ok
[566/1024] mark_compact budget=32768 mutate seed=271 -> ok
[567/1024] mark_compact budget=32768 mutate seed=1009 -> ok
[568/1024] mark_compact budget=32768 mutate seed=9973 -> ok
[569/1024] mark_compact budget=32768 density seed=1 -> ok
[570/1024] mark_compact budget=32768 density seed=7 -> ok
[571/1024] mark_compact budget=32768 density seed=13 -> ok
[572/1024] mark_compact budget=32768 density seed=42 -> ok
[573/1024] mark_compact budget=32768 density seed=101 -> ok
[574/1024] mark_compact budget=32768 density seed=271 -> ok
[575/1024] mark_compact budget=32768 density seed=1009 -> ok
[576/1024] mark_compact budget=32768 density seed=9973 -> ok
[577/1024] mark_compact budget=65536 churn seed=1 -> ok
[578/1024] mark_compact budget=65536 churn seed=7 -> ok
[579/1024] mark_compact budget=65536 churn seed=13 -> ok
[580/1024] mark_compact budget=65536 churn seed=42 -> ok
[581/1024] mark_compact budget=65536 churn seed=101 -> ok
[582/1024] mark_compact budget=65536 churn seed=271 -> ok
[583/1024] mark_compact budget=65536 churn seed=1009 -> ok
[584/1024] mark_compact budget=65536 churn seed=9973 -> ok
[585/1024] mark_compact budget=65536 longlived seed=1 -> ok
[586/1024] mark_compact budget=65536 longlived seed=7 -> ok
[587/1024] mark_compact budget=65536 longlived seed=13 -> ok
[588/1024] mark_compact budget=65536 longlived seed=42 -> ok
[589/1024] mark_compact budget=65536 longlived seed=101 -> ok
[590/1024] mark_compact budget=65536 longlived seed=271 -> ok
[591/1024] mark_compact budget=65536 longlived seed=1009 -> ok
[592/1024] mark_compact budget=65536 longlived seed=9973 -> ok
[593/1024] mark_compact budget=65536 mutate seed=1 -> ok
[594/1024] mark_compact budget=65536 mutate seed=7 -> ok
[595/1024] mark_compact budget=65536 mutate seed=13 -> ok
[596/1024] mark_compact budget=65536 mutate seed=42 -> ok
[597/1024] mark_compact budget=65536 mutate seed=101 -> ok
[598/1024] mark_compact budget=65536 mutate seed=271 -> ok
[599/1024] mark_compact budget=65536 mutate seed=1009 -> ok
[600/1024] mark_compact budget=65536 mutate seed=9973 -> ok
[601/1024] mark_compact budget=65536 density seed=1 -> ok
[602/1024] mark_compact budget=65536 density seed=7 -> ok
[603/1024] mark_compact budget=65536 density seed=13 -> ok
[604/1024] mark_compact budget=65536 density seed=42 -> ok
[605/1024] mark_compact budget=65536 density seed=101 -> ok
[606/1024] mark_compact budget=65536 density seed=271 -> ok
[607/1024] mark_compact budget=65536 density seed=1009 -> ok
[608/1024] mark_compact budget=65536 density seed=9973 -> ok
[609/1024] mark_compact budget=131072 churn seed=1 -> ok
[610/1024] mark_compact budget=131072 churn seed=7 -> ok
[611/1024] mark_compact budget=131072 churn seed=13 -> ok
[612/1024] mark_compact budget=131072 churn seed=42 -> ok
[613/1024] mark_compact budget=131072 churn seed=101 -> ok
[614/1024] mark_compact budget=131072 churn seed=271 -> ok
[615/1024] mark_compact budget=131072 churn seed=1009 -> ok
[616/1024] mark_compact budget=131072 churn seed=9973 -> ok
[617/1024] mark_compact budget=131072 longlived seed=1 -> ok
[618/1024] mark_compact budget=131072 longlived seed=7 -> ok
[619/1024] mark_compact budget=131072 longlived seed=13 -> ok
[620/1024] mark_compact budget=131072 longlived seed=42 -> ok
[621/1024] mark_compact budget=131072 longlived seed=101 -> ok
[622/1024] mark_compact budget=131072 longlived seed=271 -> ok
[623/1024] mark_compact budget=131072 longlived seed=1009 -> ok
[624/1024] mark_compact budget=131072 longlived seed=9973 -> ok
[625/1024] mark_compact budget=131072 mutate seed=1 -> ok
[626/1024] mark_compact budget=131072 mutate seed=7 -> ok
[627/1024] mark_compact budget=131072 mutate seed=13 -> ok
[628/1024] mark_compact budget=131072 mutate seed=42 -> ok
[629/1024] mark_compact budget=131072 mutate seed=101 -> ok
[630/1024] mark_compact budget=131072 mutate seed=271 -> ok
[631/1024] mark_compact budget=131072 mutate seed=1009 -> ok
[632/1024] mark_compact budget=131072 mutate seed=9973 -> ok
[633/1024] mark_compact budget=131072 density seed=1 -> ok
[634/1024] mark_compact budget=131072 density seed=7 -> ok
[635/1024] mark_compact budget=131072 density seed=13 -> ok
[636/1024] mark_compact budget=131072 density seed=42 -> ok
[637/1024] mark_compact budget=131072 density seed=101 -> ok
[638/1024] mark_compact budget=131072 density seed=271 -> ok
[639/1024] mark_compact budget=131072 density seed=1009 -> ok
[640/1024] mark_compact budget=131072 density seed=9973 -> ok
[641/1024] mark_compact budget=262144 churn seed=1 -> ok
[642/1024] mark_compact budget=262144 churn seed=7 -> ok
[643/1024] mark_compact budget=262144 churn seed=13 -> ok
[644/1024] mark_compact budget=262144 churn seed=42 -> ok
[645/1024] mark_compact budget=262144 churn seed=101 -> ok
[646/1024] mark_compact budget=262144 churn seed=271 -> ok
[647/1024] mark_compact budget=262144 churn seed=1009 -> ok
[648/1024] mark_compact budget=262144 churn seed=9973 -> ok
[649/1024] mark_compact budget=262144 longlived seed=1 -> ok
[650/1024] mark_compact budget=262144 longlived seed=7 -> ok
[651/1024] mark_compact budget=262144 longlived seed=13 -> ok
[652/1024] mark_compact budget=262144 longlived seed=42 -> ok
[653/1024] mark_compact budget=262144 longlived seed=101 -> ok
[654/1024] mark_compact budget=262144 longlived seed=271 -> ok
[655/1024] mark_compact budget=262144 longlived seed=1009 -> ok
[656/1024] mark_compact budget=262144 longlived seed=9973 -> ok
[657/1024] mark_compact budget=262144 mutate seed=1 -> ok
[658/1024] mark_compact budget=262144 mutate seed=7 -> ok
[659/1024] mark_compact budget=262144 mutate seed=13 -> ok
[660/1024] mark_compact budget=262144 mutate seed=42 -> ok
[661/1024] mark_compact budget=262144 mutate seed=101 -> ok
[662/1024] mark_compact budget=262144 mutate seed=271 -> ok
[663/1024] mark_compact budget=262144 mutate seed=1009 -> ok
[664/1024] mark_compact budget=262144 mutate seed=9973 -> ok
[665/1024] mark_compact budget=262144 density seed=1 -> ok
[666/1024] mark_compact budget=262144 density seed=7 -> ok
[667/1024] mark_compact budget=262144 density seed=13 -> ok
[668/1024] mark_compact budget=262144 density seed=42 -> ok
[669/1024] mark_compact budget=262144 density seed=101 -> ok
[670/1024] mark_compact budget=262144 density seed=271 -> ok
[671/1024] mark_compact budget=262144 density seed=1009 -> ok
[672/1024] mark_compact budget=262144 density seed=9973 -> ok
[673/1024] mark_compact budget=524288 churn seed=1 -> ok
[674/1024] mark_compact budget=524288 churn seed=7 -> ok
[675/1024] mark_compact budget=524288 churn seed=13 -> ok
[676/1024] mark_compact budget=524288 churn seed=42 -> ok
[677/1024] mark_compact budget=524288 churn seed=101 -> ok
[678/1024] mark_compact budget=524288 churn seed=271 -> ok
[679/1024] mark_compact budget=524288 churn seed=1009 -> ok
[680/1024] mark_compact budget=524288 churn seed=9973 -> ok
[681/1024] mark_compact budget=524288 longlived seed=1 -> ok
[682/1024] mark_compact budget=524288 longlived seed=7 -> ok
[683/1024] mark_compact budget=524288 longlived seed=13 -> ok
[684/1024] mark_compact budget=524288 longlived seed=42 -> ok
[685/1024] mark_compact budget=524288 longlived seed=101 -> ok
[686/1024] mark_compact budget=524288 longlived seed=271 -> ok
[687/1024] mark_compact budget=524288 longlived seed=1009 -> ok
[688/1024] mark_compact budget=524288 longlived seed=9973 -> ok
[689/1024] mark_compact budget=524288 mutate seed=1 -> ok
[690/1024] mark_compact budget=524288 mutate seed=7 -> ok
[691/1024] mark_compact budget=524288 mutate seed=13 -> ok
[692/1024] mark_compact budget=524288 mutate seed=42 -> ok
[693/1024] mark_compact budget=524288 mutate seed=101 -> ok
[694/1024] mark_compact budget=524288 mutate seed=271 -> ok
[695/1024] mark_compact budget=524288 mutate seed=1009 -> ok
[696/1024] mark_compact budget=524288 mutate seed=9973 -> ok
[697/1024] mark_compact budget=524288 density seed=1 -> ok
[698/1024] mark_compact budget=524288 density seed=7 -> ok
[699/1024] mark_compact budget=524288 density seed=13 -> ok
[700/1024] mark_compact budget=524288 density seed=42 -> ok
[701/1024] mark_compact budget=524288 density seed=101 -> ok
[702/1024] mark_compact budget=524288 density seed=271 -> ok
[703/1024] mark_compact budget=524288 density seed=1009 -> ok
[704/1024] mark_compact budget=524288 density seed=9973 -> ok
[705/1024] mark_compact budget=1048576 churn seed=1 -> ok
[706/1024] mark_compact budget=1048576 churn seed=7 -> ok
[707/1024] mark_compact budget=1048576 churn seed=13 -> ok
[708/1024] mark_compact budget=1048576 churn seed=42 -> ok
[709/1024] mark_compact budget=1048576 churn seed=101 -> ok
[710/1024] mark_compact budget=1048576 churn seed=271 -> ok
[711/1024] mark_compact budget=1048576 churn seed=1009 -> ok
[712/1024] mark_compact budget=1048576 churn seed=9973 -> ok
[713/1024] mark_compact budget=1048576 longlived seed=1 -> ok
[714/1024] mark_compact budget=1048576 longlived seed=7 -> ok
[715/1024] mark_compact budget=1048576 longlived seed=13 -> ok
[716/1024] mark_compact budget=1048576 longlived seed=42 -> ok
[717/1024] mark_compact budget=1048576 longlived seed=101 -> ok
[718/1024] mark_compact budget=1048576 longlived seed=271 -> ok
[719/1024] mark_compact budget=1048576 longlived seed=1009 -> ok
[720/1024] mark_compact budget=1048576 longlived seed=9973 -> ok
[721/1024] mark_compact budget=1048576 mutate seed=1 -> ok
[722/1024] mark_compact budget=1048576 mutate seed=7 -> ok
[723/1024] mark_compact budget=1048576 mutate seed=13 -> ok
[724/1024] mark_compact budget=1048576 mutate seed=42 -> ok
[725/1024] mark_compact budget=1048576 mutate seed=101 -> ok
[726/1024] mark_compact budget=1048576 mutate seed=271 -> ok
[727/1024] mark_compact budget=1048576 mutate seed=1009 -> ok
[728/1024] mark_compact budget=1048576 mutate seed=9973 -> ok
[729/1024] mark_compact budget=1048576 density seed=1 -> ok
[730/1024] mark_compact budget=1048576 density seed=7 -> ok
[731/1024] mark_compact budget=1048576 density seed=13 -> ok
[732/1024] mark_compact budget=1048576 density seed=42 -> ok
[733/1024] mark_compact budget=1048576 density seed=101 -> ok
[734/1024] mark_compact budget=1048576 density seed=271 -> ok
[735/1024] mark_compact budget=1048576 density seed=1009 -> ok
[736/1024] mark_compact budget=1048576 density seed=9973 -> ok
[737/1024] mark_compact budget=8388608 churn seed=1 -> ok
[738/1024] mark_compact budget=8388608 churn seed=7 -> ok
[739/1024] mark_compact budget=8388608 churn seed=13 -> ok
[740/1024] mark_compact budget=8388608 churn seed=42 -> ok
[741/1024] mark_compact budget=8388608 churn seed=101 -> ok
[742/1024] mark_compact budget=8388608 churn seed=271 -> ok
[743/1024] mark_compact budget=8388608 churn seed=1009 -> ok
[744/1024] mark_compact budget=8388608 churn seed=9973 -> ok
[745/1024] mark_compact budget=8388608 longlived seed=1 -> ok
[746/1024] mark_compact budget=8388608 longlived seed=7 -> ok
[747/1024] mark_compact budget=8388608 longlived seed=13 -> ok
[748/1024] mark_compact budget=8388608 longlived seed=42 -> ok
[749/1024] mark_compact budget=8388608 longlived seed=101 -> ok
[750/1024] mark_compact budget=8388608 longlived seed=271 -> ok
[751/1024] mark_compact budget=8388608 longlived seed=1009 -> ok
[752/1024] mark_compact budget=8388608 longlived seed=9973 -> ok
[753/1024] mark_compact budget=8388608 mutate seed=1 -> ok
[754/1024] mark_compact budget=8388608 mutate seed=7 -> ok
[755/1024] mark_compact budget=8388608 mutate seed=13 -> ok
[756/1024] mark_compact budget=8388608 mutate seed=42 -> ok
[757/1024] mark_compact budget=8388608 mutate seed=101 -> ok
[758/1024] mark_compact budget=8388608 mutate seed=271 -> ok
[759/1024] mark_compact budget=8388608 mutate seed=1009 -> ok
[760/1024] mark_compact budget=8388608 mutate seed=9973 -> ok
[761/1024] mark_compact budget=8388608 density seed=1 -> ok
[762/1024] mark_compact budget=8388608 density seed=7 -> ok
[763/1024] mark_compact budget=8388608 density seed=13 -> ok
[764/1024] mark_compact budget=8388608 density seed=42 -> ok
[765/1024] mark_compact budget=8388608 density seed=101 -> ok
[766/1024] mark_compact budget=8388608 density seed=271 -> ok
[767/1024] mark_compact budget=8388608 density seed=1009 -> ok
[768/1024] mark_compact budget=8388608 density seed=9973 -> ok
[769/1024] cheney budget=16384 churn seed=1 -> ok
[770/1024] cheney budget=16384 churn seed=7 -> ok
[771/1024] cheney budget=16384 churn seed=13 -> ok
[772/1024] cheney budget=16384 churn seed=42 -> ok
[773/1024] cheney budget=16384 churn seed=101 -> ok
[774/1024] cheney budget=16384 churn seed=271 -> ok
[775/1024] cheney budget=16384 churn seed=1009 -> ok
[776/1024] cheney budget=16384 churn seed=9973 -> ok
[777/1024] cheney budget=16384 longlived seed=1 -> oom
[778/1024] cheney budget=16384 longlived seed=7 -> oom
[779/1024] cheney budget=16384 longlived seed=13 -> oom
[780/1024] cheney budget=16384 longlived seed=42 -> oom
[781/1024] cheney budget=16384 longlived seed=101 -> oom
[782/1024] cheney budget=16384 longlived seed=271 -> oom
[783/1024] cheney budget=16384 longlived seed=1009 -> oom
[784/1024] cheney budget=16384 longlived seed=9973 -> oom
[785/1024] cheney budget=16384 mutate seed=1 -> oom
[786/1024] cheney budget=16384 mutate seed=7 -> oom
[787/1024] cheney budget=16384 mutate seed=13 -> oom
[788/1024] cheney budget=16384 mutate seed=42 -> oom
[789/1024] cheney budget=16384 mutate seed=101 -> oom
[790/1024] cheney budget=16384 mutate seed=271 -> oom
[791/1024] cheney budget=16384 mutate seed=1009 -> oom
[792/1024] cheney budget=16384 mutate seed=9973 -> oom
[793/1024] cheney budget=16384 density seed=1 -> ok
[794/1024] cheney budget=16384 density seed=7 -> ok
[795/1024] cheney budget=16384 density seed=13 -> ok
[796/1024] cheney budget=16384 density seed=42 -> ok
[797/1024] cheney budget=16384 density seed=101 -> ok
[798/1024] cheney budget=16384 density seed=271 -> ok
[799/1024] cheney budget=16384 density seed=1009 -> oom
[800/1024] cheney budget=16384 density seed=9973 -> ok
[801/1024] cheney budget=32768 churn seed=1 -> ok
[802/1024] cheney budget=32768 churn seed=7 -> ok
[803/1024] cheney budget=32768 churn seed=13 -> ok
[804/1024] cheney budget=32768 churn seed=42 -> ok
[805/1024] cheney budget=32768 churn seed=101 -> ok
[806/1024] cheney budget=32768 churn seed=271 -> ok
[807/1024] cheney budget=32768 churn seed=1009 -> ok
[808/1024] cheney budget=32768 churn seed=9973 -> ok
[809/1024] cheney budget=32768 longlived seed=1 -> oom
[810/1024] cheney budget=32768 longlived seed=7 -> oom
[811/1024] cheney budget=32768 longlived seed=13 -> oom
[812/1024] cheney budget=32768 longlived seed=42 -> oom
[813/1024] cheney budget=32768 longlived seed=101 -> oom
[814/1024] cheney budget=32768 longlived seed=271 -> oom
[815/1024] cheney budget=32768 longlived seed=1009 -> oom
[816/1024] cheney budget=32768 longlived seed=9973 -> oom
[817/1024] cheney budget=32768 mutate seed=1 -> oom
[818/1024] cheney budget=32768 mutate seed=7 -> oom
[819/1024] cheney budget=32768 mutate seed=13 -> oom
[820/1024] cheney budget=32768 mutate seed=42 -> oom
[821/1024] cheney budget=32768 mutate seed=101 -> oom
[822/1024] cheney budget=32768 mutate seed=271 -> ok
[823/1024] cheney budget=32768 mutate seed=1009 -> oom
[824/1024] cheney budget=32768 mutate seed=9973 -> oom
[825/1024] cheney budget=32768 density seed=1 -> ok
[826/1024] cheney budget=32768 density seed=7 -> ok
[827/1024] cheney budget=32768 density seed=13 -> ok
[828/1024] cheney budget=32768 density seed=42 -> ok
[829/1024] cheney budget=32768 density seed=101 -> ok
[830/1024] cheney budget=32768 density seed=271 -> ok
[831/1024] cheney budget=32768 density seed=1009 -> ok
[832/1024] cheney budget=32768 density seed=9973 -> ok
[833/1024] cheney budget=65536 churn seed=1 -> ok
[834/1024] cheney budget=65536 churn seed=7 -> ok
[835/1024] cheney budget=65536 churn seed=13 -> ok
[836/1024] cheney budget=65536 churn seed=42 -> ok
[837/1024] cheney budget=65536 churn seed=101 -> ok
[838/1024] cheney budget=65536 churn seed=271 -> ok
[839/1024] cheney budget=65536 churn seed=1009 -> ok
[840/1024] cheney budget=65536 churn seed=9973 -> ok
[841/1024] cheney budget=65536 longlived seed=1 -> oom
[842/1024] cheney budget=65536 longlived seed=7 -> oom
[843/1024] cheney budget=65536 longlived seed=13 -> oom
[844/1024] cheney budget=65536 longlived seed=42 -> oom
[845/1024] cheney budget=65536 longlived seed=101 -> oom
[846/1024] cheney budget=65536 longlived seed=271 -> oom
[847/1024] cheney budget=65536 longlived seed=1009 -> oom
[848/1024] cheney budget=65536 longlived seed=9973 -> oom
[849/1024] cheney budget=65536 mutate seed=1 -> ok
[850/1024] cheney budget=65536 mutate seed=7 -> ok
[851/1024] cheney budget=65536 mutate seed=13 -> ok
[852/1024] cheney budget=65536 mutate seed=42 -> ok
[853/1024] cheney budget=65536 mutate seed=101 -> ok
[854/1024] cheney budget=65536 mutate seed=271 -> ok
[855/1024] cheney budget=65536 mutate seed=1009 -> ok
[856/1024] cheney budget=65536 mutate seed=9973 -> ok
[857/1024] cheney budget=65536 density seed=1 -> ok
[858/1024] cheney budget=65536 density seed=7 -> ok
[859/1024] cheney budget=65536 density seed=13 -> ok
[860/1024] cheney budget=65536 density seed=42 -> ok
[861/1024] cheney budget=65536 density seed=101 -> ok
[862/1024] cheney budget=65536 density seed=271 -> ok
[863/1024] cheney budget=65536 density seed=1009 -> ok
[864/1024] cheney budget=65536 density seed=9973 -> ok
[865/1024] cheney budget=131072 churn seed=1 -> ok
[866/1024] cheney budget=131072 churn seed=7 -> ok
[867/1024] cheney budget=131072 churn seed=13 -> ok
[868/1024] cheney budget=131072 churn seed=42 -> ok
[869/1024] cheney budget=131072 churn seed=101 -> ok
[870/1024] cheney budget=131072 churn seed=271 -> ok
[871/1024] cheney budget=131072 churn seed=1009 -> ok
[872/1024] cheney budget=131072 churn seed=9973 -> ok
[873/1024] cheney budget=131072 longlived seed=1 -> ok
[874/1024] cheney budget=131072 longlived seed=7 -> ok
[875/1024] cheney budget=131072 longlived seed=13 -> ok
[876/1024] cheney budget=131072 longlived seed=42 -> ok
[877/1024] cheney budget=131072 longlived seed=101 -> ok
[878/1024] cheney budget=131072 longlived seed=271 -> ok
[879/1024] cheney budget=131072 longlived seed=1009 -> ok
[880/1024] cheney budget=131072 longlived seed=9973 -> ok
[881/1024] cheney budget=131072 mutate seed=1 -> ok
[882/1024] cheney budget=131072 mutate seed=7 -> ok
[883/1024] cheney budget=131072 mutate seed=13 -> ok
[884/1024] cheney budget=131072 mutate seed=42 -> ok
[885/1024] cheney budget=131072 mutate seed=101 -> ok
[886/1024] cheney budget=131072 mutate seed=271 -> ok
[887/1024] cheney budget=131072 mutate seed=1009 -> ok
[888/1024] cheney budget=131072 mutate seed=9973 -> ok
[889/1024] cheney budget=131072 density seed=1 -> ok
[890/1024] cheney budget=131072 density seed=7 -> ok
[891/1024] cheney budget=131072 density seed=13 -> ok
[892/1024] cheney budget=131072 density seed=42 -> ok
[893/1024] cheney budget=131072 density seed=101 -> ok
[894/1024] cheney budget=131072 density seed=271 -> ok
[895/1024] cheney budget=131072 density seed=1009 -> ok
[896/1024] cheney budget=131072 density seed=9973 -> ok
[897/1024] cheney budget=262144 churn seed=1 -> ok
[898/1024] cheney budget=262144 churn seed=7 -> ok
[899/1024] cheney budget=262144 churn seed=13 -> ok
[900/1024] cheney budget=262144 churn seed=42 -> ok
[901/1024] cheney budget=262144 churn seed=101 -> ok
[902/1024] cheney budget=262144 churn seed=271 -> ok
[903/1024] cheney budget=262144 churn seed=1009 -> ok
[904/1024] cheney budget=262144 churn seed=9973 -> ok
[905/1024] cheney budget=262144 longlived seed=1 -> ok
[906/1024] cheney budget=262144 longlived seed=7 -> ok
[907/1024] cheney budget=262144 longlived seed=13 -> ok
[908/1024] cheney budget=262144 longlived seed=42 -> ok
[909/1024] cheney budget=262144 longlived seed=101 -> ok
[910/1024] cheney budget=262144 longlived seed=271 -> ok
[911/1024] cheney budget=262144 longlived seed=1009 -> ok
[912/1024] cheney budget=262144 longlived seed=9973 -> ok
[913/1024] cheney budget=262144 mutate seed=1 -> ok
[914/1024] cheney budget=262144 mutate seed=7 -> ok
[915/1024] cheney budget=262144 mutate seed=13 -> ok
[916/1024] cheney budget=262144 mutate seed=42 -> ok
[917/1024] cheney budget=262144 mutate seed=101 -> ok
[918/1024] cheney budget=262144 mutate seed=271 -> ok
[919/1024] cheney budget=262144 mutate seed=1009 -> ok
[920/1024] cheney budget=262144 mutate seed=9973 -> ok
[921/1024] cheney budget=262144 density seed=1 -> ok
[922/1024] cheney budget=262144 density seed=7 -> ok
[923/1024] cheney budget=262144 density seed=13 -> ok
[924/1024] cheney budget=262144 density seed=42 -> ok
[925/1024] cheney budget=262144 density seed=101 -> ok
[926/1024] cheney budget=262144 density seed=271 -> ok
[927/1024] cheney budget=262144 density seed=1009 -> ok
[928/1024] cheney budget=262144 density seed=9973 -> ok
[929/1024] cheney budget=524288 churn seed=1 -> ok
[930/1024] cheney budget=524288 churn seed=7 -> ok
[931/1024] cheney budget=524288 churn seed=13 -> ok
[932/1024] cheney budget=524288 churn seed=42 -> ok
[933/1024] cheney budget=524288 churn seed=101 -> ok
[934/1024] cheney budget=524288 churn seed=271 -> ok
[935/1024] cheney budget=524288 churn seed=1009 -> ok
[936/1024] cheney budget=524288 churn seed=9973 -> ok
[937/1024] cheney budget=524288 longlived seed=1 -> ok
[938/1024] cheney budget=524288 longlived seed=7 -> ok
[939/1024] cheney budget=524288 longlived seed=13 -> ok
[940/1024] cheney budget=524288 longlived seed=42 -> ok
[941/1024] cheney budget=524288 longlived seed=101 -> ok
[942/1024] cheney budget=524288 longlived seed=271 -> ok
[943/1024] cheney budget=524288 longlived seed=1009 -> ok
[944/1024] cheney budget=524288 longlived seed=9973 -> ok
[945/1024] cheney budget=524288 mutate seed=1 -> ok
[946/1024] cheney budget=524288 mutate seed=7 -> ok
[947/1024] cheney budget=524288 mutate seed=13 -> ok
[948/1024] cheney budget=524288 mutate seed=42 -> ok
[949/1024] cheney budget=524288 mutate seed=101 -> ok
[950/1024] cheney budget=524288 mutate seed=271 -> ok
[951/1024] cheney budget=524288 mutate seed=1009 -> ok
[952/1024] cheney budget=524288 mutate seed=9973 -> ok
[953/1024] cheney budget=524288 density seed=1 -> ok
[954/1024] cheney budget=524288 density seed=7 -> ok
[955/1024] cheney budget=524288 density seed=13 -> ok
[956/1024] cheney budget=524288 density seed=42 -> ok
[957/1024] cheney budget=524288 density seed=101 -> ok
[958/1024] cheney budget=524288 density seed=271 -> ok
[959/1024] cheney budget=524288 density seed=1009 -> ok
[960/1024] cheney budget=524288 density seed=9973 -> ok
[961/1024] cheney budget=1048576 churn seed=1 -> ok
[962/1024] cheney budget=1048576 churn seed=7 -> ok
[963/1024] cheney budget=1048576 churn seed=13 -> ok
[964/1024] cheney budget=1048576 churn seed=42 -> ok
[965/1024] cheney budget=1048576 churn seed=101 -> ok
[966/1024] cheney budget=1048576 churn seed=271 -> ok
[967/1024] cheney budget=1048576 churn seed=1009 -> ok
[968/1024] cheney budget=1048576 churn seed=9973 -> ok
[969/1024] cheney budget=1048576 longlived seed=1 -> ok
[970/1024] cheney budget=1048576 longlived seed=7 -> ok
[971/1024] cheney budget=1048576 longlived seed=13 -> ok
[972/1024] cheney budget=1048576 longlived seed=42 -> ok
[973/1024] cheney budget=1048576 longlived seed=101 -> ok
[974/1024] cheney budget=1048576 longlived seed=271 -> ok
[975/1024] cheney budget=1048576 longlived seed=1009 -> ok
[976/1024] cheney budget=1048576 longlived seed=9973 -> ok
[977/1024] cheney budget=1048576 mutate seed=1 -> ok
[978/1024] cheney budget=1048576 mutate seed=7 -> ok
[979/1024] cheney budget=1048576 mutate seed=13 -> ok
[980/1024] cheney budget=1048576 mutate seed=42 -> ok
[981/1024] cheney budget=1048576 mutate seed=101 -> ok
[982/1024] cheney budget=1048576 mutate seed=271 -> ok
[983/1024] cheney budget=1048576 mutate seed=1009 -> ok
[984/1024] cheney budget=1048576 mutate seed=9973 -> ok
[985/1024] cheney budget=1048576 density seed=1 -> ok
[986/1024] cheney budget=1048576 density seed=7 -> ok
[987/1024] cheney budget=1048576 density seed=13 -> ok
[988/1024] cheney budget=1048576 density seed=42 -> ok
[989/1024] cheney budget=1048576 density seed=101 -> ok
[990/1024] cheney budget=1048576 density seed=271 -> ok
[991/1024] cheney budget=1048576 density seed=1009 -> ok
[992/1024] cheney budget=1048576 density seed=9973 -> ok
[993/1024] cheney budget=8388608 churn seed=1 -> ok
[994/1024] cheney budget=8388608 churn seed=7 -> ok
[995/1024] cheney budget=8388608 churn seed=13 -> ok
[996/1024] cheney budget=8388608 churn seed=42 -> ok
[997/1024] cheney budget=8388608 churn seed=101 -> ok
[998/1024] cheney budget=8388608 churn seed=271 -> ok
[999/1024] cheney budget=8388608 churn seed=1009 -> ok
[1000/1024] cheney budget=8388608 churn seed=9973 -> ok
[1001/1024] cheney budget=8388608 longlived seed=1 -> ok
[1002/1024] cheney budget=8388608 longlived seed=7 -> ok
[1003/1024] cheney budget=8388608 longlived seed=13 -> ok
[1004/1024] cheney budget=8388608 longlived seed=42 -> ok
[1005/1024] cheney budget=8388608 longlived seed=101 -> ok
[1006/1024] cheney budget=8388608 longlived seed=271 -> ok
[1007/1024] cheney budget=8388608 longlived seed=1009 -> ok
[1008/1024] cheney budget=8388608 longlived seed=9973 -> ok
[1009/1024] cheney budget=8388608 mutate seed=1 -> ok
[1010/1024] cheney budget=8388608 mutate seed=7 -> ok
[1011/1024] cheney budget=8388608 mutate seed=13 -> ok
[1012/1024] cheney budget=8388608 mutate seed=42 -> ok
[1013/1024] cheney budget=8388608 mutate seed=101 -> ok
[1014/1024] cheney budget=8388608 mutate seed=271 -> ok
[1015/1024] cheney budget=8388608 mutate seed=1009 -> ok
[1016/1024] cheney budget=8388608 mutate seed=9973 -> ok
[1017/1024] cheney budget=8388608 density seed=1 -> ok
[1018/1024] cheney budget=8388608 density seed=7 -> ok
[1019/1024] cheney budget=8388608 density seed=13 -> ok
[1020/1024] cheney budget=8388608 density seed=42 -> ok
[1021/1024] cheney budget=8388608 density seed=101 -> ok
[1022/1024] cheney budget=8388608 density seed=271 -> ok
[1023/1024] cheney budget=8388608 density seed=1009 -> ok
[1024/1024] cheney budget=8388608 density seed=9973 -> ok
