reason: unexpected exit code -6
--- stdout ---
CHENEY GENERATOR!
--- stderr ---
alloc_pos 8
alloc_pos 1040
alloc_pos 1056
alloc_pos 1124
alloc_pos 1140
alloc_pos 1164
alloc_pos 1180
alloc_pos 1328
alloc_pos 1344
alloc_pos 1384
alloc_pos 1400
alloc_pos 1612
alloc_pos 1628
alloc_pos 1784
alloc_pos 1800
alloc_pos 1944
alloc_pos 1960
alloc_pos 2216
alloc_pos 2232
alloc_pos 2476
alloc_pos 2492
alloc_pos 2740
alloc_pos 2756
alloc_pos 2820
alloc_pos 2836
alloc_pos 2988
alloc_pos 3004
alloc_pos 3224
alloc_pos 3240
alloc_pos 3472
alloc_pos 3488
alloc_pos 3708
alloc_pos 3724
alloc_pos 3952
alloc_pos 3968
alloc_pos 4052
alloc_pos 4068
alloc_pos 4144
alloc_pos 4160
alloc_pos 4252
alloc_pos 4268
alloc_pos 4312
alloc_pos 4328
alloc_pos 4360
alloc_pos 4376
alloc_pos 4452
alloc_pos 4468
alloc_pos 4540
alloc_pos 4556
alloc_pos 4728
alloc_pos 4744
alloc_pos 4784
alloc_pos 4800
alloc_pos 4996
alloc_pos 5012
alloc_pos 5160
alloc_pos 5176
alloc_pos 5240
alloc_pos 5256
alloc_pos 5408
alloc_pos 5424
alloc_pos 5636
alloc_pos 5652
alloc_pos 5700
alloc_pos 5716
alloc_pos 5884
alloc_pos 5900
alloc_pos 6008
alloc_pos 6024
alloc_pos 6164
alloc_pos 6180
alloc_pos 6204
alloc_pos 6220
alloc_pos 6372
alloc_pos 6388
alloc_pos 6444
alloc_pos 6460
alloc_pos 6704
alloc_pos 6720
alloc_pos 6896
alloc_pos 6912
alloc_pos 7024
alloc_pos 7040
alloc_pos 7224
alloc_pos 7240
alloc_pos 7296
alloc_pos 7312
alloc_pos 7368
alloc_pos 7384
alloc_pos 7584
alloc_pos 7600
alloc_pos 7784
alloc_pos 7800
alloc_pos 7940
alloc_pos 7956
alloc_pos 8200
alloc_pos 8216
alloc_pos 8436
alloc_pos 8452
alloc_pos 8528
alloc_pos 8544
alloc_pos 8676
alloc_pos 8692
alloc_pos 8720
alloc_pos 8736
alloc_pos 8960
alloc_pos 8976
alloc_pos 9040
alloc_pos 9056
alloc_pos 9196
alloc_pos 9212
alloc_pos 9352
alloc_pos 9368
alloc_pos 9468
alloc_pos 9484
alloc_pos 9584
alloc_pos 9600
alloc_pos 9692
alloc_pos 9708
alloc_pos 9784
alloc_pos 9800
alloc_pos 9928
alloc_pos 9944
alloc_pos 10060
alloc_pos 10076
alloc_pos 10328
alloc_pos 10344
alloc_pos 10452
alloc_pos 10468
alloc_pos 10576
alloc_pos 10592
alloc_pos 10624
alloc_pos 10640
alloc_pos 10776
alloc_pos 10792
alloc_pos 10952
alloc_pos 10968
alloc_pos 11060
alloc_pos 11076
alloc_pos 11180
alloc_pos 11196
alloc_pos 11268
alloc_pos 11284
alloc_pos 11480
alloc_pos 11496
alloc_pos 11732
alloc_pos 11748
alloc_pos 11804
alloc_pos 11820
alloc_pos 11876
alloc_pos 11892
alloc_pos 12112
alloc_pos 12128
alloc_pos 12288
alloc_pos 12304
alloc_pos 12412
alloc_pos 12428
alloc_pos 12628
alloc_pos 12644
alloc_pos 12896
alloc_pos 12912
alloc_pos 13016
alloc_pos 13032
alloc_pos 13264
alloc_pos 13280
alloc_pos 13504
alloc_pos 13520
alloc_pos 13760
alloc_pos 13776
alloc_pos 13988
alloc_pos 14004
alloc_pos 14204
alloc_pos 14220
alloc_pos 14260
alloc_pos 14276
alloc_pos 14300
alloc_pos 14316
alloc_pos 14532
alloc_pos 14548
alloc_pos 14792
alloc_pos 14808
alloc_pos 15044
alloc_pos 15060
alloc_pos 15144
alloc_pos 15160
alloc_pos 15412
alloc_pos 15428
alloc_pos 15564
alloc_pos 15580
alloc_pos 15712
alloc_pos 15728
alloc_pos 15956
alloc_pos 15972
alloc_pos 16072
alloc_pos 16088
alloc_pos 16160
alloc_pos 16176
alloc_pos 16248
alloc_pos 16264
alloc_pos 16424
alloc_pos 16440
alloc_pos 16648
alloc_pos 16664
alloc_pos 16904
alloc_pos 16920
alloc_pos 17012
alloc_pos 17028
alloc_pos 17076
alloc_pos 17092
alloc_pos 17248
alloc_pos 17264
alloc_pos 17420
alloc_pos 17436
alloc_pos 17680
alloc_pos 17696
alloc_pos 17812
alloc_pos 17828
alloc_pos 17920
alloc_pos 17936
alloc_pos 17996
alloc_pos 18012
alloc_pos 18136
alloc_pos 18152
alloc_pos 18408
alloc_pos 18424
alloc_pos 18660
alloc_pos 18676
alloc_pos 18836
alloc_pos 18852
alloc_pos 18880
alloc_pos 18896
alloc_pos 19024
alloc_pos 19040
alloc_pos 19136
alloc_pos 19152
alloc_pos 19384
alloc_pos 19400
alloc_pos 19656
alloc_pos 19672
alloc_pos 19912
alloc_pos 19928
alloc_pos 20032
alloc_pos 20048
alloc_pos 20264
alloc_pos 20280
alloc_pos 20420
alloc_pos 20436
alloc_pos 20684
alloc_pos 20700
alloc_pos 20960
alloc_pos 20976
alloc_pos 21032
alloc_pos 21048
alloc_pos 21108
alloc_pos 21124
alloc_pos 21328
alloc_pos 21344
alloc_pos 21412
alloc_pos 21428
alloc_pos 21552
alloc_pos 21568
alloc_pos 21672
alloc_pos 21688
alloc_pos 21904
alloc_pos 21920
alloc_pos 22100
alloc_pos 22116
alloc_pos 22292
alloc_pos 22308
alloc_pos 22572
alloc_pos 22588
alloc_pos 22712
alloc_pos 22728
alloc_pos 22808
alloc_pos 22824
alloc_pos 23040
alloc_pos 23056
alloc_pos 23136
alloc_pos 23152
alloc_pos 23240
alloc_pos 23256
alloc_pos 23360
alloc_pos 23376
alloc_pos 23640
alloc_pos 23656
alloc_pos 23748
alloc_pos 23764
alloc_pos 23804
alloc_pos 23820
alloc_pos 23876
alloc_pos 23892
alloc_pos 24052
alloc_pos 24068
alloc_pos 24328
alloc_pos 24344
alloc_pos 24380
alloc_pos 24396
alloc_pos 24544
alloc_pos 24560
alloc_pos 24596
alloc_pos 24612
alloc_pos 24648
alloc_pos 24664
alloc_pos 24808
alloc_pos 24824
alloc_pos 24868
alloc_pos 24884
alloc_pos 25116
alloc_pos 25132
alloc_pos 25272
alloc_pos 25288
alloc_pos 25448
alloc_pos 25464
alloc_pos 25624
alloc_pos 25640
alloc_pos 25676
alloc_pos 25692
alloc_pos 25852
alloc_pos 25868
alloc_pos 26004
alloc_pos 26020
alloc_pos 26252
alloc_pos 26268
alloc_pos 26416
alloc_pos 26432
alloc_pos 26624
alloc_pos 26640
alloc_pos 26740
alloc_pos 26756
alloc_pos 26788
alloc_pos 26804
alloc_pos 27008
alloc_pos 27024
alloc_pos 27128
alloc_pos 27144
alloc_pos 27372
alloc_pos 27388
alloc_pos 27588
alloc_pos 27604
alloc_pos 27772
alloc_pos 27788
alloc_pos 28028
alloc_pos 28044
alloc_pos 28284
alloc_pos 28300
alloc_pos 28332
alloc_pos 28348
alloc_pos 28608
alloc_pos 28624
alloc_pos 28788
alloc_pos 28804
alloc_pos 28996
alloc_pos 29012
alloc_pos 29156
alloc_pos 29172
alloc_pos 29248
alloc_pos 29264
alloc_pos 29464
alloc_pos 29480
alloc_pos 29664
alloc_pos 29680
alloc_pos 29860
alloc_pos 29876
alloc_pos 30028
alloc_pos 30044
alloc_pos 30244
alloc_pos 30260
alloc_pos 30292
alloc_pos 30308
alloc_pos 30564
alloc_pos 30580
alloc_pos 30816
alloc_pos 30832
alloc_pos 30940
alloc_pos 30956
alloc_pos 31076
alloc_pos 31092
alloc_pos 31336
alloc_pos 31352
alloc_pos 31512
alloc_pos 31528
alloc_pos 31764
alloc_pos 31780
alloc_pos 31996
alloc_pos 32012
alloc_pos 32156
alloc_pos 32172
alloc_pos 32412
alloc_pos 32428
alloc_pos 32460
alloc_pos 32476
alloc_pos 32552
alloc_pos 32568
alloc_pos 32648
alloc_pos 32664
alloc_pos 32840
alloc_pos 32856
alloc_pos 32880
alloc_pos 32896
alloc_pos 33132
alloc_pos 33148
alloc_pos 33360
alloc_pos 33376
alloc_pos 33532
alloc_pos 33548
alloc_pos 33604
alloc_pos 33620
alloc_pos 33664
alloc_pos 33680
alloc_pos 33900
alloc_pos 33916
alloc_pos 34120
alloc_pos 34136
alloc_pos 34396
alloc_pos 34412
alloc_pos 34580
alloc_pos 34596
alloc_pos 34848
alloc_pos 34864
alloc_pos 35100
alloc_pos 35116
alloc_pos 35160
alloc_pos 35176
alloc_pos 35420
alloc_pos 35436
alloc_pos 35516
alloc_pos 35532
alloc_pos 35768
alloc_pos 35784
alloc_pos 35864
alloc_pos 35880
alloc_pos 36064
alloc_pos 36080
alloc_pos 36272
alloc_pos 36288
alloc_pos 36528
alloc_pos 36544
alloc_pos 36576
alloc_pos 36592
alloc_pos 36744
alloc_pos 36760
alloc_pos 36804
alloc_pos 36820
alloc_pos 36952
alloc_pos 36968
alloc_pos 37088
alloc_pos 37104
alloc_pos 37144
alloc_pos 37160
alloc_pos 37384
alloc_pos 37400
alloc_pos 37452
alloc_pos 37468
alloc_pos 37644
alloc_pos 37660
alloc_pos 37700
alloc_pos 37716
alloc_pos 37772
alloc_pos 37788
alloc_pos 38028
alloc_pos 38044
alloc_pos 38180
alloc_pos 38196
alloc_pos 38424
alloc_pos 38440
alloc_pos 38604
alloc_pos 38620
alloc_pos 38700
alloc_pos 38716
alloc_pos 38740
alloc_pos 38756
alloc_pos 38920
alloc_pos 38936
alloc_pos 39048
alloc_pos 39064
alloc_pos 39172
alloc_pos 39188
alloc_pos 39240
alloc_pos 39256
alloc_pos 39440
alloc_pos 39456
alloc_pos 39640
alloc_pos 39656
alloc_pos 39884
alloc_pos 39900
alloc_pos 39928
alloc_pos 39944
alloc_pos 39996
alloc_pos 40012
alloc_pos 40040
alloc_pos 40056
alloc_pos 40148
alloc_pos 40164
alloc_pos 40244
alloc_pos 40260
alloc_pos 40460
alloc_pos 40476
alloc_pos 40708
alloc_pos 40724
alloc_pos 40960
alloc_pos 40976
alloc_pos 41196
alloc_pos 41212
alloc_pos 41364
alloc_pos 41380
alloc_pos 41572
alloc_pos 41588
alloc_pos 41684
alloc_pos 41700
alloc_pos 41728
alloc_pos 41744
alloc_pos 41776
alloc_pos 41792
alloc_pos 41840
alloc_pos 41908
alloc_pos 41932
alloc_pos 42080
alloc_pos 42120
alloc_pos 42332
alloc_pos 42488
alloc_pos 42632
alloc_pos 42888
alloc_pos 43132
alloc_pos 43380
alloc_pos 43444
alloc_pos 43596
alloc_pos 43816
alloc_pos 44048
alloc_pos 44268
alloc_pos 44496
alloc_pos 44580
alloc_pos 44656
alloc_pos 44748
alloc_pos 44792
alloc_pos 44824
alloc_pos 44900
alloc_pos 44972
alloc_pos 45144
alloc_pos 45184
alloc_pos 45380
alloc_pos 45528
alloc_pos 45592
alloc_pos 45744
alloc_pos 45956
alloc_pos 46004
alloc_pos 46172
alloc_pos 46280
alloc_pos 46420
alloc_pos 46444
alloc_pos 46596
alloc_pos 46652
alloc_pos 46896
alloc_pos 47072
alloc_pos 47184
alloc_pos 47368
alloc_pos 47424
alloc_pos 47480
alloc_pos 47680
alloc_pos 47864
alloc_pos 48004
alloc_pos 48248
alloc_pos 48468
alloc_pos 48544
alloc_pos 48676
alloc_pos 48704
alloc_pos 48928
alloc_pos 48992
alloc_pos 49132
alloc_pos 49272
alloc_pos 49372
alloc_pos 49472
alloc_pos 49564
alloc_pos 49640
alloc_pos 49768
alloc_pos 49884
alloc_pos 50136
alloc_pos 50244
alloc_pos 50352
alloc_pos 50384
alloc_pos 50520
alloc_pos 50680
alloc_pos 50772
alloc_pos 50876
alloc_pos 50948
alloc_pos 51144
alloc_pos 51380
alloc_pos 51436
alloc_pos 51492
alloc_pos 51712
alloc_pos 51872
alloc_pos 51980
alloc_pos 52180
alloc_pos 52432
alloc_pos 52536
alloc_pos 52768
alloc_pos 52992
alloc_pos 53232
alloc_pos 53444
alloc_pos 53644
alloc_pos 53684
alloc_pos 53708
alloc_pos 53924
alloc_pos 54168
alloc_pos 54404
alloc_pos 54488
alloc_pos 54740
alloc_pos 54876
alloc_pos 55008
alloc_pos 55236
alloc_pos 55336
alloc_pos 55408
alloc_pos 55480
alloc_pos 55640
alloc_pos 55848
alloc_pos 56088
alloc_pos 56180
alloc_pos 56228
alloc_pos 56384
alloc_pos 56540
alloc_pos 56784
alloc_pos 56900
alloc_pos 56992
alloc_pos 57052
alloc_pos 57176
alloc_pos 57432
alloc_pos 57668
alloc_pos 57828
alloc_pos 57856
alloc_pos 57984
alloc_pos 58080
alloc_pos 58312
alloc_pos 58568
alloc_pos 58808
alloc_pos 58912
alloc_pos 59128
alloc_pos 59268
alloc_pos 59516
alloc_pos 59776
alloc_pos 59832
alloc_pos 59892
alloc_pos 60096
alloc_pos 60164
alloc_pos 60288
alloc_pos 60392
alloc_pos 60608
alloc_pos 60788
alloc_pos 60964
alloc_pos 61228
alloc_pos 61352
alloc_pos 61432
alloc_pos 61648
alloc_pos 61728
alloc_pos 61816
alloc_pos 61920
alloc_pos 62184
alloc_pos 62276
alloc_pos 62316
alloc_pos 62372
alloc_pos 62532
alloc_pos 62792
alloc_pos 62828
alloc_pos 62976
alloc_pos 63012
alloc_pos 63048
alloc_pos 63192
alloc_pos 63236
alloc_pos 63468
alloc_pos 63608
alloc_pos 63768
alloc_pos 63928
alloc_pos 63964
alloc_pos 64124
alloc_pos 64260
alloc_pos 64492
alloc_pos 64640
alloc_pos 64832
alloc_pos 64932
alloc_pos 64964
alloc_pos 65168
alloc_pos 65272
alloc_pos 65500
alloc_pos 65700
alloc_pos 65868
alloc_pos 66108
alloc_pos 66348
alloc_pos 66380
alloc_pos 66640
alloc_pos 66804
alloc_pos 66996
alloc_pos 67140
alloc_pos 67216
alloc_pos 67416
alloc_pos 67600
alloc_pos 67780
alloc_pos 67932
alloc_pos 68132
alloc_pos 68164
alloc_pos 68420
alloc_pos 68656
alloc_pos 68764
alloc_pos 68884
alloc_pos 69128
alloc_pos 69288
alloc_pos 69524
alloc_pos 69740
alloc_pos 69884
alloc_pos 70124
alloc_pos 70156
alloc_pos 70232
alloc_pos 70312
alloc_pos 70488
alloc_pos 70512
alloc_pos 70748
alloc_pos 70960
alloc_pos 71116
alloc_pos 71172
alloc_pos 71216
alloc_pos 71436
alloc_pos 71640
alloc_pos 71900
alloc_pos 72068
alloc_pos 72320
alloc_pos 72556
alloc_pos 72600
alloc_pos 72844
alloc_pos 72924
alloc_pos 73160
alloc_pos 73240
alloc_pos 73424
alloc_pos 73616
alloc_pos 73856
alloc_pos 73888
alloc_pos 74040
alloc_pos 74084
alloc_pos 74216
alloc_pos 74336
alloc_pos 74376
alloc_pos 74600
alloc_pos 74652
alloc_pos 74828
alloc_pos 74868
alloc_pos 74924
alloc_pos 75164
alloc_pos 75300
alloc_pos 75528
alloc_pos 75692
alloc_pos 75772
alloc_pos 75796
alloc_pos 75960
alloc_pos 76072
alloc_pos 76180
alloc_pos 76232
alloc_pos 76416
alloc_pos 76600
alloc_pos 76828
alloc_pos 76856
alloc_pos 76908
alloc_pos 76936
alloc_pos 77028
alloc_pos 77108
alloc_pos 77308
alloc_pos 77540
alloc_pos 77776
alloc_pos 77996
alloc_pos 78148
alloc_pos 78340
alloc_pos 78436
alloc_pos 78464
alloc_pos 78496
alloc_pos 78544
alloc_pos 78612
alloc_pos 78636
alloc_pos 78784
alloc_pos 78824
alloc_pos 79036
alloc_pos 79192
alloc_pos 79336
alloc_pos 79592
alloc_pos 79836
alloc_pos 80084
alloc_pos 80148
alloc_pos 80300
alloc_pos 80520
alloc_pos 80752
alloc_pos 80972
alloc_pos 81200
alloc_pos 81284
alloc_pos 81360
alloc_pos 81452
alloc_pos 81496
alloc_pos 81528
alloc_pos 81604
alloc_pos 81676
alloc_pos 81848
alloc_pos 81888
alloc_pos 82084
alloc_pos 82232
alloc_pos 82296
alloc_pos 82448
alloc_pos 82660
alloc_pos 82708
alloc_pos 82876
alloc_pos 82984
alloc_pos 83124
alloc_pos 83148
alloc_pos 83300
alloc_pos 83356
alloc_pos 83600
alloc_pos 83776
alloc_pos 83888
alloc_pos 84072
alloc_pos 84128
alloc_pos 84184
alloc_pos 84384
alloc_pos 84568
alloc_pos 84708
alloc_pos 84952
alloc_pos 85172
alloc_pos 85248
alloc_pos 85380
alloc_pos 85408
alloc_pos 85632
alloc_pos 85696
alloc_pos 85836
alloc_pos 85976
alloc_pos 86076
alloc_pos 86176
alloc_pos 86268
alloc_pos 86344
alloc_pos 86472
alloc_pos 86588
alloc_pos 86840
alloc_pos 86948
alloc_pos 87056
alloc_pos 87088
alloc_pos 87224
alloc_pos 87384
alloc_pos 87476
alloc_pos 87580
alloc_pos 87652
alloc_pos 87848
alloc_pos 88084
alloc_pos 88140
alloc_pos 88196
alloc_pos 88416
alloc_pos 88576
alloc_pos 88684
alloc_pos 88884
alloc_pos 89136
alloc_pos 89240
alloc_pos 89472
alloc_pos 89696
alloc_pos 89936
alloc_pos 90148
alloc_pos 90348
alloc_pos 90388
alloc_pos 90412
alloc_pos 90628
alloc_pos 90872
alloc_pos 91108
alloc_pos 91192
alloc_pos 91444
alloc_pos 91580
alloc_pos 91712
alloc_pos 91940
alloc_pos 92040
alloc_pos 92112
alloc_pos 92184
alloc_pos 92344
alloc_pos 92552
alloc_pos 92792
alloc_pos 92884
alloc_pos 92932
alloc_pos 93088
alloc_pos 93244
alloc_pos 93488
alloc_pos 93604
alloc_pos 93696
alloc_pos 93756
alloc_pos 93880
alloc_pos 94136
alloc_pos 94372
alloc_pos 94532
alloc_pos 94560
alloc_pos 94688
alloc_pos 94784
alloc_pos 95016
alloc_pos 95272
alloc_pos 95512
alloc_pos 95616
alloc_pos 95832
alloc_pos 95972
alloc_pos 96220
alloc_pos 96480
alloc_pos 96536
alloc_pos 96596
alloc_pos 96800
alloc_pos 96868
alloc_pos 96992
alloc_pos 97096
alloc_pos 97312
alloc_pos 97492
alloc_pos 97668
alloc_pos 97932
alloc_pos 98056
alloc_pos 98136
alloc_pos 98352
alloc_pos 98432
alloc_pos 98520
alloc_pos 98624
alloc_pos 98888
alloc_pos 98980
alloc_pos 99020
alloc_pos 99076
alloc_pos 99236
alloc_pos 99496
alloc_pos 99532
alloc_pos 99680
alloc_pos 99716
alloc_pos 99752
alloc_pos 99896
alloc_pos 99940
alloc_pos 100172
alloc_pos 100312
alloc_pos 100472
alloc_pos 100632
alloc_pos 100668
alloc_pos 100828
alloc_pos 100964
alloc_pos 101196
alloc_pos 101344
alloc_pos 101536
alloc_pos 101636
alloc_pos 101668
alloc_pos 101872
alloc_pos 101976
alloc_pos 102204
alloc_pos 102404
alloc_pos 102572
alloc_pos 102812
alloc_pos 103052
alloc_pos 103084
alloc_pos 103344
alloc_pos 103508
alloc_pos 103700
alloc_pos 103844
alloc_pos 103920
alloc_pos 104120
alloc_pos 104304
alloc_pos 104484
alloc_pos 104636
alloc_pos 104836
alloc_pos 104868
alloc_pos 105124
alloc_pos 105360
alloc_pos 105468
alloc_pos 105588
alloc_pos 105832
alloc_pos 105992
alloc_pos 106228
alloc_pos 106444
alloc_pos 106588
alloc_pos 106828
alloc_pos 106860
alloc_pos 106936
alloc_pos 107016
alloc_pos 107192
alloc_pos 107216
alloc_pos 107452
alloc_pos 107664
alloc_pos 107820
alloc_pos 107876
alloc_pos 107920
alloc_pos 108140
alloc_pos 108344
alloc_pos 108604
alloc_pos 108772
alloc_pos 109024
alloc_pos 109260
alloc_pos 109304
alloc_pos 109548
alloc_pos 109628
alloc_pos 109864
alloc_pos 109944
alloc_pos 110128
alloc_pos 110320
alloc_pos 110560
alloc_pos 110592
alloc_pos 110744
alloc_pos 110788
alloc_pos 110920
alloc_pos 111040
alloc_pos 111080
alloc_pos 111304
alloc_pos 111356
alloc_pos 111532
alloc_pos 111572
alloc_pos 111628
alloc_pos 111868
alloc_pos 112004
alloc_pos 112232
alloc_pos 112396
alloc_pos 112476
alloc_pos 112500
alloc_pos 112664
alloc_pos 112776
alloc_pos 112884
alloc_pos 112936
alloc_pos 113120
alloc_pos 113304
alloc_pos 113532
alloc_pos 113560
alloc_pos 113612
alloc_pos 113640
alloc_pos 113732
alloc_pos 113812
alloc_pos 114012
alloc_pos 114244
alloc_pos 114480
alloc_pos 114700
alloc_pos 114852
alloc_pos 115044
alloc_pos 115140
alloc_pos 115168
alloc_pos 115200
alloc_pos 115248
alloc_pos 115316
alloc_pos 115340
alloc_pos 115488
alloc_pos 115528
alloc_pos 115740
alloc_pos 115896
alloc_pos 116040
alloc_pos 116296
alloc_pos 116540
alloc_pos 116788
alloc_pos 116852
alloc_pos 117004
alloc_pos 117224
alloc_pos 117456
alloc_pos 117676
alloc_pos 117904
alloc_pos 117988
alloc_pos 118064
alloc_pos 118156
alloc_pos 118200
alloc_pos 118232
alloc_pos 118308
alloc_pos 118380
alloc_pos 118552
alloc_pos 118592
alloc_pos 118788
alloc_pos 118936
alloc_pos 119000
alloc_pos 119152
alloc_pos 119364
alloc_pos 119412
alloc_pos 119580
alloc_pos 119688
alloc_pos 119828
alloc_pos 119852
alloc_pos 120004
alloc_pos 120060
alloc_pos 120304
alloc_pos 120480
alloc_pos 120592
alloc_pos 120776
alloc_pos 120832
alloc_pos 120888
alloc_pos 121088
alloc_pos 121272
alloc_pos 121412
alloc_pos 121656
alloc_pos 121876
alloc_pos 121952
alloc_pos 122084
alloc_pos 122112
alloc_pos 122336
alloc_pos 122400
alloc_pos 122540
alloc_pos 122680
alloc_pos 122780
alloc_pos 122880
alloc_pos 122972
alloc_pos 123048
alloc_pos 123176
alloc_pos 123292
alloc_pos 123544
alloc_pos 123652
alloc_pos 123760
alloc_pos 123792
alloc_pos 123928
alloc_pos 124088
alloc_pos 124180
alloc_pos 124284
alloc_pos 124356
alloc_pos 124552
alloc_pos 124788
alloc_pos 124844
alloc_pos 124900
alloc_pos 125120
alloc_pos 125280
alloc_pos 125388
alloc_pos 125588
alloc_pos 125840
alloc_pos 125944
alloc_pos 126176
alloc_pos 126400
alloc_pos 126640
alloc_pos 126852
alloc_pos 127052
alloc_pos 127092
alloc_pos 127116
alloc_pos 127332
alloc_pos 127576
alloc_pos 127812
alloc_pos 127896
alloc_pos 128148
alloc_pos 128284
alloc_pos 128416
alloc_pos 128644
alloc_pos 128744
alloc_pos 128816
alloc_pos 128888
alloc_pos 129048
alloc_pos 129256
alloc_pos 129496
alloc_pos 129588
alloc_pos 129636
alloc_pos 129792
alloc_pos 129948
alloc_pos 130192
alloc_pos 130308
alloc_pos 130400
alloc_pos 130460
alloc_pos 130584
alloc_pos -1

