reason: unexpected exit code -6
--- stdout ---
CHENEY GENERATOR!
--- stderr ---
alloc_pos 8
alloc_pos 1040
alloc_pos 2072
alloc_pos 3104
alloc_pos 4136
alloc_pos 5168
alloc_pos 5432
alloc_pos 5488
alloc_pos 5656
alloc_pos 5896
alloc_pos 6124
alloc_pos 6340
alloc_pos 6380
alloc_pos 6468
alloc_pos 6520
alloc_pos 6668
alloc_pos 6884
alloc_pos 7020
alloc_pos 7164
alloc_pos 7352
alloc_pos 7472
alloc_pos 7696
alloc_pos 7772
alloc_pos 7820
alloc_pos 7968
alloc_pos 7996
alloc_pos 8248
alloc_pos 8484
alloc_pos 8604
alloc_pos 8736
alloc_pos 8912
alloc_pos 9128
alloc_pos 9348
alloc_pos 9372
alloc_pos 9572
alloc_pos 9708
alloc_pos 9800
alloc_pos 10008
alloc_pos 10236
alloc_pos 10316
alloc_pos 10488
alloc_pos 10752
alloc_pos 10800
alloc_pos 11052
alloc_pos 11156
alloc_pos 11184
alloc_pos 11212
alloc_pos 11240
alloc_pos 11428
alloc_pos 11588
alloc_pos 11612
alloc_pos 11876
alloc_pos 12124
alloc_pos 12244
alloc_pos 12440
alloc_pos 12516
alloc_pos 12648
alloc_pos 12856
alloc_pos 12884
alloc_pos 13040
alloc_pos 13120
alloc_pos 13336
alloc_pos 13472
alloc_pos 13736
alloc_pos 13884
alloc_pos 14048
alloc_pos 14128
alloc_pos 14240
alloc_pos 14320
alloc_pos 14516
alloc_pos 14596
alloc_pos 14812
alloc_pos 14952
alloc_pos 15216
alloc_pos 15312
alloc_pos 15572
alloc_pos 15600
alloc_pos 15728
alloc_pos 15964
alloc_pos 16220
alloc_pos 16384
alloc_pos 16644
alloc_pos 16832
alloc_pos 16880
alloc_pos 16948
alloc_pos 17132
alloc_pos 17340
alloc_pos 17584
alloc_pos 17680
alloc_pos 17732
alloc_pos 17944
alloc_pos 18052
alloc_pos 18304
alloc_pos 18512
alloc_pos 18716
alloc_pos 18868
alloc_pos 19128
alloc_pos 19260
alloc_pos 19412
alloc_pos 19648
alloc_pos 19904
alloc_pos 20096
alloc_pos 20168
alloc_pos 20268
alloc_pos 20364
alloc_pos 20536
alloc_pos 20784
alloc_pos 20932
alloc_pos 21172
alloc_pos 21436
alloc_pos 21588
alloc_pos 21712
alloc_pos 21884
alloc_pos 22124
alloc_pos 22156
alloc_pos 22300
alloc_pos 22384
alloc_pos 22596
alloc_pos 22824
alloc_pos 22948
alloc_pos 23076
alloc_pos 23268
alloc_pos 23336
alloc_pos 23452
alloc_pos 23616
alloc_pos 23864
alloc_pos 24064
alloc_pos 24284
alloc_pos 24480
alloc_pos 24692
alloc_pos 24808
alloc_pos 24852
alloc_pos 24988
alloc_pos 25180
alloc_pos 25332
alloc_pos 25380
alloc_pos 25600
alloc_pos 25664
alloc_pos 25820
alloc_pos 26056
alloc_pos 26180
alloc_pos 26296
alloc_pos 26444
alloc_pos 26652
alloc_pos 26680
alloc_pos 26824
alloc_pos 26856
alloc_pos 26956
alloc_pos 27160
alloc_pos 27400
alloc_pos 27580
alloc_pos 27752
alloc_pos 27924
alloc_pos 28048
alloc_pos 28236
alloc_pos 28300
alloc_pos 28364
alloc_pos 28516
alloc_pos 28596
alloc_pos 28620
alloc_pos 28840
alloc_pos 28912
alloc_pos 29072
alloc_pos 29328
alloc_pos 29572
alloc_pos 29736
alloc_pos 29816
alloc_pos 29940
alloc_pos 30092
alloc_pos 30204
alloc_pos 30468
alloc_pos 30708
alloc_pos 30876
alloc_pos 30988
alloc_pos 31128
alloc_pos 31384
alloc_pos 31476
alloc_pos 31668
alloc_pos 31832
alloc_pos 32008
alloc_pos 32216
alloc_pos 32240
alloc_pos 32360
alloc_pos 32584
alloc_pos 32824
alloc_pos 33056
alloc_pos 33304
alloc_pos 33568
alloc_pos 33780
alloc_pos 33932
alloc_pos 34160
alloc_pos 34216
alloc_pos 34372
alloc_pos 34592
alloc_pos 34756
alloc_pos 34832
alloc_pos 34964
alloc_pos 35228
alloc_pos 35264
alloc_pos 35408
alloc_pos 35652
alloc_pos 35768
alloc_pos 35936
alloc_pos 36100
alloc_pos 36172
alloc_pos 36436
alloc_pos 36588
alloc_pos 36716
alloc_pos 36864
alloc_pos 37096
alloc_pos 37208
alloc_pos 37336
alloc_pos 37448
alloc_pos 37472
alloc_pos 37632
alloc_pos 37792
alloc_pos 37972
alloc_pos 38196
alloc_pos 38376
alloc_pos 38484
alloc_pos 38624
alloc_pos 38800
alloc_pos 38828
alloc_pos 39056
alloc_pos 39136
alloc_pos 39320
alloc_pos 39388
alloc_pos 39552
alloc_pos 39724
alloc_pos 39792
alloc_pos 40036
alloc_pos 40080
alloc_pos 40308
alloc_pos 40472
alloc_pos 40700
alloc_pos 40940
alloc_pos 41172
alloc_pos 41432
alloc_pos 41520
alloc_pos 41552
alloc_pos 41788
alloc_pos 42052
alloc_pos 42248
alloc_pos 42288
alloc_pos 42332
alloc_pos 42576
alloc_pos 42604
alloc_pos 42740
alloc_pos 42764
alloc_pos 42980
alloc_pos 43196
alloc_pos 43288
alloc_pos 43372
alloc_pos 43464
alloc_pos 43516
alloc_pos 43744
alloc_pos 43924
alloc_pos 43992
alloc_pos 44104
alloc_pos 44200
alloc_pos 44240
alloc_pos 44304
alloc_pos 44368
alloc_pos 44424
alloc_pos 44592
alloc_pos 44832
alloc_pos 45060
alloc_pos 45276
alloc_pos 45316
alloc_pos 45404
alloc_pos 45456
alloc_pos 45604
alloc_pos 45820
alloc_pos 45956
alloc_pos 46100
alloc_pos 46288
alloc_pos 46408
alloc_pos 46632
alloc_pos 46708
alloc_pos 46756
alloc_pos 46904
alloc_pos 46932
alloc_pos 47184
alloc_pos 47420
alloc_pos 47540
alloc_pos 47672
alloc_pos 47848
alloc_pos 48064
alloc_pos 48284
alloc_pos 48308
alloc_pos 48508
alloc_pos 48644
alloc_pos 48736
alloc_pos 48944
alloc_pos 49172
alloc_pos 49252
alloc_pos 49424
alloc_pos 49688
alloc_pos 49736
alloc_pos 49988
alloc_pos 50092
alloc_pos 50120
alloc_pos 50148
alloc_pos 50176
alloc_pos 50364
alloc_pos 50524
alloc_pos 50548
alloc_pos 50812
alloc_pos 51060
alloc_pos 51180
alloc_pos 51376
alloc_pos 51452
alloc_pos 51584
alloc_pos 51792
alloc_pos 51820
alloc_pos 51976
alloc_pos 52056
alloc_pos 52272
alloc_pos 52408
alloc_pos 52672
alloc_pos 52820
alloc_pos 52984
alloc_pos 53064
alloc_pos 53176
alloc_pos 53256
alloc_pos 53452
alloc_pos 53532
alloc_pos 53748
alloc_pos 53888
alloc_pos 54152
alloc_pos 54248
alloc_pos 54508
alloc_pos 54536
alloc_pos 54664
alloc_pos 54900
alloc_pos 55156
alloc_pos 55320
alloc_pos 55580
alloc_pos 55768
alloc_pos 55816
alloc_pos 55884
alloc_pos 56068
alloc_pos 56276
alloc_pos 56520
alloc_pos 56616
alloc_pos 56668
alloc_pos 56880
alloc_pos 56988
alloc_pos 57240
alloc_pos 57448
alloc_pos 57652
alloc_pos 57804
alloc_pos 58064
alloc_pos 58196
alloc_pos 58348
alloc_pos 58584
alloc_pos 58840
alloc_pos 59032
alloc_pos 59104
alloc_pos 59204
alloc_pos 59300
alloc_pos 59472
alloc_pos 59720
alloc_pos 59868
alloc_pos 60108
alloc_pos 60372
alloc_pos 60524
alloc_pos 60648
alloc_pos 60820
alloc_pos 61060
alloc_pos 61092
alloc_pos 61236
alloc_pos 61320
alloc_pos 61532
alloc_pos 61760
alloc_pos 61884
alloc_pos 62012
alloc_pos 62204
alloc_pos 62272
alloc_pos 62388
alloc_pos 62552
alloc_pos 62800
alloc_pos 63000
alloc_pos 63220
alloc_pos 63416
alloc_pos 63628
alloc_pos 63744
alloc_pos 63788
alloc_pos 63924
alloc_pos 64116
alloc_pos 64268
alloc_pos 64316
alloc_pos 64536
alloc_pos 64600
alloc_pos 64756
alloc_pos 64992
alloc_pos 65116
alloc_pos 65232
alloc_pos -1

