reason: unexpected exit code -6
--- stdout ---
CHENEY GENERATOR!
--- stderr ---
alloc_pos 8
alloc_pos 1040
alloc_pos 2072
alloc_pos 3104
alloc_pos 4136
alloc_pos 5168
alloc_pos 5184
alloc_pos 5200
alloc_pos 5216
alloc_pos 5232
alloc_pos 5248
alloc_pos 5264
alloc_pos 5280
alloc_pos 5296
alloc_pos 5312
alloc_pos 5328
alloc_pos 5344
alloc_pos 5360
alloc_pos 5376
alloc_pos 5392
alloc_pos 5408
alloc_pos 5424
alloc_pos 5440
alloc_pos 5456
alloc_pos 5472
alloc_pos 5488
alloc_pos 5504
alloc_pos 5520
alloc_pos 5536
alloc_pos 5552
alloc_pos 5568
alloc_pos 5584
alloc_pos 5600
alloc_pos 5616
alloc_pos 5632
alloc_pos 5648
alloc_pos 5664
alloc_pos 5680
alloc_pos 5696
alloc_pos 5712
alloc_pos 5728
alloc_pos 5744
alloc_pos 5760
alloc_pos 5776
alloc_pos 5792
alloc_pos 5808
alloc_pos 5824
alloc_pos 5840
alloc_pos 5856
alloc_pos 5872
alloc_pos 5888
alloc_pos 5904
alloc_pos 5920
alloc_pos 5936
alloc_pos 5952
alloc_pos 5968
alloc_pos 5984
alloc_pos 6000
alloc_pos 6016
alloc_pos 6032
alloc_pos 6048
alloc_pos 6064
alloc_pos 6080
alloc_pos 6096
alloc_pos 6112
alloc_pos 6128
alloc_pos 6144
alloc_pos 6160
alloc_pos 6176
alloc_pos 6192
alloc_pos 6208
alloc_pos 6224
alloc_pos 6240
alloc_pos 6256
alloc_pos 6272
alloc_pos 6288
alloc_pos 6304
alloc_pos 6320
alloc_pos 6336
alloc_pos 6352
alloc_pos 6368
alloc_pos 6384
alloc_pos 6400
alloc_pos 6416
alloc_pos 6432
alloc_pos 6448
alloc_pos 6464
alloc_pos 6480
alloc_pos 6496
alloc_pos 6512
alloc_pos 6528
alloc_pos 6544
alloc_pos 6560
alloc_pos 6576
alloc_pos 6592
alloc_pos 6608
alloc_pos 6624
alloc_pos 6640
alloc_pos 6656
alloc_pos 6672
alloc_pos 6688
alloc_pos 6704
alloc_pos 6720
alloc_pos 6736
alloc_pos 6752
alloc_pos 6768
alloc_pos 6784
alloc_pos 6800
alloc_pos 6816
alloc_pos 6832
alloc_pos 6848
alloc_pos 6864
alloc_pos 6880
alloc_pos 6896
alloc_pos 6912
alloc_pos 6928
alloc_pos 6944
alloc_pos 6960
alloc_pos 6976
alloc_pos 6992
alloc_pos 7008
alloc_pos 7024
alloc_pos 7040
alloc_pos 7056
alloc_pos 7072
alloc_pos 7088
alloc_pos 7104
alloc_pos 7120
alloc_pos 7136
alloc_pos 7152
alloc_pos 7168
alloc_pos 7184
alloc_pos 7200
alloc_pos 7216
alloc_pos 7232
alloc_pos 7248
alloc_pos 7264
alloc_pos 7280
alloc_pos 7296
alloc_pos 7312
alloc_pos 7328
alloc_pos 7344
alloc_pos 7360
alloc_pos 7376
alloc_pos 7392
alloc_pos 7408
alloc_pos 7424
alloc_pos 7440
alloc_pos 7456
alloc_pos 7472
alloc_pos 7488
alloc_pos 7504
alloc_pos 7520
alloc_pos 7536
alloc_pos 7552
alloc_pos 7568
alloc_pos 7584
alloc_pos 7600
alloc_pos 7616
alloc_pos 7632
alloc_pos 7648
alloc_pos 7664
alloc_pos 7680
alloc_pos 7696
alloc_pos 7712
alloc_pos 7728
alloc_pos 7744
alloc_pos 7760
alloc_pos 7776
alloc_pos 7792
alloc_pos 7808
alloc_pos 7824
alloc_pos 7840
alloc_pos 7856
alloc_pos 7872
alloc_pos 7888
alloc_pos 7904
alloc_pos 7920
alloc_pos 7936
alloc_pos 7952
alloc_pos 7968
alloc_pos 7984
alloc_pos 8000
alloc_pos 8016
alloc_pos 8032
alloc_pos 8048
alloc_pos 8064
alloc_pos 8080
alloc_pos 8096
alloc_pos 8112
alloc_pos 8128
alloc_pos 8144
alloc_pos 8160
alloc_pos 8176
alloc_pos 8192
alloc_pos 8208
alloc_pos 8224
alloc_pos 8240
alloc_pos 8256
alloc_pos 8272
alloc_pos 8288
alloc_pos 8304
alloc_pos 8320
alloc_pos 8336
alloc_pos 8352
alloc_pos 8368
alloc_pos 8384
alloc_pos 8400
alloc_pos 8416
alloc_pos 8432
alloc_pos 8448
alloc_pos 8464
alloc_pos 8480
alloc_pos 8496
alloc_pos 8512
alloc_pos 8528
alloc_pos 8544
alloc_pos 8560
alloc_pos 8576
alloc_pos 8592
alloc_pos 8608
alloc_pos 8624
alloc_pos 8640
alloc_pos 8656
alloc_pos 8672
alloc_pos 8688
alloc_pos 8704
alloc_pos 8720
alloc_pos 8736
alloc_pos 8752
alloc_pos 8768
alloc_pos 8784
alloc_pos 8800
alloc_pos 8816
alloc_pos 8832
alloc_pos 8848
alloc_pos 8864
alloc_pos 8880
alloc_pos 8896
alloc_pos 8912
alloc_pos 8928
alloc_pos 8944
alloc_pos 8960
alloc_pos 8976
alloc_pos 8992
alloc_pos 9008
alloc_pos 9024
alloc_pos 9040
alloc_pos 9056
alloc_pos 9072
alloc_pos 9088
alloc_pos 9104
alloc_pos 9120
alloc_pos 9136
alloc_pos 9152
alloc_pos 9168
alloc_pos 9184
alloc_pos 9200
alloc_pos 9216
alloc_pos 9232
alloc_pos 9248
alloc_pos 9264
alloc_pos 9496
alloc_pos 9644
alloc_pos 9696
alloc_pos 9824
alloc_pos 10004
alloc_pos 10108
alloc_pos 10188
alloc_pos 10348
alloc_pos 10472
alloc_pos 10600
alloc_pos 10792
alloc_pos 10912
alloc_pos 11080
alloc_pos 11328
alloc_pos 11476
alloc_pos 11600
alloc_pos 11828
alloc_pos 11924
alloc_pos 11952
alloc_pos 12180
alloc_pos 12220
alloc_pos 12300
alloc_pos 12356
alloc_pos 12432
alloc_pos 12456
alloc_pos 12696
alloc_pos 12884
alloc_pos 12912
alloc_pos 13068
alloc_pos 13272
alloc_pos 13348
alloc_pos 13488
alloc_pos 13624
alloc_pos 13804
alloc_pos 13908
alloc_pos 14172
alloc_pos 14316
alloc_pos 14528
alloc_pos 14620
alloc_pos 14856
alloc_pos 15080
alloc_pos 15292
alloc_pos 15448
alloc_pos 15576
alloc_pos 15752
alloc_pos 15920
alloc_pos 16128
alloc_pos 16212
alloc_pos 16392
alloc_pos 16604
alloc_pos 16744
alloc_pos 16904
alloc_pos 17060
alloc_pos 17156
alloc_pos 17240
alloc_pos 17476
alloc_pos 17664
alloc_pos 17704
alloc_pos 17756
alloc_pos 17856
alloc_pos 18036
alloc_pos 18268
alloc_pos 18416
alloc_pos 18468
alloc_pos 18596
alloc_pos 18776
alloc_pos 18880
alloc_pos 18960
alloc_pos 19120
alloc_pos 19244
alloc_pos 19372
alloc_pos 19564
alloc_pos 19684
alloc_pos 19852
alloc_pos 20100
alloc_pos 20248
alloc_pos 20372
alloc_pos 20600
alloc_pos 20696
alloc_pos 20724
alloc_pos 20952
alloc_pos 20992
alloc_pos 21072
alloc_pos 21128
alloc_pos 21204
alloc_pos 21228
alloc_pos 21468
alloc_pos 21656
alloc_pos 21684
alloc_pos 21840
alloc_pos 22044
alloc_pos 22120
alloc_pos 22260
alloc_pos 22396
alloc_pos 22576
alloc_pos 22680
alloc_pos 22944
alloc_pos 23088
alloc_pos 23300
alloc_pos 23392
alloc_pos 23628
alloc_pos 23852
alloc_pos 24064
alloc_pos 24220
alloc_pos 24348
alloc_pos 24524
alloc_pos 24692
alloc_pos 24900
alloc_pos 24984
alloc_pos 25164
alloc_pos 25376
alloc_pos 25516
alloc_pos 25676
alloc_pos 25832
alloc_pos 25928
alloc_pos 26012
alloc_pos 26248
alloc_pos 26436
alloc_pos 26476
alloc_pos 26528
alloc_pos 26628
alloc_pos 26808
alloc_pos 27040
alloc_pos 27188
alloc_pos 27240
alloc_pos 27368
alloc_pos 27548
alloc_pos 27652
alloc_pos 27732
alloc_pos 27892
alloc_pos 28016
alloc_pos 28144
alloc_pos 28336
alloc_pos 28456
alloc_pos 28624
alloc_pos 28872
alloc_pos 29020
alloc_pos 29144
alloc_pos 29372
alloc_pos 29468
alloc_pos 29496
alloc_pos 29724
alloc_pos 29764
alloc_pos 29844
alloc_pos 29900
alloc_pos 29976
alloc_pos 30000
alloc_pos 30240
alloc_pos 30428
alloc_pos 30456
alloc_pos 30612
alloc_pos 30816
alloc_pos 30892
alloc_pos 31032
alloc_pos 31168
alloc_pos 31348
alloc_pos 31452
alloc_pos 31716
alloc_pos 31860
alloc_pos 32072
alloc_pos 32164
alloc_pos 32400
alloc_pos 32624
alloc_pos 32836
alloc_pos 32992
alloc_pos 33120
alloc_pos 33296
alloc_pos 33464
alloc_pos 33672
alloc_pos 33756
alloc_pos 33936
alloc_pos 34148
alloc_pos 34288
alloc_pos 34448
alloc_pos 34604
alloc_pos 34700
alloc_pos 34784
alloc_pos 35020
alloc_pos 35208
alloc_pos 35248
alloc_pos 35300
alloc_pos 35400
alloc_pos 35580
alloc_pos 35812
alloc_pos 35960
alloc_pos 36012
alloc_pos 36140
alloc_pos 36320
alloc_pos 36424
alloc_pos 36504
alloc_pos 36664
alloc_pos 36788
alloc_pos 36916
alloc_pos 37108
alloc_pos 37228
alloc_pos 37396
alloc_pos 37644
alloc_pos 37792
alloc_pos 37916
alloc_pos 38144
alloc_pos 38240
alloc_pos 38268
alloc_pos 38496
alloc_pos 38536
alloc_pos 38616
alloc_pos 38672
alloc_pos 38748
alloc_pos 38772
alloc_pos 39012
alloc_pos 39200
alloc_pos 39228
alloc_pos 39384
alloc_pos 39588
alloc_pos 39664
alloc_pos 39804
alloc_pos 39940
alloc_pos 40120
alloc_pos 40224
alloc_pos 40488
alloc_pos 40632
alloc_pos 40844
alloc_pos 40936
alloc_pos 41172
alloc_pos 41396
alloc_pos 41608
alloc_pos 41764
alloc_pos 41892
alloc_pos 42068
alloc_pos 42236
alloc_pos 42444
alloc_pos 42528
alloc_pos 42708
alloc_pos 42920
alloc_pos 43060
alloc_pos 43220
alloc_pos 43376
alloc_pos 43472
alloc_pos 43556
alloc_pos 43792
alloc_pos 43980
alloc_pos 44020
alloc_pos 44072
alloc_pos 44172
alloc_pos 44352
alloc_pos 44584
alloc_pos 44732
alloc_pos 44784
alloc_pos 44912
alloc_pos 45092
alloc_pos 45196
alloc_pos 45276
alloc_pos 45436
alloc_pos 45560
alloc_pos 45688
alloc_pos 45880
alloc_pos 46000
alloc_pos 46168
alloc_pos 46416
alloc_pos 46564
alloc_pos 46688
alloc_pos 46916
alloc_pos 47012
alloc_pos 47040
alloc_pos 47268
alloc_pos 47308
alloc_pos 47388
alloc_pos 47444
alloc_pos 47520
alloc_pos 47544
alloc_pos 47784
alloc_pos 47972
alloc_pos 48000
alloc_pos 48156
alloc_pos 48360
alloc_pos 48436
alloc_pos 48576
alloc_pos 48712
alloc_pos 48892
alloc_pos 48996
alloc_pos 49260
alloc_pos 49404
alloc_pos 49616
alloc_pos 49708
alloc_pos 49944
alloc_pos 50168
alloc_pos 50380
alloc_pos 50536
alloc_pos 50664
alloc_pos 50840
alloc_pos 51008
alloc_pos 51216
alloc_pos 51300
alloc_pos 51480
alloc_pos 51692
alloc_pos 51832
alloc_pos 51992
alloc_pos 52148
alloc_pos 52244
alloc_pos 52328
alloc_pos 52564
alloc_pos 52752
alloc_pos 52792
alloc_pos 52844
alloc_pos 52944
alloc_pos 53124
alloc_pos 53356
alloc_pos 53504
alloc_pos 53556
alloc_pos 53684
alloc_pos 53864
alloc_pos 53968
alloc_pos 54048
alloc_pos 54208
alloc_pos 54332
alloc_pos 54460
alloc_pos 54652
alloc_pos 54772
alloc_pos 54940
alloc_pos 55188
alloc_pos 55336
alloc_pos 55460
alloc_pos 55688
alloc_pos 55784
alloc_pos 55812
alloc_pos 56040
alloc_pos 56080
alloc_pos 56160
alloc_pos 56216
alloc_pos 56292
alloc_pos 56316
alloc_pos 56556
alloc_pos 56744
alloc_pos 56772
alloc_pos 56928
alloc_pos 57132
alloc_pos 57208
alloc_pos 57348
alloc_pos 57484
alloc_pos 57664
alloc_pos 57768
alloc_pos 58032
alloc_pos 58176
alloc_pos 58388
alloc_pos 58480
alloc_pos 58716
alloc_pos 58940
alloc_pos 59152
alloc_pos 59308
alloc_pos 59436
alloc_pos 59612
alloc_pos 59780
alloc_pos 59988
alloc_pos 60072
alloc_pos 60252
alloc_pos 60464
alloc_pos 60604
alloc_pos 60764
alloc_pos 60920
alloc_pos 61016
alloc_pos 61100
alloc_pos 61336
alloc_pos 61524
alloc_pos 61564
alloc_pos 61616
alloc_pos 61716
alloc_pos 61896
alloc_pos 62128
alloc_pos 62276
alloc_pos 62328
alloc_pos 62456
alloc_pos 62636
alloc_pos 62740
alloc_pos 62820
alloc_pos 62980
alloc_pos 63104
alloc_pos 63232
alloc_pos 63424
alloc_pos 63544
alloc_pos 63712
alloc_pos 63960
alloc_pos 64108
alloc_pos 64232
alloc_pos 64460
alloc_pos 64556
alloc_pos 64584
alloc_pos 64812
alloc_pos 64852
alloc_pos 64932
alloc_pos 64988
alloc_pos 65064
alloc_pos 65088
alloc_pos 65328
alloc_pos 65516
alloc_pos 65544
alloc_pos 65700
alloc_pos 65904
alloc_pos 65980
alloc_pos 66120
alloc_pos 66256
alloc_pos 66436
alloc_pos 66540
alloc_pos 66804
alloc_pos 66948
alloc_pos 67160
alloc_pos 67252
alloc_pos 67488
alloc_pos 67712
alloc_pos 67924
alloc_pos 68080
alloc_pos 68208
alloc_pos 68384
alloc_pos 68552
alloc_pos 68760
alloc_pos 68844
alloc_pos 69024
alloc_pos 69236
alloc_pos 69376
alloc_pos 69536
alloc_pos 69692
alloc_pos 69788
alloc_pos 69872
alloc_pos 70108
alloc_pos 70296
alloc_pos 70336
alloc_pos 70388
alloc_pos 70488
alloc_pos 70668
alloc_pos 70900
alloc_pos 71048
alloc_pos 71100
alloc_pos 71228
alloc_pos 71408
alloc_pos 71512
alloc_pos 71592
alloc_pos 71752
alloc_pos 71876
alloc_pos 72004
alloc_pos 72196
alloc_pos 72316
alloc_pos 72484
alloc_pos 72732
alloc_pos 72880
alloc_pos 73004
alloc_pos 73232
alloc_pos 73328
alloc_pos 73356
alloc_pos 73584
alloc_pos 73624
alloc_pos 73704
alloc_pos 73760
alloc_pos 73836
alloc_pos 73860
alloc_pos 74100
alloc_pos 74288
alloc_pos 74316
alloc_pos 74472
alloc_pos 74676
alloc_pos 74752
alloc_pos 74892
alloc_pos 75028
alloc_pos 75208
alloc_pos 75312
alloc_pos 75576
alloc_pos 75720
alloc_pos 75932
alloc_pos 76024
alloc_pos 76260
alloc_pos 76484
alloc_pos 76696
alloc_pos 76852
alloc_pos 76980
alloc_pos 77156
alloc_pos 77324
alloc_pos 77532
alloc_pos 77616
alloc_pos 77796
alloc_pos 78008
alloc_pos 78148
alloc_pos 78308
alloc_pos 78464
alloc_pos 78560
alloc_pos 78644
alloc_pos 78880
alloc_pos 79068
alloc_pos 79108
alloc_pos 79160
alloc_pos 79260
alloc_pos 79440
alloc_pos 79672
alloc_pos 79820
alloc_pos 79872
alloc_pos 80000
alloc_pos 80180
alloc_pos 80284
alloc_pos 80364
alloc_pos 80524
alloc_pos 80648
alloc_pos 80776
alloc_pos 80968
alloc_pos 81088
alloc_pos 81256
alloc_pos 81504
alloc_pos 81652
alloc_pos 81776
alloc_pos 82004
alloc_pos 82100
alloc_pos 82128
alloc_pos 82356
alloc_pos 82396
alloc_pos 82476
alloc_pos 82532
alloc_pos 82608
alloc_pos 82632
alloc_pos 82872
alloc_pos 83060
alloc_pos 83088
alloc_pos 83244
alloc_pos 83448
alloc_pos 83524
alloc_pos 83664
alloc_pos 83800
alloc_pos 83980
alloc_pos 84084
alloc_pos 84348
alloc_pos 84492
alloc_pos 84704
alloc_pos 84796
alloc_pos 85032
alloc_pos 85256
alloc_pos 85468
alloc_pos 85624
alloc_pos 85752
alloc_pos 85928
alloc_pos 86096
alloc_pos 86304
alloc_pos 86388
alloc_pos 86568
alloc_pos 86780
alloc_pos 86920
alloc_pos 87080
alloc_pos 87236
alloc_pos 87332
alloc_pos 87416
alloc_pos 87652
alloc_pos 87840
alloc_pos 87880
alloc_pos 87932
alloc_pos 88032
alloc_pos 88212
alloc_pos 88444
alloc_pos 88592
alloc_pos 88644
alloc_pos 88772
alloc_pos 88952
alloc_pos 89056
alloc_pos 89136
alloc_pos 89296
alloc_pos 89420
alloc_pos 89548
alloc_pos 89740
alloc_pos 89860
alloc_pos 90028
alloc_pos 90276
alloc_pos 90424
alloc_pos 90548
alloc_pos 90776
alloc_pos 90872
alloc_pos 90900
alloc_pos 91128
alloc_pos 91168
alloc_pos 91248
alloc_pos 91304
alloc_pos 91380
alloc_pos 91404
alloc_pos 91644
alloc_pos 91832
alloc_pos 91860
alloc_pos 92016
alloc_pos 92220
alloc_pos 92296
alloc_pos 92436
alloc_pos 92572
alloc_pos 92752
alloc_pos 92856
alloc_pos 93120
alloc_pos 93264
alloc_pos 93476
alloc_pos 93568
alloc_pos 93804
alloc_pos 94028
alloc_pos 94240
alloc_pos 94396
alloc_pos 94524
alloc_pos 94700
alloc_pos 94868
alloc_pos 95076
alloc_pos 95160
alloc_pos 95340
alloc_pos 95552
alloc_pos 95692
alloc_pos 95852
alloc_pos 96008
alloc_pos 96104
alloc_pos 96188
alloc_pos 96424
alloc_pos 96612
alloc_pos 96652
alloc_pos 96704
alloc_pos 96804
alloc_pos 96984
alloc_pos 97216
alloc_pos 97364
alloc_pos 97416
alloc_pos 97544
alloc_pos 97724
alloc_pos 97828
alloc_pos 97908
alloc_pos 98068
alloc_pos 98192
alloc_pos 98320
alloc_pos 98512
alloc_pos 98632
alloc_pos 98800
alloc_pos 99048
alloc_pos 99196
alloc_pos 99320
alloc_pos 99548
alloc_pos 99644
alloc_pos 99672
alloc_pos 99900
alloc_pos 99940
alloc_pos 100020
alloc_pos 100076
alloc_pos 100152
alloc_pos 100176
alloc_pos 100416
alloc_pos 100604
alloc_pos 100632
alloc_pos 100788
alloc_pos 100992
alloc_pos 101068
alloc_pos 101208
alloc_pos 101344
alloc_pos 101524
alloc_pos 101628
alloc_pos 101892
alloc_pos 102036
alloc_pos 102248
alloc_pos 102340
alloc_pos 102576
alloc_pos 102800
alloc_pos 103012
alloc_pos 103168
alloc_pos 103296
alloc_pos 103472
alloc_pos 103640
alloc_pos 103848
alloc_pos 103932
alloc_pos 104112
alloc_pos 104324
alloc_pos 104464
alloc_pos 104624
alloc_pos 104780
alloc_pos 104876
alloc_pos 104960
alloc_pos 105196
alloc_pos 105384
alloc_pos 105424
alloc_pos 105476
alloc_pos 105576
alloc_pos 105756
alloc_pos 105988
alloc_pos 106136
alloc_pos 106188
alloc_pos 106316
alloc_pos 106496
alloc_pos 106600
alloc_pos 106680
alloc_pos 106840
alloc_pos 106964
alloc_pos 107092
alloc_pos 107284
alloc_pos 107404
alloc_pos 107572
alloc_pos 107820
alloc_pos 107968
alloc_pos 108092
alloc_pos 108320
alloc_pos 108416
alloc_pos 108444
alloc_pos 108672
alloc_pos 108712
alloc_pos 108792
alloc_pos 108848
alloc_pos 108924
alloc_pos 108948
alloc_pos 109188
alloc_pos 109376
alloc_pos 109404
alloc_pos 109560
alloc_pos 109764
alloc_pos 109840
alloc_pos 109980
alloc_pos 110116
alloc_pos 110296
alloc_pos 110400
alloc_pos 110664
alloc_pos 110808
alloc_pos 111020
alloc_pos 111112
alloc_pos 111348
alloc_pos 111572
alloc_pos 111784
alloc_pos 111940
alloc_pos 112068
alloc_pos 112244
alloc_pos 112412
alloc_pos 112620
alloc_pos 112704
alloc_pos 112884
alloc_pos 113096
alloc_pos 113236
alloc_pos 113396
alloc_pos 113552
alloc_pos 113648
alloc_pos 113732
alloc_pos 113968
alloc_pos 114156
alloc_pos 114196
alloc_pos 114248
alloc_pos 114348
alloc_pos 114528
alloc_pos 114760
alloc_pos 114908
alloc_pos 114960
alloc_pos 115088
alloc_pos 115268
alloc_pos 115372
alloc_pos 115452
alloc_pos 115612
alloc_pos 115736
alloc_pos 115864
alloc_pos 116056
alloc_pos 116176
alloc_pos 116344
alloc_pos 116592
alloc_pos 116740
alloc_pos 116864
alloc_pos 117092
alloc_pos 117188
alloc_pos 117216
alloc_pos 117444
alloc_pos 117484
alloc_pos 117564
alloc_pos 117620
alloc_pos 117696
alloc_pos 117720
alloc_pos 117960
alloc_pos 118148
alloc_pos 118176
alloc_pos 118332
alloc_pos 118536
alloc_pos 118612
alloc_pos 118752
alloc_pos 118888
alloc_pos 119068
alloc_pos 119172
alloc_pos 119436
alloc_pos 119580
alloc_pos 119792
alloc_pos 119884
alloc_pos 120120
alloc_pos 120344
alloc_pos 120556
alloc_pos 120712
alloc_pos 120840
alloc_pos 121016
alloc_pos 121184
alloc_pos 121392
alloc_pos 121476
alloc_pos 121656
alloc_pos 121868
alloc_pos 122008
alloc_pos 122168
alloc_pos 122324
alloc_pos 122420
alloc_pos 122504
alloc_pos 122740
alloc_pos 122928
alloc_pos 122968
alloc_pos 123020
alloc_pos 123120
alloc_pos 123300
alloc_pos 123532
alloc_pos 123680
alloc_pos 123732
alloc_pos 123860
alloc_pos 124040
alloc_pos 124144
alloc_pos 124224
alloc_pos 124384
alloc_pos 124508
alloc_pos 124636
alloc_pos 124828
alloc_pos 124948
alloc_pos 125116
alloc_pos 125364
alloc_pos 125512
alloc_pos 125636
alloc_pos 125864
alloc_pos 125960
alloc_pos 125988
alloc_pos 126216
alloc_pos 126256
alloc_pos 126336
alloc_pos 126392
alloc_pos 126468
alloc_pos 126492
alloc_pos 126732
alloc_pos 126920
alloc_pos 126948
alloc_pos 127104
alloc_pos 127308
alloc_pos 127384
alloc_pos 127524
alloc_pos 127660
alloc_pos 127840
alloc_pos 127944
alloc_pos 128208
alloc_pos 128352
alloc_pos 128564
alloc_pos 128656
alloc_pos 128892
alloc_pos 129116
alloc_pos 129328
alloc_pos 129484
alloc_pos 129612
alloc_pos 129788
alloc_pos 129956
alloc_pos 130164
alloc_pos 130248
alloc_pos 130428
alloc_pos 130640
alloc_pos 130780
alloc_pos 130940
alloc_pos 131096
alloc_pos 131192
alloc_pos 131276
alloc_pos 131512
alloc_pos 131700
alloc_pos 131740
alloc_pos 131792
alloc_pos 131892
alloc_pos 132072
alloc_pos 132304
alloc_pos 132452
alloc_pos 132504
alloc_pos 132632
alloc_pos 132812
alloc_pos 132916
alloc_pos 132996
alloc_pos 133156
alloc_pos 133280
alloc_pos 133408
alloc_pos 133600
alloc_pos 133720
alloc_pos 133888
alloc_pos 134136
alloc_pos 134284
alloc_pos 134408
alloc_pos 134636
alloc_pos 134732
alloc_pos 134760
alloc_pos 134988
alloc_pos 135028
alloc_pos 135108
alloc_pos 135164
alloc_pos 135240
alloc_pos 135264
alloc_pos 135504
alloc_pos 135692
alloc_pos 135720
alloc_pos 135876
alloc_pos 136080
alloc_pos 136156
alloc_pos 136296
alloc_pos 136432
alloc_pos 136612
alloc_pos 136716
alloc_pos 136980
alloc_pos 137124
alloc_pos 137336
alloc_pos 137428
alloc_pos 137664
alloc_pos 137888
alloc_pos 138100
alloc_pos 138256
alloc_pos 138384
alloc_pos 138560
alloc_pos 138728
alloc_pos 138936
alloc_pos 139020
alloc_pos 139200
alloc_pos 139412
alloc_pos 139552
alloc_pos 139712
alloc_pos 139868
alloc_pos 139964
alloc_pos 140048
alloc_pos 140284
alloc_pos 140472
alloc_pos 140512
alloc_pos 140564
alloc_pos 140664
alloc_pos 140844
alloc_pos 141076
alloc_pos 141224
alloc_pos 141276
alloc_pos 141404
alloc_pos 141584
alloc_pos 141688
alloc_pos 141768
alloc_pos 141928
alloc_pos 142052
alloc_pos 142180
alloc_pos 142372
alloc_pos 142492
alloc_pos 142660
alloc_pos 142908
alloc_pos 143056
alloc_pos 143180
alloc_pos 143408
alloc_pos 143504
alloc_pos 143532
alloc_pos 143760
alloc_pos 143800
alloc_pos 143880
alloc_pos 143936
alloc_pos 144012
alloc_pos 144036
alloc_pos 144276
alloc_pos 144464
alloc_pos 144492
alloc_pos 144648
alloc_pos 144852
alloc_pos 144928
alloc_pos 145068
alloc_pos 145204
alloc_pos 145384
alloc_pos 145488
alloc_pos 145752
alloc_pos 145896
alloc_pos 146108
alloc_pos 146200
alloc_pos 146436
alloc_pos 146660
alloc_pos 146872
alloc_pos 147028
alloc_pos 147156
alloc_pos 147332
alloc_pos 147500
alloc_pos 147708
alloc_pos 147792
alloc_pos 147972
alloc_pos 148184
alloc_pos 148324
alloc_pos 148484
alloc_pos 148640
alloc_pos 148736
alloc_pos 148820
alloc_pos 149056
alloc_pos 149244
alloc_pos 149284
alloc_pos 149336
alloc_pos 149436
alloc_pos 149616
alloc_pos 149848
alloc_pos 149996
alloc_pos 150048
alloc_pos 150176
alloc_pos 150356
alloc_pos 150460
alloc_pos 150540
alloc_pos 150700
alloc_pos 150824
alloc_pos 150952
alloc_pos 151144
alloc_pos 151264
alloc_pos 151432
alloc_pos 151680
alloc_pos 151828
alloc_pos 151952
alloc_pos 152180
alloc_pos 152276
alloc_pos 152304
alloc_pos 152532
alloc_pos 152572
alloc_pos 152652
alloc_pos 152708
alloc_pos 152784
alloc_pos 152808
alloc_pos 153048
alloc_pos 153236
alloc_pos 153264
alloc_pos 153420
alloc_pos 153624
alloc_pos 153700
alloc_pos 153840
alloc_pos 153976
alloc_pos 154156
alloc_pos 154260
alloc_pos 154524
alloc_pos 154668
alloc_pos 154880
alloc_pos 154972
alloc_pos 155208
alloc_pos 155432
alloc_pos 155644
alloc_pos 155800
alloc_pos 155928
alloc_pos 156104
alloc_pos 156272
alloc_pos 156480
alloc_pos 156564
alloc_pos 156744
alloc_pos 156956
alloc_pos 157096
alloc_pos 157256
alloc_pos 157412
alloc_pos 157508
alloc_pos 157592
alloc_pos 157828
alloc_pos 158016
alloc_pos 158056
alloc_pos 158108
alloc_pos 158208
alloc_pos 158388
alloc_pos 158620
alloc_pos 158768
alloc_pos 158820
alloc_pos 158948
alloc_pos 159128
alloc_pos 159232
alloc_pos 159312
alloc_pos 159472
alloc_pos 159596
alloc_pos 159724
alloc_pos 159916
alloc_pos 160036
alloc_pos 160204
alloc_pos 160452
alloc_pos 160600
alloc_pos 160724
alloc_pos 160952
alloc_pos 161048
alloc_pos 161076
alloc_pos 161304
alloc_pos 161344
alloc_pos 161424
alloc_pos 161480
alloc_pos 161556
alloc_pos 161580
alloc_pos 161820
alloc_pos 162008
alloc_pos 162036
alloc_pos 162192
alloc_pos 162396
alloc_pos 162472
alloc_pos 162612
alloc_pos 162748
alloc_pos 162928
alloc_pos 163032
alloc_pos 163296
alloc_pos 163440
alloc_pos 163652
alloc_pos 163744
alloc_pos 163980
alloc_pos 164204
alloc_pos 164416
alloc_pos 164572
alloc_pos 164700
alloc_pos 164876
alloc_pos 165044
alloc_pos 165252
alloc_pos 165336
alloc_pos 165516
alloc_pos 165728
alloc_pos 165868
alloc_pos 166028
alloc_pos 166184
alloc_pos 166280
alloc_pos 166364
alloc_pos 166600
alloc_pos 166788
alloc_pos 166828
alloc_pos 166880
alloc_pos 166980
alloc_pos 167160
alloc_pos 167392
alloc_pos 167540
alloc_pos 167592
alloc_pos 167720
alloc_pos 167900
alloc_pos 168004
alloc_pos 168084
alloc_pos 168244
alloc_pos 168368
alloc_pos 168496
alloc_pos 168688
alloc_pos 168808
alloc_pos 168976
alloc_pos 169224
alloc_pos 169372
alloc_pos 169496
alloc_pos 169724
alloc_pos 169820
alloc_pos 169848
alloc_pos 170076
alloc_pos 170116
alloc_pos 170196
alloc_pos 170252
alloc_pos 170328
alloc_pos 170352
alloc_pos 170592
alloc_pos 170780
alloc_pos 170808
alloc_pos 170964
alloc_pos 171168
alloc_pos 171244
alloc_pos 171384
alloc_pos 171520
alloc_pos 171700
alloc_pos 171804
alloc_pos 172068
alloc_pos 172212
alloc_pos 172424
alloc_pos 172516
alloc_pos 172752
alloc_pos 172976
alloc_pos 173188
alloc_pos 173344
alloc_pos 173472
alloc_pos 173648
alloc_pos 173816
alloc_pos 174024
alloc_pos 174108
alloc_pos 174288
alloc_pos 174500
alloc_pos 174640
alloc_pos 174800
alloc_pos 174956
alloc_pos 175052
alloc_pos 175136
alloc_pos 175372
alloc_pos 175560
alloc_pos 175600
alloc_pos 175652
alloc_pos 175752
alloc_pos 175932
alloc_pos 176164
alloc_pos 176312
alloc_pos 176364
alloc_pos 176492
alloc_pos 176672
alloc_pos 176776
alloc_pos 176856
alloc_pos 177016
alloc_pos 177140
alloc_pos 177268
alloc_pos 177460
alloc_pos 177580
alloc_pos 177748
alloc_pos 177996
alloc_pos 178144
alloc_pos 178268
alloc_pos 178496
alloc_pos 178592
alloc_pos 178620
alloc_pos 178848
alloc_pos 178888
alloc_pos 178968
alloc_pos 179024
alloc_pos 179100
alloc_pos 179124
alloc_pos 179364
alloc_pos 179552
alloc_pos 179580
alloc_pos 179736
alloc_pos 179940
alloc_pos 180016
alloc_pos 180156
alloc_pos 180292
alloc_pos 180472
alloc_pos 180576
alloc_pos 180840
alloc_pos 180984
alloc_pos 181196
alloc_pos 181288
alloc_pos 181524
alloc_pos 181748
alloc_pos 181960
alloc_pos 182116
alloc_pos 182244
alloc_pos 182420
alloc_pos 182588
alloc_pos 182796
alloc_pos 182880
alloc_pos 183060
alloc_pos 183272
alloc_pos 183412
alloc_pos 183572
alloc_pos 183728
alloc_pos 183824
alloc_pos 183908
alloc_pos 184144
alloc_pos 184332
alloc_pos 184372
alloc_pos 184424
alloc_pos 184524
alloc_pos 184704
alloc_pos 184936
alloc_pos 185084
alloc_pos 185136
alloc_pos 185264
alloc_pos 185444
alloc_pos 185548
alloc_pos 185628
alloc_pos 185788
alloc_pos 185912
alloc_pos 186040
alloc_pos 186232
alloc_pos 186352
alloc_pos 186520
alloc_pos 186768
alloc_pos 186916
alloc_pos 187040
alloc_pos 187268
alloc_pos 187364
alloc_pos 187392
alloc_pos 187620
alloc_pos 187660
alloc_pos 187740
alloc_pos 187796
alloc_pos 187872
alloc_pos 187896
alloc_pos 188136
alloc_pos 188324
alloc_pos 188352
alloc_pos 188508
alloc_pos 188712
alloc_pos 188788
alloc_pos 188928
alloc_pos 189064
alloc_pos 189244
alloc_pos 189348
alloc_pos 189612
alloc_pos 189756
alloc_pos 189968
alloc_pos 190060
alloc_pos 190296
alloc_pos 190520
alloc_pos 190732
alloc_pos 190888
alloc_pos 191016
alloc_pos 191192
alloc_pos 191360
alloc_pos 191568
alloc_pos 191652
alloc_pos 191832
alloc_pos 192044
alloc_pos 192184
alloc_pos 192344
alloc_pos 192500
alloc_pos 192596
alloc_pos 192680
alloc_pos 192916
alloc_pos 193104
alloc_pos 193144
alloc_pos 193196
alloc_pos 193296
alloc_pos 193476
alloc_pos 193708
alloc_pos 193856
alloc_pos 193908
alloc_pos 194036
alloc_pos 194216
alloc_pos 194320
alloc_pos 194400
alloc_pos 194560
alloc_pos 194684
alloc_pos 194812
alloc_pos 195004
alloc_pos 195124
alloc_pos 195292
alloc_pos 195540
alloc_pos 195688
alloc_pos 195812
alloc_pos 196040
alloc_pos 196136
alloc_pos 196164
alloc_pos 196392
alloc_pos 196432
alloc_pos 196512
alloc_pos 196568
alloc_pos 196644
alloc_pos 196668
alloc_pos 196908
alloc_pos 197096
alloc_pos 197124
alloc_pos 197280
alloc_pos 197484
alloc_pos 197560
alloc_pos 197700
alloc_pos 197836
alloc_pos 198016
alloc_pos 198120
alloc_pos 198384
alloc_pos 198528
alloc_pos 198740
alloc_pos 198832
alloc_pos 199068
alloc_pos 199292
alloc_pos 199504
alloc_pos 199660
alloc_pos 199788
alloc_pos 199964
alloc_pos 200132
alloc_pos 200340
alloc_pos 200424
alloc_pos 200604
alloc_pos 200816
alloc_pos 200956
alloc_pos 201116
alloc_pos 201272
alloc_pos 201368
alloc_pos 201452
alloc_pos 201688
alloc_pos 201876
alloc_pos 201916
alloc_pos 201968
alloc_pos 202068
alloc_pos 202248
alloc_pos 202480
alloc_pos 202628
alloc_pos 202680
alloc_pos 202808
alloc_pos 202988
alloc_pos 203092
alloc_pos 203172
alloc_pos 203332
alloc_pos 203456
alloc_pos 203584
alloc_pos 203776
alloc_pos 203896
alloc_pos 204064
alloc_pos 204312
alloc_pos 204460
alloc_pos 204584
alloc_pos 204812
alloc_pos 204908
alloc_pos 204936
alloc_pos 205164
alloc_pos 205204
alloc_pos 205284
alloc_pos 205340
alloc_pos 205416
alloc_pos 205440
alloc_pos 205680
alloc_pos 205868
alloc_pos 205896
alloc_pos 206052
alloc_pos 206256
alloc_pos 206332
alloc_pos 206472
alloc_pos 206608
alloc_pos 206788
alloc_pos 206892
alloc_pos 207156
alloc_pos 207300
alloc_pos 207512
alloc_pos 207604
alloc_pos 207840
alloc_pos 208064
alloc_pos 208276
alloc_pos 208432
alloc_pos 208560
alloc_pos 208736
alloc_pos 208904
alloc_pos 209112
alloc_pos 209196
alloc_pos 209376
alloc_pos 209588
alloc_pos 209728
alloc_pos 209888
alloc_pos 210044
alloc_pos 210140
alloc_pos 210224
alloc_pos 210460
alloc_pos 210648
alloc_pos 210688
alloc_pos 210740
alloc_pos 210840
alloc_pos 211020
alloc_pos 211252
alloc_pos 211400
alloc_pos 211452
alloc_pos 211580
alloc_pos 211760
alloc_pos 211864
alloc_pos 211944
alloc_pos 212104
alloc_pos 212228
alloc_pos 212356
alloc_pos 212548
alloc_pos 212668
alloc_pos 212836
alloc_pos 213084
alloc_pos 213232
alloc_pos 213356
alloc_pos 213584
alloc_pos 213680
alloc_pos 213708
alloc_pos 213936
alloc_pos 213976
alloc_pos 214056
alloc_pos 214112
alloc_pos 214188
alloc_pos 214212
alloc_pos 214452
alloc_pos 214640
alloc_pos 214668
alloc_pos 214824
alloc_pos 215028
alloc_pos 215104
alloc_pos 215244
alloc_pos 215380
alloc_pos 215560
alloc_pos 215664
alloc_pos 215928
alloc_pos 216072
alloc_pos 216284
alloc_pos 216376
alloc_pos 216612
alloc_pos 216836
alloc_pos 217048
alloc_pos 217204
alloc_pos 217332
alloc_pos 217508
alloc_pos 217676
alloc_pos 217884
alloc_pos 217968
alloc_pos 218148
alloc_pos 218360
alloc_pos 218500
alloc_pos 218660
alloc_pos 218816
alloc_pos 218912
alloc_pos 218996
alloc_pos 219232
alloc_pos 219420
alloc_pos 219460
alloc_pos 219512
alloc_pos 219612
alloc_pos 219792
alloc_pos 220024
alloc_pos 220172
alloc_pos 220224
alloc_pos 220352
alloc_pos 220532
alloc_pos 220636
alloc_pos 220716
alloc_pos 220876
alloc_pos 221000
alloc_pos 221128
alloc_pos 221320
alloc_pos 221440
alloc_pos 221608
alloc_pos 221856
alloc_pos 222004
alloc_pos 222128
alloc_pos 222356
alloc_pos 222452
alloc_pos 222480
alloc_pos 222708
alloc_pos 222748
alloc_pos 222828
alloc_pos 222884
alloc_pos 222960
alloc_pos 222984
alloc_pos 223224
alloc_pos 223412
alloc_pos 223440
alloc_pos 223596
alloc_pos 223800
alloc_pos 223876
alloc_pos 224016
alloc_pos 224152
alloc_pos 224332
alloc_pos 224436
alloc_pos 224700
alloc_pos 224844
alloc_pos 225056
alloc_pos 225148
alloc_pos 225384
alloc_pos 225608
alloc_pos 225820
alloc_pos 225976
alloc_pos 226104
alloc_pos 226280
alloc_pos 226448
alloc_pos 226656
alloc_pos 226740
alloc_pos 226920
alloc_pos 227132
alloc_pos 227272
alloc_pos 227432
alloc_pos 227588
alloc_pos 227684
alloc_pos 227768
alloc_pos 228004
alloc_pos 228192
alloc_pos 228232
alloc_pos 228284
alloc_pos 228384
alloc_pos 228564
alloc_pos 228796
alloc_pos 228944
alloc_pos 228996
alloc_pos 229124
alloc_pos 229304
alloc_pos 229408
alloc_pos 229488
alloc_pos 229648
alloc_pos 229772
alloc_pos 229900
alloc_pos 230092
alloc_pos 230212
alloc_pos 230380
alloc_pos 230628
alloc_pos 230776
alloc_pos 230900
alloc_pos 231128
alloc_pos 231224
alloc_pos 231252
alloc_pos 231480
alloc_pos 231520
alloc_pos 231600
alloc_pos 231656
alloc_pos 231732
alloc_pos 231756
alloc_pos 231996
alloc_pos 232184
alloc_pos 232212
alloc_pos 232368
alloc_pos 232572
alloc_pos 232648
alloc_pos 232788
alloc_pos 232924
alloc_pos 233104
alloc_pos 233208
alloc_pos 233472
alloc_pos 233616
alloc_pos 233828
alloc_pos 233920
alloc_pos 234156
alloc_pos 234380
alloc_pos 234592
alloc_pos 234748
alloc_pos 234876
alloc_pos 235052
alloc_pos 235220
alloc_pos 235428
alloc_pos 235512
alloc_pos 235692
alloc_pos 235904
alloc_pos 236044
alloc_pos 236204
alloc_pos 236360
alloc_pos 236456
alloc_pos 236540
alloc_pos 236776
alloc_pos 236964
alloc_pos 237004
alloc_pos 237056
alloc_pos 237156
alloc_pos 237336
alloc_pos 237568
alloc_pos 237716
alloc_pos 237768
alloc_pos 237896
alloc_pos 238076
alloc_pos 238180
alloc_pos 238260
alloc_pos 238420
alloc_pos 238544
alloc_pos 238672
alloc_pos 238864
alloc_pos 238984
alloc_pos 239152
alloc_pos 239400
alloc_pos 239548
alloc_pos 239672
alloc_pos 239900
alloc_pos 239996
alloc_pos 240024
alloc_pos 240252
alloc_pos 240292
alloc_pos 240372
alloc_pos 240428
alloc_pos 240504
alloc_pos 240528
alloc_pos 240768
alloc_pos 240956
alloc_pos 240984
alloc_pos 241140
alloc_pos 241344
alloc_pos 241420
alloc_pos 241560
alloc_pos 241696
alloc_pos 241876
alloc_pos 241980
alloc_pos 242244
alloc_pos 242388
alloc_pos 242600
alloc_pos 242692
alloc_pos 242928
alloc_pos 243152
alloc_pos 243364
alloc_pos 243520
alloc_pos 243648
alloc_pos 243824
alloc_pos 243992
alloc_pos 244200
alloc_pos 244284
alloc_pos 244464
alloc_pos 244676
alloc_pos 244816
alloc_pos 244976
alloc_pos 245132
alloc_pos 245228
alloc_pos 245312
alloc_pos 245548
alloc_pos 245736
alloc_pos 245776
alloc_pos 245828
alloc_pos 245928
alloc_pos 246108
alloc_pos 246340
alloc_pos 246488
alloc_pos 246540
alloc_pos 246668
alloc_pos 246848
alloc_pos 246952
alloc_pos 247032
alloc_pos 247192
alloc_pos 247316
alloc_pos 247444
alloc_pos 247636
alloc_pos 247756
alloc_pos 247924
alloc_pos 248172
alloc_pos 248320
alloc_pos 248444
alloc_pos 248672
alloc_pos 248768
alloc_pos 248796
alloc_pos 249024
alloc_pos 249064
alloc_pos 249144
alloc_pos 249200
alloc_pos 249276
alloc_pos 249300
alloc_pos 249540
alloc_pos 249728
alloc_pos 249756
alloc_pos 249912
alloc_pos 250116
alloc_pos 250192
alloc_pos 250332
alloc_pos 250468
alloc_pos 250648
alloc_pos 250752
alloc_pos 251016
alloc_pos 251160
alloc_pos 251372
alloc_pos 251464
alloc_pos 251700
alloc_pos 251924
alloc_pos 252136
alloc_pos 252292
alloc_pos 252420
alloc_pos 252596
alloc_pos 252764
alloc_pos 252972
alloc_pos 253056
alloc_pos 253236
alloc_pos 253448
alloc_pos 253588
alloc_pos 253748
alloc_pos 253904
alloc_pos 254000
alloc_pos 254084
alloc_pos 254320
alloc_pos 254508
alloc_pos 254548
alloc_pos 254600
alloc_pos 254700
alloc_pos 254880
alloc_pos 255112
alloc_pos 255260
alloc_pos 255312
alloc_pos 255440
alloc_pos 255620
alloc_pos 255724
alloc_pos 255804
alloc_pos 255964
alloc_pos 256088
alloc_pos 256216
alloc_pos 256408
alloc_pos 256528
alloc_pos 256696
alloc_pos 256944
alloc_pos 257092
alloc_pos 257216
alloc_pos 257444
alloc_pos 257540
alloc_pos 257568
alloc_pos 257796
alloc_pos 257836
alloc_pos 257916
alloc_pos 257972
alloc_pos 258048
alloc_pos 258072
alloc_pos 258312
alloc_pos 258500
alloc_pos 258528
alloc_pos 258684
alloc_pos 258888
alloc_pos 258964
alloc_pos 259104
alloc_pos 259240
alloc_pos 259420
alloc_pos 259524
alloc_pos 259788
alloc_pos 259932
alloc_pos 260144
alloc_pos 260236
alloc_pos 260472
alloc_pos 260696
alloc_pos 260908
alloc_pos 261064
alloc_pos 261192
alloc_pos 261368
alloc_pos 261536
alloc_pos 261744
alloc_pos 261828
alloc_pos -1

