reason: unexpected exit code -6
--- stdout ---
CHENEY GENERATOR!
--- stderr ---
alloc_pos 8
alloc_pos 1040
alloc_pos 2072
alloc_pos 3104
alloc_pos 3368
alloc_pos 3436
alloc_pos 3460
alloc_pos 3608
alloc_pos 3648
alloc_pos 3860
alloc_pos 4016
alloc_pos 4160
alloc_pos 4416
alloc_pos 4660
alloc_pos 4908
alloc_pos 4972
alloc_pos 5124
alloc_pos 5344
alloc_pos 5576
alloc_pos 5796
alloc_pos 6024
alloc_pos 6108
alloc_pos 6184
alloc_pos 6276
alloc_pos 6320
alloc_pos 6352
alloc_pos 6428
alloc_pos 6500
alloc_pos 6672
alloc_pos 6712
alloc_pos 6908
alloc_pos 7056
alloc_pos 7120
alloc_pos 7272
alloc_pos 7484
alloc_pos 7532
alloc_pos 7700
alloc_pos 7808
alloc_pos 7948
alloc_pos 7972
alloc_pos 8124
alloc_pos 8180
alloc_pos 8424
alloc_pos 8600
alloc_pos 8712
alloc_pos 8896
alloc_pos 8952
alloc_pos 9008
alloc_pos 9208
alloc_pos 9392
alloc_pos 9532
alloc_pos 9776
alloc_pos 9996
alloc_pos 10072
alloc_pos 10204
alloc_pos 10232
alloc_pos 10456
alloc_pos 10520
alloc_pos 10660
alloc_pos 10800
alloc_pos 10900
alloc_pos 11000
alloc_pos 11092
alloc_pos 11168
alloc_pos 11296
alloc_pos 11412
alloc_pos 11664
alloc_pos 11772
alloc_pos 11880
alloc_pos 11912
alloc_pos 12048
alloc_pos 12208
alloc_pos 12300
alloc_pos 12404
alloc_pos 12476
alloc_pos 12672
alloc_pos 12908
alloc_pos 12964
alloc_pos 13020
alloc_pos 13240
alloc_pos 13400
alloc_pos 13508
alloc_pos 13708
alloc_pos 13960
alloc_pos 14064
alloc_pos 14296
alloc_pos 14520
alloc_pos 14760
alloc_pos 14972
alloc_pos 15172
alloc_pos 15212
alloc_pos 15236
alloc_pos 15452
alloc_pos 15696
alloc_pos 15932
alloc_pos 16016
alloc_pos 16268
alloc_pos 16404
alloc_pos 16536
alloc_pos 16764
alloc_pos 16864
alloc_pos 16936
alloc_pos 17008
alloc_pos 17168
alloc_pos 17376
alloc_pos 17616
alloc_pos 17708
alloc_pos 17756
alloc_pos 17912
alloc_pos 18068
alloc_pos 18312
alloc_pos 18428
alloc_pos 18520
alloc_pos 18580
alloc_pos 18704
alloc_pos 18960
alloc_pos 19196
alloc_pos 19356
alloc_pos 19384
alloc_pos 19512
alloc_pos 19608
alloc_pos 19840
alloc_pos 20096
alloc_pos 20336
alloc_pos 20440
alloc_pos 20656
alloc_pos 20796
alloc_pos 21044
alloc_pos 21304
alloc_pos 21360
alloc_pos 21420
alloc_pos 21624
alloc_pos 21692
alloc_pos 21816
alloc_pos 21920
alloc_pos 22136
alloc_pos 22316
alloc_pos 22492
alloc_pos 22756
alloc_pos 22880
alloc_pos 22960
alloc_pos 23176
alloc_pos 23256
alloc_pos 23344
alloc_pos 23448
alloc_pos 23712
alloc_pos 23804
alloc_pos 23844
alloc_pos 23900
alloc_pos 24060
alloc_pos 24320
alloc_pos 24356
alloc_pos 24504
alloc_pos 24540
alloc_pos 24576
alloc_pos 24720
alloc_pos 24764
alloc_pos 24996
alloc_pos 25136
alloc_pos 25296
alloc_pos 25456
alloc_pos 25492
alloc_pos 25652
alloc_pos 25788
alloc_pos 26020
alloc_pos 26168
alloc_pos 26360
alloc_pos 26460
alloc_pos 26492
alloc_pos 26696
alloc_pos 26800
alloc_pos 27028
alloc_pos 27228
alloc_pos 27396
alloc_pos 27636
alloc_pos 27876
alloc_pos 27908
alloc_pos 28168
alloc_pos 28332
alloc_pos 28524
alloc_pos 28668
alloc_pos 28744
alloc_pos 28944
alloc_pos 29128
alloc_pos 29308
alloc_pos 29460
alloc_pos 29660
alloc_pos 29692
alloc_pos 29948
alloc_pos 30184
alloc_pos 30292
alloc_pos 30412
alloc_pos 30656
alloc_pos 30816
alloc_pos 31052
alloc_pos 31268
alloc_pos 31412
alloc_pos 31652
alloc_pos 31684
alloc_pos 31760
alloc_pos 31840
alloc_pos 32016
alloc_pos 32040
alloc_pos 32276
alloc_pos 32488
alloc_pos 32644
alloc_pos 32700
alloc_pos 32744
alloc_pos 32964
alloc_pos 33168
alloc_pos 33428
alloc_pos 33596
alloc_pos 33848
alloc_pos 34084
alloc_pos 34128
alloc_pos 34372
alloc_pos 34452
alloc_pos 34688
alloc_pos 34768
alloc_pos 34952
alloc_pos 35144
alloc_pos 35384
alloc_pos 35416
alloc_pos 35568
alloc_pos 35612
alloc_pos 35744
alloc_pos 35864
alloc_pos 35904
alloc_pos 36128
alloc_pos 36180
alloc_pos 36356
alloc_pos 36396
alloc_pos 36452
alloc_pos 36692
alloc_pos 36828
alloc_pos 37056
alloc_pos 37220
alloc_pos 37300
alloc_pos 37324
alloc_pos 37488
alloc_pos 37600
alloc_pos 37708
alloc_pos 37760
alloc_pos 37944
alloc_pos 38128
alloc_pos 38356
alloc_pos 38384
alloc_pos 38436
alloc_pos 38464
alloc_pos 38556
alloc_pos 38636
alloc_pos 38836
alloc_pos 39068
alloc_pos 39304
alloc_pos 39524
alloc_pos 39676
alloc_pos 39868
alloc_pos 39964
alloc_pos 39992
alloc_pos 40024
alloc_pos 40072
alloc_pos 40140
alloc_pos 40164
alloc_pos 40312
alloc_pos 40352
alloc_pos 40564
alloc_pos 40720
alloc_pos 40864
alloc_pos 41120
alloc_pos 41364
alloc_pos 41612
alloc_pos 41676
alloc_pos 41828
alloc_pos 42048
alloc_pos 42280
alloc_pos 42500
alloc_pos 42728
alloc_pos 42812
alloc_pos 42888
alloc_pos 42980
alloc_pos 43024
alloc_pos 43056
alloc_pos 43132
alloc_pos 43204
alloc_pos 43376
alloc_pos 43416
alloc_pos 43612
alloc_pos 43760
alloc_pos 43824
alloc_pos 43976
alloc_pos 44188
alloc_pos 44236
alloc_pos 44404
alloc_pos 44512
alloc_pos 44652
alloc_pos 44676
alloc_pos 44828
alloc_pos 44884
alloc_pos 45128
alloc_pos 45304
alloc_pos 45416
alloc_pos 45600
alloc_pos 45656
alloc_pos 45712
alloc_pos 45912
alloc_pos 46096
alloc_pos 46236
alloc_pos 46480
alloc_pos 46700
alloc_pos 46776
alloc_pos 46908
alloc_pos 46936
alloc_pos 47160
alloc_pos 47224
alloc_pos 47364
alloc_pos 47504
alloc_pos 47604
alloc_pos 47704
alloc_pos 47796
alloc_pos 47872
alloc_pos 48000
alloc_pos 48116
alloc_pos 48368
alloc_pos 48476
alloc_pos 48584
alloc_pos 48616
alloc_pos 48752
alloc_pos 48912
alloc_pos 49004
alloc_pos 49108
alloc_pos 49180
alloc_pos 49376
alloc_pos 49612
alloc_pos 49668
alloc_pos 49724
alloc_pos 49944
alloc_pos 50104
alloc_pos 50212
alloc_pos 50412
alloc_pos 50664
alloc_pos 50768
alloc_pos 51000
alloc_pos 51224
alloc_pos 51464
alloc_pos 51676
alloc_pos 51876
alloc_pos 51916
alloc_pos 51940
alloc_pos 52156
alloc_pos 52400
alloc_pos 52636
alloc_pos 52720
alloc_pos 52972
alloc_pos 53108
alloc_pos 53240
alloc_pos 53468
alloc_pos 53568
alloc_pos 53640
alloc_pos 53712
alloc_pos 53872
alloc_pos 54080
alloc_pos 54320
alloc_pos 54412
alloc_pos 54460
alloc_pos 54616
alloc_pos 54772
alloc_pos 55016
alloc_pos 55132
alloc_pos 55224
alloc_pos 55284
alloc_pos 55408
alloc_pos 55664
alloc_pos 55900
alloc_pos 56060
alloc_pos 56088
alloc_pos 56216
alloc_pos 56312
alloc_pos 56544
alloc_pos 56800
alloc_pos 57040
alloc_pos 57144
alloc_pos 57360
alloc_pos 57500
alloc_pos 57748
alloc_pos 58008
alloc_pos 58064
alloc_pos 58124
alloc_pos 58328
alloc_pos 58396
alloc_pos 58520
alloc_pos 58624
alloc_pos 58840
alloc_pos 59020
alloc_pos 59196
alloc_pos 59460
alloc_pos 59584
alloc_pos 59664
alloc_pos 59880
alloc_pos 59960
alloc_pos 60048
alloc_pos 60152
alloc_pos 60416
alloc_pos 60508
alloc_pos 60548
alloc_pos 60604
alloc_pos 60764
alloc_pos 61024
alloc_pos 61060
alloc_pos 61208
alloc_pos 61244
alloc_pos 61280
alloc_pos 61424
alloc_pos 61468
alloc_pos 61700
alloc_pos 61840
alloc_pos 62000
alloc_pos 62160
alloc_pos 62196
alloc_pos 62356
alloc_pos 62492
alloc_pos 62724
alloc_pos 62872
alloc_pos 63064
alloc_pos 63164
alloc_pos 63196
alloc_pos 63400
alloc_pos 63504
alloc_pos 63732
alloc_pos 63932
alloc_pos 64100
alloc_pos 64340
alloc_pos 64580
alloc_pos 64612
alloc_pos 64872
alloc_pos 65036
alloc_pos 65228
alloc_pos 65372
alloc_pos 65448
alloc_pos 65648
alloc_pos 65832
alloc_pos 66012
alloc_pos 66164
alloc_pos 66364
alloc_pos 66396
alloc_pos 66652
alloc_pos 66888
alloc_pos 66996
alloc_pos 67116
alloc_pos 67360
alloc_pos 67520
alloc_pos 67756
alloc_pos 67972
alloc_pos 68116
alloc_pos 68356
alloc_pos 68388
alloc_pos 68464
alloc_pos 68544
alloc_pos 68720
alloc_pos 68744
alloc_pos 68980
alloc_pos 69192
alloc_pos 69348
alloc_pos 69404
alloc_pos 69448
alloc_pos 69668
alloc_pos 69872
alloc_pos 70132
alloc_pos 70300
alloc_pos 70552
alloc_pos 70788
alloc_pos 70832
alloc_pos 71076
alloc_pos 71156
alloc_pos 71392
alloc_pos 71472
alloc_pos 71656
alloc_pos 71848
alloc_pos 72088
alloc_pos 72120
alloc_pos 72272
alloc_pos 72316
alloc_pos 72448
alloc_pos 72568
alloc_pos 72608
alloc_pos 72832
alloc_pos 72884
alloc_pos 73060
alloc_pos 73100
alloc_pos 73156
alloc_pos 73396
alloc_pos 73532
alloc_pos 73760
alloc_pos 73924
alloc_pos 74004
alloc_pos 74028
alloc_pos 74192
alloc_pos 74304
alloc_pos 74412
alloc_pos 74464
alloc_pos 74648
alloc_pos 74832
alloc_pos 75060
alloc_pos 75088
alloc_pos 75140
alloc_pos 75168
alloc_pos 75260
alloc_pos 75340
alloc_pos 75540
alloc_pos 75772
alloc_pos 76008
alloc_pos 76228
alloc_pos 76380
alloc_pos 76572
alloc_pos 76668
alloc_pos 76696
alloc_pos 76728
alloc_pos 76776
alloc_pos 76844
alloc_pos 76868
alloc_pos 77016
alloc_pos 77056
alloc_pos 77268
alloc_pos 77424
alloc_pos 77568
alloc_pos 77824
alloc_pos 78068
alloc_pos 78316
alloc_pos 78380
alloc_pos 78532
alloc_pos 78752
alloc_pos 78984
alloc_pos 79204
alloc_pos 79432
alloc_pos 79516
alloc_pos 79592
alloc_pos 79684
alloc_pos 79728
alloc_pos 79760
alloc_pos 79836
alloc_pos 79908
alloc_pos 80080
alloc_pos 80120
alloc_pos 80316
alloc_pos 80464
alloc_pos 80528
alloc_pos 80680
alloc_pos 80892
alloc_pos 80940
alloc_pos 81108
alloc_pos 81216
alloc_pos 81356
alloc_pos 81380
alloc_pos 81532
alloc_pos 81588
alloc_pos 81832
alloc_pos 82008
alloc_pos 82120
alloc_pos 82304
alloc_pos 82360
alloc_pos 82416
alloc_pos 82616
alloc_pos 82800
alloc_pos 82940
alloc_pos 83184
alloc_pos 83404
alloc_pos 83480
alloc_pos 83612
alloc_pos 83640
alloc_pos 83864
alloc_pos 83928
alloc_pos 84068
alloc_pos 84208
alloc_pos 84308
alloc_pos 84408
alloc_pos 84500
alloc_pos 84576
alloc_pos 84704
alloc_pos 84820
alloc_pos 85072
alloc_pos 85180
alloc_pos 85288
alloc_pos 85320
alloc_pos 85456
alloc_pos 85616
alloc_pos 85708
alloc_pos 85812
alloc_pos 85884
alloc_pos 86080
alloc_pos 86316
alloc_pos 86372
alloc_pos 86428
alloc_pos 86648
alloc_pos 86808
alloc_pos 86916
alloc_pos 87116
alloc_pos 87368
alloc_pos 87472
alloc_pos 87704
alloc_pos 87928
alloc_pos 88168
alloc_pos 88380
alloc_pos 88580
alloc_pos 88620
alloc_pos 88644
alloc_pos 88860
alloc_pos 89104
alloc_pos 89340
alloc_pos 89424
alloc_pos 89676
alloc_pos 89812
alloc_pos 89944
alloc_pos 90172
alloc_pos 90272
alloc_pos 90344
alloc_pos 90416
alloc_pos 90576
alloc_pos 90784
alloc_pos 91024
alloc_pos 91116
alloc_pos 91164
alloc_pos 91320
alloc_pos 91476
alloc_pos 91720
alloc_pos 91836
alloc_pos 91928
alloc_pos 91988
alloc_pos 92112
alloc_pos 92368
alloc_pos 92604
alloc_pos 92764
alloc_pos 92792
alloc_pos 92920
alloc_pos 93016
alloc_pos 93248
alloc_pos 93504
alloc_pos 93744
alloc_pos 93848
alloc_pos 94064
alloc_pos 94204
alloc_pos 94452
alloc_pos 94712
alloc_pos 94768
alloc_pos 94828
alloc_pos 95032
alloc_pos 95100
alloc_pos 95224
alloc_pos 95328
alloc_pos 95544
alloc_pos 95724
alloc_pos 95900
alloc_pos 96164
alloc_pos 96288
alloc_pos 96368
alloc_pos 96584
alloc_pos 96664
alloc_pos 96752
alloc_pos 96856
alloc_pos 97120
alloc_pos 97212
alloc_pos 97252
alloc_pos 97308
alloc_pos 97468
alloc_pos 97728
alloc_pos 97764
alloc_pos 97912
alloc_pos 97948
alloc_pos 97984
alloc_pos 98128
alloc_pos 98172
alloc_pos 98404
alloc_pos 98544
alloc_pos 98704
alloc_pos 98864
alloc_pos 98900
alloc_pos 99060
alloc_pos 99196
alloc_pos 99428
alloc_pos 99576
alloc_pos 99768
alloc_pos 99868
alloc_pos 99900
alloc_pos 100104
alloc_pos 100208
alloc_pos 100436
alloc_pos 100636
alloc_pos 100804
alloc_pos 101044
alloc_pos 101284
alloc_pos 101316
alloc_pos 101576
alloc_pos 101740
alloc_pos 101932
alloc_pos 102076
alloc_pos 102152
alloc_pos 102352
alloc_pos 102536
alloc_pos 102716
alloc_pos 102868
alloc_pos 103068
alloc_pos 103100
alloc_pos 103356
alloc_pos 103592
alloc_pos 103700
alloc_pos 103820
alloc_pos 104064
alloc_pos 104224
alloc_pos 104460
alloc_pos 104676
alloc_pos 104820
alloc_pos 105060
alloc_pos 105092
alloc_pos 105168
alloc_pos 105248
alloc_pos 105424
alloc_pos 105448
alloc_pos 105684
alloc_pos 105896
alloc_pos 106052
alloc_pos 106108
alloc_pos 106152
alloc_pos 106372
alloc_pos 106576
alloc_pos 106836
alloc_pos 107004
alloc_pos 107256
alloc_pos 107492
alloc_pos 107536
alloc_pos 107780
alloc_pos 107860
alloc_pos 108096
alloc_pos 108176
alloc_pos 108360
alloc_pos 108552
alloc_pos 108792
alloc_pos 108824
alloc_pos 108976
alloc_pos 109020
alloc_pos 109152
alloc_pos 109272
alloc_pos 109312
alloc_pos 109536
alloc_pos 109588
alloc_pos 109764
alloc_pos 109804
alloc_pos 109860
alloc_pos 110100
alloc_pos 110236
alloc_pos 110464
alloc_pos 110628
alloc_pos 110708
alloc_pos 110732
alloc_pos 110896
alloc_pos 111008
alloc_pos 111116
alloc_pos 111168
alloc_pos 111352
alloc_pos 111536
alloc_pos 111764
alloc_pos 111792
alloc_pos 111844
alloc_pos 111872
alloc_pos 111964
alloc_pos 112044
alloc_pos 112244
alloc_pos 112476
alloc_pos 112712
alloc_pos 112932
alloc_pos 113084
alloc_pos 113276
alloc_pos 113372
alloc_pos 113400
alloc_pos 113432
alloc_pos 113480
alloc_pos 113548
alloc_pos 113572
alloc_pos 113720
alloc_pos 113760
alloc_pos 113972
alloc_pos 114128
alloc_pos 114272
alloc_pos 114528
alloc_pos 114772
alloc_pos 115020
alloc_pos 115084
alloc_pos 115236
alloc_pos 115456
alloc_pos 115688
alloc_pos 115908
alloc_pos 116136
alloc_pos 116220
alloc_pos 116296
alloc_pos 116388
alloc_pos 116432
alloc_pos 116464
alloc_pos 116540
alloc_pos 116612
alloc_pos 116784
alloc_pos 116824
alloc_pos 117020
alloc_pos 117168
alloc_pos 117232
alloc_pos 117384
alloc_pos 117596
alloc_pos 117644
alloc_pos 117812
alloc_pos 117920
alloc_pos 118060
alloc_pos 118084
alloc_pos 118236
alloc_pos 118292
alloc_pos 118536
alloc_pos 118712
alloc_pos 118824
alloc_pos 119008
alloc_pos 119064
alloc_pos 119120
alloc_pos 119320
alloc_pos 119504
alloc_pos 119644
alloc_pos 119888
alloc_pos 120108
alloc_pos 120184
alloc_pos 120316
alloc_pos 120344
alloc_pos 120568
alloc_pos 120632
alloc_pos 120772
alloc_pos 120912
alloc_pos 121012
alloc_pos 121112
alloc_pos 121204
alloc_pos 121280
alloc_pos 121408
alloc_pos 121524
alloc_pos 121776
alloc_pos 121884
alloc_pos 121992
alloc_pos 122024
alloc_pos 122160
alloc_pos 122320
alloc_pos 122412
alloc_pos 122516
alloc_pos 122588
alloc_pos 122784
alloc_pos 123020
alloc_pos 123076
alloc_pos 123132
alloc_pos 123352
alloc_pos 123512
alloc_pos 123620
alloc_pos 123820
alloc_pos 124072
alloc_pos 124176
alloc_pos 124408
alloc_pos 124632
alloc_pos 124872
alloc_pos 125084
alloc_pos 125284
alloc_pos 125324
alloc_pos 125348
alloc_pos 125564
alloc_pos 125808
alloc_pos 126044
alloc_pos 126128
alloc_pos 126380
alloc_pos 126516
alloc_pos 126648
alloc_pos 126876
alloc_pos 126976
alloc_pos 127048
alloc_pos 127120
alloc_pos 127280
alloc_pos 127488
alloc_pos 127728
alloc_pos 127820
alloc_pos 127868
alloc_pos 128024
alloc_pos 128180
alloc_pos 128424
alloc_pos 128540
alloc_pos 128632
alloc_pos 128692
alloc_pos 128816
alloc_pos 129072
alloc_pos 129308
alloc_pos 129468
alloc_pos 129496
alloc_pos 129624
alloc_pos 129720
alloc_pos 129952
alloc_pos 130208
alloc_pos 130448
alloc_pos 130552
alloc_pos 130768
alloc_pos 130908
alloc_pos 131156
alloc_pos 131416
alloc_pos 131472
alloc_pos 131532
alloc_pos 131736
alloc_pos 131804
alloc_pos 131928
alloc_pos 132032
alloc_pos 132248
alloc_pos 132428
alloc_pos 132604
alloc_pos 132868
alloc_pos 132992
alloc_pos 133072
alloc_pos 133288
alloc_pos 133368
alloc_pos 133456
alloc_pos 133560
alloc_pos 133824
alloc_pos 133916
alloc_pos 133956
alloc_pos 134012
alloc_pos 134172
alloc_pos 134432
alloc_pos 134468
alloc_pos 134616
alloc_pos 134652
alloc_pos 134688
alloc_pos 134832
alloc_pos 134876
alloc_pos 135108
alloc_pos 135248
alloc_pos 135408
alloc_pos 135568
alloc_pos 135604
alloc_pos 135764
alloc_pos 135900
alloc_pos 136132
alloc_pos 136280
alloc_pos 136472
alloc_pos 136572
alloc_pos 136604
alloc_pos 136808
alloc_pos 136912
alloc_pos 137140
alloc_pos 137340
alloc_pos 137508
alloc_pos 137748
alloc_pos 137988
alloc_pos 138020
alloc_pos 138280
alloc_pos 138444
alloc_pos 138636
alloc_pos 138780
alloc_pos 138856
alloc_pos 139056
alloc_pos 139240
alloc_pos 139420
alloc_pos 139572
alloc_pos 139772
alloc_pos 139804
alloc_pos 140060
alloc_pos 140296
alloc_pos 140404
alloc_pos 140524
alloc_pos 140768
alloc_pos 140928
alloc_pos 141164
alloc_pos 141380
alloc_pos 141524
alloc_pos 141764
alloc_pos 141796
alloc_pos 141872
alloc_pos 141952
alloc_pos 142128
alloc_pos 142152
alloc_pos 142388
alloc_pos 142600
alloc_pos 142756
alloc_pos 142812
alloc_pos 142856
alloc_pos 143076
alloc_pos 143280
alloc_pos 143540
alloc_pos 143708
alloc_pos 143960
alloc_pos 144196
alloc_pos 144240
alloc_pos 144484
alloc_pos 144564
alloc_pos 144800
alloc_pos 144880
alloc_pos 145064
alloc_pos 145256
alloc_pos 145496
alloc_pos 145528
alloc_pos 145680
alloc_pos 145724
alloc_pos 145856
alloc_pos 145976
alloc_pos 146016
alloc_pos 146240
alloc_pos 146292
alloc_pos 146468
alloc_pos 146508
alloc_pos 146564
alloc_pos 146804
alloc_pos 146940
alloc_pos 147168
alloc_pos 147332
alloc_pos 147412
alloc_pos 147436
alloc_pos 147600
alloc_pos 147712
alloc_pos 147820
alloc_pos 147872
alloc_pos 148056
alloc_pos 148240
alloc_pos 148468
alloc_pos 148496
alloc_pos 148548
alloc_pos 148576
alloc_pos 148668
alloc_pos 148748
alloc_pos 148948
alloc_pos 149180
alloc_pos 149416
alloc_pos 149636
alloc_pos 149788
alloc_pos 149980
alloc_pos 150076
alloc_pos 150104
alloc_pos 150136
alloc_pos 150184
alloc_pos 150252
alloc_pos 150276
alloc_pos 150424
alloc_pos 150464
alloc_pos 150676
alloc_pos 150832
alloc_pos 150976
alloc_pos 151232
alloc_pos 151476
alloc_pos 151724
alloc_pos 151788
alloc_pos 151940
alloc_pos 152160
alloc_pos 152392
alloc_pos 152612
alloc_pos 152840
alloc_pos 152924
alloc_pos 153000
alloc_pos 153092
alloc_pos 153136
alloc_pos 153168
alloc_pos 153244
alloc_pos 153316
alloc_pos 153488
alloc_pos 153528
alloc_pos 153724
alloc_pos 153872
alloc_pos 153936
alloc_pos 154088
alloc_pos 154300
alloc_pos 154348
alloc_pos 154516
alloc_pos 154624
alloc_pos 154764
alloc_pos 154788
alloc_pos 154940
alloc_pos 154996
alloc_pos 155240
alloc_pos 155416
alloc_pos 155528
alloc_pos 155712
alloc_pos 155768
alloc_pos 155824
alloc_pos 156024
alloc_pos 156208
alloc_pos 156348
alloc_pos 156592
alloc_pos 156812
alloc_pos 156888
alloc_pos 157020
alloc_pos 157048
alloc_pos 157272
alloc_pos 157336
alloc_pos 157476
alloc_pos 157616
alloc_pos 157716
alloc_pos 157816
alloc_pos 157908
alloc_pos 157984
alloc_pos 158112
alloc_pos 158228
alloc_pos 158480
alloc_pos 158588
alloc_pos 158696
alloc_pos 158728
alloc_pos 158864
alloc_pos 159024
alloc_pos 159116
alloc_pos 159220
alloc_pos 159292
alloc_pos 159488
alloc_pos 159724
alloc_pos 159780
alloc_pos 159836
alloc_pos 160056
alloc_pos 160216
alloc_pos 160324
alloc_pos 160524
alloc_pos 160776
alloc_pos 160880
alloc_pos 161112
alloc_pos 161336
alloc_pos 161576
alloc_pos 161788
alloc_pos 161988
alloc_pos 162028
alloc_pos 162052
alloc_pos 162268
alloc_pos 162512
alloc_pos 162748
alloc_pos 162832
alloc_pos 163084
alloc_pos 163220
alloc_pos 163352
alloc_pos 163580
alloc_pos 163680
alloc_pos 163752
alloc_pos 163824
alloc_pos 163984
alloc_pos 164192
alloc_pos 164432
alloc_pos 164524
alloc_pos 164572
alloc_pos 164728
alloc_pos 164884
alloc_pos 165128
alloc_pos 165244
alloc_pos 165336
alloc_pos 165396
alloc_pos 165520
alloc_pos 165776
alloc_pos 166012
alloc_pos 166172
alloc_pos 166200
alloc_pos 166328
alloc_pos 166424
alloc_pos 166656
alloc_pos 166912
alloc_pos 167152
alloc_pos 167256
alloc_pos 167472
alloc_pos 167612
alloc_pos 167860
alloc_pos 168120
alloc_pos 168176
alloc_pos 168236
alloc_pos 168440
alloc_pos 168508
alloc_pos 168632
alloc_pos 168736
alloc_pos 168952
alloc_pos 169132
alloc_pos 169308
alloc_pos 169572
alloc_pos 169696
alloc_pos 169776
alloc_pos 169992
alloc_pos 170072
alloc_pos 170160
alloc_pos 170264
alloc_pos 170528
alloc_pos 170620
alloc_pos 170660
alloc_pos 170716
alloc_pos 170876
alloc_pos 171136
alloc_pos 171172
alloc_pos 171320
alloc_pos 171356
alloc_pos 171392
alloc_pos 171536
alloc_pos 171580
alloc_pos 171812
alloc_pos 171952
alloc_pos 172112
alloc_pos 172272
alloc_pos 172308
alloc_pos 172468
alloc_pos 172604
alloc_pos 172836
alloc_pos 172984
alloc_pos 173176
alloc_pos 173276
alloc_pos 173308
alloc_pos 173512
alloc_pos 173616
alloc_pos 173844
alloc_pos 174044
alloc_pos 174212
alloc_pos 174452
alloc_pos 174692
alloc_pos 174724
alloc_pos 174984
alloc_pos 175148
alloc_pos 175340
alloc_pos 175484
alloc_pos 175560
alloc_pos 175760
alloc_pos 175944
alloc_pos 176124
alloc_pos 176276
alloc_pos 176476
alloc_pos 176508
alloc_pos 176764
alloc_pos 177000
alloc_pos 177108
alloc_pos 177228
alloc_pos 177472
alloc_pos 177632
alloc_pos 177868
alloc_pos 178084
alloc_pos 178228
alloc_pos 178468
alloc_pos 178500
alloc_pos 178576
alloc_pos 178656
alloc_pos 178832
alloc_pos 178856
alloc_pos 179092
alloc_pos 179304
alloc_pos 179460
alloc_pos 179516
alloc_pos 179560
alloc_pos 179780
alloc_pos 179984
alloc_pos 180244
alloc_pos 180412
alloc_pos 180664
alloc_pos 180900
alloc_pos 180944
alloc_pos 181188
alloc_pos 181268
alloc_pos 181504
alloc_pos 181584
alloc_pos 181768
alloc_pos 181960
alloc_pos 182200
alloc_pos 182232
alloc_pos 182384
alloc_pos 182428
alloc_pos 182560
alloc_pos 182680
alloc_pos 182720
alloc_pos 182944
alloc_pos 182996
alloc_pos 183172
alloc_pos 183212
alloc_pos 183268
alloc_pos 183508
alloc_pos 183644
alloc_pos 183872
alloc_pos 184036
alloc_pos 184116
alloc_pos 184140
alloc_pos 184304
alloc_pos 184416
alloc_pos 184524
alloc_pos 184576
alloc_pos 184760
alloc_pos 184944
alloc_pos 185172
alloc_pos 185200
alloc_pos 185252
alloc_pos 185280
alloc_pos 185372
alloc_pos 185452
alloc_pos 185652
alloc_pos 185884
alloc_pos 186120
alloc_pos 186340
alloc_pos 186492
alloc_pos 186684
alloc_pos 186780
alloc_pos 186808
alloc_pos 186840
alloc_pos 186888
alloc_pos 186956
alloc_pos 186980
alloc_pos 187128
alloc_pos 187168
alloc_pos 187380
alloc_pos 187536
alloc_pos 187680
alloc_pos 187936
alloc_pos 188180
alloc_pos 188428
alloc_pos 188492
alloc_pos 188644
alloc_pos 188864
alloc_pos 189096
alloc_pos 189316
alloc_pos 189544
alloc_pos 189628
alloc_pos 189704
alloc_pos 189796
alloc_pos 189840
alloc_pos 189872
alloc_pos 189948
alloc_pos 190020
alloc_pos 190192
alloc_pos 190232
alloc_pos 190428
alloc_pos 190576
alloc_pos 190640
alloc_pos 190792
alloc_pos 191004
alloc_pos 191052
alloc_pos 191220
alloc_pos 191328
alloc_pos 191468
alloc_pos 191492
alloc_pos 191644
alloc_pos 191700
alloc_pos 191944
alloc_pos 192120
alloc_pos 192232
alloc_pos 192416
alloc_pos 192472
alloc_pos 192528
alloc_pos 192728
alloc_pos 192912
alloc_pos 193052
alloc_pos 193296
alloc_pos 193516
alloc_pos 193592
alloc_pos 193724
alloc_pos 193752
alloc_pos 193976
alloc_pos 194040
alloc_pos 194180
alloc_pos 194320
alloc_pos 194420
alloc_pos 194520
alloc_pos 194612
alloc_pos 194688
alloc_pos 194816
alloc_pos 194932
alloc_pos 195184
alloc_pos 195292
alloc_pos 195400
alloc_pos 195432
alloc_pos 195568
alloc_pos 195728
alloc_pos 195820
alloc_pos 195924
alloc_pos 195996
alloc_pos 196192
alloc_pos 196428
alloc_pos 196484
alloc_pos 196540
alloc_pos 196760
alloc_pos 196920
alloc_pos 197028
alloc_pos 197228
alloc_pos 197480
alloc_pos 197584
alloc_pos 197816
alloc_pos 198040
alloc_pos 198280
alloc_pos 198492
alloc_pos 198692
alloc_pos 198732
alloc_pos 198756
alloc_pos 198972
alloc_pos 199216
alloc_pos 199452
alloc_pos 199536
alloc_pos 199788
alloc_pos 199924
alloc_pos 200056
alloc_pos 200284
alloc_pos 200384
alloc_pos 200456
alloc_pos 200528
alloc_pos 200688
alloc_pos 200896
alloc_pos 201136
alloc_pos 201228
alloc_pos 201276
alloc_pos 201432
alloc_pos 201588
alloc_pos 201832
alloc_pos 201948
alloc_pos 202040
alloc_pos 202100
alloc_pos 202224
alloc_pos 202480
alloc_pos 202716
alloc_pos 202876
alloc_pos 202904
alloc_pos 203032
alloc_pos 203128
alloc_pos 203360
alloc_pos 203616
alloc_pos 203856
alloc_pos 203960
alloc_pos 204176
alloc_pos 204316
alloc_pos 204564
alloc_pos 204824
alloc_pos 204880
alloc_pos 204940
alloc_pos 205144
alloc_pos 205212
alloc_pos 205336
alloc_pos 205440
alloc_pos 205656
alloc_pos 205836
alloc_pos 206012
alloc_pos 206276
alloc_pos 206400
alloc_pos 206480
alloc_pos 206696
alloc_pos 206776
alloc_pos 206864
alloc_pos 206968
alloc_pos 207232
alloc_pos 207324
alloc_pos 207364
alloc_pos 207420
alloc_pos 207580
alloc_pos 207840
alloc_pos 207876
alloc_pos 208024
alloc_pos 208060
alloc_pos 208096
alloc_pos 208240
alloc_pos 208284
alloc_pos 208516
alloc_pos 208656
alloc_pos 208816
alloc_pos 208976
alloc_pos 209012
alloc_pos 209172
alloc_pos 209308
alloc_pos 209540
alloc_pos 209688
alloc_pos 209880
alloc_pos 209980
alloc_pos 210012
alloc_pos 210216
alloc_pos 210320
alloc_pos 210548
alloc_pos 210748
alloc_pos 210916
alloc_pos 211156
alloc_pos 211396
alloc_pos 211428
alloc_pos 211688
alloc_pos 211852
alloc_pos 212044
alloc_pos 212188
alloc_pos 212264
alloc_pos 212464
alloc_pos 212648
alloc_pos 212828
alloc_pos 212980
alloc_pos 213180
alloc_pos 213212
alloc_pos 213468
alloc_pos 213704
alloc_pos 213812
alloc_pos 213932
alloc_pos 214176
alloc_pos 214336
alloc_pos 214572
alloc_pos 214788
alloc_pos 214932
alloc_pos 215172
alloc_pos 215204
alloc_pos 215280
alloc_pos 215360
alloc_pos 215536
alloc_pos 215560
alloc_pos 215796
alloc_pos 216008
alloc_pos 216164
alloc_pos 216220
alloc_pos 216264
alloc_pos 216484
alloc_pos 216688
alloc_pos 216948
alloc_pos 217116
alloc_pos 217368
alloc_pos 217604
alloc_pos 217648
alloc_pos 217892
alloc_pos 217972
alloc_pos 218208
alloc_pos 218288
alloc_pos 218472
alloc_pos 218664
alloc_pos 218904
alloc_pos 218936
alloc_pos 219088
alloc_pos 219132
alloc_pos 219264
alloc_pos 219384
alloc_pos 219424
alloc_pos 219648
alloc_pos 219700
alloc_pos 219876
alloc_pos 219916
alloc_pos 219972
alloc_pos 220212
alloc_pos 220348
alloc_pos 220576
alloc_pos 220740
alloc_pos 220820
alloc_pos 220844
alloc_pos 221008
alloc_pos 221120
alloc_pos 221228
alloc_pos 221280
alloc_pos 221464
alloc_pos 221648
alloc_pos 221876
alloc_pos 221904
alloc_pos 221956
alloc_pos 221984
alloc_pos 222076
alloc_pos 222156
alloc_pos 222356
alloc_pos 222588
alloc_pos 222824
alloc_pos 223044
alloc_pos 223196
alloc_pos 223388
alloc_pos 223484
alloc_pos 223512
alloc_pos 223544
alloc_pos 223592
alloc_pos 223660
alloc_pos 223684
alloc_pos 223832
alloc_pos 223872
alloc_pos 224084
alloc_pos 224240
alloc_pos 224384
alloc_pos 224640
alloc_pos 224884
alloc_pos 225132
alloc_pos 225196
alloc_pos 225348
alloc_pos 225568
alloc_pos 225800
alloc_pos 226020
alloc_pos 226248
alloc_pos 226332
alloc_pos 226408
alloc_pos 226500
alloc_pos 226544
alloc_pos 226576
alloc_pos 226652
alloc_pos 226724
alloc_pos 226896
alloc_pos 226936
alloc_pos 227132
alloc_pos 227280
alloc_pos 227344
alloc_pos 227496
alloc_pos 227708
alloc_pos 227756
alloc_pos 227924
alloc_pos 228032
alloc_pos 228172
alloc_pos 228196
alloc_pos 228348
alloc_pos 228404
alloc_pos 228648
alloc_pos 228824
alloc_pos 228936
alloc_pos 229120
alloc_pos 229176
alloc_pos 229232
alloc_pos 229432
alloc_pos 229616
alloc_pos 229756
alloc_pos 230000
alloc_pos 230220
alloc_pos 230296
alloc_pos 230428
alloc_pos 230456
alloc_pos 230680
alloc_pos 230744
alloc_pos 230884
alloc_pos 231024
alloc_pos 231124
alloc_pos 231224
alloc_pos 231316
alloc_pos 231392
alloc_pos 231520
alloc_pos 231636
alloc_pos 231888
alloc_pos 231996
alloc_pos 232104
alloc_pos 232136
alloc_pos 232272
alloc_pos 232432
alloc_pos 232524
alloc_pos 232628
alloc_pos 232700
alloc_pos 232896
alloc_pos 233132
alloc_pos 233188
alloc_pos 233244
alloc_pos 233464
alloc_pos 233624
alloc_pos 233732
alloc_pos 233932
alloc_pos 234184
alloc_pos 234288
alloc_pos 234520
alloc_pos 234744
alloc_pos 234984
alloc_pos 235196
alloc_pos 235396
alloc_pos 235436
alloc_pos 235460
alloc_pos 235676
alloc_pos 235920
alloc_pos 236156
alloc_pos 236240
alloc_pos 236492
alloc_pos 236628
alloc_pos 236760
alloc_pos 236988
alloc_pos 237088
alloc_pos 237160
alloc_pos 237232
alloc_pos 237392
alloc_pos 237600
alloc_pos 237840
alloc_pos 237932
alloc_pos 237980
alloc_pos 238136
alloc_pos 238292
alloc_pos 238536
alloc_pos 238652
alloc_pos 238744
alloc_pos 238804
alloc_pos 238928
alloc_pos 239184
alloc_pos 239420
alloc_pos 239580
alloc_pos 239608
alloc_pos 239736
alloc_pos 239832
alloc_pos 240064
alloc_pos 240320
alloc_pos 240560
alloc_pos 240664
alloc_pos 240880
alloc_pos 241020
alloc_pos 241268
alloc_pos 241528
alloc_pos 241584
alloc_pos 241644
alloc_pos 241848
alloc_pos 241916
alloc_pos 242040
alloc_pos 242144
alloc_pos 242360
alloc_pos 242540
alloc_pos 242716
alloc_pos 242980
alloc_pos 243104
alloc_pos 243184
alloc_pos 243400
alloc_pos 243480
alloc_pos 243568
alloc_pos 243672
alloc_pos 243936
alloc_pos 244028
alloc_pos 244068
alloc_pos 244124
alloc_pos 244284
alloc_pos 244544
alloc_pos 244580
alloc_pos 244728
alloc_pos 244764
alloc_pos 244800
alloc_pos 244944
alloc_pos 244988
alloc_pos 245220
alloc_pos 245360
alloc_pos 245520
alloc_pos 245680
alloc_pos 245716
alloc_pos 245876
alloc_pos 246012
alloc_pos 246244
alloc_pos 246392
alloc_pos 246584
alloc_pos 246684
alloc_pos 246716
alloc_pos 246920
alloc_pos 247024
alloc_pos 247252
alloc_pos 247452
alloc_pos 247620
alloc_pos 247860
alloc_pos 248100
alloc_pos 248132
alloc_pos 248392
alloc_pos 248556
alloc_pos 248748
alloc_pos 248892
alloc_pos 248968
alloc_pos 249168
alloc_pos 249352
alloc_pos 249532
alloc_pos 249684
alloc_pos 249884
alloc_pos 249916
alloc_pos 250172
alloc_pos 250408
alloc_pos 250516
alloc_pos 250636
alloc_pos 250880
alloc_pos 251040
alloc_pos 251276
alloc_pos 251492
alloc_pos 251636
alloc_pos 251876
alloc_pos 251908
alloc_pos 251984
alloc_pos 252064
alloc_pos 252240
alloc_pos 252264
alloc_pos 252500
alloc_pos 252712
alloc_pos 252868
alloc_pos 252924
alloc_pos 252968
alloc_pos 253188
alloc_pos 253392
alloc_pos 253652
alloc_pos 253820
alloc_pos 254072
alloc_pos 254308
alloc_pos 254352
alloc_pos 254596
alloc_pos 254676
alloc_pos 254912
alloc_pos 254992
alloc_pos 255176
alloc_pos 255368
alloc_pos 255608
alloc_pos 255640
alloc_pos 255792
alloc_pos 255836
alloc_pos 255968
alloc_pos 256088
alloc_pos 256128
alloc_pos 256352
alloc_pos 256404
alloc_pos 256580
alloc_pos 256620
alloc_pos 256676
alloc_pos 256916
alloc_pos 257052
alloc_pos 257280
alloc_pos 257444
alloc_pos 257524
alloc_pos 257548
alloc_pos 257712
alloc_pos 257824
alloc_pos 257932
alloc_pos 257984
alloc_pos 258168
alloc_pos 258352
alloc_pos 258580
alloc_pos 258608
alloc_pos 258660
alloc_pos 258688
alloc_pos 258780
alloc_pos 258860
alloc_pos 259060
alloc_pos 259292
alloc_pos 259528
alloc_pos 259748
alloc_pos 259900
alloc_pos 260092
alloc_pos 260188
alloc_pos 260216
alloc_pos 260248
alloc_pos 260296
alloc_pos 260364
alloc_pos 260388
alloc_pos 260536
alloc_pos 260576
alloc_pos 260788
alloc_pos 260944
alloc_pos 261088
alloc_pos 261344
alloc_pos 261588
alloc_pos 261836
alloc_pos 261900
alloc_pos 262052
alloc_pos 262272
alloc_pos 262504
alloc_pos 262724
alloc_pos 262952
alloc_pos 263036
alloc_pos 263112
alloc_pos 263204
alloc_pos 263248
alloc_pos 263280
alloc_pos 263356
alloc_pos 263428
alloc_pos 263600
alloc_pos 263640
alloc_pos 263836
alloc_pos 263984
alloc_pos 264048
alloc_pos 264200
alloc_pos 264412
alloc_pos 264460
alloc_pos 264628
alloc_pos 264736
alloc_pos 264876
alloc_pos 264900
alloc_pos 265052
alloc_pos 265108
alloc_pos 265352
alloc_pos 265528
alloc_pos 265640
alloc_pos 265824
alloc_pos 265880
alloc_pos 265936
alloc_pos 266136
alloc_pos 266320
alloc_pos 266460
alloc_pos 266704
alloc_pos 266924
alloc_pos 267000
alloc_pos 267132
alloc_pos 267160
alloc_pos 267384
alloc_pos 267448
alloc_pos 267588
alloc_pos 267728
alloc_pos 267828
alloc_pos 267928
alloc_pos 268020
alloc_pos 268096
alloc_pos 268224
alloc_pos 268340
alloc_pos 268592
alloc_pos 268700
alloc_pos 268808
alloc_pos 268840
alloc_pos 268976
alloc_pos 269136
alloc_pos 269228
alloc_pos 269332
alloc_pos 269404
alloc_pos 269600
alloc_pos 269836
alloc_pos 269892
alloc_pos 269948
alloc_pos 270168
alloc_pos 270328
alloc_pos 270436
alloc_pos 270636
alloc_pos 270888
alloc_pos 270992
alloc_pos 271224
alloc_pos 271448
alloc_pos 271688
alloc_pos 271900
alloc_pos 272100
alloc_pos 272140
alloc_pos 272164
alloc_pos 272380
alloc_pos 272624
alloc_pos 272860
alloc_pos 272944
alloc_pos 273196
alloc_pos 273332
alloc_pos 273464
alloc_pos 273692
alloc_pos 273792
alloc_pos 273864
alloc_pos 273936
alloc_pos 274096
alloc_pos 274304
alloc_pos 274544
alloc_pos 274636
alloc_pos 274684
alloc_pos 274840
alloc_pos 274996
alloc_pos 275240
alloc_pos 275356
alloc_pos 275448
alloc_pos 275508
alloc_pos 275632
alloc_pos 275888
alloc_pos 276124
alloc_pos 276284
alloc_pos 276312
alloc_pos 276440
alloc_pos 276536
alloc_pos 276768
alloc_pos 277024
alloc_pos 277264
alloc_pos 277368
alloc_pos 277584
alloc_pos 277724
alloc_pos 277972
alloc_pos 278232
alloc_pos 278288
alloc_pos 278348
alloc_pos 278552
alloc_pos 278620
alloc_pos 278744
alloc_pos 278848
alloc_pos 279064
alloc_pos 279244
alloc_pos 279420
alloc_pos 279684
alloc_pos 279808
alloc_pos 279888
alloc_pos 280104
alloc_pos 280184
alloc_pos 280272
alloc_pos 280376
alloc_pos 280640
alloc_pos 280732
alloc_pos 280772
alloc_pos 280828
alloc_pos 280988
alloc_pos 281248
alloc_pos 281284
alloc_pos 281432
alloc_pos 281468
alloc_pos 281504
alloc_pos 281648
alloc_pos 281692
alloc_pos 281924
alloc_pos 282064
alloc_pos 282224
alloc_pos 282384
alloc_pos 282420
alloc_pos 282580
alloc_pos 282716
alloc_pos 282948
alloc_pos 283096
alloc_pos 283288
alloc_pos 283388
alloc_pos 283420
alloc_pos 283624
alloc_pos 283728
alloc_pos 283956
alloc_pos 284156
alloc_pos 284324
alloc_pos 284564
alloc_pos 284804
alloc_pos 284836
alloc_pos 285096
alloc_pos 285260
alloc_pos 285452
alloc_pos 285596
alloc_pos 285672
alloc_pos 285872
alloc_pos 286056
alloc_pos 286236
alloc_pos 286388
alloc_pos 286588
alloc_pos 286620
alloc_pos 286876
alloc_pos 287112
alloc_pos 287220
alloc_pos 287340
alloc_pos 287584
alloc_pos 287744
alloc_pos 287980
alloc_pos 288196
alloc_pos 288340
alloc_pos 288580
alloc_pos 288612
alloc_pos 288688
alloc_pos 288768
alloc_pos 288944
alloc_pos 288968
alloc_pos 289204
alloc_pos 289416
alloc_pos 289572
alloc_pos 289628
alloc_pos 289672
alloc_pos 289892
alloc_pos 290096
alloc_pos 290356
alloc_pos 290524
alloc_pos 290776
alloc_pos 291012
alloc_pos 291056
alloc_pos 291300
alloc_pos 291380
alloc_pos 291616
alloc_pos 291696
alloc_pos 291880
alloc_pos 292072
alloc_pos 292312
alloc_pos 292344
alloc_pos 292496
alloc_pos 292540
alloc_pos 292672
alloc_pos 292792
alloc_pos 292832
alloc_pos 293056
alloc_pos 293108
alloc_pos 293284
alloc_pos 293324
alloc_pos 293380
alloc_pos 293620
alloc_pos 293756
alloc_pos 293984
alloc_pos 294148
alloc_pos 294228
alloc_pos 294252
alloc_pos 294416
alloc_pos 294528
alloc_pos 294636
alloc_pos 294688
alloc_pos 294872
alloc_pos 295056
alloc_pos 295284
alloc_pos 295312
alloc_pos 295364
alloc_pos 295392
alloc_pos 295484
alloc_pos 295564
alloc_pos 295764
alloc_pos 295996
alloc_pos 296232
alloc_pos 296452
alloc_pos 296604
alloc_pos 296796
alloc_pos 296892
alloc_pos 296920
alloc_pos 296952
alloc_pos 297000
alloc_pos 297068
alloc_pos 297092
alloc_pos 297240
alloc_pos 297280
alloc_pos 297492
alloc_pos 297648
alloc_pos 297792
alloc_pos 298048
alloc_pos 298292
alloc_pos 298540
alloc_pos 298604
alloc_pos 298756
alloc_pos 298976
alloc_pos 299208
alloc_pos 299428
alloc_pos 299656
alloc_pos 299740
alloc_pos 299816
alloc_pos 299908
alloc_pos 299952
alloc_pos 299984
alloc_pos 300060
alloc_pos 300132
alloc_pos 300304
alloc_pos 300344
alloc_pos 300540
alloc_pos 300688
alloc_pos 300752
alloc_pos 300904
alloc_pos 301116
alloc_pos 301164
alloc_pos 301332
alloc_pos 301440
alloc_pos 301580
alloc_pos 301604
alloc_pos 301756
alloc_pos 301812
alloc_pos 302056
alloc_pos 302232
alloc_pos 302344
alloc_pos 302528
alloc_pos 302584
alloc_pos 302640
alloc_pos 302840
alloc_pos 303024
alloc_pos 303164
alloc_pos 303408
alloc_pos 303628
alloc_pos 303704
alloc_pos 303836
alloc_pos 303864
alloc_pos 304088
alloc_pos 304152
alloc_pos 304292
alloc_pos 304432
alloc_pos 304532
alloc_pos 304632
alloc_pos 304724
alloc_pos 304800
alloc_pos 304928
alloc_pos 305044
alloc_pos 305296
alloc_pos 305404
alloc_pos 305512
alloc_pos 305544
alloc_pos 305680
alloc_pos 305840
alloc_pos 305932
alloc_pos 306036
alloc_pos 306108
alloc_pos 306304
alloc_pos 306540
alloc_pos 306596
alloc_pos 306652
alloc_pos 306872
alloc_pos 307032
alloc_pos 307140
alloc_pos 307340
alloc_pos 307592
alloc_pos 307696
alloc_pos 307928
alloc_pos 308152
alloc_pos 308392
alloc_pos 308604
alloc_pos 308804
alloc_pos 308844
alloc_pos 308868
alloc_pos 309084
alloc_pos 309328
alloc_pos 309564
alloc_pos 309648
alloc_pos 309900
alloc_pos 310036
alloc_pos 310168
alloc_pos 310396
alloc_pos 310496
alloc_pos 310568
alloc_pos 310640
alloc_pos 310800
alloc_pos 311008
alloc_pos 311248
alloc_pos 311340
alloc_pos 311388
alloc_pos 311544
alloc_pos 311700
alloc_pos 311944
alloc_pos 312060
alloc_pos 312152
alloc_pos 312212
alloc_pos 312336
alloc_pos 312592
alloc_pos 312828
alloc_pos 312988
alloc_pos 313016
alloc_pos 313144
alloc_pos 313240
alloc_pos 313472
alloc_pos 313728
alloc_pos 313968
alloc_pos 314072
alloc_pos 314288
alloc_pos 314428
alloc_pos 314676
alloc_pos 314936
alloc_pos 314992
alloc_pos 315052
alloc_pos 315256
alloc_pos 315324
alloc_pos 315448
alloc_pos 315552
alloc_pos 315768
alloc_pos 315948
alloc_pos 316124
alloc_pos 316388
alloc_pos 316512
alloc_pos 316592
alloc_pos 316808
alloc_pos 316888
alloc_pos 316976
alloc_pos 317080
alloc_pos 317344
alloc_pos 317436
alloc_pos 317476
alloc_pos 317532
alloc_pos 317692
alloc_pos 317952
alloc_pos 317988
alloc_pos 318136
alloc_pos 318172
alloc_pos 318208
alloc_pos 318352
alloc_pos 318396
alloc_pos 318628
alloc_pos 318768
alloc_pos 318928
alloc_pos 319088
alloc_pos 319124
alloc_pos 319284
alloc_pos 319420
alloc_pos 319652
alloc_pos 319800
alloc_pos 319992
alloc_pos 320092
alloc_pos 320124
alloc_pos 320328
alloc_pos 320432
alloc_pos 320660
alloc_pos 320860
alloc_pos 321028
alloc_pos 321268
alloc_pos 321508
alloc_pos 321540
alloc_pos 321800
alloc_pos 321964
alloc_pos 322156
alloc_pos 322300
alloc_pos 322376
alloc_pos 322576
alloc_pos 322760
alloc_pos 322940
alloc_pos 323092
alloc_pos 323292
alloc_pos 323324
alloc_pos 323580
alloc_pos 323816
alloc_pos 323924
alloc_pos 324044
alloc_pos 324288
alloc_pos 324448
alloc_pos 324684
alloc_pos 324900
alloc_pos 325044
alloc_pos 325284
alloc_pos 325316
alloc_pos 325392
alloc_pos 325472
alloc_pos 325648
alloc_pos 325672
alloc_pos 325908
alloc_pos 326120
alloc_pos 326276
alloc_pos 326332
alloc_pos 326376
alloc_pos 326596
alloc_pos 326800
alloc_pos 327060
alloc_pos 327228
alloc_pos 327480
alloc_pos 327716
alloc_pos 327760
alloc_pos 328004
alloc_pos 328084
alloc_pos 328320
alloc_pos 328400
alloc_pos 328584
alloc_pos 328776
alloc_pos 329016
alloc_pos 329048
alloc_pos 329200
alloc_pos 329244
alloc_pos 329376
alloc_pos 329496
alloc_pos 329536
alloc_pos 329760
alloc_pos 329812
alloc_pos 329988
alloc_pos 330028
alloc_pos 330084
alloc_pos 330324
alloc_pos 330460
alloc_pos 330688
alloc_pos 330852
alloc_pos 330932
alloc_pos 330956
alloc_pos 331120
alloc_pos 331232
alloc_pos 331340
alloc_pos 331392
alloc_pos 331576
alloc_pos 331760
alloc_pos 331988
alloc_pos 332016
alloc_pos 332068
alloc_pos 332096
alloc_pos 332188
alloc_pos 332268
alloc_pos 332468
alloc_pos 332700
alloc_pos 332936
alloc_pos 333156
alloc_pos 333308
alloc_pos 333500
alloc_pos 333596
alloc_pos 333624
alloc_pos 333656
alloc_pos 333704
alloc_pos 333772
alloc_pos 333796
alloc_pos 333944
alloc_pos 333984
alloc_pos 334196
alloc_pos 334352
alloc_pos 334496
alloc_pos 334752
alloc_pos 334996
alloc_pos 335244
alloc_pos 335308
alloc_pos 335460
alloc_pos 335680
alloc_pos 335912
alloc_pos 336132
alloc_pos 336360
alloc_pos 336444
alloc_pos 336520
alloc_pos 336612
alloc_pos 336656
alloc_pos 336688
alloc_pos 336764
alloc_pos 336836
alloc_pos 337008
alloc_pos 337048
alloc_pos 337244
alloc_pos 337392
alloc_pos 337456
alloc_pos 337608
alloc_pos 337820
alloc_pos 337868
alloc_pos 338036
alloc_pos 338144
alloc_pos 338284
alloc_pos 338308
alloc_pos 338460
alloc_pos 338516
alloc_pos 338760
alloc_pos 338936
alloc_pos 339048
alloc_pos 339232
alloc_pos 339288
alloc_pos 339344
alloc_pos 339544
alloc_pos 339728
alloc_pos 339868
alloc_pos 340112
alloc_pos 340332
alloc_pos 340408
alloc_pos 340540
alloc_pos 340568
alloc_pos 340792
alloc_pos 340856
alloc_pos 340996
alloc_pos 341136
alloc_pos 341236
alloc_pos 341336
alloc_pos 341428
alloc_pos 341504
alloc_pos 341632
alloc_pos 341748
alloc_pos 342000
alloc_pos 342108
alloc_pos 342216
alloc_pos 342248
alloc_pos 342384
alloc_pos 342544
alloc_pos 342636
alloc_pos 342740
alloc_pos 342812
alloc_pos 343008
alloc_pos 343244
alloc_pos 343300
alloc_pos 343356
alloc_pos 343576
alloc_pos 343736
alloc_pos 343844
alloc_pos 344044
alloc_pos 344296
alloc_pos 344400
alloc_pos 344632
alloc_pos 344856
alloc_pos 345096
alloc_pos 345308
alloc_pos 345508
alloc_pos 345548
alloc_pos 345572
alloc_pos 345788
alloc_pos 346032
alloc_pos 346268
alloc_pos 346352
alloc_pos 346604
alloc_pos 346740
alloc_pos 346872
alloc_pos 347100
alloc_pos 347200
alloc_pos 347272
alloc_pos 347344
alloc_pos 347504
alloc_pos 347712
alloc_pos 347952
alloc_pos 348044
alloc_pos 348092
alloc_pos 348248
alloc_pos 348404
alloc_pos 348648
alloc_pos 348764
alloc_pos 348856
alloc_pos 348916
alloc_pos 349040
alloc_pos 349296
alloc_pos 349532
alloc_pos 349692
alloc_pos 349720
alloc_pos 349848
alloc_pos 349944
alloc_pos 350176
alloc_pos 350432
alloc_pos 350672
alloc_pos 350776
alloc_pos 350992
alloc_pos 351132
alloc_pos 351380
alloc_pos 351640
alloc_pos 351696
alloc_pos 351756
alloc_pos 351960
alloc_pos 352028
alloc_pos 352152
alloc_pos 352256
alloc_pos 352472
alloc_pos 352652
alloc_pos 352828
alloc_pos 353092
alloc_pos 353216
alloc_pos 353296
alloc_pos 353512
alloc_pos 353592
alloc_pos 353680
alloc_pos 353784
alloc_pos 354048
alloc_pos 354140
alloc_pos 354180
alloc_pos 354236
alloc_pos 354396
alloc_pos 354656
alloc_pos 354692
alloc_pos 354840
alloc_pos 354876
alloc_pos 354912
alloc_pos 355056
alloc_pos 355100
alloc_pos 355332
alloc_pos 355472
alloc_pos 355632
alloc_pos 355792
alloc_pos 355828
alloc_pos 355988
alloc_pos 356124
alloc_pos 356356
alloc_pos 356504
alloc_pos 356696
alloc_pos 356796
alloc_pos 356828
alloc_pos 357032
alloc_pos 357136
alloc_pos 357364
alloc_pos 357564
alloc_pos 357732
alloc_pos 357972
alloc_pos 358212
alloc_pos 358244
alloc_pos 358504
alloc_pos 358668
alloc_pos 358860
alloc_pos 359004
alloc_pos 359080
alloc_pos 359280
alloc_pos 359464
alloc_pos 359644
alloc_pos 359796
alloc_pos 359996
alloc_pos 360028
alloc_pos 360284
alloc_pos 360520
alloc_pos 360628
alloc_pos 360748
alloc_pos 360992
alloc_pos 361152
alloc_pos 361388
alloc_pos 361604
alloc_pos 361748
alloc_pos 361988
alloc_pos 362020
alloc_pos 362096
alloc_pos 362176
alloc_pos 362352
alloc_pos 362376
alloc_pos 362612
alloc_pos 362824
alloc_pos 362980
alloc_pos 363036
alloc_pos 363080
alloc_pos 363300
alloc_pos 363504
alloc_pos 363764
alloc_pos 363932
alloc_pos 364184
alloc_pos 364420
alloc_pos 364464
alloc_pos 364708
alloc_pos 364788
alloc_pos 365024
alloc_pos 365104
alloc_pos 365288
alloc_pos 365480
alloc_pos 365720
alloc_pos 365752
alloc_pos 365904
alloc_pos 365948
alloc_pos 366080
alloc_pos 366200
alloc_pos 366240
alloc_pos 366464
alloc_pos 366516
alloc_pos 366692
alloc_pos 366732
alloc_pos 366788
alloc_pos 367028
alloc_pos 367164
alloc_pos 367392
alloc_pos 367556
alloc_pos 367636
alloc_pos 367660
alloc_pos 367824
alloc_pos 367936
alloc_pos 368044
alloc_pos 368096
alloc_pos 368280
alloc_pos 368464
alloc_pos 368692
alloc_pos 368720
alloc_pos 368772
alloc_pos 368800
alloc_pos 368892
alloc_pos 368972
alloc_pos 369172
alloc_pos 369404
alloc_pos 369640
alloc_pos 369860
alloc_pos 370012
alloc_pos 370204
alloc_pos 370300
alloc_pos 370328
alloc_pos 370360
alloc_pos 370408
alloc_pos 370476
alloc_pos 370500
alloc_pos 370648
alloc_pos 370688
alloc_pos 370900
alloc_pos 371056
alloc_pos 371200
alloc_pos 371456
alloc_pos 371700
alloc_pos 371948
alloc_pos 372012
alloc_pos 372164
alloc_pos 372384
alloc_pos 372616
alloc_pos 372836
alloc_pos 373064
alloc_pos 373148
alloc_pos 373224
alloc_pos 373316
alloc_pos 373360
alloc_pos 373392
alloc_pos 373468
alloc_pos 373540
alloc_pos 373712
alloc_pos 373752
alloc_pos 373948
alloc_pos 374096
alloc_pos 374160
alloc_pos 374312
alloc_pos 374524
alloc_pos 374572
alloc_pos 374740
alloc_pos 374848
alloc_pos 374988
alloc_pos 375012
alloc_pos 375164
alloc_pos 375220
alloc_pos 375464
alloc_pos 375640
alloc_pos 375752
alloc_pos 375936
alloc_pos 375992
alloc_pos 376048
alloc_pos 376248
alloc_pos 376432
alloc_pos 376572
alloc_pos 376816
alloc_pos 377036
alloc_pos 377112
alloc_pos 377244
alloc_pos 377272
alloc_pos 377496
alloc_pos 377560
alloc_pos 377700
alloc_pos 377840
alloc_pos 377940
alloc_pos 378040
alloc_pos 378132
alloc_pos 378208
alloc_pos 378336
alloc_pos 378452
alloc_pos 378704
alloc_pos 378812
alloc_pos 378920
alloc_pos 378952
alloc_pos 379088
alloc_pos 379248
alloc_pos 379340
alloc_pos 379444
alloc_pos 379516
alloc_pos 379712
alloc_pos 379948
alloc_pos 380004
alloc_pos 380060
alloc_pos 380280
alloc_pos 380440
alloc_pos 380548
alloc_pos 380748
alloc_pos 381000
alloc_pos 381104
alloc_pos 381336
alloc_pos 381560
alloc_pos 381800
alloc_pos 382012
alloc_pos 382212
alloc_pos 382252
alloc_pos 382276
alloc_pos 382492
alloc_pos 382736
alloc_pos 382972
alloc_pos 383056
alloc_pos 383308
alloc_pos 383444
alloc_pos 383576
alloc_pos 383804
alloc_pos 383904
alloc_pos 383976
alloc_pos 384048
alloc_pos 384208
alloc_pos 384416
alloc_pos 384656
alloc_pos 384748
alloc_pos 384796
alloc_pos 384952
alloc_pos 385108
alloc_pos 385352
alloc_pos 385468
alloc_pos 385560
alloc_pos 385620
alloc_pos 385744
alloc_pos 386000
alloc_pos 386236
alloc_pos 386396
alloc_pos 386424
alloc_pos 386552
alloc_pos 386648
alloc_pos 386880
alloc_pos 387136
alloc_pos 387376
alloc_pos 387480
alloc_pos 387696
alloc_pos 387836
alloc_pos 388084
alloc_pos 388344
alloc_pos 388400
alloc_pos 388460
alloc_pos 388664
alloc_pos 388732
alloc_pos 388856
alloc_pos 388960
alloc_pos 389176
alloc_pos 389356
alloc_pos 389532
alloc_pos 389796
alloc_pos 389920
alloc_pos 390000
alloc_pos 390216
alloc_pos 390296
alloc_pos 390384
alloc_pos 390488
alloc_pos 390752
alloc_pos 390844
alloc_pos 390884
alloc_pos 390940
alloc_pos 391100
alloc_pos 391360
alloc_pos 391396
alloc_pos 391544
alloc_pos 391580
alloc_pos 391616
alloc_pos 391760
alloc_pos 391804
alloc_pos 392036
alloc_pos 392176
alloc_pos 392336
alloc_pos 392496
alloc_pos 392532
alloc_pos 392692
alloc_pos 392828
alloc_pos 393060
alloc_pos 393208
alloc_pos 393400
alloc_pos 393500
alloc_pos 393532
alloc_pos 393736
alloc_pos 393840
alloc_pos 394068
alloc_pos 394268
alloc_pos 394436
alloc_pos 394676
alloc_pos 394916
alloc_pos 394948
alloc_pos 395208
alloc_pos 395372
alloc_pos 395564
alloc_pos 395708
alloc_pos 395784
alloc_pos 395984
alloc_pos 396168
alloc_pos 396348
alloc_pos 396500
alloc_pos 396700
alloc_pos 396732
alloc_pos 396988
alloc_pos 397224
alloc_pos 397332
alloc_pos 397452
alloc_pos 397696
alloc_pos 397856
alloc_pos 398092
alloc_pos 398308
alloc_pos 398452
alloc_pos 398692
alloc_pos 398724
alloc_pos 398800
alloc_pos 398880
alloc_pos 399056
alloc_pos 399080
alloc_pos 399316
alloc_pos 399528
alloc_pos 399684
alloc_pos 399740
alloc_pos 399784
alloc_pos 400004
alloc_pos 400208
alloc_pos 400468
alloc_pos 400636
alloc_pos 400888
alloc_pos 401124
alloc_pos 401168
alloc_pos 401412
alloc_pos 401492
alloc_pos 401728
alloc_pos 401808
alloc_pos 401992
alloc_pos 402184
alloc_pos 402424
alloc_pos 402456
alloc_pos 402608
alloc_pos 402652
alloc_pos 402784
alloc_pos 402904
alloc_pos 402944
alloc_pos 403168
alloc_pos 403220
alloc_pos 403396
alloc_pos 403436
alloc_pos 403492
alloc_pos 403732
alloc_pos 403868
alloc_pos 404096
alloc_pos 404260
alloc_pos 404340
alloc_pos 404364
alloc_pos 404528
alloc_pos 404640
alloc_pos 404748
alloc_pos 404800
alloc_pos 404984
alloc_pos 405168
alloc_pos 405396
alloc_pos 405424
alloc_pos 405476
alloc_pos 405504
alloc_pos 405596
alloc_pos 405676
alloc_pos 405876
alloc_pos 406108
alloc_pos 406344
alloc_pos 406564
alloc_pos 406716
alloc_pos 406908
alloc_pos 407004
alloc_pos 407032
alloc_pos 407064
alloc_pos 407112
alloc_pos 407180
alloc_pos 407204
alloc_pos 407352
alloc_pos 407392
alloc_pos 407604
alloc_pos 407760
alloc_pos 407904
alloc_pos 408160
alloc_pos 408404
alloc_pos 408652
alloc_pos 408716
alloc_pos 408868
alloc_pos 409088
alloc_pos 409320
alloc_pos 409540
alloc_pos 409768
alloc_pos 409852
alloc_pos 409928
alloc_pos 410020
alloc_pos 410064
alloc_pos 410096
alloc_pos 410172
alloc_pos 410244
alloc_pos 410416
alloc_pos 410456
alloc_pos 410652
alloc_pos 410800
alloc_pos 410864
alloc_pos 411016
alloc_pos 411228
alloc_pos 411276
alloc_pos 411444
alloc_pos 411552
alloc_pos 411692
alloc_pos 411716
alloc_pos 411868
alloc_pos 411924
alloc_pos 412168
alloc_pos 412344
alloc_pos 412456
alloc_pos 412640
alloc_pos 412696
alloc_pos 412752
alloc_pos 412952
alloc_pos 413136
alloc_pos 413276
alloc_pos 413520
alloc_pos 413740
alloc_pos 413816
alloc_pos 413948
alloc_pos 413976
alloc_pos 414200
alloc_pos 414264
alloc_pos 414404
alloc_pos 414544
alloc_pos 414644
alloc_pos 414744
alloc_pos 414836
alloc_pos 414912
alloc_pos 415040
alloc_pos 415156
alloc_pos 415408
alloc_pos 415516
alloc_pos 415624
alloc_pos 415656
alloc_pos 415792
alloc_pos 415952
alloc_pos 416044
alloc_pos 416148
alloc_pos 416220
alloc_pos 416416
alloc_pos 416652
alloc_pos 416708
alloc_pos 416764
alloc_pos 416984
alloc_pos 417144
alloc_pos 417252
alloc_pos 417452
alloc_pos 417704
alloc_pos 417808
alloc_pos 418040
alloc_pos 418264
alloc_pos 418504
alloc_pos 418716
alloc_pos 418916
alloc_pos 418956
alloc_pos 418980
alloc_pos 419196
alloc_pos 419440
alloc_pos 419676
alloc_pos 419760
alloc_pos 420012
alloc_pos 420148
alloc_pos 420280
alloc_pos 420508
alloc_pos 420608
alloc_pos 420680
alloc_pos 420752
alloc_pos 420912
alloc_pos 421120
alloc_pos 421360
alloc_pos 421452
alloc_pos 421500
alloc_pos 421656
alloc_pos 421812
alloc_pos 422056
alloc_pos 422172
alloc_pos 422264
alloc_pos 422324
alloc_pos 422448
alloc_pos 422704
alloc_pos 422940
alloc_pos 423100
alloc_pos 423128
alloc_pos 423256
alloc_pos 423352
alloc_pos 423584
alloc_pos 423840
alloc_pos 424080
alloc_pos 424184
alloc_pos 424400
alloc_pos 424540
alloc_pos 424788
alloc_pos 425048
alloc_pos 425104
alloc_pos 425164
alloc_pos 425368
alloc_pos 425436
alloc_pos 425560
alloc_pos 425664
alloc_pos 425880
alloc_pos 426060
alloc_pos 426236
alloc_pos 426500
alloc_pos 426624
alloc_pos 426704
alloc_pos 426920
alloc_pos 427000
alloc_pos 427088
alloc_pos 427192
alloc_pos 427456
alloc_pos 427548
alloc_pos 427588
alloc_pos 427644
alloc_pos 427804
alloc_pos 428064
alloc_pos 428100
alloc_pos 428248
alloc_pos 428284
alloc_pos 428320
alloc_pos 428464
alloc_pos 428508
alloc_pos 428740
alloc_pos 428880
alloc_pos 429040
alloc_pos 429200
alloc_pos 429236
alloc_pos 429396
alloc_pos 429532
alloc_pos 429764
alloc_pos 429912
alloc_pos 430104
alloc_pos 430204
alloc_pos 430236
alloc_pos 430440
alloc_pos 430544
alloc_pos 430772
alloc_pos 430972
alloc_pos 431140
alloc_pos 431380
alloc_pos 431620
alloc_pos 431652
alloc_pos 431912
alloc_pos 432076
alloc_pos 432268
alloc_pos 432412
alloc_pos 432488
alloc_pos 432688
alloc_pos 432872
alloc_pos 433052
alloc_pos 433204
alloc_pos 433404
alloc_pos 433436
alloc_pos 433692
alloc_pos 433928
alloc_pos 434036
alloc_pos 434156
alloc_pos 434400
alloc_pos 434560
alloc_pos 434796
alloc_pos 435012
alloc_pos 435156
alloc_pos 435396
alloc_pos 435428
alloc_pos 435504
alloc_pos 435584
alloc_pos 435760
alloc_pos 435784
alloc_pos 436020
alloc_pos 436232
alloc_pos 436388
alloc_pos 436444
alloc_pos 436488
alloc_pos 436708
alloc_pos 436912
alloc_pos 437172
alloc_pos 437340
alloc_pos 437592
alloc_pos 437828
alloc_pos 437872
alloc_pos 438116
alloc_pos 438196
alloc_pos 438432
alloc_pos 438512
alloc_pos 438696
alloc_pos 438888
alloc_pos 439128
alloc_pos 439160
alloc_pos 439312
alloc_pos 439356
alloc_pos 439488
alloc_pos 439608
alloc_pos 439648
alloc_pos 439872
alloc_pos 439924
alloc_pos 440100
alloc_pos 440140
alloc_pos 440196
alloc_pos 440436
alloc_pos 440572
alloc_pos 440800
alloc_pos 440964
alloc_pos 441044
alloc_pos 441068
alloc_pos 441232
alloc_pos 441344
alloc_pos 441452
alloc_pos 441504
alloc_pos 441688
alloc_pos 441872
alloc_pos 442100
alloc_pos 442128
alloc_pos 442180
alloc_pos 442208
alloc_pos 442300
alloc_pos 442380
alloc_pos 442580
alloc_pos 442812
alloc_pos 443048
alloc_pos 443268
alloc_pos 443420
alloc_pos 443612
alloc_pos 443708
alloc_pos 443736
alloc_pos 443768
alloc_pos 443816
alloc_pos 443884
alloc_pos 443908
alloc_pos 444056
alloc_pos 444096
alloc_pos 444308
alloc_pos 444464
alloc_pos 444608
alloc_pos 444864
alloc_pos 445108
alloc_pos 445356
alloc_pos 445420
alloc_pos 445572
alloc_pos 445792
alloc_pos 446024
alloc_pos 446244
alloc_pos 446472
alloc_pos 446556
alloc_pos 446632
alloc_pos 446724
alloc_pos 446768
alloc_pos 446800
alloc_pos 446876
alloc_pos 446948
alloc_pos 447120
alloc_pos 447160
alloc_pos 447356
alloc_pos 447504
alloc_pos 447568
alloc_pos 447720
alloc_pos 447932
alloc_pos 447980
alloc_pos 448148
alloc_pos 448256
alloc_pos 448396
alloc_pos 448420
alloc_pos 448572
alloc_pos 448628
alloc_pos 448872
alloc_pos 449048
alloc_pos 449160
alloc_pos 449344
alloc_pos 449400
alloc_pos 449456
alloc_pos 449656
alloc_pos 449840
alloc_pos 449980
alloc_pos 450224
alloc_pos 450444
alloc_pos 450520
alloc_pos 450652
alloc_pos 450680
alloc_pos 450904
alloc_pos 450968
alloc_pos 451108
alloc_pos 451248
alloc_pos 451348
alloc_pos 451448
alloc_pos 451540
alloc_pos 451616
alloc_pos 451744
alloc_pos 451860
alloc_pos 452112
alloc_pos 452220
alloc_pos 452328
alloc_pos 452360
alloc_pos 452496
alloc_pos 452656
alloc_pos 452748
alloc_pos 452852
alloc_pos 452924
alloc_pos 453120
alloc_pos 453356
alloc_pos 453412
alloc_pos 453468
alloc_pos 453688
alloc_pos 453848
alloc_pos 453956
alloc_pos 454156
alloc_pos 454408
alloc_pos 454512
alloc_pos 454744
alloc_pos 454968
alloc_pos 455208
alloc_pos 455420
alloc_pos 455620
alloc_pos 455660
alloc_pos 455684
alloc_pos 455900
alloc_pos 456144
alloc_pos 456380
alloc_pos 456464
alloc_pos 456716
alloc_pos 456852
alloc_pos 456984
alloc_pos 457212
alloc_pos 457312
alloc_pos 457384
alloc_pos 457456
alloc_pos 457616
alloc_pos 457824
alloc_pos 458064
alloc_pos 458156
alloc_pos 458204
alloc_pos 458360
alloc_pos 458516
alloc_pos 458760
alloc_pos 458876
alloc_pos 458968
alloc_pos 459028
alloc_pos 459152
alloc_pos 459408
alloc_pos 459644
alloc_pos 459804
alloc_pos 459832
alloc_pos 459960
alloc_pos 460056
alloc_pos 460288
alloc_pos 460544
alloc_pos 460784
alloc_pos 460888
alloc_pos 461104
alloc_pos 461244
alloc_pos 461492
alloc_pos 461752
alloc_pos 461808
alloc_pos 461868
alloc_pos 462072
alloc_pos 462140
alloc_pos 462264
alloc_pos 462368
alloc_pos 462584
alloc_pos 462764
alloc_pos 462940
alloc_pos 463204
alloc_pos 463328
alloc_pos 463408
alloc_pos 463624
alloc_pos 463704
alloc_pos 463792
alloc_pos 463896
alloc_pos 464160
alloc_pos 464252
alloc_pos 464292
alloc_pos 464348
alloc_pos 464508
alloc_pos 464768
alloc_pos 464804
alloc_pos 464952
alloc_pos 464988
alloc_pos 465024
alloc_pos 465168
alloc_pos 465212
alloc_pos 465444
alloc_pos 465584
alloc_pos 465744
alloc_pos 465904
alloc_pos 465940
alloc_pos 466100
alloc_pos 466236
alloc_pos 466468
alloc_pos 466616
alloc_pos 466808
alloc_pos 466908
alloc_pos 466940
alloc_pos 467144
alloc_pos 467248
alloc_pos 467476
alloc_pos 467676
alloc_pos 467844
alloc_pos 468084
alloc_pos 468324
alloc_pos 468356
alloc_pos 468616
alloc_pos 468780
alloc_pos 468972
alloc_pos 469116
alloc_pos 469192
alloc_pos 469392
alloc_pos 469576
alloc_pos 469756
alloc_pos 469908
alloc_pos 470108
alloc_pos 470140
alloc_pos 470396
alloc_pos 470632
alloc_pos 470740
alloc_pos 470860
alloc_pos 471104
alloc_pos 471264
alloc_pos 471500
alloc_pos 471716
alloc_pos 471860
alloc_pos 472100
alloc_pos 472132
alloc_pos 472208
alloc_pos 472288
alloc_pos 472464
alloc_pos 472488
alloc_pos 472724
alloc_pos 472936
alloc_pos 473092
alloc_pos 473148
alloc_pos 473192
alloc_pos 473412
alloc_pos 473616
alloc_pos 473876
alloc_pos 474044
alloc_pos 474296
alloc_pos 474532
alloc_pos 474576
alloc_pos 474820
alloc_pos 474900
alloc_pos 475136
alloc_pos 475216
alloc_pos 475400
alloc_pos 475592
alloc_pos 475832
alloc_pos 475864
alloc_pos 476016
alloc_pos 476060
alloc_pos 476192
alloc_pos 476312
alloc_pos 476352
alloc_pos 476576
alloc_pos 476628
alloc_pos 476804
alloc_pos 476844
alloc_pos 476900
alloc_pos 477140
alloc_pos 477276
alloc_pos 477504
alloc_pos 477668
alloc_pos 477748
alloc_pos 477772
alloc_pos 477936
alloc_pos 478048
alloc_pos 478156
alloc_pos 478208
alloc_pos 478392
alloc_pos 478576
alloc_pos 478804
alloc_pos 478832
alloc_pos 478884
alloc_pos 478912
alloc_pos 479004
alloc_pos 479084
alloc_pos 479284
alloc_pos 479516
alloc_pos 479752
alloc_pos 479972
alloc_pos 480124
alloc_pos 480316
alloc_pos 480412
alloc_pos 480440
alloc_pos 480472
alloc_pos 480520
alloc_pos 480588
alloc_pos 480612
alloc_pos 480760
alloc_pos 480800
alloc_pos 481012
alloc_pos 481168
alloc_pos 481312
alloc_pos 481568
alloc_pos 481812
alloc_pos 482060
alloc_pos 482124
alloc_pos 482276
alloc_pos 482496
alloc_pos 482728
alloc_pos 482948
alloc_pos 483176
alloc_pos 483260
alloc_pos 483336
alloc_pos 483428
alloc_pos 483472
alloc_pos 483504
alloc_pos 483580
alloc_pos 483652
alloc_pos 483824
alloc_pos 483864
alloc_pos 484060
alloc_pos 484208
alloc_pos 484272
alloc_pos 484424
alloc_pos 484636
alloc_pos 484684
alloc_pos 484852
alloc_pos 484960
alloc_pos 485100
alloc_pos 485124
alloc_pos 485276
alloc_pos 485332
alloc_pos 485576
alloc_pos 485752
alloc_pos 485864
alloc_pos 486048
alloc_pos 486104
alloc_pos 486160
alloc_pos 486360
alloc_pos 486544
alloc_pos 486684
alloc_pos 486928
alloc_pos 487148
alloc_pos 487224
alloc_pos 487356
alloc_pos 487384
alloc_pos 487608
alloc_pos 487672
alloc_pos 487812
alloc_pos 487952
alloc_pos 488052
alloc_pos 488152
alloc_pos 488244
alloc_pos 488320
alloc_pos 488448
alloc_pos 488564
alloc_pos 488816
alloc_pos 488924
alloc_pos 489032
alloc_pos 489064
alloc_pos 489200
alloc_pos 489360
alloc_pos 489452
alloc_pos 489556
alloc_pos 489628
alloc_pos 489824
alloc_pos 490060
alloc_pos 490116
alloc_pos 490172
alloc_pos 490392
alloc_pos 490552
alloc_pos 490660
alloc_pos 490860
alloc_pos 491112
alloc_pos 491216
alloc_pos 491448
alloc_pos 491672
alloc_pos 491912
alloc_pos 492124
alloc_pos 492324
alloc_pos 492364
alloc_pos 492388
alloc_pos 492604
alloc_pos 492848
alloc_pos 493084
alloc_pos 493168
alloc_pos 493420
alloc_pos 493556
alloc_pos 493688
alloc_pos 493916
alloc_pos 494016
alloc_pos 494088
alloc_pos 494160
alloc_pos 494320
alloc_pos 494528
alloc_pos 494768
alloc_pos 494860
alloc_pos 494908
alloc_pos 495064
alloc_pos 495220
alloc_pos 495464
alloc_pos 495580
alloc_pos 495672
alloc_pos 495732
alloc_pos 495856
alloc_pos 496112
alloc_pos 496348
alloc_pos 496508
alloc_pos 496536
alloc_pos 496664
alloc_pos 496760
alloc_pos 496992
alloc_pos 497248
alloc_pos 497488
alloc_pos 497592
alloc_pos 497808
alloc_pos 497948
alloc_pos 498196
alloc_pos 498456
alloc_pos 498512
alloc_pos 498572
alloc_pos 498776
alloc_pos 498844
alloc_pos 498968
alloc_pos 499072
alloc_pos 499288
alloc_pos 499468
alloc_pos 499644
alloc_pos 499908
alloc_pos 500032
alloc_pos 500112
alloc_pos 500328
alloc_pos 500408
alloc_pos 500496
alloc_pos 500600
alloc_pos 500864
alloc_pos 500956
alloc_pos 500996
alloc_pos 501052
alloc_pos 501212
alloc_pos 501472
alloc_pos 501508
alloc_pos 501656
alloc_pos 501692
alloc_pos 501728
alloc_pos 501872
alloc_pos 501916
alloc_pos 502148
alloc_pos 502288
alloc_pos 502448
alloc_pos 502608
alloc_pos 502644
alloc_pos 502804
alloc_pos 502940
alloc_pos 503172
alloc_pos 503320
alloc_pos 503512
alloc_pos 503612
alloc_pos 503644
alloc_pos 503848
alloc_pos 503952
alloc_pos 504180
alloc_pos 504380
alloc_pos 504548
alloc_pos 504788
alloc_pos 505028
alloc_pos 505060
alloc_pos 505320
alloc_pos 505484
alloc_pos 505676
alloc_pos 505820
alloc_pos 505896
alloc_pos 506096
alloc_pos 506280
alloc_pos 506460
alloc_pos 506612
alloc_pos 506812
alloc_pos 506844
alloc_pos 507100
alloc_pos 507336
alloc_pos 507444
alloc_pos 507564
alloc_pos 507808
alloc_pos 507968
alloc_pos 508204
alloc_pos 508420
alloc_pos 508564
alloc_pos 508804
alloc_pos 508836
alloc_pos 508912
alloc_pos 508992
alloc_pos 509168
alloc_pos 509192
alloc_pos 509428
alloc_pos 509640
alloc_pos 509796
alloc_pos 509852
alloc_pos 509896
alloc_pos 510116
alloc_pos 510320
alloc_pos 510580
alloc_pos 510748
alloc_pos 511000
alloc_pos 511236
alloc_pos 511280
alloc_pos 511524
alloc_pos 511604
alloc_pos 511840
alloc_pos 511920
alloc_pos 512104
alloc_pos 512296
alloc_pos 512536
alloc_pos 512568
alloc_pos 512720
alloc_pos 512764
alloc_pos 512896
alloc_pos 513016
alloc_pos 513056
alloc_pos 513280
alloc_pos 513332
alloc_pos 513508
alloc_pos 513548
alloc_pos 513604
alloc_pos 513844
alloc_pos 513980
alloc_pos 514208
alloc_pos 514372
alloc_pos 514452
alloc_pos 514476
alloc_pos 514640
alloc_pos 514752
alloc_pos 514860
alloc_pos 514912
alloc_pos 515096
alloc_pos 515280
alloc_pos 515508
alloc_pos 515536
alloc_pos 515588
alloc_pos 515616
alloc_pos 515708
alloc_pos 515788
alloc_pos 515988
alloc_pos 516220
alloc_pos 516456
alloc_pos 516676
alloc_pos 516828
alloc_pos 517020
alloc_pos 517116
alloc_pos 517144
alloc_pos 517176
alloc_pos 517224
alloc_pos 517292
alloc_pos 517316
alloc_pos 517464
alloc_pos 517504
alloc_pos 517716
alloc_pos 517872
alloc_pos 518016
alloc_pos 518272
alloc_pos 518516
alloc_pos 518764
alloc_pos 518828
alloc_pos 518980
alloc_pos 519200
alloc_pos 519432
alloc_pos 519652
alloc_pos 519880
alloc_pos 519964
alloc_pos 520040
alloc_pos 520132
alloc_pos 520176
alloc_pos 520208
alloc_pos 520284
alloc_pos 520356
alloc_pos 520528
alloc_pos 520568
alloc_pos 520764
alloc_pos 520912
alloc_pos 520976
alloc_pos 521128
alloc_pos 521340
alloc_pos 521388
alloc_pos 521556
alloc_pos 521664
alloc_pos 521804
alloc_pos 521828
alloc_pos 521980
alloc_pos 522036
alloc_pos 522280
alloc_pos 522456
alloc_pos 522568
alloc_pos 522752
alloc_pos 522808
alloc_pos 522864
alloc_pos 523064
alloc_pos 523248
alloc_pos 523388
alloc_pos 523632
alloc_pos 523852
alloc_pos 523928
alloc_pos 524060
alloc_pos -1

