reason: unexpected exit code -6
--- stdout ---
CHENEY GENERATOR!
--- stderr ---
alloc_pos 8
alloc_pos 1040
alloc_pos 2072
alloc_pos 3104
alloc_pos 4136
alloc_pos 5168
alloc_pos 5184
alloc_pos 5200
alloc_pos 5216
alloc_pos 5232
alloc_pos 5248
alloc_pos 5264
alloc_pos 5280
alloc_pos 5296
alloc_pos 5312
alloc_pos 5328
alloc_pos 5344
alloc_pos 5360
alloc_pos 5376
alloc_pos 5392
alloc_pos 5408
alloc_pos 5424
alloc_pos 5440
alloc_pos 5456
alloc_pos 5472
alloc_pos 5488
alloc_pos 5504
alloc_pos 5520
alloc_pos 5536
alloc_pos 5552
alloc_pos 5568
alloc_pos 5584
alloc_pos 5600
alloc_pos 5616
alloc_pos 5632
alloc_pos 5648
alloc_pos 5664
alloc_pos 5680
alloc_pos 5696
alloc_pos 5712
alloc_pos 5728
alloc_pos 5744
alloc_pos 5760
alloc_pos 5776
alloc_pos 5792
alloc_pos 5808
alloc_pos 5824
alloc_pos 5840
alloc_pos 5856
alloc_pos 5872
alloc_pos 5888
alloc_pos 5904
alloc_pos 5920
alloc_pos 5936
alloc_pos 5952
alloc_pos 5968
alloc_pos 5984
alloc_pos 6000
alloc_pos 6016
alloc_pos 6032
alloc_pos 6048
alloc_pos 6064
alloc_pos 6080
alloc_pos 6096
alloc_pos 6112
alloc_pos 6128
alloc_pos 6144
alloc_pos 6160
alloc_pos 6176
alloc_pos 6192
alloc_pos 6208
alloc_pos 6224
alloc_pos 6240
alloc_pos 6256
alloc_pos 6272
alloc_pos 6288
alloc_pos 6304
alloc_pos 6320
alloc_pos 6336
alloc_pos 6352
alloc_pos 6368
alloc_pos 6384
alloc_pos 6400
alloc_pos 6416
alloc_pos 6432
alloc_pos 6448
alloc_pos 6464
alloc_pos 6480
alloc_pos 6496
alloc_pos 6512
alloc_pos 6528
alloc_pos 6544
alloc_pos 6560
alloc_pos 6576
alloc_pos 6592
alloc_pos 6608
alloc_pos 6624
alloc_pos 6640
alloc_pos 6656
alloc_pos 6672
alloc_pos 6688
alloc_pos 6704
alloc_pos 6720
alloc_pos 6736
alloc_pos 6752
alloc_pos 6768
alloc_pos 6784
alloc_pos 6800
alloc_pos 6816
alloc_pos 6832
alloc_pos 6848
alloc_pos 6864
alloc_pos 6880
alloc_pos 6896
alloc_pos 6912
alloc_pos 6928
alloc_pos 6944
alloc_pos 6960
alloc_pos 6976
alloc_pos 6992
alloc_pos 7008
alloc_pos 7024
alloc_pos 7040
alloc_pos 7056
alloc_pos 7072
alloc_pos 7088
alloc_pos 7104
alloc_pos 7120
alloc_pos 7136
alloc_pos 7152
alloc_pos 7168
alloc_pos 7184
alloc_pos 7200
alloc_pos 7216
alloc_pos 7232
alloc_pos 7248
alloc_pos 7264
alloc_pos 7280
alloc_pos 7296
alloc_pos 7312
alloc_pos 7328
alloc_pos 7344
alloc_pos 7360
alloc_pos 7376
alloc_pos 7392
alloc_pos 7408
alloc_pos 7424
alloc_pos 7440
alloc_pos 7456
alloc_pos 7472
alloc_pos 7488
alloc_pos 7504
alloc_pos 7520
alloc_pos 7536
alloc_pos 7552
alloc_pos 7568
alloc_pos 7584
alloc_pos 7600
alloc_pos 7616
alloc_pos 7632
alloc_pos 7648
alloc_pos 7664
alloc_pos 7680
alloc_pos 7696
alloc_pos 7712
alloc_pos 7728
alloc_pos 7744
alloc_pos 7760
alloc_pos 7776
alloc_pos 7792
alloc_pos 7808
alloc_pos 7824
alloc_pos 7840
alloc_pos 7856
alloc_pos 7872
alloc_pos 7888
alloc_pos 7904
alloc_pos 7920
alloc_pos 7936
alloc_pos 7952
alloc_pos 7968
alloc_pos 7984
alloc_pos 8000
alloc_pos 8016
alloc_pos 8032
alloc_pos 8048
alloc_pos 8064
alloc_pos 8080
alloc_pos 8096
alloc_pos 8112
alloc_pos 8128
alloc_pos 8144
alloc_pos 8160
alloc_pos 8176
alloc_pos 8192
alloc_pos 8208
alloc_pos 8224
alloc_pos 8240
alloc_pos 8256
alloc_pos 8272
alloc_pos 8288
alloc_pos 8304
alloc_pos 8320
alloc_pos 8336
alloc_pos 8352
alloc_pos 8368
alloc_pos 8384
alloc_pos 8400
alloc_pos 8416
alloc_pos 8432
alloc_pos 8448
alloc_pos 8464
alloc_pos 8480
alloc_pos 8496
alloc_pos 8512
alloc_pos 8528
alloc_pos 8544
alloc_pos 8560
alloc_pos 8576
alloc_pos 8592
alloc_pos 8608
alloc_pos 8624
alloc_pos 8640
alloc_pos 8656
alloc_pos 8672
alloc_pos 8688
alloc_pos 8704
alloc_pos 8720
alloc_pos 8736
alloc_pos 8752
alloc_pos 8768
alloc_pos 8784
alloc_pos 8800
alloc_pos 8816
alloc_pos 8832
alloc_pos 8848
alloc_pos 8864
alloc_pos 8880
alloc_pos 8896
alloc_pos 8912
alloc_pos 8928
alloc_pos 8944
alloc_pos 8960
alloc_pos 8976
alloc_pos 8992
alloc_pos 9008
alloc_pos 9024
alloc_pos 9040
alloc_pos 9056
alloc_pos 9072
alloc_pos 9088
alloc_pos 9104
alloc_pos 9120
alloc_pos 9136
alloc_pos 9152
alloc_pos 9168
alloc_pos 9184
alloc_pos 9200
alloc_pos 9216
alloc_pos 9232
alloc_pos 9248
alloc_pos 9264
alloc_pos 9380
alloc_pos 9592
alloc_pos 9812
alloc_pos 9932
alloc_pos 10020
alloc_pos 10092
alloc_pos 10184
alloc_pos 10396
alloc_pos 10420
alloc_pos 10604
alloc_pos 10868
alloc_pos 10896
alloc_pos 10944
alloc_pos 11064
alloc_pos 11320
alloc_pos 11388
alloc_pos 11488
alloc_pos 11720
alloc_pos 11896
alloc_pos 12036
alloc_pos 12108
alloc_pos 12172
alloc_pos 12300
alloc_pos 12432
alloc_pos 12680
alloc_pos 12724
alloc_pos 12800
alloc_pos 13004
alloc_pos 13088
alloc_pos 13308
alloc_pos 13400
alloc_pos 13484
alloc_pos 13552
alloc_pos 13636
alloc_pos 13808
alloc_pos 13912
alloc_pos 13952
alloc_pos 14040
alloc_pos 14088
alloc_pos 14120
alloc_pos 14264
alloc_pos 14520
alloc_pos 14768
alloc_pos 14820
alloc_pos 14856
alloc_pos 15088
alloc_pos 15260
alloc_pos 15396
alloc_pos 15616
alloc_pos 15808
alloc_pos 15832
alloc_pos 16036
alloc_pos 16144
alloc_pos 16220
alloc_pos 16308
alloc_pos 16496
alloc_pos 16520
alloc_pos 16752
alloc_pos 16856
alloc_pos 16984
alloc_pos 17208
alloc_pos 17356
alloc_pos 17520
alloc_pos 17580
alloc_pos 17740
alloc_pos 17856
alloc_pos 18068
alloc_pos 18288
alloc_pos 18408
alloc_pos 18496
alloc_pos 18568
alloc_pos 18660
alloc_pos 18872
alloc_pos 18896
alloc_pos 19080
alloc_pos 19344
alloc_pos 19372
alloc_pos 19420
alloc_pos 19540
alloc_pos 19796
alloc_pos 19864
alloc_pos 19964
alloc_pos 20196
alloc_pos 20372
alloc_pos 20512
alloc_pos 20584
alloc_pos 20648
alloc_pos 20776
alloc_pos 20908
alloc_pos 21156
alloc_pos 21200
alloc_pos 21276
alloc_pos 21480
alloc_pos 21564
alloc_pos 21784
alloc_pos 21876
alloc_pos 21960
alloc_pos 22028
alloc_pos 22112
alloc_pos 22284
alloc_pos 22388
alloc_pos 22428
alloc_pos 22516
alloc_pos 22564
alloc_pos 22596
alloc_pos 22740
alloc_pos 22996
alloc_pos 23244
alloc_pos 23296
alloc_pos 23332
alloc_pos 23564
alloc_pos 23736
alloc_pos 23872
alloc_pos 24092
alloc_pos 24284
alloc_pos 24308
alloc_pos 24512
alloc_pos 24620
alloc_pos 24696
alloc_pos 24784
alloc_pos 24972
alloc_pos 24996
alloc_pos 25228
alloc_pos 25332
alloc_pos 25460
alloc_pos 25684
alloc_pos 25832
alloc_pos 25996
alloc_pos 26056
alloc_pos 26216
alloc_pos 26332
alloc_pos 26544
alloc_pos 26764
alloc_pos 26884
alloc_pos 26972
alloc_pos 27044
alloc_pos 27136
alloc_pos 27348
alloc_pos 27372
alloc_pos 27556
alloc_pos 27820
alloc_pos 27848
alloc_pos 27896
alloc_pos 28016
alloc_pos 28272
alloc_pos 28340
alloc_pos 28440
alloc_pos 28672
alloc_pos 28848
alloc_pos 28988
alloc_pos 29060
alloc_pos 29124
alloc_pos 29252
alloc_pos 29384
alloc_pos 29632
alloc_pos 29676
alloc_pos 29752
alloc_pos 29956
alloc_pos 30040
alloc_pos 30260
alloc_pos 30352
alloc_pos 30436
alloc_pos 30504
alloc_pos 30588
alloc_pos 30760
alloc_pos 30864
alloc_pos 30904
alloc_pos 30992
alloc_pos 31040
alloc_pos 31072
alloc_pos 31216
alloc_pos 31472
alloc_pos 31720
alloc_pos 31772
alloc_pos 31808
alloc_pos 32040
alloc_pos 32212
alloc_pos 32348
alloc_pos 32568
alloc_pos 32760
alloc_pos 32784
alloc_pos 32988
alloc_pos 33096
alloc_pos 33172
alloc_pos 33260
alloc_pos 33448
alloc_pos 33472
alloc_pos 33704
alloc_pos 33808
alloc_pos 33936
alloc_pos 34160
alloc_pos 34308
alloc_pos 34472
alloc_pos 34532
alloc_pos 34692
alloc_pos 34808
alloc_pos 35020
alloc_pos 35240
alloc_pos 35360
alloc_pos 35448
alloc_pos 35520
alloc_pos 35612
alloc_pos 35824
alloc_pos 35848
alloc_pos 36032
alloc_pos 36296
alloc_pos 36324
alloc_pos 36372
alloc_pos 36492
alloc_pos 36748
alloc_pos 36816
alloc_pos 36916
alloc_pos 37148
alloc_pos 37324
alloc_pos 37464
alloc_pos 37536
alloc_pos 37600
alloc_pos 37728
alloc_pos 37860
alloc_pos 38108
alloc_pos 38152
alloc_pos 38228
alloc_pos 38432
alloc_pos 38516
alloc_pos 38736
alloc_pos 38828
alloc_pos 38912
alloc_pos 38980
alloc_pos 39064
alloc_pos 39236
alloc_pos 39340
alloc_pos 39380
alloc_pos 39468
alloc_pos 39516
alloc_pos 39548
alloc_pos 39692
alloc_pos 39948
alloc_pos 40196
alloc_pos 40248
alloc_pos 40284
alloc_pos 40516
alloc_pos 40688
alloc_pos 40824
alloc_pos 41044
alloc_pos 41236
alloc_pos 41260
alloc_pos 41464
alloc_pos 41572
alloc_pos 41648
alloc_pos 41736
alloc_pos 41924
alloc_pos 41948
alloc_pos 42180
alloc_pos 42284
alloc_pos 42412
alloc_pos 42636
alloc_pos 42784
alloc_pos 42948
alloc_pos 43008
alloc_pos 43168
alloc_pos 43284
alloc_pos 43496
alloc_pos 43716
alloc_pos 43836
alloc_pos 43924
alloc_pos 43996
alloc_pos 44088
alloc_pos 44300
alloc_pos 44324
alloc_pos 44508
alloc_pos 44772
alloc_pos 44800
alloc_pos 44848
alloc_pos 44968
alloc_pos 45224
alloc_pos 45292
alloc_pos 45392
alloc_pos 45624
alloc_pos 45800
alloc_pos 45940
alloc_pos 46012
alloc_pos 46076
alloc_pos 46204
alloc_pos 46336
alloc_pos 46584
alloc_pos 46628
alloc_pos 46704
alloc_pos 46908
alloc_pos 46992
alloc_pos 47212
alloc_pos 47304
alloc_pos 47388
alloc_pos 47456
alloc_pos 47540
alloc_pos 47712
alloc_pos 47816
alloc_pos 47856
alloc_pos 47944
alloc_pos 47992
alloc_pos 48024
alloc_pos 48168
alloc_pos 48424
alloc_pos 48672
alloc_pos 48724
alloc_pos 48760
alloc_pos 48992
alloc_pos 49164
alloc_pos 49300
alloc_pos 49520
alloc_pos 49712
alloc_pos 49736
alloc_pos 49940
alloc_pos 50048
alloc_pos 50124
alloc_pos 50212
alloc_pos 50400
alloc_pos 50424
alloc_pos 50656
alloc_pos 50760
alloc_pos 50888
alloc_pos 51112
alloc_pos 51260
alloc_pos 51424
alloc_pos 51484
alloc_pos 51644
alloc_pos 51760
alloc_pos 51972
alloc_pos 52192
alloc_pos 52312
alloc_pos 52400
alloc_pos 52472
alloc_pos 52564
alloc_pos 52776
alloc_pos 52800
alloc_pos 52984
alloc_pos 53248
alloc_pos 53276
alloc_pos 53324
alloc_pos 53444
alloc_pos 53700
alloc_pos 53768
alloc_pos 53868
alloc_pos 54100
alloc_pos 54276
alloc_pos 54416
alloc_pos 54488
alloc_pos 54552
alloc_pos 54680
alloc_pos 54812
alloc_pos 55060
alloc_pos 55104
alloc_pos 55180
alloc_pos 55384
alloc_pos 55468
alloc_pos 55688
alloc_pos 55780
alloc_pos 55864
alloc_pos 55932
alloc_pos 56016
alloc_pos 56188
alloc_pos 56292
alloc_pos 56332
alloc_pos 56420
alloc_pos 56468
alloc_pos 56500
alloc_pos 56644
alloc_pos 56900
alloc_pos 57148
alloc_pos 57200
alloc_pos 57236
alloc_pos 57468
alloc_pos 57640
alloc_pos 57776
alloc_pos 57996
alloc_pos 58188
alloc_pos 58212
alloc_pos 58416
alloc_pos 58524
alloc_pos 58600
alloc_pos 58688
alloc_pos 58876
alloc_pos 58900
alloc_pos 59132
alloc_pos 59236
alloc_pos 59364
alloc_pos 59588
alloc_pos 59736
alloc_pos 59900
alloc_pos 59960
alloc_pos 60120
alloc_pos 60236
alloc_pos 60448
alloc_pos 60668
alloc_pos 60788
alloc_pos 60876
alloc_pos 60948
alloc_pos 61040
alloc_pos 61252
alloc_pos 61276
alloc_pos 61460
alloc_pos 61724
alloc_pos 61752
alloc_pos 61800
alloc_pos 61920
alloc_pos 62176
alloc_pos 62244
alloc_pos 62344
alloc_pos 62576
alloc_pos 62752
alloc_pos 62892
alloc_pos 62964
alloc_pos 63028
alloc_pos 63156
alloc_pos 63288
alloc_pos 63536
alloc_pos 63580
alloc_pos 63656
alloc_pos 63860
alloc_pos 63944
alloc_pos 64164
alloc_pos 64256
alloc_pos 64340
alloc_pos 64408
alloc_pos 64492
alloc_pos 64664
alloc_pos 64768
alloc_pos 64808
alloc_pos 64896
alloc_pos 64944
alloc_pos 64976
alloc_pos 65120
alloc_pos 65376
alloc_pos 65624
alloc_pos 65676
alloc_pos 65712
alloc_pos 65944
alloc_pos 66116
alloc_pos 66252
alloc_pos 66472
alloc_pos 66664
alloc_pos 66688
alloc_pos 66892
alloc_pos 67000
alloc_pos 67076
alloc_pos 67164
alloc_pos 67352
alloc_pos 67376
alloc_pos 67608
alloc_pos 67712
alloc_pos 67840
alloc_pos 68064
alloc_pos 68212
alloc_pos 68376
alloc_pos 68436
alloc_pos 68596
alloc_pos 68712
alloc_pos 68924
alloc_pos 69144
alloc_pos 69264
alloc_pos 69352
alloc_pos 69424
alloc_pos 69516
alloc_pos 69728
alloc_pos 69752
alloc_pos 69936
alloc_pos 70200
alloc_pos 70228
alloc_pos 70276
alloc_pos 70396
alloc_pos 70652
alloc_pos 70720
alloc_pos 70820
alloc_pos 71052
alloc_pos 71228
alloc_pos 71368
alloc_pos 71440
alloc_pos 71504
alloc_pos 71632
alloc_pos 71764
alloc_pos 72012
alloc_pos 72056
alloc_pos 72132
alloc_pos 72336
alloc_pos 72420
alloc_pos 72640
alloc_pos 72732
alloc_pos 72816
alloc_pos 72884
alloc_pos 72968
alloc_pos 73140
alloc_pos 73244
alloc_pos 73284
alloc_pos 73372
alloc_pos 73420
alloc_pos 73452
alloc_pos 73596
alloc_pos 73852
alloc_pos 74100
alloc_pos 74152
alloc_pos 74188
alloc_pos 74420
alloc_pos 74592
alloc_pos 74728
alloc_pos 74948
alloc_pos 75140
alloc_pos 75164
alloc_pos 75368
alloc_pos 75476
alloc_pos 75552
alloc_pos 75640
alloc_pos 75828
alloc_pos 75852
alloc_pos 76084
alloc_pos 76188
alloc_pos 76316
alloc_pos 76540
alloc_pos 76688
alloc_pos 76852
alloc_pos 76912
alloc_pos 77072
alloc_pos 77188
alloc_pos 77400
alloc_pos 77620
alloc_pos 77740
alloc_pos 77828
alloc_pos 77900
alloc_pos 77992
alloc_pos 78204
alloc_pos 78228
alloc_pos 78412
alloc_pos 78676
alloc_pos 78704
alloc_pos 78752
alloc_pos 78872
alloc_pos 79128
alloc_pos 79196
alloc_pos 79296
alloc_pos 79528
alloc_pos 79704
alloc_pos 79844
alloc_pos 79916
alloc_pos 79980
alloc_pos 80108
alloc_pos 80240
alloc_pos 80488
alloc_pos 80532
alloc_pos 80608
alloc_pos 80812
alloc_pos 80896
alloc_pos 81116
alloc_pos 81208
alloc_pos 81292
alloc_pos 81360
alloc_pos 81444
alloc_pos 81616
alloc_pos 81720
alloc_pos 81760
alloc_pos 81848
alloc_pos 81896
alloc_pos 81928
alloc_pos 82072
alloc_pos 82328
alloc_pos 82576
alloc_pos 82628
alloc_pos 82664
alloc_pos 82896
alloc_pos 83068
alloc_pos 83204
alloc_pos 83424
alloc_pos 83616
alloc_pos 83640
alloc_pos 83844
alloc_pos 83952
alloc_pos 84028
alloc_pos 84116
alloc_pos 84304
alloc_pos 84328
alloc_pos 84560
alloc_pos 84664
alloc_pos 84792
alloc_pos 85016
alloc_pos 85164
alloc_pos 85328
alloc_pos 85388
alloc_pos 85548
alloc_pos 85664
alloc_pos 85876
alloc_pos 86096
alloc_pos 86216
alloc_pos 86304
alloc_pos 86376
alloc_pos 86468
alloc_pos 86680
alloc_pos 86704
alloc_pos 86888
alloc_pos 87152
alloc_pos 87180
alloc_pos 87228
alloc_pos 87348
alloc_pos 87604
alloc_pos 87672
alloc_pos 87772
alloc_pos 88004
alloc_pos 88180
alloc_pos 88320
alloc_pos 88392
alloc_pos 88456
alloc_pos 88584
alloc_pos 88716
alloc_pos 88964
alloc_pos 89008
alloc_pos 89084
alloc_pos 89288
alloc_pos 89372
alloc_pos 89592
alloc_pos 89684
alloc_pos 89768
alloc_pos 89836
alloc_pos 89920
alloc_pos 90092
alloc_pos 90196
alloc_pos 90236
alloc_pos 90324
alloc_pos 90372
alloc_pos 90404
alloc_pos 90548
alloc_pos 90804
alloc_pos 91052
alloc_pos 91104
alloc_pos 91140
alloc_pos 91372
alloc_pos 91544
alloc_pos 91680
alloc_pos 91900
alloc_pos 92092
alloc_pos 92116
alloc_pos 92320
alloc_pos 92428
alloc_pos 92504
alloc_pos 92592
alloc_pos 92780
alloc_pos 92804
alloc_pos 93036
alloc_pos 93140
alloc_pos 93268
alloc_pos 93492
alloc_pos 93640
alloc_pos 93804
alloc_pos 93864
alloc_pos 94024
alloc_pos 94140
alloc_pos 94352
alloc_pos 94572
alloc_pos 94692
alloc_pos 94780
alloc_pos 94852
alloc_pos 94944
alloc_pos 95156
alloc_pos 95180
alloc_pos 95364
alloc_pos 95628
alloc_pos 95656
alloc_pos 95704
alloc_pos 95824
alloc_pos 96080
alloc_pos 96148
alloc_pos 96248
alloc_pos 96480
alloc_pos 96656
alloc_pos 96796
alloc_pos 96868
alloc_pos 96932
alloc_pos 97060
alloc_pos 97192
alloc_pos 97440
alloc_pos 97484
alloc_pos 97560
alloc_pos 97764
alloc_pos 97848
alloc_pos 98068
alloc_pos 98160
alloc_pos 98244
alloc_pos 98312
alloc_pos 98396
alloc_pos 98568
alloc_pos 98672
alloc_pos 98712
alloc_pos 98800
alloc_pos 98848
alloc_pos 98880
alloc_pos 99024
alloc_pos 99280
alloc_pos 99528
alloc_pos 99580
alloc_pos 99616
alloc_pos 99848
alloc_pos 100020
alloc_pos 100156
alloc_pos 100376
alloc_pos 100568
alloc_pos 100592
alloc_pos 100796
alloc_pos 100904
alloc_pos 100980
alloc_pos 101068
alloc_pos 101256
alloc_pos 101280
alloc_pos 101512
alloc_pos 101616
alloc_pos 101744
alloc_pos 101968
alloc_pos 102116
alloc_pos 102280
alloc_pos 102340
alloc_pos 102500
alloc_pos 102616
alloc_pos 102828
alloc_pos 103048
alloc_pos 103168
alloc_pos 103256
alloc_pos 103328
alloc_pos 103420
alloc_pos 103632
alloc_pos 103656
alloc_pos 103840
alloc_pos 104104
alloc_pos 104132
alloc_pos 104180
alloc_pos 104300
alloc_pos 104556
alloc_pos 104624
alloc_pos 104724
alloc_pos 104956
alloc_pos 105132
alloc_pos 105272
alloc_pos 105344
alloc_pos 105408
alloc_pos 105536
alloc_pos 105668
alloc_pos 105916
alloc_pos 105960
alloc_pos 106036
alloc_pos 106240
alloc_pos 106324
alloc_pos 106544
alloc_pos 106636
alloc_pos 106720
alloc_pos 106788
alloc_pos 106872
alloc_pos 107044
alloc_pos 107148
alloc_pos 107188
alloc_pos 107276
alloc_pos 107324
alloc_pos 107356
alloc_pos 107500
alloc_pos 107756
alloc_pos 108004
alloc_pos 108056
alloc_pos 108092
alloc_pos 108324
alloc_pos 108496
alloc_pos 108632
alloc_pos 108852
alloc_pos 109044
alloc_pos 109068
alloc_pos 109272
alloc_pos 109380
alloc_pos 109456
alloc_pos 109544
alloc_pos 109732
alloc_pos 109756
alloc_pos 109988
alloc_pos 110092
alloc_pos 110220
alloc_pos 110444
alloc_pos 110592
alloc_pos 110756
alloc_pos 110816
alloc_pos 110976
alloc_pos 111092
alloc_pos 111304
alloc_pos 111524
alloc_pos 111644
alloc_pos 111732
alloc_pos 111804
alloc_pos 111896
alloc_pos 112108
alloc_pos 112132
alloc_pos 112316
alloc_pos 112580
alloc_pos 112608
alloc_pos 112656
alloc_pos 112776
alloc_pos 113032
alloc_pos 113100
alloc_pos 113200
alloc_pos 113432
alloc_pos 113608
alloc_pos 113748
alloc_pos 113820
alloc_pos 113884
alloc_pos 114012
alloc_pos 114144
alloc_pos 114392
alloc_pos 114436
alloc_pos 114512
alloc_pos 114716
alloc_pos 114800
alloc_pos 115020
alloc_pos 115112
alloc_pos 115196
alloc_pos 115264
alloc_pos 115348
alloc_pos 115520
alloc_pos 115624
alloc_pos 115664
alloc_pos 115752
alloc_pos 115800
alloc_pos 115832
alloc_pos 115976
alloc_pos 116232
alloc_pos 116480
alloc_pos 116532
alloc_pos 116568
alloc_pos 116800
alloc_pos 116972
alloc_pos 117108
alloc_pos 117328
alloc_pos 117520
alloc_pos 117544
alloc_pos 117748
alloc_pos 117856
alloc_pos 117932
alloc_pos 118020
alloc_pos 118208
alloc_pos 118232
alloc_pos 118464
alloc_pos 118568
alloc_pos 118696
alloc_pos 118920
alloc_pos 119068
alloc_pos 119232
alloc_pos 119292
alloc_pos 119452
alloc_pos 119568
alloc_pos 119780
alloc_pos 120000
alloc_pos 120120
alloc_pos 120208
alloc_pos 120280
alloc_pos 120372
alloc_pos 120584
alloc_pos 120608
alloc_pos 120792
alloc_pos 121056
alloc_pos 121084
alloc_pos 121132
alloc_pos 121252
alloc_pos 121508
alloc_pos 121576
alloc_pos 121676
alloc_pos 121908
alloc_pos 122084
alloc_pos 122224
alloc_pos 122296
alloc_pos 122360
alloc_pos 122488
alloc_pos 122620
alloc_pos 122868
alloc_pos 122912
alloc_pos 122988
alloc_pos 123192
alloc_pos 123276
alloc_pos 123496
alloc_pos 123588
alloc_pos 123672
alloc_pos 123740
alloc_pos 123824
alloc_pos 123996
alloc_pos 124100
alloc_pos 124140
alloc_pos 124228
alloc_pos 124276
alloc_pos 124308
alloc_pos 124452
alloc_pos 124708
alloc_pos 124956
alloc_pos 125008
alloc_pos 125044
alloc_pos 125276
alloc_pos 125448
alloc_pos 125584
alloc_pos 125804
alloc_pos 125996
alloc_pos 126020
alloc_pos 126224
alloc_pos 126332
alloc_pos 126408
alloc_pos 126496
alloc_pos 126684
alloc_pos 126708
alloc_pos 126940
alloc_pos 127044
alloc_pos 127172
alloc_pos 127396
alloc_pos 127544
alloc_pos 127708
alloc_pos 127768
alloc_pos 127928
alloc_pos 128044
alloc_pos 128256
alloc_pos 128476
alloc_pos 128596
alloc_pos 128684
alloc_pos 128756
alloc_pos 128848
alloc_pos 129060
alloc_pos 129084
alloc_pos 129268
alloc_pos 129532
alloc_pos 129560
alloc_pos 129608
alloc_pos 129728
alloc_pos 129984
alloc_pos 130052
alloc_pos 130152
alloc_pos 130384
alloc_pos 130560
alloc_pos 130700
alloc_pos 130772
alloc_pos 130836
alloc_pos 130964
alloc_pos 131096
alloc_pos 131344
alloc_pos 131388
alloc_pos 131464
alloc_pos 131668
alloc_pos 131752
alloc_pos 131972
alloc_pos 132064
alloc_pos 132148
alloc_pos 132216
alloc_pos 132300
alloc_pos 132472
alloc_pos 132576
alloc_pos 132616
alloc_pos 132704
alloc_pos 132752
alloc_pos 132784
alloc_pos 132928
alloc_pos 133184
alloc_pos 133432
alloc_pos 133484
alloc_pos 133520
alloc_pos 133752
alloc_pos 133924
alloc_pos 134060
alloc_pos 134280
alloc_pos 134472
alloc_pos 134496
alloc_pos 134700
alloc_pos 134808
alloc_pos 134884
alloc_pos 134972
alloc_pos 135160
alloc_pos 135184
alloc_pos 135416
alloc_pos 135520
alloc_pos 135648
alloc_pos 135872
alloc_pos 136020
alloc_pos 136184
alloc_pos 136244
alloc_pos 136404
alloc_pos 136520
alloc_pos 136732
alloc_pos 136952
alloc_pos 137072
alloc_pos 137160
alloc_pos 137232
alloc_pos 137324
alloc_pos 137536
alloc_pos 137560
alloc_pos 137744
alloc_pos 138008
alloc_pos 138036
alloc_pos 138084
alloc_pos 138204
alloc_pos 138460
alloc_pos 138528
alloc_pos 138628
alloc_pos 138860
alloc_pos 139036
alloc_pos 139176
alloc_pos 139248
alloc_pos 139312
alloc_pos 139440
alloc_pos 139572
alloc_pos 139820
alloc_pos 139864
alloc_pos 139940
alloc_pos 140144
alloc_pos 140228
alloc_pos 140448
alloc_pos 140540
alloc_pos 140624
alloc_pos 140692
alloc_pos 140776
alloc_pos 140948
alloc_pos 141052
alloc_pos 141092
alloc_pos 141180
alloc_pos 141228
alloc_pos 141260
alloc_pos 141404
alloc_pos 141660
alloc_pos 141908
alloc_pos 141960
alloc_pos 141996
alloc_pos 142228
alloc_pos 142400
alloc_pos 142536
alloc_pos 142756
alloc_pos 142948
alloc_pos 142972
alloc_pos 143176
alloc_pos 143284
alloc_pos 143360
alloc_pos 143448
alloc_pos 143636
alloc_pos 143660
alloc_pos 143892
alloc_pos 143996
alloc_pos 144124
alloc_pos 144348
alloc_pos 144496
alloc_pos 144660
alloc_pos 144720
alloc_pos 144880
alloc_pos 144996
alloc_pos 145208
alloc_pos 145428
alloc_pos 145548
alloc_pos 145636
alloc_pos 145708
alloc_pos 145800
alloc_pos 146012
alloc_pos 146036
alloc_pos 146220
alloc_pos 146484
alloc_pos 146512
alloc_pos 146560
alloc_pos 146680
alloc_pos 146936
alloc_pos 147004
alloc_pos 147104
alloc_pos 147336
alloc_pos 147512
alloc_pos 147652
alloc_pos 147724
alloc_pos 147788
alloc_pos 147916
alloc_pos 148048
alloc_pos 148296
alloc_pos 148340
alloc_pos 148416
alloc_pos 148620
alloc_pos 148704
alloc_pos 148924
alloc_pos 149016
alloc_pos 149100
alloc_pos 149168
alloc_pos 149252
alloc_pos 149424
alloc_pos 149528
alloc_pos 149568
alloc_pos 149656
alloc_pos 149704
alloc_pos 149736
alloc_pos 149880
alloc_pos 150136
alloc_pos 150384
alloc_pos 150436
alloc_pos 150472
alloc_pos 150704
alloc_pos 150876
alloc_pos 151012
alloc_pos 151232
alloc_pos 151424
alloc_pos 151448
alloc_pos 151652
alloc_pos 151760
alloc_pos 151836
alloc_pos 151924
alloc_pos 152112
alloc_pos 152136
alloc_pos 152368
alloc_pos 152472
alloc_pos 152600
alloc_pos 152824
alloc_pos 152972
alloc_pos 153136
alloc_pos 153196
alloc_pos 153356
alloc_pos 153472
alloc_pos 153684
alloc_pos 153904
alloc_pos 154024
alloc_pos 154112
alloc_pos 154184
alloc_pos 154276
alloc_pos 154488
alloc_pos 154512
alloc_pos 154696
alloc_pos 154960
alloc_pos 154988
alloc_pos 155036
alloc_pos 155156
alloc_pos 155412
alloc_pos 155480
alloc_pos 155580
alloc_pos 155812
alloc_pos 155988
alloc_pos 156128
alloc_pos 156200
alloc_pos 156264
alloc_pos 156392
alloc_pos 156524
alloc_pos 156772
alloc_pos 156816
alloc_pos 156892
alloc_pos 157096
alloc_pos 157180
alloc_pos 157400
alloc_pos 157492
alloc_pos 157576
alloc_pos 157644
alloc_pos 157728
alloc_pos 157900
alloc_pos 158004
alloc_pos 158044
alloc_pos 158132
alloc_pos 158180
alloc_pos 158212
alloc_pos 158356
alloc_pos 158612
alloc_pos 158860
alloc_pos 158912
alloc_pos 158948
alloc_pos 159180
alloc_pos 159352
alloc_pos 159488
alloc_pos 159708
alloc_pos 159900
alloc_pos 159924
alloc_pos 160128
alloc_pos 160236
alloc_pos 160312
alloc_pos 160400
alloc_pos 160588
alloc_pos 160612
alloc_pos 160844
alloc_pos 160948
alloc_pos 161076
alloc_pos 161300
alloc_pos 161448
alloc_pos 161612
alloc_pos 161672
alloc_pos 161832
alloc_pos 161948
alloc_pos 162160
alloc_pos 162380
alloc_pos 162500
alloc_pos 162588
alloc_pos 162660
alloc_pos 162752
alloc_pos 162964
alloc_pos 162988
alloc_pos 163172
alloc_pos 163436
alloc_pos 163464
alloc_pos 163512
alloc_pos 163632
alloc_pos 163888
alloc_pos 163956
alloc_pos 164056
alloc_pos 164288
alloc_pos 164464
alloc_pos 164604
alloc_pos 164676
alloc_pos 164740
alloc_pos 164868
alloc_pos 165000
alloc_pos 165248
alloc_pos 165292
alloc_pos 165368
alloc_pos 165572
alloc_pos 165656
alloc_pos 165876
alloc_pos 165968
alloc_pos 166052
alloc_pos 166120
alloc_pos 166204
alloc_pos 166376
alloc_pos 166480
alloc_pos 166520
alloc_pos 166608
alloc_pos 166656
alloc_pos 166688
alloc_pos 166832
alloc_pos 167088
alloc_pos 167336
alloc_pos 167388
alloc_pos 167424
alloc_pos 167656
alloc_pos 167828
alloc_pos 167964
alloc_pos 168184
alloc_pos 168376
alloc_pos 168400
alloc_pos 168604
alloc_pos 168712
alloc_pos 168788
alloc_pos 168876
alloc_pos 169064
alloc_pos 169088
alloc_pos 169320
alloc_pos 169424
alloc_pos 169552
alloc_pos 169776
alloc_pos 169924
alloc_pos 170088
alloc_pos 170148
alloc_pos 170308
alloc_pos 170424
alloc_pos 170636
alloc_pos 170856
alloc_pos 170976
alloc_pos 171064
alloc_pos 171136
alloc_pos 171228
alloc_pos 171440
alloc_pos 171464
alloc_pos 171648
alloc_pos 171912
alloc_pos 171940
alloc_pos 171988
alloc_pos 172108
alloc_pos 172364
alloc_pos 172432
alloc_pos 172532
alloc_pos 172764
alloc_pos 172940
alloc_pos 173080
alloc_pos 173152
alloc_pos 173216
alloc_pos 173344
alloc_pos 173476
alloc_pos 173724
alloc_pos 173768
alloc_pos 173844
alloc_pos 174048
alloc_pos 174132
alloc_pos 174352
alloc_pos 174444
alloc_pos 174528
alloc_pos 174596
alloc_pos 174680
alloc_pos 174852
alloc_pos 174956
alloc_pos 174996
alloc_pos 175084
alloc_pos 175132
alloc_pos 175164
alloc_pos 175308
alloc_pos 175564
alloc_pos 175812
alloc_pos 175864
alloc_pos 175900
alloc_pos 176132
alloc_pos 176304
alloc_pos 176440
alloc_pos 176660
alloc_pos 176852
alloc_pos 176876
alloc_pos 177080
alloc_pos 177188
alloc_pos 177264
alloc_pos 177352
alloc_pos 177540
alloc_pos 177564
alloc_pos 177796
alloc_pos 177900
alloc_pos 178028
alloc_pos 178252
alloc_pos 178400
alloc_pos 178564
alloc_pos 178624
alloc_pos 178784
alloc_pos 178900
alloc_pos 179112
alloc_pos 179332
alloc_pos 179452
alloc_pos 179540
alloc_pos 179612
alloc_pos 179704
alloc_pos 179916
alloc_pos 179940
alloc_pos 180124
alloc_pos 180388
alloc_pos 180416
alloc_pos 180464
alloc_pos 180584
alloc_pos 180840
alloc_pos 180908
alloc_pos 181008
alloc_pos 181240
alloc_pos 181416
alloc_pos 181556
alloc_pos 181628
alloc_pos 181692
alloc_pos 181820
alloc_pos 181952
alloc_pos 182200
alloc_pos 182244
alloc_pos 182320
alloc_pos 182524
alloc_pos 182608
alloc_pos 182828
alloc_pos 182920
alloc_pos 183004
alloc_pos 183072
alloc_pos 183156
alloc_pos 183328
alloc_pos 183432
alloc_pos 183472
alloc_pos 183560
alloc_pos 183608
alloc_pos 183640
alloc_pos 183784
alloc_pos 184040
alloc_pos 184288
alloc_pos 184340
alloc_pos 184376
alloc_pos 184608
alloc_pos 184780
alloc_pos 184916
alloc_pos 185136
alloc_pos 185328
alloc_pos 185352
alloc_pos 185556
alloc_pos 185664
alloc_pos 185740
alloc_pos 185828
alloc_pos 186016
alloc_pos 186040
alloc_pos 186272
alloc_pos 186376
alloc_pos 186504
alloc_pos 186728
alloc_pos 186876
alloc_pos 187040
alloc_pos 187100
alloc_pos 187260
alloc_pos 187376
alloc_pos 187588
alloc_pos 187808
alloc_pos 187928
alloc_pos 188016
alloc_pos 188088
alloc_pos 188180
alloc_pos 188392
alloc_pos 188416
alloc_pos 188600
alloc_pos 188864
alloc_pos 188892
alloc_pos 188940
alloc_pos 189060
alloc_pos 189316
alloc_pos 189384
alloc_pos 189484
alloc_pos 189716
alloc_pos 189892
alloc_pos 190032
alloc_pos 190104
alloc_pos 190168
alloc_pos 190296
alloc_pos 190428
alloc_pos 190676
alloc_pos 190720
alloc_pos 190796
alloc_pos 191000
alloc_pos 191084
alloc_pos 191304
alloc_pos 191396
alloc_pos 191480
alloc_pos 191548
alloc_pos 191632
alloc_pos 191804
alloc_pos 191908
alloc_pos 191948
alloc_pos 192036
alloc_pos 192084
alloc_pos 192116
alloc_pos 192260
alloc_pos 192516
alloc_pos 192764
alloc_pos 192816
alloc_pos 192852
alloc_pos 193084
alloc_pos 193256
alloc_pos 193392
alloc_pos 193612
alloc_pos 193804
alloc_pos 193828
alloc_pos 194032
alloc_pos 194140
alloc_pos 194216
alloc_pos 194304
alloc_pos 194492
alloc_pos 194516
alloc_pos 194748
alloc_pos 194852
alloc_pos 194980
alloc_pos 195204
alloc_pos 195352
alloc_pos 195516
alloc_pos 195576
alloc_pos 195736
alloc_pos 195852
alloc_pos 196064
alloc_pos 196284
alloc_pos 196404
alloc_pos 196492
alloc_pos 196564
alloc_pos 196656
alloc_pos 196868
alloc_pos 196892
alloc_pos 197076
alloc_pos 197340
alloc_pos 197368
alloc_pos 197416
alloc_pos 197536
alloc_pos 197792
alloc_pos 197860
alloc_pos 197960
alloc_pos 198192
alloc_pos 198368
alloc_pos 198508
alloc_pos 198580
alloc_pos 198644
alloc_pos 198772
alloc_pos 198904
alloc_pos 199152
alloc_pos 199196
alloc_pos 199272
alloc_pos 199476
alloc_pos 199560
alloc_pos 199780
alloc_pos 199872
alloc_pos 199956
alloc_pos 200024
alloc_pos 200108
alloc_pos 200280
alloc_pos 200384
alloc_pos 200424
alloc_pos 200512
alloc_pos 200560
alloc_pos 200592
alloc_pos 200736
alloc_pos 200992
alloc_pos 201240
alloc_pos 201292
alloc_pos 201328
alloc_pos 201560
alloc_pos 201732
alloc_pos 201868
alloc_pos 202088
alloc_pos 202280
alloc_pos 202304
alloc_pos 202508
alloc_pos 202616
alloc_pos 202692
alloc_pos 202780
alloc_pos 202968
alloc_pos 202992
alloc_pos 203224
alloc_pos 203328
alloc_pos 203456
alloc_pos 203680
alloc_pos 203828
alloc_pos 203992
alloc_pos 204052
alloc_pos 204212
alloc_pos 204328
alloc_pos 204540
alloc_pos 204760
alloc_pos 204880
alloc_pos 204968
alloc_pos 205040
alloc_pos 205132
alloc_pos 205344
alloc_pos 205368
alloc_pos 205552
alloc_pos 205816
alloc_pos 205844
alloc_pos 205892
alloc_pos 206012
alloc_pos 206268
alloc_pos 206336
alloc_pos 206436
alloc_pos 206668
alloc_pos 206844
alloc_pos 206984
alloc_pos 207056
alloc_pos 207120
alloc_pos 207248
alloc_pos 207380
alloc_pos 207628
alloc_pos 207672
alloc_pos 207748
alloc_pos 207952
alloc_pos 208036
alloc_pos 208256
alloc_pos 208348
alloc_pos 208432
alloc_pos 208500
alloc_pos 208584
alloc_pos 208756
alloc_pos 208860
alloc_pos 208900
alloc_pos 208988
alloc_pos 209036
alloc_pos 209068
alloc_pos 209212
alloc_pos 209468
alloc_pos 209716
alloc_pos 209768
alloc_pos 209804
alloc_pos 210036
alloc_pos 210208
alloc_pos 210344
alloc_pos 210564
alloc_pos 210756
alloc_pos 210780
alloc_pos 210984
alloc_pos 211092
alloc_pos 211168
alloc_pos 211256
alloc_pos 211444
alloc_pos 211468
alloc_pos 211700
alloc_pos 211804
alloc_pos 211932
alloc_pos 212156
alloc_pos 212304
alloc_pos 212468
alloc_pos 212528
alloc_pos 212688
alloc_pos 212804
alloc_pos 213016
alloc_pos 213236
alloc_pos 213356
alloc_pos 213444
alloc_pos 213516
alloc_pos 213608
alloc_pos 213820
alloc_pos 213844
alloc_pos 214028
alloc_pos 214292
alloc_pos 214320
alloc_pos 214368
alloc_pos 214488
alloc_pos 214744
alloc_pos 214812
alloc_pos 214912
alloc_pos 215144
alloc_pos 215320
alloc_pos 215460
alloc_pos 215532
alloc_pos 215596
alloc_pos 215724
alloc_pos 215856
alloc_pos 216104
alloc_pos 216148
alloc_pos 216224
alloc_pos 216428
alloc_pos 216512
alloc_pos 216732
alloc_pos 216824
alloc_pos 216908
alloc_pos 216976
alloc_pos 217060
alloc_pos 217232
alloc_pos 217336
alloc_pos 217376
alloc_pos 217464
alloc_pos 217512
alloc_pos 217544
alloc_pos 217688
alloc_pos 217944
alloc_pos 218192
alloc_pos 218244
alloc_pos 218280
alloc_pos 218512
alloc_pos 218684
alloc_pos 218820
alloc_pos 219040
alloc_pos 219232
alloc_pos 219256
alloc_pos 219460
alloc_pos 219568
alloc_pos 219644
alloc_pos 219732
alloc_pos 219920
alloc_pos 219944
alloc_pos 220176
alloc_pos 220280
alloc_pos 220408
alloc_pos 220632
alloc_pos 220780
alloc_pos 220944
alloc_pos 221004
alloc_pos 221164
alloc_pos 221280
alloc_pos 221492
alloc_pos 221712
alloc_pos 221832
alloc_pos 221920
alloc_pos 221992
alloc_pos 222084
alloc_pos 222296
alloc_pos 222320
alloc_pos 222504
alloc_pos 222768
alloc_pos 222796
alloc_pos 222844
alloc_pos 222964
alloc_pos 223220
alloc_pos 223288
alloc_pos 223388
alloc_pos 223620
alloc_pos 223796
alloc_pos 223936
alloc_pos 224008
alloc_pos 224072
alloc_pos 224200
alloc_pos 224332
alloc_pos 224580
alloc_pos 224624
alloc_pos 224700
alloc_pos 224904
alloc_pos 224988
alloc_pos 225208
alloc_pos 225300
alloc_pos 225384
alloc_pos 225452
alloc_pos 225536
alloc_pos 225708
alloc_pos 225812
alloc_pos 225852
alloc_pos 225940
alloc_pos 225988
alloc_pos 226020
alloc_pos 226164
alloc_pos 226420
alloc_pos 226668
alloc_pos 226720
alloc_pos 226756
alloc_pos 226988
alloc_pos 227160
alloc_pos 227296
alloc_pos 227516
alloc_pos 227708
alloc_pos 227732
alloc_pos 227936
alloc_pos 228044
alloc_pos 228120
alloc_pos 228208
alloc_pos 228396
alloc_pos 228420
alloc_pos 228652
alloc_pos 228756
alloc_pos 228884
alloc_pos 229108
alloc_pos 229256
alloc_pos 229420
alloc_pos 229480
alloc_pos 229640
alloc_pos 229756
alloc_pos 229968
alloc_pos 230188
alloc_pos 230308
alloc_pos 230396
alloc_pos 230468
alloc_pos 230560
alloc_pos 230772
alloc_pos 230796
alloc_pos 230980
alloc_pos 231244
alloc_pos 231272
alloc_pos 231320
alloc_pos 231440
alloc_pos 231696
alloc_pos 231764
alloc_pos 231864
alloc_pos 232096
alloc_pos 232272
alloc_pos 232412
alloc_pos 232484
alloc_pos 232548
alloc_pos 232676
alloc_pos 232808
alloc_pos 233056
alloc_pos 233100
alloc_pos 233176
alloc_pos 233380
alloc_pos 233464
alloc_pos 233684
alloc_pos 233776
alloc_pos 233860
alloc_pos 233928
alloc_pos 234012
alloc_pos 234184
alloc_pos 234288
alloc_pos 234328
alloc_pos 234416
alloc_pos 234464
alloc_pos 234496
alloc_pos 234640
alloc_pos 234896
alloc_pos 235144
alloc_pos 235196
alloc_pos 235232
alloc_pos 235464
alloc_pos 235636
alloc_pos 235772
alloc_pos 235992
alloc_pos 236184
alloc_pos 236208
alloc_pos 236412
alloc_pos 236520
alloc_pos 236596
alloc_pos 236684
alloc_pos 236872
alloc_pos 236896
alloc_pos 237128
alloc_pos 237232
alloc_pos 237360
alloc_pos 237584
alloc_pos 237732
alloc_pos 237896
alloc_pos 237956
alloc_pos 238116
alloc_pos 238232
alloc_pos 238444
alloc_pos 238664
alloc_pos 238784
alloc_pos 238872
alloc_pos 238944
alloc_pos 239036
alloc_pos 239248
alloc_pos 239272
alloc_pos 239456
alloc_pos 239720
alloc_pos 239748
alloc_pos 239796
alloc_pos 239916
alloc_pos 240172
alloc_pos 240240
alloc_pos 240340
alloc_pos 240572
alloc_pos 240748
alloc_pos 240888
alloc_pos 240960
alloc_pos 241024
alloc_pos 241152
alloc_pos 241284
alloc_pos 241532
alloc_pos 241576
alloc_pos 241652
alloc_pos 241856
alloc_pos 241940
alloc_pos 242160
alloc_pos 242252
alloc_pos 242336
alloc_pos 242404
alloc_pos 242488
alloc_pos 242660
alloc_pos 242764
alloc_pos 242804
alloc_pos 242892
alloc_pos 242940
alloc_pos 242972
alloc_pos 243116
alloc_pos 243372
alloc_pos 243620
alloc_pos 243672
alloc_pos 243708
alloc_pos 243940
alloc_pos 244112
alloc_pos 244248
alloc_pos 244468
alloc_pos 244660
alloc_pos 244684
alloc_pos 244888
alloc_pos 244996
alloc_pos 245072
alloc_pos 245160
alloc_pos 245348
alloc_pos 245372
alloc_pos 245604
alloc_pos 245708
alloc_pos 245836
alloc_pos 246060
alloc_pos 246208
alloc_pos 246372
alloc_pos 246432
alloc_pos 246592
alloc_pos 246708
alloc_pos 246920
alloc_pos 247140
alloc_pos 247260
alloc_pos 247348
alloc_pos 247420
alloc_pos 247512
alloc_pos 247724
alloc_pos 247748
alloc_pos 247932
alloc_pos 248196
alloc_pos 248224
alloc_pos 248272
alloc_pos 248392
alloc_pos 248648
alloc_pos 248716
alloc_pos 248816
alloc_pos 249048
alloc_pos 249224
alloc_pos 249364
alloc_pos 249436
alloc_pos 249500
alloc_pos 249628
alloc_pos 249760
alloc_pos 250008
alloc_pos 250052
alloc_pos 250128
alloc_pos 250332
alloc_pos 250416
alloc_pos 250636
alloc_pos 250728
alloc_pos 250812
alloc_pos 250880
alloc_pos 250964
alloc_pos 251136
alloc_pos 251240
alloc_pos 251280
alloc_pos 251368
alloc_pos 251416
alloc_pos 251448
alloc_pos 251592
alloc_pos 251848
alloc_pos 252096
alloc_pos 252148
alloc_pos 252184
alloc_pos 252416
alloc_pos 252588
alloc_pos 252724
alloc_pos 252944
alloc_pos 253136
alloc_pos 253160
alloc_pos 253364
alloc_pos 253472
alloc_pos 253548
alloc_pos 253636
alloc_pos 253824
alloc_pos 253848
alloc_pos 254080
alloc_pos 254184
alloc_pos 254312
alloc_pos 254536
alloc_pos 254684
alloc_pos 254848
alloc_pos 254908
alloc_pos 255068
alloc_pos 255184
alloc_pos 255396
alloc_pos 255616
alloc_pos 255736
alloc_pos 255824
alloc_pos 255896
alloc_pos 255988
alloc_pos 256200
alloc_pos 256224
alloc_pos 256408
alloc_pos 256672
alloc_pos 256700
alloc_pos 256748
alloc_pos 256868
alloc_pos 257124
alloc_pos 257192
alloc_pos 257292
alloc_pos 257524
alloc_pos 257700
alloc_pos 257840
alloc_pos 257912
alloc_pos 257976
alloc_pos 258104
alloc_pos 258236
alloc_pos 258484
alloc_pos 258528
alloc_pos 258604
alloc_pos 258808
alloc_pos 258892
alloc_pos 259112
alloc_pos 259204
alloc_pos 259288
alloc_pos 259356
alloc_pos 259440
alloc_pos 259612
alloc_pos 259716
alloc_pos 259756
alloc_pos 259844
alloc_pos 259892
alloc_pos 259924
alloc_pos 260068
alloc_pos 260324
alloc_pos 260572
alloc_pos 260624
alloc_pos 260660
alloc_pos 260892
alloc_pos 261064
alloc_pos 261200
alloc_pos 261420
alloc_pos 261612
alloc_pos 261636
alloc_pos 261840
alloc_pos 261948
alloc_pos 262024
alloc_pos 262112
alloc_pos 262300
alloc_pos 262324
alloc_pos 262556
alloc_pos 262660
alloc_pos 262788
alloc_pos 263012
alloc_pos 263160
alloc_pos 263324
alloc_pos 263384
alloc_pos 263544
alloc_pos 263660
alloc_pos 263872
alloc_pos 264092
alloc_pos 264212
alloc_pos 264300
alloc_pos 264372
alloc_pos 264464
alloc_pos 264676
alloc_pos 264700
alloc_pos 264884
alloc_pos 265148
alloc_pos 265176
alloc_pos 265224
alloc_pos 265344
alloc_pos 265600
alloc_pos 265668
alloc_pos 265768
alloc_pos 266000
alloc_pos 266176
alloc_pos 266316
alloc_pos 266388
alloc_pos 266452
alloc_pos 266580
alloc_pos 266712
alloc_pos 266960
alloc_pos 267004
alloc_pos 267080
alloc_pos 267284
alloc_pos 267368
alloc_pos 267588
alloc_pos 267680
alloc_pos 267764
alloc_pos 267832
alloc_pos 267916
alloc_pos 268088
alloc_pos 268192
alloc_pos 268232
alloc_pos 268320
alloc_pos 268368
alloc_pos 268400
alloc_pos 268544
alloc_pos 268800
alloc_pos 269048
alloc_pos 269100
alloc_pos 269136
alloc_pos 269368
alloc_pos 269540
alloc_pos 269676
alloc_pos 269896
alloc_pos 270088
alloc_pos 270112
alloc_pos 270316
alloc_pos 270424
alloc_pos 270500
alloc_pos 270588
alloc_pos 270776
alloc_pos 270800
alloc_pos 271032
alloc_pos 271136
alloc_pos 271264
alloc_pos 271488
alloc_pos 271636
alloc_pos 271800
alloc_pos 271860
alloc_pos 272020
alloc_pos 272136
alloc_pos 272348
alloc_pos 272568
alloc_pos 272688
alloc_pos 272776
alloc_pos 272848
alloc_pos 272940
alloc_pos 273152
alloc_pos 273176
alloc_pos 273360
alloc_pos 273624
alloc_pos 273652
alloc_pos 273700
alloc_pos 273820
alloc_pos 274076
alloc_pos 274144
alloc_pos 274244
alloc_pos 274476
alloc_pos 274652
alloc_pos 274792
alloc_pos 274864
alloc_pos 274928
alloc_pos 275056
alloc_pos 275188
alloc_pos 275436
alloc_pos 275480
alloc_pos 275556
alloc_pos 275760
alloc_pos 275844
alloc_pos 276064
alloc_pos 276156
alloc_pos 276240
alloc_pos 276308
alloc_pos 276392
alloc_pos 276564
alloc_pos 276668
alloc_pos 276708
alloc_pos 276796
alloc_pos 276844
alloc_pos 276876
alloc_pos 277020
alloc_pos 277276
alloc_pos 277524
alloc_pos 277576
alloc_pos 277612
alloc_pos 277844
alloc_pos 278016
alloc_pos 278152
alloc_pos 278372
alloc_pos 278564
alloc_pos 278588
alloc_pos 278792
alloc_pos 278900
alloc_pos 278976
alloc_pos 279064
alloc_pos 279252
alloc_pos 279276
alloc_pos 279508
alloc_pos 279612
alloc_pos 279740
alloc_pos 279964
alloc_pos 280112
alloc_pos 280276
alloc_pos 280336
alloc_pos 280496
alloc_pos 280612
alloc_pos 280824
alloc_pos 281044
alloc_pos 281164
alloc_pos 281252
alloc_pos 281324
alloc_pos 281416
alloc_pos 281628
alloc_pos 281652
alloc_pos 281836
alloc_pos 282100
alloc_pos 282128
alloc_pos 282176
alloc_pos 282296
alloc_pos 282552
alloc_pos 282620
alloc_pos 282720
alloc_pos 282952
alloc_pos 283128
alloc_pos 283268
alloc_pos 283340
alloc_pos 283404
alloc_pos 283532
alloc_pos 283664
alloc_pos 283912
alloc_pos 283956
alloc_pos 284032
alloc_pos 284236
alloc_pos 284320
alloc_pos 284540
alloc_pos 284632
alloc_pos 284716
alloc_pos 284784
alloc_pos 284868
alloc_pos 285040
alloc_pos 285144
alloc_pos 285184
alloc_pos 285272
alloc_pos 285320
alloc_pos 285352
alloc_pos 285496
alloc_pos 285752
alloc_pos 286000
alloc_pos 286052
alloc_pos 286088
alloc_pos 286320
alloc_pos 286492
alloc_pos 286628
alloc_pos 286848
alloc_pos 287040
alloc_pos 287064
alloc_pos 287268
alloc_pos 287376
alloc_pos 287452
alloc_pos 287540
alloc_pos 287728
alloc_pos 287752
alloc_pos 287984
alloc_pos 288088
alloc_pos 288216
alloc_pos 288440
alloc_pos 288588
alloc_pos 288752
alloc_pos 288812
alloc_pos 288972
alloc_pos 289088
alloc_pos 289300
alloc_pos 289520
alloc_pos 289640
alloc_pos 289728
alloc_pos 289800
alloc_pos 289892
alloc_pos 290104
alloc_pos 290128
alloc_pos 290312
alloc_pos 290576
alloc_pos 290604
alloc_pos 290652
alloc_pos 290772
alloc_pos 291028
alloc_pos 291096
alloc_pos 291196
alloc_pos 291428
alloc_pos 291604
alloc_pos 291744
alloc_pos 291816
alloc_pos 291880
alloc_pos 292008
alloc_pos 292140
alloc_pos 292388
alloc_pos 292432
alloc_pos 292508
alloc_pos 292712
alloc_pos 292796
alloc_pos 293016
alloc_pos 293108
alloc_pos 293192
alloc_pos 293260
alloc_pos 293344
alloc_pos 293516
alloc_pos 293620
alloc_pos 293660
alloc_pos 293748
alloc_pos 293796
alloc_pos 293828
alloc_pos 293972
alloc_pos 294228
alloc_pos 294476
alloc_pos 294528
alloc_pos 294564
alloc_pos 294796
alloc_pos 294968
alloc_pos 295104
alloc_pos 295324
alloc_pos 295516
alloc_pos 295540
alloc_pos 295744
alloc_pos 295852
alloc_pos 295928
alloc_pos 296016
alloc_pos 296204
alloc_pos 296228
alloc_pos 296460
alloc_pos 296564
alloc_pos 296692
alloc_pos 296916
alloc_pos 297064
alloc_pos 297228
alloc_pos 297288
alloc_pos 297448
alloc_pos 297564
alloc_pos 297776
alloc_pos 297996
alloc_pos 298116
alloc_pos 298204
alloc_pos 298276
alloc_pos 298368
alloc_pos 298580
alloc_pos 298604
alloc_pos 298788
alloc_pos 299052
alloc_pos 299080
alloc_pos 299128
alloc_pos 299248
alloc_pos 299504
alloc_pos 299572
alloc_pos 299672
alloc_pos 299904
alloc_pos 300080
alloc_pos 300220
alloc_pos 300292
alloc_pos 300356
alloc_pos 300484
alloc_pos 300616
alloc_pos 300864
alloc_pos 300908
alloc_pos 300984
alloc_pos 301188
alloc_pos 301272
alloc_pos 301492
alloc_pos 301584
alloc_pos 301668
alloc_pos 301736
alloc_pos 301820
alloc_pos 301992
alloc_pos 302096
alloc_pos 302136
alloc_pos 302224
alloc_pos 302272
alloc_pos 302304
alloc_pos 302448
alloc_pos 302704
alloc_pos 302952
alloc_pos 303004
alloc_pos 303040
alloc_pos 303272
alloc_pos 303444
alloc_pos 303580
alloc_pos 303800
alloc_pos 303992
alloc_pos 304016
alloc_pos 304220
alloc_pos 304328
alloc_pos 304404
alloc_pos 304492
alloc_pos 304680
alloc_pos 304704
alloc_pos 304936
alloc_pos 305040
alloc_pos 305168
alloc_pos 305392
alloc_pos 305540
alloc_pos 305704
alloc_pos 305764
alloc_pos 305924
alloc_pos 306040
alloc_pos 306252
alloc_pos 306472
alloc_pos 306592
alloc_pos 306680
alloc_pos 306752
alloc_pos 306844
alloc_pos 307056
alloc_pos 307080
alloc_pos 307264
alloc_pos 307528
alloc_pos 307556
alloc_pos 307604
alloc_pos 307724
alloc_pos 307980
alloc_pos 308048
alloc_pos 308148
alloc_pos 308380
alloc_pos 308556
alloc_pos 308696
alloc_pos 308768
alloc_pos 308832
alloc_pos 308960
alloc_pos 309092
alloc_pos 309340
alloc_pos 309384
alloc_pos 309460
alloc_pos 309664
alloc_pos 309748
alloc_pos 309968
alloc_pos 310060
alloc_pos 310144
alloc_pos 310212
alloc_pos 310296
alloc_pos 310468
alloc_pos 310572
alloc_pos 310612
alloc_pos 310700
alloc_pos 310748
alloc_pos 310780
alloc_pos 310924
alloc_pos 311180
alloc_pos 311428
alloc_pos 311480
alloc_pos 311516
alloc_pos 311748
alloc_pos 311920
alloc_pos 312056
alloc_pos 312276
alloc_pos 312468
alloc_pos 312492
alloc_pos 312696
alloc_pos 312804
alloc_pos 312880
alloc_pos 312968
alloc_pos 313156
alloc_pos 313180
alloc_pos 313412
alloc_pos 313516
alloc_pos 313644
alloc_pos 313868
alloc_pos 314016
alloc_pos 314180
alloc_pos 314240
alloc_pos 314400
alloc_pos 314516
alloc_pos 314728
alloc_pos 314948
alloc_pos 315068
alloc_pos 315156
alloc_pos 315228
alloc_pos 315320
alloc_pos 315532
alloc_pos 315556
alloc_pos 315740
alloc_pos 316004
alloc_pos 316032
alloc_pos 316080
alloc_pos 316200
alloc_pos 316456
alloc_pos 316524
alloc_pos 316624
alloc_pos 316856
alloc_pos 317032
alloc_pos 317172
alloc_pos 317244
alloc_pos 317308
alloc_pos 317436
alloc_pos 317568
alloc_pos 317816
alloc_pos 317860
alloc_pos 317936
alloc_pos 318140
alloc_pos 318224
alloc_pos 318444
alloc_pos 318536
alloc_pos 318620
alloc_pos 318688
alloc_pos 318772
alloc_pos 318944
alloc_pos 319048
alloc_pos 319088
alloc_pos 319176
alloc_pos 319224
alloc_pos 319256
alloc_pos 319400
alloc_pos 319656
alloc_pos 319904
alloc_pos 319956
alloc_pos 319992
alloc_pos 320224
alloc_pos 320396
alloc_pos 320532
alloc_pos 320752
alloc_pos 320944
alloc_pos 320968
alloc_pos 321172
alloc_pos 321280
alloc_pos 321356
alloc_pos 321444
alloc_pos 321632
alloc_pos 321656
alloc_pos 321888
alloc_pos 321992
alloc_pos 322120
alloc_pos 322344
alloc_pos 322492
alloc_pos 322656
alloc_pos 322716
alloc_pos 322876
alloc_pos 322992
alloc_pos 323204
alloc_pos 323424
alloc_pos 323544
alloc_pos 323632
alloc_pos 323704
alloc_pos 323796
alloc_pos 324008
alloc_pos 324032
alloc_pos 324216
alloc_pos 324480
alloc_pos 324508
alloc_pos 324556
alloc_pos 324676
alloc_pos 324932
alloc_pos 325000
alloc_pos 325100
alloc_pos 325332
alloc_pos 325508
alloc_pos 325648
alloc_pos 325720
alloc_pos 325784
alloc_pos 325912
alloc_pos 326044
alloc_pos 326292
alloc_pos 326336
alloc_pos 326412
alloc_pos 326616
alloc_pos 326700
alloc_pos 326920
alloc_pos 327012
alloc_pos 327096
alloc_pos 327164
alloc_pos 327248
alloc_pos 327420
alloc_pos 327524
alloc_pos 327564
alloc_pos 327652
alloc_pos 327700
alloc_pos 327732
alloc_pos 327876
alloc_pos 328132
alloc_pos 328380
alloc_pos 328432
alloc_pos 328468
alloc_pos 328700
alloc_pos 328872
alloc_pos 329008
alloc_pos 329228
alloc_pos 329420
alloc_pos 329444
alloc_pos 329648
alloc_pos 329756
alloc_pos 329832
alloc_pos 329920
alloc_pos 330108
alloc_pos 330132
alloc_pos 330364
alloc_pos 330468
alloc_pos 330596
alloc_pos 330820
alloc_pos 330968
alloc_pos 331132
alloc_pos 331192
alloc_pos 331352
alloc_pos 331468
alloc_pos 331680
alloc_pos 331900
alloc_pos 332020
alloc_pos 332108
alloc_pos 332180
alloc_pos 332272
alloc_pos 332484
alloc_pos 332508
alloc_pos 332692
alloc_pos 332956
alloc_pos 332984
alloc_pos 333032
alloc_pos 333152
alloc_pos 333408
alloc_pos 333476
alloc_pos 333576
alloc_pos 333808
alloc_pos 333984
alloc_pos 334124
alloc_pos 334196
alloc_pos 334260
alloc_pos 334388
alloc_pos 334520
alloc_pos 334768
alloc_pos 334812
alloc_pos 334888
alloc_pos 335092
alloc_pos 335176
alloc_pos 335396
alloc_pos 335488
alloc_pos 335572
alloc_pos 335640
alloc_pos 335724
alloc_pos 335896
alloc_pos 336000
alloc_pos 336040
alloc_pos 336128
alloc_pos 336176
alloc_pos 336208
alloc_pos 336352
alloc_pos 336608
alloc_pos 336856
alloc_pos 336908
alloc_pos 336944
alloc_pos 337176
alloc_pos 337348
alloc_pos 337484
alloc_pos 337704
alloc_pos 337896
alloc_pos 337920
alloc_pos 338124
alloc_pos 338232
alloc_pos 338308
alloc_pos 338396
alloc_pos 338584
alloc_pos 338608
alloc_pos 338840
alloc_pos 338944
alloc_pos 339072
alloc_pos 339296
alloc_pos 339444
alloc_pos 339608
alloc_pos 339668
alloc_pos 339828
alloc_pos 339944
alloc_pos 340156
alloc_pos 340376
alloc_pos 340496
alloc_pos 340584
alloc_pos 340656
alloc_pos 340748
alloc_pos 340960
alloc_pos 340984
alloc_pos 341168
alloc_pos 341432
alloc_pos 341460
alloc_pos 341508
alloc_pos 341628
alloc_pos 341884
alloc_pos 341952
alloc_pos 342052
alloc_pos 342284
alloc_pos 342460
alloc_pos 342600
alloc_pos 342672
alloc_pos 342736
alloc_pos 342864
alloc_pos 342996
alloc_pos 343244
alloc_pos 343288
alloc_pos 343364
alloc_pos 343568
alloc_pos 343652
alloc_pos 343872
alloc_pos 343964
alloc_pos 344048
alloc_pos 344116
alloc_pos 344200
alloc_pos 344372
alloc_pos 344476
alloc_pos 344516
alloc_pos 344604
alloc_pos 344652
alloc_pos 344684
alloc_pos 344828
alloc_pos 345084
alloc_pos 345332
alloc_pos 345384
alloc_pos 345420
alloc_pos 345652
alloc_pos 345824
alloc_pos 345960
alloc_pos 346180
alloc_pos 346372
alloc_pos 346396
alloc_pos 346600
alloc_pos 346708
alloc_pos 346784
alloc_pos 346872
alloc_pos 347060
alloc_pos 347084
alloc_pos 347316
alloc_pos 347420
alloc_pos 347548
alloc_pos 347772
alloc_pos 347920
alloc_pos 348084
alloc_pos 348144
alloc_pos 348304
alloc_pos 348420
alloc_pos 348632
alloc_pos 348852
alloc_pos 348972
alloc_pos 349060
alloc_pos 349132
alloc_pos 349224
alloc_pos 349436
alloc_pos 349460
alloc_pos 349644
alloc_pos 349908
alloc_pos 349936
alloc_pos 349984
alloc_pos 350104
alloc_pos 350360
alloc_pos 350428
alloc_pos 350528
alloc_pos 350760
alloc_pos 350936
alloc_pos 351076
alloc_pos 351148
alloc_pos 351212
alloc_pos 351340
alloc_pos 351472
alloc_pos 351720
alloc_pos 351764
alloc_pos 351840
alloc_pos 352044
alloc_pos 352128
alloc_pos 352348
alloc_pos 352440
alloc_pos 352524
alloc_pos 352592
alloc_pos 352676
alloc_pos 352848
alloc_pos 352952
alloc_pos 352992
alloc_pos 353080
alloc_pos 353128
alloc_pos 353160
alloc_pos 353304
alloc_pos 353560
alloc_pos 353808
alloc_pos 353860
alloc_pos 353896
alloc_pos 354128
alloc_pos 354300
alloc_pos 354436
alloc_pos 354656
alloc_pos 354848
alloc_pos 354872
alloc_pos 355076
alloc_pos 355184
alloc_pos 355260
alloc_pos 355348
alloc_pos 355536
alloc_pos 355560
alloc_pos 355792
alloc_pos 355896
alloc_pos 356024
alloc_pos 356248
alloc_pos 356396
alloc_pos 356560
alloc_pos 356620
alloc_pos 356780
alloc_pos 356896
alloc_pos 357108
alloc_pos 357328
alloc_pos 357448
alloc_pos 357536
alloc_pos 357608
alloc_pos 357700
alloc_pos 357912
alloc_pos 357936
alloc_pos 358120
alloc_pos 358384
alloc_pos 358412
alloc_pos 358460
alloc_pos 358580
alloc_pos 358836
alloc_pos 358904
alloc_pos 359004
alloc_pos 359236
alloc_pos 359412
alloc_pos 359552
alloc_pos 359624
alloc_pos 359688
alloc_pos 359816
alloc_pos 359948
alloc_pos 360196
alloc_pos 360240
alloc_pos 360316
alloc_pos 360520
alloc_pos 360604
alloc_pos 360824
alloc_pos 360916
alloc_pos 361000
alloc_pos 361068
alloc_pos 361152
alloc_pos 361324
alloc_pos 361428
alloc_pos 361468
alloc_pos 361556
alloc_pos 361604
alloc_pos 361636
alloc_pos 361780
alloc_pos 362036
alloc_pos 362284
alloc_pos 362336
alloc_pos 362372
alloc_pos 362604
alloc_pos 362776
alloc_pos 362912
alloc_pos 363132
alloc_pos 363324
alloc_pos 363348
alloc_pos 363552
alloc_pos 363660
alloc_pos 363736
alloc_pos 363824
alloc_pos 364012
alloc_pos 364036
alloc_pos 364268
alloc_pos 364372
alloc_pos 364500
alloc_pos 364724
alloc_pos 364872
alloc_pos 365036
alloc_pos 365096
alloc_pos 365256
alloc_pos 365372
alloc_pos 365584
alloc_pos 365804
alloc_pos 365924
alloc_pos 366012
alloc_pos 366084
alloc_pos 366176
alloc_pos 366388
alloc_pos 366412
alloc_pos 366596
alloc_pos 366860
alloc_pos 366888
alloc_pos 366936
alloc_pos 367056
alloc_pos 367312
alloc_pos 367380
alloc_pos 367480
alloc_pos 367712
alloc_pos 367888
alloc_pos 368028
alloc_pos 368100
alloc_pos 368164
alloc_pos 368292
alloc_pos 368424
alloc_pos 368672
alloc_pos 368716
alloc_pos 368792
alloc_pos 368996
alloc_pos 369080
alloc_pos 369300
alloc_pos 369392
alloc_pos 369476
alloc_pos 369544
alloc_pos 369628
alloc_pos 369800
alloc_pos 369904
alloc_pos 369944
alloc_pos 370032
alloc_pos 370080
alloc_pos 370112
alloc_pos 370256
alloc_pos 370512
alloc_pos 370760
alloc_pos 370812
alloc_pos 370848
alloc_pos 371080
alloc_pos 371252
alloc_pos 371388
alloc_pos 371608
alloc_pos 371800
alloc_pos 371824
alloc_pos 372028
alloc_pos 372136
alloc_pos 372212
alloc_pos 372300
alloc_pos 372488
alloc_pos 372512
alloc_pos 372744
alloc_pos 372848
alloc_pos 372976
alloc_pos 373200
alloc_pos 373348
alloc_pos 373512
alloc_pos 373572
alloc_pos 373732
alloc_pos 373848
alloc_pos 374060
alloc_pos 374280
alloc_pos 374400
alloc_pos 374488
alloc_pos 374560
alloc_pos 374652
alloc_pos 374864
alloc_pos 374888
alloc_pos 375072
alloc_pos 375336
alloc_pos 375364
alloc_pos 375412
alloc_pos 375532
alloc_pos 375788
alloc_pos 375856
alloc_pos 375956
alloc_pos 376188
alloc_pos 376364
alloc_pos 376504
alloc_pos 376576
alloc_pos 376640
alloc_pos 376768
alloc_pos 376900
alloc_pos 377148
alloc_pos 377192
alloc_pos 377268
alloc_pos 377472
alloc_pos 377556
alloc_pos 377776
alloc_pos 377868
alloc_pos 377952
alloc_pos 378020
alloc_pos 378104
alloc_pos 378276
alloc_pos 378380
alloc_pos 378420
alloc_pos 378508
alloc_pos 378556
alloc_pos 378588
alloc_pos 378732
alloc_pos 378988
alloc_pos 379236
alloc_pos 379288
alloc_pos 379324
alloc_pos 379556
alloc_pos 379728
alloc_pos 379864
alloc_pos 380084
alloc_pos 380276
alloc_pos 380300
alloc_pos 380504
alloc_pos 380612
alloc_pos 380688
alloc_pos 380776
alloc_pos 380964
alloc_pos 380988
alloc_pos 381220
alloc_pos 381324
alloc_pos 381452
alloc_pos 381676
alloc_pos 381824
alloc_pos 381988
alloc_pos 382048
alloc_pos 382208
alloc_pos 382324
alloc_pos 382536
alloc_pos 382756
alloc_pos 382876
alloc_pos 382964
alloc_pos 383036
alloc_pos 383128
alloc_pos 383340
alloc_pos 383364
alloc_pos 383548
alloc_pos 383812
alloc_pos 383840
alloc_pos 383888
alloc_pos 384008
alloc_pos 384264
alloc_pos 384332
alloc_pos 384432
alloc_pos 384664
alloc_pos 384840
alloc_pos 384980
alloc_pos 385052
alloc_pos 385116
alloc_pos 385244
alloc_pos 385376
alloc_pos 385624
alloc_pos 385668
alloc_pos 385744
alloc_pos 385948
alloc_pos 386032
alloc_pos 386252
alloc_pos 386344
alloc_pos 386428
alloc_pos 386496
alloc_pos 386580
alloc_pos 386752
alloc_pos 386856
alloc_pos 386896
alloc_pos 386984
alloc_pos 387032
alloc_pos 387064
alloc_pos 387208
alloc_pos 387464
alloc_pos 387712
alloc_pos 387764
alloc_pos 387800
alloc_pos 388032
alloc_pos 388204
alloc_pos 388340
alloc_pos 388560
alloc_pos 388752
alloc_pos 388776
alloc_pos 388980
alloc_pos 389088
alloc_pos 389164
alloc_pos 389252
alloc_pos 389440
alloc_pos 389464
alloc_pos 389696
alloc_pos 389800
alloc_pos 389928
alloc_pos 390152
alloc_pos 390300
alloc_pos 390464
alloc_pos 390524
alloc_pos 390684
alloc_pos 390800
alloc_pos 391012
alloc_pos 391232
alloc_pos 391352
alloc_pos 391440
alloc_pos 391512
alloc_pos 391604
alloc_pos 391816
alloc_pos 391840
alloc_pos 392024
alloc_pos 392288
alloc_pos 392316
alloc_pos 392364
alloc_pos 392484
alloc_pos 392740
alloc_pos 392808
alloc_pos 392908
alloc_pos 393140
alloc_pos 393316
alloc_pos 393456
alloc_pos 393528
alloc_pos 393592
alloc_pos 393720
alloc_pos 393852
alloc_pos 394100
alloc_pos 394144
alloc_pos 394220
alloc_pos 394424
alloc_pos 394508
alloc_pos 394728
alloc_pos 394820
alloc_pos 394904
alloc_pos 394972
alloc_pos 395056
alloc_pos 395228
alloc_pos 395332
alloc_pos 395372
alloc_pos 395460
alloc_pos 395508
alloc_pos 395540
alloc_pos 395684
alloc_pos 395940
alloc_pos 396188
alloc_pos 396240
alloc_pos 396276
alloc_pos 396508
alloc_pos 396680
alloc_pos 396816
alloc_pos 397036
alloc_pos 397228
alloc_pos 397252
alloc_pos 397456
alloc_pos 397564
alloc_pos 397640
alloc_pos 397728
alloc_pos 397916
alloc_pos 397940
alloc_pos 398172
alloc_pos 398276
alloc_pos 398404
alloc_pos 398628
alloc_pos 398776
alloc_pos 398940
alloc_pos 399000
alloc_pos 399160
alloc_pos 399276
alloc_pos 399488
alloc_pos 399708
alloc_pos 399828
alloc_pos 399916
alloc_pos 399988
alloc_pos 400080
alloc_pos 400292
alloc_pos 400316
alloc_pos 400500
alloc_pos 400764
alloc_pos 400792
alloc_pos 400840
alloc_pos 400960
alloc_pos 401216
alloc_pos 401284
alloc_pos 401384
alloc_pos 401616
alloc_pos 401792
alloc_pos 401932
alloc_pos 402004
alloc_pos 402068
alloc_pos 402196
alloc_pos 402328
alloc_pos 402576
alloc_pos 402620
alloc_pos 402696
alloc_pos 402900
alloc_pos 402984
alloc_pos 403204
alloc_pos 403296
alloc_pos 403380
alloc_pos 403448
alloc_pos 403532
alloc_pos 403704
alloc_pos 403808
alloc_pos 403848
alloc_pos 403936
alloc_pos 403984
alloc_pos 404016
alloc_pos 404160
alloc_pos 404416
alloc_pos 404664
alloc_pos 404716
alloc_pos 404752
alloc_pos 404984
alloc_pos 405156
alloc_pos 405292
alloc_pos 405512
alloc_pos 405704
alloc_pos 405728
alloc_pos 405932
alloc_pos 406040
alloc_pos 406116
alloc_pos 406204
alloc_pos 406392
alloc_pos 406416
alloc_pos 406648
alloc_pos 406752
alloc_pos 406880
alloc_pos 407104
alloc_pos 407252
alloc_pos 407416
alloc_pos 407476
alloc_pos 407636
alloc_pos 407752
alloc_pos 407964
alloc_pos 408184
alloc_pos 408304
alloc_pos 408392
alloc_pos 408464
alloc_pos 408556
alloc_pos 408768
alloc_pos 408792
alloc_pos 408976
alloc_pos 409240
alloc_pos 409268
alloc_pos 409316
alloc_pos 409436
alloc_pos 409692
alloc_pos 409760
alloc_pos 409860
alloc_pos 410092
alloc_pos 410268
alloc_pos 410408
alloc_pos 410480
alloc_pos 410544
alloc_pos 410672
alloc_pos 410804
alloc_pos 411052
alloc_pos 411096
alloc_pos 411172
alloc_pos 411376
alloc_pos 411460
alloc_pos 411680
alloc_pos 411772
alloc_pos 411856
alloc_pos 411924
alloc_pos 412008
alloc_pos 412180
alloc_pos 412284
alloc_pos 412324
alloc_pos 412412
alloc_pos 412460
alloc_pos 412492
alloc_pos 412636
alloc_pos 412892
alloc_pos 413140
alloc_pos 413192
alloc_pos 413228
alloc_pos 413460
alloc_pos 413632
alloc_pos 413768
alloc_pos 413988
alloc_pos 414180
alloc_pos 414204
alloc_pos 414408
alloc_pos 414516
alloc_pos 414592
alloc_pos 414680
alloc_pos 414868
alloc_pos 414892
alloc_pos 415124
alloc_pos 415228
alloc_pos 415356
alloc_pos 415580
alloc_pos 415728
alloc_pos 415892
alloc_pos 415952
alloc_pos 416112
alloc_pos 416228
alloc_pos 416440
alloc_pos 416660
alloc_pos 416780
alloc_pos 416868
alloc_pos 416940
alloc_pos 417032
alloc_pos 417244
alloc_pos 417268
alloc_pos 417452
alloc_pos 417716
alloc_pos 417744
alloc_pos 417792
alloc_pos 417912
alloc_pos 418168
alloc_pos 418236
alloc_pos 418336
alloc_pos 418568
alloc_pos 418744
alloc_pos 418884
alloc_pos 418956
alloc_pos 419020
alloc_pos 419148
alloc_pos 419280
alloc_pos 419528
alloc_pos 419572
alloc_pos 419648
alloc_pos 419852
alloc_pos 419936
alloc_pos 420156
alloc_pos 420248
alloc_pos 420332
alloc_pos 420400
alloc_pos 420484
alloc_pos 420656
alloc_pos 420760
alloc_pos 420800
alloc_pos 420888
alloc_pos 420936
alloc_pos 420968
alloc_pos 421112
alloc_pos 421368
alloc_pos 421616
alloc_pos 421668
alloc_pos 421704
alloc_pos 421936
alloc_pos 422108
alloc_pos 422244
alloc_pos 422464
alloc_pos 422656
alloc_pos 422680
alloc_pos 422884
alloc_pos 422992
alloc_pos 423068
alloc_pos 423156
alloc_pos 423344
alloc_pos 423368
alloc_pos 423600
alloc_pos 423704
alloc_pos 423832
alloc_pos 424056
alloc_pos 424204
alloc_pos 424368
alloc_pos 424428
alloc_pos 424588
alloc_pos 424704
alloc_pos 424916
alloc_pos 425136
alloc_pos 425256
alloc_pos 425344
alloc_pos 425416
alloc_pos 425508
alloc_pos 425720
alloc_pos 425744
alloc_pos 425928
alloc_pos 426192
alloc_pos 426220
alloc_pos 426268
alloc_pos 426388
alloc_pos 426644
alloc_pos 426712
alloc_pos 426812
alloc_pos 427044
alloc_pos 427220
alloc_pos 427360
alloc_pos 427432
alloc_pos 427496
alloc_pos 427624
alloc_pos 427756
alloc_pos 428004
alloc_pos 428048
alloc_pos 428124
alloc_pos 428328
alloc_pos 428412
alloc_pos 428632
alloc_pos 428724
alloc_pos 428808
alloc_pos 428876
alloc_pos 428960
alloc_pos 429132
alloc_pos 429236
alloc_pos 429276
alloc_pos 429364
alloc_pos 429412
alloc_pos 429444
alloc_pos 429588
alloc_pos 429844
alloc_pos 430092
alloc_pos 430144
alloc_pos 430180
alloc_pos 430412
alloc_pos 430584
alloc_pos 430720
alloc_pos 430940
alloc_pos 431132
alloc_pos 431156
alloc_pos 431360
alloc_pos 431468
alloc_pos 431544
alloc_pos 431632
alloc_pos 431820
alloc_pos 431844
alloc_pos 432076
alloc_pos 432180
alloc_pos 432308
alloc_pos 432532
alloc_pos 432680
alloc_pos 432844
alloc_pos 432904
alloc_pos 433064
alloc_pos 433180
alloc_pos 433392
alloc_pos 433612
alloc_pos 433732
alloc_pos 433820
alloc_pos 433892
alloc_pos 433984
alloc_pos 434196
alloc_pos 434220
alloc_pos 434404
alloc_pos 434668
alloc_pos 434696
alloc_pos 434744
alloc_pos 434864
alloc_pos 435120
alloc_pos 435188
alloc_pos 435288
alloc_pos 435520
alloc_pos 435696
alloc_pos 435836
alloc_pos 435908
alloc_pos 435972
alloc_pos 436100
alloc_pos 436232
alloc_pos 436480
alloc_pos 436524
alloc_pos 436600
alloc_pos 436804
alloc_pos 436888
alloc_pos 437108
alloc_pos 437200
alloc_pos 437284
alloc_pos 437352
alloc_pos 437436
alloc_pos 437608
alloc_pos 437712
alloc_pos 437752
alloc_pos 437840
alloc_pos 437888
alloc_pos 437920
alloc_pos 438064
alloc_pos 438320
alloc_pos 438568
alloc_pos 438620
alloc_pos 438656
alloc_pos 438888
alloc_pos 439060
alloc_pos 439196
alloc_pos 439416
alloc_pos 439608
alloc_pos 439632
alloc_pos 439836
alloc_pos 439944
alloc_pos 440020
alloc_pos 440108
alloc_pos 440296
alloc_pos 440320
alloc_pos 440552
alloc_pos 440656
alloc_pos 440784
alloc_pos 441008
alloc_pos 441156
alloc_pos 441320
alloc_pos 441380
alloc_pos 441540
alloc_pos 441656
alloc_pos 441868
alloc_pos 442088
alloc_pos 442208
alloc_pos 442296
alloc_pos 442368
alloc_pos 442460
alloc_pos 442672
alloc_pos 442696
alloc_pos 442880
alloc_pos 443144
alloc_pos 443172
alloc_pos 443220
alloc_pos 443340
alloc_pos 443596
alloc_pos 443664
alloc_pos 443764
alloc_pos 443996
alloc_pos 444172
alloc_pos 444312
alloc_pos 444384
alloc_pos 444448
alloc_pos 444576
alloc_pos 444708
alloc_pos 444956
alloc_pos 445000
alloc_pos 445076
alloc_pos 445280
alloc_pos 445364
alloc_pos 445584
alloc_pos 445676
alloc_pos 445760
alloc_pos 445828
alloc_pos 445912
alloc_pos 446084
alloc_pos 446188
alloc_pos 446228
alloc_pos 446316
alloc_pos 446364
alloc_pos 446396
alloc_pos 446540
alloc_pos 446796
alloc_pos 447044
alloc_pos 447096
alloc_pos 447132
alloc_pos 447364
alloc_pos 447536
alloc_pos 447672
alloc_pos 447892
alloc_pos 448084
alloc_pos 448108
alloc_pos 448312
alloc_pos 448420
alloc_pos 448496
alloc_pos 448584
alloc_pos 448772
alloc_pos 448796
alloc_pos 449028
alloc_pos 449132
alloc_pos 449260
alloc_pos 449484
alloc_pos 449632
alloc_pos 449796
alloc_pos 449856
alloc_pos 450016
alloc_pos 450132
alloc_pos 450344
alloc_pos 450564
alloc_pos 450684
alloc_pos 450772
alloc_pos 450844
alloc_pos 450936
alloc_pos 451148
alloc_pos 451172
alloc_pos 451356
alloc_pos 451620
alloc_pos 451648
alloc_pos 451696
alloc_pos 451816
alloc_pos 452072
alloc_pos 452140
alloc_pos 452240
alloc_pos 452472
alloc_pos 452648
alloc_pos 452788
alloc_pos 452860
alloc_pos 452924
alloc_pos 453052
alloc_pos 453184
alloc_pos 453432
alloc_pos 453476
alloc_pos 453552
alloc_pos 453756
alloc_pos 453840
alloc_pos 454060
alloc_pos 454152
alloc_pos 454236
alloc_pos 454304
alloc_pos 454388
alloc_pos 454560
alloc_pos 454664
alloc_pos 454704
alloc_pos 454792
alloc_pos 454840
alloc_pos 454872
alloc_pos 455016
alloc_pos 455272
alloc_pos 455520
alloc_pos 455572
alloc_pos 455608
alloc_pos 455840
alloc_pos 456012
alloc_pos 456148
alloc_pos 456368
alloc_pos 456560
alloc_pos 456584
alloc_pos 456788
alloc_pos 456896
alloc_pos 456972
alloc_pos 457060
alloc_pos 457248
alloc_pos 457272
alloc_pos 457504
alloc_pos 457608
alloc_pos 457736
alloc_pos 457960
alloc_pos 458108
alloc_pos 458272
alloc_pos 458332
alloc_pos 458492
alloc_pos 458608
alloc_pos 458820
alloc_pos 459040
alloc_pos 459160
alloc_pos 459248
alloc_pos 459320
alloc_pos 459412
alloc_pos 459624
alloc_pos 459648
alloc_pos 459832
alloc_pos 460096
alloc_pos 460124
alloc_pos 460172
alloc_pos 460292
alloc_pos 460548
alloc_pos 460616
alloc_pos 460716
alloc_pos 460948
alloc_pos 461124
alloc_pos 461264
alloc_pos 461336
alloc_pos 461400
alloc_pos 461528
alloc_pos 461660
alloc_pos 461908
alloc_pos 461952
alloc_pos 462028
alloc_pos 462232
alloc_pos 462316
alloc_pos 462536
alloc_pos 462628
alloc_pos 462712
alloc_pos 462780
alloc_pos 462864
alloc_pos 463036
alloc_pos 463140
alloc_pos 463180
alloc_pos 463268
alloc_pos 463316
alloc_pos 463348
alloc_pos 463492
alloc_pos 463748
alloc_pos 463996
alloc_pos 464048
alloc_pos 464084
alloc_pos 464316
alloc_pos 464488
alloc_pos 464624
alloc_pos 464844
alloc_pos 465036
alloc_pos 465060
alloc_pos 465264
alloc_pos 465372
alloc_pos 465448
alloc_pos 465536
alloc_pos 465724
alloc_pos 465748
alloc_pos 465980
alloc_pos 466084
alloc_pos 466212
alloc_pos 466436
alloc_pos 466584
alloc_pos 466748
alloc_pos 466808
alloc_pos 466968
alloc_pos 467084
alloc_pos 467296
alloc_pos 467516
alloc_pos 467636
alloc_pos 467724
alloc_pos 467796
alloc_pos 467888
alloc_pos 468100
alloc_pos 468124
alloc_pos 468308
alloc_pos 468572
alloc_pos 468600
alloc_pos 468648
alloc_pos 468768
alloc_pos 469024
alloc_pos 469092
alloc_pos 469192
alloc_pos 469424
alloc_pos 469600
alloc_pos 469740
alloc_pos 469812
alloc_pos 469876
alloc_pos 470004
alloc_pos 470136
alloc_pos 470384
alloc_pos 470428
alloc_pos 470504
alloc_pos 470708
alloc_pos 470792
alloc_pos 471012
alloc_pos 471104
alloc_pos 471188
alloc_pos 471256
alloc_pos 471340
alloc_pos 471512
alloc_pos 471616
alloc_pos 471656
alloc_pos 471744
alloc_pos 471792
alloc_pos 471824
alloc_pos 471968
alloc_pos 472224
alloc_pos 472472
alloc_pos 472524
alloc_pos 472560
alloc_pos 472792
alloc_pos 472964
alloc_pos 473100
alloc_pos 473320
alloc_pos 473512
alloc_pos 473536
alloc_pos 473740
alloc_pos 473848
alloc_pos 473924
alloc_pos 474012
alloc_pos 474200
alloc_pos 474224
alloc_pos 474456
alloc_pos 474560
alloc_pos 474688
alloc_pos 474912
alloc_pos 475060
alloc_pos 475224
alloc_pos 475284
alloc_pos 475444
alloc_pos 475560
alloc_pos 475772
alloc_pos 475992
alloc_pos 476112
alloc_pos 476200
alloc_pos 476272
alloc_pos 476364
alloc_pos 476576
alloc_pos 476600
alloc_pos 476784
alloc_pos 477048
alloc_pos 477076
alloc_pos 477124
alloc_pos 477244
alloc_pos 477500
alloc_pos 477568
alloc_pos 477668
alloc_pos 477900
alloc_pos 478076
alloc_pos 478216
alloc_pos 478288
alloc_pos 478352
alloc_pos 478480
alloc_pos 478612
alloc_pos 478860
alloc_pos 478904
alloc_pos 478980
alloc_pos 479184
alloc_pos 479268
alloc_pos 479488
alloc_pos 479580
alloc_pos 479664
alloc_pos 479732
alloc_pos 479816
alloc_pos 479988
alloc_pos 480092
alloc_pos 480132
alloc_pos 480220
alloc_pos 480268
alloc_pos 480300
alloc_pos 480444
alloc_pos 480700
alloc_pos 480948
alloc_pos 481000
alloc_pos 481036
alloc_pos 481268
alloc_pos 481440
alloc_pos 481576
alloc_pos 481796
alloc_pos 481988
alloc_pos 482012
alloc_pos 482216
alloc_pos 482324
alloc_pos 482400
alloc_pos 482488
alloc_pos 482676
alloc_pos 482700
alloc_pos 482932
alloc_pos 483036
alloc_pos 483164
alloc_pos 483388
alloc_pos 483536
alloc_pos 483700
alloc_pos 483760
alloc_pos 483920
alloc_pos 484036
alloc_pos 484248
alloc_pos 484468
alloc_pos 484588
alloc_pos 484676
alloc_pos 484748
alloc_pos 484840
alloc_pos 485052
alloc_pos 485076
alloc_pos 485260
alloc_pos 485524
alloc_pos 485552
alloc_pos 485600
alloc_pos 485720
alloc_pos 485976
alloc_pos 486044
alloc_pos 486144
alloc_pos 486376
alloc_pos 486552
alloc_pos 486692
alloc_pos 486764
alloc_pos 486828
alloc_pos 486956
alloc_pos 487088
alloc_pos 487336
alloc_pos 487380
alloc_pos 487456
alloc_pos 487660
alloc_pos 487744
alloc_pos 487964
alloc_pos 488056
alloc_pos 488140
alloc_pos 488208
alloc_pos 488292
alloc_pos 488464
alloc_pos 488568
alloc_pos 488608
alloc_pos 488696
alloc_pos 488744
alloc_pos 488776
alloc_pos 488920
alloc_pos 489176
alloc_pos 489424
alloc_pos 489476
alloc_pos 489512
alloc_pos 489744
alloc_pos 489916
alloc_pos 490052
alloc_pos 490272
alloc_pos 490464
alloc_pos 490488
alloc_pos 490692
alloc_pos 490800
alloc_pos 490876
alloc_pos 490964
alloc_pos 491152
alloc_pos 491176
alloc_pos 491408
alloc_pos 491512
alloc_pos 491640
alloc_pos 491864
alloc_pos 492012
alloc_pos 492176
alloc_pos 492236
alloc_pos 492396
alloc_pos 492512
alloc_pos 492724
alloc_pos 492944
alloc_pos 493064
alloc_pos 493152
alloc_pos 493224
alloc_pos 493316
alloc_pos 493528
alloc_pos 493552
alloc_pos 493736
alloc_pos 494000
alloc_pos 494028
alloc_pos 494076
alloc_pos 494196
alloc_pos 494452
alloc_pos 494520
alloc_pos 494620
alloc_pos 494852
alloc_pos 495028
alloc_pos 495168
alloc_pos 495240
alloc_pos 495304
alloc_pos 495432
alloc_pos 495564
alloc_pos 495812
alloc_pos 495856
alloc_pos 495932
alloc_pos 496136
alloc_pos 496220
alloc_pos 496440
alloc_pos 496532
alloc_pos 496616
alloc_pos 496684
alloc_pos 496768
alloc_pos 496940
alloc_pos 497044
alloc_pos 497084
alloc_pos 497172
alloc_pos 497220
alloc_pos 497252
alloc_pos 497396
alloc_pos 497652
alloc_pos 497900
alloc_pos 497952
alloc_pos 497988
alloc_pos 498220
alloc_pos 498392
alloc_pos 498528
alloc_pos 498748
alloc_pos 498940
alloc_pos 498964
alloc_pos 499168
alloc_pos 499276
alloc_pos 499352
alloc_pos 499440
alloc_pos 499628
alloc_pos 499652
alloc_pos 499884
alloc_pos 499988
alloc_pos 500116
alloc_pos 500340
alloc_pos 500488
alloc_pos 500652
alloc_pos 500712
alloc_pos 500872
alloc_pos 500988
alloc_pos 501200
alloc_pos 501420
alloc_pos 501540
alloc_pos 501628
alloc_pos 501700
alloc_pos 501792
alloc_pos 502004
alloc_pos 502028
alloc_pos 502212
alloc_pos 502476
alloc_pos 502504
alloc_pos 502552
alloc_pos 502672
alloc_pos 502928
alloc_pos 502996
alloc_pos 503096
alloc_pos 503328
alloc_pos 503504
alloc_pos 503644
alloc_pos 503716
alloc_pos 503780
alloc_pos 503908
alloc_pos 504040
alloc_pos 504288
alloc_pos 504332
alloc_pos 504408
alloc_pos 504612
alloc_pos 504696
alloc_pos 504916
alloc_pos 505008
alloc_pos 505092
alloc_pos 505160
alloc_pos 505244
alloc_pos 505416
alloc_pos 505520
alloc_pos 505560
alloc_pos 505648
alloc_pos 505696
alloc_pos 505728
alloc_pos 505872
alloc_pos 506128
alloc_pos 506376
alloc_pos 506428
alloc_pos 506464
alloc_pos 506696
alloc_pos 506868
alloc_pos 507004
alloc_pos 507224
alloc_pos 507416
alloc_pos 507440
alloc_pos 507644
alloc_pos 507752
alloc_pos 507828
alloc_pos 507916
alloc_pos 508104
alloc_pos 508128
alloc_pos 508360
alloc_pos 508464
alloc_pos 508592
alloc_pos 508816
alloc_pos 508964
alloc_pos 509128
alloc_pos 509188
alloc_pos 509348
alloc_pos 509464
alloc_pos 509676
alloc_pos 509896
alloc_pos 510016
alloc_pos 510104
alloc_pos 510176
alloc_pos 510268
alloc_pos 510480
alloc_pos 510504
alloc_pos 510688
alloc_pos 510952
alloc_pos 510980
alloc_pos 511028
alloc_pos 511148
alloc_pos 511404
alloc_pos 511472
alloc_pos 511572
alloc_pos 511804
alloc_pos 511980
alloc_pos 512120
alloc_pos 512192
alloc_pos 512256
alloc_pos 512384
alloc_pos 512516
alloc_pos 512764
alloc_pos 512808
alloc_pos 512884
alloc_pos 513088
alloc_pos 513172
alloc_pos 513392
alloc_pos 513484
alloc_pos 513568
alloc_pos 513636
alloc_pos 513720
alloc_pos 513892
alloc_pos 513996
alloc_pos 514036
alloc_pos 514124
alloc_pos 514172
alloc_pos 514204
alloc_pos 514348
alloc_pos 514604
alloc_pos 514852
alloc_pos 514904
alloc_pos 514940
alloc_pos 515172
alloc_pos 515344
alloc_pos 515480
alloc_pos 515700
alloc_pos 515892
alloc_pos 515916
alloc_pos 516120
alloc_pos 516228
alloc_pos 516304
alloc_pos 516392
alloc_pos 516580
alloc_pos 516604
alloc_pos 516836
alloc_pos 516940
alloc_pos 517068
alloc_pos 517292
alloc_pos 517440
alloc_pos 517604
alloc_pos 517664
alloc_pos 517824
alloc_pos 517940
alloc_pos 518152
alloc_pos 518372
alloc_pos 518492
alloc_pos 518580
alloc_pos 518652
alloc_pos 518744
alloc_pos 518956
alloc_pos 518980
alloc_pos 519164
alloc_pos 519428
alloc_pos 519456
alloc_pos 519504
alloc_pos 519624
alloc_pos 519880
alloc_pos 519948
alloc_pos 520048
alloc_pos 520280
alloc_pos 520456
alloc_pos 520596
alloc_pos 520668
alloc_pos 520732
alloc_pos 520860
alloc_pos 520992
alloc_pos 521240
alloc_pos 521284
alloc_pos 521360
alloc_pos 521564
alloc_pos 521648
alloc_pos 521868
alloc_pos 521960
alloc_pos 522044
alloc_pos 522112
alloc_pos 522196
alloc_pos 522368
alloc_pos 522472
alloc_pos 522512
alloc_pos 522600
alloc_pos 522648
alloc_pos 522680
alloc_pos 522824
alloc_pos 523080
alloc_pos 523328
alloc_pos 523380
alloc_pos 523416
alloc_pos 523648
alloc_pos 523820
alloc_pos 523956
alloc_pos -1

