reason: unexpected exit code -6
--- stdout ---
CHENEY GENERATOR!
--- stderr ---
alloc_pos 8
alloc_pos 1040
alloc_pos 1056
alloc_pos 1176
alloc_pos 1192
alloc_pos 1428
alloc_pos 1444
alloc_pos 1536
alloc_pos 1552
alloc_pos 1652
alloc_pos 1668
alloc_pos 1920
alloc_pos 1936
alloc_pos 2040
alloc_pos 2056
alloc_pos 2204
alloc_pos 2220
alloc_pos 2376
alloc_pos 2392
alloc_pos 2496
alloc_pos 2512
alloc_pos 2620
alloc_pos 2636
alloc_pos 2716
alloc_pos 2732
alloc_pos 2768
alloc_pos 2784
alloc_pos 2832
alloc_pos 2848
alloc_pos 3036
alloc_pos 3052
alloc_pos 3212
alloc_pos 3228
alloc_pos 3468
alloc_pos 3484
alloc_pos 3736
alloc_pos 3752
alloc_pos 3828
alloc_pos 3844
alloc_pos 3924
alloc_pos 3940
alloc_pos 4204
alloc_pos 4220
alloc_pos 4420
alloc_pos 4436
alloc_pos 4652
alloc_pos 4668
alloc_pos 4808
alloc_pos 4824
alloc_pos 4872
alloc_pos 4888
alloc_pos 4968
alloc_pos 4984
alloc_pos 5172
alloc_pos 5188
alloc_pos 5440
alloc_pos 5456
alloc_pos 5716
alloc_pos 5732
alloc_pos 5908
alloc_pos 5924
alloc_pos 6112
alloc_pos 6128
alloc_pos 6328
alloc_pos 6344
alloc_pos 6380
alloc_pos 6396
alloc_pos 6424
alloc_pos 6440
alloc_pos 6616
alloc_pos 6632
alloc_pos 6836
alloc_pos 6852
alloc_pos 6988
alloc_pos 7004
alloc_pos 7132
alloc_pos 7148
alloc_pos 7180
alloc_pos 7196
alloc_pos 7388
alloc_pos 7404
alloc_pos 7568
alloc_pos 7584
alloc_pos 7716
alloc_pos 7732
alloc_pos 7936
alloc_pos 7952
alloc_pos 8152
alloc_pos 8168
alloc_pos 8216
alloc_pos 8232
alloc_pos 8288
alloc_pos 8304
alloc_pos 8480
alloc_pos 8496
alloc_pos 8612
alloc_pos 8628
alloc_pos 8688
alloc_pos 8704
alloc_pos 8760
alloc_pos 8776
alloc_pos 8872
alloc_pos 8888
alloc_pos 8956
alloc_pos 8972
alloc_pos 9080
alloc_pos 9096
alloc_pos 9244
alloc_pos 9260
alloc_pos 9520
alloc_pos 9536
alloc_pos 9696
alloc_pos 9712
alloc_pos 9804
alloc_pos 9820
alloc_pos 9912
alloc_pos 9928
alloc_pos 10128
alloc_pos 10144
alloc_pos 10396
alloc_pos 10412
alloc_pos 10632
alloc_pos 10648
alloc_pos 10824
alloc_pos 10840
alloc_pos 10960
alloc_pos 10976
alloc_pos 11164
alloc_pos 11180
alloc_pos 11284
alloc_pos 11300
alloc_pos 11352
alloc_pos 11368
alloc_pos 11440
alloc_pos 11456
alloc_pos 11712
alloc_pos 11728
alloc_pos 11916
alloc_pos 11932
alloc_pos 12100
alloc_pos 12116
alloc_pos 12252
alloc_pos 12268
alloc_pos 12516
alloc_pos 12532
alloc_pos 12672
alloc_pos 12688
alloc_pos 12948
alloc_pos 12964
alloc_pos 13164
alloc_pos 13180
alloc_pos 13412
alloc_pos 13428
alloc_pos 13508
alloc_pos 13524
alloc_pos 13564
alloc_pos 13580
alloc_pos 13720
alloc_pos 13736
alloc_pos 13960
alloc_pos 13976
alloc_pos 14204
alloc_pos 14220
alloc_pos 14336
alloc_pos 14352
alloc_pos 14424
alloc_pos 14440
alloc_pos 14564
alloc_pos 14580
alloc_pos 14736
alloc_pos 14752
alloc_pos 14948
alloc_pos 14964
alloc_pos 15176
alloc_pos 15192
alloc_pos 15296
alloc_pos 15312
alloc_pos 15356
alloc_pos 15372
alloc_pos 15432
alloc_pos 15448
alloc_pos 15560
alloc_pos 15576
alloc_pos 15756
alloc_pos 15772
alloc_pos 15884
alloc_pos 15900
alloc_pos 16052
alloc_pos 16068
alloc_pos 16220
alloc_pos 16236
alloc_pos 16488
alloc_pos 16504
alloc_pos 16748
alloc_pos 16764
alloc_pos 16968
alloc_pos 16984
alloc_pos 17240
alloc_pos 17256
alloc_pos 17476
alloc_pos 17492
alloc_pos 17680
alloc_pos 17696
alloc_pos 17752
alloc_pos 17768
alloc_pos 17936
alloc_pos 17952
alloc_pos 18000
alloc_pos 18016
alloc_pos 18128
alloc_pos 18144
alloc_pos 18252
alloc_pos 18268
alloc_pos 18296
alloc_pos 18312
alloc_pos 18344
alloc_pos 18360
alloc_pos 18604
alloc_pos 18620
alloc_pos 18700
alloc_pos 18716
alloc_pos 18816
alloc_pos 18832
alloc_pos 19036
alloc_pos 19052
alloc_pos 19244
alloc_pos 19260
alloc_pos 19488
alloc_pos 19504
alloc_pos 19620
alloc_pos 19636
alloc_pos 19664
alloc_pos 19680
alloc_pos 19712
alloc_pos 19728
alloc_pos 19876
alloc_pos 19892
alloc_pos 20096
alloc_pos 20112
alloc_pos 20356
alloc_pos 20372
alloc_pos 20588
alloc_pos 20604
alloc_pos 20760
alloc_pos 20776
alloc_pos 21008
alloc_pos 21024
alloc_pos 21164
alloc_pos 21180
alloc_pos 21212
alloc_pos 21228
alloc_pos 21464
alloc_pos 21480
alloc_pos 21688
alloc_pos 21704
alloc_pos 21912
alloc_pos 21928
alloc_pos 22136
alloc_pos 22152
alloc_pos 22388
alloc_pos 22404
alloc_pos 22600
alloc_pos 22616
alloc_pos 22688
alloc_pos 22704
alloc_pos 22796
alloc_pos 22812
alloc_pos 22876
alloc_pos 22892
alloc_pos 23008
alloc_pos 23024
alloc_pos 23180
alloc_pos 23196
alloc_pos 23304
alloc_pos 23320
alloc_pos 23560
alloc_pos 23576
alloc_pos 23776
alloc_pos 23792
alloc_pos 23816
alloc_pos 23832
alloc_pos 23900
alloc_pos 23916
alloc_pos 24108
alloc_pos 24124
alloc_pos 24192
alloc_pos 24208
alloc_pos 24448
alloc_pos 24464
alloc_pos 24492
alloc_pos 24508
alloc_pos 24728
alloc_pos 24744
alloc_pos 24896
alloc_pos 24912
alloc_pos 25168
alloc_pos 25184
alloc_pos 25316
alloc_pos 25332
alloc_pos 25596
alloc_pos 25612
alloc_pos 25684
alloc_pos 25700
alloc_pos 25880
alloc_pos 25896
alloc_pos 26148
alloc_pos 26164
alloc_pos 26396
alloc_pos 26412
alloc_pos 26656
alloc_pos 26672
alloc_pos 26804
alloc_pos 26820
alloc_pos 26872
alloc_pos 26888
alloc_pos 27028
alloc_pos 27044
alloc_pos 27288
alloc_pos 27304
alloc_pos 27380
alloc_pos 27396
alloc_pos 27452
alloc_pos 27468
alloc_pos 27524
alloc_pos 27540
alloc_pos 27676
alloc_pos 27692
alloc_pos 27780
alloc_pos 27796
alloc_pos 27932
alloc_pos 27948
alloc_pos 28048
alloc_pos 28064
alloc_pos 28144
alloc_pos 28160
alloc_pos 28308
alloc_pos 28324
alloc_pos 28532
alloc_pos 28548
alloc_pos 28696
alloc_pos 28712
alloc_pos 28828
alloc_pos 28844
alloc_pos 29040
alloc_pos 29056
alloc_pos 29144
alloc_pos 29160
alloc_pos 29276
alloc_pos 29292
alloc_pos 29492
alloc_pos 29508
alloc_pos 29532
alloc_pos 29548
alloc_pos 29724
alloc_pos 29740
alloc_pos 29872
alloc_pos 29888
alloc_pos 29928
alloc_pos 29944
alloc_pos 30104
alloc_pos 30120
alloc_pos 30280
alloc_pos 30296
alloc_pos 30396
alloc_pos 30412
alloc_pos 30600
alloc_pos 30616
alloc_pos 30736
alloc_pos 30752
alloc_pos 30904
alloc_pos 30920
alloc_pos 31104
alloc_pos 31120
alloc_pos 31312
alloc_pos 31328
alloc_pos 31456
alloc_pos 31472
alloc_pos 31624
alloc_pos 31640
alloc_pos 31668
alloc_pos 31684
alloc_pos 31756
alloc_pos 31772
alloc_pos 31916
alloc_pos 31932
alloc_pos 32132
alloc_pos 32148
alloc_pos 32316
alloc_pos 32332
alloc_pos 32424
alloc_pos 32440
alloc_pos 32524
alloc_pos 32540
alloc_pos 32792
alloc_pos 32808
alloc_pos 33068
alloc_pos 33084
alloc_pos 33188
alloc_pos 33204
alloc_pos 33240
alloc_pos 33256
alloc_pos 33400
alloc_pos 33416
alloc_pos 33496
alloc_pos 33512
alloc_pos 33752
alloc_pos 33768
alloc_pos 33888
alloc_pos 33904
alloc_pos 33960
alloc_pos 33976
alloc_pos 34052
alloc_pos 34068
alloc_pos 34196
alloc_pos 34212
alloc_pos 34444
alloc_pos 34460
alloc_pos 34660
alloc_pos 34676
alloc_pos 34760
alloc_pos 34776
alloc_pos 34996
alloc_pos 35012
alloc_pos 35072
alloc_pos 35088
alloc_pos 35112
alloc_pos 35128
alloc_pos 35296
alloc_pos 35312
alloc_pos 35472
alloc_pos 35488
alloc_pos 35552
alloc_pos 35568
alloc_pos 35656
alloc_pos 35672
alloc_pos 35828
alloc_pos 35844
alloc_pos 36040
alloc_pos 36056
alloc_pos 36204
alloc_pos 36220
alloc_pos 36384
alloc_pos 36400
alloc_pos 36476
alloc_pos 36492
alloc_pos 36744
alloc_pos 36760
alloc_pos 36788
alloc_pos 36804
alloc_pos 36976
alloc_pos 36992
alloc_pos 37040
alloc_pos 37056
alloc_pos 37240
alloc_pos 37256
alloc_pos 37396
alloc_pos 37412
alloc_pos 37584
alloc_pos 37600
alloc_pos 37852
alloc_pos 37868
alloc_pos 38064
alloc_pos 38080
alloc_pos 38292
alloc_pos 38308
alloc_pos 38560
alloc_pos 38576
alloc_pos 38620
alloc_pos 38636
alloc_pos 38724
alloc_pos 38740
alloc_pos 38924
alloc_pos 38940
alloc_pos 39008
alloc_pos 39024
alloc_pos 39140
alloc_pos 39156
alloc_pos 39368
alloc_pos 39384
alloc_pos 39476
alloc_pos 39492
alloc_pos 39528
alloc_pos 39544
alloc_pos 39752
alloc_pos 39768
alloc_pos 39980
alloc_pos 39996
alloc_pos 40252
alloc_pos 40268
alloc_pos 40508
alloc_pos 40524
alloc_pos 40600
alloc_pos 40616
alloc_pos 40876
alloc_pos 40892
alloc_pos 41084
alloc_pos 41100
alloc_pos 41216
alloc_pos 41232
alloc_pos 41264
alloc_pos 41280
alloc_pos 41332
alloc_pos 41348
alloc_pos 41436
alloc_pos 41452
alloc_pos 41604
alloc_pos 41620
alloc_pos 41768
alloc_pos 41784
alloc_pos 41896
alloc_pos 41912
alloc_pos 42004
alloc_pos 42020
alloc_pos 42080
alloc_pos 42200
alloc_pos 42436
alloc_pos 42528
alloc_pos 42628
alloc_pos 42880
alloc_pos 42984
alloc_pos 43132
alloc_pos 43288
alloc_pos 43392
alloc_pos 43500
alloc_pos 43580
alloc_pos 43616
alloc_pos 43664
alloc_pos 43852
alloc_pos 44012
alloc_pos 44252
alloc_pos 44504
alloc_pos 44580
alloc_pos 44660
alloc_pos 44924
alloc_pos 45124
alloc_pos 45340
alloc_pos 45480
alloc_pos 45528
alloc_pos 45608
alloc_pos 45796
alloc_pos 46048
alloc_pos 46308
alloc_pos 46484
alloc_pos 46672
alloc_pos 46872
alloc_pos 46908
alloc_pos 46936
alloc_pos 47112
alloc_pos 47316
alloc_pos 47452
alloc_pos 47580
alloc_pos 47612
alloc_pos 47804
alloc_pos 47968
alloc_pos 48100
alloc_pos 48304
alloc_pos 48504
alloc_pos 48552
alloc_pos 48608
alloc_pos 48784
alloc_pos 48900
alloc_pos 48960
alloc_pos 49016
alloc_pos 49112
alloc_pos 49180
alloc_pos 49288
alloc_pos 49436
alloc_pos 49696
alloc_pos 49856
alloc_pos 49948
alloc_pos 50040
alloc_pos 50240
alloc_pos 50492
alloc_pos 50712
alloc_pos 50888
alloc_pos 51008
alloc_pos 51196
alloc_pos 51300
alloc_pos 51352
alloc_pos 51424
alloc_pos 51680
alloc_pos 51868
alloc_pos 52036
alloc_pos 52172
alloc_pos 52420
alloc_pos 52560
alloc_pos 52820
alloc_pos 53020
alloc_pos 53252
alloc_pos 53332
alloc_pos 53372
alloc_pos 53512
alloc_pos 53736
alloc_pos 53964
alloc_pos 54080
alloc_pos 54152
alloc_pos 54276
alloc_pos 54432
alloc_pos 54628
alloc_pos 54840
alloc_pos 54944
alloc_pos 54988
alloc_pos 55048
alloc_pos 55160
alloc_pos 55340
alloc_pos 55452
alloc_pos 55604
alloc_pos 55756
alloc_pos 56008
alloc_pos 56252
alloc_pos 56456
alloc_pos 56712
alloc_pos 56932
alloc_pos 57120
alloc_pos 57176
alloc_pos 57344
alloc_pos 57392
alloc_pos 57504
alloc_pos 57612
alloc_pos 57640
alloc_pos 57672
alloc_pos 57916
alloc_pos 57996
alloc_pos 58096
alloc_pos 58300
alloc_pos 58492
alloc_pos 58720
alloc_pos 58836
alloc_pos 58864
alloc_pos 58896
alloc_pos 59044
alloc_pos 59248
alloc_pos 59492
alloc_pos 59708
alloc_pos 59864
alloc_pos 60096
alloc_pos 60236
alloc_pos 60268
alloc_pos 60504
alloc_pos 60712
alloc_pos 60920
alloc_pos 61128
alloc_pos 61364
alloc_pos 61560
alloc_pos 61632
alloc_pos 61724
alloc_pos 61788
alloc_pos 61904
alloc_pos 62060
alloc_pos 62168
alloc_pos 62408
alloc_pos 62608
alloc_pos 62632
alloc_pos 62700
alloc_pos 62892
alloc_pos 62960
alloc_pos 63200
alloc_pos 63228
alloc_pos 63448
alloc_pos 63600
alloc_pos 63856
alloc_pos 63988
alloc_pos 64252
alloc_pos 64324
alloc_pos 64504
alloc_pos 64756
alloc_pos 64988
alloc_pos 65232
alloc_pos 65364
alloc_pos 65416
alloc_pos 65556
alloc_pos 65800
alloc_pos 65876
alloc_pos 65932
alloc_pos 65988
alloc_pos 66124
alloc_pos 66212
alloc_pos 66348
alloc_pos 66448
alloc_pos 66528
alloc_pos 66676
alloc_pos 66884
alloc_pos 67032
alloc_pos 67148
alloc_pos 67344
alloc_pos 67432
alloc_pos 67548
alloc_pos 67748
alloc_pos 67772
alloc_pos 67948
alloc_pos 68080
alloc_pos 68120
alloc_pos 68280
alloc_pos 68440
alloc_pos 68540
alloc_pos 68728
alloc_pos 68848
alloc_pos 69000
alloc_pos 69184
alloc_pos 69376
alloc_pos 69504
alloc_pos 69656
alloc_pos 69684
alloc_pos 69756
alloc_pos 69900
alloc_pos 70100
alloc_pos 70268
alloc_pos 70360
alloc_pos 70444
alloc_pos 70696
alloc_pos 70956
alloc_pos 71060
alloc_pos 71096
alloc_pos 71240
alloc_pos 71320
alloc_pos 71560
alloc_pos 71680
alloc_pos 71736
alloc_pos 71812
alloc_pos 71940
alloc_pos 72172
alloc_pos 72372
alloc_pos 72456
alloc_pos 72676
alloc_pos 72736
alloc_pos 72760
alloc_pos 72928
alloc_pos 73088
alloc_pos 73152
alloc_pos 73240
alloc_pos 73396
alloc_pos 73592
alloc_pos 73740
alloc_pos 73904
alloc_pos 73980
alloc_pos 74232
alloc_pos 74260
alloc_pos 74432
alloc_pos 74480
alloc_pos 74664
alloc_pos 74804
alloc_pos 74976
alloc_pos 75228
alloc_pos 75424
alloc_pos 75636
alloc_pos 75888
alloc_pos 75932
alloc_pos 76020
alloc_pos 76204
alloc_pos 76272
alloc_pos 76388
alloc_pos 76600
alloc_pos 76692
alloc_pos 76728
alloc_pos 76936
alloc_pos 77148
alloc_pos 77404
alloc_pos 77644
alloc_pos 77720
alloc_pos 77980
alloc_pos 78172
alloc_pos 78288
alloc_pos 78320
alloc_pos 78372
alloc_pos 78460
alloc_pos 78612
alloc_pos 78760
alloc_pos 78872
alloc_pos 78964
alloc_pos 79024
alloc_pos 79144
alloc_pos 79380
alloc_pos 79472
alloc_pos 79572
alloc_pos 79824
alloc_pos 79928
alloc_pos 80076
alloc_pos 80232
alloc_pos 80336
alloc_pos 80444
alloc_pos 80524
alloc_pos 80560
alloc_pos 80608
alloc_pos 80796
alloc_pos 80956
alloc_pos 81196
alloc_pos 81448
alloc_pos 81524
alloc_pos 81604
alloc_pos 81868
alloc_pos 82068
alloc_pos 82284
alloc_pos 82424
alloc_pos 82472
alloc_pos 82552
alloc_pos 82740
alloc_pos 82992
alloc_pos 83252
alloc_pos 83428
alloc_pos 83616
alloc_pos 83816
alloc_pos 83852
alloc_pos 83880
alloc_pos 84056
alloc_pos 84260
alloc_pos 84396
alloc_pos 84524
alloc_pos 84556
alloc_pos 84748
alloc_pos 84912
alloc_pos 85044
alloc_pos 85248
alloc_pos 85448
alloc_pos 85496
alloc_pos 85552
alloc_pos 85728
alloc_pos 85844
alloc_pos 85904
alloc_pos 85960
alloc_pos 86056
alloc_pos 86124
alloc_pos 86232
alloc_pos 86380
alloc_pos 86640
alloc_pos 86800
alloc_pos 86892
alloc_pos 86984
alloc_pos 87184
alloc_pos 87436
alloc_pos 87656
alloc_pos 87832
alloc_pos 87952
alloc_pos 88140
alloc_pos 88244
alloc_pos 88296
alloc_pos 88368
alloc_pos 88624
alloc_pos 88812
alloc_pos 88980
alloc_pos 89116
alloc_pos 89364
alloc_pos 89504
alloc_pos 89764
alloc_pos 89964
alloc_pos 90196
alloc_pos 90276
alloc_pos 90316
alloc_pos 90456
alloc_pos 90680
alloc_pos 90908
alloc_pos 91024
alloc_pos 91096
alloc_pos 91220
alloc_pos 91376
alloc_pos 91572
alloc_pos 91784
alloc_pos 91888
alloc_pos 91932
alloc_pos 91992
alloc_pos 92104
alloc_pos 92284
alloc_pos 92396
alloc_pos 92548
alloc_pos 92700
alloc_pos 92952
alloc_pos 93196
alloc_pos 93400
alloc_pos 93656
alloc_pos 93876
alloc_pos 94064
alloc_pos 94120
alloc_pos 94288
alloc_pos 94336
alloc_pos 94448
alloc_pos 94556
alloc_pos 94584
alloc_pos 94616
alloc_pos 94860
alloc_pos 94940
alloc_pos 95040
alloc_pos 95244
alloc_pos 95436
alloc_pos 95664
alloc_pos 95780
alloc_pos 95808
alloc_pos 95840
alloc_pos 95988
alloc_pos 96192
alloc_pos 96436
alloc_pos 96652
alloc_pos 96808
alloc_pos 97040
alloc_pos 97180
alloc_pos 97212
alloc_pos 97448
alloc_pos 97656
alloc_pos 97864
alloc_pos 98072
alloc_pos 98308
alloc_pos 98504
alloc_pos 98576
alloc_pos 98668
alloc_pos 98732
alloc_pos 98848
alloc_pos 99004
alloc_pos 99112
alloc_pos 99352
alloc_pos 99552
alloc_pos 99576
alloc_pos 99644
alloc_pos 99836
alloc_pos 99904
alloc_pos 100144
alloc_pos 100172
alloc_pos 100392
alloc_pos 100544
alloc_pos 100800
alloc_pos 100932
alloc_pos 101196
alloc_pos 101268
alloc_pos 101448
alloc_pos 101700
alloc_pos 101932
alloc_pos 102176
alloc_pos 102308
alloc_pos 102360
alloc_pos 102500
alloc_pos 102744
alloc_pos 102820
alloc_pos 102876
alloc_pos 102932
alloc_pos 103068
alloc_pos 103156
alloc_pos 103292
alloc_pos 103392
alloc_pos 103472
alloc_pos 103620
alloc_pos 103828
alloc_pos 103976
alloc_pos 104092
alloc_pos 104288
alloc_pos 104376
alloc_pos 104492
alloc_pos 104692
alloc_pos 104716
alloc_pos 104892
alloc_pos 105024
alloc_pos 105064
alloc_pos 105224
alloc_pos 105384
alloc_pos 105484
alloc_pos 105672
alloc_pos 105792
alloc_pos 105944
alloc_pos 106128
alloc_pos 106320
alloc_pos 106448
alloc_pos 106600
alloc_pos 106628
alloc_pos 106700
alloc_pos 106844
alloc_pos 107044
alloc_pos 107212
alloc_pos 107304
alloc_pos 107388
alloc_pos 107640
alloc_pos 107900
alloc_pos 108004
alloc_pos 108040
alloc_pos 108184
alloc_pos 108264
alloc_pos 108504
alloc_pos 108624
alloc_pos 108680
alloc_pos 108756
alloc_pos 108884
alloc_pos 109116
alloc_pos 109316
alloc_pos 109400
alloc_pos 109620
alloc_pos 109680
alloc_pos 109704
alloc_pos 109872
alloc_pos 110032
alloc_pos 110096
alloc_pos 110184
alloc_pos 110340
alloc_pos 110536
alloc_pos 110684
alloc_pos 110848
alloc_pos 110924
alloc_pos 111176
alloc_pos 111204
alloc_pos 111376
alloc_pos 111424
alloc_pos 111608
alloc_pos 111748
alloc_pos 111920
alloc_pos 112172
alloc_pos 112368
alloc_pos 112580
alloc_pos 112832
alloc_pos 112876
alloc_pos 112964
alloc_pos 113148
alloc_pos 113216
alloc_pos 113332
alloc_pos 113544
alloc_pos 113636
alloc_pos 113672
alloc_pos 113880
alloc_pos 114092
alloc_pos 114348
alloc_pos 114588
alloc_pos 114664
alloc_pos 114924
alloc_pos 115116
alloc_pos 115232
alloc_pos 115264
alloc_pos 115316
alloc_pos 115404
alloc_pos 115556
alloc_pos 115704
alloc_pos 115816
alloc_pos 115908
alloc_pos 115968
alloc_pos 116088
alloc_pos 116324
alloc_pos 116416
alloc_pos 116516
alloc_pos 116768
alloc_pos 116872
alloc_pos 117020
alloc_pos 117176
alloc_pos 117280
alloc_pos 117388
alloc_pos 117468
alloc_pos 117504
alloc_pos 117552
alloc_pos 117740
alloc_pos 117900
alloc_pos 118140
alloc_pos 118392
alloc_pos 118468
alloc_pos 118548
alloc_pos 118812
alloc_pos 119012
alloc_pos 119228
alloc_pos 119368
alloc_pos 119416
alloc_pos 119496
alloc_pos 119684
alloc_pos 119936
alloc_pos 120196
alloc_pos 120372
alloc_pos 120560
alloc_pos 120760
alloc_pos 120796
alloc_pos 120824
alloc_pos 121000
alloc_pos 121204
alloc_pos 121340
alloc_pos 121468
alloc_pos 121500
alloc_pos 121692
alloc_pos 121856
alloc_pos 121988
alloc_pos 122192
alloc_pos 122392
alloc_pos 122440
alloc_pos 122496
alloc_pos 122672
alloc_pos 122788
alloc_pos 122848
alloc_pos 122904
alloc_pos 123000
alloc_pos 123068
alloc_pos 123176
alloc_pos 123324
alloc_pos 123584
alloc_pos 123744
alloc_pos 123836
alloc_pos 123928
alloc_pos 124128
alloc_pos 124380
alloc_pos 124600
alloc_pos 124776
alloc_pos 124896
alloc_pos 125084
alloc_pos 125188
alloc_pos 125240
alloc_pos 125312
alloc_pos 125568
alloc_pos 125756
alloc_pos 125924
alloc_pos 126060
alloc_pos 126308
alloc_pos 126448
alloc_pos 126708
alloc_pos 126908
alloc_pos 127140
alloc_pos 127220
alloc_pos 127260
alloc_pos 127400
alloc_pos 127624
alloc_pos 127852
alloc_pos 127968
alloc_pos 128040
alloc_pos 128164
alloc_pos 128320
alloc_pos 128516
alloc_pos 128728
alloc_pos 128832
alloc_pos 128876
alloc_pos 128936
alloc_pos 129048
alloc_pos 129228
alloc_pos 129340
alloc_pos 129492
alloc_pos 129644
alloc_pos 129896
alloc_pos 130140
alloc_pos 130344
alloc_pos 130600
alloc_pos 130820
alloc_pos 131008
alloc_pos -1

