reason: unexpected exit code -6
--- stdout ---
CHENEY GENERATOR!
--- stderr ---
alloc_pos 8
alloc_pos 1040
alloc_pos 1056
alloc_pos 1144
alloc_pos 1160
alloc_pos 1256
alloc_pos 1272
alloc_pos 1468
alloc_pos 1484
alloc_pos 1740
alloc_pos 1756
alloc_pos 1952
alloc_pos 1968
alloc_pos 2196
alloc_pos 2212
alloc_pos 2452
alloc_pos 2468
alloc_pos 2716
alloc_pos 2732
alloc_pos 2800
alloc_pos 2816
alloc_pos 3004
alloc_pos 3020
alloc_pos 3100
alloc_pos 3116
alloc_pos 3308
alloc_pos 3324
alloc_pos 3384
alloc_pos 3400
alloc_pos 3644
alloc_pos 3660
alloc_pos 3740
alloc_pos 3756
alloc_pos 3944
alloc_pos 3960
alloc_pos 4168
alloc_pos 4184
alloc_pos 4252
alloc_pos 4268
alloc_pos 4324
alloc_pos 4340
alloc_pos 4380
alloc_pos 4396
alloc_pos 4556
alloc_pos 4572
alloc_pos 4812
alloc_pos 4828
alloc_pos 4904
alloc_pos 4920
alloc_pos 5132
alloc_pos 5148
alloc_pos 5244
alloc_pos 5260
alloc_pos 5288
alloc_pos 5304
alloc_pos 5436
alloc_pos 5452
alloc_pos 5508
alloc_pos 5524
alloc_pos 5760
alloc_pos 5776
alloc_pos 5972
alloc_pos 5988
alloc_pos 6164
alloc_pos 6180
alloc_pos 6204
alloc_pos 6220
alloc_pos 6312
alloc_pos 6328
alloc_pos 6564
alloc_pos 6580
alloc_pos 6640
alloc_pos 6656
alloc_pos 6700
alloc_pos 6716
alloc_pos 6960
alloc_pos 6976
alloc_pos 7200
alloc_pos 7216
alloc_pos 7444
alloc_pos 7460
alloc_pos 7708
alloc_pos 7724
alloc_pos 7952
alloc_pos 7968
alloc_pos 8056
alloc_pos 8072
alloc_pos 8304
alloc_pos 8320
alloc_pos 8456
alloc_pos 8472
alloc_pos 8684
alloc_pos 8700
alloc_pos 8832
alloc_pos 8848
alloc_pos 9112
alloc_pos 9128
alloc_pos 9184
alloc_pos 9200
alloc_pos 9424
alloc_pos 9440
alloc_pos 9688
alloc_pos 9704
alloc_pos 9792
alloc_pos 9808
alloc_pos 9920
alloc_pos 9936
alloc_pos 10176
alloc_pos 10192
alloc_pos 10272
alloc_pos 10288
alloc_pos 10436
alloc_pos 10452
alloc_pos 10704
alloc_pos 10720
alloc_pos 10936
alloc_pos 10952
alloc_pos 11116
alloc_pos 11132
alloc_pos 11300
alloc_pos 11316
alloc_pos 11448
alloc_pos 11464
alloc_pos 11656
alloc_pos 11672
alloc_pos 11788
alloc_pos 11804
alloc_pos 12052
alloc_pos 12068
alloc_pos 12200
alloc_pos 12216
alloc_pos 12400
alloc_pos 12416
alloc_pos 12520
alloc_pos 12536
alloc_pos 12724
alloc_pos 12740
alloc_pos 12792
alloc_pos 12808
alloc_pos 12920
alloc_pos 12936
alloc_pos 13168
alloc_pos 13184
alloc_pos 13360
alloc_pos 13376
alloc_pos 13604
alloc_pos 13620
alloc_pos 13804
alloc_pos 13820
alloc_pos 13908
alloc_pos 13924
alloc_pos 14124
alloc_pos 14140
alloc_pos 14276
alloc_pos 14292
alloc_pos 14456
alloc_pos 14472
alloc_pos 14652
alloc_pos 14668
alloc_pos 14880
alloc_pos 14896
alloc_pos 14952
alloc_pos 14968
alloc_pos 15104
alloc_pos 15120
alloc_pos 15316
alloc_pos 15332
alloc_pos 15540
alloc_pos 15556
alloc_pos 15692
alloc_pos 15708
alloc_pos 15868
alloc_pos 15884
alloc_pos 15952
alloc_pos 15968
alloc_pos 16064
alloc_pos 16080
alloc_pos 16152
alloc_pos 16168
alloc_pos 16236
alloc_pos 16252
alloc_pos 16408
alloc_pos 16424
alloc_pos 16536
alloc_pos 16552
alloc_pos 16640
alloc_pos 16656
alloc_pos 16772
alloc_pos 16788
alloc_pos 16928
alloc_pos 16944
alloc_pos 17032
alloc_pos 17048
alloc_pos 17224
alloc_pos 17240
alloc_pos 17332
alloc_pos 17348
alloc_pos 17472
alloc_pos 17488
alloc_pos 17736
alloc_pos 17752
alloc_pos 17808
alloc_pos 17824
alloc_pos 17992
alloc_pos 18008
alloc_pos 18156
alloc_pos 18172
alloc_pos 18336
alloc_pos 18352
alloc_pos 18436
alloc_pos 18452
alloc_pos 18620
alloc_pos 18636
alloc_pos 18720
alloc_pos 18736
alloc_pos 18984
alloc_pos 19000
alloc_pos 19072
alloc_pos 19088
alloc_pos 19288
alloc_pos 19304
alloc_pos 19420
alloc_pos 19436
alloc_pos 19492
alloc_pos 19508
alloc_pos 19548
alloc_pos 19564
alloc_pos 19696
alloc_pos 19712
alloc_pos 19900
alloc_pos 19916
alloc_pos 20100
alloc_pos 20116
alloc_pos 20256
alloc_pos 20272
alloc_pos 20392
alloc_pos 20408
alloc_pos 20432
alloc_pos 20448
alloc_pos 20656
alloc_pos 20672
alloc_pos 20804
alloc_pos 20820
alloc_pos 21080
alloc_pos 21096
alloc_pos 21340
alloc_pos 21356
alloc_pos 21388
alloc_pos 21404
alloc_pos 21484
alloc_pos 21500
alloc_pos 21560
alloc_pos 21576
alloc_pos 21724
alloc_pos 21740
alloc_pos 21968
alloc_pos 21984
alloc_pos 22184
alloc_pos 22200
alloc_pos 22436
alloc_pos 22452
alloc_pos 22588
alloc_pos 22604
alloc_pos 22788
alloc_pos 22804
alloc_pos 22892
alloc_pos 22908
alloc_pos 22972
alloc_pos 22988
alloc_pos 23196
alloc_pos 23212
alloc_pos 23340
alloc_pos 23356
alloc_pos 23568
alloc_pos 23584
alloc_pos 23828
alloc_pos 23844
alloc_pos 23932
alloc_pos 23948
alloc_pos 24196
alloc_pos 24212
alloc_pos 24428
alloc_pos 24444
alloc_pos 24672
alloc_pos 24688
alloc_pos 24800
alloc_pos 24816
alloc_pos 24888
alloc_pos 24904
alloc_pos 25108
alloc_pos 25124
alloc_pos 25364
alloc_pos 25380
alloc_pos 25564
alloc_pos 25580
alloc_pos 25696
alloc_pos 25712
alloc_pos 25868
alloc_pos 25884
alloc_pos 26088
alloc_pos 26104
alloc_pos 26296
alloc_pos 26312
alloc_pos 26368
alloc_pos 26384
alloc_pos 26636
alloc_pos 26652
alloc_pos 26856
alloc_pos 26872
alloc_pos 27048
alloc_pos 27064
alloc_pos 27148
alloc_pos 27164
alloc_pos 27372
alloc_pos 27388
alloc_pos 27536
alloc_pos 27552
alloc_pos 27628
alloc_pos 27644
alloc_pos 27888
alloc_pos 27904
alloc_pos 28084
alloc_pos 28100
alloc_pos 28132
alloc_pos 28148
alloc_pos 28320
alloc_pos 28336
alloc_pos 28536
alloc_pos 28552
alloc_pos 28724
alloc_pos 28740
alloc_pos 28772
alloc_pos 28788
alloc_pos 28900
alloc_pos 28916
alloc_pos 29088
alloc_pos 29104
alloc_pos 29312
alloc_pos 29328
alloc_pos 29496
alloc_pos 29512
alloc_pos 29620
alloc_pos 29636
alloc_pos 29704
alloc_pos 29720
alloc_pos 29816
alloc_pos 29832
alloc_pos 29904
alloc_pos 29920
alloc_pos 29984
alloc_pos 30000
alloc_pos 30224
alloc_pos 30240
alloc_pos 30436
alloc_pos 30452
alloc_pos 30616
alloc_pos 30632
alloc_pos 30684
alloc_pos 30700
alloc_pos 30952
alloc_pos 30968
alloc_pos 31048
alloc_pos 31064
alloc_pos 31128
alloc_pos 31144
alloc_pos 31184
alloc_pos 31200
alloc_pos 31332
alloc_pos 31348
alloc_pos 31536
alloc_pos 31552
alloc_pos 31728
alloc_pos 31744
alloc_pos 31908
alloc_pos 31924
alloc_pos 32152
alloc_pos 32168
alloc_pos 32328
alloc_pos 32344
alloc_pos 32544
alloc_pos 32560
alloc_pos 32592
alloc_pos 32608
alloc_pos 32744
alloc_pos 32760
alloc_pos 32992
alloc_pos 33008
alloc_pos 33116
alloc_pos 33132
alloc_pos 33320
alloc_pos 33336
alloc_pos 33380
alloc_pos 33396
alloc_pos 33552
alloc_pos 33568
alloc_pos 33592
alloc_pos 33608
alloc_pos 33664
alloc_pos 33680
alloc_pos 33780
alloc_pos 33796
alloc_pos 33848
alloc_pos 33864
alloc_pos 33992
alloc_pos 34008
alloc_pos 34108
alloc_pos 34124
alloc_pos 34380
alloc_pos 34396
alloc_pos 34488
alloc_pos 34504
alloc_pos 34672
alloc_pos 34688
alloc_pos 34864
alloc_pos 34880
alloc_pos 35080
alloc_pos 35096
alloc_pos 35136
alloc_pos 35152
alloc_pos 35416
alloc_pos 35432
alloc_pos 35576
alloc_pos 35592
alloc_pos 35748
alloc_pos 35764
alloc_pos 35880
alloc_pos 35896
alloc_pos 36136
alloc_pos 36152
alloc_pos 36388
alloc_pos 36404
alloc_pos 36436
alloc_pos 36452
alloc_pos 36476
alloc_pos 36492
alloc_pos 36596
alloc_pos 36612
alloc_pos 36720
alloc_pos 36736
alloc_pos 36796
alloc_pos 36812
alloc_pos 36960
alloc_pos 36976
alloc_pos 37140
alloc_pos 37156
alloc_pos 37316
alloc_pos 37332
alloc_pos 37488
alloc_pos 37504
alloc_pos 37736
alloc_pos 37752
alloc_pos 37896
alloc_pos 37912
alloc_pos 37992
alloc_pos 38008
alloc_pos 38200
alloc_pos 38216
alloc_pos 38292
alloc_pos 38308
alloc_pos 38404
alloc_pos 38420
alloc_pos 38648
alloc_pos 38664
alloc_pos 38696
alloc_pos 38712
alloc_pos 38832
alloc_pos 38848
alloc_pos 39000
alloc_pos 39016
alloc_pos 39220
alloc_pos 39236
alloc_pos 39492
alloc_pos 39508
alloc_pos 39572
alloc_pos 39588
alloc_pos 39800
alloc_pos 39816
alloc_pos 39876
alloc_pos 39892
alloc_pos 39980
alloc_pos 39996
alloc_pos 40128
alloc_pos 40144
alloc_pos 40340
alloc_pos 40356
alloc_pos 40588
alloc_pos 40604
alloc_pos 40844
alloc_pos 40860
alloc_pos 40936
alloc_pos 40952
alloc_pos 41040
alloc_pos 41056
alloc_pos 41188
alloc_pos 41204
alloc_pos 41376
alloc_pos 41392
alloc_pos 41476
alloc_pos 41492
alloc_pos 41604
alloc_pos 41620
alloc_pos 41840
alloc_pos 41856
alloc_pos 41940
alloc_pos 41956
alloc_pos 42128
alloc_pos 42144
alloc_pos 42240
alloc_pos 42256
alloc_pos 42388
alloc_pos 42404
alloc_pos 42480
alloc_pos 42496
alloc_pos 42684
alloc_pos 42772
alloc_pos 42868
alloc_pos 43064
alloc_pos 43320
alloc_pos 43516
alloc_pos 43744
alloc_pos 43984
alloc_pos 44232
alloc_pos 44300
alloc_pos 44488
alloc_pos 44568
alloc_pos 44760
alloc_pos 44820
alloc_pos 45064
alloc_pos 45144
alloc_pos 45332
alloc_pos 45540
alloc_pos 45608
alloc_pos 45664
alloc_pos 45704
alloc_pos 45864
alloc_pos 46104
alloc_pos 46180
alloc_pos 46392
alloc_pos 46488
alloc_pos 46516
alloc_pos 46648
alloc_pos 46704
alloc_pos 46940
alloc_pos 47136
alloc_pos 47312
alloc_pos 47336
alloc_pos 47428
alloc_pos 47664
alloc_pos 47724
alloc_pos 47768
alloc_pos 48012
alloc_pos 48236
alloc_pos 48464
alloc_pos 48712
alloc_pos 48940
alloc_pos 49028
alloc_pos 49260
alloc_pos 49396
alloc_pos 49608
alloc_pos 49740
alloc_pos 50004
alloc_pos 50060
alloc_pos 50284
alloc_pos 50532
alloc_pos 50620
alloc_pos 50732
alloc_pos 50972
alloc_pos 51052
alloc_pos 51200
alloc_pos 51452
alloc_pos 51668
alloc_pos 51832
alloc_pos 52000
alloc_pos 52132
alloc_pos 52324
alloc_pos 52440
alloc_pos 52688
alloc_pos 52820
alloc_pos 53004
alloc_pos 53108
alloc_pos 53296
alloc_pos 53348
alloc_pos 53460
alloc_pos 53692
alloc_pos 53868
alloc_pos 54096
alloc_pos 54280
alloc_pos 54368
alloc_pos 54568
alloc_pos 54704
alloc_pos 54868
alloc_pos 55048
alloc_pos 55260
alloc_pos 55316
alloc_pos 55452
alloc_pos 55648
alloc_pos 55856
alloc_pos 55992
alloc_pos 56152
alloc_pos 56220
alloc_pos 56316
alloc_pos 56388
alloc_pos 56456
alloc_pos 56612
alloc_pos 56724
alloc_pos 56812
alloc_pos 56928
alloc_pos 57068
alloc_pos 57156
alloc_pos 57332
alloc_pos 57424
alloc_pos 57548
alloc_pos 57796
alloc_pos 57852
alloc_pos 58020
alloc_pos 58168
alloc_pos 58332
alloc_pos 58416
alloc_pos 58584
alloc_pos 58668
alloc_pos 58916
alloc_pos 58988
alloc_pos 59188
alloc_pos 59304
alloc_pos 59360
alloc_pos 59400
alloc_pos 59532
alloc_pos 59720
alloc_pos 59904
alloc_pos 60044
alloc_pos 60164
alloc_pos 60188
alloc_pos 60396
alloc_pos 60528
alloc_pos 60788
alloc_pos 61032
alloc_pos 61064
alloc_pos 61144
alloc_pos 61204
alloc_pos 61352
alloc_pos 61580
alloc_pos 61780
alloc_pos 62016
alloc_pos 62152
alloc_pos 62336
alloc_pos 62424
alloc_pos 62488
alloc_pos 62696
alloc_pos 62824
alloc_pos 63036
alloc_pos 63280
alloc_pos 63368
alloc_pos 63616
alloc_pos 63832
alloc_pos 64060
alloc_pos 64172
alloc_pos 64244
alloc_pos 64448
alloc_pos 64688
alloc_pos 64872
alloc_pos 64988
alloc_pos 65144
alloc_pos -1

