reason: unexpected exit code -6
--- stdout ---
CHENEY GENERATOR!
--- stderr ---
alloc_pos 8
alloc_pos 1040
alloc_pos 2072
alloc_pos 3104
alloc_pos 4136
alloc_pos 5168
alloc_pos 5432
alloc_pos 5488
alloc_pos 5656
alloc_pos 5896
alloc_pos 6124
alloc_pos 6340
alloc_pos 6380
alloc_pos 6468
alloc_pos 6520
alloc_pos 6668
alloc_pos 6884
alloc_pos 7020
alloc_pos 7164
alloc_pos 7352
alloc_pos 7472
alloc_pos 7696
alloc_pos 7772
alloc_pos 7820
alloc_pos 7968
alloc_pos 7996
alloc_pos 8248
alloc_pos 8484
alloc_pos 8604
alloc_pos 8736
alloc_pos 8912
alloc_pos 9128
alloc_pos 9348
alloc_pos 9372
alloc_pos 9572
alloc_pos 9708
alloc_pos 9800
alloc_pos 10008
alloc_pos 10236
alloc_pos 10316
alloc_pos 10488
alloc_pos 10752
alloc_pos 10800
alloc_pos 11052
alloc_pos 11156
alloc_pos 11184
alloc_pos 11212
alloc_pos 11240
alloc_pos 11428
alloc_pos 11588
alloc_pos 11612
alloc_pos 11876
alloc_pos 12124
alloc_pos 12244
alloc_pos 12440
alloc_pos 12516
alloc_pos 12648
alloc_pos 12856
alloc_pos 12884
alloc_pos 13040
alloc_pos 13120
alloc_pos 13336
alloc_pos 13472
alloc_pos 13736
alloc_pos 13884
alloc_pos 14048
alloc_pos 14128
alloc_pos 14240
alloc_pos 14320
alloc_pos 14516
alloc_pos 14596
alloc_pos 14812
alloc_pos 14952
alloc_pos 15216
alloc_pos 15312
alloc_pos 15572
alloc_pos 15600
alloc_pos 15728
alloc_pos 15964
alloc_pos 16220
alloc_pos 16384
alloc_pos 16644
alloc_pos 16832
alloc_pos 16880
alloc_pos 16948
alloc_pos 17132
alloc_pos 17340
alloc_pos 17584
alloc_pos 17680
alloc_pos 17732
alloc_pos 17944
alloc_pos 18052
alloc_pos 18304
alloc_pos 18512
alloc_pos 18716
alloc_pos 18868
alloc_pos 19128
alloc_pos 19260
alloc_pos 19412
alloc_pos 19648
alloc_pos 19904
alloc_pos 20096
alloc_pos 20168
alloc_pos 20268
alloc_pos 20364
alloc_pos 20536
alloc_pos 20784
alloc_pos 20932
alloc_pos 21172
alloc_pos 21436
alloc_pos 21588
alloc_pos 21712
alloc_pos 21884
alloc_pos 22124
alloc_pos 22156
alloc_pos 22300
alloc_pos 22384
alloc_pos 22596
alloc_pos 22824
alloc_pos 22948
alloc_pos 23076
alloc_pos 23268
alloc_pos 23336
alloc_pos 23452
alloc_pos 23616
alloc_pos 23864
alloc_pos 24064
alloc_pos 24284
alloc_pos 24480
alloc_pos 24692
alloc_pos 24808
alloc_pos 24852
alloc_pos 24988
alloc_pos 25180
alloc_pos 25332
alloc_pos 25380
alloc_pos 25600
alloc_pos 25664
alloc_pos 25820
alloc_pos 26056
alloc_pos 26180
alloc_pos 26296
alloc_pos 26444
alloc_pos 26652
alloc_pos 26680
alloc_pos 26824
alloc_pos 26856
alloc_pos 26956
alloc_pos 27160
alloc_pos 27400
alloc_pos 27580
alloc_pos 27752
alloc_pos 27924
alloc_pos 28048
alloc_pos 28236
alloc_pos 28300
alloc_pos 28364
alloc_pos 28516
alloc_pos 28596
alloc_pos 28620
alloc_pos 28840
alloc_pos 28912
alloc_pos 29072
alloc_pos 29328
alloc_pos 29572
alloc_pos 29736
alloc_pos 29816
alloc_pos 29940
alloc_pos 30092
alloc_pos 30204
alloc_pos 30468
alloc_pos 30708
alloc_pos 30876
alloc_pos 30988
alloc_pos 31128
alloc_pos 31384
alloc_pos 31476
alloc_pos 31668
alloc_pos 31832
alloc_pos 32008
alloc_pos 32216
alloc_pos 32240
alloc_pos 32360
alloc_pos 32584
alloc_pos 32824
alloc_pos 33056
alloc_pos 33304
alloc_pos 33568
alloc_pos 33780
alloc_pos 33932
alloc_pos 34160
alloc_pos 34216
alloc_pos 34372
alloc_pos 34592
alloc_pos 34756
alloc_pos 34832
alloc_pos 34964
alloc_pos 35228
alloc_pos 35264
alloc_pos 35408
alloc_pos 35652
alloc_pos 35768
alloc_pos 35936
alloc_pos 36100
alloc_pos 36172
alloc_pos 36436
alloc_pos 36588
alloc_pos 36716
alloc_pos 36864
alloc_pos 37096
alloc_pos 37208
alloc_pos 37336
alloc_pos 37448
alloc_pos 37472
alloc_pos 37632
alloc_pos 37792
alloc_pos 37972
alloc_pos 38196
alloc_pos 38376
alloc_pos 38484
alloc_pos 38624
alloc_pos 38800
alloc_pos 38828
alloc_pos 39056
alloc_pos 39136
alloc_pos 39320
alloc_pos 39388
alloc_pos 39552
alloc_pos 39724
alloc_pos 39792
alloc_pos 40036
alloc_pos 40080
alloc_pos 40308
alloc_pos 40472
alloc_pos 40700
alloc_pos 40940
alloc_pos 41172
alloc_pos 41432
alloc_pos 41520
alloc_pos 41552
alloc_pos 41788
alloc_pos 42052
alloc_pos 42248
alloc_pos 42288
alloc_pos 42332
alloc_pos 42576
alloc_pos 42604
alloc_pos 42740
alloc_pos 42764
alloc_pos 42980
alloc_pos 43196
alloc_pos 43288
alloc_pos 43372
alloc_pos 43464
alloc_pos 43516
alloc_pos 43744
alloc_pos 43924
alloc_pos 43992
alloc_pos 44104
alloc_pos 44200
alloc_pos 44240
alloc_pos 44304
alloc_pos 44368
alloc_pos 44424
alloc_pos 44592
alloc_pos 44832
alloc_pos 45060
alloc_pos 45276
alloc_pos 45316
alloc_pos 45404
alloc_pos 45456
alloc_pos 45604
alloc_pos 45820
alloc_pos 45956
alloc_pos 46100
alloc_pos 46288
alloc_pos 46408
alloc_pos 46632
alloc_pos 46708
alloc_pos 46756
alloc_pos 46904
alloc_pos 46932
alloc_pos 47184
alloc_pos 47420
alloc_pos 47540
alloc_pos 47672
alloc_pos 47848
alloc_pos 48064
alloc_pos 48284
alloc_pos 48308
alloc_pos 48508
alloc_pos 48644
alloc_pos 48736
alloc_pos 48944
alloc_pos 49172
alloc_pos 49252
alloc_pos 49424
alloc_pos 49688
alloc_pos 49736
alloc_pos 49988
alloc_pos 50092
alloc_pos 50120
alloc_pos 50148
alloc_pos 50176
alloc_pos 50364
alloc_pos 50524
alloc_pos 50548
alloc_pos 50812
alloc_pos 51060
alloc_pos 51180
alloc_pos 51376
alloc_pos 51452
alloc_pos 51584
alloc_pos 51792
alloc_pos 51820
alloc_pos 51976
alloc_pos 52056
alloc_pos 52272
alloc_pos 52408
alloc_pos 52672
alloc_pos 52820
alloc_pos 52984
alloc_pos 53064
alloc_pos 53176
alloc_pos 53256
alloc_pos 53452
alloc_pos 53532
alloc_pos 53748
alloc_pos 53888
alloc_pos 54152
alloc_pos 54248
alloc_pos 54508
alloc_pos 54536
alloc_pos 54664
alloc_pos 54900
alloc_pos 55156
alloc_pos 55320
alloc_pos 55580
alloc_pos 55768
alloc_pos 55816
alloc_pos 55884
alloc_pos 56068
alloc_pos 56276
alloc_pos 56520
alloc_pos 56616
alloc_pos 56668
alloc_pos 56880
alloc_pos 56988
alloc_pos 57240
alloc_pos 57448
alloc_pos 57652
alloc_pos 57804
alloc_pos 58064
alloc_pos 58196
alloc_pos 58348
alloc_pos 58584
alloc_pos 58840
alloc_pos 59032
alloc_pos 59104
alloc_pos 59204
alloc_pos 59300
alloc_pos 59472
alloc_pos 59720
alloc_pos 59868
alloc_pos 60108
alloc_pos 60372
alloc_pos 60524
alloc_pos 60648
alloc_pos 60820
alloc_pos 61060
alloc_pos 61092
alloc_pos 61236
alloc_pos 61320
alloc_pos 61532
alloc_pos 61760
alloc_pos 61884
alloc_pos 62012
alloc_pos 62204
alloc_pos 62272
alloc_pos 62388
alloc_pos 62552
alloc_pos 62800
alloc_pos 63000
alloc_pos 63220
alloc_pos 63416
alloc_pos 63628
alloc_pos 63744
alloc_pos 63788
alloc_pos 63924
alloc_pos 64116
alloc_pos 64268
alloc_pos 64316
alloc_pos 64536
alloc_pos 64600
alloc_pos 64756
alloc_pos 64992
alloc_pos 65116
alloc_pos 65232
alloc_pos 65380
alloc_pos 65588
alloc_pos 65616
alloc_pos 65760
alloc_pos 65792
alloc_pos 65892
alloc_pos 66096
alloc_pos 66336
alloc_pos 66516
alloc_pos 66688
alloc_pos 66860
alloc_pos 66984
alloc_pos 67172
alloc_pos 67236
alloc_pos 67300
alloc_pos 67452
alloc_pos 67532
alloc_pos 67556
alloc_pos 67776
alloc_pos 67848
alloc_pos 68008
alloc_pos 68264
alloc_pos 68508
alloc_pos 68672
alloc_pos 68752
alloc_pos 68876
alloc_pos 69028
alloc_pos 69140
alloc_pos 69404
alloc_pos 69644
alloc_pos 69812
alloc_pos 69924
alloc_pos 70064
alloc_pos 70320
alloc_pos 70412
alloc_pos 70604
alloc_pos 70768
alloc_pos 70944
alloc_pos 71152
alloc_pos 71176
alloc_pos 71296
alloc_pos 71520
alloc_pos 71760
alloc_pos 71992
alloc_pos 72240
alloc_pos 72504
alloc_pos 72716
alloc_pos 72868
alloc_pos 73096
alloc_pos 73152
alloc_pos 73308
alloc_pos 73528
alloc_pos 73692
alloc_pos 73768
alloc_pos 73900
alloc_pos 74164
alloc_pos 74200
alloc_pos 74344
alloc_pos 74588
alloc_pos 74704
alloc_pos 74872
alloc_pos 75036
alloc_pos 75108
alloc_pos 75372
alloc_pos 75524
alloc_pos 75652
alloc_pos 75800
alloc_pos 76032
alloc_pos 76144
alloc_pos 76272
alloc_pos 76384
alloc_pos 76408
alloc_pos 76568
alloc_pos 76728
alloc_pos 76908
alloc_pos 77132
alloc_pos 77312
alloc_pos 77420
alloc_pos 77560
alloc_pos 77736
alloc_pos 77764
alloc_pos 77992
alloc_pos 78072
alloc_pos 78256
alloc_pos 78324
alloc_pos 78488
alloc_pos 78660
alloc_pos 78728
alloc_pos 78972
alloc_pos 79016
alloc_pos 79244
alloc_pos 79408
alloc_pos 79636
alloc_pos 79876
alloc_pos 80108
alloc_pos 80368
alloc_pos 80456
alloc_pos 80488
alloc_pos 80724
alloc_pos 80988
alloc_pos 81184
alloc_pos 81224
alloc_pos 81268
alloc_pos 81512
alloc_pos 81540
alloc_pos 81676
alloc_pos 81700
alloc_pos 81916
alloc_pos 82132
alloc_pos 82224
alloc_pos 82308
alloc_pos 82400
alloc_pos 82452
alloc_pos 82680
alloc_pos 82860
alloc_pos 82928
alloc_pos 83040
alloc_pos 83136
alloc_pos 83176
alloc_pos 83240
alloc_pos 83304
alloc_pos 83360
alloc_pos 83528
alloc_pos 83768
alloc_pos 83996
alloc_pos 84212
alloc_pos 84252
alloc_pos 84340
alloc_pos 84392
alloc_pos 84540
alloc_pos 84756
alloc_pos 84892
alloc_pos 85036
alloc_pos 85224
alloc_pos 85344
alloc_pos 85568
alloc_pos 85644
alloc_pos 85692
alloc_pos 85840
alloc_pos 85868
alloc_pos 86120
alloc_pos 86356
alloc_pos 86476
alloc_pos 86608
alloc_pos 86784
alloc_pos 87000
alloc_pos 87220
alloc_pos 87244
alloc_pos 87444
alloc_pos 87580
alloc_pos 87672
alloc_pos 87880
alloc_pos 88108
alloc_pos 88188
alloc_pos 88360
alloc_pos 88624
alloc_pos 88672
alloc_pos 88924
alloc_pos 89028
alloc_pos 89056
alloc_pos 89084
alloc_pos 89112
alloc_pos 89300
alloc_pos 89460
alloc_pos 89484
alloc_pos 89748
alloc_pos 89996
alloc_pos 90116
alloc_pos 90312
alloc_pos 90388
alloc_pos 90520
alloc_pos 90728
alloc_pos 90756
alloc_pos 90912
alloc_pos 90992
alloc_pos 91208
alloc_pos 91344
alloc_pos 91608
alloc_pos 91756
alloc_pos 91920
alloc_pos 92000
alloc_pos 92112
alloc_pos 92192
alloc_pos 92388
alloc_pos 92468
alloc_pos 92684
alloc_pos 92824
alloc_pos 93088
alloc_pos 93184
alloc_pos 93444
alloc_pos 93472
alloc_pos 93600
alloc_pos 93836
alloc_pos 94092
alloc_pos 94256
alloc_pos 94516
alloc_pos 94704
alloc_pos 94752
alloc_pos 94820
alloc_pos 95004
alloc_pos 95212
alloc_pos 95456
alloc_pos 95552
alloc_pos 95604
alloc_pos 95816
alloc_pos 95924
alloc_pos 96176
alloc_pos 96384
alloc_pos 96588
alloc_pos 96740
alloc_pos 97000
alloc_pos 97132
alloc_pos 97284
alloc_pos 97520
alloc_pos 97776
alloc_pos 97968
alloc_pos 98040
alloc_pos 98140
alloc_pos 98236
alloc_pos 98408
alloc_pos 98656
alloc_pos 98804
alloc_pos 99044
alloc_pos 99308
alloc_pos 99460
alloc_pos 99584
alloc_pos 99756
alloc_pos 99996
alloc_pos 100028
alloc_pos 100172
alloc_pos 100256
alloc_pos 100468
alloc_pos 100696
alloc_pos 100820
alloc_pos 100948
alloc_pos 101140
alloc_pos 101208
alloc_pos 101324
alloc_pos 101488
alloc_pos 101736
alloc_pos 101936
alloc_pos 102156
alloc_pos 102352
alloc_pos 102564
alloc_pos 102680
alloc_pos 102724
alloc_pos 102860
alloc_pos 103052
alloc_pos 103204
alloc_pos 103252
alloc_pos 103472
alloc_pos 103536
alloc_pos 103692
alloc_pos 103928
alloc_pos 104052
alloc_pos 104168
alloc_pos 104316
alloc_pos 104524
alloc_pos 104552
alloc_pos 104696
alloc_pos 104728
alloc_pos 104828
alloc_pos 105032
alloc_pos 105272
alloc_pos 105452
alloc_pos 105624
alloc_pos 105796
alloc_pos 105920
alloc_pos 106108
alloc_pos 106172
alloc_pos 106236
alloc_pos 106388
alloc_pos 106468
alloc_pos 106492
alloc_pos 106712
alloc_pos 106784
alloc_pos 106944
alloc_pos 107200
alloc_pos 107444
alloc_pos 107608
alloc_pos 107688
alloc_pos 107812
alloc_pos 107964
alloc_pos 108076
alloc_pos 108340
alloc_pos 108580
alloc_pos 108748
alloc_pos 108860
alloc_pos 109000
alloc_pos 109256
alloc_pos 109348
alloc_pos 109540
alloc_pos 109704
alloc_pos 109880
alloc_pos 110088
alloc_pos 110112
alloc_pos 110232
alloc_pos 110456
alloc_pos 110696
alloc_pos 110928
alloc_pos 111176
alloc_pos 111440
alloc_pos 111652
alloc_pos 111804
alloc_pos 112032
alloc_pos 112088
alloc_pos 112244
alloc_pos 112464
alloc_pos 112628
alloc_pos 112704
alloc_pos 112836
alloc_pos 113100
alloc_pos 113136
alloc_pos 113280
alloc_pos 113524
alloc_pos 113640
alloc_pos 113808
alloc_pos 113972
alloc_pos 114044
alloc_pos 114308
alloc_pos 114460
alloc_pos 114588
alloc_pos 114736
alloc_pos 114968
alloc_pos 115080
alloc_pos 115208
alloc_pos 115320
alloc_pos 115344
alloc_pos 115504
alloc_pos 115664
alloc_pos 115844
alloc_pos 116068
alloc_pos 116248
alloc_pos 116356
alloc_pos 116496
alloc_pos 116672
alloc_pos 116700
alloc_pos 116928
alloc_pos 117008
alloc_pos 117192
alloc_pos 117260
alloc_pos 117424
alloc_pos 117596
alloc_pos 117664
alloc_pos 117908
alloc_pos 117952
alloc_pos 118180
alloc_pos 118344
alloc_pos 118572
alloc_pos 118812
alloc_pos 119044
alloc_pos 119304
alloc_pos 119392
alloc_pos 119424
alloc_pos 119660
alloc_pos 119924
alloc_pos 120120
alloc_pos 120160
alloc_pos 120204
alloc_pos 120448
alloc_pos 120476
alloc_pos 120612
alloc_pos 120636
alloc_pos 120852
alloc_pos 121068
alloc_pos 121160
alloc_pos 121244
alloc_pos 121336
alloc_pos 121388
alloc_pos 121616
alloc_pos 121796
alloc_pos 121864
alloc_pos 121976
alloc_pos 122072
alloc_pos 122112
alloc_pos 122176
alloc_pos 122240
alloc_pos 122296
alloc_pos 122464
alloc_pos 122704
alloc_pos 122932
alloc_pos 123148
alloc_pos 123188
alloc_pos 123276
alloc_pos 123328
alloc_pos 123476
alloc_pos 123692
alloc_pos 123828
alloc_pos 123972
alloc_pos 124160
alloc_pos 124280
alloc_pos 124504
alloc_pos 124580
alloc_pos 124628
alloc_pos 124776
alloc_pos 124804
alloc_pos 125056
alloc_pos 125292
alloc_pos 125412
alloc_pos 125544
alloc_pos 125720
alloc_pos 125936
alloc_pos 126156
alloc_pos 126180
alloc_pos 126380
alloc_pos 126516
alloc_pos 126608
alloc_pos 126816
alloc_pos 127044
alloc_pos 127124
alloc_pos 127296
alloc_pos 127560
alloc_pos 127608
alloc_pos 127860
alloc_pos 127964
alloc_pos 127992
alloc_pos 128020
alloc_pos 128048
alloc_pos 128236
alloc_pos 128396
alloc_pos 128420
alloc_pos 128684
alloc_pos 128932
alloc_pos 129052
alloc_pos 129248
alloc_pos 129324
alloc_pos 129456
alloc_pos 129664
alloc_pos 129692
alloc_pos 129848
alloc_pos 129928
alloc_pos 130144
alloc_pos 130280
alloc_pos 130544
alloc_pos 130692
alloc_pos 130856
alloc_pos 130936
alloc_pos -1

