reason: unexpected exit code -6
--- stdout ---
CHENEY GENERATOR!
--- stderr ---
alloc_pos 8
alloc_pos 1040
alloc_pos 2072
alloc_pos 3104
alloc_pos 4136
alloc_pos 5168
alloc_pos 5432
alloc_pos 5500
alloc_pos 5524
alloc_pos 5672
alloc_pos 5712
alloc_pos 5924
alloc_pos 6080
alloc_pos 6224
alloc_pos 6480
alloc_pos 6724
alloc_pos 6972
alloc_pos 7036
alloc_pos 7188
alloc_pos 7408
alloc_pos 7640
alloc_pos 7860
alloc_pos 8088
alloc_pos 8172
alloc_pos 8248
alloc_pos 8340
alloc_pos 8384
alloc_pos 8416
alloc_pos 8492
alloc_pos 8564
alloc_pos 8736
alloc_pos 8776
alloc_pos 8972
alloc_pos 9120
alloc_pos 9184
alloc_pos 9336
alloc_pos 9548
alloc_pos 9596
alloc_pos 9764
alloc_pos 9872
alloc_pos 10012
alloc_pos 10036
alloc_pos 10188
alloc_pos 10244
alloc_pos 10488
alloc_pos 10664
alloc_pos 10776
alloc_pos 10960
alloc_pos 11016
alloc_pos 11072
alloc_pos 11272
alloc_pos 11456
alloc_pos 11596
alloc_pos 11840
alloc_pos 12060
alloc_pos 12136
alloc_pos 12268
alloc_pos 12296
alloc_pos 12520
alloc_pos 12584
alloc_pos 12724
alloc_pos 12864
alloc_pos 12964
alloc_pos 13064
alloc_pos 13156
alloc_pos 13232
alloc_pos 13360
alloc_pos 13476
alloc_pos 13728
alloc_pos 13836
alloc_pos 13944
alloc_pos 13976
alloc_pos 14112
alloc_pos 14272
alloc_pos 14364
alloc_pos 14468
alloc_pos 14540
alloc_pos 14736
alloc_pos 14972
alloc_pos 15028
alloc_pos 15084
alloc_pos 15304
alloc_pos 15464
alloc_pos 15572
alloc_pos 15772
alloc_pos 16024
alloc_pos 16128
alloc_pos 16360
alloc_pos 16584
alloc_pos 16824
alloc_pos 17036
alloc_pos 17236
alloc_pos 17276
alloc_pos 17300
alloc_pos 17516
alloc_pos 17760
alloc_pos 17996
alloc_pos 18080
alloc_pos 18332
alloc_pos 18468
alloc_pos 18600
alloc_pos 18828
alloc_pos 18928
alloc_pos 19000
alloc_pos 19072
alloc_pos 19232
alloc_pos 19440
alloc_pos 19680
alloc_pos 19772
alloc_pos 19820
alloc_pos 19976
alloc_pos 20132
alloc_pos 20376
alloc_pos 20492
alloc_pos 20584
alloc_pos 20644
alloc_pos 20768
alloc_pos 21024
alloc_pos 21260
alloc_pos 21420
alloc_pos 21448
alloc_pos 21576
alloc_pos 21672
alloc_pos 21904
alloc_pos 22160
alloc_pos 22400
alloc_pos 22504
alloc_pos 22720
alloc_pos 22860
alloc_pos 23108
alloc_pos 23368
alloc_pos 23424
alloc_pos 23484
alloc_pos 23688
alloc_pos 23756
alloc_pos 23880
alloc_pos 23984
alloc_pos 24200
alloc_pos 24380
alloc_pos 24556
alloc_pos 24820
alloc_pos 24944
alloc_pos 25024
alloc_pos 25240
alloc_pos 25320
alloc_pos 25408
alloc_pos 25512
alloc_pos 25776
alloc_pos 25868
alloc_pos 25908
alloc_pos 25964
alloc_pos 26124
alloc_pos 26384
alloc_pos 26420
alloc_pos 26568
alloc_pos 26604
alloc_pos 26640
alloc_pos 26784
alloc_pos 26828
alloc_pos 27060
alloc_pos 27200
alloc_pos 27360
alloc_pos 27520
alloc_pos 27556
alloc_pos 27716
alloc_pos 27852
alloc_pos 28084
alloc_pos 28232
alloc_pos 28424
alloc_pos 28524
alloc_pos 28556
alloc_pos 28760
alloc_pos 28864
alloc_pos 29092
alloc_pos 29292
alloc_pos 29460
alloc_pos 29700
alloc_pos 29940
alloc_pos 29972
alloc_pos 30232
alloc_pos 30396
alloc_pos 30588
alloc_pos 30732
alloc_pos 30808
alloc_pos 31008
alloc_pos 31192
alloc_pos 31372
alloc_pos 31524
alloc_pos 31724
alloc_pos 31756
alloc_pos 32012
alloc_pos 32248
alloc_pos 32356
alloc_pos 32476
alloc_pos 32720
alloc_pos 32880
alloc_pos 33116
alloc_pos 33332
alloc_pos 33476
alloc_pos 33716
alloc_pos 33748
alloc_pos 33824
alloc_pos 33904
alloc_pos 34080
alloc_pos 34104
alloc_pos 34340
alloc_pos 34552
alloc_pos 34708
alloc_pos 34764
alloc_pos 34808
alloc_pos 35028
alloc_pos 35232
alloc_pos 35492
alloc_pos 35660
alloc_pos 35912
alloc_pos 36148
alloc_pos 36192
alloc_pos 36436
alloc_pos 36516
alloc_pos 36752
alloc_pos 36832
alloc_pos 37016
alloc_pos 37208
alloc_pos 37448
alloc_pos 37480
alloc_pos 37632
alloc_pos 37676
alloc_pos 37808
alloc_pos 37928
alloc_pos 37968
alloc_pos 38192
alloc_pos 38244
alloc_pos 38420
alloc_pos 38460
alloc_pos 38516
alloc_pos 38756
alloc_pos 38892
alloc_pos 39120
alloc_pos 39284
alloc_pos 39364
alloc_pos 39388
alloc_pos 39552
alloc_pos 39664
alloc_pos 39772
alloc_pos 39824
alloc_pos 40008
alloc_pos 40192
alloc_pos 40420
alloc_pos 40448
alloc_pos 40500
alloc_pos 40528
alloc_pos 40620
alloc_pos 40700
alloc_pos 40900
alloc_pos 41132
alloc_pos 41368
alloc_pos 41588
alloc_pos 41740
alloc_pos 41932
alloc_pos 42028
alloc_pos 42056
alloc_pos 42088
alloc_pos 42136
alloc_pos 42204
alloc_pos 42228
alloc_pos 42376
alloc_pos 42416
alloc_pos 42628
alloc_pos 42784
alloc_pos 42928
alloc_pos 43184
alloc_pos 43428
alloc_pos 43676
alloc_pos 43740
alloc_pos 43892
alloc_pos 44112
alloc_pos 44344
alloc_pos 44564
alloc_pos 44792
alloc_pos 44876
alloc_pos 44952
alloc_pos 45044
alloc_pos 45088
alloc_pos 45120
alloc_pos 45196
alloc_pos 45268
alloc_pos 45440
alloc_pos 45480
alloc_pos 45676
alloc_pos 45824
alloc_pos 45888
alloc_pos 46040
alloc_pos 46252
alloc_pos 46300
alloc_pos 46468
alloc_pos 46576
alloc_pos 46716
alloc_pos 46740
alloc_pos 46892
alloc_pos 46948
alloc_pos 47192
alloc_pos 47368
alloc_pos 47480
alloc_pos 47664
alloc_pos 47720
alloc_pos 47776
alloc_pos 47976
alloc_pos 48160
alloc_pos 48300
alloc_pos 48544
alloc_pos 48764
alloc_pos 48840
alloc_pos 48972
alloc_pos 49000
alloc_pos 49224
alloc_pos 49288
alloc_pos 49428
alloc_pos 49568
alloc_pos 49668
alloc_pos 49768
alloc_pos 49860
alloc_pos 49936
alloc_pos 50064
alloc_pos 50180
alloc_pos 50432
alloc_pos 50540
alloc_pos 50648
alloc_pos 50680
alloc_pos 50816
alloc_pos 50976
alloc_pos 51068
alloc_pos 51172
alloc_pos 51244
alloc_pos 51440
alloc_pos 51676
alloc_pos 51732
alloc_pos 51788
alloc_pos 52008
alloc_pos 52168
alloc_pos 52276
alloc_pos 52476
alloc_pos 52728
alloc_pos 52832
alloc_pos 53064
alloc_pos 53288
alloc_pos 53528
alloc_pos 53740
alloc_pos 53940
alloc_pos 53980
alloc_pos 54004
alloc_pos 54220
alloc_pos 54464
alloc_pos 54700
alloc_pos 54784
alloc_pos 55036
alloc_pos 55172
alloc_pos 55304
alloc_pos 55532
alloc_pos 55632
alloc_pos 55704
alloc_pos 55776
alloc_pos 55936
alloc_pos 56144
alloc_pos 56384
alloc_pos 56476
alloc_pos 56524
alloc_pos 56680
alloc_pos 56836
alloc_pos 57080
alloc_pos 57196
alloc_pos 57288
alloc_pos 57348
alloc_pos 57472
alloc_pos 57728
alloc_pos 57964
alloc_pos 58124
alloc_pos 58152
alloc_pos 58280
alloc_pos 58376
alloc_pos 58608
alloc_pos 58864
alloc_pos 59104
alloc_pos 59208
alloc_pos 59424
alloc_pos 59564
alloc_pos 59812
alloc_pos 60072
alloc_pos 60128
alloc_pos 60188
alloc_pos 60392
alloc_pos 60460
alloc_pos 60584
alloc_pos 60688
alloc_pos 60904
alloc_pos 61084
alloc_pos 61260
alloc_pos 61524
alloc_pos 61648
alloc_pos 61728
alloc_pos 61944
alloc_pos 62024
alloc_pos 62112
alloc_pos 62216
alloc_pos 62480
alloc_pos 62572
alloc_pos 62612
alloc_pos 62668
alloc_pos 62828
alloc_pos 63088
alloc_pos 63124
alloc_pos 63272
alloc_pos 63308
alloc_pos 63344
alloc_pos 63488
alloc_pos 63532
alloc_pos 63764
alloc_pos 63904
alloc_pos 64064
alloc_pos 64224
alloc_pos 64260
alloc_pos 64420
alloc_pos 64556
alloc_pos 64788
alloc_pos 64936
alloc_pos 65128
alloc_pos 65228
alloc_pos 65260
alloc_pos 65464
alloc_pos 65568
alloc_pos 65796
alloc_pos 65996
alloc_pos 66164
alloc_pos 66404
alloc_pos 66644
alloc_pos 66676
alloc_pos 66936
alloc_pos 67100
alloc_pos 67292
alloc_pos 67436
alloc_pos 67512
alloc_pos 67712
alloc_pos 67896
alloc_pos 68076
alloc_pos 68228
alloc_pos 68428
alloc_pos 68460
alloc_pos 68716
alloc_pos 68952
alloc_pos 69060
alloc_pos 69180
alloc_pos 69424
alloc_pos 69584
alloc_pos 69820
alloc_pos 70036
alloc_pos 70180
alloc_pos 70420
alloc_pos 70452
alloc_pos 70528
alloc_pos 70608
alloc_pos 70784
alloc_pos 70808
alloc_pos 71044
alloc_pos 71256
alloc_pos 71412
alloc_pos 71468
alloc_pos 71512
alloc_pos 71732
alloc_pos 71936
alloc_pos 72196
alloc_pos 72364
alloc_pos 72616
alloc_pos 72852
alloc_pos 72896
alloc_pos 73140
alloc_pos 73220
alloc_pos 73456
alloc_pos 73536
alloc_pos 73720
alloc_pos 73912
alloc_pos 74152
alloc_pos 74184
alloc_pos 74336
alloc_pos 74380
alloc_pos 74512
alloc_pos 74632
alloc_pos 74672
alloc_pos 74896
alloc_pos 74948
alloc_pos 75124
alloc_pos 75164
alloc_pos 75220
alloc_pos 75460
alloc_pos 75596
alloc_pos 75824
alloc_pos 75988
alloc_pos 76068
alloc_pos 76092
alloc_pos 76256
alloc_pos 76368
alloc_pos 76476
alloc_pos 76528
alloc_pos 76712
alloc_pos 76896
alloc_pos 77124
alloc_pos 77152
alloc_pos 77204
alloc_pos 77232
alloc_pos 77324
alloc_pos 77404
alloc_pos 77604
alloc_pos 77836
alloc_pos 78072
alloc_pos 78292
alloc_pos 78444
alloc_pos 78636
alloc_pos 78732
alloc_pos 78760
alloc_pos 78792
alloc_pos 78840
alloc_pos 78908
alloc_pos 78932
alloc_pos 79080
alloc_pos 79120
alloc_pos 79332
alloc_pos 79488
alloc_pos 79632
alloc_pos 79888
alloc_pos 80132
alloc_pos 80380
alloc_pos 80444
alloc_pos 80596
alloc_pos 80816
alloc_pos 81048
alloc_pos 81268
alloc_pos 81496
alloc_pos 81580
alloc_pos 81656
alloc_pos 81748
alloc_pos 81792
alloc_pos 81824
alloc_pos 81900
alloc_pos 81972
alloc_pos 82144
alloc_pos 82184
alloc_pos 82380
alloc_pos 82528
alloc_pos 82592
alloc_pos 82744
alloc_pos 82956
alloc_pos 83004
alloc_pos 83172
alloc_pos 83280
alloc_pos 83420
alloc_pos 83444
alloc_pos 83596
alloc_pos 83652
alloc_pos 83896
alloc_pos 84072
alloc_pos 84184
alloc_pos 84368
alloc_pos 84424
alloc_pos 84480
alloc_pos 84680
alloc_pos 84864
alloc_pos 85004
alloc_pos 85248
alloc_pos 85468
alloc_pos 85544
alloc_pos 85676
alloc_pos 85704
alloc_pos 85928
alloc_pos 85992
alloc_pos 86132
alloc_pos 86272
alloc_pos 86372
alloc_pos 86472
alloc_pos 86564
alloc_pos 86640
alloc_pos 86768
alloc_pos 86884
alloc_pos 87136
alloc_pos 87244
alloc_pos 87352
alloc_pos 87384
alloc_pos 87520
alloc_pos 87680
alloc_pos 87772
alloc_pos 87876
alloc_pos 87948
alloc_pos 88144
alloc_pos 88380
alloc_pos 88436
alloc_pos 88492
alloc_pos 88712
alloc_pos 88872
alloc_pos 88980
alloc_pos 89180
alloc_pos 89432
alloc_pos 89536
alloc_pos 89768
alloc_pos 89992
alloc_pos 90232
alloc_pos 90444
alloc_pos 90644
alloc_pos 90684
alloc_pos 90708
alloc_pos 90924
alloc_pos 91168
alloc_pos 91404
alloc_pos 91488
alloc_pos 91740
alloc_pos 91876
alloc_pos 92008
alloc_pos 92236
alloc_pos 92336
alloc_pos 92408
alloc_pos 92480
alloc_pos 92640
alloc_pos 92848
alloc_pos 93088
alloc_pos 93180
alloc_pos 93228
alloc_pos 93384
alloc_pos 93540
alloc_pos 93784
alloc_pos 93900
alloc_pos 93992
alloc_pos 94052
alloc_pos 94176
alloc_pos 94432
alloc_pos 94668
alloc_pos 94828
alloc_pos 94856
alloc_pos 94984
alloc_pos 95080
alloc_pos 95312
alloc_pos 95568
alloc_pos 95808
alloc_pos 95912
alloc_pos 96128
alloc_pos 96268
alloc_pos 96516
alloc_pos 96776
alloc_pos 96832
alloc_pos 96892
alloc_pos 97096
alloc_pos 97164
alloc_pos 97288
alloc_pos 97392
alloc_pos 97608
alloc_pos 97788
alloc_pos 97964
alloc_pos 98228
alloc_pos 98352
alloc_pos 98432
alloc_pos 98648
alloc_pos 98728
alloc_pos 98816
alloc_pos 98920
alloc_pos 99184
alloc_pos 99276
alloc_pos 99316
alloc_pos 99372
alloc_pos 99532
alloc_pos 99792
alloc_pos 99828
alloc_pos 99976
alloc_pos 100012
alloc_pos 100048
alloc_pos 100192
alloc_pos 100236
alloc_pos 100468
alloc_pos 100608
alloc_pos 100768
alloc_pos 100928
alloc_pos 100964
alloc_pos 101124
alloc_pos 101260
alloc_pos 101492
alloc_pos 101640
alloc_pos 101832
alloc_pos 101932
alloc_pos 101964
alloc_pos 102168
alloc_pos 102272
alloc_pos 102500
alloc_pos 102700
alloc_pos 102868
alloc_pos 103108
alloc_pos 103348
alloc_pos 103380
alloc_pos 103640
alloc_pos 103804
alloc_pos 103996
alloc_pos 104140
alloc_pos 104216
alloc_pos 104416
alloc_pos 104600
alloc_pos 104780
alloc_pos 104932
alloc_pos 105132
alloc_pos 105164
alloc_pos 105420
alloc_pos 105656
alloc_pos 105764
alloc_pos 105884
alloc_pos 106128
alloc_pos 106288
alloc_pos 106524
alloc_pos 106740
alloc_pos 106884
alloc_pos 107124
alloc_pos 107156
alloc_pos 107232
alloc_pos 107312
alloc_pos 107488
alloc_pos 107512
alloc_pos 107748
alloc_pos 107960
alloc_pos 108116
alloc_pos 108172
alloc_pos 108216
alloc_pos 108436
alloc_pos 108640
alloc_pos 108900
alloc_pos 109068
alloc_pos 109320
alloc_pos 109556
alloc_pos 109600
alloc_pos 109844
alloc_pos 109924
alloc_pos 110160
alloc_pos 110240
alloc_pos 110424
alloc_pos 110616
alloc_pos 110856
alloc_pos 110888
alloc_pos 111040
alloc_pos 111084
alloc_pos 111216
alloc_pos 111336
alloc_pos 111376
alloc_pos 111600
alloc_pos 111652
alloc_pos 111828
alloc_pos 111868
alloc_pos 111924
alloc_pos 112164
alloc_pos 112300
alloc_pos 112528
alloc_pos 112692
alloc_pos 112772
alloc_pos 112796
alloc_pos 112960
alloc_pos 113072
alloc_pos 113180
alloc_pos 113232
alloc_pos 113416
alloc_pos 113600
alloc_pos 113828
alloc_pos 113856
alloc_pos 113908
alloc_pos 113936
alloc_pos 114028
alloc_pos 114108
alloc_pos 114308
alloc_pos 114540
alloc_pos 114776
alloc_pos 114996
alloc_pos 115148
alloc_pos 115340
alloc_pos 115436
alloc_pos 115464
alloc_pos 115496
alloc_pos 115544
alloc_pos 115612
alloc_pos 115636
alloc_pos 115784
alloc_pos 115824
alloc_pos 116036
alloc_pos 116192
alloc_pos 116336
alloc_pos 116592
alloc_pos 116836
alloc_pos 117084
alloc_pos 117148
alloc_pos 117300
alloc_pos 117520
alloc_pos 117752
alloc_pos 117972
alloc_pos 118200
alloc_pos 118284
alloc_pos 118360
alloc_pos 118452
alloc_pos 118496
alloc_pos 118528
alloc_pos 118604
alloc_pos 118676
alloc_pos 118848
alloc_pos 118888
alloc_pos 119084
alloc_pos 119232
alloc_pos 119296
alloc_pos 119448
alloc_pos 119660
alloc_pos 119708
alloc_pos 119876
alloc_pos 119984
alloc_pos 120124
alloc_pos 120148
alloc_pos 120300
alloc_pos 120356
alloc_pos 120600
alloc_pos 120776
alloc_pos 120888
alloc_pos 121072
alloc_pos 121128
alloc_pos 121184
alloc_pos 121384
alloc_pos 121568
alloc_pos 121708
alloc_pos 121952
alloc_pos 122172
alloc_pos 122248
alloc_pos 122380
alloc_pos 122408
alloc_pos 122632
alloc_pos 122696
alloc_pos 122836
alloc_pos 122976
alloc_pos 123076
alloc_pos 123176
alloc_pos 123268
alloc_pos 123344
alloc_pos 123472
alloc_pos 123588
alloc_pos 123840
alloc_pos 123948
alloc_pos 124056
alloc_pos 124088
alloc_pos 124224
alloc_pos 124384
alloc_pos 124476
alloc_pos 124580
alloc_pos 124652
alloc_pos 124848
alloc_pos 125084
alloc_pos 125140
alloc_pos 125196
alloc_pos 125416
alloc_pos 125576
alloc_pos 125684
alloc_pos 125884
alloc_pos 126136
alloc_pos 126240
alloc_pos 126472
alloc_pos 126696
alloc_pos 126936
alloc_pos 127148
alloc_pos 127348
alloc_pos 127388
alloc_pos 127412
alloc_pos 127628
alloc_pos 127872
alloc_pos 128108
alloc_pos 128192
alloc_pos 128444
alloc_pos 128580
alloc_pos 128712
alloc_pos 128940
alloc_pos 129040
alloc_pos 129112
alloc_pos 129184
alloc_pos 129344
alloc_pos 129552
alloc_pos 129792
alloc_pos 129884
alloc_pos 129932
alloc_pos 130088
alloc_pos 130244
alloc_pos 130488
alloc_pos 130604
alloc_pos 130696
alloc_pos 130756
alloc_pos 130880
alloc_pos 131136
alloc_pos 131372
alloc_pos 131532
alloc_pos 131560
alloc_pos 131688
alloc_pos 131784
alloc_pos 132016
alloc_pos 132272
alloc_pos 132512
alloc_pos 132616
alloc_pos 132832
alloc_pos 132972
alloc_pos 133220
alloc_pos 133480
alloc_pos 133536
alloc_pos 133596
alloc_pos 133800
alloc_pos 133868
alloc_pos 133992
alloc_pos 134096
alloc_pos 134312
alloc_pos 134492
alloc_pos 134668
alloc_pos 134932
alloc_pos 135056
alloc_pos 135136
alloc_pos 135352
alloc_pos 135432
alloc_pos 135520
alloc_pos 135624
alloc_pos 135888
alloc_pos 135980
alloc_pos 136020
alloc_pos 136076
alloc_pos 136236
alloc_pos 136496
alloc_pos 136532
alloc_pos 136680
alloc_pos 136716
alloc_pos 136752
alloc_pos 136896
alloc_pos 136940
alloc_pos 137172
alloc_pos 137312
alloc_pos 137472
alloc_pos 137632
alloc_pos 137668
alloc_pos 137828
alloc_pos 137964
alloc_pos 138196
alloc_pos 138344
alloc_pos 138536
alloc_pos 138636
alloc_pos 138668
alloc_pos 138872
alloc_pos 138976
alloc_pos 139204
alloc_pos 139404
alloc_pos 139572
alloc_pos 139812
alloc_pos 140052
alloc_pos 140084
alloc_pos 140344
alloc_pos 140508
alloc_pos 140700
alloc_pos 140844
alloc_pos 140920
alloc_pos 141120
alloc_pos 141304
alloc_pos 141484
alloc_pos 141636
alloc_pos 141836
alloc_pos 141868
alloc_pos 142124
alloc_pos 142360
alloc_pos 142468
alloc_pos 142588
alloc_pos 142832
alloc_pos 142992
alloc_pos 143228
alloc_pos 143444
alloc_pos 143588
alloc_pos 143828
alloc_pos 143860
alloc_pos 143936
alloc_pos 144016
alloc_pos 144192
alloc_pos 144216
alloc_pos 144452
alloc_pos 144664
alloc_pos 144820
alloc_pos 144876
alloc_pos 144920
alloc_pos 145140
alloc_pos 145344
alloc_pos 145604
alloc_pos 145772
alloc_pos 146024
alloc_pos 146260
alloc_pos 146304
alloc_pos 146548
alloc_pos 146628
alloc_pos 146864
alloc_pos 146944
alloc_pos 147128
alloc_pos 147320
alloc_pos 147560
alloc_pos 147592
alloc_pos 147744
alloc_pos 147788
alloc_pos 147920
alloc_pos 148040
alloc_pos 148080
alloc_pos 148304
alloc_pos 148356
alloc_pos 148532
alloc_pos 148572
alloc_pos 148628
alloc_pos 148868
alloc_pos 149004
alloc_pos 149232
alloc_pos 149396
alloc_pos 149476
alloc_pos 149500
alloc_pos 149664
alloc_pos 149776
alloc_pos 149884
alloc_pos 149936
alloc_pos 150120
alloc_pos 150304
alloc_pos 150532
alloc_pos 150560
alloc_pos 150612
alloc_pos 150640
alloc_pos 150732
alloc_pos 150812
alloc_pos 151012
alloc_pos 151244
alloc_pos 151480
alloc_pos 151700
alloc_pos 151852
alloc_pos 152044
alloc_pos 152140
alloc_pos 152168
alloc_pos 152200
alloc_pos 152248
alloc_pos 152316
alloc_pos 152340
alloc_pos 152488
alloc_pos 152528
alloc_pos 152740
alloc_pos 152896
alloc_pos 153040
alloc_pos 153296
alloc_pos 153540
alloc_pos 153788
alloc_pos 153852
alloc_pos 154004
alloc_pos 154224
alloc_pos 154456
alloc_pos 154676
alloc_pos 154904
alloc_pos 154988
alloc_pos 155064
alloc_pos 155156
alloc_pos 155200
alloc_pos 155232
alloc_pos 155308
alloc_pos 155380
alloc_pos 155552
alloc_pos 155592
alloc_pos 155788
alloc_pos 155936
alloc_pos 156000
alloc_pos 156152
alloc_pos 156364
alloc_pos 156412
alloc_pos 156580
alloc_pos 156688
alloc_pos 156828
alloc_pos 156852
alloc_pos 157004
alloc_pos 157060
alloc_pos 157304
alloc_pos 157480
alloc_pos 157592
alloc_pos 157776
alloc_pos 157832
alloc_pos 157888
alloc_pos 158088
alloc_pos 158272
alloc_pos 158412
alloc_pos 158656
alloc_pos 158876
alloc_pos 158952
alloc_pos 159084
alloc_pos 159112
alloc_pos 159336
alloc_pos 159400
alloc_pos 159540
alloc_pos 159680
alloc_pos 159780
alloc_pos 159880
alloc_pos 159972
alloc_pos 160048
alloc_pos 160176
alloc_pos 160292
alloc_pos 160544
alloc_pos 160652
alloc_pos 160760
alloc_pos 160792
alloc_pos 160928
alloc_pos 161088
alloc_pos 161180
alloc_pos 161284
alloc_pos 161356
alloc_pos 161552
alloc_pos 161788
alloc_pos 161844
alloc_pos 161900
alloc_pos 162120
alloc_pos 162280
alloc_pos 162388
alloc_pos 162588
alloc_pos 162840
alloc_pos 162944
alloc_pos 163176
alloc_pos 163400
alloc_pos 163640
alloc_pos 163852
alloc_pos 164052
alloc_pos 164092
alloc_pos 164116
alloc_pos 164332
alloc_pos 164576
alloc_pos 164812
alloc_pos 164896
alloc_pos 165148
alloc_pos 165284
alloc_pos 165416
alloc_pos 165644
alloc_pos 165744
alloc_pos 165816
alloc_pos 165888
alloc_pos 166048
alloc_pos 166256
alloc_pos 166496
alloc_pos 166588
alloc_pos 166636
alloc_pos 166792
alloc_pos 166948
alloc_pos 167192
alloc_pos 167308
alloc_pos 167400
alloc_pos 167460
alloc_pos 167584
alloc_pos 167840
alloc_pos 168076
alloc_pos 168236
alloc_pos 168264
alloc_pos 168392
alloc_pos 168488
alloc_pos 168720
alloc_pos 168976
alloc_pos 169216
alloc_pos 169320
alloc_pos 169536
alloc_pos 169676
alloc_pos 169924
alloc_pos 170184
alloc_pos 170240
alloc_pos 170300
alloc_pos 170504
alloc_pos 170572
alloc_pos 170696
alloc_pos 170800
alloc_pos 171016
alloc_pos 171196
alloc_pos 171372
alloc_pos 171636
alloc_pos 171760
alloc_pos 171840
alloc_pos 172056
alloc_pos 172136
alloc_pos 172224
alloc_pos 172328
alloc_pos 172592
alloc_pos 172684
alloc_pos 172724
alloc_pos 172780
alloc_pos 172940
alloc_pos 173200
alloc_pos 173236
alloc_pos 173384
alloc_pos 173420
alloc_pos 173456
alloc_pos 173600
alloc_pos 173644
alloc_pos 173876
alloc_pos 174016
alloc_pos 174176
alloc_pos 174336
alloc_pos 174372
alloc_pos 174532
alloc_pos 174668
alloc_pos 174900
alloc_pos 175048
alloc_pos 175240
alloc_pos 175340
alloc_pos 175372
alloc_pos 175576
alloc_pos 175680
alloc_pos 175908
alloc_pos 176108
alloc_pos 176276
alloc_pos 176516
alloc_pos 176756
alloc_pos 176788
alloc_pos 177048
alloc_pos 177212
alloc_pos 177404
alloc_pos 177548
alloc_pos 177624
alloc_pos 177824
alloc_pos 178008
alloc_pos 178188
alloc_pos 178340
alloc_pos 178540
alloc_pos 178572
alloc_pos 178828
alloc_pos 179064
alloc_pos 179172
alloc_pos 179292
alloc_pos 179536
alloc_pos 179696
alloc_pos 179932
alloc_pos 180148
alloc_pos 180292
alloc_pos 180532
alloc_pos 180564
alloc_pos 180640
alloc_pos 180720
alloc_pos 180896
alloc_pos 180920
alloc_pos 181156
alloc_pos 181368
alloc_pos 181524
alloc_pos 181580
alloc_pos 181624
alloc_pos 181844
alloc_pos 182048
alloc_pos 182308
alloc_pos 182476
alloc_pos 182728
alloc_pos 182964
alloc_pos 183008
alloc_pos 183252
alloc_pos 183332
alloc_pos 183568
alloc_pos 183648
alloc_pos 183832
alloc_pos 184024
alloc_pos 184264
alloc_pos 184296
alloc_pos 184448
alloc_pos 184492
alloc_pos 184624
alloc_pos 184744
alloc_pos 184784
alloc_pos 185008
alloc_pos 185060
alloc_pos 185236
alloc_pos 185276
alloc_pos 185332
alloc_pos 185572
alloc_pos 185708
alloc_pos 185936
alloc_pos 186100
alloc_pos 186180
alloc_pos 186204
alloc_pos 186368
alloc_pos 186480
alloc_pos 186588
alloc_pos 186640
alloc_pos 186824
alloc_pos 187008
alloc_pos 187236
alloc_pos 187264
alloc_pos 187316
alloc_pos 187344
alloc_pos 187436
alloc_pos 187516
alloc_pos 187716
alloc_pos 187948
alloc_pos 188184
alloc_pos 188404
alloc_pos 188556
alloc_pos 188748
alloc_pos 188844
alloc_pos 188872
alloc_pos 188904
alloc_pos 188952
alloc_pos 189020
alloc_pos 189044
alloc_pos 189192
alloc_pos 189232
alloc_pos 189444
alloc_pos 189600
alloc_pos 189744
alloc_pos 190000
alloc_pos 190244
alloc_pos 190492
alloc_pos 190556
alloc_pos 190708
alloc_pos 190928
alloc_pos 191160
alloc_pos 191380
alloc_pos 191608
alloc_pos 191692
alloc_pos 191768
alloc_pos 191860
alloc_pos 191904
alloc_pos 191936
alloc_pos 192012
alloc_pos 192084
alloc_pos 192256
alloc_pos 192296
alloc_pos 192492
alloc_pos 192640
alloc_pos 192704
alloc_pos 192856
alloc_pos 193068
alloc_pos 193116
alloc_pos 193284
alloc_pos 193392
alloc_pos 193532
alloc_pos 193556
alloc_pos 193708
alloc_pos 193764
alloc_pos 194008
alloc_pos 194184
alloc_pos 194296
alloc_pos 194480
alloc_pos 194536
alloc_pos 194592
alloc_pos 194792
alloc_pos 194976
alloc_pos 195116
alloc_pos 195360
alloc_pos 195580
alloc_pos 195656
alloc_pos 195788
alloc_pos 195816
alloc_pos 196040
alloc_pos 196104
alloc_pos 196244
alloc_pos 196384
alloc_pos 196484
alloc_pos 196584
alloc_pos 196676
alloc_pos 196752
alloc_pos 196880
alloc_pos 196996
alloc_pos 197248
alloc_pos 197356
alloc_pos 197464
alloc_pos 197496
alloc_pos 197632
alloc_pos 197792
alloc_pos 197884
alloc_pos 197988
alloc_pos 198060
alloc_pos 198256
alloc_pos 198492
alloc_pos 198548
alloc_pos 198604
alloc_pos 198824
alloc_pos 198984
alloc_pos 199092
alloc_pos 199292
alloc_pos 199544
alloc_pos 199648
alloc_pos 199880
alloc_pos 200104
alloc_pos 200344
alloc_pos 200556
alloc_pos 200756
alloc_pos 200796
alloc_pos 200820
alloc_pos 201036
alloc_pos 201280
alloc_pos 201516
alloc_pos 201600
alloc_pos 201852
alloc_pos 201988
alloc_pos 202120
alloc_pos 202348
alloc_pos 202448
alloc_pos 202520
alloc_pos 202592
alloc_pos 202752
alloc_pos 202960
alloc_pos 203200
alloc_pos 203292
alloc_pos 203340
alloc_pos 203496
alloc_pos 203652
alloc_pos 203896
alloc_pos 204012
alloc_pos 204104
alloc_pos 204164
alloc_pos 204288
alloc_pos 204544
alloc_pos 204780
alloc_pos 204940
alloc_pos 204968
alloc_pos 205096
alloc_pos 205192
alloc_pos 205424
alloc_pos 205680
alloc_pos 205920
alloc_pos 206024
alloc_pos 206240
alloc_pos 206380
alloc_pos 206628
alloc_pos 206888
alloc_pos 206944
alloc_pos 207004
alloc_pos 207208
alloc_pos 207276
alloc_pos 207400
alloc_pos 207504
alloc_pos 207720
alloc_pos 207900
alloc_pos 208076
alloc_pos 208340
alloc_pos 208464
alloc_pos 208544
alloc_pos 208760
alloc_pos 208840
alloc_pos 208928
alloc_pos 209032
alloc_pos 209296
alloc_pos 209388
alloc_pos 209428
alloc_pos 209484
alloc_pos 209644
alloc_pos 209904
alloc_pos 209940
alloc_pos 210088
alloc_pos 210124
alloc_pos 210160
alloc_pos 210304
alloc_pos 210348
alloc_pos 210580
alloc_pos 210720
alloc_pos 210880
alloc_pos 211040
alloc_pos 211076
alloc_pos 211236
alloc_pos 211372
alloc_pos 211604
alloc_pos 211752
alloc_pos 211944
alloc_pos 212044
alloc_pos 212076
alloc_pos 212280
alloc_pos 212384
alloc_pos 212612
alloc_pos 212812
alloc_pos 212980
alloc_pos 213220
alloc_pos 213460
alloc_pos 213492
alloc_pos 213752
alloc_pos 213916
alloc_pos 214108
alloc_pos 214252
alloc_pos 214328
alloc_pos 214528
alloc_pos 214712
alloc_pos 214892
alloc_pos 215044
alloc_pos 215244
alloc_pos 215276
alloc_pos 215532
alloc_pos 215768
alloc_pos 215876
alloc_pos 215996
alloc_pos 216240
alloc_pos 216400
alloc_pos 216636
alloc_pos 216852
alloc_pos 216996
alloc_pos 217236
alloc_pos 217268
alloc_pos 217344
alloc_pos 217424
alloc_pos 217600
alloc_pos 217624
alloc_pos 217860
alloc_pos 218072
alloc_pos 218228
alloc_pos 218284
alloc_pos 218328
alloc_pos 218548
alloc_pos 218752
alloc_pos 219012
alloc_pos 219180
alloc_pos 219432
alloc_pos 219668
alloc_pos 219712
alloc_pos 219956
alloc_pos 220036
alloc_pos 220272
alloc_pos 220352
alloc_pos 220536
alloc_pos 220728
alloc_pos 220968
alloc_pos 221000
alloc_pos 221152
alloc_pos 221196
alloc_pos 221328
alloc_pos 221448
alloc_pos 221488
alloc_pos 221712
alloc_pos 221764
alloc_pos 221940
alloc_pos 221980
alloc_pos 222036
alloc_pos 222276
alloc_pos 222412
alloc_pos 222640
alloc_pos 222804
alloc_pos 222884
alloc_pos 222908
alloc_pos 223072
alloc_pos 223184
alloc_pos 223292
alloc_pos 223344
alloc_pos 223528
alloc_pos 223712
alloc_pos 223940
alloc_pos 223968
alloc_pos 224020
alloc_pos 224048
alloc_pos 224140
alloc_pos 224220
alloc_pos 224420
alloc_pos 224652
alloc_pos 224888
alloc_pos 225108
alloc_pos 225260
alloc_pos 225452
alloc_pos 225548
alloc_pos 225576
alloc_pos 225608
alloc_pos 225656
alloc_pos 225724
alloc_pos 225748
alloc_pos 225896
alloc_pos 225936
alloc_pos 226148
alloc_pos 226304
alloc_pos 226448
alloc_pos 226704
alloc_pos 226948
alloc_pos 227196
alloc_pos 227260
alloc_pos 227412
alloc_pos 227632
alloc_pos 227864
alloc_pos 228084
alloc_pos 228312
alloc_pos 228396
alloc_pos 228472
alloc_pos 228564
alloc_pos 228608
alloc_pos 228640
alloc_pos 228716
alloc_pos 228788
alloc_pos 228960
alloc_pos 229000
alloc_pos 229196
alloc_pos 229344
alloc_pos 229408
alloc_pos 229560
alloc_pos 229772
alloc_pos 229820
alloc_pos 229988
alloc_pos 230096
alloc_pos 230236
alloc_pos 230260
alloc_pos 230412
alloc_pos 230468
alloc_pos 230712
alloc_pos 230888
alloc_pos 231000
alloc_pos 231184
alloc_pos 231240
alloc_pos 231296
alloc_pos 231496
alloc_pos 231680
alloc_pos 231820
alloc_pos 232064
alloc_pos 232284
alloc_pos 232360
alloc_pos 232492
alloc_pos 232520
alloc_pos 232744
alloc_pos 232808
alloc_pos 232948
alloc_pos 233088
alloc_pos 233188
alloc_pos 233288
alloc_pos 233380
alloc_pos 233456
alloc_pos 233584
alloc_pos 233700
alloc_pos 233952
alloc_pos 234060
alloc_pos 234168
alloc_pos 234200
alloc_pos 234336
alloc_pos 234496
alloc_pos 234588
alloc_pos 234692
alloc_pos 234764
alloc_pos 234960
alloc_pos 235196
alloc_pos 235252
alloc_pos 235308
alloc_pos 235528
alloc_pos 235688
alloc_pos 235796
alloc_pos 235996
alloc_pos 236248
alloc_pos 236352
alloc_pos 236584
alloc_pos 236808
alloc_pos 237048
alloc_pos 237260
alloc_pos 237460
alloc_pos 237500
alloc_pos 237524
alloc_pos 237740
alloc_pos 237984
alloc_pos 238220
alloc_pos 238304
alloc_pos 238556
alloc_pos 238692
alloc_pos 238824
alloc_pos 239052
alloc_pos 239152
alloc_pos 239224
alloc_pos 239296
alloc_pos 239456
alloc_pos 239664
alloc_pos 239904
alloc_pos 239996
alloc_pos 240044
alloc_pos 240200
alloc_pos 240356
alloc_pos 240600
alloc_pos 240716
alloc_pos 240808
alloc_pos 240868
alloc_pos 240992
alloc_pos 241248
alloc_pos 241484
alloc_pos 241644
alloc_pos 241672
alloc_pos 241800
alloc_pos 241896
alloc_pos 242128
alloc_pos 242384
alloc_pos 242624
alloc_pos 242728
alloc_pos 242944
alloc_pos 243084
alloc_pos 243332
alloc_pos 243592
alloc_pos 243648
alloc_pos 243708
alloc_pos 243912
alloc_pos 243980
alloc_pos 244104
alloc_pos 244208
alloc_pos 244424
alloc_pos 244604
alloc_pos 244780
alloc_pos 245044
alloc_pos 245168
alloc_pos 245248
alloc_pos 245464
alloc_pos 245544
alloc_pos 245632
alloc_pos 245736
alloc_pos 246000
alloc_pos 246092
alloc_pos 246132
alloc_pos 246188
alloc_pos 246348
alloc_pos 246608
alloc_pos 246644
alloc_pos 246792
alloc_pos 246828
alloc_pos 246864
alloc_pos 247008
alloc_pos 247052
alloc_pos 247284
alloc_pos 247424
alloc_pos 247584
alloc_pos 247744
alloc_pos 247780
alloc_pos 247940
alloc_pos 248076
alloc_pos 248308
alloc_pos 248456
alloc_pos 248648
alloc_pos 248748
alloc_pos 248780
alloc_pos 248984
alloc_pos 249088
alloc_pos 249316
alloc_pos 249516
alloc_pos 249684
alloc_pos 249924
alloc_pos 250164
alloc_pos 250196
alloc_pos 250456
alloc_pos 250620
alloc_pos 250812
alloc_pos 250956
alloc_pos 251032
alloc_pos 251232
alloc_pos 251416
alloc_pos 251596
alloc_pos 251748
alloc_pos 251948
alloc_pos 251980
alloc_pos 252236
alloc_pos 252472
alloc_pos 252580
alloc_pos 252700
alloc_pos 252944
alloc_pos 253104
alloc_pos 253340
alloc_pos 253556
alloc_pos 253700
alloc_pos 253940
alloc_pos 253972
alloc_pos 254048
alloc_pos 254128
alloc_pos 254304
alloc_pos 254328
alloc_pos 254564
alloc_pos 254776
alloc_pos 254932
alloc_pos 254988
alloc_pos 255032
alloc_pos 255252
alloc_pos 255456
alloc_pos 255716
alloc_pos 255884
alloc_pos 256136
alloc_pos 256372
alloc_pos 256416
alloc_pos 256660
alloc_pos 256740
alloc_pos 256976
alloc_pos 257056
alloc_pos 257240
alloc_pos 257432
alloc_pos 257672
alloc_pos 257704
alloc_pos 257856
alloc_pos 257900
alloc_pos 258032
alloc_pos 258152
alloc_pos 258192
alloc_pos 258416
alloc_pos 258468
alloc_pos 258644
alloc_pos 258684
alloc_pos 258740
alloc_pos 258980
alloc_pos 259116
alloc_pos 259344
alloc_pos 259508
alloc_pos 259588
alloc_pos 259612
alloc_pos 259776
alloc_pos 259888
alloc_pos 259996
alloc_pos 260048
alloc_pos 260232
alloc_pos 260416
alloc_pos 260644
alloc_pos 260672
alloc_pos 260724
alloc_pos 260752
alloc_pos 260844
alloc_pos 260924
alloc_pos 261124
alloc_pos 261356
alloc_pos 261592
alloc_pos 261812
alloc_pos -1

