reason: unexpected exit code -6
--- stdout ---
CHENEY GENERATOR!
--- stderr ---
alloc_pos 8
alloc_pos 1040
alloc_pos 2072
alloc_pos 3104
alloc_pos 4136
alloc_pos 5168
alloc_pos 5432
alloc_pos 5552
alloc_pos 5788
alloc_pos 5880
alloc_pos 5980
alloc_pos 6232
alloc_pos 6336
alloc_pos 6484
alloc_pos 6640
alloc_pos 6744
alloc_pos 6852
alloc_pos 6932
alloc_pos 6968
alloc_pos 7016
alloc_pos 7204
alloc_pos 7364
alloc_pos 7604
alloc_pos 7856
alloc_pos 7932
alloc_pos 8012
alloc_pos 8276
alloc_pos 8476
alloc_pos 8692
alloc_pos 8832
alloc_pos 8880
alloc_pos 8960
alloc_pos 9148
alloc_pos 9400
alloc_pos 9660
alloc_pos 9836
alloc_pos 10024
alloc_pos 10224
alloc_pos 10260
alloc_pos 10288
alloc_pos 10464
alloc_pos 10668
alloc_pos 10804
alloc_pos 10932
alloc_pos 10964
alloc_pos 11156
alloc_pos 11320
alloc_pos 11452
alloc_pos 11656
alloc_pos 11856
alloc_pos 11904
alloc_pos 11960
alloc_pos 12136
alloc_pos 12252
alloc_pos 12312
alloc_pos 12368
alloc_pos 12464
alloc_pos 12532
alloc_pos 12640
alloc_pos 12788
alloc_pos 13048
alloc_pos 13208
alloc_pos 13300
alloc_pos 13392
alloc_pos 13592
alloc_pos 13844
alloc_pos 14064
alloc_pos 14240
alloc_pos 14360
alloc_pos 14548
alloc_pos 14652
alloc_pos 14704
alloc_pos 14776
alloc_pos 15032
alloc_pos 15220
alloc_pos 15388
alloc_pos 15524
alloc_pos 15772
alloc_pos 15912
alloc_pos 16172
alloc_pos 16372
alloc_pos 16604
alloc_pos 16684
alloc_pos 16724
alloc_pos 16864
alloc_pos 17088
alloc_pos 17316
alloc_pos 17432
alloc_pos 17504
alloc_pos 17628
alloc_pos 17784
alloc_pos 17980
alloc_pos 18192
alloc_pos 18296
alloc_pos 18340
alloc_pos 18400
alloc_pos 18512
alloc_pos 18692
alloc_pos 18804
alloc_pos 18956
alloc_pos 19108
alloc_pos 19360
alloc_pos 19604
alloc_pos 19808
alloc_pos 20064
alloc_pos 20284
alloc_pos 20472
alloc_pos 20528
alloc_pos 20696
alloc_pos 20744
alloc_pos 20856
alloc_pos 20964
alloc_pos 20992
alloc_pos 21024
alloc_pos 21268
alloc_pos 21348
alloc_pos 21448
alloc_pos 21652
alloc_pos 21844
alloc_pos 22072
alloc_pos 22188
alloc_pos 22216
alloc_pos 22248
alloc_pos 22396
alloc_pos 22600
alloc_pos 22844
alloc_pos 23060
alloc_pos 23216
alloc_pos 23448
alloc_pos 23588
alloc_pos 23620
alloc_pos 23856
alloc_pos 24064
alloc_pos 24272
alloc_pos 24480
alloc_pos 24716
alloc_pos 24912
alloc_pos 24984
alloc_pos 25076
alloc_pos 25140
alloc_pos 25256
alloc_pos 25412
alloc_pos 25520
alloc_pos 25760
alloc_pos 25960
alloc_pos 25984
alloc_pos 26052
alloc_pos 26244
alloc_pos 26312
alloc_pos 26552
alloc_pos 26580
alloc_pos 26800
alloc_pos 26952
alloc_pos 27208
alloc_pos 27340
alloc_pos 27604
alloc_pos 27676
alloc_pos 27856
alloc_pos 28108
alloc_pos 28340
alloc_pos 28584
alloc_pos 28716
alloc_pos 28768
alloc_pos 28908
alloc_pos 29152
alloc_pos 29228
alloc_pos 29284
alloc_pos 29340
alloc_pos 29476
alloc_pos 29564
alloc_pos 29700
alloc_pos 29800
alloc_pos 29880
alloc_pos 30028
alloc_pos 30236
alloc_pos 30384
alloc_pos 30500
alloc_pos 30696
alloc_pos 30784
alloc_pos 30900
alloc_pos 31100
alloc_pos 31124
alloc_pos 31300
alloc_pos 31432
alloc_pos 31472
alloc_pos 31632
alloc_pos 31792
alloc_pos 31892
alloc_pos 32080
alloc_pos 32200
alloc_pos 32352
alloc_pos 32536
alloc_pos 32728
alloc_pos 32856
alloc_pos 33008
alloc_pos 33036
alloc_pos 33108
alloc_pos 33252
alloc_pos 33452
alloc_pos 33620
alloc_pos 33712
alloc_pos 33796
alloc_pos 34048
alloc_pos 34308
alloc_pos 34412
alloc_pos 34448
alloc_pos 34592
alloc_pos 34672
alloc_pos 34912
alloc_pos 35032
alloc_pos 35088
alloc_pos 35164
alloc_pos 35292
alloc_pos 35524
alloc_pos 35724
alloc_pos 35808
alloc_pos 36028
alloc_pos 36088
alloc_pos 36112
alloc_pos 36280
alloc_pos 36440
alloc_pos 36504
alloc_pos 36592
alloc_pos 36748
alloc_pos 36944
alloc_pos 37092
alloc_pos 37256
alloc_pos 37332
alloc_pos 37584
alloc_pos 37612
alloc_pos 37784
alloc_pos 37832
alloc_pos 38016
alloc_pos 38156
alloc_pos 38328
alloc_pos 38580
alloc_pos 38776
alloc_pos 38988
alloc_pos 39240
alloc_pos 39284
alloc_pos 39372
alloc_pos 39556
alloc_pos 39624
alloc_pos 39740
alloc_pos 39952
alloc_pos 40044
alloc_pos 40080
alloc_pos 40288
alloc_pos 40500
alloc_pos 40756
alloc_pos 40996
alloc_pos 41072
alloc_pos 41332
alloc_pos 41524
alloc_pos 41640
alloc_pos 41672
alloc_pos 41724
alloc_pos 41812
alloc_pos 41964
alloc_pos 42112
alloc_pos 42224
alloc_pos 42316
alloc_pos 42376
alloc_pos 42496
alloc_pos 42732
alloc_pos 42824
alloc_pos 42924
alloc_pos 43176
alloc_pos 43280
alloc_pos 43428
alloc_pos 43584
alloc_pos 43688
alloc_pos 43796
alloc_pos 43876
alloc_pos 43912
alloc_pos 43960
alloc_pos 44148
alloc_pos 44308
alloc_pos 44548
alloc_pos 44800
alloc_pos 44876
alloc_pos 44956
alloc_pos 45220
alloc_pos 45420
alloc_pos 45636
alloc_pos 45776
alloc_pos 45824
alloc_pos 45904
alloc_pos 46092
alloc_pos 46344
alloc_pos 46604
alloc_pos 46780
alloc_pos 46968
alloc_pos 47168
alloc_pos 47204
alloc_pos 47232
alloc_pos 47408
alloc_pos 47612
alloc_pos 47748
alloc_pos 47876
alloc_pos 47908
alloc_pos 48100
alloc_pos 48264
alloc_pos 48396
alloc_pos 48600
alloc_pos 48800
alloc_pos 48848
alloc_pos 48904
alloc_pos 49080
alloc_pos 49196
alloc_pos 49256
alloc_pos 49312
alloc_pos 49408
alloc_pos 49476
alloc_pos 49584
alloc_pos 49732
alloc_pos 49992
alloc_pos 50152
alloc_pos 50244
alloc_pos 50336
alloc_pos 50536
alloc_pos 50788
alloc_pos 51008
alloc_pos 51184
alloc_pos 51304
alloc_pos 51492
alloc_pos 51596
alloc_pos 51648
alloc_pos 51720
alloc_pos 51976
alloc_pos 52164
alloc_pos 52332
alloc_pos 52468
alloc_pos 52716
alloc_pos 52856
alloc_pos 53116
alloc_pos 53316
alloc_pos 53548
alloc_pos 53628
alloc_pos 53668
alloc_pos 53808
alloc_pos 54032
alloc_pos 54260
alloc_pos 54376
alloc_pos 54448
alloc_pos 54572
alloc_pos 54728
alloc_pos 54924
alloc_pos 55136
alloc_pos 55240
alloc_pos 55284
alloc_pos 55344
alloc_pos 55456
alloc_pos 55636
alloc_pos 55748
alloc_pos 55900
alloc_pos 56052
alloc_pos 56304
alloc_pos 56548
alloc_pos 56752
alloc_pos 57008
alloc_pos 57228
alloc_pos 57416
alloc_pos 57472
alloc_pos 57640
alloc_pos 57688
alloc_pos 57800
alloc_pos 57908
alloc_pos 57936
alloc_pos 57968
alloc_pos 58212
alloc_pos 58292
alloc_pos 58392
alloc_pos 58596
alloc_pos 58788
alloc_pos 59016
alloc_pos 59132
alloc_pos 59160
alloc_pos 59192
alloc_pos 59340
alloc_pos 59544
alloc_pos 59788
alloc_pos 60004
alloc_pos 60160
alloc_pos 60392
alloc_pos 60532
alloc_pos 60564
alloc_pos 60800
alloc_pos 61008
alloc_pos 61216
alloc_pos 61424
alloc_pos 61660
alloc_pos 61856
alloc_pos 61928
alloc_pos 62020
alloc_pos 62084
alloc_pos 62200
alloc_pos 62356
alloc_pos 62464
alloc_pos 62704
alloc_pos 62904
alloc_pos 62928
alloc_pos 62996
alloc_pos 63188
alloc_pos 63256
alloc_pos 63496
alloc_pos 63524
alloc_pos 63744
alloc_pos 63896
alloc_pos 64152
alloc_pos 64284
alloc_pos 64548
alloc_pos 64620
alloc_pos 64800
alloc_pos 65052
alloc_pos 65284
alloc_pos 65528
alloc_pos 65660
alloc_pos 65712
alloc_pos 65852
alloc_pos 66096
alloc_pos 66172
alloc_pos 66228
alloc_pos 66284
alloc_pos 66420
alloc_pos 66508
alloc_pos 66644
alloc_pos 66744
alloc_pos 66824
alloc_pos 66972
alloc_pos 67180
alloc_pos 67328
alloc_pos 67444
alloc_pos 67640
alloc_pos 67728
alloc_pos 67844
alloc_pos 68044
alloc_pos 68068
alloc_pos 68244
alloc_pos 68376
alloc_pos 68416
alloc_pos 68576
alloc_pos 68736
alloc_pos 68836
alloc_pos 69024
alloc_pos 69144
alloc_pos 69296
alloc_pos 69480
alloc_pos 69672
alloc_pos 69800
alloc_pos 69952
alloc_pos 69980
alloc_pos 70052
alloc_pos 70196
alloc_pos 70396
alloc_pos 70564
alloc_pos 70656
alloc_pos 70740
alloc_pos 70992
alloc_pos 71252
alloc_pos 71356
alloc_pos 71392
alloc_pos 71536
alloc_pos 71616
alloc_pos 71856
alloc_pos 71976
alloc_pos 72032
alloc_pos 72108
alloc_pos 72236
alloc_pos 72468
alloc_pos 72668
alloc_pos 72752
alloc_pos 72972
alloc_pos 73032
alloc_pos 73056
alloc_pos 73224
alloc_pos 73384
alloc_pos 73448
alloc_pos 73536
alloc_pos 73692
alloc_pos 73888
alloc_pos 74036
alloc_pos 74200
alloc_pos 74276
alloc_pos 74528
alloc_pos 74556
alloc_pos 74728
alloc_pos 74776
alloc_pos 74960
alloc_pos 75100
alloc_pos 75272
alloc_pos 75524
alloc_pos 75720
alloc_pos 75932
alloc_pos 76184
alloc_pos 76228
alloc_pos 76316
alloc_pos 76500
alloc_pos 76568
alloc_pos 76684
alloc_pos 76896
alloc_pos 76988
alloc_pos 77024
alloc_pos 77232
alloc_pos 77444
alloc_pos 77700
alloc_pos 77940
alloc_pos 78016
alloc_pos 78276
alloc_pos 78468
alloc_pos 78584
alloc_pos 78616
alloc_pos 78668
alloc_pos 78756
alloc_pos 78908
alloc_pos 79056
alloc_pos 79168
alloc_pos 79260
alloc_pos 79320
alloc_pos 79440
alloc_pos 79676
alloc_pos 79768
alloc_pos 79868
alloc_pos 80120
alloc_pos 80224
alloc_pos 80372
alloc_pos 80528
alloc_pos 80632
alloc_pos 80740
alloc_pos 80820
alloc_pos 80856
alloc_pos 80904
alloc_pos 81092
alloc_pos 81252
alloc_pos 81492
alloc_pos 81744
alloc_pos 81820
alloc_pos 81900
alloc_pos 82164
alloc_pos 82364
alloc_pos 82580
alloc_pos 82720
alloc_pos 82768
alloc_pos 82848
alloc_pos 83036
alloc_pos 83288
alloc_pos 83548
alloc_pos 83724
alloc_pos 83912
alloc_pos 84112
alloc_pos 84148
alloc_pos 84176
alloc_pos 84352
alloc_pos 84556
alloc_pos 84692
alloc_pos 84820
alloc_pos 84852
alloc_pos 85044
alloc_pos 85208
alloc_pos 85340
alloc_pos 85544
alloc_pos 85744
alloc_pos 85792
alloc_pos 85848
alloc_pos 86024
alloc_pos 86140
alloc_pos 86200
alloc_pos 86256
alloc_pos 86352
alloc_pos 86420
alloc_pos 86528
alloc_pos 86676
alloc_pos 86936
alloc_pos 87096
alloc_pos 87188
alloc_pos 87280
alloc_pos 87480
alloc_pos 87732
alloc_pos 87952
alloc_pos 88128
alloc_pos 88248
alloc_pos 88436
alloc_pos 88540
alloc_pos 88592
alloc_pos 88664
alloc_pos 88920
alloc_pos 89108
alloc_pos 89276
alloc_pos 89412
alloc_pos 89660
alloc_pos 89800
alloc_pos 90060
alloc_pos 90260
alloc_pos 90492
alloc_pos 90572
alloc_pos 90612
alloc_pos 90752
alloc_pos 90976
alloc_pos 91204
alloc_pos 91320
alloc_pos 91392
alloc_pos 91516
alloc_pos 91672
alloc_pos 91868
alloc_pos 92080
alloc_pos 92184
alloc_pos 92228
alloc_pos 92288
alloc_pos 92400
alloc_pos 92580
alloc_pos 92692
alloc_pos 92844
alloc_pos 92996
alloc_pos 93248
alloc_pos 93492
alloc_pos 93696
alloc_pos 93952
alloc_pos 94172
alloc_pos 94360
alloc_pos 94416
alloc_pos 94584
alloc_pos 94632
alloc_pos 94744
alloc_pos 94852
alloc_pos 94880
alloc_pos 94912
alloc_pos 95156
alloc_pos 95236
alloc_pos 95336
alloc_pos 95540
alloc_pos 95732
alloc_pos 95960
alloc_pos 96076
alloc_pos 96104
alloc_pos 96136
alloc_pos 96284
alloc_pos 96488
alloc_pos 96732
alloc_pos 96948
alloc_pos 97104
alloc_pos 97336
alloc_pos 97476
alloc_pos 97508
alloc_pos 97744
alloc_pos 97952
alloc_pos 98160
alloc_pos 98368
alloc_pos 98604
alloc_pos 98800
alloc_pos 98872
alloc_pos 98964
alloc_pos 99028
alloc_pos 99144
alloc_pos 99300
alloc_pos 99408
alloc_pos 99648
alloc_pos 99848
alloc_pos 99872
alloc_pos 99940
alloc_pos 100132
alloc_pos 100200
alloc_pos 100440
alloc_pos 100468
alloc_pos 100688
alloc_pos 100840
alloc_pos 101096
alloc_pos 101228
alloc_pos 101492
alloc_pos 101564
alloc_pos 101744
alloc_pos 101996
alloc_pos 102228
alloc_pos 102472
alloc_pos 102604
alloc_pos 102656
alloc_pos 102796
alloc_pos 103040
alloc_pos 103116
alloc_pos 103172
alloc_pos 103228
alloc_pos 103364
alloc_pos 103452
alloc_pos 103588
alloc_pos 103688
alloc_pos 103768
alloc_pos 103916
alloc_pos 104124
alloc_pos 104272
alloc_pos 104388
alloc_pos 104584
alloc_pos 104672
alloc_pos 104788
alloc_pos 104988
alloc_pos 105012
alloc_pos 105188
alloc_pos 105320
alloc_pos 105360
alloc_pos 105520
alloc_pos 105680
alloc_pos 105780
alloc_pos 105968
alloc_pos 106088
alloc_pos 106240
alloc_pos 106424
alloc_pos 106616
alloc_pos 106744
alloc_pos 106896
alloc_pos 106924
alloc_pos 106996
alloc_pos 107140
alloc_pos 107340
alloc_pos 107508
alloc_pos 107600
alloc_pos 107684
alloc_pos 107936
alloc_pos 108196
alloc_pos 108300
alloc_pos 108336
alloc_pos 108480
alloc_pos 108560
alloc_pos 108800
alloc_pos 108920
alloc_pos 108976
alloc_pos 109052
alloc_pos 109180
alloc_pos 109412
alloc_pos 109612
alloc_pos 109696
alloc_pos 109916
alloc_pos 109976
alloc_pos 110000
alloc_pos 110168
alloc_pos 110328
alloc_pos 110392
alloc_pos 110480
alloc_pos 110636
alloc_pos 110832
alloc_pos 110980
alloc_pos 111144
alloc_pos 111220
alloc_pos 111472
alloc_pos 111500
alloc_pos 111672
alloc_pos 111720
alloc_pos 111904
alloc_pos 112044
alloc_pos 112216
alloc_pos 112468
alloc_pos 112664
alloc_pos 112876
alloc_pos 113128
alloc_pos 113172
alloc_pos 113260
alloc_pos 113444
alloc_pos 113512
alloc_pos 113628
alloc_pos 113840
alloc_pos 113932
alloc_pos 113968
alloc_pos 114176
alloc_pos 114388
alloc_pos 114644
alloc_pos 114884
alloc_pos 114960
alloc_pos 115220
alloc_pos 115412
alloc_pos 115528
alloc_pos 115560
alloc_pos 115612
alloc_pos 115700
alloc_pos 115852
alloc_pos 116000
alloc_pos 116112
alloc_pos 116204
alloc_pos 116264
alloc_pos 116384
alloc_pos 116620
alloc_pos 116712
alloc_pos 116812
alloc_pos 117064
alloc_pos 117168
alloc_pos 117316
alloc_pos 117472
alloc_pos 117576
alloc_pos 117684
alloc_pos 117764
alloc_pos 117800
alloc_pos 117848
alloc_pos 118036
alloc_pos 118196
alloc_pos 118436
alloc_pos 118688
alloc_pos 118764
alloc_pos 118844
alloc_pos 119108
alloc_pos 119308
alloc_pos 119524
alloc_pos 119664
alloc_pos 119712
alloc_pos 119792
alloc_pos 119980
alloc_pos 120232
alloc_pos 120492
alloc_pos 120668
alloc_pos 120856
alloc_pos 121056
alloc_pos 121092
alloc_pos 121120
alloc_pos 121296
alloc_pos 121500
alloc_pos 121636
alloc_pos 121764
alloc_pos 121796
alloc_pos 121988
alloc_pos 122152
alloc_pos 122284
alloc_pos 122488
alloc_pos 122688
alloc_pos 122736
alloc_pos 122792
alloc_pos 122968
alloc_pos 123084
alloc_pos 123144
alloc_pos 123200
alloc_pos 123296
alloc_pos 123364
alloc_pos 123472
alloc_pos 123620
alloc_pos 123880
alloc_pos 124040
alloc_pos 124132
alloc_pos 124224
alloc_pos 124424
alloc_pos 124676
alloc_pos 124896
alloc_pos 125072
alloc_pos 125192
alloc_pos 125380
alloc_pos 125484
alloc_pos 125536
alloc_pos 125608
alloc_pos 125864
alloc_pos 126052
alloc_pos 126220
alloc_pos 126356
alloc_pos 126604
alloc_pos 126744
alloc_pos 127004
alloc_pos 127204
alloc_pos 127436
alloc_pos 127516
alloc_pos 127556
alloc_pos 127696
alloc_pos 127920
alloc_pos 128148
alloc_pos 128264
alloc_pos 128336
alloc_pos 128460
alloc_pos 128616
alloc_pos 128812
alloc_pos 129024
alloc_pos 129128
alloc_pos 129172
alloc_pos 129232
alloc_pos 129344
alloc_pos 129524
alloc_pos 129636
alloc_pos 129788
alloc_pos 129940
alloc_pos 130192
alloc_pos 130436
alloc_pos 130640
alloc_pos 130896
alloc_pos 131116
alloc_pos 131304
alloc_pos 131360
alloc_pos 131528
alloc_pos 131576
alloc_pos 131688
alloc_pos 131796
alloc_pos 131824
alloc_pos 131856
alloc_pos 132100
alloc_pos 132180
alloc_pos 132280
alloc_pos 132484
alloc_pos 132676
alloc_pos 132904
alloc_pos 133020
alloc_pos 133048
alloc_pos 133080
alloc_pos 133228
alloc_pos 133432
alloc_pos 133676
alloc_pos 133892
alloc_pos 134048
alloc_pos 134280
alloc_pos 134420
alloc_pos 134452
alloc_pos 134688
alloc_pos 134896
alloc_pos 135104
alloc_pos 135312
alloc_pos 135548
alloc_pos 135744
alloc_pos 135816
alloc_pos 135908
alloc_pos 135972
alloc_pos 136088
alloc_pos 136244
alloc_pos 136352
alloc_pos 136592
alloc_pos 136792
alloc_pos 136816
alloc_pos 136884
alloc_pos 137076
alloc_pos 137144
alloc_pos 137384
alloc_pos 137412
alloc_pos 137632
alloc_pos 137784
alloc_pos 138040
alloc_pos 138172
alloc_pos 138436
alloc_pos 138508
alloc_pos 138688
alloc_pos 138940
alloc_pos 139172
alloc_pos 139416
alloc_pos 139548
alloc_pos 139600
alloc_pos 139740
alloc_pos 139984
alloc_pos 140060
alloc_pos 140116
alloc_pos 140172
alloc_pos 140308
alloc_pos 140396
alloc_pos 140532
alloc_pos 140632
alloc_pos 140712
alloc_pos 140860
alloc_pos 141068
alloc_pos 141216
alloc_pos 141332
alloc_pos 141528
alloc_pos 141616
alloc_pos 141732
alloc_pos 141932
alloc_pos 141956
alloc_pos 142132
alloc_pos 142264
alloc_pos 142304
alloc_pos 142464
alloc_pos 142624
alloc_pos 142724
alloc_pos 142912
alloc_pos 143032
alloc_pos 143184
alloc_pos 143368
alloc_pos 143560
alloc_pos 143688
alloc_pos 143840
alloc_pos 143868
alloc_pos 143940
alloc_pos 144084
alloc_pos 144284
alloc_pos 144452
alloc_pos 144544
alloc_pos 144628
alloc_pos 144880
alloc_pos 145140
alloc_pos 145244
alloc_pos 145280
alloc_pos 145424
alloc_pos 145504
alloc_pos 145744
alloc_pos 145864
alloc_pos 145920
alloc_pos 145996
alloc_pos 146124
alloc_pos 146356
alloc_pos 146556
alloc_pos 146640
alloc_pos 146860
alloc_pos 146920
alloc_pos 146944
alloc_pos 147112
alloc_pos 147272
alloc_pos 147336
alloc_pos 147424
alloc_pos 147580
alloc_pos 147776
alloc_pos 147924
alloc_pos 148088
alloc_pos 148164
alloc_pos 148416
alloc_pos 148444
alloc_pos 148616
alloc_pos 148664
alloc_pos 148848
alloc_pos 148988
alloc_pos 149160
alloc_pos 149412
alloc_pos 149608
alloc_pos 149820
alloc_pos 150072
alloc_pos 150116
alloc_pos 150204
alloc_pos 150388
alloc_pos 150456
alloc_pos 150572
alloc_pos 150784
alloc_pos 150876
alloc_pos 150912
alloc_pos 151120
alloc_pos 151332
alloc_pos 151588
alloc_pos 151828
alloc_pos 151904
alloc_pos 152164
alloc_pos 152356
alloc_pos 152472
alloc_pos 152504
alloc_pos 152556
alloc_pos 152644
alloc_pos 152796
alloc_pos 152944
alloc_pos 153056
alloc_pos 153148
alloc_pos 153208
alloc_pos 153328
alloc_pos 153564
alloc_pos 153656
alloc_pos 153756
alloc_pos 154008
alloc_pos 154112
alloc_pos 154260
alloc_pos 154416
alloc_pos 154520
alloc_pos 154628
alloc_pos 154708
alloc_pos 154744
alloc_pos 154792
alloc_pos 154980
alloc_pos 155140
alloc_pos 155380
alloc_pos 155632
alloc_pos 155708
alloc_pos 155788
alloc_pos 156052
alloc_pos 156252
alloc_pos 156468
alloc_pos 156608
alloc_pos 156656
alloc_pos 156736
alloc_pos 156924
alloc_pos 157176
alloc_pos 157436
alloc_pos 157612
alloc_pos 157800
alloc_pos 158000
alloc_pos 158036
alloc_pos 158064
alloc_pos 158240
alloc_pos 158444
alloc_pos 158580
alloc_pos 158708
alloc_pos 158740
alloc_pos 158932
alloc_pos 159096
alloc_pos 159228
alloc_pos 159432
alloc_pos 159632
alloc_pos 159680
alloc_pos 159736
alloc_pos 159912
alloc_pos 160028
alloc_pos 160088
alloc_pos 160144
alloc_pos 160240
alloc_pos 160308
alloc_pos 160416
alloc_pos 160564
alloc_pos 160824
alloc_pos 160984
alloc_pos 161076
alloc_pos 161168
alloc_pos 161368
alloc_pos 161620
alloc_pos 161840
alloc_pos 162016
alloc_pos 162136
alloc_pos 162324
alloc_pos 162428
alloc_pos 162480
alloc_pos 162552
alloc_pos 162808
alloc_pos 162996
alloc_pos 163164
alloc_pos 163300
alloc_pos 163548
alloc_pos 163688
alloc_pos 163948
alloc_pos 164148
alloc_pos 164380
alloc_pos 164460
alloc_pos 164500
alloc_pos 164640
alloc_pos 164864
alloc_pos 165092
alloc_pos 165208
alloc_pos 165280
alloc_pos 165404
alloc_pos 165560
alloc_pos 165756
alloc_pos 165968
alloc_pos 166072
alloc_pos 166116
alloc_pos 166176
alloc_pos 166288
alloc_pos 166468
alloc_pos 166580
alloc_pos 166732
alloc_pos 166884
alloc_pos 167136
alloc_pos 167380
alloc_pos 167584
alloc_pos 167840
alloc_pos 168060
alloc_pos 168248
alloc_pos 168304
alloc_pos 168472
alloc_pos 168520
alloc_pos 168632
alloc_pos 168740
alloc_pos 168768
alloc_pos 168800
alloc_pos 169044
alloc_pos 169124
alloc_pos 169224
alloc_pos 169428
alloc_pos 169620
alloc_pos 169848
alloc_pos 169964
alloc_pos 169992
alloc_pos 170024
alloc_pos 170172
alloc_pos 170376
alloc_pos 170620
alloc_pos 170836
alloc_pos 170992
alloc_pos 171224
alloc_pos 171364
alloc_pos 171396
alloc_pos 171632
alloc_pos 171840
alloc_pos 172048
alloc_pos 172256
alloc_pos 172492
alloc_pos 172688
alloc_pos 172760
alloc_pos 172852
alloc_pos 172916
alloc_pos 173032
alloc_pos 173188
alloc_pos 173296
alloc_pos 173536
alloc_pos 173736
alloc_pos 173760
alloc_pos 173828
alloc_pos 174020
alloc_pos 174088
alloc_pos 174328
alloc_pos 174356
alloc_pos 174576
alloc_pos 174728
alloc_pos 174984
alloc_pos 175116
alloc_pos 175380
alloc_pos 175452
alloc_pos 175632
alloc_pos 175884
alloc_pos 176116
alloc_pos 176360
alloc_pos 176492
alloc_pos 176544
alloc_pos 176684
alloc_pos 176928
alloc_pos 177004
alloc_pos 177060
alloc_pos 177116
alloc_pos 177252
alloc_pos 177340
alloc_pos 177476
alloc_pos 177576
alloc_pos 177656
alloc_pos 177804
alloc_pos 178012
alloc_pos 178160
alloc_pos 178276
alloc_pos 178472
alloc_pos 178560
alloc_pos 178676
alloc_pos 178876
alloc_pos 178900
alloc_pos 179076
alloc_pos 179208
alloc_pos 179248
alloc_pos 179408
alloc_pos 179568
alloc_pos 179668
alloc_pos 179856
alloc_pos 179976
alloc_pos 180128
alloc_pos 180312
alloc_pos 180504
alloc_pos 180632
alloc_pos 180784
alloc_pos 180812
alloc_pos 180884
alloc_pos 181028
alloc_pos 181228
alloc_pos 181396
alloc_pos 181488
alloc_pos 181572
alloc_pos 181824
alloc_pos 182084
alloc_pos 182188
alloc_pos 182224
alloc_pos 182368
alloc_pos 182448
alloc_pos 182688
alloc_pos 182808
alloc_pos 182864
alloc_pos 182940
alloc_pos 183068
alloc_pos 183300
alloc_pos 183500
alloc_pos 183584
alloc_pos 183804
alloc_pos 183864
alloc_pos 183888
alloc_pos 184056
alloc_pos 184216
alloc_pos 184280
alloc_pos 184368
alloc_pos 184524
alloc_pos 184720
alloc_pos 184868
alloc_pos 185032
alloc_pos 185108
alloc_pos 185360
alloc_pos 185388
alloc_pos 185560
alloc_pos 185608
alloc_pos 185792
alloc_pos 185932
alloc_pos 186104
alloc_pos 186356
alloc_pos 186552
alloc_pos 186764
alloc_pos 187016
alloc_pos 187060
alloc_pos 187148
alloc_pos 187332
alloc_pos 187400
alloc_pos 187516
alloc_pos 187728
alloc_pos 187820
alloc_pos 187856
alloc_pos 188064
alloc_pos 188276
alloc_pos 188532
alloc_pos 188772
alloc_pos 188848
alloc_pos 189108
alloc_pos 189300
alloc_pos 189416
alloc_pos 189448
alloc_pos 189500
alloc_pos 189588
alloc_pos 189740
alloc_pos 189888
alloc_pos 190000
alloc_pos 190092
alloc_pos 190152
alloc_pos 190272
alloc_pos 190508
alloc_pos 190600
alloc_pos 190700
alloc_pos 190952
alloc_pos 191056
alloc_pos 191204
alloc_pos 191360
alloc_pos 191464
alloc_pos 191572
alloc_pos 191652
alloc_pos 191688
alloc_pos 191736
alloc_pos 191924
alloc_pos 192084
alloc_pos 192324
alloc_pos 192576
alloc_pos 192652
alloc_pos 192732
alloc_pos 192996
alloc_pos 193196
alloc_pos 193412
alloc_pos 193552
alloc_pos 193600
alloc_pos 193680
alloc_pos 193868
alloc_pos 194120
alloc_pos 194380
alloc_pos 194556
alloc_pos 194744
alloc_pos 194944
alloc_pos 194980
alloc_pos 195008
alloc_pos 195184
alloc_pos 195388
alloc_pos 195524
alloc_pos 195652
alloc_pos 195684
alloc_pos 195876
alloc_pos 196040
alloc_pos 196172
alloc_pos 196376
alloc_pos 196576
alloc_pos 196624
alloc_pos 196680
alloc_pos 196856
alloc_pos 196972
alloc_pos 197032
alloc_pos 197088
alloc_pos 197184
alloc_pos 197252
alloc_pos 197360
alloc_pos 197508
alloc_pos 197768
alloc_pos 197928
alloc_pos 198020
alloc_pos 198112
alloc_pos 198312
alloc_pos 198564
alloc_pos 198784
alloc_pos 198960
alloc_pos 199080
alloc_pos 199268
alloc_pos 199372
alloc_pos 199424
alloc_pos 199496
alloc_pos 199752
alloc_pos 199940
alloc_pos 200108
alloc_pos 200244
alloc_pos 200492
alloc_pos 200632
alloc_pos 200892
alloc_pos 201092
alloc_pos 201324
alloc_pos 201404
alloc_pos 201444
alloc_pos 201584
alloc_pos 201808
alloc_pos 202036
alloc_pos 202152
alloc_pos 202224
alloc_pos 202348
alloc_pos 202504
alloc_pos 202700
alloc_pos 202912
alloc_pos 203016
alloc_pos 203060
alloc_pos 203120
alloc_pos 203232
alloc_pos 203412
alloc_pos 203524
alloc_pos 203676
alloc_pos 203828
alloc_pos 204080
alloc_pos 204324
alloc_pos 204528
alloc_pos 204784
alloc_pos 205004
alloc_pos 205192
alloc_pos 205248
alloc_pos 205416
alloc_pos 205464
alloc_pos 205576
alloc_pos 205684
alloc_pos 205712
alloc_pos 205744
alloc_pos 205988
alloc_pos 206068
alloc_pos 206168
alloc_pos 206372
alloc_pos 206564
alloc_pos 206792
alloc_pos 206908
alloc_pos 206936
alloc_pos 206968
alloc_pos 207116
alloc_pos 207320
alloc_pos 207564
alloc_pos 207780
alloc_pos 207936
alloc_pos 208168
alloc_pos 208308
alloc_pos 208340
alloc_pos 208576
alloc_pos 208784
alloc_pos 208992
alloc_pos 209200
alloc_pos 209436
alloc_pos 209632
alloc_pos 209704
alloc_pos 209796
alloc_pos 209860
alloc_pos 209976
alloc_pos 210132
alloc_pos 210240
alloc_pos 210480
alloc_pos 210680
alloc_pos 210704
alloc_pos 210772
alloc_pos 210964
alloc_pos 211032
alloc_pos 211272
alloc_pos 211300
alloc_pos 211520
alloc_pos 211672
alloc_pos 211928
alloc_pos 212060
alloc_pos 212324
alloc_pos 212396
alloc_pos 212576
alloc_pos 212828
alloc_pos 213060
alloc_pos 213304
alloc_pos 213436
alloc_pos 213488
alloc_pos 213628
alloc_pos 213872
alloc_pos 213948
alloc_pos 214004
alloc_pos 214060
alloc_pos 214196
alloc_pos 214284
alloc_pos 214420
alloc_pos 214520
alloc_pos 214600
alloc_pos 214748
alloc_pos 214956
alloc_pos 215104
alloc_pos 215220
alloc_pos 215416
alloc_pos 215504
alloc_pos 215620
alloc_pos 215820
alloc_pos 215844
alloc_pos 216020
alloc_pos 216152
alloc_pos 216192
alloc_pos 216352
alloc_pos 216512
alloc_pos 216612
alloc_pos 216800
alloc_pos 216920
alloc_pos 217072
alloc_pos 217256
alloc_pos 217448
alloc_pos 217576
alloc_pos 217728
alloc_pos 217756
alloc_pos 217828
alloc_pos 217972
alloc_pos 218172
alloc_pos 218340
alloc_pos 218432
alloc_pos 218516
alloc_pos 218768
alloc_pos 219028
alloc_pos 219132
alloc_pos 219168
alloc_pos 219312
alloc_pos 219392
alloc_pos 219632
alloc_pos 219752
alloc_pos 219808
alloc_pos 219884
alloc_pos 220012
alloc_pos 220244
alloc_pos 220444
alloc_pos 220528
alloc_pos 220748
alloc_pos 220808
alloc_pos 220832
alloc_pos 221000
alloc_pos 221160
alloc_pos 221224
alloc_pos 221312
alloc_pos 221468
alloc_pos 221664
alloc_pos 221812
alloc_pos 221976
alloc_pos 222052
alloc_pos 222304
alloc_pos 222332
alloc_pos 222504
alloc_pos 222552
alloc_pos 222736
alloc_pos 222876
alloc_pos 223048
alloc_pos 223300
alloc_pos 223496
alloc_pos 223708
alloc_pos 223960
alloc_pos 224004
alloc_pos 224092
alloc_pos 224276
alloc_pos 224344
alloc_pos 224460
alloc_pos 224672
alloc_pos 224764
alloc_pos 224800
alloc_pos 225008
alloc_pos 225220
alloc_pos 225476
alloc_pos 225716
alloc_pos 225792
alloc_pos 226052
alloc_pos 226244
alloc_pos 226360
alloc_pos 226392
alloc_pos 226444
alloc_pos 226532
alloc_pos 226684
alloc_pos 226832
alloc_pos 226944
alloc_pos 227036
alloc_pos 227096
alloc_pos 227216
alloc_pos 227452
alloc_pos 227544
alloc_pos 227644
alloc_pos 227896
alloc_pos 228000
alloc_pos 228148
alloc_pos 228304
alloc_pos 228408
alloc_pos 228516
alloc_pos 228596
alloc_pos 228632
alloc_pos 228680
alloc_pos 228868
alloc_pos 229028
alloc_pos 229268
alloc_pos 229520
alloc_pos 229596
alloc_pos 229676
alloc_pos 229940
alloc_pos 230140
alloc_pos 230356
alloc_pos 230496
alloc_pos 230544
alloc_pos 230624
alloc_pos 230812
alloc_pos 231064
alloc_pos 231324
alloc_pos 231500
alloc_pos 231688
alloc_pos 231888
alloc_pos 231924
alloc_pos 231952
alloc_pos 232128
alloc_pos 232332
alloc_pos 232468
alloc_pos 232596
alloc_pos 232628
alloc_pos 232820
alloc_pos 232984
alloc_pos 233116
alloc_pos 233320
alloc_pos 233520
alloc_pos 233568
alloc_pos 233624
alloc_pos 233800
alloc_pos 233916
alloc_pos 233976
alloc_pos 234032
alloc_pos 234128
alloc_pos 234196
alloc_pos 234304
alloc_pos 234452
alloc_pos 234712
alloc_pos 234872
alloc_pos 234964
alloc_pos 235056
alloc_pos 235256
alloc_pos 235508
alloc_pos 235728
alloc_pos 235904
alloc_pos 236024
alloc_pos 236212
alloc_pos 236316
alloc_pos 236368
alloc_pos 236440
alloc_pos 236696
alloc_pos 236884
alloc_pos 237052
alloc_pos 237188
alloc_pos 237436
alloc_pos 237576
alloc_pos 237836
alloc_pos 238036
alloc_pos 238268
alloc_pos 238348
alloc_pos 238388
alloc_pos 238528
alloc_pos 238752
alloc_pos 238980
alloc_pos 239096
alloc_pos 239168
alloc_pos 239292
alloc_pos 239448
alloc_pos 239644
alloc_pos 239856
alloc_pos 239960
alloc_pos 240004
alloc_pos 240064
alloc_pos 240176
alloc_pos 240356
alloc_pos 240468
alloc_pos 240620
alloc_pos 240772
alloc_pos 241024
alloc_pos 241268
alloc_pos 241472
alloc_pos 241728
alloc_pos 241948
alloc_pos 242136
alloc_pos 242192
alloc_pos 242360
alloc_pos 242408
alloc_pos 242520
alloc_pos 242628
alloc_pos 242656
alloc_pos 242688
alloc_pos 242932
alloc_pos 243012
alloc_pos 243112
alloc_pos 243316
alloc_pos 243508
alloc_pos 243736
alloc_pos 243852
alloc_pos 243880
alloc_pos 243912
alloc_pos 244060
alloc_pos 244264
alloc_pos 244508
alloc_pos 244724
alloc_pos 244880
alloc_pos 245112
alloc_pos 245252
alloc_pos 245284
alloc_pos 245520
alloc_pos 245728
alloc_pos 245936
alloc_pos 246144
alloc_pos 246380
alloc_pos 246576
alloc_pos 246648
alloc_pos 246740
alloc_pos 246804
alloc_pos 246920
alloc_pos 247076
alloc_pos 247184
alloc_pos 247424
alloc_pos 247624
alloc_pos 247648
alloc_pos 247716
alloc_pos 247908
alloc_pos 247976
alloc_pos 248216
alloc_pos 248244
alloc_pos 248464
alloc_pos 248616
alloc_pos 248872
alloc_pos 249004
alloc_pos 249268
alloc_pos 249340
alloc_pos 249520
alloc_pos 249772
alloc_pos 250004
alloc_pos 250248
alloc_pos 250380
alloc_pos 250432
alloc_pos 250572
alloc_pos 250816
alloc_pos 250892
alloc_pos 250948
alloc_pos 251004
alloc_pos 251140
alloc_pos 251228
alloc_pos 251364
alloc_pos 251464
alloc_pos 251544
alloc_pos 251692
alloc_pos 251900
alloc_pos 252048
alloc_pos 252164
alloc_pos 252360
alloc_pos 252448
alloc_pos 252564
alloc_pos 252764
alloc_pos 252788
alloc_pos 252964
alloc_pos 253096
alloc_pos 253136
alloc_pos 253296
alloc_pos 253456
alloc_pos 253556
alloc_pos 253744
alloc_pos 253864
alloc_pos 254016
alloc_pos 254200
alloc_pos 254392
alloc_pos 254520
alloc_pos 254672
alloc_pos 254700
alloc_pos 254772
alloc_pos 254916
alloc_pos 255116
alloc_pos 255284
alloc_pos 255376
alloc_pos 255460
alloc_pos 255712
alloc_pos 255972
alloc_pos 256076
alloc_pos 256112
alloc_pos 256256
alloc_pos 256336
alloc_pos 256576
alloc_pos 256696
alloc_pos 256752
alloc_pos 256828
alloc_pos 256956
alloc_pos 257188
alloc_pos 257388
alloc_pos 257472
alloc_pos 257692
alloc_pos 257752
alloc_pos 257776
alloc_pos 257944
alloc_pos 258104
alloc_pos 258168
alloc_pos 258256
alloc_pos 258412
alloc_pos 258608
alloc_pos 258756
alloc_pos 258920
alloc_pos 258996
alloc_pos 259248
alloc_pos 259276
alloc_pos 259448
alloc_pos 259496
alloc_pos 259680
alloc_pos 259820
alloc_pos 259992
alloc_pos 260244
alloc_pos 260440
alloc_pos 260652
alloc_pos 260904
alloc_pos 260948
alloc_pos 261036
alloc_pos 261220
alloc_pos 261288
alloc_pos 261404
alloc_pos 261616
alloc_pos 261708
alloc_pos 261744
alloc_pos -1

