reason: unexpected exit code -6
--- stdout ---
CHENEY GENERATOR!
--- stderr ---
alloc_pos 8
alloc_pos 1040
alloc_pos 2072
alloc_pos 3104
alloc_pos 3368
alloc_pos 3424
alloc_pos 3592
alloc_pos 3832
alloc_pos 4060
alloc_pos 4276
alloc_pos 4316
alloc_pos 4404
alloc_pos 4456
alloc_pos 4604
alloc_pos 4820
alloc_pos 4956
alloc_pos 5100
alloc_pos 5288
alloc_pos 5408
alloc_pos 5632
alloc_pos 5708
alloc_pos 5756
alloc_pos 5904
alloc_pos 5932
alloc_pos 6184
alloc_pos 6420
alloc_pos 6540
alloc_pos 6672
alloc_pos 6848
alloc_pos 7064
alloc_pos 7284
alloc_pos 7308
alloc_pos 7508
alloc_pos 7644
alloc_pos 7736
alloc_pos 7944
alloc_pos 8172
alloc_pos 8252
alloc_pos 8424
alloc_pos 8688
alloc_pos 8736
alloc_pos 8988
alloc_pos 9092
alloc_pos 9120
alloc_pos 9148
alloc_pos 9176
alloc_pos 9364
alloc_pos 9524
alloc_pos 9548
alloc_pos 9812
alloc_pos 10060
alloc_pos 10180
alloc_pos 10376
alloc_pos 10452
alloc_pos 10584
alloc_pos 10792
alloc_pos 10820
alloc_pos 10976
alloc_pos 11056
alloc_pos 11272
alloc_pos 11408
alloc_pos 11672
alloc_pos 11820
alloc_pos 11984
alloc_pos 12064
alloc_pos 12176
alloc_pos 12256
alloc_pos 12452
alloc_pos 12532
alloc_pos 12748
alloc_pos 12888
alloc_pos 13152
alloc_pos 13248
alloc_pos 13508
alloc_pos 13536
alloc_pos 13664
alloc_pos 13900
alloc_pos 14156
alloc_pos 14320
alloc_pos 14580
alloc_pos 14768
alloc_pos 14816
alloc_pos 14884
alloc_pos 15068
alloc_pos 15276
alloc_pos 15520
alloc_pos 15616
alloc_pos 15668
alloc_pos 15880
alloc_pos 15988
alloc_pos 16240
alloc_pos 16448
alloc_pos 16652
alloc_pos 16804
alloc_pos 17064
alloc_pos 17196
alloc_pos 17348
alloc_pos 17584
alloc_pos 17840
alloc_pos 18032
alloc_pos 18104
alloc_pos 18204
alloc_pos 18300
alloc_pos 18472
alloc_pos 18720
alloc_pos 18868
alloc_pos 19108
alloc_pos 19372
alloc_pos 19524
alloc_pos 19648
alloc_pos 19820
alloc_pos 20060
alloc_pos 20092
alloc_pos 20236
alloc_pos 20320
alloc_pos 20532
alloc_pos 20760
alloc_pos 20884
alloc_pos 21012
alloc_pos 21204
alloc_pos 21272
alloc_pos 21388
alloc_pos 21552
alloc_pos 21800
alloc_pos 22000
alloc_pos 22220
alloc_pos 22416
alloc_pos 22628
alloc_pos 22744
alloc_pos 22788
alloc_pos 22924
alloc_pos 23116
alloc_pos 23268
alloc_pos 23316
alloc_pos 23536
alloc_pos 23600
alloc_pos 23756
alloc_pos 23992
alloc_pos 24116
alloc_pos 24232
alloc_pos 24380
alloc_pos 24588
alloc_pos 24616
alloc_pos 24760
alloc_pos 24792
alloc_pos 24892
alloc_pos 25096
alloc_pos 25336
alloc_pos 25516
alloc_pos 25688
alloc_pos 25860
alloc_pos 25984
alloc_pos 26172
alloc_pos 26236
alloc_pos 26300
alloc_pos 26452
alloc_pos 26532
alloc_pos 26556
alloc_pos 26776
alloc_pos 26848
alloc_pos 27008
alloc_pos 27264
alloc_pos 27508
alloc_pos 27672
alloc_pos 27752
alloc_pos 27876
alloc_pos 28028
alloc_pos 28140
alloc_pos 28404
alloc_pos 28644
alloc_pos 28812
alloc_pos 28924
alloc_pos 29064
alloc_pos 29320
alloc_pos 29412
alloc_pos 29604
alloc_pos 29768
alloc_pos 29944
alloc_pos 30152
alloc_pos 30176
alloc_pos 30296
alloc_pos 30520
alloc_pos 30760
alloc_pos 30992
alloc_pos 31240
alloc_pos 31504
alloc_pos 31716
alloc_pos 31868
alloc_pos 32096
alloc_pos 32152
alloc_pos 32308
alloc_pos 32528
alloc_pos 32692
alloc_pos 32768
alloc_pos 32900
alloc_pos 33164
alloc_pos 33200
alloc_pos 33344
alloc_pos 33588
alloc_pos 33704
alloc_pos 33872
alloc_pos 34036
alloc_pos 34108
alloc_pos 34372
alloc_pos 34524
alloc_pos 34652
alloc_pos 34800
alloc_pos 35032
alloc_pos 35144
alloc_pos 35272
alloc_pos 35384
alloc_pos 35408
alloc_pos 35568
alloc_pos 35728
alloc_pos 35908
alloc_pos 36132
alloc_pos 36312
alloc_pos 36420
alloc_pos 36560
alloc_pos 36736
alloc_pos 36764
alloc_pos 36992
alloc_pos 37072
alloc_pos 37256
alloc_pos 37324
alloc_pos 37488
alloc_pos 37660
alloc_pos 37728
alloc_pos 37972
alloc_pos 38016
alloc_pos 38244
alloc_pos 38408
alloc_pos 38636
alloc_pos 38876
alloc_pos 39108
alloc_pos 39368
alloc_pos 39456
alloc_pos 39488
alloc_pos 39724
alloc_pos 39988
alloc_pos 40184
alloc_pos 40224
alloc_pos 40268
alloc_pos 40512
alloc_pos 40540
alloc_pos 40676
alloc_pos 40700
alloc_pos 40916
alloc_pos 41132
alloc_pos 41224
alloc_pos 41308
alloc_pos 41400
alloc_pos 41452
alloc_pos 41680
alloc_pos 41860
alloc_pos 41928
alloc_pos 42040
alloc_pos 42136
alloc_pos 42176
alloc_pos 42240
alloc_pos 42304
alloc_pos 42360
alloc_pos 42528
alloc_pos 42768
alloc_pos 42996
alloc_pos 43212
alloc_pos 43252
alloc_pos 43340
alloc_pos 43392
alloc_pos 43540
alloc_pos 43756
alloc_pos 43892
alloc_pos 44036
alloc_pos 44224
alloc_pos 44344
alloc_pos 44568
alloc_pos 44644
alloc_pos 44692
alloc_pos 44840
alloc_pos 44868
alloc_pos 45120
alloc_pos 45356
alloc_pos 45476
alloc_pos 45608
alloc_pos 45784
alloc_pos 46000
alloc_pos 46220
alloc_pos 46244
alloc_pos 46444
alloc_pos 46580
alloc_pos 46672
alloc_pos 46880
alloc_pos 47108
alloc_pos 47188
alloc_pos 47360
alloc_pos 47624
alloc_pos 47672
alloc_pos 47924
alloc_pos 48028
alloc_pos 48056
alloc_pos 48084
alloc_pos 48112
alloc_pos 48300
alloc_pos 48460
alloc_pos 48484
alloc_pos 48748
alloc_pos 48996
alloc_pos 49116
alloc_pos 49312
alloc_pos 49388
alloc_pos 49520
alloc_pos 49728
alloc_pos 49756
alloc_pos 49912
alloc_pos 49992
alloc_pos 50208
alloc_pos 50344
alloc_pos 50608
alloc_pos 50756
alloc_pos 50920
alloc_pos 51000
alloc_pos 51112
alloc_pos 51192
alloc_pos 51388
alloc_pos 51468
alloc_pos 51684
alloc_pos 51824
alloc_pos 52088
alloc_pos 52184
alloc_pos 52444
alloc_pos 52472
alloc_pos 52600
alloc_pos 52836
alloc_pos 53092
alloc_pos 53256
alloc_pos 53516
alloc_pos 53704
alloc_pos 53752
alloc_pos 53820
alloc_pos 54004
alloc_pos 54212
alloc_pos 54456
alloc_pos 54552
alloc_pos 54604
alloc_pos 54816
alloc_pos 54924
alloc_pos 55176
alloc_pos 55384
alloc_pos 55588
alloc_pos 55740
alloc_pos 56000
alloc_pos 56132
alloc_pos 56284
alloc_pos 56520
alloc_pos 56776
alloc_pos 56968
alloc_pos 57040
alloc_pos 57140
alloc_pos 57236
alloc_pos 57408
alloc_pos 57656
alloc_pos 57804
alloc_pos 58044
alloc_pos 58308
alloc_pos 58460
alloc_pos 58584
alloc_pos 58756
alloc_pos 58996
alloc_pos 59028
alloc_pos 59172
alloc_pos 59256
alloc_pos 59468
alloc_pos 59696
alloc_pos 59820
alloc_pos 59948
alloc_pos 60140
alloc_pos 60208
alloc_pos 60324
alloc_pos 60488
alloc_pos 60736
alloc_pos 60936
alloc_pos 61156
alloc_pos 61352
alloc_pos 61564
alloc_pos 61680
alloc_pos 61724
alloc_pos 61860
alloc_pos 62052
alloc_pos 62204
alloc_pos 62252
alloc_pos 62472
alloc_pos 62536
alloc_pos 62692
alloc_pos 62928
alloc_pos 63052
alloc_pos 63168
alloc_pos 63316
alloc_pos 63524
alloc_pos 63552
alloc_pos 63696
alloc_pos 63728
alloc_pos 63828
alloc_pos 64032
alloc_pos 64272
alloc_pos 64452
alloc_pos 64624
alloc_pos 64796
alloc_pos 64920
alloc_pos 65108
alloc_pos 65172
alloc_pos 65236
alloc_pos 65388
alloc_pos 65468
alloc_pos 65492
alloc_pos 65712
alloc_pos 65784
alloc_pos 65944
alloc_pos 66200
alloc_pos 66444
alloc_pos 66608
alloc_pos 66688
alloc_pos 66812
alloc_pos 66964
alloc_pos 67076
alloc_pos 67340
alloc_pos 67580
alloc_pos 67748
alloc_pos 67860
alloc_pos 68000
alloc_pos 68256
alloc_pos 68348
alloc_pos 68540
alloc_pos 68704
alloc_pos 68880
alloc_pos 69088
alloc_pos 69112
alloc_pos 69232
alloc_pos 69456
alloc_pos 69696
alloc_pos 69928
alloc_pos 70176
alloc_pos 70440
alloc_pos 70652
alloc_pos 70804
alloc_pos 71032
alloc_pos 71088
alloc_pos 71244
alloc_pos 71464
alloc_pos 71628
alloc_pos 71704
alloc_pos 71836
alloc_pos 72100
alloc_pos 72136
alloc_pos 72280
alloc_pos 72524
alloc_pos 72640
alloc_pos 72808
alloc_pos 72972
alloc_pos 73044
alloc_pos 73308
alloc_pos 73460
alloc_pos 73588
alloc_pos 73736
alloc_pos 73968
alloc_pos 74080
alloc_pos 74208
alloc_pos 74320
alloc_pos 74344
alloc_pos 74504
alloc_pos 74664
alloc_pos 74844
alloc_pos 75068
alloc_pos 75248
alloc_pos 75356
alloc_pos 75496
alloc_pos 75672
alloc_pos 75700
alloc_pos 75928
alloc_pos 76008
alloc_pos 76192
alloc_pos 76260
alloc_pos 76424
alloc_pos 76596
alloc_pos 76664
alloc_pos 76908
alloc_pos 76952
alloc_pos 77180
alloc_pos 77344
alloc_pos 77572
alloc_pos 77812
alloc_pos 78044
alloc_pos 78304
alloc_pos 78392
alloc_pos 78424
alloc_pos 78660
alloc_pos 78924
alloc_pos 79120
alloc_pos 79160
alloc_pos 79204
alloc_pos 79448
alloc_pos 79476
alloc_pos 79612
alloc_pos 79636
alloc_pos 79852
alloc_pos 80068
alloc_pos 80160
alloc_pos 80244
alloc_pos 80336
alloc_pos 80388
alloc_pos 80616
alloc_pos 80796
alloc_pos 80864
alloc_pos 80976
alloc_pos 81072
alloc_pos 81112
alloc_pos 81176
alloc_pos 81240
alloc_pos 81296
alloc_pos 81464
alloc_pos 81704
alloc_pos 81932
alloc_pos 82148
alloc_pos 82188
alloc_pos 82276
alloc_pos 82328
alloc_pos 82476
alloc_pos 82692
alloc_pos 82828
alloc_pos 82972
alloc_pos 83160
alloc_pos 83280
alloc_pos 83504
alloc_pos 83580
alloc_pos 83628
alloc_pos 83776
alloc_pos 83804
alloc_pos 84056
alloc_pos 84292
alloc_pos 84412
alloc_pos 84544
alloc_pos 84720
alloc_pos 84936
alloc_pos 85156
alloc_pos 85180
alloc_pos 85380
alloc_pos 85516
alloc_pos 85608
alloc_pos 85816
alloc_pos 86044
alloc_pos 86124
alloc_pos 86296
alloc_pos 86560
alloc_pos 86608
alloc_pos 86860
alloc_pos 86964
alloc_pos 86992
alloc_pos 87020
alloc_pos 87048
alloc_pos 87236
alloc_pos 87396
alloc_pos 87420
alloc_pos 87684
alloc_pos 87932
alloc_pos 88052
alloc_pos 88248
alloc_pos 88324
alloc_pos 88456
alloc_pos 88664
alloc_pos 88692
alloc_pos 88848
alloc_pos 88928
alloc_pos 89144
alloc_pos 89280
alloc_pos 89544
alloc_pos 89692
alloc_pos 89856
alloc_pos 89936
alloc_pos 90048
alloc_pos 90128
alloc_pos 90324
alloc_pos 90404
alloc_pos 90620
alloc_pos 90760
alloc_pos 91024
alloc_pos 91120
alloc_pos 91380
alloc_pos 91408
alloc_pos 91536
alloc_pos 91772
alloc_pos 92028
alloc_pos 92192
alloc_pos 92452
alloc_pos 92640
alloc_pos 92688
alloc_pos 92756
alloc_pos 92940
alloc_pos 93148
alloc_pos 93392
alloc_pos 93488
alloc_pos 93540
alloc_pos 93752
alloc_pos 93860
alloc_pos 94112
alloc_pos 94320
alloc_pos 94524
alloc_pos 94676
alloc_pos 94936
alloc_pos 95068
alloc_pos 95220
alloc_pos 95456
alloc_pos 95712
alloc_pos 95904
alloc_pos 95976
alloc_pos 96076
alloc_pos 96172
alloc_pos 96344
alloc_pos 96592
alloc_pos 96740
alloc_pos 96980
alloc_pos 97244
alloc_pos 97396
alloc_pos 97520
alloc_pos 97692
alloc_pos 97932
alloc_pos 97964
alloc_pos 98108
alloc_pos 98192
alloc_pos 98404
alloc_pos 98632
alloc_pos 98756
alloc_pos 98884
alloc_pos 99076
alloc_pos 99144
alloc_pos 99260
alloc_pos 99424
alloc_pos 99672
alloc_pos 99872
alloc_pos 100092
alloc_pos 100288
alloc_pos 100500
alloc_pos 100616
alloc_pos 100660
alloc_pos 100796
alloc_pos 100988
alloc_pos 101140
alloc_pos 101188
alloc_pos 101408
alloc_pos 101472
alloc_pos 101628
alloc_pos 101864
alloc_pos 101988
alloc_pos 102104
alloc_pos 102252
alloc_pos 102460
alloc_pos 102488
alloc_pos 102632
alloc_pos 102664
alloc_pos 102764
alloc_pos 102968
alloc_pos 103208
alloc_pos 103388
alloc_pos 103560
alloc_pos 103732
alloc_pos 103856
alloc_pos 104044
alloc_pos 104108
alloc_pos 104172
alloc_pos 104324
alloc_pos 104404
alloc_pos 104428
alloc_pos 104648
alloc_pos 104720
alloc_pos 104880
alloc_pos 105136
alloc_pos 105380
alloc_pos 105544
alloc_pos 105624
alloc_pos 105748
alloc_pos 105900
alloc_pos 106012
alloc_pos 106276
alloc_pos 106516
alloc_pos 106684
alloc_pos 106796
alloc_pos 106936
alloc_pos 107192
alloc_pos 107284
alloc_pos 107476
alloc_pos 107640
alloc_pos 107816
alloc_pos 108024
alloc_pos 108048
alloc_pos 108168
alloc_pos 108392
alloc_pos 108632
alloc_pos 108864
alloc_pos 109112
alloc_pos 109376
alloc_pos 109588
alloc_pos 109740
alloc_pos 109968
alloc_pos 110024
alloc_pos 110180
alloc_pos 110400
alloc_pos 110564
alloc_pos 110640
alloc_pos 110772
alloc_pos 111036
alloc_pos 111072
alloc_pos 111216
alloc_pos 111460
alloc_pos 111576
alloc_pos 111744
alloc_pos 111908
alloc_pos 111980
alloc_pos 112244
alloc_pos 112396
alloc_pos 112524
alloc_pos 112672
alloc_pos 112904
alloc_pos 113016
alloc_pos 113144
alloc_pos 113256
alloc_pos 113280
alloc_pos 113440
alloc_pos 113600
alloc_pos 113780
alloc_pos 114004
alloc_pos 114184
alloc_pos 114292
alloc_pos 114432
alloc_pos 114608
alloc_pos 114636
alloc_pos 114864
alloc_pos 114944
alloc_pos 115128
alloc_pos 115196
alloc_pos 115360
alloc_pos 115532
alloc_pos 115600
alloc_pos 115844
alloc_pos 115888
alloc_pos 116116
alloc_pos 116280
alloc_pos 116508
alloc_pos 116748
alloc_pos 116980
alloc_pos 117240
alloc_pos 117328
alloc_pos 117360
alloc_pos 117596
alloc_pos 117860
alloc_pos 118056
alloc_pos 118096
alloc_pos 118140
alloc_pos 118384
alloc_pos 118412
alloc_pos 118548
alloc_pos 118572
alloc_pos 118788
alloc_pos 119004
alloc_pos 119096
alloc_pos 119180
alloc_pos 119272
alloc_pos 119324
alloc_pos 119552
alloc_pos 119732
alloc_pos 119800
alloc_pos 119912
alloc_pos 120008
alloc_pos 120048
alloc_pos 120112
alloc_pos 120176
alloc_pos 120232
alloc_pos 120400
alloc_pos 120640
alloc_pos 120868
alloc_pos 121084
alloc_pos 121124
alloc_pos 121212
alloc_pos 121264
alloc_pos 121412
alloc_pos 121628
alloc_pos 121764
alloc_pos 121908
alloc_pos 122096
alloc_pos 122216
alloc_pos 122440
alloc_pos 122516
alloc_pos 122564
alloc_pos 122712
alloc_pos 122740
alloc_pos 122992
alloc_pos 123228
alloc_pos 123348
alloc_pos 123480
alloc_pos 123656
alloc_pos 123872
alloc_pos 124092
alloc_pos 124116
alloc_pos 124316
alloc_pos 124452
alloc_pos 124544
alloc_pos 124752
alloc_pos 124980
alloc_pos 125060
alloc_pos 125232
alloc_pos 125496
alloc_pos 125544
alloc_pos 125796
alloc_pos 125900
alloc_pos 125928
alloc_pos 125956
alloc_pos 125984
alloc_pos 126172
alloc_pos 126332
alloc_pos 126356
alloc_pos 126620
alloc_pos 126868
alloc_pos 126988
alloc_pos 127184
alloc_pos 127260
alloc_pos 127392
alloc_pos 127600
alloc_pos 127628
alloc_pos 127784
alloc_pos 127864
alloc_pos 128080
alloc_pos 128216
alloc_pos 128480
alloc_pos 128628
alloc_pos 128792
alloc_pos 128872
alloc_pos 128984
alloc_pos 129064
alloc_pos 129260
alloc_pos 129340
alloc_pos 129556
alloc_pos 129696
alloc_pos 129960
alloc_pos 130056
alloc_pos 130316
alloc_pos 130344
alloc_pos 130472
alloc_pos 130708
alloc_pos 130964
alloc_pos 131128
alloc_pos 131388
alloc_pos 131576
alloc_pos 131624
alloc_pos 131692
alloc_pos 131876
alloc_pos 132084
alloc_pos 132328
alloc_pos 132424
alloc_pos 132476
alloc_pos 132688
alloc_pos 132796
alloc_pos 133048
alloc_pos 133256
alloc_pos 133460
alloc_pos 133612
alloc_pos 133872
alloc_pos 134004
alloc_pos 134156
alloc_pos 134392
alloc_pos 134648
alloc_pos 134840
alloc_pos 134912
alloc_pos 135012
alloc_pos 135108
alloc_pos 135280
alloc_pos 135528
alloc_pos 135676
alloc_pos 135916
alloc_pos 136180
alloc_pos 136332
alloc_pos 136456
alloc_pos 136628
alloc_pos 136868
alloc_pos 136900
alloc_pos 137044
alloc_pos 137128
alloc_pos 137340
alloc_pos 137568
alloc_pos 137692
alloc_pos 137820
alloc_pos 138012
alloc_pos 138080
alloc_pos 138196
alloc_pos 138360
alloc_pos 138608
alloc_pos 138808
alloc_pos 139028
alloc_pos 139224
alloc_pos 139436
alloc_pos 139552
alloc_pos 139596
alloc_pos 139732
alloc_pos 139924
alloc_pos 140076
alloc_pos 140124
alloc_pos 140344
alloc_pos 140408
alloc_pos 140564
alloc_pos 140800
alloc_pos 140924
alloc_pos 141040
alloc_pos 141188
alloc_pos 141396
alloc_pos 141424
alloc_pos 141568
alloc_pos 141600
alloc_pos 141700
alloc_pos 141904
alloc_pos 142144
alloc_pos 142324
alloc_pos 142496
alloc_pos 142668
alloc_pos 142792
alloc_pos 142980
alloc_pos 143044
alloc_pos 143108
alloc_pos 143260
alloc_pos 143340
alloc_pos 143364
alloc_pos 143584
alloc_pos 143656
alloc_pos 143816
alloc_pos 144072
alloc_pos 144316
alloc_pos 144480
alloc_pos 144560
alloc_pos 144684
alloc_pos 144836
alloc_pos 144948
alloc_pos 145212
alloc_pos 145452
alloc_pos 145620
alloc_pos 145732
alloc_pos 145872
alloc_pos 146128
alloc_pos 146220
alloc_pos 146412
alloc_pos 146576
alloc_pos 146752
alloc_pos 146960
alloc_pos 146984
alloc_pos 147104
alloc_pos 147328
alloc_pos 147568
alloc_pos 147800
alloc_pos 148048
alloc_pos 148312
alloc_pos 148524
alloc_pos 148676
alloc_pos 148904
alloc_pos 148960
alloc_pos 149116
alloc_pos 149336
alloc_pos 149500
alloc_pos 149576
alloc_pos 149708
alloc_pos 149972
alloc_pos 150008
alloc_pos 150152
alloc_pos 150396
alloc_pos 150512
alloc_pos 150680
alloc_pos 150844
alloc_pos 150916
alloc_pos 151180
alloc_pos 151332
alloc_pos 151460
alloc_pos 151608
alloc_pos 151840
alloc_pos 151952
alloc_pos 152080
alloc_pos 152192
alloc_pos 152216
alloc_pos 152376
alloc_pos 152536
alloc_pos 152716
alloc_pos 152940
alloc_pos 153120
alloc_pos 153228
alloc_pos 153368
alloc_pos 153544
alloc_pos 153572
alloc_pos 153800
alloc_pos 153880
alloc_pos 154064
alloc_pos 154132
alloc_pos 154296
alloc_pos 154468
alloc_pos 154536
alloc_pos 154780
alloc_pos 154824
alloc_pos 155052
alloc_pos 155216
alloc_pos 155444
alloc_pos 155684
alloc_pos 155916
alloc_pos 156176
alloc_pos 156264
alloc_pos 156296
alloc_pos 156532
alloc_pos 156796
alloc_pos 156992
alloc_pos 157032
alloc_pos 157076
alloc_pos 157320
alloc_pos 157348
alloc_pos 157484
alloc_pos 157508
alloc_pos 157724
alloc_pos 157940
alloc_pos 158032
alloc_pos 158116
alloc_pos 158208
alloc_pos 158260
alloc_pos 158488
alloc_pos 158668
alloc_pos 158736
alloc_pos 158848
alloc_pos 158944
alloc_pos 158984
alloc_pos 159048
alloc_pos 159112
alloc_pos 159168
alloc_pos 159336
alloc_pos 159576
alloc_pos 159804
alloc_pos 160020
alloc_pos 160060
alloc_pos 160148
alloc_pos 160200
alloc_pos 160348
alloc_pos 160564
alloc_pos 160700
alloc_pos 160844
alloc_pos 161032
alloc_pos 161152
alloc_pos 161376
alloc_pos 161452
alloc_pos 161500
alloc_pos 161648
alloc_pos 161676
alloc_pos 161928
alloc_pos 162164
alloc_pos 162284
alloc_pos 162416
alloc_pos 162592
alloc_pos 162808
alloc_pos 163028
alloc_pos 163052
alloc_pos 163252
alloc_pos 163388
alloc_pos 163480
alloc_pos 163688
alloc_pos 163916
alloc_pos 163996
alloc_pos 164168
alloc_pos 164432
alloc_pos 164480
alloc_pos 164732
alloc_pos 164836
alloc_pos 164864
alloc_pos 164892
alloc_pos 164920
alloc_pos 165108
alloc_pos 165268
alloc_pos 165292
alloc_pos 165556
alloc_pos 165804
alloc_pos 165924
alloc_pos 166120
alloc_pos 166196
alloc_pos 166328
alloc_pos 166536
alloc_pos 166564
alloc_pos 166720
alloc_pos 166800
alloc_pos 167016
alloc_pos 167152
alloc_pos 167416
alloc_pos 167564
alloc_pos 167728
alloc_pos 167808
alloc_pos 167920
alloc_pos 168000
alloc_pos 168196
alloc_pos 168276
alloc_pos 168492
alloc_pos 168632
alloc_pos 168896
alloc_pos 168992
alloc_pos 169252
alloc_pos 169280
alloc_pos 169408
alloc_pos 169644
alloc_pos 169900
alloc_pos 170064
alloc_pos 170324
alloc_pos 170512
alloc_pos 170560
alloc_pos 170628
alloc_pos 170812
alloc_pos 171020
alloc_pos 171264
alloc_pos 171360
alloc_pos 171412
alloc_pos 171624
alloc_pos 171732
alloc_pos 171984
alloc_pos 172192
alloc_pos 172396
alloc_pos 172548
alloc_pos 172808
alloc_pos 172940
alloc_pos 173092
alloc_pos 173328
alloc_pos 173584
alloc_pos 173776
alloc_pos 173848
alloc_pos 173948
alloc_pos 174044
alloc_pos 174216
alloc_pos 174464
alloc_pos 174612
alloc_pos 174852
alloc_pos 175116
alloc_pos 175268
alloc_pos 175392
alloc_pos 175564
alloc_pos 175804
alloc_pos 175836
alloc_pos 175980
alloc_pos 176064
alloc_pos 176276
alloc_pos 176504
alloc_pos 176628
alloc_pos 176756
alloc_pos 176948
alloc_pos 177016
alloc_pos 177132
alloc_pos 177296
alloc_pos 177544
alloc_pos 177744
alloc_pos 177964
alloc_pos 178160
alloc_pos 178372
alloc_pos 178488
alloc_pos 178532
alloc_pos 178668
alloc_pos 178860
alloc_pos 179012
alloc_pos 179060
alloc_pos 179280
alloc_pos 179344
alloc_pos 179500
alloc_pos 179736
alloc_pos 179860
alloc_pos 179976
alloc_pos 180124
alloc_pos 180332
alloc_pos 180360
alloc_pos 180504
alloc_pos 180536
alloc_pos 180636
alloc_pos 180840
alloc_pos 181080
alloc_pos 181260
alloc_pos 181432
alloc_pos 181604
alloc_pos 181728
alloc_pos 181916
alloc_pos 181980
alloc_pos 182044
alloc_pos 182196
alloc_pos 182276
alloc_pos 182300
alloc_pos 182520
alloc_pos 182592
alloc_pos 182752
alloc_pos 183008
alloc_pos 183252
alloc_pos 183416
alloc_pos 183496
alloc_pos 183620
alloc_pos 183772
alloc_pos 183884
alloc_pos 184148
alloc_pos 184388
alloc_pos 184556
alloc_pos 184668
alloc_pos 184808
alloc_pos 185064
alloc_pos 185156
alloc_pos 185348
alloc_pos 185512
alloc_pos 185688
alloc_pos 185896
alloc_pos 185920
alloc_pos 186040
alloc_pos 186264
alloc_pos 186504
alloc_pos 186736
alloc_pos 186984
alloc_pos 187248
alloc_pos 187460
alloc_pos 187612
alloc_pos 187840
alloc_pos 187896
alloc_pos 188052
alloc_pos 188272
alloc_pos 188436
alloc_pos 188512
alloc_pos 188644
alloc_pos 188908
alloc_pos 188944
alloc_pos 189088
alloc_pos 189332
alloc_pos 189448
alloc_pos 189616
alloc_pos 189780
alloc_pos 189852
alloc_pos 190116
alloc_pos 190268
alloc_pos 190396
alloc_pos 190544
alloc_pos 190776
alloc_pos 190888
alloc_pos 191016
alloc_pos 191128
alloc_pos 191152
alloc_pos 191312
alloc_pos 191472
alloc_pos 191652
alloc_pos 191876
alloc_pos 192056
alloc_pos 192164
alloc_pos 192304
alloc_pos 192480
alloc_pos 192508
alloc_pos 192736
alloc_pos 192816
alloc_pos 193000
alloc_pos 193068
alloc_pos 193232
alloc_pos 193404
alloc_pos 193472
alloc_pos 193716
alloc_pos 193760
alloc_pos 193988
alloc_pos 194152
alloc_pos 194380
alloc_pos 194620
alloc_pos 194852
alloc_pos 195112
alloc_pos 195200
alloc_pos 195232
alloc_pos 195468
alloc_pos 195732
alloc_pos 195928
alloc_pos 195968
alloc_pos 196012
alloc_pos 196256
alloc_pos 196284
alloc_pos 196420
alloc_pos 196444
alloc_pos 196660
alloc_pos 196876
alloc_pos 196968
alloc_pos 197052
alloc_pos 197144
alloc_pos 197196
alloc_pos 197424
alloc_pos 197604
alloc_pos 197672
alloc_pos 197784
alloc_pos 197880
alloc_pos 197920
alloc_pos 197984
alloc_pos 198048
alloc_pos 198104
alloc_pos 198272
alloc_pos 198512
alloc_pos 198740
alloc_pos 198956
alloc_pos 198996
alloc_pos 199084
alloc_pos 199136
alloc_pos 199284
alloc_pos 199500
alloc_pos 199636
alloc_pos 199780
alloc_pos 199968
alloc_pos 200088
alloc_pos 200312
alloc_pos 200388
alloc_pos 200436
alloc_pos 200584
alloc_pos 200612
alloc_pos 200864
alloc_pos 201100
alloc_pos 201220
alloc_pos 201352
alloc_pos 201528
alloc_pos 201744
alloc_pos 201964
alloc_pos 201988
alloc_pos 202188
alloc_pos 202324
alloc_pos 202416
alloc_pos 202624
alloc_pos 202852
alloc_pos 202932
alloc_pos 203104
alloc_pos 203368
alloc_pos 203416
alloc_pos 203668
alloc_pos 203772
alloc_pos 203800
alloc_pos 203828
alloc_pos 203856
alloc_pos 204044
alloc_pos 204204
alloc_pos 204228
alloc_pos 204492
alloc_pos 204740
alloc_pos 204860
alloc_pos 205056
alloc_pos 205132
alloc_pos 205264
alloc_pos 205472
alloc_pos 205500
alloc_pos 205656
alloc_pos 205736
alloc_pos 205952
alloc_pos 206088
alloc_pos 206352
alloc_pos 206500
alloc_pos 206664
alloc_pos 206744
alloc_pos 206856
alloc_pos 206936
alloc_pos 207132
alloc_pos 207212
alloc_pos 207428
alloc_pos 207568
alloc_pos 207832
alloc_pos 207928
alloc_pos 208188
alloc_pos 208216
alloc_pos 208344
alloc_pos 208580
alloc_pos 208836
alloc_pos 209000
alloc_pos 209260
alloc_pos 209448
alloc_pos 209496
alloc_pos 209564
alloc_pos 209748
alloc_pos 209956
alloc_pos 210200
alloc_pos 210296
alloc_pos 210348
alloc_pos 210560
alloc_pos 210668
alloc_pos 210920
alloc_pos 211128
alloc_pos 211332
alloc_pos 211484
alloc_pos 211744
alloc_pos 211876
alloc_pos 212028
alloc_pos 212264
alloc_pos 212520
alloc_pos 212712
alloc_pos 212784
alloc_pos 212884
alloc_pos 212980
alloc_pos 213152
alloc_pos 213400
alloc_pos 213548
alloc_pos 213788
alloc_pos 214052
alloc_pos 214204
alloc_pos 214328
alloc_pos 214500
alloc_pos 214740
alloc_pos 214772
alloc_pos 214916
alloc_pos 215000
alloc_pos 215212
alloc_pos 215440
alloc_pos 215564
alloc_pos 215692
alloc_pos 215884
alloc_pos 215952
alloc_pos 216068
alloc_pos 216232
alloc_pos 216480
alloc_pos 216680
alloc_pos 216900
alloc_pos 217096
alloc_pos 217308
alloc_pos 217424
alloc_pos 217468
alloc_pos 217604
alloc_pos 217796
alloc_pos 217948
alloc_pos 217996
alloc_pos 218216
alloc_pos 218280
alloc_pos 218436
alloc_pos 218672
alloc_pos 218796
alloc_pos 218912
alloc_pos 219060
alloc_pos 219268
alloc_pos 219296
alloc_pos 219440
alloc_pos 219472
alloc_pos 219572
alloc_pos 219776
alloc_pos 220016
alloc_pos 220196
alloc_pos 220368
alloc_pos 220540
alloc_pos 220664
alloc_pos 220852
alloc_pos 220916
alloc_pos 220980
alloc_pos 221132
alloc_pos 221212
alloc_pos 221236
alloc_pos 221456
alloc_pos 221528
alloc_pos 221688
alloc_pos 221944
alloc_pos 222188
alloc_pos 222352
alloc_pos 222432
alloc_pos 222556
alloc_pos 222708
alloc_pos 222820
alloc_pos 223084
alloc_pos 223324
alloc_pos 223492
alloc_pos 223604
alloc_pos 223744
alloc_pos 224000
alloc_pos 224092
alloc_pos 224284
alloc_pos 224448
alloc_pos 224624
alloc_pos 224832
alloc_pos 224856
alloc_pos 224976
alloc_pos 225200
alloc_pos 225440
alloc_pos 225672
alloc_pos 225920
alloc_pos 226184
alloc_pos 226396
alloc_pos 226548
alloc_pos 226776
alloc_pos 226832
alloc_pos 226988
alloc_pos 227208
alloc_pos 227372
alloc_pos 227448
alloc_pos 227580
alloc_pos 227844
alloc_pos 227880
alloc_pos 228024
alloc_pos 228268
alloc_pos 228384
alloc_pos 228552
alloc_pos 228716
alloc_pos 228788
alloc_pos 229052
alloc_pos 229204
alloc_pos 229332
alloc_pos 229480
alloc_pos 229712
alloc_pos 229824
alloc_pos 229952
alloc_pos 230064
alloc_pos 230088
alloc_pos 230248
alloc_pos 230408
alloc_pos 230588
alloc_pos 230812
alloc_pos 230992
alloc_pos 231100
alloc_pos 231240
alloc_pos 231416
alloc_pos 231444
alloc_pos 231672
alloc_pos 231752
alloc_pos 231936
alloc_pos 232004
alloc_pos 232168
alloc_pos 232340
alloc_pos 232408
alloc_pos 232652
alloc_pos 232696
alloc_pos 232924
alloc_pos 233088
alloc_pos 233316
alloc_pos 233556
alloc_pos 233788
alloc_pos 234048
alloc_pos 234136
alloc_pos 234168
alloc_pos 234404
alloc_pos 234668
alloc_pos 234864
alloc_pos 234904
alloc_pos 234948
alloc_pos 235192
alloc_pos 235220
alloc_pos 235356
alloc_pos 235380
alloc_pos 235596
alloc_pos 235812
alloc_pos 235904
alloc_pos 235988
alloc_pos 236080
alloc_pos 236132
alloc_pos 236360
alloc_pos 236540
alloc_pos 236608
alloc_pos 236720
alloc_pos 236816
alloc_pos 236856
alloc_pos 236920
alloc_pos 236984
alloc_pos 237040
alloc_pos 237208
alloc_pos 237448
alloc_pos 237676
alloc_pos 237892
alloc_pos 237932
alloc_pos 238020
alloc_pos 238072
alloc_pos 238220
alloc_pos 238436
alloc_pos 238572
alloc_pos 238716
alloc_pos 238904
alloc_pos 239024
alloc_pos 239248
alloc_pos 239324
alloc_pos 239372
alloc_pos 239520
alloc_pos 239548
alloc_pos 239800
alloc_pos 240036
alloc_pos 240156
alloc_pos 240288
alloc_pos 240464
alloc_pos 240680
alloc_pos 240900
alloc_pos 240924
alloc_pos 241124
alloc_pos 241260
alloc_pos 241352
alloc_pos 241560
alloc_pos 241788
alloc_pos 241868
alloc_pos 242040
alloc_pos 242304
alloc_pos 242352
alloc_pos 242604
alloc_pos 242708
alloc_pos 242736
alloc_pos 242764
alloc_pos 242792
alloc_pos 242980
alloc_pos 243140
alloc_pos 243164
alloc_pos 243428
alloc_pos 243676
alloc_pos 243796
alloc_pos 243992
alloc_pos 244068
alloc_pos 244200
alloc_pos 244408
alloc_pos 244436
alloc_pos 244592
alloc_pos 244672
alloc_pos 244888
alloc_pos 245024
alloc_pos 245288
alloc_pos 245436
alloc_pos 245600
alloc_pos 245680
alloc_pos 245792
alloc_pos 245872
alloc_pos 246068
alloc_pos 246148
alloc_pos 246364
alloc_pos 246504
alloc_pos 246768
alloc_pos 246864
alloc_pos 247124
alloc_pos 247152
alloc_pos 247280
alloc_pos 247516
alloc_pos 247772
alloc_pos 247936
alloc_pos 248196
alloc_pos 248384
alloc_pos 248432
alloc_pos 248500
alloc_pos 248684
alloc_pos 248892
alloc_pos 249136
alloc_pos 249232
alloc_pos 249284
alloc_pos 249496
alloc_pos 249604
alloc_pos 249856
alloc_pos 250064
alloc_pos 250268
alloc_pos 250420
alloc_pos 250680
alloc_pos 250812
alloc_pos 250964
alloc_pos 251200
alloc_pos 251456
alloc_pos 251648
alloc_pos 251720
alloc_pos 251820
alloc_pos 251916
alloc_pos 252088
alloc_pos 252336
alloc_pos 252484
alloc_pos 252724
alloc_pos 252988
alloc_pos 253140
alloc_pos 253264
alloc_pos 253436
alloc_pos 253676
alloc_pos 253708
alloc_pos 253852
alloc_pos 253936
alloc_pos 254148
alloc_pos 254376
alloc_pos 254500
alloc_pos 254628
alloc_pos 254820
alloc_pos 254888
alloc_pos 255004
alloc_pos 255168
alloc_pos 255416
alloc_pos 255616
alloc_pos 255836
alloc_pos 256032
alloc_pos 256244
alloc_pos 256360
alloc_pos 256404
alloc_pos 256540
alloc_pos 256732
alloc_pos 256884
alloc_pos 256932
alloc_pos 257152
alloc_pos 257216
alloc_pos 257372
alloc_pos 257608
alloc_pos 257732
alloc_pos 257848
alloc_pos 257996
alloc_pos 258204
alloc_pos 258232
alloc_pos 258376
alloc_pos 258408
alloc_pos 258508
alloc_pos 258712
alloc_pos 258952
alloc_pos 259132
alloc_pos 259304
alloc_pos 259476
alloc_pos 259600
alloc_pos 259788
alloc_pos 259852
alloc_pos 259916
alloc_pos 260068
alloc_pos 260148
alloc_pos 260172
alloc_pos 260392
alloc_pos 260464
alloc_pos 260624
alloc_pos 260880
alloc_pos 261124
alloc_pos 261288
alloc_pos 261368
alloc_pos 261492
alloc_pos 261644
alloc_pos 261756
alloc_pos -1

