reason: unexpected exit code -6
--- stdout ---
CHENEY GENERATOR!
--- stderr ---
alloc_pos 8
alloc_pos 1040
alloc_pos 2072
alloc_pos 3104
alloc_pos 3368
alloc_pos 3512
alloc_pos 3700
alloc_pos 3812
alloc_pos 3920
alloc_pos 4116
alloc_pos 4184
alloc_pos 4300
alloc_pos 4456
alloc_pos 4620
alloc_pos 4876
alloc_pos 5068
alloc_pos 5212
alloc_pos 5448
alloc_pos 5496
alloc_pos 5536
alloc_pos 5728
alloc_pos 5956
alloc_pos 6084
alloc_pos 6132
alloc_pos 6364
alloc_pos 6492
alloc_pos 6676
alloc_pos 6888
alloc_pos 7152
alloc_pos 7204
alloc_pos 7436
alloc_pos 7680
alloc_pos 7904
alloc_pos 8016
alloc_pos 8236
alloc_pos 8368
alloc_pos 8412
alloc_pos 8516
alloc_pos 8616
alloc_pos 8676
alloc_pos 8856
alloc_pos 9064
alloc_pos 9208
alloc_pos 9244
alloc_pos 9480
alloc_pos 9716
alloc_pos 9860
alloc_pos 9952
alloc_pos 10208
alloc_pos 10240
alloc_pos 10468
alloc_pos 10632
alloc_pos 10692
alloc_pos 10816
alloc_pos 10860
alloc_pos 10904
alloc_pos 11164
alloc_pos 11368
alloc_pos 11428
alloc_pos 11484
alloc_pos 11716
alloc_pos 11924
alloc_pos 12176
alloc_pos 12316
alloc_pos 12392
alloc_pos 12576
alloc_pos 12736
alloc_pos 12808
alloc_pos 12900
alloc_pos 13120
alloc_pos 13208
alloc_pos 13396
alloc_pos 13624
alloc_pos 13880
alloc_pos 13928
alloc_pos 14112
alloc_pos 14136
alloc_pos 14380
alloc_pos 14552
alloc_pos 14628
alloc_pos 14788
alloc_pos 15020
alloc_pos 15112
alloc_pos 15360
alloc_pos 15616
alloc_pos 15672
alloc_pos 15800
alloc_pos 15900
alloc_pos 16076
alloc_pos 16268
alloc_pos 16460
alloc_pos 16500
alloc_pos 16552
alloc_pos 16792
alloc_pos 17028
alloc_pos 17220
alloc_pos 17280
alloc_pos 17480
alloc_pos 17568
alloc_pos 17712
alloc_pos 17796
alloc_pos 17932
alloc_pos 18076
alloc_pos 18200
alloc_pos 18260
alloc_pos 18440
alloc_pos 18500
alloc_pos 18620
alloc_pos 18656
alloc_pos 18696
alloc_pos 18908
alloc_pos 19108
alloc_pos 19276
alloc_pos 19432
alloc_pos 19696
alloc_pos 19944
alloc_pos 20056
alloc_pos 20284
alloc_pos 20412
alloc_pos 20668
alloc_pos 20892
alloc_pos 20988
alloc_pos 21028
alloc_pos 21144
alloc_pos 21300
alloc_pos 21552
alloc_pos 21628
alloc_pos 21892
alloc_pos 22024
alloc_pos 22184
alloc_pos 22360
alloc_pos 22492
alloc_pos 22620
alloc_pos 22880
alloc_pos 23088
alloc_pos 23132
alloc_pos 23340
alloc_pos 23480
alloc_pos 23652
alloc_pos 23844
alloc_pos 23884
alloc_pos 24072
alloc_pos 24160
alloc_pos 24196
alloc_pos 24264
alloc_pos 24496
alloc_pos 24704
alloc_pos 24860
alloc_pos 25112
alloc_pos 25276
alloc_pos 25312
alloc_pos 25472
alloc_pos 25644
alloc_pos 25812
alloc_pos 25872
alloc_pos 25932
alloc_pos 25960
alloc_pos 26216
alloc_pos 26388
alloc_pos 26636
alloc_pos 26880
alloc_pos 27124
alloc_pos 27324
alloc_pos 27432
alloc_pos 27528
alloc_pos 27636
alloc_pos 27700
alloc_pos 27820
alloc_pos 28060
alloc_pos 28192
alloc_pos 28336
alloc_pos 28464
alloc_pos 28624
alloc_pos 28740
alloc_pos 28892
alloc_pos 29124
alloc_pos 29380
alloc_pos 29448
alloc_pos 29700
alloc_pos 29768
alloc_pos 29880
alloc_pos 29968
alloc_pos 30076
alloc_pos 30188
alloc_pos 30324
alloc_pos 30516
alloc_pos 30556
alloc_pos 30664
alloc_pos 30908
alloc_pos 31144
alloc_pos 31372
alloc_pos 31600
alloc_pos 31796
alloc_pos 32044
alloc_pos 32260
alloc_pos 32404
alloc_pos 32444
alloc_pos 32664
alloc_pos 32924
alloc_pos 32992
alloc_pos 33136
alloc_pos 33308
alloc_pos 33496
alloc_pos 33576
alloc_pos 33612
alloc_pos 33672
alloc_pos 33896
alloc_pos 33964
alloc_pos 34132
alloc_pos 34316
alloc_pos 34388
alloc_pos 34620
alloc_pos 34752
alloc_pos 34904
alloc_pos 35132
alloc_pos 35320
alloc_pos 35372
alloc_pos 35404
alloc_pos 35556
alloc_pos 35720
alloc_pos 35896
alloc_pos 35972
alloc_pos 36012
alloc_pos 36044
alloc_pos 36072
alloc_pos 36288
alloc_pos 36388
alloc_pos 36596
alloc_pos 36760
alloc_pos 36848
alloc_pos 36980
alloc_pos 37020
alloc_pos 37116
alloc_pos 37372
alloc_pos 37536
alloc_pos 37708
alloc_pos 37892
alloc_pos 37992
alloc_pos 38024
alloc_pos 38248
alloc_pos 38456
alloc_pos 38496
alloc_pos 38652
alloc_pos 38760
alloc_pos 38796
alloc_pos 38868
alloc_pos 38928
alloc_pos 39076
alloc_pos 39208
alloc_pos 39472
alloc_pos 39660
alloc_pos 39828
alloc_pos 39924
alloc_pos 40112
alloc_pos 40312
alloc_pos 40348
alloc_pos 40528
alloc_pos 40592
alloc_pos 40796
alloc_pos 40832
alloc_pos 40892
alloc_pos 41036
alloc_pos 41224
alloc_pos 41336
alloc_pos 41444
alloc_pos 41640
alloc_pos 41708
alloc_pos 41824
alloc_pos 41980
alloc_pos 42144
alloc_pos 42400
alloc_pos 42592
alloc_pos 42736
alloc_pos 42972
alloc_pos 43020
alloc_pos 43060
alloc_pos 43252
alloc_pos 43480
alloc_pos 43608
alloc_pos 43656
alloc_pos 43888
alloc_pos 44016
alloc_pos 44200
alloc_pos 44412
alloc_pos 44676
alloc_pos 44728
alloc_pos 44960
alloc_pos 45204
alloc_pos 45428
alloc_pos 45540
alloc_pos 45760
alloc_pos 45892
alloc_pos 45936
alloc_pos 46040
alloc_pos 46140
alloc_pos 46200
alloc_pos 46380
alloc_pos 46588
alloc_pos 46732
alloc_pos 46768
alloc_pos 47004
alloc_pos 47240
alloc_pos 47384
alloc_pos 47476
alloc_pos 47732
alloc_pos 47764
alloc_pos 47992
alloc_pos 48156
alloc_pos 48216
alloc_pos 48340
alloc_pos 48384
alloc_pos 48428
alloc_pos 48688
alloc_pos 48892
alloc_pos 48952
alloc_pos 49008
alloc_pos 49240
alloc_pos 49448
alloc_pos 49700
alloc_pos 49840
alloc_pos 49916
alloc_pos 50100
alloc_pos 50260
alloc_pos 50332
alloc_pos 50424
alloc_pos 50644
alloc_pos 50732
alloc_pos 50920
alloc_pos 51148
alloc_pos 51404
alloc_pos 51452
alloc_pos 51636
alloc_pos 51660
alloc_pos 51904
alloc_pos 52076
alloc_pos 52152
alloc_pos 52312
alloc_pos 52544
alloc_pos 52636
alloc_pos 52884
alloc_pos 53140
alloc_pos 53196
alloc_pos 53324
alloc_pos 53424
alloc_pos 53600
alloc_pos 53792
alloc_pos 53984
alloc_pos 54024
alloc_pos 54076
alloc_pos 54316
alloc_pos 54552
alloc_pos 54744
alloc_pos 54804
alloc_pos 55004
alloc_pos 55092
alloc_pos 55236
alloc_pos 55320
alloc_pos 55456
alloc_pos 55600
alloc_pos 55724
alloc_pos 55784
alloc_pos 55964
alloc_pos 56024
alloc_pos 56144
alloc_pos 56180
alloc_pos 56220
alloc_pos 56432
alloc_pos 56632
alloc_pos 56800
alloc_pos 56956
alloc_pos 57220
alloc_pos 57468
alloc_pos 57580
alloc_pos 57808
alloc_pos 57936
alloc_pos 58192
alloc_pos 58416
alloc_pos 58512
alloc_pos 58552
alloc_pos 58668
alloc_pos 58824
alloc_pos 59076
alloc_pos 59152
alloc_pos 59416
alloc_pos 59548
alloc_pos 59708
alloc_pos 59884
alloc_pos 60016
alloc_pos 60144
alloc_pos 60404
alloc_pos 60612
alloc_pos 60656
alloc_pos 60864
alloc_pos 61004
alloc_pos 61176
alloc_pos 61368
alloc_pos 61408
alloc_pos 61596
alloc_pos 61684
alloc_pos 61720
alloc_pos 61788
alloc_pos 62020
alloc_pos 62228
alloc_pos 62384
alloc_pos 62636
alloc_pos 62800
alloc_pos 62836
alloc_pos 62996
alloc_pos 63168
alloc_pos 63336
alloc_pos 63396
alloc_pos 63456
alloc_pos 63484
alloc_pos 63740
alloc_pos 63912
alloc_pos 64160
alloc_pos 64404
alloc_pos 64648
alloc_pos 64848
alloc_pos 64956
alloc_pos 65052
alloc_pos 65160
alloc_pos 65224
alloc_pos 65344
alloc_pos 65584
alloc_pos 65716
alloc_pos 65860
alloc_pos 65988
alloc_pos 66148
alloc_pos 66264
alloc_pos 66416
alloc_pos 66648
alloc_pos 66904
alloc_pos 66972
alloc_pos 67224
alloc_pos 67292
alloc_pos 67404
alloc_pos 67492
alloc_pos 67600
alloc_pos 67712
alloc_pos 67848
alloc_pos 68040
alloc_pos 68080
alloc_pos 68188
alloc_pos 68432
alloc_pos 68668
alloc_pos 68896
alloc_pos 69124
alloc_pos 69320
alloc_pos 69568
alloc_pos 69784
alloc_pos 69928
alloc_pos 69968
alloc_pos 70188
alloc_pos 70448
alloc_pos 70516
alloc_pos 70660
alloc_pos 70832
alloc_pos 71020
alloc_pos 71100
alloc_pos 71136
alloc_pos 71196
alloc_pos 71420
alloc_pos 71488
alloc_pos 71656
alloc_pos 71840
alloc_pos 71912
alloc_pos 72144
alloc_pos 72276
alloc_pos 72428
alloc_pos 72656
alloc_pos 72844
alloc_pos 72896
alloc_pos 72928
alloc_pos 73080
alloc_pos 73244
alloc_pos 73420
alloc_pos 73496
alloc_pos 73536
alloc_pos 73568
alloc_pos 73596
alloc_pos 73812
alloc_pos 73912
alloc_pos 74120
alloc_pos 74284
alloc_pos 74372
alloc_pos 74504
alloc_pos 74544
alloc_pos 74640
alloc_pos 74896
alloc_pos 75060
alloc_pos 75232
alloc_pos 75416
alloc_pos 75516
alloc_pos 75548
alloc_pos 75772
alloc_pos 75980
alloc_pos 76020
alloc_pos 76176
alloc_pos 76284
alloc_pos 76320
alloc_pos 76392
alloc_pos 76452
alloc_pos 76600
alloc_pos 76732
alloc_pos 76996
alloc_pos 77184
alloc_pos 77352
alloc_pos 77448
alloc_pos 77636
alloc_pos 77836
alloc_pos 77872
alloc_pos 78052
alloc_pos 78116
alloc_pos 78320
alloc_pos 78356
alloc_pos 78416
alloc_pos 78560
alloc_pos 78748
alloc_pos 78860
alloc_pos 78968
alloc_pos 79164
alloc_pos 79232
alloc_pos 79348
alloc_pos 79504
alloc_pos 79668
alloc_pos 79924
alloc_pos 80116
alloc_pos 80260
alloc_pos 80496
alloc_pos 80544
alloc_pos 80584
alloc_pos 80776
alloc_pos 81004
alloc_pos 81132
alloc_pos 81180
alloc_pos 81412
alloc_pos 81540
alloc_pos 81724
alloc_pos 81936
alloc_pos 82200
alloc_pos 82252
alloc_pos 82484
alloc_pos 82728
alloc_pos 82952
alloc_pos 83064
alloc_pos 83284
alloc_pos 83416
alloc_pos 83460
alloc_pos 83564
alloc_pos 83664
alloc_pos 83724
alloc_pos 83904
alloc_pos 84112
alloc_pos 84256
alloc_pos 84292
alloc_pos 84528
alloc_pos 84764
alloc_pos 84908
alloc_pos 85000
alloc_pos 85256
alloc_pos 85288
alloc_pos 85516
alloc_pos 85680
alloc_pos 85740
alloc_pos 85864
alloc_pos 85908
alloc_pos 85952
alloc_pos 86212
alloc_pos 86416
alloc_pos 86476
alloc_pos 86532
alloc_pos 86764
alloc_pos 86972
alloc_pos 87224
alloc_pos 87364
alloc_pos 87440
alloc_pos 87624
alloc_pos 87784
alloc_pos 87856
alloc_pos 87948
alloc_pos 88168
alloc_pos 88256
alloc_pos 88444
alloc_pos 88672
alloc_pos 88928
alloc_pos 88976
alloc_pos 89160
alloc_pos 89184
alloc_pos 89428
alloc_pos 89600
alloc_pos 89676
alloc_pos 89836
alloc_pos 90068
alloc_pos 90160
alloc_pos 90408
alloc_pos 90664
alloc_pos 90720
alloc_pos 90848
alloc_pos 90948
alloc_pos 91124
alloc_pos 91316
alloc_pos 91508
alloc_pos 91548
alloc_pos 91600
alloc_pos 91840
alloc_pos 92076
alloc_pos 92268
alloc_pos 92328
alloc_pos 92528
alloc_pos 92616
alloc_pos 92760
alloc_pos 92844
alloc_pos 92980
alloc_pos 93124
alloc_pos 93248
alloc_pos 93308
alloc_pos 93488
alloc_pos 93548
alloc_pos 93668
alloc_pos 93704
alloc_pos 93744
alloc_pos 93956
alloc_pos 94156
alloc_pos 94324
alloc_pos 94480
alloc_pos 94744
alloc_pos 94992
alloc_pos 95104
alloc_pos 95332
alloc_pos 95460
alloc_pos 95716
alloc_pos 95940
alloc_pos 96036
alloc_pos 96076
alloc_pos 96192
alloc_pos 96348
alloc_pos 96600
alloc_pos 96676
alloc_pos 96940
alloc_pos 97072
alloc_pos 97232
alloc_pos 97408
alloc_pos 97540
alloc_pos 97668
alloc_pos 97928
alloc_pos 98136
alloc_pos 98180
alloc_pos 98388
alloc_pos 98528
alloc_pos 98700
alloc_pos 98892
alloc_pos 98932
alloc_pos 99120
alloc_pos 99208
alloc_pos 99244
alloc_pos 99312
alloc_pos 99544
alloc_pos 99752
alloc_pos 99908
alloc_pos 100160
alloc_pos 100324
alloc_pos 100360
alloc_pos 100520
alloc_pos 100692
alloc_pos 100860
alloc_pos 100920
alloc_pos 100980
alloc_pos 101008
alloc_pos 101264
alloc_pos 101436
alloc_pos 101684
alloc_pos 101928
alloc_pos 102172
alloc_pos 102372
alloc_pos 102480
alloc_pos 102576
alloc_pos 102684
alloc_pos 102748
alloc_pos 102868
alloc_pos 103108
alloc_pos 103240
alloc_pos 103384
alloc_pos 103512
alloc_pos 103672
alloc_pos 103788
alloc_pos 103940
alloc_pos 104172
alloc_pos 104428
alloc_pos 104496
alloc_pos 104748
alloc_pos 104816
alloc_pos 104928
alloc_pos 105016
alloc_pos 105124
alloc_pos 105236
alloc_pos 105372
alloc_pos 105564
alloc_pos 105604
alloc_pos 105712
alloc_pos 105956
alloc_pos 106192
alloc_pos 106420
alloc_pos 106648
alloc_pos 106844
alloc_pos 107092
alloc_pos 107308
alloc_pos 107452
alloc_pos 107492
alloc_pos 107712
alloc_pos 107972
alloc_pos 108040
alloc_pos 108184
alloc_pos 108356
alloc_pos 108544
alloc_pos 108624
alloc_pos 108660
alloc_pos 108720
alloc_pos 108944
alloc_pos 109012
alloc_pos 109180
alloc_pos 109364
alloc_pos 109436
alloc_pos 109668
alloc_pos 109800
alloc_pos 109952
alloc_pos 110180
alloc_pos 110368
alloc_pos 110420
alloc_pos 110452
alloc_pos 110604
alloc_pos 110768
alloc_pos 110944
alloc_pos 111020
alloc_pos 111060
alloc_pos 111092
alloc_pos 111120
alloc_pos 111336
alloc_pos 111436
alloc_pos 111644
alloc_pos 111808
alloc_pos 111896
alloc_pos 112028
alloc_pos 112068
alloc_pos 112164
alloc_pos 112420
alloc_pos 112584
alloc_pos 112756
alloc_pos 112940
alloc_pos 113040
alloc_pos 113072
alloc_pos 113296
alloc_pos 113504
alloc_pos 113544
alloc_pos 113700
alloc_pos 113808
alloc_pos 113844
alloc_pos 113916
alloc_pos 113976
alloc_pos 114124
alloc_pos 114256
alloc_pos 114520
alloc_pos 114708
alloc_pos 114876
alloc_pos 114972
alloc_pos 115160
alloc_pos 115360
alloc_pos 115396
alloc_pos 115576
alloc_pos 115640
alloc_pos 115844
alloc_pos 115880
alloc_pos 115940
alloc_pos 116084
alloc_pos 116272
alloc_pos 116384
alloc_pos 116492
alloc_pos 116688
alloc_pos 116756
alloc_pos 116872
alloc_pos 117028
alloc_pos 117192
alloc_pos 117448
alloc_pos 117640
alloc_pos 117784
alloc_pos 118020
alloc_pos 118068
alloc_pos 118108
alloc_pos 118300
alloc_pos 118528
alloc_pos 118656
alloc_pos 118704
alloc_pos 118936
alloc_pos 119064
alloc_pos 119248
alloc_pos 119460
alloc_pos 119724
alloc_pos 119776
alloc_pos 120008
alloc_pos 120252
alloc_pos 120476
alloc_pos 120588
alloc_pos 120808
alloc_pos 120940
alloc_pos 120984
alloc_pos 121088
alloc_pos 121188
alloc_pos 121248
alloc_pos 121428
alloc_pos 121636
alloc_pos 121780
alloc_pos 121816
alloc_pos 122052
alloc_pos 122288
alloc_pos 122432
alloc_pos 122524
alloc_pos 122780
alloc_pos 122812
alloc_pos 123040
alloc_pos 123204
alloc_pos 123264
alloc_pos 123388
alloc_pos 123432
alloc_pos 123476
alloc_pos 123736
alloc_pos 123940
alloc_pos 124000
alloc_pos 124056
alloc_pos 124288
alloc_pos 124496
alloc_pos 124748
alloc_pos 124888
alloc_pos 124964
alloc_pos 125148
alloc_pos 125308
alloc_pos 125380
alloc_pos 125472
alloc_pos 125692
alloc_pos 125780
alloc_pos 125968
alloc_pos 126196
alloc_pos 126452
alloc_pos 126500
alloc_pos 126684
alloc_pos 126708
alloc_pos 126952
alloc_pos 127124
alloc_pos 127200
alloc_pos 127360
alloc_pos 127592
alloc_pos 127684
alloc_pos 127932
alloc_pos 128188
alloc_pos 128244
alloc_pos 128372
alloc_pos 128472
alloc_pos 128648
alloc_pos 128840
alloc_pos 129032
alloc_pos 129072
alloc_pos 129124
alloc_pos 129364
alloc_pos 129600
alloc_pos 129792
alloc_pos 129852
alloc_pos 130052
alloc_pos 130140
alloc_pos 130284
alloc_pos 130368
alloc_pos 130504
alloc_pos 130648
alloc_pos 130772
alloc_pos 130832
alloc_pos 131012
alloc_pos 131072
alloc_pos 131192
alloc_pos 131228
alloc_pos 131268
alloc_pos 131480
alloc_pos 131680
alloc_pos 131848
alloc_pos 132004
alloc_pos 132268
alloc_pos 132516
alloc_pos 132628
alloc_pos 132856
alloc_pos 132984
alloc_pos 133240
alloc_pos 133464
alloc_pos 133560
alloc_pos 133600
alloc_pos 133716
alloc_pos 133872
alloc_pos 134124
alloc_pos 134200
alloc_pos 134464
alloc_pos 134596
alloc_pos 134756
alloc_pos 134932
alloc_pos 135064
alloc_pos 135192
alloc_pos 135452
alloc_pos 135660
alloc_pos 135704
alloc_pos 135912
alloc_pos 136052
alloc_pos 136224
alloc_pos 136416
alloc_pos 136456
alloc_pos 136644
alloc_pos 136732
alloc_pos 136768
alloc_pos 136836
alloc_pos 137068
alloc_pos 137276
alloc_pos 137432
alloc_pos 137684
alloc_pos 137848
alloc_pos 137884
alloc_pos 138044
alloc_pos 138216
alloc_pos 138384
alloc_pos 138444
alloc_pos 138504
alloc_pos 138532
alloc_pos 138788
alloc_pos 138960
alloc_pos 139208
alloc_pos 139452
alloc_pos 139696
alloc_pos 139896
alloc_pos 140004
alloc_pos 140100
alloc_pos 140208
alloc_pos 140272
alloc_pos 140392
alloc_pos 140632
alloc_pos 140764
alloc_pos 140908
alloc_pos 141036
alloc_pos 141196
alloc_pos 141312
alloc_pos 141464
alloc_pos 141696
alloc_pos 141952
alloc_pos 142020
alloc_pos 142272
alloc_pos 142340
alloc_pos 142452
alloc_pos 142540
alloc_pos 142648
alloc_pos 142760
alloc_pos 142896
alloc_pos 143088
alloc_pos 143128
alloc_pos 143236
alloc_pos 143480
alloc_pos 143716
alloc_pos 143944
alloc_pos 144172
alloc_pos 144368
alloc_pos 144616
alloc_pos 144832
alloc_pos 144976
alloc_pos 145016
alloc_pos 145236
alloc_pos 145496
alloc_pos 145564
alloc_pos 145708
alloc_pos 145880
alloc_pos 146068
alloc_pos 146148
alloc_pos 146184
alloc_pos 146244
alloc_pos 146468
alloc_pos 146536
alloc_pos 146704
alloc_pos 146888
alloc_pos 146960
alloc_pos 147192
alloc_pos 147324
alloc_pos 147476
alloc_pos 147704
alloc_pos 147892
alloc_pos 147944
alloc_pos 147976
alloc_pos 148128
alloc_pos 148292
alloc_pos 148468
alloc_pos 148544
alloc_pos 148584
alloc_pos 148616
alloc_pos 148644
alloc_pos 148860
alloc_pos 148960
alloc_pos 149168
alloc_pos 149332
alloc_pos 149420
alloc_pos 149552
alloc_pos 149592
alloc_pos 149688
alloc_pos 149944
alloc_pos 150108
alloc_pos 150280
alloc_pos 150464
alloc_pos 150564
alloc_pos 150596
alloc_pos 150820
alloc_pos 151028
alloc_pos 151068
alloc_pos 151224
alloc_pos 151332
alloc_pos 151368
alloc_pos 151440
alloc_pos 151500
alloc_pos 151648
alloc_pos 151780
alloc_pos 152044
alloc_pos 152232
alloc_pos 152400
alloc_pos 152496
alloc_pos 152684
alloc_pos 152884
alloc_pos 152920
alloc_pos 153100
alloc_pos 153164
alloc_pos 153368
alloc_pos 153404
alloc_pos 153464
alloc_pos 153608
alloc_pos 153796
alloc_pos 153908
alloc_pos 154016
alloc_pos 154212
alloc_pos 154280
alloc_pos 154396
alloc_pos 154552
alloc_pos 154716
alloc_pos 154972
alloc_pos 155164
alloc_pos 155308
alloc_pos 155544
alloc_pos 155592
alloc_pos 155632
alloc_pos 155824
alloc_pos 156052
alloc_pos 156180
alloc_pos 156228
alloc_pos 156460
alloc_pos 156588
alloc_pos 156772
alloc_pos 156984
alloc_pos 157248
alloc_pos 157300
alloc_pos 157532
alloc_pos 157776
alloc_pos 158000
alloc_pos 158112
alloc_pos 158332
alloc_pos 158464
alloc_pos 158508
alloc_pos 158612
alloc_pos 158712
alloc_pos 158772
alloc_pos 158952
alloc_pos 159160
alloc_pos 159304
alloc_pos 159340
alloc_pos 159576
alloc_pos 159812
alloc_pos 159956
alloc_pos 160048
alloc_pos 160304
alloc_pos 160336
alloc_pos 160564
alloc_pos 160728
alloc_pos 160788
alloc_pos 160912
alloc_pos 160956
alloc_pos 161000
alloc_pos 161260
alloc_pos 161464
alloc_pos 161524
alloc_pos 161580
alloc_pos 161812
alloc_pos 162020
alloc_pos 162272
alloc_pos 162412
alloc_pos 162488
alloc_pos 162672
alloc_pos 162832
alloc_pos 162904
alloc_pos 162996
alloc_pos 163216
alloc_pos 163304
alloc_pos 163492
alloc_pos 163720
alloc_pos 163976
alloc_pos 164024
alloc_pos 164208
alloc_pos 164232
alloc_pos 164476
alloc_pos 164648
alloc_pos 164724
alloc_pos 164884
alloc_pos 165116
alloc_pos 165208
alloc_pos 165456
alloc_pos 165712
alloc_pos 165768
alloc_pos 165896
alloc_pos 165996
alloc_pos 166172
alloc_pos 166364
alloc_pos 166556
alloc_pos 166596
alloc_pos 166648
alloc_pos 166888
alloc_pos 167124
alloc_pos 167316
alloc_pos 167376
alloc_pos 167576
alloc_pos 167664
alloc_pos 167808
alloc_pos 167892
alloc_pos 168028
alloc_pos 168172
alloc_pos 168296
alloc_pos 168356
alloc_pos 168536
alloc_pos 168596
alloc_pos 168716
alloc_pos 168752
alloc_pos 168792
alloc_pos 169004
alloc_pos 169204
alloc_pos 169372
alloc_pos 169528
alloc_pos 169792
alloc_pos 170040
alloc_pos 170152
alloc_pos 170380
alloc_pos 170508
alloc_pos 170764
alloc_pos 170988
alloc_pos 171084
alloc_pos 171124
alloc_pos 171240
alloc_pos 171396
alloc_pos 171648
alloc_pos 171724
alloc_pos 171988
alloc_pos 172120
alloc_pos 172280
alloc_pos 172456
alloc_pos 172588
alloc_pos 172716
alloc_pos 172976
alloc_pos 173184
alloc_pos 173228
alloc_pos 173436
alloc_pos 173576
alloc_pos 173748
alloc_pos 173940
alloc_pos 173980
alloc_pos 174168
alloc_pos 174256
alloc_pos 174292
alloc_pos 174360
alloc_pos 174592
alloc_pos 174800
alloc_pos 174956
alloc_pos 175208
alloc_pos 175372
alloc_pos 175408
alloc_pos 175568
alloc_pos 175740
alloc_pos 175908
alloc_pos 175968
alloc_pos 176028
alloc_pos 176056
alloc_pos 176312
alloc_pos 176484
alloc_pos 176732
alloc_pos 176976
alloc_pos 177220
alloc_pos 177420
alloc_pos 177528
alloc_pos 177624
alloc_pos 177732
alloc_pos 177796
alloc_pos 177916
alloc_pos 178156
alloc_pos 178288
alloc_pos 178432
alloc_pos 178560
alloc_pos 178720
alloc_pos 178836
alloc_pos 178988
alloc_pos 179220
alloc_pos 179476
alloc_pos 179544
alloc_pos 179796
alloc_pos 179864
alloc_pos 179976
alloc_pos 180064
alloc_pos 180172
alloc_pos 180284
alloc_pos 180420
alloc_pos 180612
alloc_pos 180652
alloc_pos 180760
alloc_pos 181004
alloc_pos 181240
alloc_pos 181468
alloc_pos 181696
alloc_pos 181892
alloc_pos 182140
alloc_pos 182356
alloc_pos 182500
alloc_pos 182540
alloc_pos 182760
alloc_pos 183020
alloc_pos 183088
alloc_pos 183232
alloc_pos 183404
alloc_pos 183592
alloc_pos 183672
alloc_pos 183708
alloc_pos 183768
alloc_pos 183992
alloc_pos 184060
alloc_pos 184228
alloc_pos 184412
alloc_pos 184484
alloc_pos 184716
alloc_pos 184848
alloc_pos 185000
alloc_pos 185228
alloc_pos 185416
alloc_pos 185468
alloc_pos 185500
alloc_pos 185652
alloc_pos 185816
alloc_pos 185992
alloc_pos 186068
alloc_pos 186108
alloc_pos 186140
alloc_pos 186168
alloc_pos 186384
alloc_pos 186484
alloc_pos 186692
alloc_pos 186856
alloc_pos 186944
alloc_pos 187076
alloc_pos 187116
alloc_pos 187212
alloc_pos 187468
alloc_pos 187632
alloc_pos 187804
alloc_pos 187988
alloc_pos 188088
alloc_pos 188120
alloc_pos 188344
alloc_pos 188552
alloc_pos 188592
alloc_pos 188748
alloc_pos 188856
alloc_pos 188892
alloc_pos 188964
alloc_pos 189024
alloc_pos 189172
alloc_pos 189304
alloc_pos 189568
alloc_pos 189756
alloc_pos 189924
alloc_pos 190020
alloc_pos 190208
alloc_pos 190408
alloc_pos 190444
alloc_pos 190624
alloc_pos 190688
alloc_pos 190892
alloc_pos 190928
alloc_pos 190988
alloc_pos 191132
alloc_pos 191320
alloc_pos 191432
alloc_pos 191540
alloc_pos 191736
alloc_pos 191804
alloc_pos 191920
alloc_pos 192076
alloc_pos 192240
alloc_pos 192496
alloc_pos 192688
alloc_pos 192832
alloc_pos 193068
alloc_pos 193116
alloc_pos 193156
alloc_pos 193348
alloc_pos 193576
alloc_pos 193704
alloc_pos 193752
alloc_pos 193984
alloc_pos 194112
alloc_pos 194296
alloc_pos 194508
alloc_pos 194772
alloc_pos 194824
alloc_pos 195056
alloc_pos 195300
alloc_pos 195524
alloc_pos 195636
alloc_pos 195856
alloc_pos 195988
alloc_pos 196032
alloc_pos 196136
alloc_pos 196236
alloc_pos 196296
alloc_pos 196476
alloc_pos 196684
alloc_pos 196828
alloc_pos 196864
alloc_pos 197100
alloc_pos 197336
alloc_pos 197480
alloc_pos 197572
alloc_pos 197828
alloc_pos 197860
alloc_pos 198088
alloc_pos 198252
alloc_pos 198312
alloc_pos 198436
alloc_pos 198480
alloc_pos 198524
alloc_pos 198784
alloc_pos 198988
alloc_pos 199048
alloc_pos 199104
alloc_pos 199336
alloc_pos 199544
alloc_pos 199796
alloc_pos 199936
alloc_pos 200012
alloc_pos 200196
alloc_pos 200356
alloc_pos 200428
alloc_pos 200520
alloc_pos 200740
alloc_pos 200828
alloc_pos 201016
alloc_pos 201244
alloc_pos 201500
alloc_pos 201548
alloc_pos 201732
alloc_pos 201756
alloc_pos 202000
alloc_pos 202172
alloc_pos 202248
alloc_pos 202408
alloc_pos 202640
alloc_pos 202732
alloc_pos 202980
alloc_pos 203236
alloc_pos 203292
alloc_pos 203420
alloc_pos 203520
alloc_pos 203696
alloc_pos 203888
alloc_pos 204080
alloc_pos 204120
alloc_pos 204172
alloc_pos 204412
alloc_pos 204648
alloc_pos 204840
alloc_pos 204900
alloc_pos 205100
alloc_pos 205188
alloc_pos 205332
alloc_pos 205416
alloc_pos 205552
alloc_pos 205696
alloc_pos 205820
alloc_pos 205880
alloc_pos 206060
alloc_pos 206120
alloc_pos 206240
alloc_pos 206276
alloc_pos 206316
alloc_pos 206528
alloc_pos 206728
alloc_pos 206896
alloc_pos 207052
alloc_pos 207316
alloc_pos 207564
alloc_pos 207676
alloc_pos 207904
alloc_pos 208032
alloc_pos 208288
alloc_pos 208512
alloc_pos 208608
alloc_pos 208648
alloc_pos 208764
alloc_pos 208920
alloc_pos 209172
alloc_pos 209248
alloc_pos 209512
alloc_pos 209644
alloc_pos 209804
alloc_pos 209980
alloc_pos 210112
alloc_pos 210240
alloc_pos 210500
alloc_pos 210708
alloc_pos 210752
alloc_pos 210960
alloc_pos 211100
alloc_pos 211272
alloc_pos 211464
alloc_pos 211504
alloc_pos 211692
alloc_pos 211780
alloc_pos 211816
alloc_pos 211884
alloc_pos 212116
alloc_pos 212324
alloc_pos 212480
alloc_pos 212732
alloc_pos 212896
alloc_pos 212932
alloc_pos 213092
alloc_pos 213264
alloc_pos 213432
alloc_pos 213492
alloc_pos 213552
alloc_pos 213580
alloc_pos 213836
alloc_pos 214008
alloc_pos 214256
alloc_pos 214500
alloc_pos 214744
alloc_pos 214944
alloc_pos 215052
alloc_pos 215148
alloc_pos 215256
alloc_pos 215320
alloc_pos 215440
alloc_pos 215680
alloc_pos 215812
alloc_pos 215956
alloc_pos 216084
alloc_pos 216244
alloc_pos 216360
alloc_pos 216512
alloc_pos 216744
alloc_pos 217000
alloc_pos 217068
alloc_pos 217320
alloc_pos 217388
alloc_pos 217500
alloc_pos 217588
alloc_pos 217696
alloc_pos 217808
alloc_pos 217944
alloc_pos 218136
alloc_pos 218176
alloc_pos 218284
alloc_pos 218528
alloc_pos 218764
alloc_pos 218992
alloc_pos 219220
alloc_pos 219416
alloc_pos 219664
alloc_pos 219880
alloc_pos 220024
alloc_pos 220064
alloc_pos 220284
alloc_pos 220544
alloc_pos 220612
alloc_pos 220756
alloc_pos 220928
alloc_pos 221116
alloc_pos 221196
alloc_pos 221232
alloc_pos 221292
alloc_pos 221516
alloc_pos 221584
alloc_pos 221752
alloc_pos 221936
alloc_pos 222008
alloc_pos 222240
alloc_pos 222372
alloc_pos 222524
alloc_pos 222752
alloc_pos 222940
alloc_pos 222992
alloc_pos 223024
alloc_pos 223176
alloc_pos 223340
alloc_pos 223516
alloc_pos 223592
alloc_pos 223632
alloc_pos 223664
alloc_pos 223692
alloc_pos 223908
alloc_pos 224008
alloc_pos 224216
alloc_pos 224380
alloc_pos 224468
alloc_pos 224600
alloc_pos 224640
alloc_pos 224736
alloc_pos 224992
alloc_pos 225156
alloc_pos 225328
alloc_pos 225512
alloc_pos 225612
alloc_pos 225644
alloc_pos 225868
alloc_pos 226076
alloc_pos 226116
alloc_pos 226272
alloc_pos 226380
alloc_pos 226416
alloc_pos 226488
alloc_pos 226548
alloc_pos 226696
alloc_pos 226828
alloc_pos 227092
alloc_pos 227280
alloc_pos 227448
alloc_pos 227544
alloc_pos 227732
alloc_pos 227932
alloc_pos 227968
alloc_pos 228148
alloc_pos 228212
alloc_pos 228416
alloc_pos 228452
alloc_pos 228512
alloc_pos 228656
alloc_pos 228844
alloc_pos 228956
alloc_pos 229064
alloc_pos 229260
alloc_pos 229328
alloc_pos 229444
alloc_pos 229600
alloc_pos 229764
alloc_pos 230020
alloc_pos 230212
alloc_pos 230356
alloc_pos 230592
alloc_pos 230640
alloc_pos 230680
alloc_pos 230872
alloc_pos 231100
alloc_pos 231228
alloc_pos 231276
alloc_pos 231508
alloc_pos 231636
alloc_pos 231820
alloc_pos 232032
alloc_pos 232296
alloc_pos 232348
alloc_pos 232580
alloc_pos 232824
alloc_pos 233048
alloc_pos 233160
alloc_pos 233380
alloc_pos 233512
alloc_pos 233556
alloc_pos 233660
alloc_pos 233760
alloc_pos 233820
alloc_pos 234000
alloc_pos 234208
alloc_pos 234352
alloc_pos 234388
alloc_pos 234624
alloc_pos 234860
alloc_pos 235004
alloc_pos 235096
alloc_pos 235352
alloc_pos 235384
alloc_pos 235612
alloc_pos 235776
alloc_pos 235836
alloc_pos 235960
alloc_pos 236004
alloc_pos 236048
alloc_pos 236308
alloc_pos 236512
alloc_pos 236572
alloc_pos 236628
alloc_pos 236860
alloc_pos 237068
alloc_pos 237320
alloc_pos 237460
alloc_pos 237536
alloc_pos 237720
alloc_pos 237880
alloc_pos 237952
alloc_pos 238044
alloc_pos 238264
alloc_pos 238352
alloc_pos 238540
alloc_pos 238768
alloc_pos 239024
alloc_pos 239072
alloc_pos 239256
alloc_pos 239280
alloc_pos 239524
alloc_pos 239696
alloc_pos 239772
alloc_pos 239932
alloc_pos 240164
alloc_pos 240256
alloc_pos 240504
alloc_pos 240760
alloc_pos 240816
alloc_pos 240944
alloc_pos 241044
alloc_pos 241220
alloc_pos 241412
alloc_pos 241604
alloc_pos 241644
alloc_pos 241696
alloc_pos 241936
alloc_pos 242172
alloc_pos 242364
alloc_pos 242424
alloc_pos 242624
alloc_pos 242712
alloc_pos 242856
alloc_pos 242940
alloc_pos 243076
alloc_pos 243220
alloc_pos 243344
alloc_pos 243404
alloc_pos 243584
alloc_pos 243644
alloc_pos 243764
alloc_pos 243800
alloc_pos 243840
alloc_pos 244052
alloc_pos 244252
alloc_pos 244420
alloc_pos 244576
alloc_pos 244840
alloc_pos 245088
alloc_pos 245200
alloc_pos 245428
alloc_pos 245556
alloc_pos 245812
alloc_pos 246036
alloc_pos 246132
alloc_pos 246172
alloc_pos 246288
alloc_pos 246444
alloc_pos 246696
alloc_pos 246772
alloc_pos 247036
alloc_pos 247168
alloc_pos 247328
alloc_pos 247504
alloc_pos 247636
alloc_pos 247764
alloc_pos 248024
alloc_pos 248232
alloc_pos 248276
alloc_pos 248484
alloc_pos 248624
alloc_pos 248796
alloc_pos 248988
alloc_pos 249028
alloc_pos 249216
alloc_pos 249304
alloc_pos 249340
alloc_pos 249408
alloc_pos 249640
alloc_pos 249848
alloc_pos 250004
alloc_pos 250256
alloc_pos 250420
alloc_pos 250456
alloc_pos 250616
alloc_pos 250788
alloc_pos 250956
alloc_pos 251016
alloc_pos 251076
alloc_pos 251104
alloc_pos 251360
alloc_pos 251532
alloc_pos 251780
alloc_pos 252024
alloc_pos 252268
alloc_pos 252468
alloc_pos 252576
alloc_pos 252672
alloc_pos 252780
alloc_pos 252844
alloc_pos 252964
alloc_pos 253204
alloc_pos 253336
alloc_pos 253480
alloc_pos 253608
alloc_pos 253768
alloc_pos 253884
alloc_pos 254036
alloc_pos 254268
alloc_pos 254524
alloc_pos 254592
alloc_pos 254844
alloc_pos 254912
alloc_pos 255024
alloc_pos 255112
alloc_pos 255220
alloc_pos 255332
alloc_pos 255468
alloc_pos 255660
alloc_pos 255700
alloc_pos 255808
alloc_pos 256052
alloc_pos 256288
alloc_pos 256516
alloc_pos 256744
alloc_pos 256940
alloc_pos 257188
alloc_pos 257404
alloc_pos 257548
alloc_pos 257588
alloc_pos 257808
alloc_pos 258068
alloc_pos 258136
alloc_pos 258280
alloc_pos 258452
alloc_pos 258640
alloc_pos 258720
alloc_pos 258756
alloc_pos 258816
alloc_pos 259040
alloc_pos 259108
alloc_pos 259276
alloc_pos 259460
alloc_pos 259532
alloc_pos 259764
alloc_pos 259896
alloc_pos 260048
alloc_pos 260276
alloc_pos 260464
alloc_pos 260516
alloc_pos 260548
alloc_pos 260700
alloc_pos 260864
alloc_pos 261040
alloc_pos 261116
alloc_pos 261156
alloc_pos 261188
alloc_pos 261216
alloc_pos 261432
alloc_pos 261532
alloc_pos 261740
alloc_pos 261904
alloc_pos 261992
alloc_pos -1

