reason: unexpected exit code -6
--- stdout ---
CHENEY GENERATOR!
--- stderr ---
alloc_pos 8
alloc_pos 1040
alloc_pos 2072
alloc_pos 3104
alloc_pos 4136
alloc_pos 5168
alloc_pos 5432
alloc_pos 5520
alloc_pos 5616
alloc_pos 5812
alloc_pos 6068
alloc_pos 6264
alloc_pos 6492
alloc_pos 6732
alloc_pos 6980
alloc_pos 7048
alloc_pos 7236
alloc_pos 7316
alloc_pos 7508
alloc_pos 7568
alloc_pos 7812
alloc_pos 7892
alloc_pos 8080
alloc_pos 8288
alloc_pos 8356
alloc_pos 8412
alloc_pos 8452
alloc_pos 8612
alloc_pos 8852
alloc_pos 8928
alloc_pos 9140
alloc_pos 9236
alloc_pos 9264
alloc_pos 9396
alloc_pos 9452
alloc_pos 9688
alloc_pos 9884
alloc_pos 10060
alloc_pos 10084
alloc_pos 10176
alloc_pos 10412
alloc_pos 10472
alloc_pos 10516
alloc_pos 10760
alloc_pos 10984
alloc_pos 11212
alloc_pos 11460
alloc_pos 11688
alloc_pos 11776
alloc_pos 12008
alloc_pos 12144
alloc_pos 12356
alloc_pos 12488
alloc_pos 12752
alloc_pos 12808
alloc_pos 13032
alloc_pos 13280
alloc_pos 13368
alloc_pos 13480
alloc_pos 13720
alloc_pos 13800
alloc_pos 13948
alloc_pos 14200
alloc_pos 14416
alloc_pos 14580
alloc_pos 14748
alloc_pos 14880
alloc_pos 15072
alloc_pos 15188
alloc_pos 15436
alloc_pos 15568
alloc_pos 15752
alloc_pos 15856
alloc_pos 16044
alloc_pos 16096
alloc_pos 16208
alloc_pos 16440
alloc_pos 16616
alloc_pos 16844
alloc_pos 17028
alloc_pos 17116
alloc_pos 17316
alloc_pos 17452
alloc_pos 17616
alloc_pos 17796
alloc_pos 18008
alloc_pos 18064
alloc_pos 18200
alloc_pos 18396
alloc_pos 18604
alloc_pos 18740
alloc_pos 18900
alloc_pos 18968
alloc_pos 19064
alloc_pos 19136
alloc_pos 19204
alloc_pos 19360
alloc_pos 19472
alloc_pos 19560
alloc_pos 19676
alloc_pos 19816
alloc_pos 19904
alloc_pos 20080
alloc_pos 20172
alloc_pos 20296
alloc_pos 20544
alloc_pos 20600
alloc_pos 20768
alloc_pos 20916
alloc_pos 21080
alloc_pos 21164
alloc_pos 21332
alloc_pos 21416
alloc_pos 21664
alloc_pos 21736
alloc_pos 21936
alloc_pos 22052
alloc_pos 22108
alloc_pos 22148
alloc_pos 22280
alloc_pos 22468
alloc_pos 22652
alloc_pos 22792
alloc_pos 22912
alloc_pos 22936
alloc_pos 23144
alloc_pos 23276
alloc_pos 23536
alloc_pos 23780
alloc_pos 23812
alloc_pos 23892
alloc_pos 23952
alloc_pos 24100
alloc_pos 24328
alloc_pos 24528
alloc_pos 24764
alloc_pos 24900
alloc_pos 25084
alloc_pos 25172
alloc_pos 25236
alloc_pos 25444
alloc_pos 25572
alloc_pos 25784
alloc_pos 26028
alloc_pos 26116
alloc_pos 26364
alloc_pos 26580
alloc_pos 26808
alloc_pos 26920
alloc_pos 26992
alloc_pos 27196
alloc_pos 27436
alloc_pos 27620
alloc_pos 27736
alloc_pos 27892
alloc_pos 28096
alloc_pos 28288
alloc_pos 28344
alloc_pos 28596
alloc_pos 28800
alloc_pos 28976
alloc_pos 29060
alloc_pos 29268
alloc_pos 29416
alloc_pos 29492
alloc_pos 29736
alloc_pos 29916
alloc_pos 29948
alloc_pos 30120
alloc_pos 30320
alloc_pos 30492
alloc_pos 30524
alloc_pos 30636
alloc_pos 30808
alloc_pos 31016
alloc_pos 31184
alloc_pos 31292
alloc_pos 31360
alloc_pos 31456
alloc_pos 31528
alloc_pos 31592
alloc_pos 31816
alloc_pos 32012
alloc_pos 32176
alloc_pos 32228
alloc_pos 32480
alloc_pos 32560
alloc_pos 32624
alloc_pos 32664
alloc_pos 32796
alloc_pos 32984
alloc_pos 33160
alloc_pos 33324
alloc_pos 33552
alloc_pos 33712
alloc_pos 33912
alloc_pos 33944
alloc_pos 34080
alloc_pos 34312
alloc_pos 34420
alloc_pos 34608
alloc_pos 34652
alloc_pos 34808
alloc_pos 34832
alloc_pos 34888
alloc_pos 34988
alloc_pos 35040
alloc_pos 35168
alloc_pos 35268
alloc_pos 35524
alloc_pos 35616
alloc_pos 35784
alloc_pos 35960
alloc_pos 36160
alloc_pos 36200
alloc_pos 36464
alloc_pos 36608
alloc_pos 36764
alloc_pos 36880
alloc_pos 37120
alloc_pos 37356
alloc_pos 37388
alloc_pos 37412
alloc_pos 37516
alloc_pos 37624
alloc_pos 37684
alloc_pos 37832
alloc_pos 37996
alloc_pos 38156
alloc_pos 38312
alloc_pos 38544
alloc_pos 38688
alloc_pos 38768
alloc_pos 38960
alloc_pos 39036
alloc_pos 39132
alloc_pos 39360
alloc_pos 39392
alloc_pos 39512
alloc_pos 39664
alloc_pos 39868
alloc_pos 40124
alloc_pos 40188
alloc_pos 40400
alloc_pos 40460
alloc_pos 40548
alloc_pos 40680
alloc_pos 40876
alloc_pos 41108
alloc_pos 41348
alloc_pos 41424
alloc_pos 41512
alloc_pos 41644
alloc_pos 41816
alloc_pos 41900
alloc_pos 42012
alloc_pos 42232
alloc_pos 42316
alloc_pos 42488
alloc_pos 42584
alloc_pos 42716
alloc_pos 42792
alloc_pos 42980
alloc_pos 43068
alloc_pos 43164
alloc_pos 43360
alloc_pos 43616
alloc_pos 43812
alloc_pos 44040
alloc_pos 44280
alloc_pos 44528
alloc_pos 44596
alloc_pos 44784
alloc_pos 44864
alloc_pos 45056
alloc_pos 45116
alloc_pos 45360
alloc_pos 45440
alloc_pos 45628
alloc_pos 45836
alloc_pos 45904
alloc_pos 45960
alloc_pos 46000
alloc_pos 46160
alloc_pos 46400
alloc_pos 46476
alloc_pos 46688
alloc_pos 46784
alloc_pos 46812
alloc_pos 46944
alloc_pos 47000
alloc_pos 47236
alloc_pos 47432
alloc_pos 47608
alloc_pos 47632
alloc_pos 47724
alloc_pos 47960
alloc_pos 48020
alloc_pos 48064
alloc_pos 48308
alloc_pos 48532
alloc_pos 48760
alloc_pos 49008
alloc_pos 49236
alloc_pos 49324
alloc_pos 49556
alloc_pos 49692
alloc_pos 49904
alloc_pos 50036
alloc_pos 50300
alloc_pos 50356
alloc_pos 50580
alloc_pos 50828
alloc_pos 50916
alloc_pos 51028
alloc_pos 51268
alloc_pos 51348
alloc_pos 51496
alloc_pos 51748
alloc_pos 51964
alloc_pos 52128
alloc_pos 52296
alloc_pos 52428
alloc_pos 52620
alloc_pos 52736
alloc_pos 52984
alloc_pos 53116
alloc_pos 53300
alloc_pos 53404
alloc_pos 53592
alloc_pos 53644
alloc_pos 53756
alloc_pos 53988
alloc_pos 54164
alloc_pos 54392
alloc_pos 54576
alloc_pos 54664
alloc_pos 54864
alloc_pos 55000
alloc_pos 55164
alloc_pos 55344
alloc_pos 55556
alloc_pos 55612
alloc_pos 55748
alloc_pos 55944
alloc_pos 56152
alloc_pos 56288
alloc_pos 56448
alloc_pos 56516
alloc_pos 56612
alloc_pos 56684
alloc_pos 56752
alloc_pos 56908
alloc_pos 57020
alloc_pos 57108
alloc_pos 57224
alloc_pos 57364
alloc_pos 57452
alloc_pos 57628
alloc_pos 57720
alloc_pos 57844
alloc_pos 58092
alloc_pos 58148
alloc_pos 58316
alloc_pos 58464
alloc_pos 58628
alloc_pos 58712
alloc_pos 58880
alloc_pos 58964
alloc_pos 59212
alloc_pos 59284
alloc_pos 59484
alloc_pos 59600
alloc_pos 59656
alloc_pos 59696
alloc_pos 59828
alloc_pos 60016
alloc_pos 60200
alloc_pos 60340
alloc_pos 60460
alloc_pos 60484
alloc_pos 60692
alloc_pos 60824
alloc_pos 61084
alloc_pos 61328
alloc_pos 61360
alloc_pos 61440
alloc_pos 61500
alloc_pos 61648
alloc_pos 61876
alloc_pos 62076
alloc_pos 62312
alloc_pos 62448
alloc_pos 62632
alloc_pos 62720
alloc_pos 62784
alloc_pos 62992
alloc_pos 63120
alloc_pos 63332
alloc_pos 63576
alloc_pos 63664
alloc_pos 63912
alloc_pos 64128
alloc_pos 64356
alloc_pos 64468
alloc_pos 64540
alloc_pos 64744
alloc_pos 64984
alloc_pos 65168
alloc_pos 65284
alloc_pos 65440
alloc_pos 65644
alloc_pos 65836
alloc_pos 65892
alloc_pos 66144
alloc_pos 66348
alloc_pos 66524
alloc_pos 66608
alloc_pos 66816
alloc_pos 66964
alloc_pos 67040
alloc_pos 67284
alloc_pos 67464
alloc_pos 67496
alloc_pos 67668
alloc_pos 67868
alloc_pos 68040
alloc_pos 68072
alloc_pos 68184
alloc_pos 68356
alloc_pos 68564
alloc_pos 68732
alloc_pos 68840
alloc_pos 68908
alloc_pos 69004
alloc_pos 69076
alloc_pos 69140
alloc_pos 69364
alloc_pos 69560
alloc_pos 69724
alloc_pos 69776
alloc_pos 70028
alloc_pos 70108
alloc_pos 70172
alloc_pos 70212
alloc_pos 70344
alloc_pos 70532
alloc_pos 70708
alloc_pos 70872
alloc_pos 71100
alloc_pos 71260
alloc_pos 71460
alloc_pos 71492
alloc_pos 71628
alloc_pos 71860
alloc_pos 71968
alloc_pos 72156
alloc_pos 72200
alloc_pos 72356
alloc_pos 72380
alloc_pos 72436
alloc_pos 72536
alloc_pos 72588
alloc_pos 72716
alloc_pos 72816
alloc_pos 73072
alloc_pos 73164
alloc_pos 73332
alloc_pos 73508
alloc_pos 73708
alloc_pos 73748
alloc_pos 74012
alloc_pos 74156
alloc_pos 74312
alloc_pos 74428
alloc_pos 74668
alloc_pos 74904
alloc_pos 74936
alloc_pos 74960
alloc_pos 75064
alloc_pos 75172
alloc_pos 75232
alloc_pos 75380
alloc_pos 75544
alloc_pos 75704
alloc_pos 75860
alloc_pos 76092
alloc_pos 76236
alloc_pos 76316
alloc_pos 76508
alloc_pos 76584
alloc_pos 76680
alloc_pos 76908
alloc_pos 76940
alloc_pos 77060
alloc_pos 77212
alloc_pos 77416
alloc_pos 77672
alloc_pos 77736
alloc_pos 77948
alloc_pos 78008
alloc_pos 78096
alloc_pos 78228
alloc_pos 78424
alloc_pos 78656
alloc_pos 78896
alloc_pos 78972
alloc_pos 79060
alloc_pos 79192
alloc_pos 79364
alloc_pos 79448
alloc_pos 79560
alloc_pos 79780
alloc_pos 79864
alloc_pos 80036
alloc_pos 80132
alloc_pos 80264
alloc_pos 80340
alloc_pos 80528
alloc_pos 80616
alloc_pos 80712
alloc_pos 80908
alloc_pos 81164
alloc_pos 81360
alloc_pos 81588
alloc_pos 81828
alloc_pos 82076
alloc_pos 82144
alloc_pos 82332
alloc_pos 82412
alloc_pos 82604
alloc_pos 82664
alloc_pos 82908
alloc_pos 82988
alloc_pos 83176
alloc_pos 83384
alloc_pos 83452
alloc_pos 83508
alloc_pos 83548
alloc_pos 83708
alloc_pos 83948
alloc_pos 84024
alloc_pos 84236
alloc_pos 84332
alloc_pos 84360
alloc_pos 84492
alloc_pos 84548
alloc_pos 84784
alloc_pos 84980
alloc_pos 85156
alloc_pos 85180
alloc_pos 85272
alloc_pos 85508
alloc_pos 85568
alloc_pos 85612
alloc_pos 85856
alloc_pos 86080
alloc_pos 86308
alloc_pos 86556
alloc_pos 86784
alloc_pos 86872
alloc_pos 87104
alloc_pos 87240
alloc_pos 87452
alloc_pos 87584
alloc_pos 87848
alloc_pos 87904
alloc_pos 88128
alloc_pos 88376
alloc_pos 88464
alloc_pos 88576
alloc_pos 88816
alloc_pos 88896
alloc_pos 89044
alloc_pos 89296
alloc_pos 89512
alloc_pos 89676
alloc_pos 89844
alloc_pos 89976
alloc_pos 90168
alloc_pos 90284
alloc_pos 90532
alloc_pos 90664
alloc_pos 90848
alloc_pos 90952
alloc_pos 91140
alloc_pos 91192
alloc_pos 91304
alloc_pos 91536
alloc_pos 91712
alloc_pos 91940
alloc_pos 92124
alloc_pos 92212
alloc_pos 92412
alloc_pos 92548
alloc_pos 92712
alloc_pos 92892
alloc_pos 93104
alloc_pos 93160
alloc_pos 93296
alloc_pos 93492
alloc_pos 93700
alloc_pos 93836
alloc_pos 93996
alloc_pos 94064
alloc_pos 94160
alloc_pos 94232
alloc_pos 94300
alloc_pos 94456
alloc_pos 94568
alloc_pos 94656
alloc_pos 94772
alloc_pos 94912
alloc_pos 95000
alloc_pos 95176
alloc_pos 95268
alloc_pos 95392
alloc_pos 95640
alloc_pos 95696
alloc_pos 95864
alloc_pos 96012
alloc_pos 96176
alloc_pos 96260
alloc_pos 96428
alloc_pos 96512
alloc_pos 96760
alloc_pos 96832
alloc_pos 97032
alloc_pos 97148
alloc_pos 97204
alloc_pos 97244
alloc_pos 97376
alloc_pos 97564
alloc_pos 97748
alloc_pos 97888
alloc_pos 98008
alloc_pos 98032
alloc_pos 98240
alloc_pos 98372
alloc_pos 98632
alloc_pos 98876
alloc_pos 98908
alloc_pos 98988
alloc_pos 99048
alloc_pos 99196
alloc_pos 99424
alloc_pos 99624
alloc_pos 99860
alloc_pos 99996
alloc_pos 100180
alloc_pos 100268
alloc_pos 100332
alloc_pos 100540
alloc_pos 100668
alloc_pos 100880
alloc_pos 101124
alloc_pos 101212
alloc_pos 101460
alloc_pos 101676
alloc_pos 101904
alloc_pos 102016
alloc_pos 102088
alloc_pos 102292
alloc_pos 102532
alloc_pos 102716
alloc_pos 102832
alloc_pos 102988
alloc_pos 103192
alloc_pos 103384
alloc_pos 103440
alloc_pos 103692
alloc_pos 103896
alloc_pos 104072
alloc_pos 104156
alloc_pos 104364
alloc_pos 104512
alloc_pos 104588
alloc_pos 104832
alloc_pos 105012
alloc_pos 105044
alloc_pos 105216
alloc_pos 105416
alloc_pos 105588
alloc_pos 105620
alloc_pos 105732
alloc_pos 105904
alloc_pos 106112
alloc_pos 106280
alloc_pos 106388
alloc_pos 106456
alloc_pos 106552
alloc_pos 106624
alloc_pos 106688
alloc_pos 106912
alloc_pos 107108
alloc_pos 107272
alloc_pos 107324
alloc_pos 107576
alloc_pos 107656
alloc_pos 107720
alloc_pos 107760
alloc_pos 107892
alloc_pos 108080
alloc_pos 108256
alloc_pos 108420
alloc_pos 108648
alloc_pos 108808
alloc_pos 109008
alloc_pos 109040
alloc_pos 109176
alloc_pos 109408
alloc_pos 109516
alloc_pos 109704
alloc_pos 109748
alloc_pos 109904
alloc_pos 109928
alloc_pos 109984
alloc_pos 110084
alloc_pos 110136
alloc_pos 110264
alloc_pos 110364
alloc_pos 110620
alloc_pos 110712
alloc_pos 110880
alloc_pos 111056
alloc_pos 111256
alloc_pos 111296
alloc_pos 111560
alloc_pos 111704
alloc_pos 111860
alloc_pos 111976
alloc_pos 112216
alloc_pos 112452
alloc_pos 112484
alloc_pos 112508
alloc_pos 112612
alloc_pos 112720
alloc_pos 112780
alloc_pos 112928
alloc_pos 113092
alloc_pos 113252
alloc_pos 113408
alloc_pos 113640
alloc_pos 113784
alloc_pos 113864
alloc_pos 114056
alloc_pos 114132
alloc_pos 114228
alloc_pos 114456
alloc_pos 114488
alloc_pos 114608
alloc_pos 114760
alloc_pos 114964
alloc_pos 115220
alloc_pos 115284
alloc_pos 115496
alloc_pos 115556
alloc_pos 115644
alloc_pos 115776
alloc_pos 115972
alloc_pos 116204
alloc_pos 116444
alloc_pos 116520
alloc_pos 116608
alloc_pos 116740
alloc_pos 116912
alloc_pos 116996
alloc_pos 117108
alloc_pos 117328
alloc_pos 117412
alloc_pos 117584
alloc_pos 117680
alloc_pos 117812
alloc_pos 117888
alloc_pos 118076
alloc_pos 118164
alloc_pos 118260
alloc_pos 118456
alloc_pos 118712
alloc_pos 118908
alloc_pos 119136
alloc_pos 119376
alloc_pos 119624
alloc_pos 119692
alloc_pos 119880
alloc_pos 119960
alloc_pos 120152
alloc_pos 120212
alloc_pos 120456
alloc_pos 120536
alloc_pos 120724
alloc_pos 120932
alloc_pos 121000
alloc_pos 121056
alloc_pos 121096
alloc_pos 121256
alloc_pos 121496
alloc_pos 121572
alloc_pos 121784
alloc_pos 121880
alloc_pos 121908
alloc_pos 122040
alloc_pos 122096
alloc_pos 122332
alloc_pos 122528
alloc_pos 122704
alloc_pos 122728
alloc_pos 122820
alloc_pos 123056
alloc_pos 123116
alloc_pos 123160
alloc_pos 123404
alloc_pos 123628
alloc_pos 123856
alloc_pos 124104
alloc_pos 124332
alloc_pos 124420
alloc_pos 124652
alloc_pos 124788
alloc_pos 125000
alloc_pos 125132
alloc_pos 125396
alloc_pos 125452
alloc_pos 125676
alloc_pos 125924
alloc_pos 126012
alloc_pos 126124
alloc_pos 126364
alloc_pos 126444
alloc_pos 126592
alloc_pos 126844
alloc_pos 127060
alloc_pos 127224
alloc_pos 127392
alloc_pos 127524
alloc_pos 127716
alloc_pos 127832
alloc_pos 128080
alloc_pos 128212
alloc_pos 128396
alloc_pos 128500
alloc_pos 128688
alloc_pos 128740
alloc_pos 128852
alloc_pos 129084
alloc_pos 129260
alloc_pos 129488
alloc_pos 129672
alloc_pos 129760
alloc_pos 129960
alloc_pos 130096
alloc_pos 130260
alloc_pos 130440
alloc_pos 130652
alloc_pos 130708
alloc_pos 130844
alloc_pos 131040
alloc_pos 131248
alloc_pos 131384
alloc_pos 131544
alloc_pos 131612
alloc_pos 131708
alloc_pos 131780
alloc_pos 131848
alloc_pos 132004
alloc_pos 132116
alloc_pos 132204
alloc_pos 132320
alloc_pos 132460
alloc_pos 132548
alloc_pos 132724
alloc_pos 132816
alloc_pos 132940
alloc_pos 133188
alloc_pos 133244
alloc_pos 133412
alloc_pos 133560
alloc_pos 133724
alloc_pos 133808
alloc_pos 133976
alloc_pos 134060
alloc_pos 134308
alloc_pos 134380
alloc_pos 134580
alloc_pos 134696
alloc_pos 134752
alloc_pos 134792
alloc_pos 134924
alloc_pos 135112
alloc_pos 135296
alloc_pos 135436
alloc_pos 135556
alloc_pos 135580
alloc_pos 135788
alloc_pos 135920
alloc_pos 136180
alloc_pos 136424
alloc_pos 136456
alloc_pos 136536
alloc_pos 136596
alloc_pos 136744
alloc_pos 136972
alloc_pos 137172
alloc_pos 137408
alloc_pos 137544
alloc_pos 137728
alloc_pos 137816
alloc_pos 137880
alloc_pos 138088
alloc_pos 138216
alloc_pos 138428
alloc_pos 138672
alloc_pos 138760
alloc_pos 139008
alloc_pos 139224
alloc_pos 139452
alloc_pos 139564
alloc_pos 139636
alloc_pos 139840
alloc_pos 140080
alloc_pos 140264
alloc_pos 140380
alloc_pos 140536
alloc_pos 140740
alloc_pos 140932
alloc_pos 140988
alloc_pos 141240
alloc_pos 141444
alloc_pos 141620
alloc_pos 141704
alloc_pos 141912
alloc_pos 142060
alloc_pos 142136
alloc_pos 142380
alloc_pos 142560
alloc_pos 142592
alloc_pos 142764
alloc_pos 142964
alloc_pos 143136
alloc_pos 143168
alloc_pos 143280
alloc_pos 143452
alloc_pos 143660
alloc_pos 143828
alloc_pos 143936
alloc_pos 144004
alloc_pos 144100
alloc_pos 144172
alloc_pos 144236
alloc_pos 144460
alloc_pos 144656
alloc_pos 144820
alloc_pos 144872
alloc_pos 145124
alloc_pos 145204
alloc_pos 145268
alloc_pos 145308
alloc_pos 145440
alloc_pos 145628
alloc_pos 145804
alloc_pos 145968
alloc_pos 146196
alloc_pos 146356
alloc_pos 146556
alloc_pos 146588
alloc_pos 146724
alloc_pos 146956
alloc_pos 147064
alloc_pos 147252
alloc_pos 147296
alloc_pos 147452
alloc_pos 147476
alloc_pos 147532
alloc_pos 147632
alloc_pos 147684
alloc_pos 147812
alloc_pos 147912
alloc_pos 148168
alloc_pos 148260
alloc_pos 148428
alloc_pos 148604
alloc_pos 148804
alloc_pos 148844
alloc_pos 149108
alloc_pos 149252
alloc_pos 149408
alloc_pos 149524
alloc_pos 149764
alloc_pos 150000
alloc_pos 150032
alloc_pos 150056
alloc_pos 150160
alloc_pos 150268
alloc_pos 150328
alloc_pos 150476
alloc_pos 150640
alloc_pos 150800
alloc_pos 150956
alloc_pos 151188
alloc_pos 151332
alloc_pos 151412
alloc_pos 151604
alloc_pos 151680
alloc_pos 151776
alloc_pos 152004
alloc_pos 152036
alloc_pos 152156
alloc_pos 152308
alloc_pos 152512
alloc_pos 152768
alloc_pos 152832
alloc_pos 153044
alloc_pos 153104
alloc_pos 153192
alloc_pos 153324
alloc_pos 153520
alloc_pos 153752
alloc_pos 153992
alloc_pos 154068
alloc_pos 154156
alloc_pos 154288
alloc_pos 154460
alloc_pos 154544
alloc_pos 154656
alloc_pos 154876
alloc_pos 154960
alloc_pos 155132
alloc_pos 155228
alloc_pos 155360
alloc_pos 155436
alloc_pos 155624
alloc_pos 155712
alloc_pos 155808
alloc_pos 156004
alloc_pos 156260
alloc_pos 156456
alloc_pos 156684
alloc_pos 156924
alloc_pos 157172
alloc_pos 157240
alloc_pos 157428
alloc_pos 157508
alloc_pos 157700
alloc_pos 157760
alloc_pos 158004
alloc_pos 158084
alloc_pos 158272
alloc_pos 158480
alloc_pos 158548
alloc_pos 158604
alloc_pos 158644
alloc_pos 158804
alloc_pos 159044
alloc_pos 159120
alloc_pos 159332
alloc_pos 159428
alloc_pos 159456
alloc_pos 159588
alloc_pos 159644
alloc_pos 159880
alloc_pos 160076
alloc_pos 160252
alloc_pos 160276
alloc_pos 160368
alloc_pos 160604
alloc_pos 160664
alloc_pos 160708
alloc_pos 160952
alloc_pos 161176
alloc_pos 161404
alloc_pos 161652
alloc_pos 161880
alloc_pos 161968
alloc_pos 162200
alloc_pos 162336
alloc_pos 162548
alloc_pos 162680
alloc_pos 162944
alloc_pos 163000
alloc_pos 163224
alloc_pos 163472
alloc_pos 163560
alloc_pos 163672
alloc_pos 163912
alloc_pos 163992
alloc_pos 164140
alloc_pos 164392
alloc_pos 164608
alloc_pos 164772
alloc_pos 164940
alloc_pos 165072
alloc_pos 165264
alloc_pos 165380
alloc_pos 165628
alloc_pos 165760
alloc_pos 165944
alloc_pos 166048
alloc_pos 166236
alloc_pos 166288
alloc_pos 166400
alloc_pos 166632
alloc_pos 166808
alloc_pos 167036
alloc_pos 167220
alloc_pos 167308
alloc_pos 167508
alloc_pos 167644
alloc_pos 167808
alloc_pos 167988
alloc_pos 168200
alloc_pos 168256
alloc_pos 168392
alloc_pos 168588
alloc_pos 168796
alloc_pos 168932
alloc_pos 169092
alloc_pos 169160
alloc_pos 169256
alloc_pos 169328
alloc_pos 169396
alloc_pos 169552
alloc_pos 169664
alloc_pos 169752
alloc_pos 169868
alloc_pos 170008
alloc_pos 170096
alloc_pos 170272
alloc_pos 170364
alloc_pos 170488
alloc_pos 170736
alloc_pos 170792
alloc_pos 170960
alloc_pos 171108
alloc_pos 171272
alloc_pos 171356
alloc_pos 171524
alloc_pos 171608
alloc_pos 171856
alloc_pos 171928
alloc_pos 172128
alloc_pos 172244
alloc_pos 172300
alloc_pos 172340
alloc_pos 172472
alloc_pos 172660
alloc_pos 172844
alloc_pos 172984
alloc_pos 173104
alloc_pos 173128
alloc_pos 173336
alloc_pos 173468
alloc_pos 173728
alloc_pos 173972
alloc_pos 174004
alloc_pos 174084
alloc_pos 174144
alloc_pos 174292
alloc_pos 174520
alloc_pos 174720
alloc_pos 174956
alloc_pos 175092
alloc_pos 175276
alloc_pos 175364
alloc_pos 175428
alloc_pos 175636
alloc_pos 175764
alloc_pos 175976
alloc_pos 176220
alloc_pos 176308
alloc_pos 176556
alloc_pos 176772
alloc_pos 177000
alloc_pos 177112
alloc_pos 177184
alloc_pos 177388
alloc_pos 177628
alloc_pos 177812
alloc_pos 177928
alloc_pos 178084
alloc_pos 178288
alloc_pos 178480
alloc_pos 178536
alloc_pos 178788
alloc_pos 178992
alloc_pos 179168
alloc_pos 179252
alloc_pos 179460
alloc_pos 179608
alloc_pos 179684
alloc_pos 179928
alloc_pos 180108
alloc_pos 180140
alloc_pos 180312
alloc_pos 180512
alloc_pos 180684
alloc_pos 180716
alloc_pos 180828
alloc_pos 181000
alloc_pos 181208
alloc_pos 181376
alloc_pos 181484
alloc_pos 181552
alloc_pos 181648
alloc_pos 181720
alloc_pos 181784
alloc_pos 182008
alloc_pos 182204
alloc_pos 182368
alloc_pos 182420
alloc_pos 182672
alloc_pos 182752
alloc_pos 182816
alloc_pos 182856
alloc_pos 182988
alloc_pos 183176
alloc_pos 183352
alloc_pos 183516
alloc_pos 183744
alloc_pos 183904
alloc_pos 184104
alloc_pos 184136
alloc_pos 184272
alloc_pos 184504
alloc_pos 184612
alloc_pos 184800
alloc_pos 184844
alloc_pos 185000
alloc_pos 185024
alloc_pos 185080
alloc_pos 185180
alloc_pos 185232
alloc_pos 185360
alloc_pos 185460
alloc_pos 185716
alloc_pos 185808
alloc_pos 185976
alloc_pos 186152
alloc_pos 186352
alloc_pos 186392
alloc_pos 186656
alloc_pos 186800
alloc_pos 186956
alloc_pos 187072
alloc_pos 187312
alloc_pos 187548
alloc_pos 187580
alloc_pos 187604
alloc_pos 187708
alloc_pos 187816
alloc_pos 187876
alloc_pos 188024
alloc_pos 188188
alloc_pos 188348
alloc_pos 188504
alloc_pos 188736
alloc_pos 188880
alloc_pos 188960
alloc_pos 189152
alloc_pos 189228
alloc_pos 189324
alloc_pos 189552
alloc_pos 189584
alloc_pos 189704
alloc_pos 189856
alloc_pos 190060
alloc_pos 190316
alloc_pos 190380
alloc_pos 190592
alloc_pos 190652
alloc_pos 190740
alloc_pos 190872
alloc_pos 191068
alloc_pos 191300
alloc_pos 191540
alloc_pos 191616
alloc_pos 191704
alloc_pos 191836
alloc_pos 192008
alloc_pos 192092
alloc_pos 192204
alloc_pos 192424
alloc_pos 192508
alloc_pos 192680
alloc_pos 192776
alloc_pos 192908
alloc_pos 192984
alloc_pos 193172
alloc_pos 193260
alloc_pos 193356
alloc_pos 193552
alloc_pos 193808
alloc_pos 194004
alloc_pos 194232
alloc_pos 194472
alloc_pos 194720
alloc_pos 194788
alloc_pos 194976
alloc_pos 195056
alloc_pos 195248
alloc_pos 195308
alloc_pos 195552
alloc_pos 195632
alloc_pos 195820
alloc_pos 196028
alloc_pos 196096
alloc_pos 196152
alloc_pos 196192
alloc_pos 196352
alloc_pos 196592
alloc_pos 196668
alloc_pos 196880
alloc_pos 196976
alloc_pos 197004
alloc_pos 197136
alloc_pos 197192
alloc_pos 197428
alloc_pos 197624
alloc_pos 197800
alloc_pos 197824
alloc_pos 197916
alloc_pos 198152
alloc_pos 198212
alloc_pos 198256
alloc_pos 198500
alloc_pos 198724
alloc_pos 198952
alloc_pos 199200
alloc_pos 199428
alloc_pos 199516
alloc_pos 199748
alloc_pos 199884
alloc_pos 200096
alloc_pos 200228
alloc_pos 200492
alloc_pos 200548
alloc_pos 200772
alloc_pos 201020
alloc_pos 201108
alloc_pos 201220
alloc_pos 201460
alloc_pos 201540
alloc_pos 201688
alloc_pos 201940
alloc_pos 202156
alloc_pos 202320
alloc_pos 202488
alloc_pos 202620
alloc_pos 202812
alloc_pos 202928
alloc_pos 203176
alloc_pos 203308
alloc_pos 203492
alloc_pos 203596
alloc_pos 203784
alloc_pos 203836
alloc_pos 203948
alloc_pos 204180
alloc_pos 204356
alloc_pos 204584
alloc_pos 204768
alloc_pos 204856
alloc_pos 205056
alloc_pos 205192
alloc_pos 205356
alloc_pos 205536
alloc_pos 205748
alloc_pos 205804
alloc_pos 205940
alloc_pos 206136
alloc_pos 206344
alloc_pos 206480
alloc_pos 206640
alloc_pos 206708
alloc_pos 206804
alloc_pos 206876
alloc_pos 206944
alloc_pos 207100
alloc_pos 207212
alloc_pos 207300
alloc_pos 207416
alloc_pos 207556
alloc_pos 207644
alloc_pos 207820
alloc_pos 207912
alloc_pos 208036
alloc_pos 208284
alloc_pos 208340
alloc_pos 208508
alloc_pos 208656
alloc_pos 208820
alloc_pos 208904
alloc_pos 209072
alloc_pos 209156
alloc_pos 209404
alloc_pos 209476
alloc_pos 209676
alloc_pos 209792
alloc_pos 209848
alloc_pos 209888
alloc_pos 210020
alloc_pos 210208
alloc_pos 210392
alloc_pos 210532
alloc_pos 210652
alloc_pos 210676
alloc_pos 210884
alloc_pos 211016
alloc_pos 211276
alloc_pos 211520
alloc_pos 211552
alloc_pos 211632
alloc_pos 211692
alloc_pos 211840
alloc_pos 212068
alloc_pos 212268
alloc_pos 212504
alloc_pos 212640
alloc_pos 212824
alloc_pos 212912
alloc_pos 212976
alloc_pos 213184
alloc_pos 213312
alloc_pos 213524
alloc_pos 213768
alloc_pos 213856
alloc_pos 214104
alloc_pos 214320
alloc_pos 214548
alloc_pos 214660
alloc_pos 214732
alloc_pos 214936
alloc_pos 215176
alloc_pos 215360
alloc_pos 215476
alloc_pos 215632
alloc_pos 215836
alloc_pos 216028
alloc_pos 216084
alloc_pos 216336
alloc_pos 216540
alloc_pos 216716
alloc_pos 216800
alloc_pos 217008
alloc_pos 217156
alloc_pos 217232
alloc_pos 217476
alloc_pos 217656
alloc_pos 217688
alloc_pos 217860
alloc_pos 218060
alloc_pos 218232
alloc_pos 218264
alloc_pos 218376
alloc_pos 218548
alloc_pos 218756
alloc_pos 218924
alloc_pos 219032
alloc_pos 219100
alloc_pos 219196
alloc_pos 219268
alloc_pos 219332
alloc_pos 219556
alloc_pos 219752
alloc_pos 219916
alloc_pos 219968
alloc_pos 220220
alloc_pos 220300
alloc_pos 220364
alloc_pos 220404
alloc_pos 220536
alloc_pos 220724
alloc_pos 220900
alloc_pos 221064
alloc_pos 221292
alloc_pos 221452
alloc_pos 221652
alloc_pos 221684
alloc_pos 221820
alloc_pos 222052
alloc_pos 222160
alloc_pos 222348
alloc_pos 222392
alloc_pos 222548
alloc_pos 222572
alloc_pos 222628
alloc_pos 222728
alloc_pos 222780
alloc_pos 222908
alloc_pos 223008
alloc_pos 223264
alloc_pos 223356
alloc_pos 223524
alloc_pos 223700
alloc_pos 223900
alloc_pos 223940
alloc_pos 224204
alloc_pos 224348
alloc_pos 224504
alloc_pos 224620
alloc_pos 224860
alloc_pos 225096
alloc_pos 225128
alloc_pos 225152
alloc_pos 225256
alloc_pos 225364
alloc_pos 225424
alloc_pos 225572
alloc_pos 225736
alloc_pos 225896
alloc_pos 226052
alloc_pos 226284
alloc_pos 226428
alloc_pos 226508
alloc_pos 226700
alloc_pos 226776
alloc_pos 226872
alloc_pos 227100
alloc_pos 227132
alloc_pos 227252
alloc_pos 227404
alloc_pos 227608
alloc_pos 227864
alloc_pos 227928
alloc_pos 228140
alloc_pos 228200
alloc_pos 228288
alloc_pos 228420
alloc_pos 228616
alloc_pos 228848
alloc_pos 229088
alloc_pos 229164
alloc_pos 229252
alloc_pos 229384
alloc_pos 229556
alloc_pos 229640
alloc_pos 229752
alloc_pos 229972
alloc_pos 230056
alloc_pos 230228
alloc_pos 230324
alloc_pos 230456
alloc_pos 230532
alloc_pos 230720
alloc_pos 230808
alloc_pos 230904
alloc_pos 231100
alloc_pos 231356
alloc_pos 231552
alloc_pos 231780
alloc_pos 232020
alloc_pos 232268
alloc_pos 232336
alloc_pos 232524
alloc_pos 232604
alloc_pos 232796
alloc_pos 232856
alloc_pos 233100
alloc_pos 233180
alloc_pos 233368
alloc_pos 233576
alloc_pos 233644
alloc_pos 233700
alloc_pos 233740
alloc_pos 233900
alloc_pos 234140
alloc_pos 234216
alloc_pos 234428
alloc_pos 234524
alloc_pos 234552
alloc_pos 234684
alloc_pos 234740
alloc_pos 234976
alloc_pos 235172
alloc_pos 235348
alloc_pos 235372
alloc_pos 235464
alloc_pos 235700
alloc_pos 235760
alloc_pos 235804
alloc_pos 236048
alloc_pos 236272
alloc_pos 236500
alloc_pos 236748
alloc_pos 236976
alloc_pos 237064
alloc_pos 237296
alloc_pos 237432
alloc_pos 237644
alloc_pos 237776
alloc_pos 238040
alloc_pos 238096
alloc_pos 238320
alloc_pos 238568
alloc_pos 238656
alloc_pos 238768
alloc_pos 239008
alloc_pos 239088
alloc_pos 239236
alloc_pos 239488
alloc_pos 239704
alloc_pos 239868
alloc_pos 240036
alloc_pos 240168
alloc_pos 240360
alloc_pos 240476
alloc_pos 240724
alloc_pos 240856
alloc_pos 241040
alloc_pos 241144
alloc_pos 241332
alloc_pos 241384
alloc_pos 241496
alloc_pos 241728
alloc_pos 241904
alloc_pos 242132
alloc_pos 242316
alloc_pos 242404
alloc_pos 242604
alloc_pos 242740
alloc_pos 242904
alloc_pos 243084
alloc_pos 243296
alloc_pos 243352
alloc_pos 243488
alloc_pos 243684
alloc_pos 243892
alloc_pos 244028
alloc_pos 244188
alloc_pos 244256
alloc_pos 244352
alloc_pos 244424
alloc_pos 244492
alloc_pos 244648
alloc_pos 244760
alloc_pos 244848
alloc_pos 244964
alloc_pos 245104
alloc_pos 245192
alloc_pos 245368
alloc_pos 245460
alloc_pos 245584
alloc_pos 245832
alloc_pos 245888
alloc_pos 246056
alloc_pos 246204
alloc_pos 246368
alloc_pos 246452
alloc_pos 246620
alloc_pos 246704
alloc_pos 246952
alloc_pos 247024
alloc_pos 247224
alloc_pos 247340
alloc_pos 247396
alloc_pos 247436
alloc_pos 247568
alloc_pos 247756
alloc_pos 247940
alloc_pos 248080
alloc_pos 248200
alloc_pos 248224
alloc_pos 248432
alloc_pos 248564
alloc_pos 248824
alloc_pos 249068
alloc_pos 249100
alloc_pos 249180
alloc_pos 249240
alloc_pos 249388
alloc_pos 249616
alloc_pos 249816
alloc_pos 250052
alloc_pos 250188
alloc_pos 250372
alloc_pos 250460
alloc_pos 250524
alloc_pos 250732
alloc_pos 250860
alloc_pos 251072
alloc_pos 251316
alloc_pos 251404
alloc_pos 251652
alloc_pos 251868
alloc_pos 252096
alloc_pos 252208
alloc_pos 252280
alloc_pos 252484
alloc_pos 252724
alloc_pos 252908
alloc_pos 253024
alloc_pos 253180
alloc_pos 253384
alloc_pos 253576
alloc_pos 253632
alloc_pos 253884
alloc_pos 254088
alloc_pos 254264
alloc_pos 254348
alloc_pos 254556
alloc_pos 254704
alloc_pos 254780
alloc_pos 255024
alloc_pos 255204
alloc_pos 255236
alloc_pos 255408
alloc_pos 255608
alloc_pos 255780
alloc_pos 255812
alloc_pos 255924
alloc_pos 256096
alloc_pos 256304
alloc_pos 256472
alloc_pos 256580
alloc_pos 256648
alloc_pos 256744
alloc_pos 256816
alloc_pos 256880
alloc_pos 257104
alloc_pos 257300
alloc_pos 257464
alloc_pos 257516
alloc_pos 257768
alloc_pos 257848
alloc_pos 257912
alloc_pos 257952
alloc_pos 258084
alloc_pos 258272
alloc_pos 258448
alloc_pos 258612
alloc_pos 258840
alloc_pos 259000
alloc_pos 259200
alloc_pos 259232
alloc_pos 259368
alloc_pos 259600
alloc_pos 259708
alloc_pos 259896
alloc_pos 259940
alloc_pos 260096
alloc_pos 260120
alloc_pos 260176
alloc_pos 260276
alloc_pos 260328
alloc_pos 260456
alloc_pos 260556
alloc_pos 260812
alloc_pos 260904
alloc_pos 261072
alloc_pos 261248
alloc_pos 261448
alloc_pos 261488
alloc_pos 261752
alloc_pos 261896
alloc_pos -1

