reason: unexpected exit code -6
--- stdout ---
CHENEY GENERATOR!
--- stderr ---
alloc_pos 8
alloc_pos 1040
alloc_pos 1056
alloc_pos 1112
alloc_pos 1128
alloc_pos 1296
alloc_pos 1312
alloc_pos 1552
alloc_pos 1568
alloc_pos 1796
alloc_pos 1812
alloc_pos 2028
alloc_pos 2044
alloc_pos 2084
alloc_pos 2100
alloc_pos 2188
alloc_pos 2204
alloc_pos 2256
alloc_pos 2272
alloc_pos 2420
alloc_pos 2436
alloc_pos 2652
alloc_pos 2668
alloc_pos 2804
alloc_pos 2820
alloc_pos 2964
alloc_pos 2980
alloc_pos 3168
alloc_pos 3184
alloc_pos 3304
alloc_pos 3320
alloc_pos 3544
alloc_pos 3560
alloc_pos 3636
alloc_pos 3652
alloc_pos 3700
alloc_pos 3716
alloc_pos 3864
alloc_pos 3880
alloc_pos 3908
alloc_pos 3924
alloc_pos 4176
alloc_pos 4192
alloc_pos 4428
alloc_pos 4444
alloc_pos 4564
alloc_pos 4580
alloc_pos 4712
alloc_pos 4728
alloc_pos 4904
alloc_pos 4920
alloc_pos 5136
alloc_pos 5152
alloc_pos 5372
alloc_pos 5388
alloc_pos 5412
alloc_pos 5428
alloc_pos 5628
alloc_pos 5644
alloc_pos 5780
alloc_pos 5796
alloc_pos 5888
alloc_pos 5904
alloc_pos 6112
alloc_pos 6128
alloc_pos 6356
alloc_pos 6372
alloc_pos 6452
alloc_pos 6468
alloc_pos 6640
alloc_pos 6656
alloc_pos 6920
alloc_pos 6936
alloc_pos 6984
alloc_pos 7000
alloc_pos 7252
alloc_pos 7268
alloc_pos 7372
alloc_pos 7388
alloc_pos 7416
alloc_pos 7432
alloc_pos 7460
alloc_pos 7476
alloc_pos 7504
alloc_pos 7520
alloc_pos 7708
alloc_pos 7724
alloc_pos 7884
alloc_pos 7900
alloc_pos 7924
alloc_pos 7940
alloc_pos 8204
alloc_pos 8220
alloc_pos 8468
alloc_pos 8484
alloc_pos 8604
alloc_pos 8620
alloc_pos 8816
alloc_pos 8832
alloc_pos 8908
alloc_pos 8924
alloc_pos 9056
alloc_pos 9072
alloc_pos 9280
alloc_pos 9296
alloc_pos 9324
alloc_pos 9340
alloc_pos 9496
alloc_pos 9512
alloc_pos 9592
alloc_pos 9608
alloc_pos 9824
alloc_pos 9840
alloc_pos 9976
alloc_pos 9992
alloc_pos 10256
alloc_pos 10272
alloc_pos 10420
alloc_pos 10436
alloc_pos 10600
alloc_pos 10616
alloc_pos 10696
alloc_pos 10712
alloc_pos 10824
alloc_pos 10840
alloc_pos 10920
alloc_pos 10936
alloc_pos 11132
alloc_pos 11148
alloc_pos 11228
alloc_pos 11244
alloc_pos 11460
alloc_pos 11476
alloc_pos 11616
alloc_pos 11632
alloc_pos 11896
alloc_pos 11912
alloc_pos 12008
alloc_pos 12024
alloc_pos 12284
alloc_pos 12300
alloc_pos 12328
alloc_pos 12344
alloc_pos 12472
alloc_pos 12488
alloc_pos 12724
alloc_pos 12740
alloc_pos 12996
alloc_pos 13012
alloc_pos 13176
alloc_pos 13192
alloc_pos 13452
alloc_pos 13468
alloc_pos 13656
alloc_pos 13672
alloc_pos 13720
alloc_pos 13736
alloc_pos 13804
alloc_pos 13820
alloc_pos 14004
alloc_pos 14020
alloc_pos 14228
alloc_pos 14244
alloc_pos 14488
alloc_pos 14504
alloc_pos 14600
alloc_pos 14616
alloc_pos 14668
alloc_pos 14684
alloc_pos 14896
alloc_pos 14912
alloc_pos 15020
alloc_pos 15036
alloc_pos 15288
alloc_pos 15304
alloc_pos 15512
alloc_pos 15528
alloc_pos 15732
alloc_pos 15748
alloc_pos 15900
alloc_pos 15916
alloc_pos 16176
alloc_pos 16192
alloc_pos 16324
alloc_pos 16340
alloc_pos 16492
alloc_pos 16508
alloc_pos 16744
alloc_pos 16760
alloc_pos 17016
alloc_pos 17032
alloc_pos 17224
alloc_pos 17240
alloc_pos 17312
alloc_pos 17328
alloc_pos 17428
alloc_pos 17444
alloc_pos 17540
alloc_pos 17556
alloc_pos 17728
alloc_pos 17744
alloc_pos 17992
alloc_pos 18008
alloc_pos 18156
alloc_pos 18172
alloc_pos 18412
alloc_pos 18428
alloc_pos 18692
alloc_pos 18708
alloc_pos 18860
alloc_pos 18876
alloc_pos 19000
alloc_pos 19016
alloc_pos 19188
alloc_pos 19204
alloc_pos 19444
alloc_pos 19460
alloc_pos 19492
alloc_pos 19508
alloc_pos 19652
alloc_pos 19668
alloc_pos 19752
alloc_pos 19768
alloc_pos 19980
alloc_pos 19996
alloc_pos 20224
alloc_pos 20240
alloc_pos 20364
alloc_pos 20380
alloc_pos 20508
alloc_pos 20524
alloc_pos 20716
alloc_pos 20732
alloc_pos 20800
alloc_pos 20816
alloc_pos 20932
alloc_pos 20948
alloc_pos 21112
alloc_pos 21128
alloc_pos 21376
alloc_pos 21392
alloc_pos 21592
alloc_pos 21608
alloc_pos 21828
alloc_pos 21844
alloc_pos 22040
alloc_pos 22056
alloc_pos 22268
alloc_pos 22284
alloc_pos 22400
alloc_pos 22416
alloc_pos 22460
alloc_pos 22476
alloc_pos 22612
alloc_pos 22628
alloc_pos 22820
alloc_pos 22836
alloc_pos 22988
alloc_pos 23004
alloc_pos 23052
alloc_pos 23068
alloc_pos 23288
alloc_pos 23304
alloc_pos 23368
alloc_pos 23384
alloc_pos 23540
alloc_pos 23556
alloc_pos 23792
alloc_pos 23808
alloc_pos 23932
alloc_pos 23948
alloc_pos 24064
alloc_pos 24080
alloc_pos 24228
alloc_pos 24244
alloc_pos 24452
alloc_pos 24468
alloc_pos 24496
alloc_pos 24512
alloc_pos 24656
alloc_pos 24672
alloc_pos 24704
alloc_pos 24720
alloc_pos 24820
alloc_pos 24836
alloc_pos 25040
alloc_pos 25056
alloc_pos 25296
alloc_pos 25312
alloc_pos 25492
alloc_pos 25508
alloc_pos 25680
alloc_pos 25696
alloc_pos 25868
alloc_pos 25884
alloc_pos 26008
alloc_pos 26024
alloc_pos 26212
alloc_pos 26228
alloc_pos 26292
alloc_pos 26308
alloc_pos 26372
alloc_pos 26388
alloc_pos 26540
alloc_pos 26556
alloc_pos 26636
alloc_pos 26652
alloc_pos 26676
alloc_pos 26692
alloc_pos 26912
alloc_pos 26928
alloc_pos 27000
alloc_pos 27016
alloc_pos 27176
alloc_pos 27192
alloc_pos 27448
alloc_pos 27464
alloc_pos 27708
alloc_pos 27724
alloc_pos 27888
alloc_pos 27904
alloc_pos 27984
alloc_pos 28000
alloc_pos 28124
alloc_pos 28140
alloc_pos 28292
alloc_pos 28308
alloc_pos 28420
alloc_pos 28436
alloc_pos 28700
alloc_pos 28716
alloc_pos 28956
alloc_pos 28972
alloc_pos 29140
alloc_pos 29156
alloc_pos 29268
alloc_pos 29284
alloc_pos 29424
alloc_pos 29440
alloc_pos 29696
alloc_pos 29712
alloc_pos 29804
alloc_pos 29820
alloc_pos 30012
alloc_pos 30028
alloc_pos 30192
alloc_pos 30208
alloc_pos 30384
alloc_pos 30400
alloc_pos 30608
alloc_pos 30624
alloc_pos 30648
alloc_pos 30664
alloc_pos 30784
alloc_pos 30800
alloc_pos 31024
alloc_pos 31040
alloc_pos 31280
alloc_pos 31296
alloc_pos 31528
alloc_pos 31544
alloc_pos 31792
alloc_pos 31808
alloc_pos 32072
alloc_pos 32088
alloc_pos 32300
alloc_pos 32316
alloc_pos 32468
alloc_pos 32484
alloc_pos 32712
alloc_pos 32728
alloc_pos 32784
alloc_pos 32800
alloc_pos 32956
alloc_pos 32972
alloc_pos 33192
alloc_pos 33208
alloc_pos 33372
alloc_pos 33388
alloc_pos 33464
alloc_pos 33480
alloc_pos 33612
alloc_pos 33628
alloc_pos 33892
alloc_pos 33908
alloc_pos 33944
alloc_pos 33960
alloc_pos 34104
alloc_pos 34120
alloc_pos 34364
alloc_pos 34380
alloc_pos 34496
alloc_pos 34512
alloc_pos 34680
alloc_pos 34696
alloc_pos 34860
alloc_pos 34876
alloc_pos 34948
alloc_pos 34964
alloc_pos 35228
alloc_pos 35244
alloc_pos 35396
alloc_pos 35412
alloc_pos 35540
alloc_pos 35556
alloc_pos 35704
alloc_pos 35720
alloc_pos 35952
alloc_pos 35968
alloc_pos 36080
alloc_pos 36096
alloc_pos 36224
alloc_pos 36240
alloc_pos 36352
alloc_pos 36368
alloc_pos 36392
alloc_pos 36408
alloc_pos 36568
alloc_pos 36584
alloc_pos 36744
alloc_pos 36760
alloc_pos 36940
alloc_pos 36956
alloc_pos 37180
alloc_pos 37196
alloc_pos 37376
alloc_pos 37392
alloc_pos 37500
alloc_pos 37516
alloc_pos 37656
alloc_pos 37672
alloc_pos 37848
alloc_pos 37864
alloc_pos 37892
alloc_pos 37908
alloc_pos 38136
alloc_pos 38152
alloc_pos 38232
alloc_pos 38248
alloc_pos 38432
alloc_pos 38448
alloc_pos 38516
alloc_pos 38532
alloc_pos 38696
alloc_pos 38712
alloc_pos 38884
alloc_pos 38900
alloc_pos 38968
alloc_pos 38984
alloc_pos 39228
alloc_pos 39244
alloc_pos 39288
alloc_pos 39304
alloc_pos 39532
alloc_pos 39548
alloc_pos 39712
alloc_pos 39728
alloc_pos 39956
alloc_pos 39972
alloc_pos 40212
alloc_pos 40228
alloc_pos 40460
alloc_pos 40476
alloc_pos 40736
alloc_pos 40752
alloc_pos 40840
alloc_pos 40856
alloc_pos 40888
alloc_pos 40904
alloc_pos 41140
alloc_pos 41156
alloc_pos 41420
alloc_pos 41436
alloc_pos 41632
alloc_pos 41648
alloc_pos 41688
alloc_pos 41704
alloc_pos 41748
alloc_pos 41764
alloc_pos 42008
alloc_pos 42024
alloc_pos 42052
alloc_pos 42068
alloc_pos 42204
alloc_pos 42220
alloc_pos 42244
alloc_pos 42260
alloc_pos 42476
alloc_pos 42492
alloc_pos 42708
alloc_pos 42724
alloc_pos 42816
alloc_pos 42832
alloc_pos 42916
alloc_pos 42932
alloc_pos 43024
alloc_pos 43040
alloc_pos 43092
alloc_pos 43108
alloc_pos 43336
alloc_pos 43352
alloc_pos 43532
alloc_pos 43548
alloc_pos 43616
alloc_pos 43632
alloc_pos 43744
alloc_pos 43760
alloc_pos 43856
alloc_pos 43872
alloc_pos 43912
alloc_pos 43928
alloc_pos 43992
alloc_pos 44008
alloc_pos 44072
alloc_pos 44128
alloc_pos 44296
alloc_pos 44536
alloc_pos 44764
alloc_pos 44980
alloc_pos 45020
alloc_pos 45108
alloc_pos 45160
alloc_pos 45308
alloc_pos 45524
alloc_pos 45660
alloc_pos 45804
alloc_pos 45992
alloc_pos 46112
alloc_pos 46336
alloc_pos 46412
alloc_pos 46460
alloc_pos 46608
alloc_pos 46636
alloc_pos 46888
alloc_pos 47124
alloc_pos 47244
alloc_pos 47376
alloc_pos 47552
alloc_pos 47768
alloc_pos 47988
alloc_pos 48012
alloc_pos 48212
alloc_pos 48348
alloc_pos 48440
alloc_pos 48648
alloc_pos 48876
alloc_pos 48956
alloc_pos 49128
alloc_pos 49392
alloc_pos 49440
alloc_pos 49692
alloc_pos 49796
alloc_pos 49824
alloc_pos 49852
alloc_pos 49880
alloc_pos 50068
alloc_pos 50228
alloc_pos 50252
alloc_pos 50516
alloc_pos 50764
alloc_pos 50884
alloc_pos 51080
alloc_pos 51156
alloc_pos 51288
alloc_pos 51496
alloc_pos 51524
alloc_pos 51680
alloc_pos 51760
alloc_pos 51976
alloc_pos 52112
alloc_pos 52376
alloc_pos 52524
alloc_pos 52688
alloc_pos 52768
alloc_pos 52880
alloc_pos 52960
alloc_pos 53156
alloc_pos 53236
alloc_pos 53452
alloc_pos 53592
alloc_pos 53856
alloc_pos 53952
alloc_pos 54212
alloc_pos 54240
alloc_pos 54368
alloc_pos 54604
alloc_pos 54860
alloc_pos 55024
alloc_pos 55284
alloc_pos 55472
alloc_pos 55520
alloc_pos 55588
alloc_pos 55772
alloc_pos 55980
alloc_pos 56224
alloc_pos 56320
alloc_pos 56372
alloc_pos 56584
alloc_pos 56692
alloc_pos 56944
alloc_pos 57152
alloc_pos 57356
alloc_pos 57508
alloc_pos 57768
alloc_pos 57900
alloc_pos 58052
alloc_pos 58288
alloc_pos 58544
alloc_pos 58736
alloc_pos 58808
alloc_pos 58908
alloc_pos 59004
alloc_pos 59176
alloc_pos 59424
alloc_pos 59572
alloc_pos 59812
alloc_pos 60076
alloc_pos 60228
alloc_pos 60352
alloc_pos 60524
alloc_pos 60764
alloc_pos 60796
alloc_pos 60940
alloc_pos 61024
alloc_pos 61236
alloc_pos 61464
alloc_pos 61588
alloc_pos 61716
alloc_pos 61908
alloc_pos 61976
alloc_pos 62092
alloc_pos 62256
alloc_pos 62504
alloc_pos 62704
alloc_pos 62924
alloc_pos 63120
alloc_pos 63332
alloc_pos 63448
alloc_pos 63492
alloc_pos 63628
alloc_pos 63820
alloc_pos 63972
alloc_pos 64020
alloc_pos 64240
alloc_pos 64304
alloc_pos 64460
alloc_pos 64696
alloc_pos 64820
alloc_pos 64936
alloc_pos 65084
alloc_pos 65292
alloc_pos 65320
alloc_pos 65464
alloc_pos 65496
alloc_pos 65596
alloc_pos 65800
alloc_pos 66040
alloc_pos 66220
alloc_pos 66392
alloc_pos 66564
alloc_pos 66688
alloc_pos 66876
alloc_pos 66940
alloc_pos 67004
alloc_pos 67156
alloc_pos 67236
alloc_pos 67260
alloc_pos 67480
alloc_pos 67552
alloc_pos 67712
alloc_pos 67968
alloc_pos 68212
alloc_pos 68376
alloc_pos 68456
alloc_pos 68580
alloc_pos 68732
alloc_pos 68844
alloc_pos 69108
alloc_pos 69348
alloc_pos 69516
alloc_pos 69628
alloc_pos 69768
alloc_pos 70024
alloc_pos 70116
alloc_pos 70308
alloc_pos 70472
alloc_pos 70648
alloc_pos 70856
alloc_pos 70880
alloc_pos 71000
alloc_pos 71224
alloc_pos 71464
alloc_pos 71696
alloc_pos 71944
alloc_pos 72208
alloc_pos 72420
alloc_pos 72572
alloc_pos 72800
alloc_pos 72856
alloc_pos 73012
alloc_pos 73232
alloc_pos 73396
alloc_pos 73472
alloc_pos 73604
alloc_pos 73868
alloc_pos 73904
alloc_pos 74048
alloc_pos 74292
alloc_pos 74408
alloc_pos 74576
alloc_pos 74740
alloc_pos 74812
alloc_pos 75076
alloc_pos 75228
alloc_pos 75356
alloc_pos 75504
alloc_pos 75736
alloc_pos 75848
alloc_pos 75976
alloc_pos 76088
alloc_pos 76112
alloc_pos 76272
alloc_pos 76432
alloc_pos 76612
alloc_pos 76836
alloc_pos 77016
alloc_pos 77124
alloc_pos 77264
alloc_pos 77440
alloc_pos 77468
alloc_pos 77696
alloc_pos 77776
alloc_pos 77960
alloc_pos 78028
alloc_pos 78192
alloc_pos 78364
alloc_pos 78432
alloc_pos 78676
alloc_pos 78720
alloc_pos 78948
alloc_pos 79112
alloc_pos 79340
alloc_pos 79580
alloc_pos 79812
alloc_pos 80072
alloc_pos 80160
alloc_pos 80192
alloc_pos 80428
alloc_pos 80692
alloc_pos 80888
alloc_pos 80928
alloc_pos 80972
alloc_pos 81216
alloc_pos 81244
alloc_pos 81380
alloc_pos 81404
alloc_pos 81620
alloc_pos 81836
alloc_pos 81928
alloc_pos 82012
alloc_pos 82104
alloc_pos 82156
alloc_pos 82384
alloc_pos 82564
alloc_pos 82632
alloc_pos 82744
alloc_pos 82840
alloc_pos 82880
alloc_pos 82944
alloc_pos 83008
alloc_pos 83064
alloc_pos 83232
alloc_pos 83472
alloc_pos 83700
alloc_pos 83916
alloc_pos 83956
alloc_pos 84044
alloc_pos 84096
alloc_pos 84244
alloc_pos 84460
alloc_pos 84596
alloc_pos 84740
alloc_pos 84928
alloc_pos 85048
alloc_pos 85272
alloc_pos 85348
alloc_pos 85396
alloc_pos 85544
alloc_pos 85572
alloc_pos 85824
alloc_pos 86060
alloc_pos 86180
alloc_pos 86312
alloc_pos 86488
alloc_pos 86704
alloc_pos 86924
alloc_pos 86948
alloc_pos 87148
alloc_pos 87284
alloc_pos 87376
alloc_pos 87584
alloc_pos 87812
alloc_pos 87892
alloc_pos 88064
alloc_pos 88328
alloc_pos 88376
alloc_pos 88628
alloc_pos 88732
alloc_pos 88760
alloc_pos 88788
alloc_pos 88816
alloc_pos 89004
alloc_pos 89164
alloc_pos 89188
alloc_pos 89452
alloc_pos 89700
alloc_pos 89820
alloc_pos 90016
alloc_pos 90092
alloc_pos 90224
alloc_pos 90432
alloc_pos 90460
alloc_pos 90616
alloc_pos 90696
alloc_pos 90912
alloc_pos 91048
alloc_pos 91312
alloc_pos 91460
alloc_pos 91624
alloc_pos 91704
alloc_pos 91816
alloc_pos 91896
alloc_pos 92092
alloc_pos 92172
alloc_pos 92388
alloc_pos 92528
alloc_pos 92792
alloc_pos 92888
alloc_pos 93148
alloc_pos 93176
alloc_pos 93304
alloc_pos 93540
alloc_pos 93796
alloc_pos 93960
alloc_pos 94220
alloc_pos 94408
alloc_pos 94456
alloc_pos 94524
alloc_pos 94708
alloc_pos 94916
alloc_pos 95160
alloc_pos 95256
alloc_pos 95308
alloc_pos 95520
alloc_pos 95628
alloc_pos 95880
alloc_pos 96088
alloc_pos 96292
alloc_pos 96444
alloc_pos 96704
alloc_pos 96836
alloc_pos 96988
alloc_pos 97224
alloc_pos 97480
alloc_pos 97672
alloc_pos 97744
alloc_pos 97844
alloc_pos 97940
alloc_pos 98112
alloc_pos 98360
alloc_pos 98508
alloc_pos 98748
alloc_pos 99012
alloc_pos 99164
alloc_pos 99288
alloc_pos 99460
alloc_pos 99700
alloc_pos 99732
alloc_pos 99876
alloc_pos 99960
alloc_pos 100172
alloc_pos 100400
alloc_pos 100524
alloc_pos 100652
alloc_pos 100844
alloc_pos 100912
alloc_pos 101028
alloc_pos 101192
alloc_pos 101440
alloc_pos 101640
alloc_pos 101860
alloc_pos 102056
alloc_pos 102268
alloc_pos 102384
alloc_pos 102428
alloc_pos 102564
alloc_pos 102756
alloc_pos 102908
alloc_pos 102956
alloc_pos 103176
alloc_pos 103240
alloc_pos 103396
alloc_pos 103632
alloc_pos 103756
alloc_pos 103872
alloc_pos 104020
alloc_pos 104228
alloc_pos 104256
alloc_pos 104400
alloc_pos 104432
alloc_pos 104532
alloc_pos 104736
alloc_pos 104976
alloc_pos 105156
alloc_pos 105328
alloc_pos 105500
alloc_pos 105624
alloc_pos 105812
alloc_pos 105876
alloc_pos 105940
alloc_pos 106092
alloc_pos 106172
alloc_pos 106196
alloc_pos 106416
alloc_pos 106488
alloc_pos 106648
alloc_pos 106904
alloc_pos 107148
alloc_pos 107312
alloc_pos 107392
alloc_pos 107516
alloc_pos 107668
alloc_pos 107780
alloc_pos 108044
alloc_pos 108284
alloc_pos 108452
alloc_pos 108564
alloc_pos 108704
alloc_pos 108960
alloc_pos 109052
alloc_pos 109244
alloc_pos 109408
alloc_pos 109584
alloc_pos 109792
alloc_pos 109816
alloc_pos 109936
alloc_pos 110160
alloc_pos 110400
alloc_pos 110632
alloc_pos 110880
alloc_pos 111144
alloc_pos 111356
alloc_pos 111508
alloc_pos 111736
alloc_pos 111792
alloc_pos 111948
alloc_pos 112168
alloc_pos 112332
alloc_pos 112408
alloc_pos 112540
alloc_pos 112804
alloc_pos 112840
alloc_pos 112984
alloc_pos 113228
alloc_pos 113344
alloc_pos 113512
alloc_pos 113676
alloc_pos 113748
alloc_pos 114012
alloc_pos 114164
alloc_pos 114292
alloc_pos 114440
alloc_pos 114672
alloc_pos 114784
alloc_pos 114912
alloc_pos 115024
alloc_pos 115048
alloc_pos 115208
alloc_pos 115368
alloc_pos 115548
alloc_pos 115772
alloc_pos 115952
alloc_pos 116060
alloc_pos 116200
alloc_pos 116376
alloc_pos 116404
alloc_pos 116632
alloc_pos 116712
alloc_pos 116896
alloc_pos 116964
alloc_pos 117128
alloc_pos 117300
alloc_pos 117368
alloc_pos 117612
alloc_pos 117656
alloc_pos 117884
alloc_pos 118048
alloc_pos 118276
alloc_pos 118516
alloc_pos 118748
alloc_pos 119008
alloc_pos 119096
alloc_pos 119128
alloc_pos 119364
alloc_pos 119628
alloc_pos 119824
alloc_pos 119864
alloc_pos 119908
alloc_pos 120152
alloc_pos 120180
alloc_pos 120316
alloc_pos 120340
alloc_pos 120556
alloc_pos 120772
alloc_pos 120864
alloc_pos 120948
alloc_pos 121040
alloc_pos 121092
alloc_pos 121320
alloc_pos 121500
alloc_pos 121568
alloc_pos 121680
alloc_pos 121776
alloc_pos 121816
alloc_pos 121880
alloc_pos 121944
alloc_pos 122000
alloc_pos 122168
alloc_pos 122408
alloc_pos 122636
alloc_pos 122852
alloc_pos 122892
alloc_pos 122980
alloc_pos 123032
alloc_pos 123180
alloc_pos 123396
alloc_pos 123532
alloc_pos 123676
alloc_pos 123864
alloc_pos 123984
alloc_pos 124208
alloc_pos 124284
alloc_pos 124332
alloc_pos 124480
alloc_pos 124508
alloc_pos 124760
alloc_pos 124996
alloc_pos 125116
alloc_pos 125248
alloc_pos 125424
alloc_pos 125640
alloc_pos 125860
alloc_pos 125884
alloc_pos 126084
alloc_pos 126220
alloc_pos 126312
alloc_pos 126520
alloc_pos 126748
alloc_pos 126828
alloc_pos 127000
alloc_pos 127264
alloc_pos 127312
alloc_pos 127564
alloc_pos 127668
alloc_pos 127696
alloc_pos 127724
alloc_pos 127752
alloc_pos 127940
alloc_pos 128100
alloc_pos 128124
alloc_pos 128388
alloc_pos 128636
alloc_pos 128756
alloc_pos 128952
alloc_pos 129028
alloc_pos 129160
alloc_pos 129368
alloc_pos 129396
alloc_pos 129552
alloc_pos 129632
alloc_pos 129848
alloc_pos 129984
alloc_pos 130248
alloc_pos 130396
alloc_pos 130560
alloc_pos 130640
alloc_pos 130752
alloc_pos 130832
alloc_pos 131028
alloc_pos 131108
alloc_pos 131324
alloc_pos 131464
alloc_pos 131728
alloc_pos 131824
alloc_pos 132084
alloc_pos 132112
alloc_pos 132240
alloc_pos 132476
alloc_pos 132732
alloc_pos 132896
alloc_pos 133156
alloc_pos 133344
alloc_pos 133392
alloc_pos 133460
alloc_pos 133644
alloc_pos 133852
alloc_pos 134096
alloc_pos 134192
alloc_pos 134244
alloc_pos 134456
alloc_pos 134564
alloc_pos 134816
alloc_pos 135024
alloc_pos 135228
alloc_pos 135380
alloc_pos 135640
alloc_pos 135772
alloc_pos 135924
alloc_pos 136160
alloc_pos 136416
alloc_pos 136608
alloc_pos 136680
alloc_pos 136780
alloc_pos 136876
alloc_pos 137048
alloc_pos 137296
alloc_pos 137444
alloc_pos 137684
alloc_pos 137948
alloc_pos 138100
alloc_pos 138224
alloc_pos 138396
alloc_pos 138636
alloc_pos 138668
alloc_pos 138812
alloc_pos 138896
alloc_pos 139108
alloc_pos 139336
alloc_pos 139460
alloc_pos 139588
alloc_pos 139780
alloc_pos 139848
alloc_pos 139964
alloc_pos 140128
alloc_pos 140376
alloc_pos 140576
alloc_pos 140796
alloc_pos 140992
alloc_pos 141204
alloc_pos 141320
alloc_pos 141364
alloc_pos 141500
alloc_pos 141692
alloc_pos 141844
alloc_pos 141892
alloc_pos 142112
alloc_pos 142176
alloc_pos 142332
alloc_pos 142568
alloc_pos 142692
alloc_pos 142808
alloc_pos 142956
alloc_pos 143164
alloc_pos 143192
alloc_pos 143336
alloc_pos 143368
alloc_pos 143468
alloc_pos 143672
alloc_pos 143912
alloc_pos 144092
alloc_pos 144264
alloc_pos 144436
alloc_pos 144560
alloc_pos 144748
alloc_pos 144812
alloc_pos 144876
alloc_pos 145028
alloc_pos 145108
alloc_pos 145132
alloc_pos 145352
alloc_pos 145424
alloc_pos 145584
alloc_pos 145840
alloc_pos 146084
alloc_pos 146248
alloc_pos 146328
alloc_pos 146452
alloc_pos 146604
alloc_pos 146716
alloc_pos 146980
alloc_pos 147220
alloc_pos 147388
alloc_pos 147500
alloc_pos 147640
alloc_pos 147896
alloc_pos 147988
alloc_pos 148180
alloc_pos 148344
alloc_pos 148520
alloc_pos 148728
alloc_pos 148752
alloc_pos 148872
alloc_pos 149096
alloc_pos 149336
alloc_pos 149568
alloc_pos 149816
alloc_pos 150080
alloc_pos 150292
alloc_pos 150444
alloc_pos 150672
alloc_pos 150728
alloc_pos 150884
alloc_pos 151104
alloc_pos 151268
alloc_pos 151344
alloc_pos 151476
alloc_pos 151740
alloc_pos 151776
alloc_pos 151920
alloc_pos 152164
alloc_pos 152280
alloc_pos 152448
alloc_pos 152612
alloc_pos 152684
alloc_pos 152948
alloc_pos 153100
alloc_pos 153228
alloc_pos 153376
alloc_pos 153608
alloc_pos 153720
alloc_pos 153848
alloc_pos 153960
alloc_pos 153984
alloc_pos 154144
alloc_pos 154304
alloc_pos 154484
alloc_pos 154708
alloc_pos 154888
alloc_pos 154996
alloc_pos 155136
alloc_pos 155312
alloc_pos 155340
alloc_pos 155568
alloc_pos 155648
alloc_pos 155832
alloc_pos 155900
alloc_pos 156064
alloc_pos 156236
alloc_pos 156304
alloc_pos 156548
alloc_pos 156592
alloc_pos 156820
alloc_pos 156984
alloc_pos 157212
alloc_pos 157452
alloc_pos 157684
alloc_pos 157944
alloc_pos 158032
alloc_pos 158064
alloc_pos 158300
alloc_pos 158564
alloc_pos 158760
alloc_pos 158800
alloc_pos 158844
alloc_pos 159088
alloc_pos 159116
alloc_pos 159252
alloc_pos 159276
alloc_pos 159492
alloc_pos 159708
alloc_pos 159800
alloc_pos 159884
alloc_pos 159976
alloc_pos 160028
alloc_pos 160256
alloc_pos 160436
alloc_pos 160504
alloc_pos 160616
alloc_pos 160712
alloc_pos 160752
alloc_pos 160816
alloc_pos 160880
alloc_pos 160936
alloc_pos 161104
alloc_pos 161344
alloc_pos 161572
alloc_pos 161788
alloc_pos 161828
alloc_pos 161916
alloc_pos 161968
alloc_pos 162116
alloc_pos 162332
alloc_pos 162468
alloc_pos 162612
alloc_pos 162800
alloc_pos 162920
alloc_pos 163144
alloc_pos 163220
alloc_pos 163268
alloc_pos 163416
alloc_pos 163444
alloc_pos 163696
alloc_pos 163932
alloc_pos 164052
alloc_pos 164184
alloc_pos 164360
alloc_pos 164576
alloc_pos 164796
alloc_pos 164820
alloc_pos 165020
alloc_pos 165156
alloc_pos 165248
alloc_pos 165456
alloc_pos 165684
alloc_pos 165764
alloc_pos 165936
alloc_pos 166200
alloc_pos 166248
alloc_pos 166500
alloc_pos 166604
alloc_pos 166632
alloc_pos 166660
alloc_pos 166688
alloc_pos 166876
alloc_pos 167036
alloc_pos 167060
alloc_pos 167324
alloc_pos 167572
alloc_pos 167692
alloc_pos 167888
alloc_pos 167964
alloc_pos 168096
alloc_pos 168304
alloc_pos 168332
alloc_pos 168488
alloc_pos 168568
alloc_pos 168784
alloc_pos 168920
alloc_pos 169184
alloc_pos 169332
alloc_pos 169496
alloc_pos 169576
alloc_pos 169688
alloc_pos 169768
alloc_pos 169964
alloc_pos 170044
alloc_pos 170260
alloc_pos 170400
alloc_pos 170664
alloc_pos 170760
alloc_pos 171020
alloc_pos 171048
alloc_pos 171176
alloc_pos 171412
alloc_pos 171668
alloc_pos 171832
alloc_pos 172092
alloc_pos 172280
alloc_pos 172328
alloc_pos 172396
alloc_pos 172580
alloc_pos 172788
alloc_pos 173032
alloc_pos 173128
alloc_pos 173180
alloc_pos 173392
alloc_pos 173500
alloc_pos 173752
alloc_pos 173960
alloc_pos 174164
alloc_pos 174316
alloc_pos 174576
alloc_pos 174708
alloc_pos 174860
alloc_pos 175096
alloc_pos 175352
alloc_pos 175544
alloc_pos 175616
alloc_pos 175716
alloc_pos 175812
alloc_pos 175984
alloc_pos 176232
alloc_pos 176380
alloc_pos 176620
alloc_pos 176884
alloc_pos 177036
alloc_pos 177160
alloc_pos 177332
alloc_pos 177572
alloc_pos 177604
alloc_pos 177748
alloc_pos 177832
alloc_pos 178044
alloc_pos 178272
alloc_pos 178396
alloc_pos 178524
alloc_pos 178716
alloc_pos 178784
alloc_pos 178900
alloc_pos 179064
alloc_pos 179312
alloc_pos 179512
alloc_pos 179732
alloc_pos 179928
alloc_pos 180140
alloc_pos 180256
alloc_pos 180300
alloc_pos 180436
alloc_pos 180628
alloc_pos 180780
alloc_pos 180828
alloc_pos 181048
alloc_pos 181112
alloc_pos 181268
alloc_pos 181504
alloc_pos 181628
alloc_pos 181744
alloc_pos 181892
alloc_pos 182100
alloc_pos 182128
alloc_pos 182272
alloc_pos 182304
alloc_pos 182404
alloc_pos 182608
alloc_pos 182848
alloc_pos 183028
alloc_pos 183200
alloc_pos 183372
alloc_pos 183496
alloc_pos 183684
alloc_pos 183748
alloc_pos 183812
alloc_pos 183964
alloc_pos 184044
alloc_pos 184068
alloc_pos 184288
alloc_pos 184360
alloc_pos 184520
alloc_pos 184776
alloc_pos 185020
alloc_pos 185184
alloc_pos 185264
alloc_pos 185388
alloc_pos 185540
alloc_pos 185652
alloc_pos 185916
alloc_pos 186156
alloc_pos 186324
alloc_pos 186436
alloc_pos 186576
alloc_pos 186832
alloc_pos 186924
alloc_pos 187116
alloc_pos 187280
alloc_pos 187456
alloc_pos 187664
alloc_pos 187688
alloc_pos 187808
alloc_pos 188032
alloc_pos 188272
alloc_pos 188504
alloc_pos 188752
alloc_pos 189016
alloc_pos 189228
alloc_pos 189380
alloc_pos 189608
alloc_pos 189664
alloc_pos 189820
alloc_pos 190040
alloc_pos 190204
alloc_pos 190280
alloc_pos 190412
alloc_pos 190676
alloc_pos 190712
alloc_pos 190856
alloc_pos 191100
alloc_pos 191216
alloc_pos 191384
alloc_pos 191548
alloc_pos 191620
alloc_pos 191884
alloc_pos 192036
alloc_pos 192164
alloc_pos 192312
alloc_pos 192544
alloc_pos 192656
alloc_pos 192784
alloc_pos 192896
alloc_pos 192920
alloc_pos 193080
alloc_pos 193240
alloc_pos 193420
alloc_pos 193644
alloc_pos 193824
alloc_pos 193932
alloc_pos 194072
alloc_pos 194248
alloc_pos 194276
alloc_pos 194504
alloc_pos 194584
alloc_pos 194768
alloc_pos 194836
alloc_pos 195000
alloc_pos 195172
alloc_pos 195240
alloc_pos 195484
alloc_pos 195528
alloc_pos 195756
alloc_pos 195920
alloc_pos 196148
alloc_pos 196388
alloc_pos 196620
alloc_pos 196880
alloc_pos 196968
alloc_pos 197000
alloc_pos 197236
alloc_pos 197500
alloc_pos 197696
alloc_pos 197736
alloc_pos 197780
alloc_pos 198024
alloc_pos 198052
alloc_pos 198188
alloc_pos 198212
alloc_pos 198428
alloc_pos 198644
alloc_pos 198736
alloc_pos 198820
alloc_pos 198912
alloc_pos 198964
alloc_pos 199192
alloc_pos 199372
alloc_pos 199440
alloc_pos 199552
alloc_pos 199648
alloc_pos 199688
alloc_pos 199752
alloc_pos 199816
alloc_pos 199872
alloc_pos 200040
alloc_pos 200280
alloc_pos 200508
alloc_pos 200724
alloc_pos 200764
alloc_pos 200852
alloc_pos 200904
alloc_pos 201052
alloc_pos 201268
alloc_pos 201404
alloc_pos 201548
alloc_pos 201736
alloc_pos 201856
alloc_pos 202080
alloc_pos 202156
alloc_pos 202204
alloc_pos 202352
alloc_pos 202380
alloc_pos 202632
alloc_pos 202868
alloc_pos 202988
alloc_pos 203120
alloc_pos 203296
alloc_pos 203512
alloc_pos 203732
alloc_pos 203756
alloc_pos 203956
alloc_pos 204092
alloc_pos 204184
alloc_pos 204392
alloc_pos 204620
alloc_pos 204700
alloc_pos 204872
alloc_pos 205136
alloc_pos 205184
alloc_pos 205436
alloc_pos 205540
alloc_pos 205568
alloc_pos 205596
alloc_pos 205624
alloc_pos 205812
alloc_pos 205972
alloc_pos 205996
alloc_pos 206260
alloc_pos 206508
alloc_pos 206628
alloc_pos 206824
alloc_pos 206900
alloc_pos 207032
alloc_pos 207240
alloc_pos 207268
alloc_pos 207424
alloc_pos 207504
alloc_pos 207720
alloc_pos 207856
alloc_pos 208120
alloc_pos 208268
alloc_pos 208432
alloc_pos 208512
alloc_pos 208624
alloc_pos 208704
alloc_pos 208900
alloc_pos 208980
alloc_pos 209196
alloc_pos 209336
alloc_pos 209600
alloc_pos 209696
alloc_pos 209956
alloc_pos 209984
alloc_pos 210112
alloc_pos 210348
alloc_pos 210604
alloc_pos 210768
alloc_pos 211028
alloc_pos 211216
alloc_pos 211264
alloc_pos 211332
alloc_pos 211516
alloc_pos 211724
alloc_pos 211968
alloc_pos 212064
alloc_pos 212116
alloc_pos 212328
alloc_pos 212436
alloc_pos 212688
alloc_pos 212896
alloc_pos 213100
alloc_pos 213252
alloc_pos 213512
alloc_pos 213644
alloc_pos 213796
alloc_pos 214032
alloc_pos 214288
alloc_pos 214480
alloc_pos 214552
alloc_pos 214652
alloc_pos 214748
alloc_pos 214920
alloc_pos 215168
alloc_pos 215316
alloc_pos 215556
alloc_pos 215820
alloc_pos 215972
alloc_pos 216096
alloc_pos 216268
alloc_pos 216508
alloc_pos 216540
alloc_pos 216684
alloc_pos 216768
alloc_pos 216980
alloc_pos 217208
alloc_pos 217332
alloc_pos 217460
alloc_pos 217652
alloc_pos 217720
alloc_pos 217836
alloc_pos 218000
alloc_pos 218248
alloc_pos 218448
alloc_pos 218668
alloc_pos 218864
alloc_pos 219076
alloc_pos 219192
alloc_pos 219236
alloc_pos 219372
alloc_pos 219564
alloc_pos 219716
alloc_pos 219764
alloc_pos 219984
alloc_pos 220048
alloc_pos 220204
alloc_pos 220440
alloc_pos 220564
alloc_pos 220680
alloc_pos 220828
alloc_pos 221036
alloc_pos 221064
alloc_pos 221208
alloc_pos 221240
alloc_pos 221340
alloc_pos 221544
alloc_pos 221784
alloc_pos 221964
alloc_pos 222136
alloc_pos 222308
alloc_pos 222432
alloc_pos 222620
alloc_pos 222684
alloc_pos 222748
alloc_pos 222900
alloc_pos 222980
alloc_pos 223004
alloc_pos 223224
alloc_pos 223296
alloc_pos 223456
alloc_pos 223712
alloc_pos 223956
alloc_pos 224120
alloc_pos 224200
alloc_pos 224324
alloc_pos 224476
alloc_pos 224588
alloc_pos 224852
alloc_pos 225092
alloc_pos 225260
alloc_pos 225372
alloc_pos 225512
alloc_pos 225768
alloc_pos 225860
alloc_pos 226052
alloc_pos 226216
alloc_pos 226392
alloc_pos 226600
alloc_pos 226624
alloc_pos 226744
alloc_pos 226968
alloc_pos 227208
alloc_pos 227440
alloc_pos 227688
alloc_pos 227952
alloc_pos 228164
alloc_pos 228316
alloc_pos 228544
alloc_pos 228600
alloc_pos 228756
alloc_pos 228976
alloc_pos 229140
alloc_pos 229216
alloc_pos 229348
alloc_pos 229612
alloc_pos 229648
alloc_pos 229792
alloc_pos 230036
alloc_pos 230152
alloc_pos 230320
alloc_pos 230484
alloc_pos 230556
alloc_pos 230820
alloc_pos 230972
alloc_pos 231100
alloc_pos 231248
alloc_pos 231480
alloc_pos 231592
alloc_pos 231720
alloc_pos 231832
alloc_pos 231856
alloc_pos 232016
alloc_pos 232176
alloc_pos 232356
alloc_pos 232580
alloc_pos 232760
alloc_pos 232868
alloc_pos 233008
alloc_pos 233184
alloc_pos 233212
alloc_pos 233440
alloc_pos 233520
alloc_pos 233704
alloc_pos 233772
alloc_pos 233936
alloc_pos 234108
alloc_pos 234176
alloc_pos 234420
alloc_pos 234464
alloc_pos 234692
alloc_pos 234856
alloc_pos 235084
alloc_pos 235324
alloc_pos 235556
alloc_pos 235816
alloc_pos 235904
alloc_pos 235936
alloc_pos 236172
alloc_pos 236436
alloc_pos 236632
alloc_pos 236672
alloc_pos 236716
alloc_pos 236960
alloc_pos 236988
alloc_pos 237124
alloc_pos 237148
alloc_pos 237364
alloc_pos 237580
alloc_pos 237672
alloc_pos 237756
alloc_pos 237848
alloc_pos 237900
alloc_pos 238128
alloc_pos 238308
alloc_pos 238376
alloc_pos 238488
alloc_pos 238584
alloc_pos 238624
alloc_pos 238688
alloc_pos 238752
alloc_pos 238808
alloc_pos 238976
alloc_pos 239216
alloc_pos 239444
alloc_pos 239660
alloc_pos 239700
alloc_pos 239788
alloc_pos 239840
alloc_pos 239988
alloc_pos 240204
alloc_pos 240340
alloc_pos 240484
alloc_pos 240672
alloc_pos 240792
alloc_pos 241016
alloc_pos 241092
alloc_pos 241140
alloc_pos 241288
alloc_pos 241316
alloc_pos 241568
alloc_pos 241804
alloc_pos 241924
alloc_pos 242056
alloc_pos 242232
alloc_pos 242448
alloc_pos 242668
alloc_pos 242692
alloc_pos 242892
alloc_pos 243028
alloc_pos 243120
alloc_pos 243328
alloc_pos 243556
alloc_pos 243636
alloc_pos 243808
alloc_pos 244072
alloc_pos 244120
alloc_pos 244372
alloc_pos 244476
alloc_pos 244504
alloc_pos 244532
alloc_pos 244560
alloc_pos 244748
alloc_pos 244908
alloc_pos 244932
alloc_pos 245196
alloc_pos 245444
alloc_pos 245564
alloc_pos 245760
alloc_pos 245836
alloc_pos 245968
alloc_pos 246176
alloc_pos 246204
alloc_pos 246360
alloc_pos 246440
alloc_pos 246656
alloc_pos 246792
alloc_pos 247056
alloc_pos 247204
alloc_pos 247368
alloc_pos 247448
alloc_pos 247560
alloc_pos 247640
alloc_pos 247836
alloc_pos 247916
alloc_pos 248132
alloc_pos 248272
alloc_pos 248536
alloc_pos 248632
alloc_pos 248892
alloc_pos 248920
alloc_pos 249048
alloc_pos 249284
alloc_pos 249540
alloc_pos 249704
alloc_pos 249964
alloc_pos 250152
alloc_pos 250200
alloc_pos 250268
alloc_pos 250452
alloc_pos 250660
alloc_pos 250904
alloc_pos 251000
alloc_pos 251052
alloc_pos 251264
alloc_pos 251372
alloc_pos 251624
alloc_pos 251832
alloc_pos 252036
alloc_pos 252188
alloc_pos 252448
alloc_pos 252580
alloc_pos 252732
alloc_pos 252968
alloc_pos 253224
alloc_pos 253416
alloc_pos 253488
alloc_pos 253588
alloc_pos 253684
alloc_pos 253856
alloc_pos 254104
alloc_pos 254252
alloc_pos 254492
alloc_pos 254756
alloc_pos 254908
alloc_pos 255032
alloc_pos 255204
alloc_pos 255444
alloc_pos 255476
alloc_pos 255620
alloc_pos 255704
alloc_pos 255916
alloc_pos 256144
alloc_pos 256268
alloc_pos 256396
alloc_pos 256588
alloc_pos 256656
alloc_pos 256772
alloc_pos 256936
alloc_pos 257184
alloc_pos 257384
alloc_pos 257604
alloc_pos 257800
alloc_pos 258012
alloc_pos 258128
alloc_pos 258172
alloc_pos 258308
alloc_pos 258500
alloc_pos 258652
alloc_pos 258700
alloc_pos 258920
alloc_pos 258984
alloc_pos 259140
alloc_pos 259376
alloc_pos 259500
alloc_pos 259616
alloc_pos 259764
alloc_pos 259972
alloc_pos 260000
alloc_pos 260144
alloc_pos 260176
alloc_pos 260276
alloc_pos 260480
alloc_pos 260720
alloc_pos 260900
alloc_pos 261072
alloc_pos 261244
alloc_pos 261368
alloc_pos 261556
alloc_pos 261620
alloc_pos 261684
alloc_pos 261836
alloc_pos 261916
alloc_pos -1

