reason: unexpected exit code -6
--- stdout ---
CHENEY GENERATOR!
--- stderr ---
alloc_pos 8
alloc_pos 1040
alloc_pos 2072
alloc_pos 3104
alloc_pos 3368
alloc_pos 3552
alloc_pos 3604
alloc_pos 3632
alloc_pos 3844
alloc_pos 3936
alloc_pos 4020
alloc_pos 4100
alloc_pos 4156
alloc_pos 4368
alloc_pos 4416
alloc_pos 4612
alloc_pos 4824
alloc_pos 5076
alloc_pos 5236
alloc_pos 5280
alloc_pos 5452
alloc_pos 5584
alloc_pos 5616
alloc_pos 5644
alloc_pos 5688
alloc_pos 5764
alloc_pos 5844
alloc_pos 5996
alloc_pos 6172
alloc_pos 6200
alloc_pos 6364
alloc_pos 6436
alloc_pos 6640
alloc_pos 6828
alloc_pos 7028
alloc_pos 7188
alloc_pos 7316
alloc_pos 7396
alloc_pos 7532
alloc_pos 7704
alloc_pos 7796
alloc_pos 8024
alloc_pos 8268
alloc_pos 8292
alloc_pos 8508
alloc_pos 8736
alloc_pos 8800
alloc_pos 9000
alloc_pos 9132
alloc_pos 9240
alloc_pos 9332
alloc_pos 9392
alloc_pos 9468
alloc_pos 9684
alloc_pos 9792
alloc_pos 9840
alloc_pos 9884
alloc_pos 10004
alloc_pos 10052
alloc_pos 10164
alloc_pos 10404
alloc_pos 10516
alloc_pos 10692
alloc_pos 10780
alloc_pos 11008
alloc_pos 11040
alloc_pos 11248
alloc_pos 11388
alloc_pos 11548
alloc_pos 11600
alloc_pos 11860
alloc_pos 11980
alloc_pos 12024
alloc_pos 12188
alloc_pos 12284
alloc_pos 12520
alloc_pos 12704
alloc_pos 12884
alloc_pos 13132
alloc_pos 13376
alloc_pos 13492
alloc_pos 13660
alloc_pos 13732
alloc_pos 13936
alloc_pos 13976
alloc_pos 14008
alloc_pos 14200
alloc_pos 14280
alloc_pos 14500
alloc_pos 14596
alloc_pos 14640
alloc_pos 14880
alloc_pos 14960
alloc_pos 15204
alloc_pos 15252
alloc_pos 15372
alloc_pos 15464
alloc_pos 15604
alloc_pos 15788
alloc_pos 16024
alloc_pos 16140
alloc_pos 16204
alloc_pos 16320
alloc_pos 16432
alloc_pos 16508
alloc_pos 16700
alloc_pos 16792
alloc_pos 16992
alloc_pos 17252
alloc_pos 17448
alloc_pos 17636
alloc_pos 17676
alloc_pos 17852
alloc_pos 18036
alloc_pos 18100
alloc_pos 18260
alloc_pos 18468
alloc_pos 18552
alloc_pos 18616
alloc_pos 18756
alloc_pos 18876
alloc_pos 18968
alloc_pos 19228
alloc_pos 19412
alloc_pos 19612
alloc_pos 19776
alloc_pos 19856
alloc_pos 20052
alloc_pos 20156
alloc_pos 20392
alloc_pos 20612
alloc_pos 20832
alloc_pos 20868
alloc_pos 20948
alloc_pos 21180
alloc_pos 21212
alloc_pos 21440
alloc_pos 21544
alloc_pos 21668
alloc_pos 21760
alloc_pos 21800
alloc_pos 21876
alloc_pos 22132
alloc_pos 22396
alloc_pos 22564
alloc_pos 22812
alloc_pos 23016
alloc_pos 23120
alloc_pos 23196
alloc_pos 23384
alloc_pos 23532
alloc_pos 23656
alloc_pos 23904
alloc_pos 24160
alloc_pos 24348
alloc_pos 24488
alloc_pos 24548
alloc_pos 24636
alloc_pos 24692
alloc_pos 24776
alloc_pos 24988
alloc_pos 25152
alloc_pos 25312
alloc_pos 25400
alloc_pos 25612
alloc_pos 25784
alloc_pos 25916
alloc_pos 26168
alloc_pos 26340
alloc_pos 26464
alloc_pos 26580
alloc_pos 26660
alloc_pos 26716
alloc_pos 26868
alloc_pos 27016
alloc_pos 27060
alloc_pos 27276
alloc_pos 27312
alloc_pos 27556
alloc_pos 27608
alloc_pos 27668
alloc_pos 27852
alloc_pos 27916
alloc_pos 28140
alloc_pos 28336
alloc_pos 28468
alloc_pos 28644
alloc_pos 28684
alloc_pos 28804
alloc_pos 28924
alloc_pos 29100
alloc_pos 29240
alloc_pos 29396
alloc_pos 29484
alloc_pos 29648
alloc_pos 29892
alloc_pos 30156
alloc_pos 30180
alloc_pos 30376
alloc_pos 30584
alloc_pos 30636
alloc_pos 30832
alloc_pos 31080
alloc_pos 31240
alloc_pos 31456
alloc_pos 31548
alloc_pos 31768
alloc_pos 31956
alloc_pos 32064
alloc_pos 32116
alloc_pos 32212
alloc_pos 32344
alloc_pos 32408
alloc_pos 32548
alloc_pos 32572
alloc_pos 32780
alloc_pos 33028
alloc_pos 33236
alloc_pos 33324
alloc_pos 33476
alloc_pos 33692
alloc_pos 33760
alloc_pos 33912
alloc_pos 34168
alloc_pos 34216
alloc_pos 34460
alloc_pos 34644
alloc_pos 34744
alloc_pos 34980
alloc_pos 35164
alloc_pos 35316
alloc_pos 35492
alloc_pos 35564
alloc_pos 35624
alloc_pos 35740
alloc_pos 35956
alloc_pos 36020
alloc_pos 36180
alloc_pos 36400
alloc_pos 36660
alloc_pos 36816
alloc_pos 37072
alloc_pos 37096
alloc_pos 37272
alloc_pos 37376
alloc_pos 37524
alloc_pos 37552
alloc_pos 37604
alloc_pos 37864
alloc_pos 37980
alloc_pos 38228
alloc_pos 38464
alloc_pos 38692
alloc_pos 38792
alloc_pos 38876
alloc_pos 38912
alloc_pos 38996
alloc_pos 39244
alloc_pos 39412
alloc_pos 39676
alloc_pos 39720
alloc_pos 39904
alloc_pos 39956
alloc_pos 39984
alloc_pos 40196
alloc_pos 40288
alloc_pos 40372
alloc_pos 40452
alloc_pos 40508
alloc_pos 40720
alloc_pos 40768
alloc_pos 40964
alloc_pos 41176
alloc_pos 41428
alloc_pos 41588
alloc_pos 41632
alloc_pos 41804
alloc_pos 41936
alloc_pos 41968
alloc_pos 41996
alloc_pos 42040
alloc_pos 42116
alloc_pos 42196
alloc_pos 42348
alloc_pos 42524
alloc_pos 42552
alloc_pos 42716
alloc_pos 42788
alloc_pos 42992
alloc_pos 43180
alloc_pos 43380
alloc_pos 43540
alloc_pos 43668
alloc_pos 43748
alloc_pos 43884
alloc_pos 44056
alloc_pos 44148
alloc_pos 44376
alloc_pos 44620
alloc_pos 44644
alloc_pos 44860
alloc_pos 45088
alloc_pos 45152
alloc_pos 45352
alloc_pos 45484
alloc_pos 45592
alloc_pos 45684
alloc_pos 45744
alloc_pos 45820
alloc_pos 46036
alloc_pos 46144
alloc_pos 46192
alloc_pos 46236
alloc_pos 46356
alloc_pos 46404
alloc_pos 46516
alloc_pos 46756
alloc_pos 46868
alloc_pos 47044
alloc_pos 47132
alloc_pos 47360
alloc_pos 47392
alloc_pos 47600
alloc_pos 47740
alloc_pos 47900
alloc_pos 47952
alloc_pos 48212
alloc_pos 48332
alloc_pos 48376
alloc_pos 48540
alloc_pos 48636
alloc_pos 48872
alloc_pos 49056
alloc_pos 49236
alloc_pos 49484
alloc_pos 49728
alloc_pos 49844
alloc_pos 50012
alloc_pos 50084
alloc_pos 50288
alloc_pos 50328
alloc_pos 50360
alloc_pos 50552
alloc_pos 50632
alloc_pos 50852
alloc_pos 50948
alloc_pos 50992
alloc_pos 51232
alloc_pos 51312
alloc_pos 51556
alloc_pos 51604
alloc_pos 51724
alloc_pos 51816
alloc_pos 51956
alloc_pos 52140
alloc_pos 52376
alloc_pos 52492
alloc_pos 52556
alloc_pos 52672
alloc_pos 52784
alloc_pos 52860
alloc_pos 53052
alloc_pos 53144
alloc_pos 53344
alloc_pos 53604
alloc_pos 53800
alloc_pos 53988
alloc_pos 54028
alloc_pos 54204
alloc_pos 54388
alloc_pos 54452
alloc_pos 54612
alloc_pos 54820
alloc_pos 54904
alloc_pos 54968
alloc_pos 55108
alloc_pos 55228
alloc_pos 55320
alloc_pos 55580
alloc_pos 55764
alloc_pos 55964
alloc_pos 56128
alloc_pos 56208
alloc_pos 56404
alloc_pos 56508
alloc_pos 56744
alloc_pos 56964
alloc_pos 57184
alloc_pos 57220
alloc_pos 57300
alloc_pos 57532
alloc_pos 57564
alloc_pos 57792
alloc_pos 57896
alloc_pos 58020
alloc_pos 58112
alloc_pos 58152
alloc_pos 58228
alloc_pos 58484
alloc_pos 58748
alloc_pos 58916
alloc_pos 59164
alloc_pos 59368
alloc_pos 59472
alloc_pos 59548
alloc_pos 59736
alloc_pos 59884
alloc_pos 60008
alloc_pos 60256
alloc_pos 60512
alloc_pos 60700
alloc_pos 60840
alloc_pos 60900
alloc_pos 60988
alloc_pos 61044
alloc_pos 61128
alloc_pos 61340
alloc_pos 61504
alloc_pos 61664
alloc_pos 61752
alloc_pos 61964
alloc_pos 62136
alloc_pos 62268
alloc_pos 62520
alloc_pos 62692
alloc_pos 62816
alloc_pos 62932
alloc_pos 63012
alloc_pos 63068
alloc_pos 63220
alloc_pos 63368
alloc_pos 63412
alloc_pos 63628
alloc_pos 63664
alloc_pos 63908
alloc_pos 63960
alloc_pos 64020
alloc_pos 64204
alloc_pos 64268
alloc_pos 64492
alloc_pos 64688
alloc_pos 64820
alloc_pos 64996
alloc_pos 65036
alloc_pos 65156
alloc_pos 65276
alloc_pos 65452
alloc_pos 65592
alloc_pos 65748
alloc_pos 65836
alloc_pos 66000
alloc_pos 66244
alloc_pos 66508
alloc_pos 66532
alloc_pos 66728
alloc_pos 66936
alloc_pos 66988
alloc_pos 67184
alloc_pos 67432
alloc_pos 67592
alloc_pos 67808
alloc_pos 67900
alloc_pos 68120
alloc_pos 68308
alloc_pos 68416
alloc_pos 68468
alloc_pos 68564
alloc_pos 68696
alloc_pos 68760
alloc_pos 68900
alloc_pos 68924
alloc_pos 69132
alloc_pos 69380
alloc_pos 69588
alloc_pos 69676
alloc_pos 69828
alloc_pos 70044
alloc_pos 70112
alloc_pos 70264
alloc_pos 70520
alloc_pos 70568
alloc_pos 70812
alloc_pos 70996
alloc_pos 71096
alloc_pos 71332
alloc_pos 71516
alloc_pos 71668
alloc_pos 71844
alloc_pos 71916
alloc_pos 71976
alloc_pos 72092
alloc_pos 72308
alloc_pos 72372
alloc_pos 72532
alloc_pos 72752
alloc_pos 73012
alloc_pos 73168
alloc_pos 73424
alloc_pos 73448
alloc_pos 73624
alloc_pos 73728
alloc_pos 73876
alloc_pos 73904
alloc_pos 73956
alloc_pos 74216
alloc_pos 74332
alloc_pos 74580
alloc_pos 74816
alloc_pos 75044
alloc_pos 75144
alloc_pos 75228
alloc_pos 75264
alloc_pos 75348
alloc_pos 75596
alloc_pos 75764
alloc_pos 76028
alloc_pos 76072
alloc_pos 76256
alloc_pos 76308
alloc_pos 76336
alloc_pos 76548
alloc_pos 76640
alloc_pos 76724
alloc_pos 76804
alloc_pos 76860
alloc_pos 77072
alloc_pos 77120
alloc_pos 77316
alloc_pos 77528
alloc_pos 77780
alloc_pos 77940
alloc_pos 77984
alloc_pos 78156
alloc_pos 78288
alloc_pos 78320
alloc_pos 78348
alloc_pos 78392
alloc_pos 78468
alloc_pos 78548
alloc_pos 78700
alloc_pos 78876
alloc_pos 78904
alloc_pos 79068
alloc_pos 79140
alloc_pos 79344
alloc_pos 79532
alloc_pos 79732
alloc_pos 79892
alloc_pos 80020
alloc_pos 80100
alloc_pos 80236
alloc_pos 80408
alloc_pos 80500
alloc_pos 80728
alloc_pos 80972
alloc_pos 80996
alloc_pos 81212
alloc_pos 81440
alloc_pos 81504
alloc_pos 81704
alloc_pos 81836
alloc_pos 81944
alloc_pos 82036
alloc_pos 82096
alloc_pos 82172
alloc_pos 82388
alloc_pos 82496
alloc_pos 82544
alloc_pos 82588
alloc_pos 82708
alloc_pos 82756
alloc_pos 82868
alloc_pos 83108
alloc_pos 83220
alloc_pos 83396
alloc_pos 83484
alloc_pos 83712
alloc_pos 83744
alloc_pos 83952
alloc_pos 84092
alloc_pos 84252
alloc_pos 84304
alloc_pos 84564
alloc_pos 84684
alloc_pos 84728
alloc_pos 84892
alloc_pos 84988
alloc_pos 85224
alloc_pos 85408
alloc_pos 85588
alloc_pos 85836
alloc_pos 86080
alloc_pos 86196
alloc_pos 86364
alloc_pos 86436
alloc_pos 86640
alloc_pos 86680
alloc_pos 86712
alloc_pos 86904
alloc_pos 86984
alloc_pos 87204
alloc_pos 87300
alloc_pos 87344
alloc_pos 87584
alloc_pos 87664
alloc_pos 87908
alloc_pos 87956
alloc_pos 88076
alloc_pos 88168
alloc_pos 88308
alloc_pos 88492
alloc_pos 88728
alloc_pos 88844
alloc_pos 88908
alloc_pos 89024
alloc_pos 89136
alloc_pos 89212
alloc_pos 89404
alloc_pos 89496
alloc_pos 89696
alloc_pos 89956
alloc_pos 90152
alloc_pos 90340
alloc_pos 90380
alloc_pos 90556
alloc_pos 90740
alloc_pos 90804
alloc_pos 90964
alloc_pos 91172
alloc_pos 91256
alloc_pos 91320
alloc_pos 91460
alloc_pos 91580
alloc_pos 91672
alloc_pos 91932
alloc_pos 92116
alloc_pos 92316
alloc_pos 92480
alloc_pos 92560
alloc_pos 92756
alloc_pos 92860
alloc_pos 93096
alloc_pos 93316
alloc_pos 93536
alloc_pos 93572
alloc_pos 93652
alloc_pos 93884
alloc_pos 93916
alloc_pos 94144
alloc_pos 94248
alloc_pos 94372
alloc_pos 94464
alloc_pos 94504
alloc_pos 94580
alloc_pos 94836
alloc_pos 95100
alloc_pos 95268
alloc_pos 95516
alloc_pos 95720
alloc_pos 95824
alloc_pos 95900
alloc_pos 96088
alloc_pos 96236
alloc_pos 96360
alloc_pos 96608
alloc_pos 96864
alloc_pos 97052
alloc_pos 97192
alloc_pos 97252
alloc_pos 97340
alloc_pos 97396
alloc_pos 97480
alloc_pos 97692
alloc_pos 97856
alloc_pos 98016
alloc_pos 98104
alloc_pos 98316
alloc_pos 98488
alloc_pos 98620
alloc_pos 98872
alloc_pos 99044
alloc_pos 99168
alloc_pos 99284
alloc_pos 99364
alloc_pos 99420
alloc_pos 99572
alloc_pos 99720
alloc_pos 99764
alloc_pos 99980
alloc_pos 100016
alloc_pos 100260
alloc_pos 100312
alloc_pos 100372
alloc_pos 100556
alloc_pos 100620
alloc_pos 100844
alloc_pos 101040
alloc_pos 101172
alloc_pos 101348
alloc_pos 101388
alloc_pos 101508
alloc_pos 101628
alloc_pos 101804
alloc_pos 101944
alloc_pos 102100
alloc_pos 102188
alloc_pos 102352
alloc_pos 102596
alloc_pos 102860
alloc_pos 102884
alloc_pos 103080
alloc_pos 103288
alloc_pos 103340
alloc_pos 103536
alloc_pos 103784
alloc_pos 103944
alloc_pos 104160
alloc_pos 104252
alloc_pos 104472
alloc_pos 104660
alloc_pos 104768
alloc_pos 104820
alloc_pos 104916
alloc_pos 105048
alloc_pos 105112
alloc_pos 105252
alloc_pos 105276
alloc_pos 105484
alloc_pos 105732
alloc_pos 105940
alloc_pos 106028
alloc_pos 106180
alloc_pos 106396
alloc_pos 106464
alloc_pos 106616
alloc_pos 106872
alloc_pos 106920
alloc_pos 107164
alloc_pos 107348
alloc_pos 107448
alloc_pos 107684
alloc_pos 107868
alloc_pos 108020
alloc_pos 108196
alloc_pos 108268
alloc_pos 108328
alloc_pos 108444
alloc_pos 108660
alloc_pos 108724
alloc_pos 108884
alloc_pos 109104
alloc_pos 109364
alloc_pos 109520
alloc_pos 109776
alloc_pos 109800
alloc_pos 109976
alloc_pos 110080
alloc_pos 110228
alloc_pos 110256
alloc_pos 110308
alloc_pos 110568
alloc_pos 110684
alloc_pos 110932
alloc_pos 111168
alloc_pos 111396
alloc_pos 111496
alloc_pos 111580
alloc_pos 111616
alloc_pos 111700
alloc_pos 111948
alloc_pos 112116
alloc_pos 112380
alloc_pos 112424
alloc_pos 112608
alloc_pos 112660
alloc_pos 112688
alloc_pos 112900
alloc_pos 112992
alloc_pos 113076
alloc_pos 113156
alloc_pos 113212
alloc_pos 113424
alloc_pos 113472
alloc_pos 113668
alloc_pos 113880
alloc_pos 114132
alloc_pos 114292
alloc_pos 114336
alloc_pos 114508
alloc_pos 114640
alloc_pos 114672
alloc_pos 114700
alloc_pos 114744
alloc_pos 114820
alloc_pos 114900
alloc_pos 115052
alloc_pos 115228
alloc_pos 115256
alloc_pos 115420
alloc_pos 115492
alloc_pos 115696
alloc_pos 115884
alloc_pos 116084
alloc_pos 116244
alloc_pos 116372
alloc_pos 116452
alloc_pos 116588
alloc_pos 116760
alloc_pos 116852
alloc_pos 117080
alloc_pos 117324
alloc_pos 117348
alloc_pos 117564
alloc_pos 117792
alloc_pos 117856
alloc_pos 118056
alloc_pos 118188
alloc_pos 118296
alloc_pos 118388
alloc_pos 118448
alloc_pos 118524
alloc_pos 118740
alloc_pos 118848
alloc_pos 118896
alloc_pos 118940
alloc_pos 119060
alloc_pos 119108
alloc_pos 119220
alloc_pos 119460
alloc_pos 119572
alloc_pos 119748
alloc_pos 119836
alloc_pos 120064
alloc_pos 120096
alloc_pos 120304
alloc_pos 120444
alloc_pos 120604
alloc_pos 120656
alloc_pos 120916
alloc_pos 121036
alloc_pos 121080
alloc_pos 121244
alloc_pos 121340
alloc_pos 121576
alloc_pos 121760
alloc_pos 121940
alloc_pos 122188
alloc_pos 122432
alloc_pos 122548
alloc_pos 122716
alloc_pos 122788
alloc_pos 122992
alloc_pos 123032
alloc_pos 123064
alloc_pos 123256
alloc_pos 123336
alloc_pos 123556
alloc_pos 123652
alloc_pos 123696
alloc_pos 123936
alloc_pos 124016
alloc_pos 124260
alloc_pos 124308
alloc_pos 124428
alloc_pos 124520
alloc_pos 124660
alloc_pos 124844
alloc_pos 125080
alloc_pos 125196
alloc_pos 125260
alloc_pos 125376
alloc_pos 125488
alloc_pos 125564
alloc_pos 125756
alloc_pos 125848
alloc_pos 126048
alloc_pos 126308
alloc_pos 126504
alloc_pos 126692
alloc_pos 126732
alloc_pos 126908
alloc_pos 127092
alloc_pos 127156
alloc_pos 127316
alloc_pos 127524
alloc_pos 127608
alloc_pos 127672
alloc_pos 127812
alloc_pos 127932
alloc_pos 128024
alloc_pos 128284
alloc_pos 128468
alloc_pos 128668
alloc_pos 128832
alloc_pos 128912
alloc_pos 129108
alloc_pos 129212
alloc_pos 129448
alloc_pos 129668
alloc_pos 129888
alloc_pos 129924
alloc_pos 130004
alloc_pos 130236
alloc_pos 130268
alloc_pos 130496
alloc_pos 130600
alloc_pos 130724
alloc_pos 130816
alloc_pos 130856
alloc_pos 130932
alloc_pos 131188
alloc_pos 131452
alloc_pos 131620
alloc_pos 131868
alloc_pos 132072
alloc_pos 132176
alloc_pos 132252
alloc_pos 132440
alloc_pos 132588
alloc_pos 132712
alloc_pos 132960
alloc_pos 133216
alloc_pos 133404
alloc_pos 133544
alloc_pos 133604
alloc_pos 133692
alloc_pos 133748
alloc_pos 133832
alloc_pos 134044
alloc_pos 134208
alloc_pos 134368
alloc_pos 134456
alloc_pos 134668
alloc_pos 134840
alloc_pos 134972
alloc_pos 135224
alloc_pos 135396
alloc_pos 135520
alloc_pos 135636
alloc_pos 135716
alloc_pos 135772
alloc_pos 135924
alloc_pos 136072
alloc_pos 136116
alloc_pos 136332
alloc_pos 136368
alloc_pos 136612
alloc_pos 136664
alloc_pos 136724
alloc_pos 136908
alloc_pos 136972
alloc_pos 137196
alloc_pos 137392
alloc_pos 137524
alloc_pos 137700
alloc_pos 137740
alloc_pos 137860
alloc_pos 137980
alloc_pos 138156
alloc_pos 138296
alloc_pos 138452
alloc_pos 138540
alloc_pos 138704
alloc_pos 138948
alloc_pos 139212
alloc_pos 139236
alloc_pos 139432
alloc_pos 139640
alloc_pos 139692
alloc_pos 139888
alloc_pos 140136
alloc_pos 140296
alloc_pos 140512
alloc_pos 140604
alloc_pos 140824
alloc_pos 141012
alloc_pos 141120
alloc_pos 141172
alloc_pos 141268
alloc_pos 141400
alloc_pos 141464
alloc_pos 141604
alloc_pos 141628
alloc_pos 141836
alloc_pos 142084
alloc_pos 142292
alloc_pos 142380
alloc_pos 142532
alloc_pos 142748
alloc_pos 142816
alloc_pos 142968
alloc_pos 143224
alloc_pos 143272
alloc_pos 143516
alloc_pos 143700
alloc_pos 143800
alloc_pos 144036
alloc_pos 144220
alloc_pos 144372
alloc_pos 144548
alloc_pos 144620
alloc_pos 144680
alloc_pos 144796
alloc_pos 145012
alloc_pos 145076
alloc_pos 145236
alloc_pos 145456
alloc_pos 145716
alloc_pos 145872
alloc_pos 146128
alloc_pos 146152
alloc_pos 146328
alloc_pos 146432
alloc_pos 146580
alloc_pos 146608
alloc_pos 146660
alloc_pos 146920
alloc_pos 147036
alloc_pos 147284
alloc_pos 147520
alloc_pos 147748
alloc_pos 147848
alloc_pos 147932
alloc_pos 147968
alloc_pos 148052
alloc_pos 148300
alloc_pos 148468
alloc_pos 148732
alloc_pos 148776
alloc_pos 148960
alloc_pos 149012
alloc_pos 149040
alloc_pos 149252
alloc_pos 149344
alloc_pos 149428
alloc_pos 149508
alloc_pos 149564
alloc_pos 149776
alloc_pos 149824
alloc_pos 150020
alloc_pos 150232
alloc_pos 150484
alloc_pos 150644
alloc_pos 150688
alloc_pos 150860
alloc_pos 150992
alloc_pos 151024
alloc_pos 151052
alloc_pos 151096
alloc_pos 151172
alloc_pos 151252
alloc_pos 151404
alloc_pos 151580
alloc_pos 151608
alloc_pos 151772
alloc_pos 151844
alloc_pos 152048
alloc_pos 152236
alloc_pos 152436
alloc_pos 152596
alloc_pos 152724
alloc_pos 152804
alloc_pos 152940
alloc_pos 153112
alloc_pos 153204
alloc_pos 153432
alloc_pos 153676
alloc_pos 153700
alloc_pos 153916
alloc_pos 154144
alloc_pos 154208
alloc_pos 154408
alloc_pos 154540
alloc_pos 154648
alloc_pos 154740
alloc_pos 154800
alloc_pos 154876
alloc_pos 155092
alloc_pos 155200
alloc_pos 155248
alloc_pos 155292
alloc_pos 155412
alloc_pos 155460
alloc_pos 155572
alloc_pos 155812
alloc_pos 155924
alloc_pos 156100
alloc_pos 156188
alloc_pos 156416
alloc_pos 156448
alloc_pos 156656
alloc_pos 156796
alloc_pos 156956
alloc_pos 157008
alloc_pos 157268
alloc_pos 157388
alloc_pos 157432
alloc_pos 157596
alloc_pos 157692
alloc_pos 157928
alloc_pos 158112
alloc_pos 158292
alloc_pos 158540
alloc_pos 158784
alloc_pos 158900
alloc_pos 159068
alloc_pos 159140
alloc_pos 159344
alloc_pos 159384
alloc_pos 159416
alloc_pos 159608
alloc_pos 159688
alloc_pos 159908
alloc_pos 160004
alloc_pos 160048
alloc_pos 160288
alloc_pos 160368
alloc_pos 160612
alloc_pos 160660
alloc_pos 160780
alloc_pos 160872
alloc_pos 161012
alloc_pos 161196
alloc_pos 161432
alloc_pos 161548
alloc_pos 161612
alloc_pos 161728
alloc_pos 161840
alloc_pos 161916
alloc_pos 162108
alloc_pos 162200
alloc_pos 162400
alloc_pos 162660
alloc_pos 162856
alloc_pos 163044
alloc_pos 163084
alloc_pos 163260
alloc_pos 163444
alloc_pos 163508
alloc_pos 163668
alloc_pos 163876
alloc_pos 163960
alloc_pos 164024
alloc_pos 164164
alloc_pos 164284
alloc_pos 164376
alloc_pos 164636
alloc_pos 164820
alloc_pos 165020
alloc_pos 165184
alloc_pos 165264
alloc_pos 165460
alloc_pos 165564
alloc_pos 165800
alloc_pos 166020
alloc_pos 166240
alloc_pos 166276
alloc_pos 166356
alloc_pos 166588
alloc_pos 166620
alloc_pos 166848
alloc_pos 166952
alloc_pos 167076
alloc_pos 167168
alloc_pos 167208
alloc_pos 167284
alloc_pos 167540
alloc_pos 167804
alloc_pos 167972
alloc_pos 168220
alloc_pos 168424
alloc_pos 168528
alloc_pos 168604
alloc_pos 168792
alloc_pos 168940
alloc_pos 169064
alloc_pos 169312
alloc_pos 169568
alloc_pos 169756
alloc_pos 169896
alloc_pos 169956
alloc_pos 170044
alloc_pos 170100
alloc_pos 170184
alloc_pos 170396
alloc_pos 170560
alloc_pos 170720
alloc_pos 170808
alloc_pos 171020
alloc_pos 171192
alloc_pos 171324
alloc_pos 171576
alloc_pos 171748
alloc_pos 171872
alloc_pos 171988
alloc_pos 172068
alloc_pos 172124
alloc_pos 172276
alloc_pos 172424
alloc_pos 172468
alloc_pos 172684
alloc_pos 172720
alloc_pos 172964
alloc_pos 173016
alloc_pos 173076
alloc_pos 173260
alloc_pos 173324
alloc_pos 173548
alloc_pos 173744
alloc_pos 173876
alloc_pos 174052
alloc_pos 174092
alloc_pos 174212
alloc_pos 174332
alloc_pos 174508
alloc_pos 174648
alloc_pos 174804
alloc_pos 174892
alloc_pos 175056
alloc_pos 175300
alloc_pos 175564
alloc_pos 175588
alloc_pos 175784
alloc_pos 175992
alloc_pos 176044
alloc_pos 176240
alloc_pos 176488
alloc_pos 176648
alloc_pos 176864
alloc_pos 176956
alloc_pos 177176
alloc_pos 177364
alloc_pos 177472
alloc_pos 177524
alloc_pos 177620
alloc_pos 177752
alloc_pos 177816
alloc_pos 177956
alloc_pos 177980
alloc_pos 178188
alloc_pos 178436
alloc_pos 178644
alloc_pos 178732
alloc_pos 178884
alloc_pos 179100
alloc_pos 179168
alloc_pos 179320
alloc_pos 179576
alloc_pos 179624
alloc_pos 179868
alloc_pos 180052
alloc_pos 180152
alloc_pos 180388
alloc_pos 180572
alloc_pos 180724
alloc_pos 180900
alloc_pos 180972
alloc_pos 181032
alloc_pos 181148
alloc_pos 181364
alloc_pos 181428
alloc_pos 181588
alloc_pos 181808
alloc_pos 182068
alloc_pos 182224
alloc_pos 182480
alloc_pos 182504
alloc_pos 182680
alloc_pos 182784
alloc_pos 182932
alloc_pos 182960
alloc_pos 183012
alloc_pos 183272
alloc_pos 183388
alloc_pos 183636
alloc_pos 183872
alloc_pos 184100
alloc_pos 184200
alloc_pos 184284
alloc_pos 184320
alloc_pos 184404
alloc_pos 184652
alloc_pos 184820
alloc_pos 185084
alloc_pos 185128
alloc_pos 185312
alloc_pos 185364
alloc_pos 185392
alloc_pos 185604
alloc_pos 185696
alloc_pos 185780
alloc_pos 185860
alloc_pos 185916
alloc_pos 186128
alloc_pos 186176
alloc_pos 186372
alloc_pos 186584
alloc_pos 186836
alloc_pos 186996
alloc_pos 187040
alloc_pos 187212
alloc_pos 187344
alloc_pos 187376
alloc_pos 187404
alloc_pos 187448
alloc_pos 187524
alloc_pos 187604
alloc_pos 187756
alloc_pos 187932
alloc_pos 187960
alloc_pos 188124
alloc_pos 188196
alloc_pos 188400
alloc_pos 188588
alloc_pos 188788
alloc_pos 188948
alloc_pos 189076
alloc_pos 189156
alloc_pos 189292
alloc_pos 189464
alloc_pos 189556
alloc_pos 189784
alloc_pos 190028
alloc_pos 190052
alloc_pos 190268
alloc_pos 190496
alloc_pos 190560
alloc_pos 190760
alloc_pos 190892
alloc_pos 191000
alloc_pos 191092
alloc_pos 191152
alloc_pos 191228
alloc_pos 191444
alloc_pos 191552
alloc_pos 191600
alloc_pos 191644
alloc_pos 191764
alloc_pos 191812
alloc_pos 191924
alloc_pos 192164
alloc_pos 192276
alloc_pos 192452
alloc_pos 192540
alloc_pos 192768
alloc_pos 192800
alloc_pos 193008
alloc_pos 193148
alloc_pos 193308
alloc_pos 193360
alloc_pos 193620
alloc_pos 193740
alloc_pos 193784
alloc_pos 193948
alloc_pos 194044
alloc_pos 194280
alloc_pos 194464
alloc_pos 194644
alloc_pos 194892
alloc_pos 195136
alloc_pos 195252
alloc_pos 195420
alloc_pos 195492
alloc_pos 195696
alloc_pos 195736
alloc_pos 195768
alloc_pos 195960
alloc_pos 196040
alloc_pos 196260
alloc_pos 196356
alloc_pos 196400
alloc_pos 196640
alloc_pos 196720
alloc_pos 196964
alloc_pos 197012
alloc_pos 197132
alloc_pos 197224
alloc_pos 197364
alloc_pos 197548
alloc_pos 197784
alloc_pos 197900
alloc_pos 197964
alloc_pos 198080
alloc_pos 198192
alloc_pos 198268
alloc_pos 198460
alloc_pos 198552
alloc_pos 198752
alloc_pos 199012
alloc_pos 199208
alloc_pos 199396
alloc_pos 199436
alloc_pos 199612
alloc_pos 199796
alloc_pos 199860
alloc_pos 200020
alloc_pos 200228
alloc_pos 200312
alloc_pos 200376
alloc_pos 200516
alloc_pos 200636
alloc_pos 200728
alloc_pos 200988
alloc_pos 201172
alloc_pos 201372
alloc_pos 201536
alloc_pos 201616
alloc_pos 201812
alloc_pos 201916
alloc_pos 202152
alloc_pos 202372
alloc_pos 202592
alloc_pos 202628
alloc_pos 202708
alloc_pos 202940
alloc_pos 202972
alloc_pos 203200
alloc_pos 203304
alloc_pos 203428
alloc_pos 203520
alloc_pos 203560
alloc_pos 203636
alloc_pos 203892
alloc_pos 204156
alloc_pos 204324
alloc_pos 204572
alloc_pos 204776
alloc_pos 204880
alloc_pos 204956
alloc_pos 205144
alloc_pos 205292
alloc_pos 205416
alloc_pos 205664
alloc_pos 205920
alloc_pos 206108
alloc_pos 206248
alloc_pos 206308
alloc_pos 206396
alloc_pos 206452
alloc_pos 206536
alloc_pos 206748
alloc_pos 206912
alloc_pos 207072
alloc_pos 207160
alloc_pos 207372
alloc_pos 207544
alloc_pos 207676
alloc_pos 207928
alloc_pos 208100
alloc_pos 208224
alloc_pos 208340
alloc_pos 208420
alloc_pos 208476
alloc_pos 208628
alloc_pos 208776
alloc_pos 208820
alloc_pos 209036
alloc_pos 209072
alloc_pos 209316
alloc_pos 209368
alloc_pos 209428
alloc_pos 209612
alloc_pos 209676
alloc_pos 209900
alloc_pos 210096
alloc_pos 210228
alloc_pos 210404
alloc_pos 210444
alloc_pos 210564
alloc_pos 210684
alloc_pos 210860
alloc_pos 211000
alloc_pos 211156
alloc_pos 211244
alloc_pos 211408
alloc_pos 211652
alloc_pos 211916
alloc_pos 211940
alloc_pos 212136
alloc_pos 212344
alloc_pos 212396
alloc_pos 212592
alloc_pos 212840
alloc_pos 213000
alloc_pos 213216
alloc_pos 213308
alloc_pos 213528
alloc_pos 213716
alloc_pos 213824
alloc_pos 213876
alloc_pos 213972
alloc_pos 214104
alloc_pos 214168
alloc_pos 214308
alloc_pos 214332
alloc_pos 214540
alloc_pos 214788
alloc_pos 214996
alloc_pos 215084
alloc_pos 215236
alloc_pos 215452
alloc_pos 215520
alloc_pos 215672
alloc_pos 215928
alloc_pos 215976
alloc_pos 216220
alloc_pos 216404
alloc_pos 216504
alloc_pos 216740
alloc_pos 216924
alloc_pos 217076
alloc_pos 217252
alloc_pos 217324
alloc_pos 217384
alloc_pos 217500
alloc_pos 217716
alloc_pos 217780
alloc_pos 217940
alloc_pos 218160
alloc_pos 218420
alloc_pos 218576
alloc_pos 218832
alloc_pos 218856
alloc_pos 219032
alloc_pos 219136
alloc_pos 219284
alloc_pos 219312
alloc_pos 219364
alloc_pos 219624
alloc_pos 219740
alloc_pos 219988
alloc_pos 220224
alloc_pos 220452
alloc_pos 220552
alloc_pos 220636
alloc_pos 220672
alloc_pos 220756
alloc_pos 221004
alloc_pos 221172
alloc_pos 221436
alloc_pos 221480
alloc_pos 221664
alloc_pos 221716
alloc_pos 221744
alloc_pos 221956
alloc_pos 222048
alloc_pos 222132
alloc_pos 222212
alloc_pos 222268
alloc_pos 222480
alloc_pos 222528
alloc_pos 222724
alloc_pos 222936
alloc_pos 223188
alloc_pos 223348
alloc_pos 223392
alloc_pos 223564
alloc_pos 223696
alloc_pos 223728
alloc_pos 223756
alloc_pos 223800
alloc_pos 223876
alloc_pos 223956
alloc_pos 224108
alloc_pos 224284
alloc_pos 224312
alloc_pos 224476
alloc_pos 224548
alloc_pos 224752
alloc_pos 224940
alloc_pos 225140
alloc_pos 225300
alloc_pos 225428
alloc_pos 225508
alloc_pos 225644
alloc_pos 225816
alloc_pos 225908
alloc_pos 226136
alloc_pos 226380
alloc_pos 226404
alloc_pos 226620
alloc_pos 226848
alloc_pos 226912
alloc_pos 227112
alloc_pos 227244
alloc_pos 227352
alloc_pos 227444
alloc_pos 227504
alloc_pos 227580
alloc_pos 227796
alloc_pos 227904
alloc_pos 227952
alloc_pos 227996
alloc_pos 228116
alloc_pos 228164
alloc_pos 228276
alloc_pos 228516
alloc_pos 228628
alloc_pos 228804
alloc_pos 228892
alloc_pos 229120
alloc_pos 229152
alloc_pos 229360
alloc_pos 229500
alloc_pos 229660
alloc_pos 229712
alloc_pos 229972
alloc_pos 230092
alloc_pos 230136
alloc_pos 230300
alloc_pos 230396
alloc_pos 230632
alloc_pos 230816
alloc_pos 230996
alloc_pos 231244
alloc_pos 231488
alloc_pos 231604
alloc_pos 231772
alloc_pos 231844
alloc_pos 232048
alloc_pos 232088
alloc_pos 232120
alloc_pos 232312
alloc_pos 232392
alloc_pos 232612
alloc_pos 232708
alloc_pos 232752
alloc_pos 232992
alloc_pos 233072
alloc_pos 233316
alloc_pos 233364
alloc_pos 233484
alloc_pos 233576
alloc_pos 233716
alloc_pos 233900
alloc_pos 234136
alloc_pos 234252
alloc_pos 234316
alloc_pos 234432
alloc_pos 234544
alloc_pos 234620
alloc_pos 234812
alloc_pos 234904
alloc_pos 235104
alloc_pos 235364
alloc_pos 235560
alloc_pos 235748
alloc_pos 235788
alloc_pos 235964
alloc_pos 236148
alloc_pos 236212
alloc_pos 236372
alloc_pos 236580
alloc_pos 236664
alloc_pos 236728
alloc_pos 236868
alloc_pos 236988
alloc_pos 237080
alloc_pos 237340
alloc_pos 237524
alloc_pos 237724
alloc_pos 237888
alloc_pos 237968
alloc_pos 238164
alloc_pos 238268
alloc_pos 238504
alloc_pos 238724
alloc_pos 238944
alloc_pos 238980
alloc_pos 239060
alloc_pos 239292
alloc_pos 239324
alloc_pos 239552
alloc_pos 239656
alloc_pos 239780
alloc_pos 239872
alloc_pos 239912
alloc_pos 239988
alloc_pos 240244
alloc_pos 240508
alloc_pos 240676
alloc_pos 240924
alloc_pos 241128
alloc_pos 241232
alloc_pos 241308
alloc_pos 241496
alloc_pos 241644
alloc_pos 241768
alloc_pos 242016
alloc_pos 242272
alloc_pos 242460
alloc_pos 242600
alloc_pos 242660
alloc_pos 242748
alloc_pos 242804
alloc_pos 242888
alloc_pos 243100
alloc_pos 243264
alloc_pos 243424
alloc_pos 243512
alloc_pos 243724
alloc_pos 243896
alloc_pos 244028
alloc_pos 244280
alloc_pos 244452
alloc_pos 244576
alloc_pos 244692
alloc_pos 244772
alloc_pos 244828
alloc_pos 244980
alloc_pos 245128
alloc_pos 245172
alloc_pos 245388
alloc_pos 245424
alloc_pos 245668
alloc_pos 245720
alloc_pos 245780
alloc_pos 245964
alloc_pos 246028
alloc_pos 246252
alloc_pos 246448
alloc_pos 246580
alloc_pos 246756
alloc_pos 246796
alloc_pos 246916
alloc_pos 247036
alloc_pos 247212
alloc_pos 247352
alloc_pos 247508
alloc_pos 247596
alloc_pos 247760
alloc_pos 248004
alloc_pos 248268
alloc_pos 248292
alloc_pos 248488
alloc_pos 248696
alloc_pos 248748
alloc_pos 248944
alloc_pos 249192
alloc_pos 249352
alloc_pos 249568
alloc_pos 249660
alloc_pos 249880
alloc_pos 250068
alloc_pos 250176
alloc_pos 250228
alloc_pos 250324
alloc_pos 250456
alloc_pos 250520
alloc_pos 250660
alloc_pos 250684
alloc_pos 250892
alloc_pos 251140
alloc_pos 251348
alloc_pos 251436
alloc_pos 251588
alloc_pos 251804
alloc_pos 251872
alloc_pos 252024
alloc_pos 252280
alloc_pos 252328
alloc_pos 252572
alloc_pos 252756
alloc_pos 252856
alloc_pos 253092
alloc_pos 253276
alloc_pos 253428
alloc_pos 253604
alloc_pos 253676
alloc_pos 253736
alloc_pos 253852
alloc_pos 254068
alloc_pos 254132
alloc_pos 254292
alloc_pos 254512
alloc_pos 254772
alloc_pos 254928
alloc_pos 255184
alloc_pos 255208
alloc_pos 255384
alloc_pos 255488
alloc_pos 255636
alloc_pos 255664
alloc_pos 255716
alloc_pos 255976
alloc_pos 256092
alloc_pos 256340
alloc_pos 256576
alloc_pos 256804
alloc_pos 256904
alloc_pos 256988
alloc_pos 257024
alloc_pos 257108
alloc_pos 257356
alloc_pos 257524
alloc_pos 257788
alloc_pos 257832
alloc_pos 258016
alloc_pos 258068
alloc_pos 258096
alloc_pos 258308
alloc_pos 258400
alloc_pos 258484
alloc_pos 258564
alloc_pos 258620
alloc_pos 258832
alloc_pos 258880
alloc_pos 259076
alloc_pos 259288
alloc_pos 259540
alloc_pos 259700
alloc_pos 259744
alloc_pos 259916
alloc_pos 260048
alloc_pos 260080
alloc_pos 260108
alloc_pos 260152
alloc_pos 260228
alloc_pos 260308
alloc_pos 260460
alloc_pos 260636
alloc_pos 260664
alloc_pos 260828
alloc_pos 260900
alloc_pos 261104
alloc_pos 261292
alloc_pos 261492
alloc_pos 261652
alloc_pos 261780
alloc_pos 261860
alloc_pos -1

