reason: unexpected exit code -6
--- stdout ---
CHENEY GENERATOR!
--- stderr ---
alloc_pos 8
alloc_pos 1040
alloc_pos 2072
alloc_pos 3104
alloc_pos 3368
alloc_pos 3456
alloc_pos 3552
alloc_pos 3748
alloc_pos 4004
alloc_pos 4200
alloc_pos 4428
alloc_pos 4668
alloc_pos 4916
alloc_pos 4984
alloc_pos 5172
alloc_pos 5252
alloc_pos 5444
alloc_pos 5504
alloc_pos 5748
alloc_pos 5828
alloc_pos 6016
alloc_pos 6224
alloc_pos 6292
alloc_pos 6348
alloc_pos 6388
alloc_pos 6548
alloc_pos 6788
alloc_pos 6864
alloc_pos 7076
alloc_pos 7172
alloc_pos 7200
alloc_pos 7332
alloc_pos 7388
alloc_pos 7624
alloc_pos 7820
alloc_pos 7996
alloc_pos 8020
alloc_pos 8112
alloc_pos 8348
alloc_pos 8408
alloc_pos 8452
alloc_pos 8696
alloc_pos 8920
alloc_pos 9148
alloc_pos 9396
alloc_pos 9624
alloc_pos 9712
alloc_pos 9944
alloc_pos 10080
alloc_pos 10292
alloc_pos 10424
alloc_pos 10688
alloc_pos 10744
alloc_pos 10968
alloc_pos 11216
alloc_pos 11304
alloc_pos 11416
alloc_pos 11656
alloc_pos 11736
alloc_pos 11884
alloc_pos 12136
alloc_pos 12352
alloc_pos 12516
alloc_pos 12684
alloc_pos 12816
alloc_pos 13008
alloc_pos 13124
alloc_pos 13372
alloc_pos 13504
alloc_pos 13688
alloc_pos 13792
alloc_pos 13980
alloc_pos 14032
alloc_pos 14144
alloc_pos 14376
alloc_pos 14552
alloc_pos 14780
alloc_pos 14964
alloc_pos 15052
alloc_pos 15252
alloc_pos 15388
alloc_pos 15552
alloc_pos 15732
alloc_pos 15944
alloc_pos 16000
alloc_pos 16136
alloc_pos 16332
alloc_pos 16540
alloc_pos 16676
alloc_pos 16836
alloc_pos 16904
alloc_pos 17000
alloc_pos 17072
alloc_pos 17140
alloc_pos 17296
alloc_pos 17408
alloc_pos 17496
alloc_pos 17612
alloc_pos 17752
alloc_pos 17840
alloc_pos 18016
alloc_pos 18108
alloc_pos 18232
alloc_pos 18480
alloc_pos 18536
alloc_pos 18704
alloc_pos 18852
alloc_pos 19016
alloc_pos 19100
alloc_pos 19268
alloc_pos 19352
alloc_pos 19600
alloc_pos 19672
alloc_pos 19872
alloc_pos 19988
alloc_pos 20044
alloc_pos 20084
alloc_pos 20216
alloc_pos 20404
alloc_pos 20588
alloc_pos 20728
alloc_pos 20848
alloc_pos 20872
alloc_pos 21080
alloc_pos 21212
alloc_pos 21472
alloc_pos 21716
alloc_pos 21748
alloc_pos 21828
alloc_pos 21888
alloc_pos 22036
alloc_pos 22264
alloc_pos 22464
alloc_pos 22700
alloc_pos 22836
alloc_pos 23020
alloc_pos 23108
alloc_pos 23172
alloc_pos 23380
alloc_pos 23508
alloc_pos 23720
alloc_pos 23964
alloc_pos 24052
alloc_pos 24300
alloc_pos 24516
alloc_pos 24744
alloc_pos 24856
alloc_pos 24928
alloc_pos 25132
alloc_pos 25372
alloc_pos 25556
alloc_pos 25672
alloc_pos 25828
alloc_pos 26032
alloc_pos 26224
alloc_pos 26280
alloc_pos 26532
alloc_pos 26736
alloc_pos 26912
alloc_pos 26996
alloc_pos 27204
alloc_pos 27352
alloc_pos 27428
alloc_pos 27672
alloc_pos 27852
alloc_pos 27884
alloc_pos 28056
alloc_pos 28256
alloc_pos 28428
alloc_pos 28460
alloc_pos 28572
alloc_pos 28744
alloc_pos 28952
alloc_pos 29120
alloc_pos 29228
alloc_pos 29296
alloc_pos 29392
alloc_pos 29464
alloc_pos 29528
alloc_pos 29752
alloc_pos 29948
alloc_pos 30112
alloc_pos 30164
alloc_pos 30416
alloc_pos 30496
alloc_pos 30560
alloc_pos 30600
alloc_pos 30732
alloc_pos 30920
alloc_pos 31096
alloc_pos 31260
alloc_pos 31488
alloc_pos 31648
alloc_pos 31848
alloc_pos 31880
alloc_pos 32016
alloc_pos 32248
alloc_pos 32356
alloc_pos 32544
alloc_pos 32588
alloc_pos 32744
alloc_pos 32768
alloc_pos 32824
alloc_pos 32924
alloc_pos 32976
alloc_pos 33104
alloc_pos 33204
alloc_pos 33460
alloc_pos 33552
alloc_pos 33720
alloc_pos 33896
alloc_pos 34096
alloc_pos 34136
alloc_pos 34400
alloc_pos 34544
alloc_pos 34700
alloc_pos 34816
alloc_pos 35056
alloc_pos 35292
alloc_pos 35324
alloc_pos 35348
alloc_pos 35452
alloc_pos 35560
alloc_pos 35620
alloc_pos 35768
alloc_pos 35932
alloc_pos 36092
alloc_pos 36248
alloc_pos 36480
alloc_pos 36624
alloc_pos 36704
alloc_pos 36896
alloc_pos 36972
alloc_pos 37068
alloc_pos 37296
alloc_pos 37328
alloc_pos 37448
alloc_pos 37600
alloc_pos 37804
alloc_pos 38060
alloc_pos 38124
alloc_pos 38336
alloc_pos 38396
alloc_pos 38484
alloc_pos 38616
alloc_pos 38812
alloc_pos 39044
alloc_pos 39284
alloc_pos 39360
alloc_pos 39448
alloc_pos 39580
alloc_pos 39752
alloc_pos 39836
alloc_pos 39948
alloc_pos 40168
alloc_pos 40252
alloc_pos 40424
alloc_pos 40520
alloc_pos 40652
alloc_pos 40728
alloc_pos 40916
alloc_pos 41004
alloc_pos 41100
alloc_pos 41296
alloc_pos 41552
alloc_pos 41748
alloc_pos 41976
alloc_pos 42216
alloc_pos 42464
alloc_pos 42532
alloc_pos 42720
alloc_pos 42800
alloc_pos 42992
alloc_pos 43052
alloc_pos 43296
alloc_pos 43376
alloc_pos 43564
alloc_pos 43772
alloc_pos 43840
alloc_pos 43896
alloc_pos 43936
alloc_pos 44096
alloc_pos 44336
alloc_pos 44412
alloc_pos 44624
alloc_pos 44720
alloc_pos 44748
alloc_pos 44880
alloc_pos 44936
alloc_pos 45172
alloc_pos 45368
alloc_pos 45544
alloc_pos 45568
alloc_pos 45660
alloc_pos 45896
alloc_pos 45956
alloc_pos 46000
alloc_pos 46244
alloc_pos 46468
alloc_pos 46696
alloc_pos 46944
alloc_pos 47172
alloc_pos 47260
alloc_pos 47492
alloc_pos 47628
alloc_pos 47840
alloc_pos 47972
alloc_pos 48236
alloc_pos 48292
alloc_pos 48516
alloc_pos 48764
alloc_pos 48852
alloc_pos 48964
alloc_pos 49204
alloc_pos 49284
alloc_pos 49432
alloc_pos 49684
alloc_pos 49900
alloc_pos 50064
alloc_pos 50232
alloc_pos 50364
alloc_pos 50556
alloc_pos 50672
alloc_pos 50920
alloc_pos 51052
alloc_pos 51236
alloc_pos 51340
alloc_pos 51528
alloc_pos 51580
alloc_pos 51692
alloc_pos 51924
alloc_pos 52100
alloc_pos 52328
alloc_pos 52512
alloc_pos 52600
alloc_pos 52800
alloc_pos 52936
alloc_pos 53100
alloc_pos 53280
alloc_pos 53492
alloc_pos 53548
alloc_pos 53684
alloc_pos 53880
alloc_pos 54088
alloc_pos 54224
alloc_pos 54384
alloc_pos 54452
alloc_pos 54548
alloc_pos 54620
alloc_pos 54688
alloc_pos 54844
alloc_pos 54956
alloc_pos 55044
alloc_pos 55160
alloc_pos 55300
alloc_pos 55388
alloc_pos 55564
alloc_pos 55656
alloc_pos 55780
alloc_pos 56028
alloc_pos 56084
alloc_pos 56252
alloc_pos 56400
alloc_pos 56564
alloc_pos 56648
alloc_pos 56816
alloc_pos 56900
alloc_pos 57148
alloc_pos 57220
alloc_pos 57420
alloc_pos 57536
alloc_pos 57592
alloc_pos 57632
alloc_pos 57764
alloc_pos 57952
alloc_pos 58136
alloc_pos 58276
alloc_pos 58396
alloc_pos 58420
alloc_pos 58628
alloc_pos 58760
alloc_pos 59020
alloc_pos 59264
alloc_pos 59296
alloc_pos 59376
alloc_pos 59436
alloc_pos 59584
alloc_pos 59812
alloc_pos 60012
alloc_pos 60248
alloc_pos 60384
alloc_pos 60568
alloc_pos 60656
alloc_pos 60720
alloc_pos 60928
alloc_pos 61056
alloc_pos 61268
alloc_pos 61512
alloc_pos 61600
alloc_pos 61848
alloc_pos 62064
alloc_pos 62292
alloc_pos 62404
alloc_pos 62476
alloc_pos 62680
alloc_pos 62920
alloc_pos 63104
alloc_pos 63220
alloc_pos 63376
alloc_pos 63580
alloc_pos 63772
alloc_pos 63828
alloc_pos 64080
alloc_pos 64284
alloc_pos 64460
alloc_pos 64544
alloc_pos 64752
alloc_pos 64900
alloc_pos 64976
alloc_pos 65220
alloc_pos 65400
alloc_pos -1

