reason: unexpected exit code -6
--- stdout ---
CHENEY GENERATOR!
--- stderr ---
alloc_pos 8
alloc_pos 1040
alloc_pos 2072
alloc_pos 3104
alloc_pos 3368
alloc_pos 3512
alloc_pos 3700
alloc_pos 3812
alloc_pos 3920
alloc_pos 4116
alloc_pos 4184
alloc_pos 4300
alloc_pos 4456
alloc_pos 4620
alloc_pos 4876
alloc_pos 5068
alloc_pos 5212
alloc_pos 5448
alloc_pos 5496
alloc_pos 5536
alloc_pos 5728
alloc_pos 5956
alloc_pos 6084
alloc_pos 6132
alloc_pos 6364
alloc_pos 6492
alloc_pos 6676
alloc_pos 6888
alloc_pos 7152
alloc_pos 7204
alloc_pos 7436
alloc_pos 7680
alloc_pos 7904
alloc_pos 8016
alloc_pos 8236
alloc_pos 8368
alloc_pos 8412
alloc_pos 8516
alloc_pos 8616
alloc_pos 8676
alloc_pos 8856
alloc_pos 9064
alloc_pos 9208
alloc_pos 9244
alloc_pos 9480
alloc_pos 9716
alloc_pos 9860
alloc_pos 9952
alloc_pos 10208
alloc_pos 10240
alloc_pos 10468
alloc_pos 10632
alloc_pos 10692
alloc_pos 10816
alloc_pos 10860
alloc_pos 10904
alloc_pos 11164
alloc_pos 11368
alloc_pos 11428
alloc_pos 11484
alloc_pos 11716
alloc_pos 11924
alloc_pos 12176
alloc_pos 12316
alloc_pos 12392
alloc_pos 12576
alloc_pos 12736
alloc_pos 12808
alloc_pos 12900
alloc_pos 13120
alloc_pos 13208
alloc_pos 13396
alloc_pos 13624
alloc_pos 13880
alloc_pos 13928
alloc_pos 14112
alloc_pos 14136
alloc_pos 14380
alloc_pos 14552
alloc_pos 14628
alloc_pos 14788
alloc_pos 15020
alloc_pos 15112
alloc_pos 15360
alloc_pos 15616
alloc_pos 15672
alloc_pos 15800
alloc_pos 15900
alloc_pos 16076
alloc_pos 16268
alloc_pos 16460
alloc_pos 16500
alloc_pos 16552
alloc_pos 16792
alloc_pos 17028
alloc_pos 17220
alloc_pos 17280
alloc_pos 17480
alloc_pos 17568
alloc_pos 17712
alloc_pos 17796
alloc_pos 17932
alloc_pos 18076
alloc_pos 18200
alloc_pos 18260
alloc_pos 18440
alloc_pos 18500
alloc_pos 18620
alloc_pos 18656
alloc_pos 18696
alloc_pos 18908
alloc_pos 19108
alloc_pos 19276
alloc_pos 19432
alloc_pos 19696
alloc_pos 19944
alloc_pos 20056
alloc_pos 20284
alloc_pos 20412
alloc_pos 20668
alloc_pos 20892
alloc_pos 20988
alloc_pos 21028
alloc_pos 21144
alloc_pos 21300
alloc_pos 21552
alloc_pos 21628
alloc_pos 21892
alloc_pos 22024
alloc_pos 22184
alloc_pos 22360
alloc_pos 22492
alloc_pos 22620
alloc_pos 22880
alloc_pos 23088
alloc_pos 23132
alloc_pos 23340
alloc_pos 23480
alloc_pos 23652
alloc_pos 23844
alloc_pos 23884
alloc_pos 24072
alloc_pos 24160
alloc_pos 24196
alloc_pos 24264
alloc_pos 24496
alloc_pos 24704
alloc_pos 24860
alloc_pos 25112
alloc_pos 25276
alloc_pos 25312
alloc_pos 25472
alloc_pos 25644
alloc_pos 25812
alloc_pos 25872
alloc_pos 25932
alloc_pos 25960
alloc_pos 26216
alloc_pos 26388
alloc_pos 26636
alloc_pos 26880
alloc_pos 27124
alloc_pos 27324
alloc_pos 27432
alloc_pos 27528
alloc_pos 27636
alloc_pos 27700
alloc_pos 27820
alloc_pos 28060
alloc_pos 28192
alloc_pos 28336
alloc_pos 28464
alloc_pos 28624
alloc_pos 28740
alloc_pos 28892
alloc_pos 29124
alloc_pos 29380
alloc_pos 29448
alloc_pos 29700
alloc_pos 29768
alloc_pos 29880
alloc_pos 29968
alloc_pos 30076
alloc_pos 30188
alloc_pos 30324
alloc_pos 30516
alloc_pos 30556
alloc_pos 30664
alloc_pos 30908
alloc_pos 31144
alloc_pos 31372
alloc_pos 31600
alloc_pos 31796
alloc_pos 32044
alloc_pos 32260
alloc_pos 32404
alloc_pos 32444
alloc_pos 32664
alloc_pos 32924
alloc_pos 32992
alloc_pos 33136
alloc_pos 33308
alloc_pos 33496
alloc_pos 33576
alloc_pos 33612
alloc_pos 33672
alloc_pos 33896
alloc_pos 33964
alloc_pos 34132
alloc_pos 34316
alloc_pos 34388
alloc_pos 34620
alloc_pos 34752
alloc_pos 34904
alloc_pos 35132
alloc_pos 35320
alloc_pos 35372
alloc_pos 35404
alloc_pos 35556
alloc_pos 35720
alloc_pos 35896
alloc_pos 35972
alloc_pos 36012
alloc_pos 36044
alloc_pos 36072
alloc_pos 36288
alloc_pos 36388
alloc_pos 36596
alloc_pos 36760
alloc_pos 36848
alloc_pos 36980
alloc_pos 37020
alloc_pos 37116
alloc_pos 37372
alloc_pos 37536
alloc_pos 37708
alloc_pos 37892
alloc_pos 37992
alloc_pos 38024
alloc_pos 38248
alloc_pos 38456
alloc_pos 38496
alloc_pos 38652
alloc_pos 38760
alloc_pos 38796
alloc_pos 38868
alloc_pos 38928
alloc_pos 39076
alloc_pos 39208
alloc_pos 39472
alloc_pos 39660
alloc_pos 39828
alloc_pos 39924
alloc_pos 40112
alloc_pos 40312
alloc_pos 40348
alloc_pos 40528
alloc_pos 40592
alloc_pos 40796
alloc_pos 40832
alloc_pos 40892
alloc_pos 41036
alloc_pos 41224
alloc_pos 41336
alloc_pos 41444
alloc_pos 41640
alloc_pos 41708
alloc_pos 41824
alloc_pos 41980
alloc_pos 42144
alloc_pos 42400
alloc_pos 42592
alloc_pos 42736
alloc_pos 42972
alloc_pos 43020
alloc_pos 43060
alloc_pos 43252
alloc_pos 43480
alloc_pos 43608
alloc_pos 43656
alloc_pos 43888
alloc_pos 44016
alloc_pos 44200
alloc_pos 44412
alloc_pos 44676
alloc_pos 44728
alloc_pos 44960
alloc_pos 45204
alloc_pos 45428
alloc_pos 45540
alloc_pos 45760
alloc_pos 45892
alloc_pos 45936
alloc_pos 46040
alloc_pos 46140
alloc_pos 46200
alloc_pos 46380
alloc_pos 46588
alloc_pos 46732
alloc_pos 46768
alloc_pos 47004
alloc_pos 47240
alloc_pos 47384
alloc_pos 47476
alloc_pos 47732
alloc_pos 47764
alloc_pos 47992
alloc_pos 48156
alloc_pos 48216
alloc_pos 48340
alloc_pos 48384
alloc_pos 48428
alloc_pos 48688
alloc_pos 48892
alloc_pos 48952
alloc_pos 49008
alloc_pos 49240
alloc_pos 49448
alloc_pos 49700
alloc_pos 49840
alloc_pos 49916
alloc_pos 50100
alloc_pos 50260
alloc_pos 50332
alloc_pos 50424
alloc_pos 50644
alloc_pos 50732
alloc_pos 50920
alloc_pos 51148
alloc_pos 51404
alloc_pos 51452
alloc_pos 51636
alloc_pos 51660
alloc_pos 51904
alloc_pos 52076
alloc_pos 52152
alloc_pos 52312
alloc_pos 52544
alloc_pos 52636
alloc_pos 52884
alloc_pos 53140
alloc_pos 53196
alloc_pos 53324
alloc_pos 53424
alloc_pos 53600
alloc_pos 53792
alloc_pos 53984
alloc_pos 54024
alloc_pos 54076
alloc_pos 54316
alloc_pos 54552
alloc_pos 54744
alloc_pos 54804
alloc_pos 55004
alloc_pos 55092
alloc_pos 55236
alloc_pos 55320
alloc_pos 55456
alloc_pos 55600
alloc_pos 55724
alloc_pos 55784
alloc_pos 55964
alloc_pos 56024
alloc_pos 56144
alloc_pos 56180
alloc_pos 56220
alloc_pos 56432
alloc_pos 56632
alloc_pos 56800
alloc_pos 56956
alloc_pos 57220
alloc_pos 57468
alloc_pos 57580
alloc_pos 57808
alloc_pos 57936
alloc_pos 58192
alloc_pos 58416
alloc_pos 58512
alloc_pos 58552
alloc_pos 58668
alloc_pos 58824
alloc_pos 59076
alloc_pos 59152
alloc_pos 59416
alloc_pos 59548
alloc_pos 59708
alloc_pos 59884
alloc_pos 60016
alloc_pos 60144
alloc_pos 60404
alloc_pos 60612
alloc_pos 60656
alloc_pos 60864
alloc_pos 61004
alloc_pos 61176
alloc_pos 61368
alloc_pos 61408
alloc_pos 61596
alloc_pos 61684
alloc_pos 61720
alloc_pos 61788
alloc_pos 62020
alloc_pos 62228
alloc_pos 62384
alloc_pos 62636
alloc_pos 62800
alloc_pos 62836
alloc_pos 62996
alloc_pos 63168
alloc_pos 63336
alloc_pos 63396
alloc_pos 63456
alloc_pos 63484
alloc_pos 63740
alloc_pos 63912
alloc_pos 64160
alloc_pos 64404
alloc_pos 64648
alloc_pos 64848
alloc_pos 64956
alloc_pos 65052
alloc_pos 65160
alloc_pos 65224
alloc_pos 65344
alloc_pos 65584
alloc_pos 65716
alloc_pos 65860
alloc_pos 65988
alloc_pos 66148
alloc_pos 66264
alloc_pos 66416
alloc_pos 66648
alloc_pos 66904
alloc_pos 66972
alloc_pos 67224
alloc_pos 67292
alloc_pos 67404
alloc_pos 67492
alloc_pos 67600
alloc_pos 67712
alloc_pos 67848
alloc_pos 68040
alloc_pos 68080
alloc_pos 68188
alloc_pos 68432
alloc_pos 68668
alloc_pos 68896
alloc_pos 69124
alloc_pos 69320
alloc_pos 69568
alloc_pos 69784
alloc_pos 69928
alloc_pos 69968
alloc_pos 70188
alloc_pos 70448
alloc_pos 70516
alloc_pos 70660
alloc_pos 70832
alloc_pos 71020
alloc_pos 71100
alloc_pos 71136
alloc_pos 71196
alloc_pos 71420
alloc_pos 71488
alloc_pos 71656
alloc_pos 71840
alloc_pos 71912
alloc_pos 72144
alloc_pos 72276
alloc_pos 72428
alloc_pos 72656
alloc_pos 72844
alloc_pos 72896
alloc_pos 72928
alloc_pos 73080
alloc_pos 73244
alloc_pos 73420
alloc_pos 73496
alloc_pos 73536
alloc_pos 73568
alloc_pos 73596
alloc_pos 73812
alloc_pos 73912
alloc_pos 74120
alloc_pos 74284
alloc_pos 74372
alloc_pos 74504
alloc_pos 74544
alloc_pos 74640
alloc_pos 74896
alloc_pos 75060
alloc_pos 75232
alloc_pos 75416
alloc_pos 75516
alloc_pos 75548
alloc_pos 75772
alloc_pos 75980
alloc_pos 76020
alloc_pos 76176
alloc_pos 76284
alloc_pos 76320
alloc_pos 76392
alloc_pos 76452
alloc_pos 76600
alloc_pos 76732
alloc_pos 76996
alloc_pos 77184
alloc_pos 77352
alloc_pos 77448
alloc_pos 77636
alloc_pos 77836
alloc_pos 77872
alloc_pos 78052
alloc_pos 78116
alloc_pos 78320
alloc_pos 78356
alloc_pos 78416
alloc_pos 78560
alloc_pos 78748
alloc_pos 78860
alloc_pos 78968
alloc_pos 79164
alloc_pos 79232
alloc_pos 79348
alloc_pos 79504
alloc_pos 79668
alloc_pos 79924
alloc_pos 80116
alloc_pos 80260
alloc_pos 80496
alloc_pos 80544
alloc_pos 80584
alloc_pos 80776
alloc_pos 81004
alloc_pos 81132
alloc_pos 81180
alloc_pos 81412
alloc_pos 81540
alloc_pos 81724
alloc_pos 81936
alloc_pos 82200
alloc_pos 82252
alloc_pos 82484
alloc_pos 82728
alloc_pos 82952
alloc_pos 83064
alloc_pos 83284
alloc_pos 83416
alloc_pos 83460
alloc_pos 83564
alloc_pos 83664
alloc_pos 83724
alloc_pos 83904
alloc_pos 84112
alloc_pos 84256
alloc_pos 84292
alloc_pos 84528
alloc_pos 84764
alloc_pos 84908
alloc_pos 85000
alloc_pos 85256
alloc_pos 85288
alloc_pos 85516
alloc_pos 85680
alloc_pos 85740
alloc_pos 85864
alloc_pos 85908
alloc_pos 85952
alloc_pos 86212
alloc_pos 86416
alloc_pos 86476
alloc_pos 86532
alloc_pos 86764
alloc_pos 86972
alloc_pos 87224
alloc_pos 87364
alloc_pos 87440
alloc_pos 87624
alloc_pos 87784
alloc_pos 87856
alloc_pos 87948
alloc_pos 88168
alloc_pos 88256
alloc_pos 88444
alloc_pos 88672
alloc_pos 88928
alloc_pos 88976
alloc_pos 89160
alloc_pos 89184
alloc_pos 89428
alloc_pos 89600
alloc_pos 89676
alloc_pos 89836
alloc_pos 90068
alloc_pos 90160
alloc_pos 90408
alloc_pos 90664
alloc_pos 90720
alloc_pos 90848
alloc_pos 90948
alloc_pos 91124
alloc_pos 91316
alloc_pos 91508
alloc_pos 91548
alloc_pos 91600
alloc_pos 91840
alloc_pos 92076
alloc_pos 92268
alloc_pos 92328
alloc_pos 92528
alloc_pos 92616
alloc_pos 92760
alloc_pos 92844
alloc_pos 92980
alloc_pos 93124
alloc_pos 93248
alloc_pos 93308
alloc_pos 93488
alloc_pos 93548
alloc_pos 93668
alloc_pos 93704
alloc_pos 93744
alloc_pos 93956
alloc_pos 94156
alloc_pos 94324
alloc_pos 94480
alloc_pos 94744
alloc_pos 94992
alloc_pos 95104
alloc_pos 95332
alloc_pos 95460
alloc_pos 95716
alloc_pos 95940
alloc_pos 96036
alloc_pos 96076
alloc_pos 96192
alloc_pos 96348
alloc_pos 96600
alloc_pos 96676
alloc_pos 96940
alloc_pos 97072
alloc_pos 97232
alloc_pos 97408
alloc_pos 97540
alloc_pos 97668
alloc_pos 97928
alloc_pos 98136
alloc_pos 98180
alloc_pos 98388
alloc_pos 98528
alloc_pos 98700
alloc_pos 98892
alloc_pos 98932
alloc_pos 99120
alloc_pos 99208
alloc_pos 99244
alloc_pos 99312
alloc_pos 99544
alloc_pos 99752
alloc_pos 99908
alloc_pos 100160
alloc_pos 100324
alloc_pos 100360
alloc_pos 100520
alloc_pos 100692
alloc_pos 100860
alloc_pos 100920
alloc_pos 100980
alloc_pos 101008
alloc_pos 101264
alloc_pos 101436
alloc_pos 101684
alloc_pos 101928
alloc_pos 102172
alloc_pos 102372
alloc_pos 102480
alloc_pos 102576
alloc_pos 102684
alloc_pos 102748
alloc_pos 102868
alloc_pos 103108
alloc_pos 103240
alloc_pos 103384
alloc_pos 103512
alloc_pos 103672
alloc_pos 103788
alloc_pos 103940
alloc_pos 104172
alloc_pos 104428
alloc_pos 104496
alloc_pos 104748
alloc_pos 104816
alloc_pos 104928
alloc_pos 105016
alloc_pos 105124
alloc_pos 105236
alloc_pos 105372
alloc_pos 105564
alloc_pos 105604
alloc_pos 105712
alloc_pos 105956
alloc_pos 106192
alloc_pos 106420
alloc_pos 106648
alloc_pos 106844
alloc_pos 107092
alloc_pos 107308
alloc_pos 107452
alloc_pos 107492
alloc_pos 107712
alloc_pos 107972
alloc_pos 108040
alloc_pos 108184
alloc_pos 108356
alloc_pos 108544
alloc_pos 108624
alloc_pos 108660
alloc_pos 108720
alloc_pos 108944
alloc_pos 109012
alloc_pos 109180
alloc_pos 109364
alloc_pos 109436
alloc_pos 109668
alloc_pos 109800
alloc_pos 109952
alloc_pos 110180
alloc_pos 110368
alloc_pos 110420
alloc_pos 110452
alloc_pos 110604
alloc_pos 110768
alloc_pos 110944
alloc_pos 111020
alloc_pos 111060
alloc_pos 111092
alloc_pos 111120
alloc_pos 111336
alloc_pos 111436
alloc_pos 111644
alloc_pos 111808
alloc_pos 111896
alloc_pos 112028
alloc_pos 112068
alloc_pos 112164
alloc_pos 112420
alloc_pos 112584
alloc_pos 112756
alloc_pos 112940
alloc_pos 113040
alloc_pos 113072
alloc_pos 113296
alloc_pos 113504
alloc_pos 113544
alloc_pos 113700
alloc_pos 113808
alloc_pos 113844
alloc_pos 113916
alloc_pos 113976
alloc_pos 114124
alloc_pos 114256
alloc_pos 114520
alloc_pos 114708
alloc_pos 114876
alloc_pos 114972
alloc_pos 115160
alloc_pos 115360
alloc_pos 115396
alloc_pos 115576
alloc_pos 115640
alloc_pos 115844
alloc_pos 115880
alloc_pos 115940
alloc_pos 116084
alloc_pos 116272
alloc_pos 116384
alloc_pos 116492
alloc_pos 116688
alloc_pos 116756
alloc_pos 116872
alloc_pos 117028
alloc_pos 117192
alloc_pos 117448
alloc_pos 117640
alloc_pos 117784
alloc_pos 118020
alloc_pos 118068
alloc_pos 118108
alloc_pos 118300
alloc_pos 118528
alloc_pos 118656
alloc_pos 118704
alloc_pos 118936
alloc_pos 119064
alloc_pos 119248
alloc_pos 119460
alloc_pos 119724
alloc_pos 119776
alloc_pos 120008
alloc_pos 120252
alloc_pos 120476
alloc_pos 120588
alloc_pos 120808
alloc_pos 120940
alloc_pos 120984
alloc_pos 121088
alloc_pos 121188
alloc_pos 121248
alloc_pos 121428
alloc_pos 121636
alloc_pos 121780
alloc_pos 121816
alloc_pos 122052
alloc_pos 122288
alloc_pos 122432
alloc_pos 122524
alloc_pos 122780
alloc_pos 122812
alloc_pos 123040
alloc_pos 123204
alloc_pos 123264
alloc_pos 123388
alloc_pos 123432
alloc_pos 123476
alloc_pos 123736
alloc_pos 123940
alloc_pos 124000
alloc_pos 124056
alloc_pos 124288
alloc_pos 124496
alloc_pos 124748
alloc_pos 124888
alloc_pos 124964
alloc_pos 125148
alloc_pos 125308
alloc_pos 125380
alloc_pos 125472
alloc_pos 125692
alloc_pos 125780
alloc_pos 125968
alloc_pos 126196
alloc_pos 126452
alloc_pos 126500
alloc_pos 126684
alloc_pos 126708
alloc_pos 126952
alloc_pos 127124
alloc_pos 127200
alloc_pos 127360
alloc_pos 127592
alloc_pos 127684
alloc_pos 127932
alloc_pos 128188
alloc_pos 128244
alloc_pos 128372
alloc_pos 128472
alloc_pos 128648
alloc_pos 128840
alloc_pos 129032
alloc_pos 129072
alloc_pos 129124
alloc_pos 129364
alloc_pos 129600
alloc_pos 129792
alloc_pos 129852
alloc_pos 130052
alloc_pos 130140
alloc_pos 130284
alloc_pos 130368
alloc_pos 130504
alloc_pos 130648
alloc_pos 130772
alloc_pos 130832
alloc_pos 131012
alloc_pos 131072
alloc_pos 131192
alloc_pos 131228
alloc_pos 131268
alloc_pos 131480
alloc_pos 131680
alloc_pos 131848
alloc_pos 132004
alloc_pos 132268
alloc_pos 132516
alloc_pos 132628
alloc_pos 132856
alloc_pos 132984
alloc_pos 133240
alloc_pos 133464
alloc_pos 133560
alloc_pos 133600
alloc_pos 133716
alloc_pos 133872
alloc_pos 134124
alloc_pos 134200
alloc_pos 134464
alloc_pos 134596
alloc_pos 134756
alloc_pos 134932
alloc_pos 135064
alloc_pos 135192
alloc_pos 135452
alloc_pos 135660
alloc_pos 135704
alloc_pos 135912
alloc_pos 136052
alloc_pos 136224
alloc_pos 136416
alloc_pos 136456
alloc_pos 136644
alloc_pos 136732
alloc_pos 136768
alloc_pos 136836
alloc_pos 137068
alloc_pos 137276
alloc_pos 137432
alloc_pos 137684
alloc_pos 137848
alloc_pos 137884
alloc_pos 138044
alloc_pos 138216
alloc_pos 138384
alloc_pos 138444
alloc_pos 138504
alloc_pos 138532
alloc_pos 138788
alloc_pos 138960
alloc_pos 139208
alloc_pos 139452
alloc_pos 139696
alloc_pos 139896
alloc_pos 140004
alloc_pos 140100
alloc_pos 140208
alloc_pos 140272
alloc_pos 140392
alloc_pos 140632
alloc_pos 140764
alloc_pos 140908
alloc_pos 141036
alloc_pos 141196
alloc_pos 141312
alloc_pos 141464
alloc_pos 141696
alloc_pos 141952
alloc_pos 142020
alloc_pos 142272
alloc_pos 142340
alloc_pos 142452
alloc_pos 142540
alloc_pos 142648
alloc_pos 142760
alloc_pos 142896
alloc_pos 143088
alloc_pos 143128
alloc_pos 143236
alloc_pos 143480
alloc_pos 143716
alloc_pos 143944
alloc_pos 144172
alloc_pos 144368
alloc_pos 144616
alloc_pos 144832
alloc_pos 144976
alloc_pos 145016
alloc_pos 145236
alloc_pos 145496
alloc_pos 145564
alloc_pos 145708
alloc_pos 145880
alloc_pos 146068
alloc_pos 146148
alloc_pos 146184
alloc_pos 146244
alloc_pos 146468
alloc_pos 146536
alloc_pos 146704
alloc_pos 146888
alloc_pos 146960
alloc_pos 147192
alloc_pos 147324
alloc_pos 147476
alloc_pos 147704
alloc_pos 147892
alloc_pos 147944
alloc_pos 147976
alloc_pos 148128
alloc_pos 148292
alloc_pos 148468
alloc_pos 148544
alloc_pos 148584
alloc_pos 148616
alloc_pos 148644
alloc_pos 148860
alloc_pos 148960
alloc_pos 149168
alloc_pos 149332
alloc_pos 149420
alloc_pos 149552
alloc_pos 149592
alloc_pos 149688
alloc_pos 149944
alloc_pos 150108
alloc_pos 150280
alloc_pos 150464
alloc_pos 150564
alloc_pos 150596
alloc_pos 150820
alloc_pos 151028
alloc_pos 151068
alloc_pos 151224
alloc_pos 151332
alloc_pos 151368
alloc_pos 151440
alloc_pos 151500
alloc_pos 151648
alloc_pos 151780
alloc_pos 152044
alloc_pos 152232
alloc_pos 152400
alloc_pos 152496
alloc_pos 152684
alloc_pos 152884
alloc_pos 152920
alloc_pos 153100
alloc_pos 153164
alloc_pos 153368
alloc_pos 153404
alloc_pos 153464
alloc_pos 153608
alloc_pos 153796
alloc_pos 153908
alloc_pos 154016
alloc_pos 154212
alloc_pos 154280
alloc_pos 154396
alloc_pos 154552
alloc_pos 154716
alloc_pos 154972
alloc_pos 155164
alloc_pos 155308
alloc_pos 155544
alloc_pos 155592
alloc_pos 155632
alloc_pos 155824
alloc_pos 156052
alloc_pos 156180
alloc_pos 156228
alloc_pos 156460
alloc_pos 156588
alloc_pos 156772
alloc_pos 156984
alloc_pos 157248
alloc_pos 157300
alloc_pos 157532
alloc_pos 157776
alloc_pos 158000
alloc_pos 158112
alloc_pos 158332
alloc_pos 158464
alloc_pos 158508
alloc_pos 158612
alloc_pos 158712
alloc_pos 158772
alloc_pos 158952
alloc_pos 159160
alloc_pos 159304
alloc_pos 159340
alloc_pos 159576
alloc_pos 159812
alloc_pos 159956
alloc_pos 160048
alloc_pos 160304
alloc_pos 160336
alloc_pos 160564
alloc_pos 160728
alloc_pos 160788
alloc_pos 160912
alloc_pos 160956
alloc_pos 161000
alloc_pos 161260
alloc_pos 161464
alloc_pos 161524
alloc_pos 161580
alloc_pos 161812
alloc_pos 162020
alloc_pos 162272
alloc_pos 162412
alloc_pos 162488
alloc_pos 162672
alloc_pos 162832
alloc_pos 162904
alloc_pos 162996
alloc_pos 163216
alloc_pos 163304
alloc_pos 163492
alloc_pos 163720
alloc_pos 163976
alloc_pos 164024
alloc_pos 164208
alloc_pos 164232
alloc_pos 164476
alloc_pos 164648
alloc_pos 164724
alloc_pos 164884
alloc_pos 165116
alloc_pos 165208
alloc_pos 165456
alloc_pos 165712
alloc_pos 165768
alloc_pos 165896
alloc_pos 165996
alloc_pos 166172
alloc_pos 166364
alloc_pos 166556
alloc_pos 166596
alloc_pos 166648
alloc_pos 166888
alloc_pos 167124
alloc_pos 167316
alloc_pos 167376
alloc_pos 167576
alloc_pos 167664
alloc_pos 167808
alloc_pos 167892
alloc_pos 168028
alloc_pos 168172
alloc_pos 168296
alloc_pos 168356
alloc_pos 168536
alloc_pos 168596
alloc_pos 168716
alloc_pos 168752
alloc_pos 168792
alloc_pos 169004
alloc_pos 169204
alloc_pos 169372
alloc_pos 169528
alloc_pos 169792
alloc_pos 170040
alloc_pos 170152
alloc_pos 170380
alloc_pos 170508
alloc_pos 170764
alloc_pos 170988
alloc_pos 171084
alloc_pos 171124
alloc_pos 171240
alloc_pos 171396
alloc_pos 171648
alloc_pos 171724
alloc_pos 171988
alloc_pos 172120
alloc_pos 172280
alloc_pos 172456
alloc_pos 172588
alloc_pos 172716
alloc_pos 172976
alloc_pos 173184
alloc_pos 173228
alloc_pos 173436
alloc_pos 173576
alloc_pos 173748
alloc_pos 173940
alloc_pos 173980
alloc_pos 174168
alloc_pos 174256
alloc_pos 174292
alloc_pos 174360
alloc_pos 174592
alloc_pos 174800
alloc_pos 174956
alloc_pos 175208
alloc_pos 175372
alloc_pos 175408
alloc_pos 175568
alloc_pos 175740
alloc_pos 175908
alloc_pos 175968
alloc_pos 176028
alloc_pos 176056
alloc_pos 176312
alloc_pos 176484
alloc_pos 176732
alloc_pos 176976
alloc_pos 177220
alloc_pos 177420
alloc_pos 177528
alloc_pos 177624
alloc_pos 177732
alloc_pos 177796
alloc_pos 177916
alloc_pos 178156
alloc_pos 178288
alloc_pos 178432
alloc_pos 178560
alloc_pos 178720
alloc_pos 178836
alloc_pos 178988
alloc_pos 179220
alloc_pos 179476
alloc_pos 179544
alloc_pos 179796
alloc_pos 179864
alloc_pos 179976
alloc_pos 180064
alloc_pos 180172
alloc_pos 180284
alloc_pos 180420
alloc_pos 180612
alloc_pos 180652
alloc_pos 180760
alloc_pos 181004
alloc_pos 181240
alloc_pos 181468
alloc_pos 181696
alloc_pos 181892
alloc_pos 182140
alloc_pos 182356
alloc_pos 182500
alloc_pos 182540
alloc_pos 182760
alloc_pos 183020
alloc_pos 183088
alloc_pos 183232
alloc_pos 183404
alloc_pos 183592
alloc_pos 183672
alloc_pos 183708
alloc_pos 183768
alloc_pos 183992
alloc_pos 184060
alloc_pos 184228
alloc_pos 184412
alloc_pos 184484
alloc_pos 184716
alloc_pos 184848
alloc_pos 185000
alloc_pos 185228
alloc_pos 185416
alloc_pos 185468
alloc_pos 185500
alloc_pos 185652
alloc_pos 185816
alloc_pos 185992
alloc_pos 186068
alloc_pos 186108
alloc_pos 186140
alloc_pos 186168
alloc_pos 186384
alloc_pos 186484
alloc_pos 186692
alloc_pos 186856
alloc_pos 186944
alloc_pos 187076
alloc_pos 187116
alloc_pos 187212
alloc_pos 187468
alloc_pos 187632
alloc_pos 187804
alloc_pos 187988
alloc_pos 188088
alloc_pos 188120
alloc_pos 188344
alloc_pos 188552
alloc_pos 188592
alloc_pos 188748
alloc_pos 188856
alloc_pos 188892
alloc_pos 188964
alloc_pos 189024
alloc_pos 189172
alloc_pos 189304
alloc_pos 189568
alloc_pos 189756
alloc_pos 189924
alloc_pos 190020
alloc_pos 190208
alloc_pos 190408
alloc_pos 190444
alloc_pos 190624
alloc_pos 190688
alloc_pos 190892
alloc_pos 190928
alloc_pos 190988
alloc_pos 191132
alloc_pos 191320
alloc_pos 191432
alloc_pos 191540
alloc_pos 191736
alloc_pos 191804
alloc_pos 191920
alloc_pos 192076
alloc_pos 192240
alloc_pos 192496
alloc_pos 192688
alloc_pos 192832
alloc_pos 193068
alloc_pos 193116
alloc_pos 193156
alloc_pos 193348
alloc_pos 193576
alloc_pos 193704
alloc_pos 193752
alloc_pos 193984
alloc_pos 194112
alloc_pos 194296
alloc_pos 194508
alloc_pos 194772
alloc_pos 194824
alloc_pos 195056
alloc_pos 195300
alloc_pos 195524
alloc_pos 195636
alloc_pos 195856
alloc_pos 195988
alloc_pos 196032
alloc_pos 196136
alloc_pos 196236
alloc_pos 196296
alloc_pos 196476
alloc_pos 196684
alloc_pos 196828
alloc_pos 196864
alloc_pos 197100
alloc_pos 197336
alloc_pos 197480
alloc_pos 197572
alloc_pos 197828
alloc_pos 197860
alloc_pos 198088
alloc_pos 198252
alloc_pos 198312
alloc_pos 198436
alloc_pos 198480
alloc_pos 198524
alloc_pos 198784
alloc_pos 198988
alloc_pos 199048
alloc_pos 199104
alloc_pos 199336
alloc_pos 199544
alloc_pos 199796
alloc_pos 199936
alloc_pos 200012
alloc_pos 200196
alloc_pos 200356
alloc_pos 200428
alloc_pos 200520
alloc_pos 200740
alloc_pos 200828
alloc_pos 201016
alloc_pos 201244
alloc_pos 201500
alloc_pos 201548
alloc_pos 201732
alloc_pos 201756
alloc_pos 202000
alloc_pos 202172
alloc_pos 202248
alloc_pos 202408
alloc_pos 202640
alloc_pos 202732
alloc_pos 202980
alloc_pos 203236
alloc_pos 203292
alloc_pos 203420
alloc_pos 203520
alloc_pos 203696
alloc_pos 203888
alloc_pos 204080
alloc_pos 204120
alloc_pos 204172
alloc_pos 204412
alloc_pos 204648
alloc_pos 204840
alloc_pos 204900
alloc_pos 205100
alloc_pos 205188
alloc_pos 205332
alloc_pos 205416
alloc_pos 205552
alloc_pos 205696
alloc_pos 205820
alloc_pos 205880
alloc_pos 206060
alloc_pos 206120
alloc_pos 206240
alloc_pos 206276
alloc_pos 206316
alloc_pos 206528
alloc_pos 206728
alloc_pos 206896
alloc_pos 207052
alloc_pos 207316
alloc_pos 207564
alloc_pos 207676
alloc_pos 207904
alloc_pos 208032
alloc_pos 208288
alloc_pos 208512
alloc_pos 208608
alloc_pos 208648
alloc_pos 208764
alloc_pos 208920
alloc_pos 209172
alloc_pos 209248
alloc_pos 209512
alloc_pos 209644
alloc_pos 209804
alloc_pos 209980
alloc_pos 210112
alloc_pos 210240
alloc_pos 210500
alloc_pos 210708
alloc_pos 210752
alloc_pos 210960
alloc_pos 211100
alloc_pos 211272
alloc_pos 211464
alloc_pos 211504
alloc_pos 211692
alloc_pos 211780
alloc_pos 211816
alloc_pos 211884
alloc_pos 212116
alloc_pos 212324
alloc_pos 212480
alloc_pos 212732
alloc_pos 212896
alloc_pos 212932
alloc_pos 213092
alloc_pos 213264
alloc_pos 213432
alloc_pos 213492
alloc_pos 213552
alloc_pos 213580
alloc_pos 213836
alloc_pos 214008
alloc_pos 214256
alloc_pos 214500
alloc_pos 214744
alloc_pos 214944
alloc_pos 215052
alloc_pos 215148
alloc_pos 215256
alloc_pos 215320
alloc_pos 215440
alloc_pos 215680
alloc_pos 215812
alloc_pos 215956
alloc_pos 216084
alloc_pos 216244
alloc_pos 216360
alloc_pos 216512
alloc_pos 216744
alloc_pos 217000
alloc_pos 217068
alloc_pos 217320
alloc_pos 217388
alloc_pos 217500
alloc_pos 217588
alloc_pos 217696
alloc_pos 217808
alloc_pos 217944
alloc_pos 218136
alloc_pos 218176
alloc_pos 218284
alloc_pos 218528
alloc_pos 218764
alloc_pos 218992
alloc_pos 219220
alloc_pos 219416
alloc_pos 219664
alloc_pos 219880
alloc_pos 220024
alloc_pos 220064
alloc_pos 220284
alloc_pos 220544
alloc_pos 220612
alloc_pos 220756
alloc_pos 220928
alloc_pos 221116
alloc_pos 221196
alloc_pos 221232
alloc_pos 221292
alloc_pos 221516
alloc_pos 221584
alloc_pos 221752
alloc_pos 221936
alloc_pos 222008
alloc_pos 222240
alloc_pos 222372
alloc_pos 222524
alloc_pos 222752
alloc_pos 222940
alloc_pos 222992
alloc_pos 223024
alloc_pos 223176
alloc_pos 223340
alloc_pos 223516
alloc_pos 223592
alloc_pos 223632
alloc_pos 223664
alloc_pos 223692
alloc_pos 223908
alloc_pos 224008
alloc_pos 224216
alloc_pos 224380
alloc_pos 224468
alloc_pos 224600
alloc_pos 224640
alloc_pos 224736
alloc_pos 224992
alloc_pos 225156
alloc_pos 225328
alloc_pos 225512
alloc_pos 225612
alloc_pos 225644
alloc_pos 225868
alloc_pos 226076
alloc_pos 226116
alloc_pos 226272
alloc_pos 226380
alloc_pos 226416
alloc_pos 226488
alloc_pos 226548
alloc_pos 226696
alloc_pos 226828
alloc_pos 227092
alloc_pos 227280
alloc_pos 227448
alloc_pos 227544
alloc_pos 227732
alloc_pos 227932
alloc_pos 227968
alloc_pos 228148
alloc_pos 228212
alloc_pos 228416
alloc_pos 228452
alloc_pos 228512
alloc_pos 228656
alloc_pos 228844
alloc_pos 228956
alloc_pos 229064
alloc_pos 229260
alloc_pos 229328
alloc_pos 229444
alloc_pos 229600
alloc_pos 229764
alloc_pos 230020
alloc_pos 230212
alloc_pos 230356
alloc_pos 230592
alloc_pos 230640
alloc_pos 230680
alloc_pos 230872
alloc_pos 231100
alloc_pos 231228
alloc_pos 231276
alloc_pos 231508
alloc_pos 231636
alloc_pos 231820
alloc_pos 232032
alloc_pos 232296
alloc_pos 232348
alloc_pos 232580
alloc_pos 232824
alloc_pos 233048
alloc_pos 233160
alloc_pos 233380
alloc_pos 233512
alloc_pos 233556
alloc_pos 233660
alloc_pos 233760
alloc_pos 233820
alloc_pos 234000
alloc_pos 234208
alloc_pos 234352
alloc_pos 234388
alloc_pos 234624
alloc_pos 234860
alloc_pos 235004
alloc_pos 235096
alloc_pos 235352
alloc_pos 235384
alloc_pos 235612
alloc_pos 235776
alloc_pos 235836
alloc_pos 235960
alloc_pos 236004
alloc_pos 236048
alloc_pos 236308
alloc_pos 236512
alloc_pos 236572
alloc_pos 236628
alloc_pos 236860
alloc_pos 237068
alloc_pos 237320
alloc_pos 237460
alloc_pos 237536
alloc_pos 237720
alloc_pos 237880
alloc_pos 237952
alloc_pos 238044
alloc_pos 238264
alloc_pos 238352
alloc_pos 238540
alloc_pos 238768
alloc_pos 239024
alloc_pos 239072
alloc_pos 239256
alloc_pos 239280
alloc_pos 239524
alloc_pos 239696
alloc_pos 239772
alloc_pos 239932
alloc_pos 240164
alloc_pos 240256
alloc_pos 240504
alloc_pos 240760
alloc_pos 240816
alloc_pos 240944
alloc_pos 241044
alloc_pos 241220
alloc_pos 241412
alloc_pos 241604
alloc_pos 241644
alloc_pos 241696
alloc_pos 241936
alloc_pos 242172
alloc_pos 242364
alloc_pos 242424
alloc_pos 242624
alloc_pos 242712
alloc_pos 242856
alloc_pos 242940
alloc_pos 243076
alloc_pos 243220
alloc_pos 243344
alloc_pos 243404
alloc_pos 243584
alloc_pos 243644
alloc_pos 243764
alloc_pos 243800
alloc_pos 243840
alloc_pos 244052
alloc_pos 244252
alloc_pos 244420
alloc_pos 244576
alloc_pos 244840
alloc_pos 245088
alloc_pos 245200
alloc_pos 245428
alloc_pos 245556
alloc_pos 245812
alloc_pos 246036
alloc_pos 246132
alloc_pos 246172
alloc_pos 246288
alloc_pos 246444
alloc_pos 246696
alloc_pos 246772
alloc_pos 247036
alloc_pos 247168
alloc_pos 247328
alloc_pos 247504
alloc_pos 247636
alloc_pos 247764
alloc_pos 248024
alloc_pos 248232
alloc_pos 248276
alloc_pos 248484
alloc_pos 248624
alloc_pos 248796
alloc_pos 248988
alloc_pos 249028
alloc_pos 249216
alloc_pos 249304
alloc_pos 249340
alloc_pos 249408
alloc_pos 249640
alloc_pos 249848
alloc_pos 250004
alloc_pos 250256
alloc_pos 250420
alloc_pos 250456
alloc_pos 250616
alloc_pos 250788
alloc_pos 250956
alloc_pos 251016
alloc_pos 251076
alloc_pos 251104
alloc_pos 251360
alloc_pos 251532
alloc_pos 251780
alloc_pos 252024
alloc_pos 252268
alloc_pos 252468
alloc_pos 252576
alloc_pos 252672
alloc_pos 252780
alloc_pos 252844
alloc_pos 252964
alloc_pos 253204
alloc_pos 253336
alloc_pos 253480
alloc_pos 253608
alloc_pos 253768
alloc_pos 253884
alloc_pos 254036
alloc_pos 254268
alloc_pos 254524
alloc_pos 254592
alloc_pos 254844
alloc_pos 254912
alloc_pos 255024
alloc_pos 255112
alloc_pos 255220
alloc_pos 255332
alloc_pos 255468
alloc_pos 255660
alloc_pos 255700
alloc_pos 255808
alloc_pos 256052
alloc_pos 256288
alloc_pos 256516
alloc_pos 256744
alloc_pos 256940
alloc_pos 257188
alloc_pos 257404
alloc_pos 257548
alloc_pos 257588
alloc_pos 257808
alloc_pos 258068
alloc_pos 258136
alloc_pos 258280
alloc_pos 258452
alloc_pos 258640
alloc_pos 258720
alloc_pos 258756
alloc_pos 258816
alloc_pos 259040
alloc_pos 259108
alloc_pos 259276
alloc_pos 259460
alloc_pos 259532
alloc_pos 259764
alloc_pos 259896
alloc_pos 260048
alloc_pos 260276
alloc_pos 260464
alloc_pos 260516
alloc_pos 260548
alloc_pos 260700
alloc_pos 260864
alloc_pos 261040
alloc_pos 261116
alloc_pos 261156
alloc_pos 261188
alloc_pos 261216
alloc_pos 261432
alloc_pos 261532
alloc_pos 261740
alloc_pos 261904
alloc_pos 261992
alloc_pos 262124
alloc_pos 262164
alloc_pos 262260
alloc_pos 262516
alloc_pos 262680
alloc_pos 262852
alloc_pos 263036
alloc_pos 263136
alloc_pos 263168
alloc_pos 263392
alloc_pos 263600
alloc_pos 263640
alloc_pos 263796
alloc_pos 263904
alloc_pos 263940
alloc_pos 264012
alloc_pos 264072
alloc_pos 264220
alloc_pos 264352
alloc_pos 264616
alloc_pos 264804
alloc_pos 264972
alloc_pos 265068
alloc_pos 265256
alloc_pos 265456
alloc_pos 265492
alloc_pos 265672
alloc_pos 265736
alloc_pos 265940
alloc_pos 265976
alloc_pos 266036
alloc_pos 266180
alloc_pos 266368
alloc_pos 266480
alloc_pos 266588
alloc_pos 266784
alloc_pos 266852
alloc_pos 266968
alloc_pos 267124
alloc_pos 267288
alloc_pos 267544
alloc_pos 267736
alloc_pos 267880
alloc_pos 268116
alloc_pos 268164
alloc_pos 268204
alloc_pos 268396
alloc_pos 268624
alloc_pos 268752
alloc_pos 268800
alloc_pos 269032
alloc_pos 269160
alloc_pos 269344
alloc_pos 269556
alloc_pos 269820
alloc_pos 269872
alloc_pos 270104
alloc_pos 270348
alloc_pos 270572
alloc_pos 270684
alloc_pos 270904
alloc_pos 271036
alloc_pos 271080
alloc_pos 271184
alloc_pos 271284
alloc_pos 271344
alloc_pos 271524
alloc_pos 271732
alloc_pos 271876
alloc_pos 271912
alloc_pos 272148
alloc_pos 272384
alloc_pos 272528
alloc_pos 272620
alloc_pos 272876
alloc_pos 272908
alloc_pos 273136
alloc_pos 273300
alloc_pos 273360
alloc_pos 273484
alloc_pos 273528
alloc_pos 273572
alloc_pos 273832
alloc_pos 274036
alloc_pos 274096
alloc_pos 274152
alloc_pos 274384
alloc_pos 274592
alloc_pos 274844
alloc_pos 274984
alloc_pos 275060
alloc_pos 275244
alloc_pos 275404
alloc_pos 275476
alloc_pos 275568
alloc_pos 275788
alloc_pos 275876
alloc_pos 276064
alloc_pos 276292
alloc_pos 276548
alloc_pos 276596
alloc_pos 276780
alloc_pos 276804
alloc_pos 277048
alloc_pos 277220
alloc_pos 277296
alloc_pos 277456
alloc_pos 277688
alloc_pos 277780
alloc_pos 278028
alloc_pos 278284
alloc_pos 278340
alloc_pos 278468
alloc_pos 278568
alloc_pos 278744
alloc_pos 278936
alloc_pos 279128
alloc_pos 279168
alloc_pos 279220
alloc_pos 279460
alloc_pos 279696
alloc_pos 279888
alloc_pos 279948
alloc_pos 280148
alloc_pos 280236
alloc_pos 280380
alloc_pos 280464
alloc_pos 280600
alloc_pos 280744
alloc_pos 280868
alloc_pos 280928
alloc_pos 281108
alloc_pos 281168
alloc_pos 281288
alloc_pos 281324
alloc_pos 281364
alloc_pos 281576
alloc_pos 281776
alloc_pos 281944
alloc_pos 282100
alloc_pos 282364
alloc_pos 282612
alloc_pos 282724
alloc_pos 282952
alloc_pos 283080
alloc_pos 283336
alloc_pos 283560
alloc_pos 283656
alloc_pos 283696
alloc_pos 283812
alloc_pos 283968
alloc_pos 284220
alloc_pos 284296
alloc_pos 284560
alloc_pos 284692
alloc_pos 284852
alloc_pos 285028
alloc_pos 285160
alloc_pos 285288
alloc_pos 285548
alloc_pos 285756
alloc_pos 285800
alloc_pos 286008
alloc_pos 286148
alloc_pos 286320
alloc_pos 286512
alloc_pos 286552
alloc_pos 286740
alloc_pos 286828
alloc_pos 286864
alloc_pos 286932
alloc_pos 287164
alloc_pos 287372
alloc_pos 287528
alloc_pos 287780
alloc_pos 287944
alloc_pos 287980
alloc_pos 288140
alloc_pos 288312
alloc_pos 288480
alloc_pos 288540
alloc_pos 288600
alloc_pos 288628
alloc_pos 288884
alloc_pos 289056
alloc_pos 289304
alloc_pos 289548
alloc_pos 289792
alloc_pos 289992
alloc_pos 290100
alloc_pos 290196
alloc_pos 290304
alloc_pos 290368
alloc_pos 290488
alloc_pos 290728
alloc_pos 290860
alloc_pos 291004
alloc_pos 291132
alloc_pos 291292
alloc_pos 291408
alloc_pos 291560
alloc_pos 291792
alloc_pos 292048
alloc_pos 292116
alloc_pos 292368
alloc_pos 292436
alloc_pos 292548
alloc_pos 292636
alloc_pos 292744
alloc_pos 292856
alloc_pos 292992
alloc_pos 293184
alloc_pos 293224
alloc_pos 293332
alloc_pos 293576
alloc_pos 293812
alloc_pos 294040
alloc_pos 294268
alloc_pos 294464
alloc_pos 294712
alloc_pos 294928
alloc_pos 295072
alloc_pos 295112
alloc_pos 295332
alloc_pos 295592
alloc_pos 295660
alloc_pos 295804
alloc_pos 295976
alloc_pos 296164
alloc_pos 296244
alloc_pos 296280
alloc_pos 296340
alloc_pos 296564
alloc_pos 296632
alloc_pos 296800
alloc_pos 296984
alloc_pos 297056
alloc_pos 297288
alloc_pos 297420
alloc_pos 297572
alloc_pos 297800
alloc_pos 297988
alloc_pos 298040
alloc_pos 298072
alloc_pos 298224
alloc_pos 298388
alloc_pos 298564
alloc_pos 298640
alloc_pos 298680
alloc_pos 298712
alloc_pos 298740
alloc_pos 298956
alloc_pos 299056
alloc_pos 299264
alloc_pos 299428
alloc_pos 299516
alloc_pos 299648
alloc_pos 299688
alloc_pos 299784
alloc_pos 300040
alloc_pos 300204
alloc_pos 300376
alloc_pos 300560
alloc_pos 300660
alloc_pos 300692
alloc_pos 300916
alloc_pos 301124
alloc_pos 301164
alloc_pos 301320
alloc_pos 301428
alloc_pos 301464
alloc_pos 301536
alloc_pos 301596
alloc_pos 301744
alloc_pos 301876
alloc_pos 302140
alloc_pos 302328
alloc_pos 302496
alloc_pos 302592
alloc_pos 302780
alloc_pos 302980
alloc_pos 303016
alloc_pos 303196
alloc_pos 303260
alloc_pos 303464
alloc_pos 303500
alloc_pos 303560
alloc_pos 303704
alloc_pos 303892
alloc_pos 304004
alloc_pos 304112
alloc_pos 304308
alloc_pos 304376
alloc_pos 304492
alloc_pos 304648
alloc_pos 304812
alloc_pos 305068
alloc_pos 305260
alloc_pos 305404
alloc_pos 305640
alloc_pos 305688
alloc_pos 305728
alloc_pos 305920
alloc_pos 306148
alloc_pos 306276
alloc_pos 306324
alloc_pos 306556
alloc_pos 306684
alloc_pos 306868
alloc_pos 307080
alloc_pos 307344
alloc_pos 307396
alloc_pos 307628
alloc_pos 307872
alloc_pos 308096
alloc_pos 308208
alloc_pos 308428
alloc_pos 308560
alloc_pos 308604
alloc_pos 308708
alloc_pos 308808
alloc_pos 308868
alloc_pos 309048
alloc_pos 309256
alloc_pos 309400
alloc_pos 309436
alloc_pos 309672
alloc_pos 309908
alloc_pos 310052
alloc_pos 310144
alloc_pos 310400
alloc_pos 310432
alloc_pos 310660
alloc_pos 310824
alloc_pos 310884
alloc_pos 311008
alloc_pos 311052
alloc_pos 311096
alloc_pos 311356
alloc_pos 311560
alloc_pos 311620
alloc_pos 311676
alloc_pos 311908
alloc_pos 312116
alloc_pos 312368
alloc_pos 312508
alloc_pos 312584
alloc_pos 312768
alloc_pos 312928
alloc_pos 313000
alloc_pos 313092
alloc_pos 313312
alloc_pos 313400
alloc_pos 313588
alloc_pos 313816
alloc_pos 314072
alloc_pos 314120
alloc_pos 314304
alloc_pos 314328
alloc_pos 314572
alloc_pos 314744
alloc_pos 314820
alloc_pos 314980
alloc_pos 315212
alloc_pos 315304
alloc_pos 315552
alloc_pos 315808
alloc_pos 315864
alloc_pos 315992
alloc_pos 316092
alloc_pos 316268
alloc_pos 316460
alloc_pos 316652
alloc_pos 316692
alloc_pos 316744
alloc_pos 316984
alloc_pos 317220
alloc_pos 317412
alloc_pos 317472
alloc_pos 317672
alloc_pos 317760
alloc_pos 317904
alloc_pos 317988
alloc_pos 318124
alloc_pos 318268
alloc_pos 318392
alloc_pos 318452
alloc_pos 318632
alloc_pos 318692
alloc_pos 318812
alloc_pos 318848
alloc_pos 318888
alloc_pos 319100
alloc_pos 319300
alloc_pos 319468
alloc_pos 319624
alloc_pos 319888
alloc_pos 320136
alloc_pos 320248
alloc_pos 320476
alloc_pos 320604
alloc_pos 320860
alloc_pos 321084
alloc_pos 321180
alloc_pos 321220
alloc_pos 321336
alloc_pos 321492
alloc_pos 321744
alloc_pos 321820
alloc_pos 322084
alloc_pos 322216
alloc_pos 322376
alloc_pos 322552
alloc_pos 322684
alloc_pos 322812
alloc_pos 323072
alloc_pos 323280
alloc_pos 323324
alloc_pos 323532
alloc_pos 323672
alloc_pos 323844
alloc_pos 324036
alloc_pos 324076
alloc_pos 324264
alloc_pos 324352
alloc_pos 324388
alloc_pos 324456
alloc_pos 324688
alloc_pos 324896
alloc_pos 325052
alloc_pos 325304
alloc_pos 325468
alloc_pos 325504
alloc_pos 325664
alloc_pos 325836
alloc_pos 326004
alloc_pos 326064
alloc_pos 326124
alloc_pos 326152
alloc_pos 326408
alloc_pos 326580
alloc_pos 326828
alloc_pos 327072
alloc_pos 327316
alloc_pos 327516
alloc_pos 327624
alloc_pos 327720
alloc_pos 327828
alloc_pos 327892
alloc_pos 328012
alloc_pos 328252
alloc_pos 328384
alloc_pos 328528
alloc_pos 328656
alloc_pos 328816
alloc_pos 328932
alloc_pos 329084
alloc_pos 329316
alloc_pos 329572
alloc_pos 329640
alloc_pos 329892
alloc_pos 329960
alloc_pos 330072
alloc_pos 330160
alloc_pos 330268
alloc_pos 330380
alloc_pos 330516
alloc_pos 330708
alloc_pos 330748
alloc_pos 330856
alloc_pos 331100
alloc_pos 331336
alloc_pos 331564
alloc_pos 331792
alloc_pos 331988
alloc_pos 332236
alloc_pos 332452
alloc_pos 332596
alloc_pos 332636
alloc_pos 332856
alloc_pos 333116
alloc_pos 333184
alloc_pos 333328
alloc_pos 333500
alloc_pos 333688
alloc_pos 333768
alloc_pos 333804
alloc_pos 333864
alloc_pos 334088
alloc_pos 334156
alloc_pos 334324
alloc_pos 334508
alloc_pos 334580
alloc_pos 334812
alloc_pos 334944
alloc_pos 335096
alloc_pos 335324
alloc_pos 335512
alloc_pos 335564
alloc_pos 335596
alloc_pos 335748
alloc_pos 335912
alloc_pos 336088
alloc_pos 336164
alloc_pos 336204
alloc_pos 336236
alloc_pos 336264
alloc_pos 336480
alloc_pos 336580
alloc_pos 336788
alloc_pos 336952
alloc_pos 337040
alloc_pos 337172
alloc_pos 337212
alloc_pos 337308
alloc_pos 337564
alloc_pos 337728
alloc_pos 337900
alloc_pos 338084
alloc_pos 338184
alloc_pos 338216
alloc_pos 338440
alloc_pos 338648
alloc_pos 338688
alloc_pos 338844
alloc_pos 338952
alloc_pos 338988
alloc_pos 339060
alloc_pos 339120
alloc_pos 339268
alloc_pos 339400
alloc_pos 339664
alloc_pos 339852
alloc_pos 340020
alloc_pos 340116
alloc_pos 340304
alloc_pos 340504
alloc_pos 340540
alloc_pos 340720
alloc_pos 340784
alloc_pos 340988
alloc_pos 341024
alloc_pos 341084
alloc_pos 341228
alloc_pos 341416
alloc_pos 341528
alloc_pos 341636
alloc_pos 341832
alloc_pos 341900
alloc_pos 342016
alloc_pos 342172
alloc_pos 342336
alloc_pos 342592
alloc_pos 342784
alloc_pos 342928
alloc_pos 343164
alloc_pos 343212
alloc_pos 343252
alloc_pos 343444
alloc_pos 343672
alloc_pos 343800
alloc_pos 343848
alloc_pos 344080
alloc_pos 344208
alloc_pos 344392
alloc_pos 344604
alloc_pos 344868
alloc_pos 344920
alloc_pos 345152
alloc_pos 345396
alloc_pos 345620
alloc_pos 345732
alloc_pos 345952
alloc_pos 346084
alloc_pos 346128
alloc_pos 346232
alloc_pos 346332
alloc_pos 346392
alloc_pos 346572
alloc_pos 346780
alloc_pos 346924
alloc_pos 346960
alloc_pos 347196
alloc_pos 347432
alloc_pos 347576
alloc_pos 347668
alloc_pos 347924
alloc_pos 347956
alloc_pos 348184
alloc_pos 348348
alloc_pos 348408
alloc_pos 348532
alloc_pos 348576
alloc_pos 348620
alloc_pos 348880
alloc_pos 349084
alloc_pos 349144
alloc_pos 349200
alloc_pos 349432
alloc_pos 349640
alloc_pos 349892
alloc_pos 350032
alloc_pos 350108
alloc_pos 350292
alloc_pos 350452
alloc_pos 350524
alloc_pos 350616
alloc_pos 350836
alloc_pos 350924
alloc_pos 351112
alloc_pos 351340
alloc_pos 351596
alloc_pos 351644
alloc_pos 351828
alloc_pos 351852
alloc_pos 352096
alloc_pos 352268
alloc_pos 352344
alloc_pos 352504
alloc_pos 352736
alloc_pos 352828
alloc_pos 353076
alloc_pos 353332
alloc_pos 353388
alloc_pos 353516
alloc_pos 353616
alloc_pos 353792
alloc_pos 353984
alloc_pos 354176
alloc_pos 354216
alloc_pos 354268
alloc_pos 354508
alloc_pos 354744
alloc_pos 354936
alloc_pos 354996
alloc_pos 355196
alloc_pos 355284
alloc_pos 355428
alloc_pos 355512
alloc_pos 355648
alloc_pos 355792
alloc_pos 355916
alloc_pos 355976
alloc_pos 356156
alloc_pos 356216
alloc_pos 356336
alloc_pos 356372
alloc_pos 356412
alloc_pos 356624
alloc_pos 356824
alloc_pos 356992
alloc_pos 357148
alloc_pos 357412
alloc_pos 357660
alloc_pos 357772
alloc_pos 358000
alloc_pos 358128
alloc_pos 358384
alloc_pos 358608
alloc_pos 358704
alloc_pos 358744
alloc_pos 358860
alloc_pos 359016
alloc_pos 359268
alloc_pos 359344
alloc_pos 359608
alloc_pos 359740
alloc_pos 359900
alloc_pos 360076
alloc_pos 360208
alloc_pos 360336
alloc_pos 360596
alloc_pos 360804
alloc_pos 360848
alloc_pos 361056
alloc_pos 361196
alloc_pos 361368
alloc_pos 361560
alloc_pos 361600
alloc_pos 361788
alloc_pos 361876
alloc_pos 361912
alloc_pos 361980
alloc_pos 362212
alloc_pos 362420
alloc_pos 362576
alloc_pos 362828
alloc_pos 362992
alloc_pos 363028
alloc_pos 363188
alloc_pos 363360
alloc_pos 363528
alloc_pos 363588
alloc_pos 363648
alloc_pos 363676
alloc_pos 363932
alloc_pos 364104
alloc_pos 364352
alloc_pos 364596
alloc_pos 364840
alloc_pos 365040
alloc_pos 365148
alloc_pos 365244
alloc_pos 365352
alloc_pos 365416
alloc_pos 365536
alloc_pos 365776
alloc_pos 365908
alloc_pos 366052
alloc_pos 366180
alloc_pos 366340
alloc_pos 366456
alloc_pos 366608
alloc_pos 366840
alloc_pos 367096
alloc_pos 367164
alloc_pos 367416
alloc_pos 367484
alloc_pos 367596
alloc_pos 367684
alloc_pos 367792
alloc_pos 367904
alloc_pos 368040
alloc_pos 368232
alloc_pos 368272
alloc_pos 368380
alloc_pos 368624
alloc_pos 368860
alloc_pos 369088
alloc_pos 369316
alloc_pos 369512
alloc_pos 369760
alloc_pos 369976
alloc_pos 370120
alloc_pos 370160
alloc_pos 370380
alloc_pos 370640
alloc_pos 370708
alloc_pos 370852
alloc_pos 371024
alloc_pos 371212
alloc_pos 371292
alloc_pos 371328
alloc_pos 371388
alloc_pos 371612
alloc_pos 371680
alloc_pos 371848
alloc_pos 372032
alloc_pos 372104
alloc_pos 372336
alloc_pos 372468
alloc_pos 372620
alloc_pos 372848
alloc_pos 373036
alloc_pos 373088
alloc_pos 373120
alloc_pos 373272
alloc_pos 373436
alloc_pos 373612
alloc_pos 373688
alloc_pos 373728
alloc_pos 373760
alloc_pos 373788
alloc_pos 374004
alloc_pos 374104
alloc_pos 374312
alloc_pos 374476
alloc_pos 374564
alloc_pos 374696
alloc_pos 374736
alloc_pos 374832
alloc_pos 375088
alloc_pos 375252
alloc_pos 375424
alloc_pos 375608
alloc_pos 375708
alloc_pos 375740
alloc_pos 375964
alloc_pos 376172
alloc_pos 376212
alloc_pos 376368
alloc_pos 376476
alloc_pos 376512
alloc_pos 376584
alloc_pos 376644
alloc_pos 376792
alloc_pos 376924
alloc_pos 377188
alloc_pos 377376
alloc_pos 377544
alloc_pos 377640
alloc_pos 377828
alloc_pos 378028
alloc_pos 378064
alloc_pos 378244
alloc_pos 378308
alloc_pos 378512
alloc_pos 378548
alloc_pos 378608
alloc_pos 378752
alloc_pos 378940
alloc_pos 379052
alloc_pos 379160
alloc_pos 379356
alloc_pos 379424
alloc_pos 379540
alloc_pos 379696
alloc_pos 379860
alloc_pos 380116
alloc_pos 380308
alloc_pos 380452
alloc_pos 380688
alloc_pos 380736
alloc_pos 380776
alloc_pos 380968
alloc_pos 381196
alloc_pos 381324
alloc_pos 381372
alloc_pos 381604
alloc_pos 381732
alloc_pos 381916
alloc_pos 382128
alloc_pos 382392
alloc_pos 382444
alloc_pos 382676
alloc_pos 382920
alloc_pos 383144
alloc_pos 383256
alloc_pos 383476
alloc_pos 383608
alloc_pos 383652
alloc_pos 383756
alloc_pos 383856
alloc_pos 383916
alloc_pos 384096
alloc_pos 384304
alloc_pos 384448
alloc_pos 384484
alloc_pos 384720
alloc_pos 384956
alloc_pos 385100
alloc_pos 385192
alloc_pos 385448
alloc_pos 385480
alloc_pos 385708
alloc_pos 385872
alloc_pos 385932
alloc_pos 386056
alloc_pos 386100
alloc_pos 386144
alloc_pos 386404
alloc_pos 386608
alloc_pos 386668
alloc_pos 386724
alloc_pos 386956
alloc_pos 387164
alloc_pos 387416
alloc_pos 387556
alloc_pos 387632
alloc_pos 387816
alloc_pos 387976
alloc_pos 388048
alloc_pos 388140
alloc_pos 388360
alloc_pos 388448
alloc_pos 388636
alloc_pos 388864
alloc_pos 389120
alloc_pos 389168
alloc_pos 389352
alloc_pos 389376
alloc_pos 389620
alloc_pos 389792
alloc_pos 389868
alloc_pos 390028
alloc_pos 390260
alloc_pos 390352
alloc_pos 390600
alloc_pos 390856
alloc_pos 390912
alloc_pos 391040
alloc_pos 391140
alloc_pos 391316
alloc_pos 391508
alloc_pos 391700
alloc_pos 391740
alloc_pos 391792
alloc_pos 392032
alloc_pos 392268
alloc_pos 392460
alloc_pos 392520
alloc_pos 392720
alloc_pos 392808
alloc_pos 392952
alloc_pos 393036
alloc_pos 393172
alloc_pos 393316
alloc_pos 393440
alloc_pos 393500
alloc_pos 393680
alloc_pos 393740
alloc_pos 393860
alloc_pos 393896
alloc_pos 393936
alloc_pos 394148
alloc_pos 394348
alloc_pos 394516
alloc_pos 394672
alloc_pos 394936
alloc_pos 395184
alloc_pos 395296
alloc_pos 395524
alloc_pos 395652
alloc_pos 395908
alloc_pos 396132
alloc_pos 396228
alloc_pos 396268
alloc_pos 396384
alloc_pos 396540
alloc_pos 396792
alloc_pos 396868
alloc_pos 397132
alloc_pos 397264
alloc_pos 397424
alloc_pos 397600
alloc_pos 397732
alloc_pos 397860
alloc_pos 398120
alloc_pos 398328
alloc_pos 398372
alloc_pos 398580
alloc_pos 398720
alloc_pos 398892
alloc_pos 399084
alloc_pos 399124
alloc_pos 399312
alloc_pos 399400
alloc_pos 399436
alloc_pos 399504
alloc_pos 399736
alloc_pos 399944
alloc_pos 400100
alloc_pos 400352
alloc_pos 400516
alloc_pos 400552
alloc_pos 400712
alloc_pos 400884
alloc_pos 401052
alloc_pos 401112
alloc_pos 401172
alloc_pos 401200
alloc_pos 401456
alloc_pos 401628
alloc_pos 401876
alloc_pos 402120
alloc_pos 402364
alloc_pos 402564
alloc_pos 402672
alloc_pos 402768
alloc_pos 402876
alloc_pos 402940
alloc_pos 403060
alloc_pos 403300
alloc_pos 403432
alloc_pos 403576
alloc_pos 403704
alloc_pos 403864
alloc_pos 403980
alloc_pos 404132
alloc_pos 404364
alloc_pos 404620
alloc_pos 404688
alloc_pos 404940
alloc_pos 405008
alloc_pos 405120
alloc_pos 405208
alloc_pos 405316
alloc_pos 405428
alloc_pos 405564
alloc_pos 405756
alloc_pos 405796
alloc_pos 405904
alloc_pos 406148
alloc_pos 406384
alloc_pos 406612
alloc_pos 406840
alloc_pos 407036
alloc_pos 407284
alloc_pos 407500
alloc_pos 407644
alloc_pos 407684
alloc_pos 407904
alloc_pos 408164
alloc_pos 408232
alloc_pos 408376
alloc_pos 408548
alloc_pos 408736
alloc_pos 408816
alloc_pos 408852
alloc_pos 408912
alloc_pos 409136
alloc_pos 409204
alloc_pos 409372
alloc_pos 409556
alloc_pos 409628
alloc_pos 409860
alloc_pos 409992
alloc_pos 410144
alloc_pos 410372
alloc_pos 410560
alloc_pos 410612
alloc_pos 410644
alloc_pos 410796
alloc_pos 410960
alloc_pos 411136
alloc_pos 411212
alloc_pos 411252
alloc_pos 411284
alloc_pos 411312
alloc_pos 411528
alloc_pos 411628
alloc_pos 411836
alloc_pos 412000
alloc_pos 412088
alloc_pos 412220
alloc_pos 412260
alloc_pos 412356
alloc_pos 412612
alloc_pos 412776
alloc_pos 412948
alloc_pos 413132
alloc_pos 413232
alloc_pos 413264
alloc_pos 413488
alloc_pos 413696
alloc_pos 413736
alloc_pos 413892
alloc_pos 414000
alloc_pos 414036
alloc_pos 414108
alloc_pos 414168
alloc_pos 414316
alloc_pos 414448
alloc_pos 414712
alloc_pos 414900
alloc_pos 415068
alloc_pos 415164
alloc_pos 415352
alloc_pos 415552
alloc_pos 415588
alloc_pos 415768
alloc_pos 415832
alloc_pos 416036
alloc_pos 416072
alloc_pos 416132
alloc_pos 416276
alloc_pos 416464
alloc_pos 416576
alloc_pos 416684
alloc_pos 416880
alloc_pos 416948
alloc_pos 417064
alloc_pos 417220
alloc_pos 417384
alloc_pos 417640
alloc_pos 417832
alloc_pos 417976
alloc_pos 418212
alloc_pos 418260
alloc_pos 418300
alloc_pos 418492
alloc_pos 418720
alloc_pos 418848
alloc_pos 418896
alloc_pos 419128
alloc_pos 419256
alloc_pos 419440
alloc_pos 419652
alloc_pos 419916
alloc_pos 419968
alloc_pos 420200
alloc_pos 420444
alloc_pos 420668
alloc_pos 420780
alloc_pos 421000
alloc_pos 421132
alloc_pos 421176
alloc_pos 421280
alloc_pos 421380
alloc_pos 421440
alloc_pos 421620
alloc_pos 421828
alloc_pos 421972
alloc_pos 422008
alloc_pos 422244
alloc_pos 422480
alloc_pos 422624
alloc_pos 422716
alloc_pos 422972
alloc_pos 423004
alloc_pos 423232
alloc_pos 423396
alloc_pos 423456
alloc_pos 423580
alloc_pos 423624
alloc_pos 423668
alloc_pos 423928
alloc_pos 424132
alloc_pos 424192
alloc_pos 424248
alloc_pos 424480
alloc_pos 424688
alloc_pos 424940
alloc_pos 425080
alloc_pos 425156
alloc_pos 425340
alloc_pos 425500
alloc_pos 425572
alloc_pos 425664
alloc_pos 425884
alloc_pos 425972
alloc_pos 426160
alloc_pos 426388
alloc_pos 426644
alloc_pos 426692
alloc_pos 426876
alloc_pos 426900
alloc_pos 427144
alloc_pos 427316
alloc_pos 427392
alloc_pos 427552
alloc_pos 427784
alloc_pos 427876
alloc_pos 428124
alloc_pos 428380
alloc_pos 428436
alloc_pos 428564
alloc_pos 428664
alloc_pos 428840
alloc_pos 429032
alloc_pos 429224
alloc_pos 429264
alloc_pos 429316
alloc_pos 429556
alloc_pos 429792
alloc_pos 429984
alloc_pos 430044
alloc_pos 430244
alloc_pos 430332
alloc_pos 430476
alloc_pos 430560
alloc_pos 430696
alloc_pos 430840
alloc_pos 430964
alloc_pos 431024
alloc_pos 431204
alloc_pos 431264
alloc_pos 431384
alloc_pos 431420
alloc_pos 431460
alloc_pos 431672
alloc_pos 431872
alloc_pos 432040
alloc_pos 432196
alloc_pos 432460
alloc_pos 432708
alloc_pos 432820
alloc_pos 433048
alloc_pos 433176
alloc_pos 433432
alloc_pos 433656
alloc_pos 433752
alloc_pos 433792
alloc_pos 433908
alloc_pos 434064
alloc_pos 434316
alloc_pos 434392
alloc_pos 434656
alloc_pos 434788
alloc_pos 434948
alloc_pos 435124
alloc_pos 435256
alloc_pos 435384
alloc_pos 435644
alloc_pos 435852
alloc_pos 435896
alloc_pos 436104
alloc_pos 436244
alloc_pos 436416
alloc_pos 436608
alloc_pos 436648
alloc_pos 436836
alloc_pos 436924
alloc_pos 436960
alloc_pos 437028
alloc_pos 437260
alloc_pos 437468
alloc_pos 437624
alloc_pos 437876
alloc_pos 438040
alloc_pos 438076
alloc_pos 438236
alloc_pos 438408
alloc_pos 438576
alloc_pos 438636
alloc_pos 438696
alloc_pos 438724
alloc_pos 438980
alloc_pos 439152
alloc_pos 439400
alloc_pos 439644
alloc_pos 439888
alloc_pos 440088
alloc_pos 440196
alloc_pos 440292
alloc_pos 440400
alloc_pos 440464
alloc_pos 440584
alloc_pos 440824
alloc_pos 440956
alloc_pos 441100
alloc_pos 441228
alloc_pos 441388
alloc_pos 441504
alloc_pos 441656
alloc_pos 441888
alloc_pos 442144
alloc_pos 442212
alloc_pos 442464
alloc_pos 442532
alloc_pos 442644
alloc_pos 442732
alloc_pos 442840
alloc_pos 442952
alloc_pos 443088
alloc_pos 443280
alloc_pos 443320
alloc_pos 443428
alloc_pos 443672
alloc_pos 443908
alloc_pos 444136
alloc_pos 444364
alloc_pos 444560
alloc_pos 444808
alloc_pos 445024
alloc_pos 445168
alloc_pos 445208
alloc_pos 445428
alloc_pos 445688
alloc_pos 445756
alloc_pos 445900
alloc_pos 446072
alloc_pos 446260
alloc_pos 446340
alloc_pos 446376
alloc_pos 446436
alloc_pos 446660
alloc_pos 446728
alloc_pos 446896
alloc_pos 447080
alloc_pos 447152
alloc_pos 447384
alloc_pos 447516
alloc_pos 447668
alloc_pos 447896
alloc_pos 448084
alloc_pos 448136
alloc_pos 448168
alloc_pos 448320
alloc_pos 448484
alloc_pos 448660
alloc_pos 448736
alloc_pos 448776
alloc_pos 448808
alloc_pos 448836
alloc_pos 449052
alloc_pos 449152
alloc_pos 449360
alloc_pos 449524
alloc_pos 449612
alloc_pos 449744
alloc_pos 449784
alloc_pos 449880
alloc_pos 450136
alloc_pos 450300
alloc_pos 450472
alloc_pos 450656
alloc_pos 450756
alloc_pos 450788
alloc_pos 451012
alloc_pos 451220
alloc_pos 451260
alloc_pos 451416
alloc_pos 451524
alloc_pos 451560
alloc_pos 451632
alloc_pos 451692
alloc_pos 451840
alloc_pos 451972
alloc_pos 452236
alloc_pos 452424
alloc_pos 452592
alloc_pos 452688
alloc_pos 452876
alloc_pos 453076
alloc_pos 453112
alloc_pos 453292
alloc_pos 453356
alloc_pos 453560
alloc_pos 453596
alloc_pos 453656
alloc_pos 453800
alloc_pos 453988
alloc_pos 454100
alloc_pos 454208
alloc_pos 454404
alloc_pos 454472
alloc_pos 454588
alloc_pos 454744
alloc_pos 454908
alloc_pos 455164
alloc_pos 455356
alloc_pos 455500
alloc_pos 455736
alloc_pos 455784
alloc_pos 455824
alloc_pos 456016
alloc_pos 456244
alloc_pos 456372
alloc_pos 456420
alloc_pos 456652
alloc_pos 456780
alloc_pos 456964
alloc_pos 457176
alloc_pos 457440
alloc_pos 457492
alloc_pos 457724
alloc_pos 457968
alloc_pos 458192
alloc_pos 458304
alloc_pos 458524
alloc_pos 458656
alloc_pos 458700
alloc_pos 458804
alloc_pos 458904
alloc_pos 458964
alloc_pos 459144
alloc_pos 459352
alloc_pos 459496
alloc_pos 459532
alloc_pos 459768
alloc_pos 460004
alloc_pos 460148
alloc_pos 460240
alloc_pos 460496
alloc_pos 460528
alloc_pos 460756
alloc_pos 460920
alloc_pos 460980
alloc_pos 461104
alloc_pos 461148
alloc_pos 461192
alloc_pos 461452
alloc_pos 461656
alloc_pos 461716
alloc_pos 461772
alloc_pos 462004
alloc_pos 462212
alloc_pos 462464
alloc_pos 462604
alloc_pos 462680
alloc_pos 462864
alloc_pos 463024
alloc_pos 463096
alloc_pos 463188
alloc_pos 463408
alloc_pos 463496
alloc_pos 463684
alloc_pos 463912
alloc_pos 464168
alloc_pos 464216
alloc_pos 464400
alloc_pos 464424
alloc_pos 464668
alloc_pos 464840
alloc_pos 464916
alloc_pos 465076
alloc_pos 465308
alloc_pos 465400
alloc_pos 465648
alloc_pos 465904
alloc_pos 465960
alloc_pos 466088
alloc_pos 466188
alloc_pos 466364
alloc_pos 466556
alloc_pos 466748
alloc_pos 466788
alloc_pos 466840
alloc_pos 467080
alloc_pos 467316
alloc_pos 467508
alloc_pos 467568
alloc_pos 467768
alloc_pos 467856
alloc_pos 468000
alloc_pos 468084
alloc_pos 468220
alloc_pos 468364
alloc_pos 468488
alloc_pos 468548
alloc_pos 468728
alloc_pos 468788
alloc_pos 468908
alloc_pos 468944
alloc_pos 468984
alloc_pos 469196
alloc_pos 469396
alloc_pos 469564
alloc_pos 469720
alloc_pos 469984
alloc_pos 470232
alloc_pos 470344
alloc_pos 470572
alloc_pos 470700
alloc_pos 470956
alloc_pos 471180
alloc_pos 471276
alloc_pos 471316
alloc_pos 471432
alloc_pos 471588
alloc_pos 471840
alloc_pos 471916
alloc_pos 472180
alloc_pos 472312
alloc_pos 472472
alloc_pos 472648
alloc_pos 472780
alloc_pos 472908
alloc_pos 473168
alloc_pos 473376
alloc_pos 473420
alloc_pos 473628
alloc_pos 473768
alloc_pos 473940
alloc_pos 474132
alloc_pos 474172
alloc_pos 474360
alloc_pos 474448
alloc_pos 474484
alloc_pos 474552
alloc_pos 474784
alloc_pos 474992
alloc_pos 475148
alloc_pos 475400
alloc_pos 475564
alloc_pos 475600
alloc_pos 475760
alloc_pos 475932
alloc_pos 476100
alloc_pos 476160
alloc_pos 476220
alloc_pos 476248
alloc_pos 476504
alloc_pos 476676
alloc_pos 476924
alloc_pos 477168
alloc_pos 477412
alloc_pos 477612
alloc_pos 477720
alloc_pos 477816
alloc_pos 477924
alloc_pos 477988
alloc_pos 478108
alloc_pos 478348
alloc_pos 478480
alloc_pos 478624
alloc_pos 478752
alloc_pos 478912
alloc_pos 479028
alloc_pos 479180
alloc_pos 479412
alloc_pos 479668
alloc_pos 479736
alloc_pos 479988
alloc_pos 480056
alloc_pos 480168
alloc_pos 480256
alloc_pos 480364
alloc_pos 480476
alloc_pos 480612
alloc_pos 480804
alloc_pos 480844
alloc_pos 480952
alloc_pos 481196
alloc_pos 481432
alloc_pos 481660
alloc_pos 481888
alloc_pos 482084
alloc_pos 482332
alloc_pos 482548
alloc_pos 482692
alloc_pos 482732
alloc_pos 482952
alloc_pos 483212
alloc_pos 483280
alloc_pos 483424
alloc_pos 483596
alloc_pos 483784
alloc_pos 483864
alloc_pos 483900
alloc_pos 483960
alloc_pos 484184
alloc_pos 484252
alloc_pos 484420
alloc_pos 484604
alloc_pos 484676
alloc_pos 484908
alloc_pos 485040
alloc_pos 485192
alloc_pos 485420
alloc_pos 485608
alloc_pos 485660
alloc_pos 485692
alloc_pos 485844
alloc_pos 486008
alloc_pos 486184
alloc_pos 486260
alloc_pos 486300
alloc_pos 486332
alloc_pos 486360
alloc_pos 486576
alloc_pos 486676
alloc_pos 486884
alloc_pos 487048
alloc_pos 487136
alloc_pos 487268
alloc_pos 487308
alloc_pos 487404
alloc_pos 487660
alloc_pos 487824
alloc_pos 487996
alloc_pos 488180
alloc_pos 488280
alloc_pos 488312
alloc_pos 488536
alloc_pos 488744
alloc_pos 488784
alloc_pos 488940
alloc_pos 489048
alloc_pos 489084
alloc_pos 489156
alloc_pos 489216
alloc_pos 489364
alloc_pos 489496
alloc_pos 489760
alloc_pos 489948
alloc_pos 490116
alloc_pos 490212
alloc_pos 490400
alloc_pos 490600
alloc_pos 490636
alloc_pos 490816
alloc_pos 490880
alloc_pos 491084
alloc_pos 491120
alloc_pos 491180
alloc_pos 491324
alloc_pos 491512
alloc_pos 491624
alloc_pos 491732
alloc_pos 491928
alloc_pos 491996
alloc_pos 492112
alloc_pos 492268
alloc_pos 492432
alloc_pos 492688
alloc_pos 492880
alloc_pos 493024
alloc_pos 493260
alloc_pos 493308
alloc_pos 493348
alloc_pos 493540
alloc_pos 493768
alloc_pos 493896
alloc_pos 493944
alloc_pos 494176
alloc_pos 494304
alloc_pos 494488
alloc_pos 494700
alloc_pos 494964
alloc_pos 495016
alloc_pos 495248
alloc_pos 495492
alloc_pos 495716
alloc_pos 495828
alloc_pos 496048
alloc_pos 496180
alloc_pos 496224
alloc_pos 496328
alloc_pos 496428
alloc_pos 496488
alloc_pos 496668
alloc_pos 496876
alloc_pos 497020
alloc_pos 497056
alloc_pos 497292
alloc_pos 497528
alloc_pos 497672
alloc_pos 497764
alloc_pos 498020
alloc_pos 498052
alloc_pos 498280
alloc_pos 498444
alloc_pos 498504
alloc_pos 498628
alloc_pos 498672
alloc_pos 498716
alloc_pos 498976
alloc_pos 499180
alloc_pos 499240
alloc_pos 499296
alloc_pos 499528
alloc_pos 499736
alloc_pos 499988
alloc_pos 500128
alloc_pos 500204
alloc_pos 500388
alloc_pos 500548
alloc_pos 500620
alloc_pos 500712
alloc_pos 500932
alloc_pos 501020
alloc_pos 501208
alloc_pos 501436
alloc_pos 501692
alloc_pos 501740
alloc_pos 501924
alloc_pos 501948
alloc_pos 502192
alloc_pos 502364
alloc_pos 502440
alloc_pos 502600
alloc_pos 502832
alloc_pos 502924
alloc_pos 503172
alloc_pos 503428
alloc_pos 503484
alloc_pos 503612
alloc_pos 503712
alloc_pos 503888
alloc_pos 504080
alloc_pos 504272
alloc_pos 504312
alloc_pos 504364
alloc_pos 504604
alloc_pos 504840
alloc_pos 505032
alloc_pos 505092
alloc_pos 505292
alloc_pos 505380
alloc_pos 505524
alloc_pos 505608
alloc_pos 505744
alloc_pos 505888
alloc_pos 506012
alloc_pos 506072
alloc_pos 506252
alloc_pos 506312
alloc_pos 506432
alloc_pos 506468
alloc_pos 506508
alloc_pos 506720
alloc_pos 506920
alloc_pos 507088
alloc_pos 507244
alloc_pos 507508
alloc_pos 507756
alloc_pos 507868
alloc_pos 508096
alloc_pos 508224
alloc_pos 508480
alloc_pos 508704
alloc_pos 508800
alloc_pos 508840
alloc_pos 508956
alloc_pos 509112
alloc_pos 509364
alloc_pos 509440
alloc_pos 509704
alloc_pos 509836
alloc_pos 509996
alloc_pos 510172
alloc_pos 510304
alloc_pos 510432
alloc_pos 510692
alloc_pos 510900
alloc_pos 510944
alloc_pos 511152
alloc_pos 511292
alloc_pos 511464
alloc_pos 511656
alloc_pos 511696
alloc_pos 511884
alloc_pos 511972
alloc_pos 512008
alloc_pos 512076
alloc_pos 512308
alloc_pos 512516
alloc_pos 512672
alloc_pos 512924
alloc_pos 513088
alloc_pos 513124
alloc_pos 513284
alloc_pos 513456
alloc_pos 513624
alloc_pos 513684
alloc_pos 513744
alloc_pos 513772
alloc_pos 514028
alloc_pos 514200
alloc_pos 514448
alloc_pos 514692
alloc_pos 514936
alloc_pos 515136
alloc_pos 515244
alloc_pos 515340
alloc_pos 515448
alloc_pos 515512
alloc_pos 515632
alloc_pos 515872
alloc_pos 516004
alloc_pos 516148
alloc_pos 516276
alloc_pos 516436
alloc_pos 516552
alloc_pos 516704
alloc_pos 516936
alloc_pos 517192
alloc_pos 517260
alloc_pos 517512
alloc_pos 517580
alloc_pos 517692
alloc_pos 517780
alloc_pos 517888
alloc_pos 518000
alloc_pos 518136
alloc_pos 518328
alloc_pos 518368
alloc_pos 518476
alloc_pos 518720
alloc_pos 518956
alloc_pos 519184
alloc_pos 519412
alloc_pos 519608
alloc_pos 519856
alloc_pos 520072
alloc_pos 520216
alloc_pos 520256
alloc_pos 520476
alloc_pos 520736
alloc_pos 520804
alloc_pos 520948
alloc_pos 521120
alloc_pos 521308
alloc_pos 521388
alloc_pos 521424
alloc_pos 521484
alloc_pos 521708
alloc_pos 521776
alloc_pos 521944
alloc_pos 522128
alloc_pos 522200
alloc_pos 522432
alloc_pos 522564
alloc_pos 522716
alloc_pos 522944
alloc_pos 523132
alloc_pos 523184
alloc_pos 523216
alloc_pos 523368
alloc_pos 523532
alloc_pos 523708
alloc_pos 523784
alloc_pos 523824
alloc_pos 523856
alloc_pos 523884
alloc_pos 524100
alloc_pos -1

