reason: unexpected exit code -6
--- stdout ---
CHENEY GENERATOR!
--- stderr ---
alloc_pos 8
alloc_pos 1040
alloc_pos 2072
alloc_pos 3104
alloc_pos 3368
alloc_pos 3488
alloc_pos 3724
alloc_pos 3816
alloc_pos 3916
alloc_pos 4168
alloc_pos 4272
alloc_pos 4420
alloc_pos 4576
alloc_pos 4680
alloc_pos 4788
alloc_pos 4868
alloc_pos 4904
alloc_pos 4952
alloc_pos 5140
alloc_pos 5300
alloc_pos 5540
alloc_pos 5792
alloc_pos 5868
alloc_pos 5948
alloc_pos 6212
alloc_pos 6412
alloc_pos 6628
alloc_pos 6768
alloc_pos 6816
alloc_pos 6896
alloc_pos 7084
alloc_pos 7336
alloc_pos 7596
alloc_pos 7772
alloc_pos 7960
alloc_pos 8160
alloc_pos 8196
alloc_pos 8224
alloc_pos 8400
alloc_pos 8604
alloc_pos 8740
alloc_pos 8868
alloc_pos 8900
alloc_pos 9092
alloc_pos 9256
alloc_pos 9388
alloc_pos 9592
alloc_pos 9792
alloc_pos 9840
alloc_pos 9896
alloc_pos 10072
alloc_pos 10188
alloc_pos 10248
alloc_pos 10304
alloc_pos 10400
alloc_pos 10468
alloc_pos 10576
alloc_pos 10724
alloc_pos 10984
alloc_pos 11144
alloc_pos 11236
alloc_pos 11328
alloc_pos 11528
alloc_pos 11780
alloc_pos 12000
alloc_pos 12176
alloc_pos 12296
alloc_pos 12484
alloc_pos 12588
alloc_pos 12640
alloc_pos 12712
alloc_pos 12968
alloc_pos 13156
alloc_pos 13324
alloc_pos 13460
alloc_pos 13708
alloc_pos 13848
alloc_pos 14108
alloc_pos 14308
alloc_pos 14540
alloc_pos 14620
alloc_pos 14660
alloc_pos 14800
alloc_pos 15024
alloc_pos 15252
alloc_pos 15368
alloc_pos 15440
alloc_pos 15564
alloc_pos 15720
alloc_pos 15916
alloc_pos 16128
alloc_pos 16232
alloc_pos 16276
alloc_pos 16336
alloc_pos 16448
alloc_pos 16628
alloc_pos 16740
alloc_pos 16892
alloc_pos 17044
alloc_pos 17296
alloc_pos 17540
alloc_pos 17744
alloc_pos 18000
alloc_pos 18220
alloc_pos 18408
alloc_pos 18464
alloc_pos 18632
alloc_pos 18680
alloc_pos 18792
alloc_pos 18900
alloc_pos 18928
alloc_pos 18960
alloc_pos 19204
alloc_pos 19284
alloc_pos 19384
alloc_pos 19588
alloc_pos 19780
alloc_pos 20008
alloc_pos 20124
alloc_pos 20152
alloc_pos 20184
alloc_pos 20332
alloc_pos 20536
alloc_pos 20780
alloc_pos 20996
alloc_pos 21152
alloc_pos 21384
alloc_pos 21524
alloc_pos 21556
alloc_pos 21792
alloc_pos 22000
alloc_pos 22208
alloc_pos 22416
alloc_pos 22652
alloc_pos 22848
alloc_pos 22920
alloc_pos 23012
alloc_pos 23076
alloc_pos 23192
alloc_pos 23348
alloc_pos 23456
alloc_pos 23696
alloc_pos 23896
alloc_pos 23920
alloc_pos 23988
alloc_pos 24180
alloc_pos 24248
alloc_pos 24488
alloc_pos 24516
alloc_pos 24736
alloc_pos 24888
alloc_pos 25144
alloc_pos 25276
alloc_pos 25540
alloc_pos 25612
alloc_pos 25792
alloc_pos 26044
alloc_pos 26276
alloc_pos 26520
alloc_pos 26652
alloc_pos 26704
alloc_pos 26844
alloc_pos 27088
alloc_pos 27164
alloc_pos 27220
alloc_pos 27276
alloc_pos 27412
alloc_pos 27500
alloc_pos 27636
alloc_pos 27736
alloc_pos 27816
alloc_pos 27964
alloc_pos 28172
alloc_pos 28320
alloc_pos 28436
alloc_pos 28632
alloc_pos 28720
alloc_pos 28836
alloc_pos 29036
alloc_pos 29060
alloc_pos 29236
alloc_pos 29368
alloc_pos 29408
alloc_pos 29568
alloc_pos 29728
alloc_pos 29828
alloc_pos 30016
alloc_pos 30136
alloc_pos 30288
alloc_pos 30472
alloc_pos 30664
alloc_pos 30792
alloc_pos 30944
alloc_pos 30972
alloc_pos 31044
alloc_pos 31188
alloc_pos 31388
alloc_pos 31556
alloc_pos 31648
alloc_pos 31732
alloc_pos 31984
alloc_pos 32244
alloc_pos 32348
alloc_pos 32384
alloc_pos 32528
alloc_pos 32608
alloc_pos 32848
alloc_pos 32968
alloc_pos 33024
alloc_pos 33100
alloc_pos 33228
alloc_pos 33460
alloc_pos 33660
alloc_pos 33744
alloc_pos 33964
alloc_pos 34024
alloc_pos 34048
alloc_pos 34216
alloc_pos 34376
alloc_pos 34440
alloc_pos 34528
alloc_pos 34684
alloc_pos 34880
alloc_pos 35028
alloc_pos 35192
alloc_pos 35268
alloc_pos 35520
alloc_pos 35548
alloc_pos 35720
alloc_pos 35768
alloc_pos 35952
alloc_pos 36092
alloc_pos 36264
alloc_pos 36516
alloc_pos 36712
alloc_pos 36924
alloc_pos 37176
alloc_pos 37220
alloc_pos 37308
alloc_pos 37492
alloc_pos 37560
alloc_pos 37676
alloc_pos 37888
alloc_pos 37980
alloc_pos 38016
alloc_pos 38224
alloc_pos 38436
alloc_pos 38692
alloc_pos 38932
alloc_pos 39008
alloc_pos 39268
alloc_pos 39460
alloc_pos 39576
alloc_pos 39608
alloc_pos 39660
alloc_pos 39748
alloc_pos 39900
alloc_pos 40048
alloc_pos 40160
alloc_pos 40252
alloc_pos 40312
alloc_pos 40432
alloc_pos 40668
alloc_pos 40760
alloc_pos 40860
alloc_pos 41112
alloc_pos 41216
alloc_pos 41364
alloc_pos 41520
alloc_pos 41624
alloc_pos 41732
alloc_pos 41812
alloc_pos 41848
alloc_pos 41896
alloc_pos 42084
alloc_pos 42244
alloc_pos 42484
alloc_pos 42736
alloc_pos 42812
alloc_pos 42892
alloc_pos 43156
alloc_pos 43356
alloc_pos 43572
alloc_pos 43712
alloc_pos 43760
alloc_pos 43840
alloc_pos 44028
alloc_pos 44280
alloc_pos 44540
alloc_pos 44716
alloc_pos 44904
alloc_pos 45104
alloc_pos 45140
alloc_pos 45168
alloc_pos 45344
alloc_pos 45548
alloc_pos 45684
alloc_pos 45812
alloc_pos 45844
alloc_pos 46036
alloc_pos 46200
alloc_pos 46332
alloc_pos 46536
alloc_pos 46736
alloc_pos 46784
alloc_pos 46840
alloc_pos 47016
alloc_pos 47132
alloc_pos 47192
alloc_pos 47248
alloc_pos 47344
alloc_pos 47412
alloc_pos 47520
alloc_pos 47668
alloc_pos 47928
alloc_pos 48088
alloc_pos 48180
alloc_pos 48272
alloc_pos 48472
alloc_pos 48724
alloc_pos 48944
alloc_pos 49120
alloc_pos 49240
alloc_pos 49428
alloc_pos 49532
alloc_pos 49584
alloc_pos 49656
alloc_pos 49912
alloc_pos 50100
alloc_pos 50268
alloc_pos 50404
alloc_pos 50652
alloc_pos 50792
alloc_pos 51052
alloc_pos 51252
alloc_pos 51484
alloc_pos 51564
alloc_pos 51604
alloc_pos 51744
alloc_pos 51968
alloc_pos 52196
alloc_pos 52312
alloc_pos 52384
alloc_pos 52508
alloc_pos 52664
alloc_pos 52860
alloc_pos 53072
alloc_pos 53176
alloc_pos 53220
alloc_pos 53280
alloc_pos 53392
alloc_pos 53572
alloc_pos 53684
alloc_pos 53836
alloc_pos 53988
alloc_pos 54240
alloc_pos 54484
alloc_pos 54688
alloc_pos 54944
alloc_pos 55164
alloc_pos 55352
alloc_pos 55408
alloc_pos 55576
alloc_pos 55624
alloc_pos 55736
alloc_pos 55844
alloc_pos 55872
alloc_pos 55904
alloc_pos 56148
alloc_pos 56228
alloc_pos 56328
alloc_pos 56532
alloc_pos 56724
alloc_pos 56952
alloc_pos 57068
alloc_pos 57096
alloc_pos 57128
alloc_pos 57276
alloc_pos 57480
alloc_pos 57724
alloc_pos 57940
alloc_pos 58096
alloc_pos 58328
alloc_pos 58468
alloc_pos 58500
alloc_pos 58736
alloc_pos 58944
alloc_pos 59152
alloc_pos 59360
alloc_pos 59596
alloc_pos 59792
alloc_pos 59864
alloc_pos 59956
alloc_pos 60020
alloc_pos 60136
alloc_pos 60292
alloc_pos 60400
alloc_pos 60640
alloc_pos 60840
alloc_pos 60864
alloc_pos 60932
alloc_pos 61124
alloc_pos 61192
alloc_pos 61432
alloc_pos 61460
alloc_pos 61680
alloc_pos 61832
alloc_pos 62088
alloc_pos 62220
alloc_pos 62484
alloc_pos 62556
alloc_pos 62736
alloc_pos 62988
alloc_pos 63220
alloc_pos 63464
alloc_pos 63596
alloc_pos 63648
alloc_pos 63788
alloc_pos 64032
alloc_pos 64108
alloc_pos 64164
alloc_pos 64220
alloc_pos 64356
alloc_pos 64444
alloc_pos 64580
alloc_pos 64680
alloc_pos 64760
alloc_pos 64908
alloc_pos 65116
alloc_pos 65264
alloc_pos 65380
alloc_pos 65576
alloc_pos 65664
alloc_pos 65780
alloc_pos 65980
alloc_pos 66004
alloc_pos 66180
alloc_pos 66312
alloc_pos 66352
alloc_pos 66512
alloc_pos 66672
alloc_pos 66772
alloc_pos 66960
alloc_pos 67080
alloc_pos 67232
alloc_pos 67416
alloc_pos 67608
alloc_pos 67736
alloc_pos 67888
alloc_pos 67916
alloc_pos 67988
alloc_pos 68132
alloc_pos 68332
alloc_pos 68500
alloc_pos 68592
alloc_pos 68676
alloc_pos 68928
alloc_pos 69188
alloc_pos 69292
alloc_pos 69328
alloc_pos 69472
alloc_pos 69552
alloc_pos 69792
alloc_pos 69912
alloc_pos 69968
alloc_pos 70044
alloc_pos 70172
alloc_pos 70404
alloc_pos 70604
alloc_pos 70688
alloc_pos 70908
alloc_pos 70968
alloc_pos 70992
alloc_pos 71160
alloc_pos 71320
alloc_pos 71384
alloc_pos 71472
alloc_pos 71628
alloc_pos 71824
alloc_pos 71972
alloc_pos 72136
alloc_pos 72212
alloc_pos 72464
alloc_pos 72492
alloc_pos 72664
alloc_pos 72712
alloc_pos 72896
alloc_pos 73036
alloc_pos 73208
alloc_pos 73460
alloc_pos 73656
alloc_pos 73868
alloc_pos 74120
alloc_pos 74164
alloc_pos 74252
alloc_pos 74436
alloc_pos 74504
alloc_pos 74620
alloc_pos 74832
alloc_pos 74924
alloc_pos 74960
alloc_pos 75168
alloc_pos 75380
alloc_pos 75636
alloc_pos 75876
alloc_pos 75952
alloc_pos 76212
alloc_pos 76404
alloc_pos 76520
alloc_pos 76552
alloc_pos 76604
alloc_pos 76692
alloc_pos 76844
alloc_pos 76992
alloc_pos 77104
alloc_pos 77196
alloc_pos 77256
alloc_pos 77376
alloc_pos 77612
alloc_pos 77704
alloc_pos 77804
alloc_pos 78056
alloc_pos 78160
alloc_pos 78308
alloc_pos 78464
alloc_pos 78568
alloc_pos 78676
alloc_pos 78756
alloc_pos 78792
alloc_pos 78840
alloc_pos 79028
alloc_pos 79188
alloc_pos 79428
alloc_pos 79680
alloc_pos 79756
alloc_pos 79836
alloc_pos 80100
alloc_pos 80300
alloc_pos 80516
alloc_pos 80656
alloc_pos 80704
alloc_pos 80784
alloc_pos 80972
alloc_pos 81224
alloc_pos 81484
alloc_pos 81660
alloc_pos 81848
alloc_pos 82048
alloc_pos 82084
alloc_pos 82112
alloc_pos 82288
alloc_pos 82492
alloc_pos 82628
alloc_pos 82756
alloc_pos 82788
alloc_pos 82980
alloc_pos 83144
alloc_pos 83276
alloc_pos 83480
alloc_pos 83680
alloc_pos 83728
alloc_pos 83784
alloc_pos 83960
alloc_pos 84076
alloc_pos 84136
alloc_pos 84192
alloc_pos 84288
alloc_pos 84356
alloc_pos 84464
alloc_pos 84612
alloc_pos 84872
alloc_pos 85032
alloc_pos 85124
alloc_pos 85216
alloc_pos 85416
alloc_pos 85668
alloc_pos 85888
alloc_pos 86064
alloc_pos 86184
alloc_pos 86372
alloc_pos 86476
alloc_pos 86528
alloc_pos 86600
alloc_pos 86856
alloc_pos 87044
alloc_pos 87212
alloc_pos 87348
alloc_pos 87596
alloc_pos 87736
alloc_pos 87996
alloc_pos 88196
alloc_pos 88428
alloc_pos 88508
alloc_pos 88548
alloc_pos 88688
alloc_pos 88912
alloc_pos 89140
alloc_pos 89256
alloc_pos 89328
alloc_pos 89452
alloc_pos 89608
alloc_pos 89804
alloc_pos 90016
alloc_pos 90120
alloc_pos 90164
alloc_pos 90224
alloc_pos 90336
alloc_pos 90516
alloc_pos 90628
alloc_pos 90780
alloc_pos 90932
alloc_pos 91184
alloc_pos 91428
alloc_pos 91632
alloc_pos 91888
alloc_pos 92108
alloc_pos 92296
alloc_pos 92352
alloc_pos 92520
alloc_pos 92568
alloc_pos 92680
alloc_pos 92788
alloc_pos 92816
alloc_pos 92848
alloc_pos 93092
alloc_pos 93172
alloc_pos 93272
alloc_pos 93476
alloc_pos 93668
alloc_pos 93896
alloc_pos 94012
alloc_pos 94040
alloc_pos 94072
alloc_pos 94220
alloc_pos 94424
alloc_pos 94668
alloc_pos 94884
alloc_pos 95040
alloc_pos 95272
alloc_pos 95412
alloc_pos 95444
alloc_pos 95680
alloc_pos 95888
alloc_pos 96096
alloc_pos 96304
alloc_pos 96540
alloc_pos 96736
alloc_pos 96808
alloc_pos 96900
alloc_pos 96964
alloc_pos 97080
alloc_pos 97236
alloc_pos 97344
alloc_pos 97584
alloc_pos 97784
alloc_pos 97808
alloc_pos 97876
alloc_pos 98068
alloc_pos 98136
alloc_pos 98376
alloc_pos 98404
alloc_pos 98624
alloc_pos 98776
alloc_pos 99032
alloc_pos 99164
alloc_pos 99428
alloc_pos 99500
alloc_pos 99680
alloc_pos 99932
alloc_pos 100164
alloc_pos 100408
alloc_pos 100540
alloc_pos 100592
alloc_pos 100732
alloc_pos 100976
alloc_pos 101052
alloc_pos 101108
alloc_pos 101164
alloc_pos 101300
alloc_pos 101388
alloc_pos 101524
alloc_pos 101624
alloc_pos 101704
alloc_pos 101852
alloc_pos 102060
alloc_pos 102208
alloc_pos 102324
alloc_pos 102520
alloc_pos 102608
alloc_pos 102724
alloc_pos 102924
alloc_pos 102948
alloc_pos 103124
alloc_pos 103256
alloc_pos 103296
alloc_pos 103456
alloc_pos 103616
alloc_pos 103716
alloc_pos 103904
alloc_pos 104024
alloc_pos 104176
alloc_pos 104360
alloc_pos 104552
alloc_pos 104680
alloc_pos 104832
alloc_pos 104860
alloc_pos 104932
alloc_pos 105076
alloc_pos 105276
alloc_pos 105444
alloc_pos 105536
alloc_pos 105620
alloc_pos 105872
alloc_pos 106132
alloc_pos 106236
alloc_pos 106272
alloc_pos 106416
alloc_pos 106496
alloc_pos 106736
alloc_pos 106856
alloc_pos 106912
alloc_pos 106988
alloc_pos 107116
alloc_pos 107348
alloc_pos 107548
alloc_pos 107632
alloc_pos 107852
alloc_pos 107912
alloc_pos 107936
alloc_pos 108104
alloc_pos 108264
alloc_pos 108328
alloc_pos 108416
alloc_pos 108572
alloc_pos 108768
alloc_pos 108916
alloc_pos 109080
alloc_pos 109156
alloc_pos 109408
alloc_pos 109436
alloc_pos 109608
alloc_pos 109656
alloc_pos 109840
alloc_pos 109980
alloc_pos 110152
alloc_pos 110404
alloc_pos 110600
alloc_pos 110812
alloc_pos 111064
alloc_pos 111108
alloc_pos 111196
alloc_pos 111380
alloc_pos 111448
alloc_pos 111564
alloc_pos 111776
alloc_pos 111868
alloc_pos 111904
alloc_pos 112112
alloc_pos 112324
alloc_pos 112580
alloc_pos 112820
alloc_pos 112896
alloc_pos 113156
alloc_pos 113348
alloc_pos 113464
alloc_pos 113496
alloc_pos 113548
alloc_pos 113636
alloc_pos 113788
alloc_pos 113936
alloc_pos 114048
alloc_pos 114140
alloc_pos 114200
alloc_pos 114320
alloc_pos 114556
alloc_pos 114648
alloc_pos 114748
alloc_pos 115000
alloc_pos 115104
alloc_pos 115252
alloc_pos 115408
alloc_pos 115512
alloc_pos 115620
alloc_pos 115700
alloc_pos 115736
alloc_pos 115784
alloc_pos 115972
alloc_pos 116132
alloc_pos 116372
alloc_pos 116624
alloc_pos 116700
alloc_pos 116780
alloc_pos 117044
alloc_pos 117244
alloc_pos 117460
alloc_pos 117600
alloc_pos 117648
alloc_pos 117728
alloc_pos 117916
alloc_pos 118168
alloc_pos 118428
alloc_pos 118604
alloc_pos 118792
alloc_pos 118992
alloc_pos 119028
alloc_pos 119056
alloc_pos 119232
alloc_pos 119436
alloc_pos 119572
alloc_pos 119700
alloc_pos 119732
alloc_pos 119924
alloc_pos 120088
alloc_pos 120220
alloc_pos 120424
alloc_pos 120624
alloc_pos 120672
alloc_pos 120728
alloc_pos 120904
alloc_pos 121020
alloc_pos 121080
alloc_pos 121136
alloc_pos 121232
alloc_pos 121300
alloc_pos 121408
alloc_pos 121556
alloc_pos 121816
alloc_pos 121976
alloc_pos 122068
alloc_pos 122160
alloc_pos 122360
alloc_pos 122612
alloc_pos 122832
alloc_pos 123008
alloc_pos 123128
alloc_pos 123316
alloc_pos 123420
alloc_pos 123472
alloc_pos 123544
alloc_pos 123800
alloc_pos 123988
alloc_pos 124156
alloc_pos 124292
alloc_pos 124540
alloc_pos 124680
alloc_pos 124940
alloc_pos 125140
alloc_pos 125372
alloc_pos 125452
alloc_pos 125492
alloc_pos 125632
alloc_pos 125856
alloc_pos 126084
alloc_pos 126200
alloc_pos 126272
alloc_pos 126396
alloc_pos 126552
alloc_pos 126748
alloc_pos 126960
alloc_pos 127064
alloc_pos 127108
alloc_pos 127168
alloc_pos 127280
alloc_pos 127460
alloc_pos 127572
alloc_pos 127724
alloc_pos 127876
alloc_pos 128128
alloc_pos 128372
alloc_pos 128576
alloc_pos 128832
alloc_pos 129052
alloc_pos 129240
alloc_pos 129296
alloc_pos 129464
alloc_pos 129512
alloc_pos 129624
alloc_pos 129732
alloc_pos 129760
alloc_pos 129792
alloc_pos 130036
alloc_pos 130116
alloc_pos 130216
alloc_pos 130420
alloc_pos 130612
alloc_pos 130840
alloc_pos 130956
alloc_pos 130984
alloc_pos 131016
alloc_pos 131164
alloc_pos 131368
alloc_pos 131612
alloc_pos 131828
alloc_pos 131984
alloc_pos 132216
alloc_pos 132356
alloc_pos 132388
alloc_pos 132624
alloc_pos 132832
alloc_pos 133040
alloc_pos 133248
alloc_pos 133484
alloc_pos 133680
alloc_pos 133752
alloc_pos 133844
alloc_pos 133908
alloc_pos 134024
alloc_pos 134180
alloc_pos 134288
alloc_pos 134528
alloc_pos 134728
alloc_pos 134752
alloc_pos 134820
alloc_pos 135012
alloc_pos 135080
alloc_pos 135320
alloc_pos 135348
alloc_pos 135568
alloc_pos 135720
alloc_pos 135976
alloc_pos 136108
alloc_pos 136372
alloc_pos 136444
alloc_pos 136624
alloc_pos 136876
alloc_pos 137108
alloc_pos 137352
alloc_pos 137484
alloc_pos 137536
alloc_pos 137676
alloc_pos 137920
alloc_pos 137996
alloc_pos 138052
alloc_pos 138108
alloc_pos 138244
alloc_pos 138332
alloc_pos 138468
alloc_pos 138568
alloc_pos 138648
alloc_pos 138796
alloc_pos 139004
alloc_pos 139152
alloc_pos 139268
alloc_pos 139464
alloc_pos 139552
alloc_pos 139668
alloc_pos 139868
alloc_pos 139892
alloc_pos 140068
alloc_pos 140200
alloc_pos 140240
alloc_pos 140400
alloc_pos 140560
alloc_pos 140660
alloc_pos 140848
alloc_pos 140968
alloc_pos 141120
alloc_pos 141304
alloc_pos 141496
alloc_pos 141624
alloc_pos 141776
alloc_pos 141804
alloc_pos 141876
alloc_pos 142020
alloc_pos 142220
alloc_pos 142388
alloc_pos 142480
alloc_pos 142564
alloc_pos 142816
alloc_pos 143076
alloc_pos 143180
alloc_pos 143216
alloc_pos 143360
alloc_pos 143440
alloc_pos 143680
alloc_pos 143800
alloc_pos 143856
alloc_pos 143932
alloc_pos 144060
alloc_pos 144292
alloc_pos 144492
alloc_pos 144576
alloc_pos 144796
alloc_pos 144856
alloc_pos 144880
alloc_pos 145048
alloc_pos 145208
alloc_pos 145272
alloc_pos 145360
alloc_pos 145516
alloc_pos 145712
alloc_pos 145860
alloc_pos 146024
alloc_pos 146100
alloc_pos 146352
alloc_pos 146380
alloc_pos 146552
alloc_pos 146600
alloc_pos 146784
alloc_pos 146924
alloc_pos 147096
alloc_pos 147348
alloc_pos 147544
alloc_pos 147756
alloc_pos 148008
alloc_pos 148052
alloc_pos 148140
alloc_pos 148324
alloc_pos 148392
alloc_pos 148508
alloc_pos 148720
alloc_pos 148812
alloc_pos 148848
alloc_pos 149056
alloc_pos 149268
alloc_pos 149524
alloc_pos 149764
alloc_pos 149840
alloc_pos 150100
alloc_pos 150292
alloc_pos 150408
alloc_pos 150440
alloc_pos 150492
alloc_pos 150580
alloc_pos 150732
alloc_pos 150880
alloc_pos 150992
alloc_pos 151084
alloc_pos 151144
alloc_pos 151264
alloc_pos 151500
alloc_pos 151592
alloc_pos 151692
alloc_pos 151944
alloc_pos 152048
alloc_pos 152196
alloc_pos 152352
alloc_pos 152456
alloc_pos 152564
alloc_pos 152644
alloc_pos 152680
alloc_pos 152728
alloc_pos 152916
alloc_pos 153076
alloc_pos 153316
alloc_pos 153568
alloc_pos 153644
alloc_pos 153724
alloc_pos 153988
alloc_pos 154188
alloc_pos 154404
alloc_pos 154544
alloc_pos 154592
alloc_pos 154672
alloc_pos 154860
alloc_pos 155112
alloc_pos 155372
alloc_pos 155548
alloc_pos 155736
alloc_pos 155936
alloc_pos 155972
alloc_pos 156000
alloc_pos 156176
alloc_pos 156380
alloc_pos 156516
alloc_pos 156644
alloc_pos 156676
alloc_pos 156868
alloc_pos 157032
alloc_pos 157164
alloc_pos 157368
alloc_pos 157568
alloc_pos 157616
alloc_pos 157672
alloc_pos 157848
alloc_pos 157964
alloc_pos 158024
alloc_pos 158080
alloc_pos 158176
alloc_pos 158244
alloc_pos 158352
alloc_pos 158500
alloc_pos 158760
alloc_pos 158920
alloc_pos 159012
alloc_pos 159104
alloc_pos 159304
alloc_pos 159556
alloc_pos 159776
alloc_pos 159952
alloc_pos 160072
alloc_pos 160260
alloc_pos 160364
alloc_pos 160416
alloc_pos 160488
alloc_pos 160744
alloc_pos 160932
alloc_pos 161100
alloc_pos 161236
alloc_pos 161484
alloc_pos 161624
alloc_pos 161884
alloc_pos 162084
alloc_pos 162316
alloc_pos 162396
alloc_pos 162436
alloc_pos 162576
alloc_pos 162800
alloc_pos 163028
alloc_pos 163144
alloc_pos 163216
alloc_pos 163340
alloc_pos 163496
alloc_pos 163692
alloc_pos 163904
alloc_pos 164008
alloc_pos 164052
alloc_pos 164112
alloc_pos 164224
alloc_pos 164404
alloc_pos 164516
alloc_pos 164668
alloc_pos 164820
alloc_pos 165072
alloc_pos 165316
alloc_pos 165520
alloc_pos 165776
alloc_pos 165996
alloc_pos 166184
alloc_pos 166240
alloc_pos 166408
alloc_pos 166456
alloc_pos 166568
alloc_pos 166676
alloc_pos 166704
alloc_pos 166736
alloc_pos 166980
alloc_pos 167060
alloc_pos 167160
alloc_pos 167364
alloc_pos 167556
alloc_pos 167784
alloc_pos 167900
alloc_pos 167928
alloc_pos 167960
alloc_pos 168108
alloc_pos 168312
alloc_pos 168556
alloc_pos 168772
alloc_pos 168928
alloc_pos 169160
alloc_pos 169300
alloc_pos 169332
alloc_pos 169568
alloc_pos 169776
alloc_pos 169984
alloc_pos 170192
alloc_pos 170428
alloc_pos 170624
alloc_pos 170696
alloc_pos 170788
alloc_pos 170852
alloc_pos 170968
alloc_pos 171124
alloc_pos 171232
alloc_pos 171472
alloc_pos 171672
alloc_pos 171696
alloc_pos 171764
alloc_pos 171956
alloc_pos 172024
alloc_pos 172264
alloc_pos 172292
alloc_pos 172512
alloc_pos 172664
alloc_pos 172920
alloc_pos 173052
alloc_pos 173316
alloc_pos 173388
alloc_pos 173568
alloc_pos 173820
alloc_pos 174052
alloc_pos 174296
alloc_pos 174428
alloc_pos 174480
alloc_pos 174620
alloc_pos 174864
alloc_pos 174940
alloc_pos 174996
alloc_pos 175052
alloc_pos 175188
alloc_pos 175276
alloc_pos 175412
alloc_pos 175512
alloc_pos 175592
alloc_pos 175740
alloc_pos 175948
alloc_pos 176096
alloc_pos 176212
alloc_pos 176408
alloc_pos 176496
alloc_pos 176612
alloc_pos 176812
alloc_pos 176836
alloc_pos 177012
alloc_pos 177144
alloc_pos 177184
alloc_pos 177344
alloc_pos 177504
alloc_pos 177604
alloc_pos 177792
alloc_pos 177912
alloc_pos 178064
alloc_pos 178248
alloc_pos 178440
alloc_pos 178568
alloc_pos 178720
alloc_pos 178748
alloc_pos 178820
alloc_pos 178964
alloc_pos 179164
alloc_pos 179332
alloc_pos 179424
alloc_pos 179508
alloc_pos 179760
alloc_pos 180020
alloc_pos 180124
alloc_pos 180160
alloc_pos 180304
alloc_pos 180384
alloc_pos 180624
alloc_pos 180744
alloc_pos 180800
alloc_pos 180876
alloc_pos 181004
alloc_pos 181236
alloc_pos 181436
alloc_pos 181520
alloc_pos 181740
alloc_pos 181800
alloc_pos 181824
alloc_pos 181992
alloc_pos 182152
alloc_pos 182216
alloc_pos 182304
alloc_pos 182460
alloc_pos 182656
alloc_pos 182804
alloc_pos 182968
alloc_pos 183044
alloc_pos 183296
alloc_pos 183324
alloc_pos 183496
alloc_pos 183544
alloc_pos 183728
alloc_pos 183868
alloc_pos 184040
alloc_pos 184292
alloc_pos 184488
alloc_pos 184700
alloc_pos 184952
alloc_pos 184996
alloc_pos 185084
alloc_pos 185268
alloc_pos 185336
alloc_pos 185452
alloc_pos 185664
alloc_pos 185756
alloc_pos 185792
alloc_pos 186000
alloc_pos 186212
alloc_pos 186468
alloc_pos 186708
alloc_pos 186784
alloc_pos 187044
alloc_pos 187236
alloc_pos 187352
alloc_pos 187384
alloc_pos 187436
alloc_pos 187524
alloc_pos 187676
alloc_pos 187824
alloc_pos 187936
alloc_pos 188028
alloc_pos 188088
alloc_pos 188208
alloc_pos 188444
alloc_pos 188536
alloc_pos 188636
alloc_pos 188888
alloc_pos 188992
alloc_pos 189140
alloc_pos 189296
alloc_pos 189400
alloc_pos 189508
alloc_pos 189588
alloc_pos 189624
alloc_pos 189672
alloc_pos 189860
alloc_pos 190020
alloc_pos 190260
alloc_pos 190512
alloc_pos 190588
alloc_pos 190668
alloc_pos 190932
alloc_pos 191132
alloc_pos 191348
alloc_pos 191488
alloc_pos 191536
alloc_pos 191616
alloc_pos 191804
alloc_pos 192056
alloc_pos 192316
alloc_pos 192492
alloc_pos 192680
alloc_pos 192880
alloc_pos 192916
alloc_pos 192944
alloc_pos 193120
alloc_pos 193324
alloc_pos 193460
alloc_pos 193588
alloc_pos 193620
alloc_pos 193812
alloc_pos 193976
alloc_pos 194108
alloc_pos 194312
alloc_pos 194512
alloc_pos 194560
alloc_pos 194616
alloc_pos 194792
alloc_pos 194908
alloc_pos 194968
alloc_pos 195024
alloc_pos 195120
alloc_pos 195188
alloc_pos 195296
alloc_pos 195444
alloc_pos 195704
alloc_pos 195864
alloc_pos 195956
alloc_pos 196048
alloc_pos 196248
alloc_pos 196500
alloc_pos 196720
alloc_pos 196896
alloc_pos 197016
alloc_pos 197204
alloc_pos 197308
alloc_pos 197360
alloc_pos 197432
alloc_pos 197688
alloc_pos 197876
alloc_pos 198044
alloc_pos 198180
alloc_pos 198428
alloc_pos 198568
alloc_pos 198828
alloc_pos 199028
alloc_pos 199260
alloc_pos 199340
alloc_pos 199380
alloc_pos 199520
alloc_pos 199744
alloc_pos 199972
alloc_pos 200088
alloc_pos 200160
alloc_pos 200284
alloc_pos 200440
alloc_pos 200636
alloc_pos 200848
alloc_pos 200952
alloc_pos 200996
alloc_pos 201056
alloc_pos 201168
alloc_pos 201348
alloc_pos 201460
alloc_pos 201612
alloc_pos 201764
alloc_pos 202016
alloc_pos 202260
alloc_pos 202464
alloc_pos 202720
alloc_pos 202940
alloc_pos 203128
alloc_pos 203184
alloc_pos 203352
alloc_pos 203400
alloc_pos 203512
alloc_pos 203620
alloc_pos 203648
alloc_pos 203680
alloc_pos 203924
alloc_pos 204004
alloc_pos 204104
alloc_pos 204308
alloc_pos 204500
alloc_pos 204728
alloc_pos 204844
alloc_pos 204872
alloc_pos 204904
alloc_pos 205052
alloc_pos 205256
alloc_pos 205500
alloc_pos 205716
alloc_pos 205872
alloc_pos 206104
alloc_pos 206244
alloc_pos 206276
alloc_pos 206512
alloc_pos 206720
alloc_pos 206928
alloc_pos 207136
alloc_pos 207372
alloc_pos 207568
alloc_pos 207640
alloc_pos 207732
alloc_pos 207796
alloc_pos 207912
alloc_pos 208068
alloc_pos 208176
alloc_pos 208416
alloc_pos 208616
alloc_pos 208640
alloc_pos 208708
alloc_pos 208900
alloc_pos 208968
alloc_pos 209208
alloc_pos 209236
alloc_pos 209456
alloc_pos 209608
alloc_pos 209864
alloc_pos 209996
alloc_pos 210260
alloc_pos 210332
alloc_pos 210512
alloc_pos 210764
alloc_pos 210996
alloc_pos 211240
alloc_pos 211372
alloc_pos 211424
alloc_pos 211564
alloc_pos 211808
alloc_pos 211884
alloc_pos 211940
alloc_pos 211996
alloc_pos 212132
alloc_pos 212220
alloc_pos 212356
alloc_pos 212456
alloc_pos 212536
alloc_pos 212684
alloc_pos 212892
alloc_pos 213040
alloc_pos 213156
alloc_pos 213352
alloc_pos 213440
alloc_pos 213556
alloc_pos 213756
alloc_pos 213780
alloc_pos 213956
alloc_pos 214088
alloc_pos 214128
alloc_pos 214288
alloc_pos 214448
alloc_pos 214548
alloc_pos 214736
alloc_pos 214856
alloc_pos 215008
alloc_pos 215192
alloc_pos 215384
alloc_pos 215512
alloc_pos 215664
alloc_pos 215692
alloc_pos 215764
alloc_pos 215908
alloc_pos 216108
alloc_pos 216276
alloc_pos 216368
alloc_pos 216452
alloc_pos 216704
alloc_pos 216964
alloc_pos 217068
alloc_pos 217104
alloc_pos 217248
alloc_pos 217328
alloc_pos 217568
alloc_pos 217688
alloc_pos 217744
alloc_pos 217820
alloc_pos 217948
alloc_pos 218180
alloc_pos 218380
alloc_pos 218464
alloc_pos 218684
alloc_pos 218744
alloc_pos 218768
alloc_pos 218936
alloc_pos 219096
alloc_pos 219160
alloc_pos 219248
alloc_pos 219404
alloc_pos 219600
alloc_pos 219748
alloc_pos 219912
alloc_pos 219988
alloc_pos 220240
alloc_pos 220268
alloc_pos 220440
alloc_pos 220488
alloc_pos 220672
alloc_pos 220812
alloc_pos 220984
alloc_pos 221236
alloc_pos 221432
alloc_pos 221644
alloc_pos 221896
alloc_pos 221940
alloc_pos 222028
alloc_pos 222212
alloc_pos 222280
alloc_pos 222396
alloc_pos 222608
alloc_pos 222700
alloc_pos 222736
alloc_pos 222944
alloc_pos 223156
alloc_pos 223412
alloc_pos 223652
alloc_pos 223728
alloc_pos 223988
alloc_pos 224180
alloc_pos 224296
alloc_pos 224328
alloc_pos 224380
alloc_pos 224468
alloc_pos 224620
alloc_pos 224768
alloc_pos 224880
alloc_pos 224972
alloc_pos 225032
alloc_pos 225152
alloc_pos 225388
alloc_pos 225480
alloc_pos 225580
alloc_pos 225832
alloc_pos 225936
alloc_pos 226084
alloc_pos 226240
alloc_pos 226344
alloc_pos 226452
alloc_pos 226532
alloc_pos 226568
alloc_pos 226616
alloc_pos 226804
alloc_pos 226964
alloc_pos 227204
alloc_pos 227456
alloc_pos 227532
alloc_pos 227612
alloc_pos 227876
alloc_pos 228076
alloc_pos 228292
alloc_pos 228432
alloc_pos 228480
alloc_pos 228560
alloc_pos 228748
alloc_pos 229000
alloc_pos 229260
alloc_pos 229436
alloc_pos 229624
alloc_pos 229824
alloc_pos 229860
alloc_pos 229888
alloc_pos 230064
alloc_pos 230268
alloc_pos 230404
alloc_pos 230532
alloc_pos 230564
alloc_pos 230756
alloc_pos 230920
alloc_pos 231052
alloc_pos 231256
alloc_pos 231456
alloc_pos 231504
alloc_pos 231560
alloc_pos 231736
alloc_pos 231852
alloc_pos 231912
alloc_pos 231968
alloc_pos 232064
alloc_pos 232132
alloc_pos 232240
alloc_pos 232388
alloc_pos 232648
alloc_pos 232808
alloc_pos 232900
alloc_pos 232992
alloc_pos 233192
alloc_pos 233444
alloc_pos 233664
alloc_pos 233840
alloc_pos 233960
alloc_pos 234148
alloc_pos 234252
alloc_pos 234304
alloc_pos 234376
alloc_pos 234632
alloc_pos 234820
alloc_pos 234988
alloc_pos 235124
alloc_pos 235372
alloc_pos 235512
alloc_pos 235772
alloc_pos 235972
alloc_pos 236204
alloc_pos 236284
alloc_pos 236324
alloc_pos 236464
alloc_pos 236688
alloc_pos 236916
alloc_pos 237032
alloc_pos 237104
alloc_pos 237228
alloc_pos 237384
alloc_pos 237580
alloc_pos 237792
alloc_pos 237896
alloc_pos 237940
alloc_pos 238000
alloc_pos 238112
alloc_pos 238292
alloc_pos 238404
alloc_pos 238556
alloc_pos 238708
alloc_pos 238960
alloc_pos 239204
alloc_pos 239408
alloc_pos 239664
alloc_pos 239884
alloc_pos 240072
alloc_pos 240128
alloc_pos 240296
alloc_pos 240344
alloc_pos 240456
alloc_pos 240564
alloc_pos 240592
alloc_pos 240624
alloc_pos 240868
alloc_pos 240948
alloc_pos 241048
alloc_pos 241252
alloc_pos 241444
alloc_pos 241672
alloc_pos 241788
alloc_pos 241816
alloc_pos 241848
alloc_pos 241996
alloc_pos 242200
alloc_pos 242444
alloc_pos 242660
alloc_pos 242816
alloc_pos 243048
alloc_pos 243188
alloc_pos 243220
alloc_pos 243456
alloc_pos 243664
alloc_pos 243872
alloc_pos 244080
alloc_pos 244316
alloc_pos 244512
alloc_pos 244584
alloc_pos 244676
alloc_pos 244740
alloc_pos 244856
alloc_pos 245012
alloc_pos 245120
alloc_pos 245360
alloc_pos 245560
alloc_pos 245584
alloc_pos 245652
alloc_pos 245844
alloc_pos 245912
alloc_pos 246152
alloc_pos 246180
alloc_pos 246400
alloc_pos 246552
alloc_pos 246808
alloc_pos 246940
alloc_pos 247204
alloc_pos 247276
alloc_pos 247456
alloc_pos 247708
alloc_pos 247940
alloc_pos 248184
alloc_pos 248316
alloc_pos 248368
alloc_pos 248508
alloc_pos 248752
alloc_pos 248828
alloc_pos 248884
alloc_pos 248940
alloc_pos 249076
alloc_pos 249164
alloc_pos 249300
alloc_pos 249400
alloc_pos 249480
alloc_pos 249628
alloc_pos 249836
alloc_pos 249984
alloc_pos 250100
alloc_pos 250296
alloc_pos 250384
alloc_pos 250500
alloc_pos 250700
alloc_pos 250724
alloc_pos 250900
alloc_pos 251032
alloc_pos 251072
alloc_pos 251232
alloc_pos 251392
alloc_pos 251492
alloc_pos 251680
alloc_pos 251800
alloc_pos 251952
alloc_pos 252136
alloc_pos 252328
alloc_pos 252456
alloc_pos 252608
alloc_pos 252636
alloc_pos 252708
alloc_pos 252852
alloc_pos 253052
alloc_pos 253220
alloc_pos 253312
alloc_pos 253396
alloc_pos 253648
alloc_pos 253908
alloc_pos 254012
alloc_pos 254048
alloc_pos 254192
alloc_pos 254272
alloc_pos 254512
alloc_pos 254632
alloc_pos 254688
alloc_pos 254764
alloc_pos 254892
alloc_pos 255124
alloc_pos 255324
alloc_pos 255408
alloc_pos 255628
alloc_pos 255688
alloc_pos 255712
alloc_pos 255880
alloc_pos 256040
alloc_pos 256104
alloc_pos 256192
alloc_pos 256348
alloc_pos 256544
alloc_pos 256692
alloc_pos 256856
alloc_pos 256932
alloc_pos 257184
alloc_pos 257212
alloc_pos 257384
alloc_pos 257432
alloc_pos 257616
alloc_pos 257756
alloc_pos 257928
alloc_pos 258180
alloc_pos 258376
alloc_pos 258588
alloc_pos 258840
alloc_pos 258884
alloc_pos 258972
alloc_pos 259156
alloc_pos 259224
alloc_pos 259340
alloc_pos 259552
alloc_pos 259644
alloc_pos 259680
alloc_pos 259888
alloc_pos 260100
alloc_pos 260356
alloc_pos 260596
alloc_pos 260672
alloc_pos 260932
alloc_pos 261124
alloc_pos 261240
alloc_pos 261272
alloc_pos 261324
alloc_pos 261412
alloc_pos 261564
alloc_pos 261712
alloc_pos 261824
alloc_pos 261916
alloc_pos 261976
alloc_pos 262096
alloc_pos 262332
alloc_pos 262424
alloc_pos 262524
alloc_pos 262776
alloc_pos 262880
alloc_pos 263028
alloc_pos 263184
alloc_pos 263288
alloc_pos 263396
alloc_pos 263476
alloc_pos 263512
alloc_pos 263560
alloc_pos 263748
alloc_pos 263908
alloc_pos 264148
alloc_pos 264400
alloc_pos 264476
alloc_pos 264556
alloc_pos 264820
alloc_pos 265020
alloc_pos 265236
alloc_pos 265376
alloc_pos 265424
alloc_pos 265504
alloc_pos 265692
alloc_pos 265944
alloc_pos 266204
alloc_pos 266380
alloc_pos 266568
alloc_pos 266768
alloc_pos 266804
alloc_pos 266832
alloc_pos 267008
alloc_pos 267212
alloc_pos 267348
alloc_pos 267476
alloc_pos 267508
alloc_pos 267700
alloc_pos 267864
alloc_pos 267996
alloc_pos 268200
alloc_pos 268400
alloc_pos 268448
alloc_pos 268504
alloc_pos 268680
alloc_pos 268796
alloc_pos 268856
alloc_pos 268912
alloc_pos 269008
alloc_pos 269076
alloc_pos 269184
alloc_pos 269332
alloc_pos 269592
alloc_pos 269752
alloc_pos 269844
alloc_pos 269936
alloc_pos 270136
alloc_pos 270388
alloc_pos 270608
alloc_pos 270784
alloc_pos 270904
alloc_pos 271092
alloc_pos 271196
alloc_pos 271248
alloc_pos 271320
alloc_pos 271576
alloc_pos 271764
alloc_pos 271932
alloc_pos 272068
alloc_pos 272316
alloc_pos 272456
alloc_pos 272716
alloc_pos 272916
alloc_pos 273148
alloc_pos 273228
alloc_pos 273268
alloc_pos 273408
alloc_pos 273632
alloc_pos 273860
alloc_pos 273976
alloc_pos 274048
alloc_pos 274172
alloc_pos 274328
alloc_pos 274524
alloc_pos 274736
alloc_pos 274840
alloc_pos 274884
alloc_pos 274944
alloc_pos 275056
alloc_pos 275236
alloc_pos 275348
alloc_pos 275500
alloc_pos 275652
alloc_pos 275904
alloc_pos 276148
alloc_pos 276352
alloc_pos 276608
alloc_pos 276828
alloc_pos 277016
alloc_pos 277072
alloc_pos 277240
alloc_pos 277288
alloc_pos 277400
alloc_pos 277508
alloc_pos 277536
alloc_pos 277568
alloc_pos 277812
alloc_pos 277892
alloc_pos 277992
alloc_pos 278196
alloc_pos 278388
alloc_pos 278616
alloc_pos 278732
alloc_pos 278760
alloc_pos 278792
alloc_pos 278940
alloc_pos 279144
alloc_pos 279388
alloc_pos 279604
alloc_pos 279760
alloc_pos 279992
alloc_pos 280132
alloc_pos 280164
alloc_pos 280400
alloc_pos 280608
alloc_pos 280816
alloc_pos 281024
alloc_pos 281260
alloc_pos 281456
alloc_pos 281528
alloc_pos 281620
alloc_pos 281684
alloc_pos 281800
alloc_pos 281956
alloc_pos 282064
alloc_pos 282304
alloc_pos 282504
alloc_pos 282528
alloc_pos 282596
alloc_pos 282788
alloc_pos 282856
alloc_pos 283096
alloc_pos 283124
alloc_pos 283344
alloc_pos 283496
alloc_pos 283752
alloc_pos 283884
alloc_pos 284148
alloc_pos 284220
alloc_pos 284400
alloc_pos 284652
alloc_pos 284884
alloc_pos 285128
alloc_pos 285260
alloc_pos 285312
alloc_pos 285452
alloc_pos 285696
alloc_pos 285772
alloc_pos 285828
alloc_pos 285884
alloc_pos 286020
alloc_pos 286108
alloc_pos 286244
alloc_pos 286344
alloc_pos 286424
alloc_pos 286572
alloc_pos 286780
alloc_pos 286928
alloc_pos 287044
alloc_pos 287240
alloc_pos 287328
alloc_pos 287444
alloc_pos 287644
alloc_pos 287668
alloc_pos 287844
alloc_pos 287976
alloc_pos 288016
alloc_pos 288176
alloc_pos 288336
alloc_pos 288436
alloc_pos 288624
alloc_pos 288744
alloc_pos 288896
alloc_pos 289080
alloc_pos 289272
alloc_pos 289400
alloc_pos 289552
alloc_pos 289580
alloc_pos 289652
alloc_pos 289796
alloc_pos 289996
alloc_pos 290164
alloc_pos 290256
alloc_pos 290340
alloc_pos 290592
alloc_pos 290852
alloc_pos 290956
alloc_pos 290992
alloc_pos 291136
alloc_pos 291216
alloc_pos 291456
alloc_pos 291576
alloc_pos 291632
alloc_pos 291708
alloc_pos 291836
alloc_pos 292068
alloc_pos 292268
alloc_pos 292352
alloc_pos 292572
alloc_pos 292632
alloc_pos 292656
alloc_pos 292824
alloc_pos 292984
alloc_pos 293048
alloc_pos 293136
alloc_pos 293292
alloc_pos 293488
alloc_pos 293636
alloc_pos 293800
alloc_pos 293876
alloc_pos 294128
alloc_pos 294156
alloc_pos 294328
alloc_pos 294376
alloc_pos 294560
alloc_pos 294700
alloc_pos 294872
alloc_pos 295124
alloc_pos 295320
alloc_pos 295532
alloc_pos 295784
alloc_pos 295828
alloc_pos 295916
alloc_pos 296100
alloc_pos 296168
alloc_pos 296284
alloc_pos 296496
alloc_pos 296588
alloc_pos 296624
alloc_pos 296832
alloc_pos 297044
alloc_pos 297300
alloc_pos 297540
alloc_pos 297616
alloc_pos 297876
alloc_pos 298068
alloc_pos 298184
alloc_pos 298216
alloc_pos 298268
alloc_pos 298356
alloc_pos 298508
alloc_pos 298656
alloc_pos 298768
alloc_pos 298860
alloc_pos 298920
alloc_pos 299040
alloc_pos 299276
alloc_pos 299368
alloc_pos 299468
alloc_pos 299720
alloc_pos 299824
alloc_pos 299972
alloc_pos 300128
alloc_pos 300232
alloc_pos 300340
alloc_pos 300420
alloc_pos 300456
alloc_pos 300504
alloc_pos 300692
alloc_pos 300852
alloc_pos 301092
alloc_pos 301344
alloc_pos 301420
alloc_pos 301500
alloc_pos 301764
alloc_pos 301964
alloc_pos 302180
alloc_pos 302320
alloc_pos 302368
alloc_pos 302448
alloc_pos 302636
alloc_pos 302888
alloc_pos 303148
alloc_pos 303324
alloc_pos 303512
alloc_pos 303712
alloc_pos 303748
alloc_pos 303776
alloc_pos 303952
alloc_pos 304156
alloc_pos 304292
alloc_pos 304420
alloc_pos 304452
alloc_pos 304644
alloc_pos 304808
alloc_pos 304940
alloc_pos 305144
alloc_pos 305344
alloc_pos 305392
alloc_pos 305448
alloc_pos 305624
alloc_pos 305740
alloc_pos 305800
alloc_pos 305856
alloc_pos 305952
alloc_pos 306020
alloc_pos 306128
alloc_pos 306276
alloc_pos 306536
alloc_pos 306696
alloc_pos 306788
alloc_pos 306880
alloc_pos 307080
alloc_pos 307332
alloc_pos 307552
alloc_pos 307728
alloc_pos 307848
alloc_pos 308036
alloc_pos 308140
alloc_pos 308192
alloc_pos 308264
alloc_pos 308520
alloc_pos 308708
alloc_pos 308876
alloc_pos 309012
alloc_pos 309260
alloc_pos 309400
alloc_pos 309660
alloc_pos 309860
alloc_pos 310092
alloc_pos 310172
alloc_pos 310212
alloc_pos 310352
alloc_pos 310576
alloc_pos 310804
alloc_pos 310920
alloc_pos 310992
alloc_pos 311116
alloc_pos 311272
alloc_pos 311468
alloc_pos 311680
alloc_pos 311784
alloc_pos 311828
alloc_pos 311888
alloc_pos 312000
alloc_pos 312180
alloc_pos 312292
alloc_pos 312444
alloc_pos 312596
alloc_pos 312848
alloc_pos 313092
alloc_pos 313296
alloc_pos 313552
alloc_pos 313772
alloc_pos 313960
alloc_pos 314016
alloc_pos 314184
alloc_pos 314232
alloc_pos 314344
alloc_pos 314452
alloc_pos 314480
alloc_pos 314512
alloc_pos 314756
alloc_pos 314836
alloc_pos 314936
alloc_pos 315140
alloc_pos 315332
alloc_pos 315560
alloc_pos 315676
alloc_pos 315704
alloc_pos 315736
alloc_pos 315884
alloc_pos 316088
alloc_pos 316332
alloc_pos 316548
alloc_pos 316704
alloc_pos 316936
alloc_pos 317076
alloc_pos 317108
alloc_pos 317344
alloc_pos 317552
alloc_pos 317760
alloc_pos 317968
alloc_pos 318204
alloc_pos 318400
alloc_pos 318472
alloc_pos 318564
alloc_pos 318628
alloc_pos 318744
alloc_pos 318900
alloc_pos 319008
alloc_pos 319248
alloc_pos 319448
alloc_pos 319472
alloc_pos 319540
alloc_pos 319732
alloc_pos 319800
alloc_pos 320040
alloc_pos 320068
alloc_pos 320288
alloc_pos 320440
alloc_pos 320696
alloc_pos 320828
alloc_pos 321092
alloc_pos 321164
alloc_pos 321344
alloc_pos 321596
alloc_pos 321828
alloc_pos 322072
alloc_pos 322204
alloc_pos 322256
alloc_pos 322396
alloc_pos 322640
alloc_pos 322716
alloc_pos 322772
alloc_pos 322828
alloc_pos 322964
alloc_pos 323052
alloc_pos 323188
alloc_pos 323288
alloc_pos 323368
alloc_pos 323516
alloc_pos 323724
alloc_pos 323872
alloc_pos 323988
alloc_pos 324184
alloc_pos 324272
alloc_pos 324388
alloc_pos 324588
alloc_pos 324612
alloc_pos 324788
alloc_pos 324920
alloc_pos 324960
alloc_pos 325120
alloc_pos 325280
alloc_pos 325380
alloc_pos 325568
alloc_pos 325688
alloc_pos 325840
alloc_pos 326024
alloc_pos 326216
alloc_pos 326344
alloc_pos 326496
alloc_pos 326524
alloc_pos 326596
alloc_pos 326740
alloc_pos 326940
alloc_pos 327108
alloc_pos 327200
alloc_pos 327284
alloc_pos 327536
alloc_pos 327796
alloc_pos 327900
alloc_pos 327936
alloc_pos 328080
alloc_pos 328160
alloc_pos 328400
alloc_pos 328520
alloc_pos 328576
alloc_pos 328652
alloc_pos 328780
alloc_pos 329012
alloc_pos 329212
alloc_pos 329296
alloc_pos 329516
alloc_pos 329576
alloc_pos 329600
alloc_pos 329768
alloc_pos 329928
alloc_pos 329992
alloc_pos 330080
alloc_pos 330236
alloc_pos 330432
alloc_pos 330580
alloc_pos 330744
alloc_pos 330820
alloc_pos 331072
alloc_pos 331100
alloc_pos 331272
alloc_pos 331320
alloc_pos 331504
alloc_pos 331644
alloc_pos 331816
alloc_pos 332068
alloc_pos 332264
alloc_pos 332476
alloc_pos 332728
alloc_pos 332772
alloc_pos 332860
alloc_pos 333044
alloc_pos 333112
alloc_pos 333228
alloc_pos 333440
alloc_pos 333532
alloc_pos 333568
alloc_pos 333776
alloc_pos 333988
alloc_pos 334244
alloc_pos 334484
alloc_pos 334560
alloc_pos 334820
alloc_pos 335012
alloc_pos 335128
alloc_pos 335160
alloc_pos 335212
alloc_pos 335300
alloc_pos 335452
alloc_pos 335600
alloc_pos 335712
alloc_pos 335804
alloc_pos 335864
alloc_pos 335984
alloc_pos 336220
alloc_pos 336312
alloc_pos 336412
alloc_pos 336664
alloc_pos 336768
alloc_pos 336916
alloc_pos 337072
alloc_pos 337176
alloc_pos 337284
alloc_pos 337364
alloc_pos 337400
alloc_pos 337448
alloc_pos 337636
alloc_pos 337796
alloc_pos 338036
alloc_pos 338288
alloc_pos 338364
alloc_pos 338444
alloc_pos 338708
alloc_pos 338908
alloc_pos 339124
alloc_pos 339264
alloc_pos 339312
alloc_pos 339392
alloc_pos 339580
alloc_pos 339832
alloc_pos 340092
alloc_pos 340268
alloc_pos 340456
alloc_pos 340656
alloc_pos 340692
alloc_pos 340720
alloc_pos 340896
alloc_pos 341100
alloc_pos 341236
alloc_pos 341364
alloc_pos 341396
alloc_pos 341588
alloc_pos 341752
alloc_pos 341884
alloc_pos 342088
alloc_pos 342288
alloc_pos 342336
alloc_pos 342392
alloc_pos 342568
alloc_pos 342684
alloc_pos 342744
alloc_pos 342800
alloc_pos 342896
alloc_pos 342964
alloc_pos 343072
alloc_pos 343220
alloc_pos 343480
alloc_pos 343640
alloc_pos 343732
alloc_pos 343824
alloc_pos 344024
alloc_pos 344276
alloc_pos 344496
alloc_pos 344672
alloc_pos 344792
alloc_pos 344980
alloc_pos 345084
alloc_pos 345136
alloc_pos 345208
alloc_pos 345464
alloc_pos 345652
alloc_pos 345820
alloc_pos 345956
alloc_pos 346204
alloc_pos 346344
alloc_pos 346604
alloc_pos 346804
alloc_pos 347036
alloc_pos 347116
alloc_pos 347156
alloc_pos 347296
alloc_pos 347520
alloc_pos 347748
alloc_pos 347864
alloc_pos 347936
alloc_pos 348060
alloc_pos 348216
alloc_pos 348412
alloc_pos 348624
alloc_pos 348728
alloc_pos 348772
alloc_pos 348832
alloc_pos 348944
alloc_pos 349124
alloc_pos 349236
alloc_pos 349388
alloc_pos 349540
alloc_pos 349792
alloc_pos 350036
alloc_pos 350240
alloc_pos 350496
alloc_pos 350716
alloc_pos 350904
alloc_pos 350960
alloc_pos 351128
alloc_pos 351176
alloc_pos 351288
alloc_pos 351396
alloc_pos 351424
alloc_pos 351456
alloc_pos 351700
alloc_pos 351780
alloc_pos 351880
alloc_pos 352084
alloc_pos 352276
alloc_pos 352504
alloc_pos 352620
alloc_pos 352648
alloc_pos 352680
alloc_pos 352828
alloc_pos 353032
alloc_pos 353276
alloc_pos 353492
alloc_pos 353648
alloc_pos 353880
alloc_pos 354020
alloc_pos 354052
alloc_pos 354288
alloc_pos 354496
alloc_pos 354704
alloc_pos 354912
alloc_pos 355148
alloc_pos 355344
alloc_pos 355416
alloc_pos 355508
alloc_pos 355572
alloc_pos 355688
alloc_pos 355844
alloc_pos 355952
alloc_pos 356192
alloc_pos 356392
alloc_pos 356416
alloc_pos 356484
alloc_pos 356676
alloc_pos 356744
alloc_pos 356984
alloc_pos 357012
alloc_pos 357232
alloc_pos 357384
alloc_pos 357640
alloc_pos 357772
alloc_pos 358036
alloc_pos 358108
alloc_pos 358288
alloc_pos 358540
alloc_pos 358772
alloc_pos 359016
alloc_pos 359148
alloc_pos 359200
alloc_pos 359340
alloc_pos 359584
alloc_pos 359660
alloc_pos 359716
alloc_pos 359772
alloc_pos 359908
alloc_pos 359996
alloc_pos 360132
alloc_pos 360232
alloc_pos 360312
alloc_pos 360460
alloc_pos 360668
alloc_pos 360816
alloc_pos 360932
alloc_pos 361128
alloc_pos 361216
alloc_pos 361332
alloc_pos 361532
alloc_pos 361556
alloc_pos 361732
alloc_pos 361864
alloc_pos 361904
alloc_pos 362064
alloc_pos 362224
alloc_pos 362324
alloc_pos 362512
alloc_pos 362632
alloc_pos 362784
alloc_pos 362968
alloc_pos 363160
alloc_pos 363288
alloc_pos 363440
alloc_pos 363468
alloc_pos 363540
alloc_pos 363684
alloc_pos 363884
alloc_pos 364052
alloc_pos 364144
alloc_pos 364228
alloc_pos 364480
alloc_pos 364740
alloc_pos 364844
alloc_pos 364880
alloc_pos 365024
alloc_pos 365104
alloc_pos 365344
alloc_pos 365464
alloc_pos 365520
alloc_pos 365596
alloc_pos 365724
alloc_pos 365956
alloc_pos 366156
alloc_pos 366240
alloc_pos 366460
alloc_pos 366520
alloc_pos 366544
alloc_pos 366712
alloc_pos 366872
alloc_pos 366936
alloc_pos 367024
alloc_pos 367180
alloc_pos 367376
alloc_pos 367524
alloc_pos 367688
alloc_pos 367764
alloc_pos 368016
alloc_pos 368044
alloc_pos 368216
alloc_pos 368264
alloc_pos 368448
alloc_pos 368588
alloc_pos 368760
alloc_pos 369012
alloc_pos 369208
alloc_pos 369420
alloc_pos 369672
alloc_pos 369716
alloc_pos 369804
alloc_pos 369988
alloc_pos 370056
alloc_pos 370172
alloc_pos 370384
alloc_pos 370476
alloc_pos 370512
alloc_pos 370720
alloc_pos 370932
alloc_pos 371188
alloc_pos 371428
alloc_pos 371504
alloc_pos 371764
alloc_pos 371956
alloc_pos 372072
alloc_pos 372104
alloc_pos 372156
alloc_pos 372244
alloc_pos 372396
alloc_pos 372544
alloc_pos 372656
alloc_pos 372748
alloc_pos 372808
alloc_pos 372928
alloc_pos 373164
alloc_pos 373256
alloc_pos 373356
alloc_pos 373608
alloc_pos 373712
alloc_pos 373860
alloc_pos 374016
alloc_pos 374120
alloc_pos 374228
alloc_pos 374308
alloc_pos 374344
alloc_pos 374392
alloc_pos 374580
alloc_pos 374740
alloc_pos 374980
alloc_pos 375232
alloc_pos 375308
alloc_pos 375388
alloc_pos 375652
alloc_pos 375852
alloc_pos 376068
alloc_pos 376208
alloc_pos 376256
alloc_pos 376336
alloc_pos 376524
alloc_pos 376776
alloc_pos 377036
alloc_pos 377212
alloc_pos 377400
alloc_pos 377600
alloc_pos 377636
alloc_pos 377664
alloc_pos 377840
alloc_pos 378044
alloc_pos 378180
alloc_pos 378308
alloc_pos 378340
alloc_pos 378532
alloc_pos 378696
alloc_pos 378828
alloc_pos 379032
alloc_pos 379232
alloc_pos 379280
alloc_pos 379336
alloc_pos 379512
alloc_pos 379628
alloc_pos 379688
alloc_pos 379744
alloc_pos 379840
alloc_pos 379908
alloc_pos 380016
alloc_pos 380164
alloc_pos 380424
alloc_pos 380584
alloc_pos 380676
alloc_pos 380768
alloc_pos 380968
alloc_pos 381220
alloc_pos 381440
alloc_pos 381616
alloc_pos 381736
alloc_pos 381924
alloc_pos 382028
alloc_pos 382080
alloc_pos 382152
alloc_pos 382408
alloc_pos 382596
alloc_pos 382764
alloc_pos 382900
alloc_pos 383148
alloc_pos 383288
alloc_pos 383548
alloc_pos 383748
alloc_pos 383980
alloc_pos 384060
alloc_pos 384100
alloc_pos 384240
alloc_pos 384464
alloc_pos 384692
alloc_pos 384808
alloc_pos 384880
alloc_pos 385004
alloc_pos 385160
alloc_pos 385356
alloc_pos 385568
alloc_pos 385672
alloc_pos 385716
alloc_pos 385776
alloc_pos 385888
alloc_pos 386068
alloc_pos 386180
alloc_pos 386332
alloc_pos 386484
alloc_pos 386736
alloc_pos 386980
alloc_pos 387184
alloc_pos 387440
alloc_pos 387660
alloc_pos 387848
alloc_pos 387904
alloc_pos 388072
alloc_pos 388120
alloc_pos 388232
alloc_pos 388340
alloc_pos 388368
alloc_pos 388400
alloc_pos 388644
alloc_pos 388724
alloc_pos 388824
alloc_pos 389028
alloc_pos 389220
alloc_pos 389448
alloc_pos 389564
alloc_pos 389592
alloc_pos 389624
alloc_pos 389772
alloc_pos 389976
alloc_pos 390220
alloc_pos 390436
alloc_pos 390592
alloc_pos 390824
alloc_pos 390964
alloc_pos 390996
alloc_pos 391232
alloc_pos 391440
alloc_pos 391648
alloc_pos 391856
alloc_pos 392092
alloc_pos 392288
alloc_pos 392360
alloc_pos 392452
alloc_pos 392516
alloc_pos 392632
alloc_pos 392788
alloc_pos 392896
alloc_pos 393136
alloc_pos 393336
alloc_pos 393360
alloc_pos 393428
alloc_pos 393620
alloc_pos 393688
alloc_pos 393928
alloc_pos 393956
alloc_pos 394176
alloc_pos 394328
alloc_pos 394584
alloc_pos 394716
alloc_pos 394980
alloc_pos 395052
alloc_pos 395232
alloc_pos 395484
alloc_pos 395716
alloc_pos 395960
alloc_pos 396092
alloc_pos 396144
alloc_pos 396284
alloc_pos 396528
alloc_pos 396604
alloc_pos 396660
alloc_pos 396716
alloc_pos 396852
alloc_pos 396940
alloc_pos 397076
alloc_pos 397176
alloc_pos 397256
alloc_pos 397404
alloc_pos 397612
alloc_pos 397760
alloc_pos 397876
alloc_pos 398072
alloc_pos 398160
alloc_pos 398276
alloc_pos 398476
alloc_pos 398500
alloc_pos 398676
alloc_pos 398808
alloc_pos 398848
alloc_pos 399008
alloc_pos 399168
alloc_pos 399268
alloc_pos 399456
alloc_pos 399576
alloc_pos 399728
alloc_pos 399912
alloc_pos 400104
alloc_pos 400232
alloc_pos 400384
alloc_pos 400412
alloc_pos 400484
alloc_pos 400628
alloc_pos 400828
alloc_pos 400996
alloc_pos 401088
alloc_pos 401172
alloc_pos 401424
alloc_pos 401684
alloc_pos 401788
alloc_pos 401824
alloc_pos 401968
alloc_pos 402048
alloc_pos 402288
alloc_pos 402408
alloc_pos 402464
alloc_pos 402540
alloc_pos 402668
alloc_pos 402900
alloc_pos 403100
alloc_pos 403184
alloc_pos 403404
alloc_pos 403464
alloc_pos 403488
alloc_pos 403656
alloc_pos 403816
alloc_pos 403880
alloc_pos 403968
alloc_pos 404124
alloc_pos 404320
alloc_pos 404468
alloc_pos 404632
alloc_pos 404708
alloc_pos 404960
alloc_pos 404988
alloc_pos 405160
alloc_pos 405208
alloc_pos 405392
alloc_pos 405532
alloc_pos 405704
alloc_pos 405956
alloc_pos 406152
alloc_pos 406364
alloc_pos 406616
alloc_pos 406660
alloc_pos 406748
alloc_pos 406932
alloc_pos 407000
alloc_pos 407116
alloc_pos 407328
alloc_pos 407420
alloc_pos 407456
alloc_pos 407664
alloc_pos 407876
alloc_pos 408132
alloc_pos 408372
alloc_pos 408448
alloc_pos 408708
alloc_pos 408900
alloc_pos 409016
alloc_pos 409048
alloc_pos 409100
alloc_pos 409188
alloc_pos 409340
alloc_pos 409488
alloc_pos 409600
alloc_pos 409692
alloc_pos 409752
alloc_pos 409872
alloc_pos 410108
alloc_pos 410200
alloc_pos 410300
alloc_pos 410552
alloc_pos 410656
alloc_pos 410804
alloc_pos 410960
alloc_pos 411064
alloc_pos 411172
alloc_pos 411252
alloc_pos 411288
alloc_pos 411336
alloc_pos 411524
alloc_pos 411684
alloc_pos 411924
alloc_pos 412176
alloc_pos 412252
alloc_pos 412332
alloc_pos 412596
alloc_pos 412796
alloc_pos 413012
alloc_pos 413152
alloc_pos 413200
alloc_pos 413280
alloc_pos 413468
alloc_pos 413720
alloc_pos 413980
alloc_pos 414156
alloc_pos 414344
alloc_pos 414544
alloc_pos 414580
alloc_pos 414608
alloc_pos 414784
alloc_pos 414988
alloc_pos 415124
alloc_pos 415252
alloc_pos 415284
alloc_pos 415476
alloc_pos 415640
alloc_pos 415772
alloc_pos 415976
alloc_pos 416176
alloc_pos 416224
alloc_pos 416280
alloc_pos 416456
alloc_pos 416572
alloc_pos 416632
alloc_pos 416688
alloc_pos 416784
alloc_pos 416852
alloc_pos 416960
alloc_pos 417108
alloc_pos 417368
alloc_pos 417528
alloc_pos 417620
alloc_pos 417712
alloc_pos 417912
alloc_pos 418164
alloc_pos 418384
alloc_pos 418560
alloc_pos 418680
alloc_pos 418868
alloc_pos 418972
alloc_pos 419024
alloc_pos 419096
alloc_pos 419352
alloc_pos 419540
alloc_pos 419708
alloc_pos 419844
alloc_pos 420092
alloc_pos 420232
alloc_pos 420492
alloc_pos 420692
alloc_pos 420924
alloc_pos 421004
alloc_pos 421044
alloc_pos 421184
alloc_pos 421408
alloc_pos 421636
alloc_pos 421752
alloc_pos 421824
alloc_pos 421948
alloc_pos 422104
alloc_pos 422300
alloc_pos 422512
alloc_pos 422616
alloc_pos 422660
alloc_pos 422720
alloc_pos 422832
alloc_pos 423012
alloc_pos 423124
alloc_pos 423276
alloc_pos 423428
alloc_pos 423680
alloc_pos 423924
alloc_pos 424128
alloc_pos 424384
alloc_pos 424604
alloc_pos 424792
alloc_pos 424848
alloc_pos 425016
alloc_pos 425064
alloc_pos 425176
alloc_pos 425284
alloc_pos 425312
alloc_pos 425344
alloc_pos 425588
alloc_pos 425668
alloc_pos 425768
alloc_pos 425972
alloc_pos 426164
alloc_pos 426392
alloc_pos 426508
alloc_pos 426536
alloc_pos 426568
alloc_pos 426716
alloc_pos 426920
alloc_pos 427164
alloc_pos 427380
alloc_pos 427536
alloc_pos 427768
alloc_pos 427908
alloc_pos 427940
alloc_pos 428176
alloc_pos 428384
alloc_pos 428592
alloc_pos 428800
alloc_pos 429036
alloc_pos 429232
alloc_pos 429304
alloc_pos 429396
alloc_pos 429460
alloc_pos 429576
alloc_pos 429732
alloc_pos 429840
alloc_pos 430080
alloc_pos 430280
alloc_pos 430304
alloc_pos 430372
alloc_pos 430564
alloc_pos 430632
alloc_pos 430872
alloc_pos 430900
alloc_pos 431120
alloc_pos 431272
alloc_pos 431528
alloc_pos 431660
alloc_pos 431924
alloc_pos 431996
alloc_pos 432176
alloc_pos 432428
alloc_pos 432660
alloc_pos 432904
alloc_pos 433036
alloc_pos 433088
alloc_pos 433228
alloc_pos 433472
alloc_pos 433548
alloc_pos 433604
alloc_pos 433660
alloc_pos 433796
alloc_pos 433884
alloc_pos 434020
alloc_pos 434120
alloc_pos 434200
alloc_pos 434348
alloc_pos 434556
alloc_pos 434704
alloc_pos 434820
alloc_pos 435016
alloc_pos 435104
alloc_pos 435220
alloc_pos 435420
alloc_pos 435444
alloc_pos 435620
alloc_pos 435752
alloc_pos 435792
alloc_pos 435952
alloc_pos 436112
alloc_pos 436212
alloc_pos 436400
alloc_pos 436520
alloc_pos 436672
alloc_pos 436856
alloc_pos 437048
alloc_pos 437176
alloc_pos 437328
alloc_pos 437356
alloc_pos 437428
alloc_pos 437572
alloc_pos 437772
alloc_pos 437940
alloc_pos 438032
alloc_pos 438116
alloc_pos 438368
alloc_pos 438628
alloc_pos 438732
alloc_pos 438768
alloc_pos 438912
alloc_pos 438992
alloc_pos 439232
alloc_pos 439352
alloc_pos 439408
alloc_pos 439484
alloc_pos 439612
alloc_pos 439844
alloc_pos 440044
alloc_pos 440128
alloc_pos 440348
alloc_pos 440408
alloc_pos 440432
alloc_pos 440600
alloc_pos 440760
alloc_pos 440824
alloc_pos 440912
alloc_pos 441068
alloc_pos 441264
alloc_pos 441412
alloc_pos 441576
alloc_pos 441652
alloc_pos 441904
alloc_pos 441932
alloc_pos 442104
alloc_pos 442152
alloc_pos 442336
alloc_pos 442476
alloc_pos 442648
alloc_pos 442900
alloc_pos 443096
alloc_pos 443308
alloc_pos 443560
alloc_pos 443604
alloc_pos 443692
alloc_pos 443876
alloc_pos 443944
alloc_pos 444060
alloc_pos 444272
alloc_pos 444364
alloc_pos 444400
alloc_pos 444608
alloc_pos 444820
alloc_pos 445076
alloc_pos 445316
alloc_pos 445392
alloc_pos 445652
alloc_pos 445844
alloc_pos 445960
alloc_pos 445992
alloc_pos 446044
alloc_pos 446132
alloc_pos 446284
alloc_pos 446432
alloc_pos 446544
alloc_pos 446636
alloc_pos 446696
alloc_pos 446816
alloc_pos 447052
alloc_pos 447144
alloc_pos 447244
alloc_pos 447496
alloc_pos 447600
alloc_pos 447748
alloc_pos 447904
alloc_pos 448008
alloc_pos 448116
alloc_pos 448196
alloc_pos 448232
alloc_pos 448280
alloc_pos 448468
alloc_pos 448628
alloc_pos 448868
alloc_pos 449120
alloc_pos 449196
alloc_pos 449276
alloc_pos 449540
alloc_pos 449740
alloc_pos 449956
alloc_pos 450096
alloc_pos 450144
alloc_pos 450224
alloc_pos 450412
alloc_pos 450664
alloc_pos 450924
alloc_pos 451100
alloc_pos 451288
alloc_pos 451488
alloc_pos 451524
alloc_pos 451552
alloc_pos 451728
alloc_pos 451932
alloc_pos 452068
alloc_pos 452196
alloc_pos 452228
alloc_pos 452420
alloc_pos 452584
alloc_pos 452716
alloc_pos 452920
alloc_pos 453120
alloc_pos 453168
alloc_pos 453224
alloc_pos 453400
alloc_pos 453516
alloc_pos 453576
alloc_pos 453632
alloc_pos 453728
alloc_pos 453796
alloc_pos 453904
alloc_pos 454052
alloc_pos 454312
alloc_pos 454472
alloc_pos 454564
alloc_pos 454656
alloc_pos 454856
alloc_pos 455108
alloc_pos 455328
alloc_pos 455504
alloc_pos 455624
alloc_pos 455812
alloc_pos 455916
alloc_pos 455968
alloc_pos 456040
alloc_pos 456296
alloc_pos 456484
alloc_pos 456652
alloc_pos 456788
alloc_pos 457036
alloc_pos 457176
alloc_pos 457436
alloc_pos 457636
alloc_pos 457868
alloc_pos 457948
alloc_pos 457988
alloc_pos 458128
alloc_pos 458352
alloc_pos 458580
alloc_pos 458696
alloc_pos 458768
alloc_pos 458892
alloc_pos 459048
alloc_pos 459244
alloc_pos 459456
alloc_pos 459560
alloc_pos 459604
alloc_pos 459664
alloc_pos 459776
alloc_pos 459956
alloc_pos 460068
alloc_pos 460220
alloc_pos 460372
alloc_pos 460624
alloc_pos 460868
alloc_pos 461072
alloc_pos 461328
alloc_pos 461548
alloc_pos 461736
alloc_pos 461792
alloc_pos 461960
alloc_pos 462008
alloc_pos 462120
alloc_pos 462228
alloc_pos 462256
alloc_pos 462288
alloc_pos 462532
alloc_pos 462612
alloc_pos 462712
alloc_pos 462916
alloc_pos 463108
alloc_pos 463336
alloc_pos 463452
alloc_pos 463480
alloc_pos 463512
alloc_pos 463660
alloc_pos 463864
alloc_pos 464108
alloc_pos 464324
alloc_pos 464480
alloc_pos 464712
alloc_pos 464852
alloc_pos 464884
alloc_pos 465120
alloc_pos 465328
alloc_pos 465536
alloc_pos 465744
alloc_pos 465980
alloc_pos 466176
alloc_pos 466248
alloc_pos 466340
alloc_pos 466404
alloc_pos 466520
alloc_pos 466676
alloc_pos 466784
alloc_pos 467024
alloc_pos 467224
alloc_pos 467248
alloc_pos 467316
alloc_pos 467508
alloc_pos 467576
alloc_pos 467816
alloc_pos 467844
alloc_pos 468064
alloc_pos 468216
alloc_pos 468472
alloc_pos 468604
alloc_pos 468868
alloc_pos 468940
alloc_pos 469120
alloc_pos 469372
alloc_pos 469604
alloc_pos 469848
alloc_pos 469980
alloc_pos 470032
alloc_pos 470172
alloc_pos 470416
alloc_pos 470492
alloc_pos 470548
alloc_pos 470604
alloc_pos 470740
alloc_pos 470828
alloc_pos 470964
alloc_pos 471064
alloc_pos 471144
alloc_pos 471292
alloc_pos 471500
alloc_pos 471648
alloc_pos 471764
alloc_pos 471960
alloc_pos 472048
alloc_pos 472164
alloc_pos 472364
alloc_pos 472388
alloc_pos 472564
alloc_pos 472696
alloc_pos 472736
alloc_pos 472896
alloc_pos 473056
alloc_pos 473156
alloc_pos 473344
alloc_pos 473464
alloc_pos 473616
alloc_pos 473800
alloc_pos 473992
alloc_pos 474120
alloc_pos 474272
alloc_pos 474300
alloc_pos 474372
alloc_pos 474516
alloc_pos 474716
alloc_pos 474884
alloc_pos 474976
alloc_pos 475060
alloc_pos 475312
alloc_pos 475572
alloc_pos 475676
alloc_pos 475712
alloc_pos 475856
alloc_pos 475936
alloc_pos 476176
alloc_pos 476296
alloc_pos 476352
alloc_pos 476428
alloc_pos 476556
alloc_pos 476788
alloc_pos 476988
alloc_pos 477072
alloc_pos 477292
alloc_pos 477352
alloc_pos 477376
alloc_pos 477544
alloc_pos 477704
alloc_pos 477768
alloc_pos 477856
alloc_pos 478012
alloc_pos 478208
alloc_pos 478356
alloc_pos 478520
alloc_pos 478596
alloc_pos 478848
alloc_pos 478876
alloc_pos 479048
alloc_pos 479096
alloc_pos 479280
alloc_pos 479420
alloc_pos 479592
alloc_pos 479844
alloc_pos 480040
alloc_pos 480252
alloc_pos 480504
alloc_pos 480548
alloc_pos 480636
alloc_pos 480820
alloc_pos 480888
alloc_pos 481004
alloc_pos 481216
alloc_pos 481308
alloc_pos 481344
alloc_pos 481552
alloc_pos 481764
alloc_pos 482020
alloc_pos 482260
alloc_pos 482336
alloc_pos 482596
alloc_pos 482788
alloc_pos 482904
alloc_pos 482936
alloc_pos 482988
alloc_pos 483076
alloc_pos 483228
alloc_pos 483376
alloc_pos 483488
alloc_pos 483580
alloc_pos 483640
alloc_pos 483760
alloc_pos 483996
alloc_pos 484088
alloc_pos 484188
alloc_pos 484440
alloc_pos 484544
alloc_pos 484692
alloc_pos 484848
alloc_pos 484952
alloc_pos 485060
alloc_pos 485140
alloc_pos 485176
alloc_pos 485224
alloc_pos 485412
alloc_pos 485572
alloc_pos 485812
alloc_pos 486064
alloc_pos 486140
alloc_pos 486220
alloc_pos 486484
alloc_pos 486684
alloc_pos 486900
alloc_pos 487040
alloc_pos 487088
alloc_pos 487168
alloc_pos 487356
alloc_pos 487608
alloc_pos 487868
alloc_pos 488044
alloc_pos 488232
alloc_pos 488432
alloc_pos 488468
alloc_pos 488496
alloc_pos 488672
alloc_pos 488876
alloc_pos 489012
alloc_pos 489140
alloc_pos 489172
alloc_pos 489364
alloc_pos 489528
alloc_pos 489660
alloc_pos 489864
alloc_pos 490064
alloc_pos 490112
alloc_pos 490168
alloc_pos 490344
alloc_pos 490460
alloc_pos 490520
alloc_pos 490576
alloc_pos 490672
alloc_pos 490740
alloc_pos 490848
alloc_pos 490996
alloc_pos 491256
alloc_pos 491416
alloc_pos 491508
alloc_pos 491600
alloc_pos 491800
alloc_pos 492052
alloc_pos 492272
alloc_pos 492448
alloc_pos 492568
alloc_pos 492756
alloc_pos 492860
alloc_pos 492912
alloc_pos 492984
alloc_pos 493240
alloc_pos 493428
alloc_pos 493596
alloc_pos 493732
alloc_pos 493980
alloc_pos 494120
alloc_pos 494380
alloc_pos 494580
alloc_pos 494812
alloc_pos 494892
alloc_pos 494932
alloc_pos 495072
alloc_pos 495296
alloc_pos 495524
alloc_pos 495640
alloc_pos 495712
alloc_pos 495836
alloc_pos 495992
alloc_pos 496188
alloc_pos 496400
alloc_pos 496504
alloc_pos 496548
alloc_pos 496608
alloc_pos 496720
alloc_pos 496900
alloc_pos 497012
alloc_pos 497164
alloc_pos 497316
alloc_pos 497568
alloc_pos 497812
alloc_pos 498016
alloc_pos 498272
alloc_pos 498492
alloc_pos 498680
alloc_pos 498736
alloc_pos 498904
alloc_pos 498952
alloc_pos 499064
alloc_pos 499172
alloc_pos 499200
alloc_pos 499232
alloc_pos 499476
alloc_pos 499556
alloc_pos 499656
alloc_pos 499860
alloc_pos 500052
alloc_pos 500280
alloc_pos 500396
alloc_pos 500424
alloc_pos 500456
alloc_pos 500604
alloc_pos 500808
alloc_pos 501052
alloc_pos 501268
alloc_pos 501424
alloc_pos 501656
alloc_pos 501796
alloc_pos 501828
alloc_pos 502064
alloc_pos 502272
alloc_pos 502480
alloc_pos 502688
alloc_pos 502924
alloc_pos 503120
alloc_pos 503192
alloc_pos 503284
alloc_pos 503348
alloc_pos 503464
alloc_pos 503620
alloc_pos 503728
alloc_pos 503968
alloc_pos 504168
alloc_pos 504192
alloc_pos 504260
alloc_pos 504452
alloc_pos 504520
alloc_pos 504760
alloc_pos 504788
alloc_pos 505008
alloc_pos 505160
alloc_pos 505416
alloc_pos 505548
alloc_pos 505812
alloc_pos 505884
alloc_pos 506064
alloc_pos 506316
alloc_pos 506548
alloc_pos 506792
alloc_pos 506924
alloc_pos 506976
alloc_pos 507116
alloc_pos 507360
alloc_pos 507436
alloc_pos 507492
alloc_pos 507548
alloc_pos 507684
alloc_pos 507772
alloc_pos 507908
alloc_pos 508008
alloc_pos 508088
alloc_pos 508236
alloc_pos 508444
alloc_pos 508592
alloc_pos 508708
alloc_pos 508904
alloc_pos 508992
alloc_pos 509108
alloc_pos 509308
alloc_pos 509332
alloc_pos 509508
alloc_pos 509640
alloc_pos 509680
alloc_pos 509840
alloc_pos 510000
alloc_pos 510100
alloc_pos 510288
alloc_pos 510408
alloc_pos 510560
alloc_pos 510744
alloc_pos 510936
alloc_pos 511064
alloc_pos 511216
alloc_pos 511244
alloc_pos 511316
alloc_pos 511460
alloc_pos 511660
alloc_pos 511828
alloc_pos 511920
alloc_pos 512004
alloc_pos 512256
alloc_pos 512516
alloc_pos 512620
alloc_pos 512656
alloc_pos 512800
alloc_pos 512880
alloc_pos 513120
alloc_pos 513240
alloc_pos 513296
alloc_pos 513372
alloc_pos 513500
alloc_pos 513732
alloc_pos 513932
alloc_pos 514016
alloc_pos 514236
alloc_pos 514296
alloc_pos 514320
alloc_pos 514488
alloc_pos 514648
alloc_pos 514712
alloc_pos 514800
alloc_pos 514956
alloc_pos 515152
alloc_pos 515300
alloc_pos 515464
alloc_pos 515540
alloc_pos 515792
alloc_pos 515820
alloc_pos 515992
alloc_pos 516040
alloc_pos 516224
alloc_pos 516364
alloc_pos 516536
alloc_pos 516788
alloc_pos 516984
alloc_pos 517196
alloc_pos 517448
alloc_pos 517492
alloc_pos 517580
alloc_pos 517764
alloc_pos 517832
alloc_pos 517948
alloc_pos 518160
alloc_pos 518252
alloc_pos 518288
alloc_pos 518496
alloc_pos 518708
alloc_pos 518964
alloc_pos 519204
alloc_pos 519280
alloc_pos 519540
alloc_pos 519732
alloc_pos 519848
alloc_pos 519880
alloc_pos 519932
alloc_pos 520020
alloc_pos 520172
alloc_pos 520320
alloc_pos 520432
alloc_pos 520524
alloc_pos 520584
alloc_pos 520704
alloc_pos 520940
alloc_pos 521032
alloc_pos 521132
alloc_pos 521384
alloc_pos 521488
alloc_pos 521636
alloc_pos 521792
alloc_pos 521896
alloc_pos 522004
alloc_pos 522084
alloc_pos 522120
alloc_pos 522168
alloc_pos 522356
alloc_pos 522516
alloc_pos 522756
alloc_pos 523008
alloc_pos 523084
alloc_pos 523164
alloc_pos 523428
alloc_pos 523628
alloc_pos 523844
alloc_pos 523984
alloc_pos 524032
alloc_pos -1

