reason: unexpected exit code -6
--- stdout ---
CHENEY GENERATOR!
--- stderr ---
alloc_pos 8
alloc_pos 1040
alloc_pos 2072
alloc_pos 3104
alloc_pos 3368
alloc_pos 3456
alloc_pos 3552
alloc_pos 3748
alloc_pos 4004
alloc_pos 4200
alloc_pos 4428
alloc_pos 4668
alloc_pos 4916
alloc_pos 4984
alloc_pos 5172
alloc_pos 5252
alloc_pos 5444
alloc_pos 5504
alloc_pos 5748
alloc_pos 5828
alloc_pos 6016
alloc_pos 6224
alloc_pos 6292
alloc_pos 6348
alloc_pos 6388
alloc_pos 6548
alloc_pos 6788
alloc_pos 6864
alloc_pos 7076
alloc_pos 7172
alloc_pos 7200
alloc_pos 7332
alloc_pos 7388
alloc_pos 7624
alloc_pos 7820
alloc_pos 7996
alloc_pos 8020
alloc_pos 8112
alloc_pos 8348
alloc_pos 8408
alloc_pos 8452
alloc_pos 8696
alloc_pos 8920
alloc_pos 9148
alloc_pos 9396
alloc_pos 9624
alloc_pos 9712
alloc_pos 9944
alloc_pos 10080
alloc_pos 10292
alloc_pos 10424
alloc_pos 10688
alloc_pos 10744
alloc_pos 10968
alloc_pos 11216
alloc_pos 11304
alloc_pos 11416
alloc_pos 11656
alloc_pos 11736
alloc_pos 11884
alloc_pos 12136
alloc_pos 12352
alloc_pos 12516
alloc_pos 12684
alloc_pos 12816
alloc_pos 13008
alloc_pos 13124
alloc_pos 13372
alloc_pos 13504
alloc_pos 13688
alloc_pos 13792
alloc_pos 13980
alloc_pos 14032
alloc_pos 14144
alloc_pos 14376
alloc_pos 14552
alloc_pos 14780
alloc_pos 14964
alloc_pos 15052
alloc_pos 15252
alloc_pos 15388
alloc_pos 15552
alloc_pos 15732
alloc_pos 15944
alloc_pos 16000
alloc_pos 16136
alloc_pos 16332
alloc_pos 16540
alloc_pos 16676
alloc_pos 16836
alloc_pos 16904
alloc_pos 17000
alloc_pos 17072
alloc_pos 17140
alloc_pos 17296
alloc_pos 17408
alloc_pos 17496
alloc_pos 17612
alloc_pos 17752
alloc_pos 17840
alloc_pos 18016
alloc_pos 18108
alloc_pos 18232
alloc_pos 18480
alloc_pos 18536
alloc_pos 18704
alloc_pos 18852
alloc_pos 19016
alloc_pos 19100
alloc_pos 19268
alloc_pos 19352
alloc_pos 19600
alloc_pos 19672
alloc_pos 19872
alloc_pos 19988
alloc_pos 20044
alloc_pos 20084
alloc_pos 20216
alloc_pos 20404
alloc_pos 20588
alloc_pos 20728
alloc_pos 20848
alloc_pos 20872
alloc_pos 21080
alloc_pos 21212
alloc_pos 21472
alloc_pos 21716
alloc_pos 21748
alloc_pos 21828
alloc_pos 21888
alloc_pos 22036
alloc_pos 22264
alloc_pos 22464
alloc_pos 22700
alloc_pos 22836
alloc_pos 23020
alloc_pos 23108
alloc_pos 23172
alloc_pos 23380
alloc_pos 23508
alloc_pos 23720
alloc_pos 23964
alloc_pos 24052
alloc_pos 24300
alloc_pos 24516
alloc_pos 24744
alloc_pos 24856
alloc_pos 24928
alloc_pos 25132
alloc_pos 25372
alloc_pos 25556
alloc_pos 25672
alloc_pos 25828
alloc_pos 26032
alloc_pos 26224
alloc_pos 26280
alloc_pos 26532
alloc_pos 26736
alloc_pos 26912
alloc_pos 26996
alloc_pos 27204
alloc_pos 27352
alloc_pos 27428
alloc_pos 27672
alloc_pos 27852
alloc_pos 27884
alloc_pos 28056
alloc_pos 28256
alloc_pos 28428
alloc_pos 28460
alloc_pos 28572
alloc_pos 28744
alloc_pos 28952
alloc_pos 29120
alloc_pos 29228
alloc_pos 29296
alloc_pos 29392
alloc_pos 29464
alloc_pos 29528
alloc_pos 29752
alloc_pos 29948
alloc_pos 30112
alloc_pos 30164
alloc_pos 30416
alloc_pos 30496
alloc_pos 30560
alloc_pos 30600
alloc_pos 30732
alloc_pos 30920
alloc_pos 31096
alloc_pos 31260
alloc_pos 31488
alloc_pos 31648
alloc_pos 31848
alloc_pos 31880
alloc_pos 32016
alloc_pos 32248
alloc_pos 32356
alloc_pos 32544
alloc_pos 32588
alloc_pos 32744
alloc_pos 32768
alloc_pos 32824
alloc_pos 32924
alloc_pos 32976
alloc_pos 33104
alloc_pos 33204
alloc_pos 33460
alloc_pos 33552
alloc_pos 33720
alloc_pos 33896
alloc_pos 34096
alloc_pos 34136
alloc_pos 34400
alloc_pos 34544
alloc_pos 34700
alloc_pos 34816
alloc_pos 35056
alloc_pos 35292
alloc_pos 35324
alloc_pos 35348
alloc_pos 35452
alloc_pos 35560
alloc_pos 35620
alloc_pos 35768
alloc_pos 35932
alloc_pos 36092
alloc_pos 36248
alloc_pos 36480
alloc_pos 36624
alloc_pos 36704
alloc_pos 36896
alloc_pos 36972
alloc_pos 37068
alloc_pos 37296
alloc_pos 37328
alloc_pos 37448
alloc_pos 37600
alloc_pos 37804
alloc_pos 38060
alloc_pos 38124
alloc_pos 38336
alloc_pos 38396
alloc_pos 38484
alloc_pos 38616
alloc_pos 38812
alloc_pos 39044
alloc_pos 39284
alloc_pos 39360
alloc_pos 39448
alloc_pos 39580
alloc_pos 39752
alloc_pos 39836
alloc_pos 39948
alloc_pos 40168
alloc_pos 40252
alloc_pos 40424
alloc_pos 40520
alloc_pos 40652
alloc_pos 40728
alloc_pos 40916
alloc_pos 41004
alloc_pos 41100
alloc_pos 41296
alloc_pos 41552
alloc_pos 41748
alloc_pos 41976
alloc_pos 42216
alloc_pos 42464
alloc_pos 42532
alloc_pos 42720
alloc_pos 42800
alloc_pos 42992
alloc_pos 43052
alloc_pos 43296
alloc_pos 43376
alloc_pos 43564
alloc_pos 43772
alloc_pos 43840
alloc_pos 43896
alloc_pos 43936
alloc_pos 44096
alloc_pos 44336
alloc_pos 44412
alloc_pos 44624
alloc_pos 44720
alloc_pos 44748
alloc_pos 44880
alloc_pos 44936
alloc_pos 45172
alloc_pos 45368
alloc_pos 45544
alloc_pos 45568
alloc_pos 45660
alloc_pos 45896
alloc_pos 45956
alloc_pos 46000
alloc_pos 46244
alloc_pos 46468
alloc_pos 46696
alloc_pos 46944
alloc_pos 47172
alloc_pos 47260
alloc_pos 47492
alloc_pos 47628
alloc_pos 47840
alloc_pos 47972
alloc_pos 48236
alloc_pos 48292
alloc_pos 48516
alloc_pos 48764
alloc_pos 48852
alloc_pos 48964
alloc_pos 49204
alloc_pos 49284
alloc_pos 49432
alloc_pos 49684
alloc_pos 49900
alloc_pos 50064
alloc_pos 50232
alloc_pos 50364
alloc_pos 50556
alloc_pos 50672
alloc_pos 50920
alloc_pos 51052
alloc_pos 51236
alloc_pos 51340
alloc_pos 51528
alloc_pos 51580
alloc_pos 51692
alloc_pos 51924
alloc_pos 52100
alloc_pos 52328
alloc_pos 52512
alloc_pos 52600
alloc_pos 52800
alloc_pos 52936
alloc_pos 53100
alloc_pos 53280
alloc_pos 53492
alloc_pos 53548
alloc_pos 53684
alloc_pos 53880
alloc_pos 54088
alloc_pos 54224
alloc_pos 54384
alloc_pos 54452
alloc_pos 54548
alloc_pos 54620
alloc_pos 54688
alloc_pos 54844
alloc_pos 54956
alloc_pos 55044
alloc_pos 55160
alloc_pos 55300
alloc_pos 55388
alloc_pos 55564
alloc_pos 55656
alloc_pos 55780
alloc_pos 56028
alloc_pos 56084
alloc_pos 56252
alloc_pos 56400
alloc_pos 56564
alloc_pos 56648
alloc_pos 56816
alloc_pos 56900
alloc_pos 57148
alloc_pos 57220
alloc_pos 57420
alloc_pos 57536
alloc_pos 57592
alloc_pos 57632
alloc_pos 57764
alloc_pos 57952
alloc_pos 58136
alloc_pos 58276
alloc_pos 58396
alloc_pos 58420
alloc_pos 58628
alloc_pos 58760
alloc_pos 59020
alloc_pos 59264
alloc_pos 59296
alloc_pos 59376
alloc_pos 59436
alloc_pos 59584
alloc_pos 59812
alloc_pos 60012
alloc_pos 60248
alloc_pos 60384
alloc_pos 60568
alloc_pos 60656
alloc_pos 60720
alloc_pos 60928
alloc_pos 61056
alloc_pos 61268
alloc_pos 61512
alloc_pos 61600
alloc_pos 61848
alloc_pos 62064
alloc_pos 62292
alloc_pos 62404
alloc_pos 62476
alloc_pos 62680
alloc_pos 62920
alloc_pos 63104
alloc_pos 63220
alloc_pos 63376
alloc_pos 63580
alloc_pos 63772
alloc_pos 63828
alloc_pos 64080
alloc_pos 64284
alloc_pos 64460
alloc_pos 64544
alloc_pos 64752
alloc_pos 64900
alloc_pos 64976
alloc_pos 65220
alloc_pos 65400
alloc_pos 65432
alloc_pos 65604
alloc_pos 65804
alloc_pos 65976
alloc_pos 66008
alloc_pos 66120
alloc_pos 66292
alloc_pos 66500
alloc_pos 66668
alloc_pos 66776
alloc_pos 66844
alloc_pos 66940
alloc_pos 67012
alloc_pos 67076
alloc_pos 67300
alloc_pos 67496
alloc_pos 67660
alloc_pos 67712
alloc_pos 67964
alloc_pos 68044
alloc_pos 68108
alloc_pos 68148
alloc_pos 68280
alloc_pos 68468
alloc_pos 68644
alloc_pos 68808
alloc_pos 69036
alloc_pos 69196
alloc_pos 69396
alloc_pos 69428
alloc_pos 69564
alloc_pos 69796
alloc_pos 69904
alloc_pos 70092
alloc_pos 70136
alloc_pos 70292
alloc_pos 70316
alloc_pos 70372
alloc_pos 70472
alloc_pos 70524
alloc_pos 70652
alloc_pos 70752
alloc_pos 71008
alloc_pos 71100
alloc_pos 71268
alloc_pos 71444
alloc_pos 71644
alloc_pos 71684
alloc_pos 71948
alloc_pos 72092
alloc_pos 72248
alloc_pos 72364
alloc_pos 72604
alloc_pos 72840
alloc_pos 72872
alloc_pos 72896
alloc_pos 73000
alloc_pos 73108
alloc_pos 73168
alloc_pos 73316
alloc_pos 73480
alloc_pos 73640
alloc_pos 73796
alloc_pos 74028
alloc_pos 74172
alloc_pos 74252
alloc_pos 74444
alloc_pos 74520
alloc_pos 74616
alloc_pos 74844
alloc_pos 74876
alloc_pos 74996
alloc_pos 75148
alloc_pos 75352
alloc_pos 75608
alloc_pos 75672
alloc_pos 75884
alloc_pos 75944
alloc_pos 76032
alloc_pos 76164
alloc_pos 76360
alloc_pos 76592
alloc_pos 76832
alloc_pos 76908
alloc_pos 76996
alloc_pos 77128
alloc_pos 77300
alloc_pos 77384
alloc_pos 77496
alloc_pos 77716
alloc_pos 77800
alloc_pos 77972
alloc_pos 78068
alloc_pos 78200
alloc_pos 78276
alloc_pos 78464
alloc_pos 78552
alloc_pos 78648
alloc_pos 78844
alloc_pos 79100
alloc_pos 79296
alloc_pos 79524
alloc_pos 79764
alloc_pos 80012
alloc_pos 80080
alloc_pos 80268
alloc_pos 80348
alloc_pos 80540
alloc_pos 80600
alloc_pos 80844
alloc_pos 80924
alloc_pos 81112
alloc_pos 81320
alloc_pos 81388
alloc_pos 81444
alloc_pos 81484
alloc_pos 81644
alloc_pos 81884
alloc_pos 81960
alloc_pos 82172
alloc_pos 82268
alloc_pos 82296
alloc_pos 82428
alloc_pos 82484
alloc_pos 82720
alloc_pos 82916
alloc_pos 83092
alloc_pos 83116
alloc_pos 83208
alloc_pos 83444
alloc_pos 83504
alloc_pos 83548
alloc_pos 83792
alloc_pos 84016
alloc_pos 84244
alloc_pos 84492
alloc_pos 84720
alloc_pos 84808
alloc_pos 85040
alloc_pos 85176
alloc_pos 85388
alloc_pos 85520
alloc_pos 85784
alloc_pos 85840
alloc_pos 86064
alloc_pos 86312
alloc_pos 86400
alloc_pos 86512
alloc_pos 86752
alloc_pos 86832
alloc_pos 86980
alloc_pos 87232
alloc_pos 87448
alloc_pos 87612
alloc_pos 87780
alloc_pos 87912
alloc_pos 88104
alloc_pos 88220
alloc_pos 88468
alloc_pos 88600
alloc_pos 88784
alloc_pos 88888
alloc_pos 89076
alloc_pos 89128
alloc_pos 89240
alloc_pos 89472
alloc_pos 89648
alloc_pos 89876
alloc_pos 90060
alloc_pos 90148
alloc_pos 90348
alloc_pos 90484
alloc_pos 90648
alloc_pos 90828
alloc_pos 91040
alloc_pos 91096
alloc_pos 91232
alloc_pos 91428
alloc_pos 91636
alloc_pos 91772
alloc_pos 91932
alloc_pos 92000
alloc_pos 92096
alloc_pos 92168
alloc_pos 92236
alloc_pos 92392
alloc_pos 92504
alloc_pos 92592
alloc_pos 92708
alloc_pos 92848
alloc_pos 92936
alloc_pos 93112
alloc_pos 93204
alloc_pos 93328
alloc_pos 93576
alloc_pos 93632
alloc_pos 93800
alloc_pos 93948
alloc_pos 94112
alloc_pos 94196
alloc_pos 94364
alloc_pos 94448
alloc_pos 94696
alloc_pos 94768
alloc_pos 94968
alloc_pos 95084
alloc_pos 95140
alloc_pos 95180
alloc_pos 95312
alloc_pos 95500
alloc_pos 95684
alloc_pos 95824
alloc_pos 95944
alloc_pos 95968
alloc_pos 96176
alloc_pos 96308
alloc_pos 96568
alloc_pos 96812
alloc_pos 96844
alloc_pos 96924
alloc_pos 96984
alloc_pos 97132
alloc_pos 97360
alloc_pos 97560
alloc_pos 97796
alloc_pos 97932
alloc_pos 98116
alloc_pos 98204
alloc_pos 98268
alloc_pos 98476
alloc_pos 98604
alloc_pos 98816
alloc_pos 99060
alloc_pos 99148
alloc_pos 99396
alloc_pos 99612
alloc_pos 99840
alloc_pos 99952
alloc_pos 100024
alloc_pos 100228
alloc_pos 100468
alloc_pos 100652
alloc_pos 100768
alloc_pos 100924
alloc_pos 101128
alloc_pos 101320
alloc_pos 101376
alloc_pos 101628
alloc_pos 101832
alloc_pos 102008
alloc_pos 102092
alloc_pos 102300
alloc_pos 102448
alloc_pos 102524
alloc_pos 102768
alloc_pos 102948
alloc_pos 102980
alloc_pos 103152
alloc_pos 103352
alloc_pos 103524
alloc_pos 103556
alloc_pos 103668
alloc_pos 103840
alloc_pos 104048
alloc_pos 104216
alloc_pos 104324
alloc_pos 104392
alloc_pos 104488
alloc_pos 104560
alloc_pos 104624
alloc_pos 104848
alloc_pos 105044
alloc_pos 105208
alloc_pos 105260
alloc_pos 105512
alloc_pos 105592
alloc_pos 105656
alloc_pos 105696
alloc_pos 105828
alloc_pos 106016
alloc_pos 106192
alloc_pos 106356
alloc_pos 106584
alloc_pos 106744
alloc_pos 106944
alloc_pos 106976
alloc_pos 107112
alloc_pos 107344
alloc_pos 107452
alloc_pos 107640
alloc_pos 107684
alloc_pos 107840
alloc_pos 107864
alloc_pos 107920
alloc_pos 108020
alloc_pos 108072
alloc_pos 108200
alloc_pos 108300
alloc_pos 108556
alloc_pos 108648
alloc_pos 108816
alloc_pos 108992
alloc_pos 109192
alloc_pos 109232
alloc_pos 109496
alloc_pos 109640
alloc_pos 109796
alloc_pos 109912
alloc_pos 110152
alloc_pos 110388
alloc_pos 110420
alloc_pos 110444
alloc_pos 110548
alloc_pos 110656
alloc_pos 110716
alloc_pos 110864
alloc_pos 111028
alloc_pos 111188
alloc_pos 111344
alloc_pos 111576
alloc_pos 111720
alloc_pos 111800
alloc_pos 111992
alloc_pos 112068
alloc_pos 112164
alloc_pos 112392
alloc_pos 112424
alloc_pos 112544
alloc_pos 112696
alloc_pos 112900
alloc_pos 113156
alloc_pos 113220
alloc_pos 113432
alloc_pos 113492
alloc_pos 113580
alloc_pos 113712
alloc_pos 113908
alloc_pos 114140
alloc_pos 114380
alloc_pos 114456
alloc_pos 114544
alloc_pos 114676
alloc_pos 114848
alloc_pos 114932
alloc_pos 115044
alloc_pos 115264
alloc_pos 115348
alloc_pos 115520
alloc_pos 115616
alloc_pos 115748
alloc_pos 115824
alloc_pos 116012
alloc_pos 116100
alloc_pos 116196
alloc_pos 116392
alloc_pos 116648
alloc_pos 116844
alloc_pos 117072
alloc_pos 117312
alloc_pos 117560
alloc_pos 117628
alloc_pos 117816
alloc_pos 117896
alloc_pos 118088
alloc_pos 118148
alloc_pos 118392
alloc_pos 118472
alloc_pos 118660
alloc_pos 118868
alloc_pos 118936
alloc_pos 118992
alloc_pos 119032
alloc_pos 119192
alloc_pos 119432
alloc_pos 119508
alloc_pos 119720
alloc_pos 119816
alloc_pos 119844
alloc_pos 119976
alloc_pos 120032
alloc_pos 120268
alloc_pos 120464
alloc_pos 120640
alloc_pos 120664
alloc_pos 120756
alloc_pos 120992
alloc_pos 121052
alloc_pos 121096
alloc_pos 121340
alloc_pos 121564
alloc_pos 121792
alloc_pos 122040
alloc_pos 122268
alloc_pos 122356
alloc_pos 122588
alloc_pos 122724
alloc_pos 122936
alloc_pos 123068
alloc_pos 123332
alloc_pos 123388
alloc_pos 123612
alloc_pos 123860
alloc_pos 123948
alloc_pos 124060
alloc_pos 124300
alloc_pos 124380
alloc_pos 124528
alloc_pos 124780
alloc_pos 124996
alloc_pos 125160
alloc_pos 125328
alloc_pos 125460
alloc_pos 125652
alloc_pos 125768
alloc_pos 126016
alloc_pos 126148
alloc_pos 126332
alloc_pos 126436
alloc_pos 126624
alloc_pos 126676
alloc_pos 126788
alloc_pos 127020
alloc_pos 127196
alloc_pos 127424
alloc_pos 127608
alloc_pos 127696
alloc_pos 127896
alloc_pos 128032
alloc_pos 128196
alloc_pos 128376
alloc_pos 128588
alloc_pos 128644
alloc_pos 128780
alloc_pos 128976
alloc_pos 129184
alloc_pos 129320
alloc_pos 129480
alloc_pos 129548
alloc_pos 129644
alloc_pos 129716
alloc_pos 129784
alloc_pos 129940
alloc_pos 130052
alloc_pos 130140
alloc_pos 130256
alloc_pos 130396
alloc_pos 130484
alloc_pos 130660
alloc_pos 130752
alloc_pos 130876
alloc_pos 131124
alloc_pos 131180
alloc_pos 131348
alloc_pos 131496
alloc_pos 131660
alloc_pos 131744
alloc_pos 131912
alloc_pos 131996
alloc_pos 132244
alloc_pos 132316
alloc_pos 132516
alloc_pos 132632
alloc_pos 132688
alloc_pos 132728
alloc_pos 132860
alloc_pos 133048
alloc_pos 133232
alloc_pos 133372
alloc_pos 133492
alloc_pos 133516
alloc_pos 133724
alloc_pos 133856
alloc_pos 134116
alloc_pos 134360
alloc_pos 134392
alloc_pos 134472
alloc_pos 134532
alloc_pos 134680
alloc_pos 134908
alloc_pos 135108
alloc_pos 135344
alloc_pos 135480
alloc_pos 135664
alloc_pos 135752
alloc_pos 135816
alloc_pos 136024
alloc_pos 136152
alloc_pos 136364
alloc_pos 136608
alloc_pos 136696
alloc_pos 136944
alloc_pos 137160
alloc_pos 137388
alloc_pos 137500
alloc_pos 137572
alloc_pos 137776
alloc_pos 138016
alloc_pos 138200
alloc_pos 138316
alloc_pos 138472
alloc_pos 138676
alloc_pos 138868
alloc_pos 138924
alloc_pos 139176
alloc_pos 139380
alloc_pos 139556
alloc_pos 139640
alloc_pos 139848
alloc_pos 139996
alloc_pos 140072
alloc_pos 140316
alloc_pos 140496
alloc_pos 140528
alloc_pos 140700
alloc_pos 140900
alloc_pos 141072
alloc_pos 141104
alloc_pos 141216
alloc_pos 141388
alloc_pos 141596
alloc_pos 141764
alloc_pos 141872
alloc_pos 141940
alloc_pos 142036
alloc_pos 142108
alloc_pos 142172
alloc_pos 142396
alloc_pos 142592
alloc_pos 142756
alloc_pos 142808
alloc_pos 143060
alloc_pos 143140
alloc_pos 143204
alloc_pos 143244
alloc_pos 143376
alloc_pos 143564
alloc_pos 143740
alloc_pos 143904
alloc_pos 144132
alloc_pos 144292
alloc_pos 144492
alloc_pos 144524
alloc_pos 144660
alloc_pos 144892
alloc_pos 145000
alloc_pos 145188
alloc_pos 145232
alloc_pos 145388
alloc_pos 145412
alloc_pos 145468
alloc_pos 145568
alloc_pos 145620
alloc_pos 145748
alloc_pos 145848
alloc_pos 146104
alloc_pos 146196
alloc_pos 146364
alloc_pos 146540
alloc_pos 146740
alloc_pos 146780
alloc_pos 147044
alloc_pos 147188
alloc_pos 147344
alloc_pos 147460
alloc_pos 147700
alloc_pos 147936
alloc_pos 147968
alloc_pos 147992
alloc_pos 148096
alloc_pos 148204
alloc_pos 148264
alloc_pos 148412
alloc_pos 148576
alloc_pos 148736
alloc_pos 148892
alloc_pos 149124
alloc_pos 149268
alloc_pos 149348
alloc_pos 149540
alloc_pos 149616
alloc_pos 149712
alloc_pos 149940
alloc_pos 149972
alloc_pos 150092
alloc_pos 150244
alloc_pos 150448
alloc_pos 150704
alloc_pos 150768
alloc_pos 150980
alloc_pos 151040
alloc_pos 151128
alloc_pos 151260
alloc_pos 151456
alloc_pos 151688
alloc_pos 151928
alloc_pos 152004
alloc_pos 152092
alloc_pos 152224
alloc_pos 152396
alloc_pos 152480
alloc_pos 152592
alloc_pos 152812
alloc_pos 152896
alloc_pos 153068
alloc_pos 153164
alloc_pos 153296
alloc_pos 153372
alloc_pos 153560
alloc_pos 153648
alloc_pos 153744
alloc_pos 153940
alloc_pos 154196
alloc_pos 154392
alloc_pos 154620
alloc_pos 154860
alloc_pos 155108
alloc_pos 155176
alloc_pos 155364
alloc_pos 155444
alloc_pos 155636
alloc_pos 155696
alloc_pos 155940
alloc_pos 156020
alloc_pos 156208
alloc_pos 156416
alloc_pos 156484
alloc_pos 156540
alloc_pos 156580
alloc_pos 156740
alloc_pos 156980
alloc_pos 157056
alloc_pos 157268
alloc_pos 157364
alloc_pos 157392
alloc_pos 157524
alloc_pos 157580
alloc_pos 157816
alloc_pos 158012
alloc_pos 158188
alloc_pos 158212
alloc_pos 158304
alloc_pos 158540
alloc_pos 158600
alloc_pos 158644
alloc_pos 158888
alloc_pos 159112
alloc_pos 159340
alloc_pos 159588
alloc_pos 159816
alloc_pos 159904
alloc_pos 160136
alloc_pos 160272
alloc_pos 160484
alloc_pos 160616
alloc_pos 160880
alloc_pos 160936
alloc_pos 161160
alloc_pos 161408
alloc_pos 161496
alloc_pos 161608
alloc_pos 161848
alloc_pos 161928
alloc_pos 162076
alloc_pos 162328
alloc_pos 162544
alloc_pos 162708
alloc_pos 162876
alloc_pos 163008
alloc_pos 163200
alloc_pos 163316
alloc_pos 163564
alloc_pos 163696
alloc_pos 163880
alloc_pos 163984
alloc_pos 164172
alloc_pos 164224
alloc_pos 164336
alloc_pos 164568
alloc_pos 164744
alloc_pos 164972
alloc_pos 165156
alloc_pos 165244
alloc_pos 165444
alloc_pos 165580
alloc_pos 165744
alloc_pos 165924
alloc_pos 166136
alloc_pos 166192
alloc_pos 166328
alloc_pos 166524
alloc_pos 166732
alloc_pos 166868
alloc_pos 167028
alloc_pos 167096
alloc_pos 167192
alloc_pos 167264
alloc_pos 167332
alloc_pos 167488
alloc_pos 167600
alloc_pos 167688
alloc_pos 167804
alloc_pos 167944
alloc_pos 168032
alloc_pos 168208
alloc_pos 168300
alloc_pos 168424
alloc_pos 168672
alloc_pos 168728
alloc_pos 168896
alloc_pos 169044
alloc_pos 169208
alloc_pos 169292
alloc_pos 169460
alloc_pos 169544
alloc_pos 169792
alloc_pos 169864
alloc_pos 170064
alloc_pos 170180
alloc_pos 170236
alloc_pos 170276
alloc_pos 170408
alloc_pos 170596
alloc_pos 170780
alloc_pos 170920
alloc_pos 171040
alloc_pos 171064
alloc_pos 171272
alloc_pos 171404
alloc_pos 171664
alloc_pos 171908
alloc_pos 171940
alloc_pos 172020
alloc_pos 172080
alloc_pos 172228
alloc_pos 172456
alloc_pos 172656
alloc_pos 172892
alloc_pos 173028
alloc_pos 173212
alloc_pos 173300
alloc_pos 173364
alloc_pos 173572
alloc_pos 173700
alloc_pos 173912
alloc_pos 174156
alloc_pos 174244
alloc_pos 174492
alloc_pos 174708
alloc_pos 174936
alloc_pos 175048
alloc_pos 175120
alloc_pos 175324
alloc_pos 175564
alloc_pos 175748
alloc_pos 175864
alloc_pos 176020
alloc_pos 176224
alloc_pos 176416
alloc_pos 176472
alloc_pos 176724
alloc_pos 176928
alloc_pos 177104
alloc_pos 177188
alloc_pos 177396
alloc_pos 177544
alloc_pos 177620
alloc_pos 177864
alloc_pos 178044
alloc_pos 178076
alloc_pos 178248
alloc_pos 178448
alloc_pos 178620
alloc_pos 178652
alloc_pos 178764
alloc_pos 178936
alloc_pos 179144
alloc_pos 179312
alloc_pos 179420
alloc_pos 179488
alloc_pos 179584
alloc_pos 179656
alloc_pos 179720
alloc_pos 179944
alloc_pos 180140
alloc_pos 180304
alloc_pos 180356
alloc_pos 180608
alloc_pos 180688
alloc_pos 180752
alloc_pos 180792
alloc_pos 180924
alloc_pos 181112
alloc_pos 181288
alloc_pos 181452
alloc_pos 181680
alloc_pos 181840
alloc_pos 182040
alloc_pos 182072
alloc_pos 182208
alloc_pos 182440
alloc_pos 182548
alloc_pos 182736
alloc_pos 182780
alloc_pos 182936
alloc_pos 182960
alloc_pos 183016
alloc_pos 183116
alloc_pos 183168
alloc_pos 183296
alloc_pos 183396
alloc_pos 183652
alloc_pos 183744
alloc_pos 183912
alloc_pos 184088
alloc_pos 184288
alloc_pos 184328
alloc_pos 184592
alloc_pos 184736
alloc_pos 184892
alloc_pos 185008
alloc_pos 185248
alloc_pos 185484
alloc_pos 185516
alloc_pos 185540
alloc_pos 185644
alloc_pos 185752
alloc_pos 185812
alloc_pos 185960
alloc_pos 186124
alloc_pos 186284
alloc_pos 186440
alloc_pos 186672
alloc_pos 186816
alloc_pos 186896
alloc_pos 187088
alloc_pos 187164
alloc_pos 187260
alloc_pos 187488
alloc_pos 187520
alloc_pos 187640
alloc_pos 187792
alloc_pos 187996
alloc_pos 188252
alloc_pos 188316
alloc_pos 188528
alloc_pos 188588
alloc_pos 188676
alloc_pos 188808
alloc_pos 189004
alloc_pos 189236
alloc_pos 189476
alloc_pos 189552
alloc_pos 189640
alloc_pos 189772
alloc_pos 189944
alloc_pos 190028
alloc_pos 190140
alloc_pos 190360
alloc_pos 190444
alloc_pos 190616
alloc_pos 190712
alloc_pos 190844
alloc_pos 190920
alloc_pos 191108
alloc_pos 191196
alloc_pos 191292
alloc_pos 191488
alloc_pos 191744
alloc_pos 191940
alloc_pos 192168
alloc_pos 192408
alloc_pos 192656
alloc_pos 192724
alloc_pos 192912
alloc_pos 192992
alloc_pos 193184
alloc_pos 193244
alloc_pos 193488
alloc_pos 193568
alloc_pos 193756
alloc_pos 193964
alloc_pos 194032
alloc_pos 194088
alloc_pos 194128
alloc_pos 194288
alloc_pos 194528
alloc_pos 194604
alloc_pos 194816
alloc_pos 194912
alloc_pos 194940
alloc_pos 195072
alloc_pos 195128
alloc_pos 195364
alloc_pos 195560
alloc_pos 195736
alloc_pos 195760
alloc_pos 195852
alloc_pos 196088
alloc_pos 196148
alloc_pos 196192
alloc_pos 196436
alloc_pos 196660
alloc_pos 196888
alloc_pos 197136
alloc_pos 197364
alloc_pos 197452
alloc_pos 197684
alloc_pos 197820
alloc_pos 198032
alloc_pos 198164
alloc_pos 198428
alloc_pos 198484
alloc_pos 198708
alloc_pos 198956
alloc_pos 199044
alloc_pos 199156
alloc_pos 199396
alloc_pos 199476
alloc_pos 199624
alloc_pos 199876
alloc_pos 200092
alloc_pos 200256
alloc_pos 200424
alloc_pos 200556
alloc_pos 200748
alloc_pos 200864
alloc_pos 201112
alloc_pos 201244
alloc_pos 201428
alloc_pos 201532
alloc_pos 201720
alloc_pos 201772
alloc_pos 201884
alloc_pos 202116
alloc_pos 202292
alloc_pos 202520
alloc_pos 202704
alloc_pos 202792
alloc_pos 202992
alloc_pos 203128
alloc_pos 203292
alloc_pos 203472
alloc_pos 203684
alloc_pos 203740
alloc_pos 203876
alloc_pos 204072
alloc_pos 204280
alloc_pos 204416
alloc_pos 204576
alloc_pos 204644
alloc_pos 204740
alloc_pos 204812
alloc_pos 204880
alloc_pos 205036
alloc_pos 205148
alloc_pos 205236
alloc_pos 205352
alloc_pos 205492
alloc_pos 205580
alloc_pos 205756
alloc_pos 205848
alloc_pos 205972
alloc_pos 206220
alloc_pos 206276
alloc_pos 206444
alloc_pos 206592
alloc_pos 206756
alloc_pos 206840
alloc_pos 207008
alloc_pos 207092
alloc_pos 207340
alloc_pos 207412
alloc_pos 207612
alloc_pos 207728
alloc_pos 207784
alloc_pos 207824
alloc_pos 207956
alloc_pos 208144
alloc_pos 208328
alloc_pos 208468
alloc_pos 208588
alloc_pos 208612
alloc_pos 208820
alloc_pos 208952
alloc_pos 209212
alloc_pos 209456
alloc_pos 209488
alloc_pos 209568
alloc_pos 209628
alloc_pos 209776
alloc_pos 210004
alloc_pos 210204
alloc_pos 210440
alloc_pos 210576
alloc_pos 210760
alloc_pos 210848
alloc_pos 210912
alloc_pos 211120
alloc_pos 211248
alloc_pos 211460
alloc_pos 211704
alloc_pos 211792
alloc_pos 212040
alloc_pos 212256
alloc_pos 212484
alloc_pos 212596
alloc_pos 212668
alloc_pos 212872
alloc_pos 213112
alloc_pos 213296
alloc_pos 213412
alloc_pos 213568
alloc_pos 213772
alloc_pos 213964
alloc_pos 214020
alloc_pos 214272
alloc_pos 214476
alloc_pos 214652
alloc_pos 214736
alloc_pos 214944
alloc_pos 215092
alloc_pos 215168
alloc_pos 215412
alloc_pos 215592
alloc_pos 215624
alloc_pos 215796
alloc_pos 215996
alloc_pos 216168
alloc_pos 216200
alloc_pos 216312
alloc_pos 216484
alloc_pos 216692
alloc_pos 216860
alloc_pos 216968
alloc_pos 217036
alloc_pos 217132
alloc_pos 217204
alloc_pos 217268
alloc_pos 217492
alloc_pos 217688
alloc_pos 217852
alloc_pos 217904
alloc_pos 218156
alloc_pos 218236
alloc_pos 218300
alloc_pos 218340
alloc_pos 218472
alloc_pos 218660
alloc_pos 218836
alloc_pos 219000
alloc_pos 219228
alloc_pos 219388
alloc_pos 219588
alloc_pos 219620
alloc_pos 219756
alloc_pos 219988
alloc_pos 220096
alloc_pos 220284
alloc_pos 220328
alloc_pos 220484
alloc_pos 220508
alloc_pos 220564
alloc_pos 220664
alloc_pos 220716
alloc_pos 220844
alloc_pos 220944
alloc_pos 221200
alloc_pos 221292
alloc_pos 221460
alloc_pos 221636
alloc_pos 221836
alloc_pos 221876
alloc_pos 222140
alloc_pos 222284
alloc_pos 222440
alloc_pos 222556
alloc_pos 222796
alloc_pos 223032
alloc_pos 223064
alloc_pos 223088
alloc_pos 223192
alloc_pos 223300
alloc_pos 223360
alloc_pos 223508
alloc_pos 223672
alloc_pos 223832
alloc_pos 223988
alloc_pos 224220
alloc_pos 224364
alloc_pos 224444
alloc_pos 224636
alloc_pos 224712
alloc_pos 224808
alloc_pos 225036
alloc_pos 225068
alloc_pos 225188
alloc_pos 225340
alloc_pos 225544
alloc_pos 225800
alloc_pos 225864
alloc_pos 226076
alloc_pos 226136
alloc_pos 226224
alloc_pos 226356
alloc_pos 226552
alloc_pos 226784
alloc_pos 227024
alloc_pos 227100
alloc_pos 227188
alloc_pos 227320
alloc_pos 227492
alloc_pos 227576
alloc_pos 227688
alloc_pos 227908
alloc_pos 227992
alloc_pos 228164
alloc_pos 228260
alloc_pos 228392
alloc_pos 228468
alloc_pos 228656
alloc_pos 228744
alloc_pos 228840
alloc_pos 229036
alloc_pos 229292
alloc_pos 229488
alloc_pos 229716
alloc_pos 229956
alloc_pos 230204
alloc_pos 230272
alloc_pos 230460
alloc_pos 230540
alloc_pos 230732
alloc_pos 230792
alloc_pos 231036
alloc_pos 231116
alloc_pos 231304
alloc_pos 231512
alloc_pos 231580
alloc_pos 231636
alloc_pos 231676
alloc_pos 231836
alloc_pos 232076
alloc_pos 232152
alloc_pos 232364
alloc_pos 232460
alloc_pos 232488
alloc_pos 232620
alloc_pos 232676
alloc_pos 232912
alloc_pos 233108
alloc_pos 233284
alloc_pos 233308
alloc_pos 233400
alloc_pos 233636
alloc_pos 233696
alloc_pos 233740
alloc_pos 233984
alloc_pos 234208
alloc_pos 234436
alloc_pos 234684
alloc_pos 234912
alloc_pos 235000
alloc_pos 235232
alloc_pos 235368
alloc_pos 235580
alloc_pos 235712
alloc_pos 235976
alloc_pos 236032
alloc_pos 236256
alloc_pos 236504
alloc_pos 236592
alloc_pos 236704
alloc_pos 236944
alloc_pos 237024
alloc_pos 237172
alloc_pos 237424
alloc_pos 237640
alloc_pos 237804
alloc_pos 237972
alloc_pos 238104
alloc_pos 238296
alloc_pos 238412
alloc_pos 238660
alloc_pos 238792
alloc_pos 238976
alloc_pos 239080
alloc_pos 239268
alloc_pos 239320
alloc_pos 239432
alloc_pos 239664
alloc_pos 239840
alloc_pos 240068
alloc_pos 240252
alloc_pos 240340
alloc_pos 240540
alloc_pos 240676
alloc_pos 240840
alloc_pos 241020
alloc_pos 241232
alloc_pos 241288
alloc_pos 241424
alloc_pos 241620
alloc_pos 241828
alloc_pos 241964
alloc_pos 242124
alloc_pos 242192
alloc_pos 242288
alloc_pos 242360
alloc_pos 242428
alloc_pos 242584
alloc_pos 242696
alloc_pos 242784
alloc_pos 242900
alloc_pos 243040
alloc_pos 243128
alloc_pos 243304
alloc_pos 243396
alloc_pos 243520
alloc_pos 243768
alloc_pos 243824
alloc_pos 243992
alloc_pos 244140
alloc_pos 244304
alloc_pos 244388
alloc_pos 244556
alloc_pos 244640
alloc_pos 244888
alloc_pos 244960
alloc_pos 245160
alloc_pos 245276
alloc_pos 245332
alloc_pos 245372
alloc_pos 245504
alloc_pos 245692
alloc_pos 245876
alloc_pos 246016
alloc_pos 246136
alloc_pos 246160
alloc_pos 246368
alloc_pos 246500
alloc_pos 246760
alloc_pos 247004
alloc_pos 247036
alloc_pos 247116
alloc_pos 247176
alloc_pos 247324
alloc_pos 247552
alloc_pos 247752
alloc_pos 247988
alloc_pos 248124
alloc_pos 248308
alloc_pos 248396
alloc_pos 248460
alloc_pos 248668
alloc_pos 248796
alloc_pos 249008
alloc_pos 249252
alloc_pos 249340
alloc_pos 249588
alloc_pos 249804
alloc_pos 250032
alloc_pos 250144
alloc_pos 250216
alloc_pos 250420
alloc_pos 250660
alloc_pos 250844
alloc_pos 250960
alloc_pos 251116
alloc_pos 251320
alloc_pos 251512
alloc_pos 251568
alloc_pos 251820
alloc_pos 252024
alloc_pos 252200
alloc_pos 252284
alloc_pos 252492
alloc_pos 252640
alloc_pos 252716
alloc_pos 252960
alloc_pos 253140
alloc_pos 253172
alloc_pos 253344
alloc_pos 253544
alloc_pos 253716
alloc_pos 253748
alloc_pos 253860
alloc_pos 254032
alloc_pos 254240
alloc_pos 254408
alloc_pos 254516
alloc_pos 254584
alloc_pos 254680
alloc_pos 254752
alloc_pos 254816
alloc_pos 255040
alloc_pos 255236
alloc_pos 255400
alloc_pos 255452
alloc_pos 255704
alloc_pos 255784
alloc_pos 255848
alloc_pos 255888
alloc_pos 256020
alloc_pos 256208
alloc_pos 256384
alloc_pos 256548
alloc_pos 256776
alloc_pos 256936
alloc_pos 257136
alloc_pos 257168
alloc_pos 257304
alloc_pos 257536
alloc_pos 257644
alloc_pos 257832
alloc_pos 257876
alloc_pos 258032
alloc_pos 258056
alloc_pos 258112
alloc_pos 258212
alloc_pos 258264
alloc_pos 258392
alloc_pos 258492
alloc_pos 258748
alloc_pos 258840
alloc_pos 259008
alloc_pos 259184
alloc_pos 259384
alloc_pos 259424
alloc_pos 259688
alloc_pos 259832
alloc_pos 259988
alloc_pos 260104
alloc_pos 260344
alloc_pos 260580
alloc_pos 260612
alloc_pos 260636
alloc_pos 260740
alloc_pos 260848
alloc_pos 260908
alloc_pos 261056
alloc_pos 261220
alloc_pos 261380
alloc_pos 261536
alloc_pos 261768
alloc_pos 261912
alloc_pos 261992
alloc_pos 262184
alloc_pos 262260
alloc_pos 262356
alloc_pos 262584
alloc_pos 262616
alloc_pos 262736
alloc_pos 262888
alloc_pos 263092
alloc_pos 263348
alloc_pos 263412
alloc_pos 263624
alloc_pos 263684
alloc_pos 263772
alloc_pos 263904
alloc_pos 264100
alloc_pos 264332
alloc_pos 264572
alloc_pos 264648
alloc_pos 264736
alloc_pos 264868
alloc_pos 265040
alloc_pos 265124
alloc_pos 265236
alloc_pos 265456
alloc_pos 265540
alloc_pos 265712
alloc_pos 265808
alloc_pos 265940
alloc_pos 266016
alloc_pos 266204
alloc_pos 266292
alloc_pos 266388
alloc_pos 266584
alloc_pos 266840
alloc_pos 267036
alloc_pos 267264
alloc_pos 267504
alloc_pos 267752
alloc_pos 267820
alloc_pos 268008
alloc_pos 268088
alloc_pos 268280
alloc_pos 268340
alloc_pos 268584
alloc_pos 268664
alloc_pos 268852
alloc_pos 269060
alloc_pos 269128
alloc_pos 269184
alloc_pos 269224
alloc_pos 269384
alloc_pos 269624
alloc_pos 269700
alloc_pos 269912
alloc_pos 270008
alloc_pos 270036
alloc_pos 270168
alloc_pos 270224
alloc_pos 270460
alloc_pos 270656
alloc_pos 270832
alloc_pos 270856
alloc_pos 270948
alloc_pos 271184
alloc_pos 271244
alloc_pos 271288
alloc_pos 271532
alloc_pos 271756
alloc_pos 271984
alloc_pos 272232
alloc_pos 272460
alloc_pos 272548
alloc_pos 272780
alloc_pos 272916
alloc_pos 273128
alloc_pos 273260
alloc_pos 273524
alloc_pos 273580
alloc_pos 273804
alloc_pos 274052
alloc_pos 274140
alloc_pos 274252
alloc_pos 274492
alloc_pos 274572
alloc_pos 274720
alloc_pos 274972
alloc_pos 275188
alloc_pos 275352
alloc_pos 275520
alloc_pos 275652
alloc_pos 275844
alloc_pos 275960
alloc_pos 276208
alloc_pos 276340
alloc_pos 276524
alloc_pos 276628
alloc_pos 276816
alloc_pos 276868
alloc_pos 276980
alloc_pos 277212
alloc_pos 277388
alloc_pos 277616
alloc_pos 277800
alloc_pos 277888
alloc_pos 278088
alloc_pos 278224
alloc_pos 278388
alloc_pos 278568
alloc_pos 278780
alloc_pos 278836
alloc_pos 278972
alloc_pos 279168
alloc_pos 279376
alloc_pos 279512
alloc_pos 279672
alloc_pos 279740
alloc_pos 279836
alloc_pos 279908
alloc_pos 279976
alloc_pos 280132
alloc_pos 280244
alloc_pos 280332
alloc_pos 280448
alloc_pos 280588
alloc_pos 280676
alloc_pos 280852
alloc_pos 280944
alloc_pos 281068
alloc_pos 281316
alloc_pos 281372
alloc_pos 281540
alloc_pos 281688
alloc_pos 281852
alloc_pos 281936
alloc_pos 282104
alloc_pos 282188
alloc_pos 282436
alloc_pos 282508
alloc_pos 282708
alloc_pos 282824
alloc_pos 282880
alloc_pos 282920
alloc_pos 283052
alloc_pos 283240
alloc_pos 283424
alloc_pos 283564
alloc_pos 283684
alloc_pos 283708
alloc_pos 283916
alloc_pos 284048
alloc_pos 284308
alloc_pos 284552
alloc_pos 284584
alloc_pos 284664
alloc_pos 284724
alloc_pos 284872
alloc_pos 285100
alloc_pos 285300
alloc_pos 285536
alloc_pos 285672
alloc_pos 285856
alloc_pos 285944
alloc_pos 286008
alloc_pos 286216
alloc_pos 286344
alloc_pos 286556
alloc_pos 286800
alloc_pos 286888
alloc_pos 287136
alloc_pos 287352
alloc_pos 287580
alloc_pos 287692
alloc_pos 287764
alloc_pos 287968
alloc_pos 288208
alloc_pos 288392
alloc_pos 288508
alloc_pos 288664
alloc_pos 288868
alloc_pos 289060
alloc_pos 289116
alloc_pos 289368
alloc_pos 289572
alloc_pos 289748
alloc_pos 289832
alloc_pos 290040
alloc_pos 290188
alloc_pos 290264
alloc_pos 290508
alloc_pos 290688
alloc_pos 290720
alloc_pos 290892
alloc_pos 291092
alloc_pos 291264
alloc_pos 291296
alloc_pos 291408
alloc_pos 291580
alloc_pos 291788
alloc_pos 291956
alloc_pos 292064
alloc_pos 292132
alloc_pos 292228
alloc_pos 292300
alloc_pos 292364
alloc_pos 292588
alloc_pos 292784
alloc_pos 292948
alloc_pos 293000
alloc_pos 293252
alloc_pos 293332
alloc_pos 293396
alloc_pos 293436
alloc_pos 293568
alloc_pos 293756
alloc_pos 293932
alloc_pos 294096
alloc_pos 294324
alloc_pos 294484
alloc_pos 294684
alloc_pos 294716
alloc_pos 294852
alloc_pos 295084
alloc_pos 295192
alloc_pos 295380
alloc_pos 295424
alloc_pos 295580
alloc_pos 295604
alloc_pos 295660
alloc_pos 295760
alloc_pos 295812
alloc_pos 295940
alloc_pos 296040
alloc_pos 296296
alloc_pos 296388
alloc_pos 296556
alloc_pos 296732
alloc_pos 296932
alloc_pos 296972
alloc_pos 297236
alloc_pos 297380
alloc_pos 297536
alloc_pos 297652
alloc_pos 297892
alloc_pos 298128
alloc_pos 298160
alloc_pos 298184
alloc_pos 298288
alloc_pos 298396
alloc_pos 298456
alloc_pos 298604
alloc_pos 298768
alloc_pos 298928
alloc_pos 299084
alloc_pos 299316
alloc_pos 299460
alloc_pos 299540
alloc_pos 299732
alloc_pos 299808
alloc_pos 299904
alloc_pos 300132
alloc_pos 300164
alloc_pos 300284
alloc_pos 300436
alloc_pos 300640
alloc_pos 300896
alloc_pos 300960
alloc_pos 301172
alloc_pos 301232
alloc_pos 301320
alloc_pos 301452
alloc_pos 301648
alloc_pos 301880
alloc_pos 302120
alloc_pos 302196
alloc_pos 302284
alloc_pos 302416
alloc_pos 302588
alloc_pos 302672
alloc_pos 302784
alloc_pos 303004
alloc_pos 303088
alloc_pos 303260
alloc_pos 303356
alloc_pos 303488
alloc_pos 303564
alloc_pos 303752
alloc_pos 303840
alloc_pos 303936
alloc_pos 304132
alloc_pos 304388
alloc_pos 304584
alloc_pos 304812
alloc_pos 305052
alloc_pos 305300
alloc_pos 305368
alloc_pos 305556
alloc_pos 305636
alloc_pos 305828
alloc_pos 305888
alloc_pos 306132
alloc_pos 306212
alloc_pos 306400
alloc_pos 306608
alloc_pos 306676
alloc_pos 306732
alloc_pos 306772
alloc_pos 306932
alloc_pos 307172
alloc_pos 307248
alloc_pos 307460
alloc_pos 307556
alloc_pos 307584
alloc_pos 307716
alloc_pos 307772
alloc_pos 308008
alloc_pos 308204
alloc_pos 308380
alloc_pos 308404
alloc_pos 308496
alloc_pos 308732
alloc_pos 308792
alloc_pos 308836
alloc_pos 309080
alloc_pos 309304
alloc_pos 309532
alloc_pos 309780
alloc_pos 310008
alloc_pos 310096
alloc_pos 310328
alloc_pos 310464
alloc_pos 310676
alloc_pos 310808
alloc_pos 311072
alloc_pos 311128
alloc_pos 311352
alloc_pos 311600
alloc_pos 311688
alloc_pos 311800
alloc_pos 312040
alloc_pos 312120
alloc_pos 312268
alloc_pos 312520
alloc_pos 312736
alloc_pos 312900
alloc_pos 313068
alloc_pos 313200
alloc_pos 313392
alloc_pos 313508
alloc_pos 313756
alloc_pos 313888
alloc_pos 314072
alloc_pos 314176
alloc_pos 314364
alloc_pos 314416
alloc_pos 314528
alloc_pos 314760
alloc_pos 314936
alloc_pos 315164
alloc_pos 315348
alloc_pos 315436
alloc_pos 315636
alloc_pos 315772
alloc_pos 315936
alloc_pos 316116
alloc_pos 316328
alloc_pos 316384
alloc_pos 316520
alloc_pos 316716
alloc_pos 316924
alloc_pos 317060
alloc_pos 317220
alloc_pos 317288
alloc_pos 317384
alloc_pos 317456
alloc_pos 317524
alloc_pos 317680
alloc_pos 317792
alloc_pos 317880
alloc_pos 317996
alloc_pos 318136
alloc_pos 318224
alloc_pos 318400
alloc_pos 318492
alloc_pos 318616
alloc_pos 318864
alloc_pos 318920
alloc_pos 319088
alloc_pos 319236
alloc_pos 319400
alloc_pos 319484
alloc_pos 319652
alloc_pos 319736
alloc_pos 319984
alloc_pos 320056
alloc_pos 320256
alloc_pos 320372
alloc_pos 320428
alloc_pos 320468
alloc_pos 320600
alloc_pos 320788
alloc_pos 320972
alloc_pos 321112
alloc_pos 321232
alloc_pos 321256
alloc_pos 321464
alloc_pos 321596
alloc_pos 321856
alloc_pos 322100
alloc_pos 322132
alloc_pos 322212
alloc_pos 322272
alloc_pos 322420
alloc_pos 322648
alloc_pos 322848
alloc_pos 323084
alloc_pos 323220
alloc_pos 323404
alloc_pos 323492
alloc_pos 323556
alloc_pos 323764
alloc_pos 323892
alloc_pos 324104
alloc_pos 324348
alloc_pos 324436
alloc_pos 324684
alloc_pos 324900
alloc_pos 325128
alloc_pos 325240
alloc_pos 325312
alloc_pos 325516
alloc_pos 325756
alloc_pos 325940
alloc_pos 326056
alloc_pos 326212
alloc_pos 326416
alloc_pos 326608
alloc_pos 326664
alloc_pos 326916
alloc_pos 327120
alloc_pos 327296
alloc_pos 327380
alloc_pos 327588
alloc_pos 327736
alloc_pos 327812
alloc_pos 328056
alloc_pos 328236
alloc_pos 328268
alloc_pos 328440
alloc_pos 328640
alloc_pos 328812
alloc_pos 328844
alloc_pos 328956
alloc_pos 329128
alloc_pos 329336
alloc_pos 329504
alloc_pos 329612
alloc_pos 329680
alloc_pos 329776
alloc_pos 329848
alloc_pos 329912
alloc_pos 330136
alloc_pos 330332
alloc_pos 330496
alloc_pos 330548
alloc_pos 330800
alloc_pos 330880
alloc_pos 330944
alloc_pos 330984
alloc_pos 331116
alloc_pos 331304
alloc_pos 331480
alloc_pos 331644
alloc_pos 331872
alloc_pos 332032
alloc_pos 332232
alloc_pos 332264
alloc_pos 332400
alloc_pos 332632
alloc_pos 332740
alloc_pos 332928
alloc_pos 332972
alloc_pos 333128
alloc_pos 333152
alloc_pos 333208
alloc_pos 333308
alloc_pos 333360
alloc_pos 333488
alloc_pos 333588
alloc_pos 333844
alloc_pos 333936
alloc_pos 334104
alloc_pos 334280
alloc_pos 334480
alloc_pos 334520
alloc_pos 334784
alloc_pos 334928
alloc_pos 335084
alloc_pos 335200
alloc_pos 335440
alloc_pos 335676
alloc_pos 335708
alloc_pos 335732
alloc_pos 335836
alloc_pos 335944
alloc_pos 336004
alloc_pos 336152
alloc_pos 336316
alloc_pos 336476
alloc_pos 336632
alloc_pos 336864
alloc_pos 337008
alloc_pos 337088
alloc_pos 337280
alloc_pos 337356
alloc_pos 337452
alloc_pos 337680
alloc_pos 337712
alloc_pos 337832
alloc_pos 337984
alloc_pos 338188
alloc_pos 338444
alloc_pos 338508
alloc_pos 338720
alloc_pos 338780
alloc_pos 338868
alloc_pos 339000
alloc_pos 339196
alloc_pos 339428
alloc_pos 339668
alloc_pos 339744
alloc_pos 339832
alloc_pos 339964
alloc_pos 340136
alloc_pos 340220
alloc_pos 340332
alloc_pos 340552
alloc_pos 340636
alloc_pos 340808
alloc_pos 340904
alloc_pos 341036
alloc_pos 341112
alloc_pos 341300
alloc_pos 341388
alloc_pos 341484
alloc_pos 341680
alloc_pos 341936
alloc_pos 342132
alloc_pos 342360
alloc_pos 342600
alloc_pos 342848
alloc_pos 342916
alloc_pos 343104
alloc_pos 343184
alloc_pos 343376
alloc_pos 343436
alloc_pos 343680
alloc_pos 343760
alloc_pos 343948
alloc_pos 344156
alloc_pos 344224
alloc_pos 344280
alloc_pos 344320
alloc_pos 344480
alloc_pos 344720
alloc_pos 344796
alloc_pos 345008
alloc_pos 345104
alloc_pos 345132
alloc_pos 345264
alloc_pos 345320
alloc_pos 345556
alloc_pos 345752
alloc_pos 345928
alloc_pos 345952
alloc_pos 346044
alloc_pos 346280
alloc_pos 346340
alloc_pos 346384
alloc_pos 346628
alloc_pos 346852
alloc_pos 347080
alloc_pos 347328
alloc_pos 347556
alloc_pos 347644
alloc_pos 347876
alloc_pos 348012
alloc_pos 348224
alloc_pos 348356
alloc_pos 348620
alloc_pos 348676
alloc_pos 348900
alloc_pos 349148
alloc_pos 349236
alloc_pos 349348
alloc_pos 349588
alloc_pos 349668
alloc_pos 349816
alloc_pos 350068
alloc_pos 350284
alloc_pos 350448
alloc_pos 350616
alloc_pos 350748
alloc_pos 350940
alloc_pos 351056
alloc_pos 351304
alloc_pos 351436
alloc_pos 351620
alloc_pos 351724
alloc_pos 351912
alloc_pos 351964
alloc_pos 352076
alloc_pos 352308
alloc_pos 352484
alloc_pos 352712
alloc_pos 352896
alloc_pos 352984
alloc_pos 353184
alloc_pos 353320
alloc_pos 353484
alloc_pos 353664
alloc_pos 353876
alloc_pos 353932
alloc_pos 354068
alloc_pos 354264
alloc_pos 354472
alloc_pos 354608
alloc_pos 354768
alloc_pos 354836
alloc_pos 354932
alloc_pos 355004
alloc_pos 355072
alloc_pos 355228
alloc_pos 355340
alloc_pos 355428
alloc_pos 355544
alloc_pos 355684
alloc_pos 355772
alloc_pos 355948
alloc_pos 356040
alloc_pos 356164
alloc_pos 356412
alloc_pos 356468
alloc_pos 356636
alloc_pos 356784
alloc_pos 356948
alloc_pos 357032
alloc_pos 357200
alloc_pos 357284
alloc_pos 357532
alloc_pos 357604
alloc_pos 357804
alloc_pos 357920
alloc_pos 357976
alloc_pos 358016
alloc_pos 358148
alloc_pos 358336
alloc_pos 358520
alloc_pos 358660
alloc_pos 358780
alloc_pos 358804
alloc_pos 359012
alloc_pos 359144
alloc_pos 359404
alloc_pos 359648
alloc_pos 359680
alloc_pos 359760
alloc_pos 359820
alloc_pos 359968
alloc_pos 360196
alloc_pos 360396
alloc_pos 360632
alloc_pos 360768
alloc_pos 360952
alloc_pos 361040
alloc_pos 361104
alloc_pos 361312
alloc_pos 361440
alloc_pos 361652
alloc_pos 361896
alloc_pos 361984
alloc_pos 362232
alloc_pos 362448
alloc_pos 362676
alloc_pos 362788
alloc_pos 362860
alloc_pos 363064
alloc_pos 363304
alloc_pos 363488
alloc_pos 363604
alloc_pos 363760
alloc_pos 363964
alloc_pos 364156
alloc_pos 364212
alloc_pos 364464
alloc_pos 364668
alloc_pos 364844
alloc_pos 364928
alloc_pos 365136
alloc_pos 365284
alloc_pos 365360
alloc_pos 365604
alloc_pos 365784
alloc_pos 365816
alloc_pos 365988
alloc_pos 366188
alloc_pos 366360
alloc_pos 366392
alloc_pos 366504
alloc_pos 366676
alloc_pos 366884
alloc_pos 367052
alloc_pos 367160
alloc_pos 367228
alloc_pos 367324
alloc_pos 367396
alloc_pos 367460
alloc_pos 367684
alloc_pos 367880
alloc_pos 368044
alloc_pos 368096
alloc_pos 368348
alloc_pos 368428
alloc_pos 368492
alloc_pos 368532
alloc_pos 368664
alloc_pos 368852
alloc_pos 369028
alloc_pos 369192
alloc_pos 369420
alloc_pos 369580
alloc_pos 369780
alloc_pos 369812
alloc_pos 369948
alloc_pos 370180
alloc_pos 370288
alloc_pos 370476
alloc_pos 370520
alloc_pos 370676
alloc_pos 370700
alloc_pos 370756
alloc_pos 370856
alloc_pos 370908
alloc_pos 371036
alloc_pos 371136
alloc_pos 371392
alloc_pos 371484
alloc_pos 371652
alloc_pos 371828
alloc_pos 372028
alloc_pos 372068
alloc_pos 372332
alloc_pos 372476
alloc_pos 372632
alloc_pos 372748
alloc_pos 372988
alloc_pos 373224
alloc_pos 373256
alloc_pos 373280
alloc_pos 373384
alloc_pos 373492
alloc_pos 373552
alloc_pos 373700
alloc_pos 373864
alloc_pos 374024
alloc_pos 374180
alloc_pos 374412
alloc_pos 374556
alloc_pos 374636
alloc_pos 374828
alloc_pos 374904
alloc_pos 375000
alloc_pos 375228
alloc_pos 375260
alloc_pos 375380
alloc_pos 375532
alloc_pos 375736
alloc_pos 375992
alloc_pos 376056
alloc_pos 376268
alloc_pos 376328
alloc_pos 376416
alloc_pos 376548
alloc_pos 376744
alloc_pos 376976
alloc_pos 377216
alloc_pos 377292
alloc_pos 377380
alloc_pos 377512
alloc_pos 377684
alloc_pos 377768
alloc_pos 377880
alloc_pos 378100
alloc_pos 378184
alloc_pos 378356
alloc_pos 378452
alloc_pos 378584
alloc_pos 378660
alloc_pos 378848
alloc_pos 378936
alloc_pos 379032
alloc_pos 379228
alloc_pos 379484
alloc_pos 379680
alloc_pos 379908
alloc_pos 380148
alloc_pos 380396
alloc_pos 380464
alloc_pos 380652
alloc_pos 380732
alloc_pos 380924
alloc_pos 380984
alloc_pos 381228
alloc_pos 381308
alloc_pos 381496
alloc_pos 381704
alloc_pos 381772
alloc_pos 381828
alloc_pos 381868
alloc_pos 382028
alloc_pos 382268
alloc_pos 382344
alloc_pos 382556
alloc_pos 382652
alloc_pos 382680
alloc_pos 382812
alloc_pos 382868
alloc_pos 383104
alloc_pos 383300
alloc_pos 383476
alloc_pos 383500
alloc_pos 383592
alloc_pos 383828
alloc_pos 383888
alloc_pos 383932
alloc_pos 384176
alloc_pos 384400
alloc_pos 384628
alloc_pos 384876
alloc_pos 385104
alloc_pos 385192
alloc_pos 385424
alloc_pos 385560
alloc_pos 385772
alloc_pos 385904
alloc_pos 386168
alloc_pos 386224
alloc_pos 386448
alloc_pos 386696
alloc_pos 386784
alloc_pos 386896
alloc_pos 387136
alloc_pos 387216
alloc_pos 387364
alloc_pos 387616
alloc_pos 387832
alloc_pos 387996
alloc_pos 388164
alloc_pos 388296
alloc_pos 388488
alloc_pos 388604
alloc_pos 388852
alloc_pos 388984
alloc_pos 389168
alloc_pos 389272
alloc_pos 389460
alloc_pos 389512
alloc_pos 389624
alloc_pos 389856
alloc_pos 390032
alloc_pos 390260
alloc_pos 390444
alloc_pos 390532
alloc_pos 390732
alloc_pos 390868
alloc_pos 391032
alloc_pos 391212
alloc_pos 391424
alloc_pos 391480
alloc_pos 391616
alloc_pos 391812
alloc_pos 392020
alloc_pos 392156
alloc_pos 392316
alloc_pos 392384
alloc_pos 392480
alloc_pos 392552
alloc_pos 392620
alloc_pos 392776
alloc_pos 392888
alloc_pos 392976
alloc_pos 393092
alloc_pos 393232
alloc_pos 393320
alloc_pos 393496
alloc_pos 393588
alloc_pos 393712
alloc_pos 393960
alloc_pos 394016
alloc_pos 394184
alloc_pos 394332
alloc_pos 394496
alloc_pos 394580
alloc_pos 394748
alloc_pos 394832
alloc_pos 395080
alloc_pos 395152
alloc_pos 395352
alloc_pos 395468
alloc_pos 395524
alloc_pos 395564
alloc_pos 395696
alloc_pos 395884
alloc_pos 396068
alloc_pos 396208
alloc_pos 396328
alloc_pos 396352
alloc_pos 396560
alloc_pos 396692
alloc_pos 396952
alloc_pos 397196
alloc_pos 397228
alloc_pos 397308
alloc_pos 397368
alloc_pos 397516
alloc_pos 397744
alloc_pos 397944
alloc_pos 398180
alloc_pos 398316
alloc_pos 398500
alloc_pos 398588
alloc_pos 398652
alloc_pos 398860
alloc_pos 398988
alloc_pos 399200
alloc_pos 399444
alloc_pos 399532
alloc_pos 399780
alloc_pos 399996
alloc_pos 400224
alloc_pos 400336
alloc_pos 400408
alloc_pos 400612
alloc_pos 400852
alloc_pos 401036
alloc_pos 401152
alloc_pos 401308
alloc_pos 401512
alloc_pos 401704
alloc_pos 401760
alloc_pos 402012
alloc_pos 402216
alloc_pos 402392
alloc_pos 402476
alloc_pos 402684
alloc_pos 402832
alloc_pos 402908
alloc_pos 403152
alloc_pos 403332
alloc_pos 403364
alloc_pos 403536
alloc_pos 403736
alloc_pos 403908
alloc_pos 403940
alloc_pos 404052
alloc_pos 404224
alloc_pos 404432
alloc_pos 404600
alloc_pos 404708
alloc_pos 404776
alloc_pos 404872
alloc_pos 404944
alloc_pos 405008
alloc_pos 405232
alloc_pos 405428
alloc_pos 405592
alloc_pos 405644
alloc_pos 405896
alloc_pos 405976
alloc_pos 406040
alloc_pos 406080
alloc_pos 406212
alloc_pos 406400
alloc_pos 406576
alloc_pos 406740
alloc_pos 406968
alloc_pos 407128
alloc_pos 407328
alloc_pos 407360
alloc_pos 407496
alloc_pos 407728
alloc_pos 407836
alloc_pos 408024
alloc_pos 408068
alloc_pos 408224
alloc_pos 408248
alloc_pos 408304
alloc_pos 408404
alloc_pos 408456
alloc_pos 408584
alloc_pos 408684
alloc_pos 408940
alloc_pos 409032
alloc_pos 409200
alloc_pos 409376
alloc_pos 409576
alloc_pos 409616
alloc_pos 409880
alloc_pos 410024
alloc_pos 410180
alloc_pos 410296
alloc_pos 410536
alloc_pos 410772
alloc_pos 410804
alloc_pos 410828
alloc_pos 410932
alloc_pos 411040
alloc_pos 411100
alloc_pos 411248
alloc_pos 411412
alloc_pos 411572
alloc_pos 411728
alloc_pos 411960
alloc_pos 412104
alloc_pos 412184
alloc_pos 412376
alloc_pos 412452
alloc_pos 412548
alloc_pos 412776
alloc_pos 412808
alloc_pos 412928
alloc_pos 413080
alloc_pos 413284
alloc_pos 413540
alloc_pos 413604
alloc_pos 413816
alloc_pos 413876
alloc_pos 413964
alloc_pos 414096
alloc_pos 414292
alloc_pos 414524
alloc_pos 414764
alloc_pos 414840
alloc_pos 414928
alloc_pos 415060
alloc_pos 415232
alloc_pos 415316
alloc_pos 415428
alloc_pos 415648
alloc_pos 415732
alloc_pos 415904
alloc_pos 416000
alloc_pos 416132
alloc_pos 416208
alloc_pos 416396
alloc_pos 416484
alloc_pos 416580
alloc_pos 416776
alloc_pos 417032
alloc_pos 417228
alloc_pos 417456
alloc_pos 417696
alloc_pos 417944
alloc_pos 418012
alloc_pos 418200
alloc_pos 418280
alloc_pos 418472
alloc_pos 418532
alloc_pos 418776
alloc_pos 418856
alloc_pos 419044
alloc_pos 419252
alloc_pos 419320
alloc_pos 419376
alloc_pos 419416
alloc_pos 419576
alloc_pos 419816
alloc_pos 419892
alloc_pos 420104
alloc_pos 420200
alloc_pos 420228
alloc_pos 420360
alloc_pos 420416
alloc_pos 420652
alloc_pos 420848
alloc_pos 421024
alloc_pos 421048
alloc_pos 421140
alloc_pos 421376
alloc_pos 421436
alloc_pos 421480
alloc_pos 421724
alloc_pos 421948
alloc_pos 422176
alloc_pos 422424
alloc_pos 422652
alloc_pos 422740
alloc_pos 422972
alloc_pos 423108
alloc_pos 423320
alloc_pos 423452
alloc_pos 423716
alloc_pos 423772
alloc_pos 423996
alloc_pos 424244
alloc_pos 424332
alloc_pos 424444
alloc_pos 424684
alloc_pos 424764
alloc_pos 424912
alloc_pos 425164
alloc_pos 425380
alloc_pos 425544
alloc_pos 425712
alloc_pos 425844
alloc_pos 426036
alloc_pos 426152
alloc_pos 426400
alloc_pos 426532
alloc_pos 426716
alloc_pos 426820
alloc_pos 427008
alloc_pos 427060
alloc_pos 427172
alloc_pos 427404
alloc_pos 427580
alloc_pos 427808
alloc_pos 427992
alloc_pos 428080
alloc_pos 428280
alloc_pos 428416
alloc_pos 428580
alloc_pos 428760
alloc_pos 428972
alloc_pos 429028
alloc_pos 429164
alloc_pos 429360
alloc_pos 429568
alloc_pos 429704
alloc_pos 429864
alloc_pos 429932
alloc_pos 430028
alloc_pos 430100
alloc_pos 430168
alloc_pos 430324
alloc_pos 430436
alloc_pos 430524
alloc_pos 430640
alloc_pos 430780
alloc_pos 430868
alloc_pos 431044
alloc_pos 431136
alloc_pos 431260
alloc_pos 431508
alloc_pos 431564
alloc_pos 431732
alloc_pos 431880
alloc_pos 432044
alloc_pos 432128
alloc_pos 432296
alloc_pos 432380
alloc_pos 432628
alloc_pos 432700
alloc_pos 432900
alloc_pos 433016
alloc_pos 433072
alloc_pos 433112
alloc_pos 433244
alloc_pos 433432
alloc_pos 433616
alloc_pos 433756
alloc_pos 433876
alloc_pos 433900
alloc_pos 434108
alloc_pos 434240
alloc_pos 434500
alloc_pos 434744
alloc_pos 434776
alloc_pos 434856
alloc_pos 434916
alloc_pos 435064
alloc_pos 435292
alloc_pos 435492
alloc_pos 435728
alloc_pos 435864
alloc_pos 436048
alloc_pos 436136
alloc_pos 436200
alloc_pos 436408
alloc_pos 436536
alloc_pos 436748
alloc_pos 436992
alloc_pos 437080
alloc_pos 437328
alloc_pos 437544
alloc_pos 437772
alloc_pos 437884
alloc_pos 437956
alloc_pos 438160
alloc_pos 438400
alloc_pos 438584
alloc_pos 438700
alloc_pos 438856
alloc_pos 439060
alloc_pos 439252
alloc_pos 439308
alloc_pos 439560
alloc_pos 439764
alloc_pos 439940
alloc_pos 440024
alloc_pos 440232
alloc_pos 440380
alloc_pos 440456
alloc_pos 440700
alloc_pos 440880
alloc_pos 440912
alloc_pos 441084
alloc_pos 441284
alloc_pos 441456
alloc_pos 441488
alloc_pos 441600
alloc_pos 441772
alloc_pos 441980
alloc_pos 442148
alloc_pos 442256
alloc_pos 442324
alloc_pos 442420
alloc_pos 442492
alloc_pos 442556
alloc_pos 442780
alloc_pos 442976
alloc_pos 443140
alloc_pos 443192
alloc_pos 443444
alloc_pos 443524
alloc_pos 443588
alloc_pos 443628
alloc_pos 443760
alloc_pos 443948
alloc_pos 444124
alloc_pos 444288
alloc_pos 444516
alloc_pos 444676
alloc_pos 444876
alloc_pos 444908
alloc_pos 445044
alloc_pos 445276
alloc_pos 445384
alloc_pos 445572
alloc_pos 445616
alloc_pos 445772
alloc_pos 445796
alloc_pos 445852
alloc_pos 445952
alloc_pos 446004
alloc_pos 446132
alloc_pos 446232
alloc_pos 446488
alloc_pos 446580
alloc_pos 446748
alloc_pos 446924
alloc_pos 447124
alloc_pos 447164
alloc_pos 447428
alloc_pos 447572
alloc_pos 447728
alloc_pos 447844
alloc_pos 448084
alloc_pos 448320
alloc_pos 448352
alloc_pos 448376
alloc_pos 448480
alloc_pos 448588
alloc_pos 448648
alloc_pos 448796
alloc_pos 448960
alloc_pos 449120
alloc_pos 449276
alloc_pos 449508
alloc_pos 449652
alloc_pos 449732
alloc_pos 449924
alloc_pos 450000
alloc_pos 450096
alloc_pos 450324
alloc_pos 450356
alloc_pos 450476
alloc_pos 450628
alloc_pos 450832
alloc_pos 451088
alloc_pos 451152
alloc_pos 451364
alloc_pos 451424
alloc_pos 451512
alloc_pos 451644
alloc_pos 451840
alloc_pos 452072
alloc_pos 452312
alloc_pos 452388
alloc_pos 452476
alloc_pos 452608
alloc_pos 452780
alloc_pos 452864
alloc_pos 452976
alloc_pos 453196
alloc_pos 453280
alloc_pos 453452
alloc_pos 453548
alloc_pos 453680
alloc_pos 453756
alloc_pos 453944
alloc_pos 454032
alloc_pos 454128
alloc_pos 454324
alloc_pos 454580
alloc_pos 454776
alloc_pos 455004
alloc_pos 455244
alloc_pos 455492
alloc_pos 455560
alloc_pos 455748
alloc_pos 455828
alloc_pos 456020
alloc_pos 456080
alloc_pos 456324
alloc_pos 456404
alloc_pos 456592
alloc_pos 456800
alloc_pos 456868
alloc_pos 456924
alloc_pos 456964
alloc_pos 457124
alloc_pos 457364
alloc_pos 457440
alloc_pos 457652
alloc_pos 457748
alloc_pos 457776
alloc_pos 457908
alloc_pos 457964
alloc_pos 458200
alloc_pos 458396
alloc_pos 458572
alloc_pos 458596
alloc_pos 458688
alloc_pos 458924
alloc_pos 458984
alloc_pos 459028
alloc_pos 459272
alloc_pos 459496
alloc_pos 459724
alloc_pos 459972
alloc_pos 460200
alloc_pos 460288
alloc_pos 460520
alloc_pos 460656
alloc_pos 460868
alloc_pos 461000
alloc_pos 461264
alloc_pos 461320
alloc_pos 461544
alloc_pos 461792
alloc_pos 461880
alloc_pos 461992
alloc_pos 462232
alloc_pos 462312
alloc_pos 462460
alloc_pos 462712
alloc_pos 462928
alloc_pos 463092
alloc_pos 463260
alloc_pos 463392
alloc_pos 463584
alloc_pos 463700
alloc_pos 463948
alloc_pos 464080
alloc_pos 464264
alloc_pos 464368
alloc_pos 464556
alloc_pos 464608
alloc_pos 464720
alloc_pos 464952
alloc_pos 465128
alloc_pos 465356
alloc_pos 465540
alloc_pos 465628
alloc_pos 465828
alloc_pos 465964
alloc_pos 466128
alloc_pos 466308
alloc_pos 466520
alloc_pos 466576
alloc_pos 466712
alloc_pos 466908
alloc_pos 467116
alloc_pos 467252
alloc_pos 467412
alloc_pos 467480
alloc_pos 467576
alloc_pos 467648
alloc_pos 467716
alloc_pos 467872
alloc_pos 467984
alloc_pos 468072
alloc_pos 468188
alloc_pos 468328
alloc_pos 468416
alloc_pos 468592
alloc_pos 468684
alloc_pos 468808
alloc_pos 469056
alloc_pos 469112
alloc_pos 469280
alloc_pos 469428
alloc_pos 469592
alloc_pos 469676
alloc_pos 469844
alloc_pos 469928
alloc_pos 470176
alloc_pos 470248
alloc_pos 470448
alloc_pos 470564
alloc_pos 470620
alloc_pos 470660
alloc_pos 470792
alloc_pos 470980
alloc_pos 471164
alloc_pos 471304
alloc_pos 471424
alloc_pos 471448
alloc_pos 471656
alloc_pos 471788
alloc_pos 472048
alloc_pos 472292
alloc_pos 472324
alloc_pos 472404
alloc_pos 472464
alloc_pos 472612
alloc_pos 472840
alloc_pos 473040
alloc_pos 473276
alloc_pos 473412
alloc_pos 473596
alloc_pos 473684
alloc_pos 473748
alloc_pos 473956
alloc_pos 474084
alloc_pos 474296
alloc_pos 474540
alloc_pos 474628
alloc_pos 474876
alloc_pos 475092
alloc_pos 475320
alloc_pos 475432
alloc_pos 475504
alloc_pos 475708
alloc_pos 475948
alloc_pos 476132
alloc_pos 476248
alloc_pos 476404
alloc_pos 476608
alloc_pos 476800
alloc_pos 476856
alloc_pos 477108
alloc_pos 477312
alloc_pos 477488
alloc_pos 477572
alloc_pos 477780
alloc_pos 477928
alloc_pos 478004
alloc_pos 478248
alloc_pos 478428
alloc_pos 478460
alloc_pos 478632
alloc_pos 478832
alloc_pos 479004
alloc_pos 479036
alloc_pos 479148
alloc_pos 479320
alloc_pos 479528
alloc_pos 479696
alloc_pos 479804
alloc_pos 479872
alloc_pos 479968
alloc_pos 480040
alloc_pos 480104
alloc_pos 480328
alloc_pos 480524
alloc_pos 480688
alloc_pos 480740
alloc_pos 480992
alloc_pos 481072
alloc_pos 481136
alloc_pos 481176
alloc_pos 481308
alloc_pos 481496
alloc_pos 481672
alloc_pos 481836
alloc_pos 482064
alloc_pos 482224
alloc_pos 482424
alloc_pos 482456
alloc_pos 482592
alloc_pos 482824
alloc_pos 482932
alloc_pos 483120
alloc_pos 483164
alloc_pos 483320
alloc_pos 483344
alloc_pos 483400
alloc_pos 483500
alloc_pos 483552
alloc_pos 483680
alloc_pos 483780
alloc_pos 484036
alloc_pos 484128
alloc_pos 484296
alloc_pos 484472
alloc_pos 484672
alloc_pos 484712
alloc_pos 484976
alloc_pos 485120
alloc_pos 485276
alloc_pos 485392
alloc_pos 485632
alloc_pos 485868
alloc_pos 485900
alloc_pos 485924
alloc_pos 486028
alloc_pos 486136
alloc_pos 486196
alloc_pos 486344
alloc_pos 486508
alloc_pos 486668
alloc_pos 486824
alloc_pos 487056
alloc_pos 487200
alloc_pos 487280
alloc_pos 487472
alloc_pos 487548
alloc_pos 487644
alloc_pos 487872
alloc_pos 487904
alloc_pos 488024
alloc_pos 488176
alloc_pos 488380
alloc_pos 488636
alloc_pos 488700
alloc_pos 488912
alloc_pos 488972
alloc_pos 489060
alloc_pos 489192
alloc_pos 489388
alloc_pos 489620
alloc_pos 489860
alloc_pos 489936
alloc_pos 490024
alloc_pos 490156
alloc_pos 490328
alloc_pos 490412
alloc_pos 490524
alloc_pos 490744
alloc_pos 490828
alloc_pos 491000
alloc_pos 491096
alloc_pos 491228
alloc_pos 491304
alloc_pos 491492
alloc_pos 491580
alloc_pos 491676
alloc_pos 491872
alloc_pos 492128
alloc_pos 492324
alloc_pos 492552
alloc_pos 492792
alloc_pos 493040
alloc_pos 493108
alloc_pos 493296
alloc_pos 493376
alloc_pos 493568
alloc_pos 493628
alloc_pos 493872
alloc_pos 493952
alloc_pos 494140
alloc_pos 494348
alloc_pos 494416
alloc_pos 494472
alloc_pos 494512
alloc_pos 494672
alloc_pos 494912
alloc_pos 494988
alloc_pos 495200
alloc_pos 495296
alloc_pos 495324
alloc_pos 495456
alloc_pos 495512
alloc_pos 495748
alloc_pos 495944
alloc_pos 496120
alloc_pos 496144
alloc_pos 496236
alloc_pos 496472
alloc_pos 496532
alloc_pos 496576
alloc_pos 496820
alloc_pos 497044
alloc_pos 497272
alloc_pos 497520
alloc_pos 497748
alloc_pos 497836
alloc_pos 498068
alloc_pos 498204
alloc_pos 498416
alloc_pos 498548
alloc_pos 498812
alloc_pos 498868
alloc_pos 499092
alloc_pos 499340
alloc_pos 499428
alloc_pos 499540
alloc_pos 499780
alloc_pos 499860
alloc_pos 500008
alloc_pos 500260
alloc_pos 500476
alloc_pos 500640
alloc_pos 500808
alloc_pos 500940
alloc_pos 501132
alloc_pos 501248
alloc_pos 501496
alloc_pos 501628
alloc_pos 501812
alloc_pos 501916
alloc_pos 502104
alloc_pos 502156
alloc_pos 502268
alloc_pos 502500
alloc_pos 502676
alloc_pos 502904
alloc_pos 503088
alloc_pos 503176
alloc_pos 503376
alloc_pos 503512
alloc_pos 503676
alloc_pos 503856
alloc_pos 504068
alloc_pos 504124
alloc_pos 504260
alloc_pos 504456
alloc_pos 504664
alloc_pos 504800
alloc_pos 504960
alloc_pos 505028
alloc_pos 505124
alloc_pos 505196
alloc_pos 505264
alloc_pos 505420
alloc_pos 505532
alloc_pos 505620
alloc_pos 505736
alloc_pos 505876
alloc_pos 505964
alloc_pos 506140
alloc_pos 506232
alloc_pos 506356
alloc_pos 506604
alloc_pos 506660
alloc_pos 506828
alloc_pos 506976
alloc_pos 507140
alloc_pos 507224
alloc_pos 507392
alloc_pos 507476
alloc_pos 507724
alloc_pos 507796
alloc_pos 507996
alloc_pos 508112
alloc_pos 508168
alloc_pos 508208
alloc_pos 508340
alloc_pos 508528
alloc_pos 508712
alloc_pos 508852
alloc_pos 508972
alloc_pos 508996
alloc_pos 509204
alloc_pos 509336
alloc_pos 509596
alloc_pos 509840
alloc_pos 509872
alloc_pos 509952
alloc_pos 510012
alloc_pos 510160
alloc_pos 510388
alloc_pos 510588
alloc_pos 510824
alloc_pos 510960
alloc_pos 511144
alloc_pos 511232
alloc_pos 511296
alloc_pos 511504
alloc_pos 511632
alloc_pos 511844
alloc_pos 512088
alloc_pos 512176
alloc_pos 512424
alloc_pos 512640
alloc_pos 512868
alloc_pos 512980
alloc_pos 513052
alloc_pos 513256
alloc_pos 513496
alloc_pos 513680
alloc_pos 513796
alloc_pos 513952
alloc_pos 514156
alloc_pos 514348
alloc_pos 514404
alloc_pos 514656
alloc_pos 514860
alloc_pos 515036
alloc_pos 515120
alloc_pos 515328
alloc_pos 515476
alloc_pos 515552
alloc_pos 515796
alloc_pos 515976
alloc_pos 516008
alloc_pos 516180
alloc_pos 516380
alloc_pos 516552
alloc_pos 516584
alloc_pos 516696
alloc_pos 516868
alloc_pos 517076
alloc_pos 517244
alloc_pos 517352
alloc_pos 517420
alloc_pos 517516
alloc_pos 517588
alloc_pos 517652
alloc_pos 517876
alloc_pos 518072
alloc_pos 518236
alloc_pos 518288
alloc_pos 518540
alloc_pos 518620
alloc_pos 518684
alloc_pos 518724
alloc_pos 518856
alloc_pos 519044
alloc_pos 519220
alloc_pos 519384
alloc_pos 519612
alloc_pos 519772
alloc_pos 519972
alloc_pos 520004
alloc_pos 520140
alloc_pos 520372
alloc_pos 520480
alloc_pos 520668
alloc_pos 520712
alloc_pos 520868
alloc_pos 520892
alloc_pos 520948
alloc_pos 521048
alloc_pos 521100
alloc_pos 521228
alloc_pos 521328
alloc_pos 521584
alloc_pos 521676
alloc_pos 521844
alloc_pos 522020
alloc_pos 522220
alloc_pos 522260
alloc_pos 522524
alloc_pos 522668
alloc_pos 522824
alloc_pos 522940
alloc_pos 523180
alloc_pos 523416
alloc_pos 523448
alloc_pos 523472
alloc_pos 523576
alloc_pos 523684
alloc_pos 523744
alloc_pos 523892
alloc_pos 524056
alloc_pos -1

