reason: unexpected exit code -6
--- stdout ---
CHENEY GENERATOR!
--- stderr ---
alloc_pos 8
alloc_pos 1040
alloc_pos 2072
alloc_pos 3104
alloc_pos 4136
alloc_pos 5168
alloc_pos 5184
alloc_pos 5200
alloc_pos 5216
alloc_pos 5232
alloc_pos 5248
alloc_pos 5264
alloc_pos 5280
alloc_pos 5296
alloc_pos 5312
alloc_pos 5328
alloc_pos 5344
alloc_pos 5360
alloc_pos 5376
alloc_pos 5392
alloc_pos 5408
alloc_pos 5424
alloc_pos 5440
alloc_pos 5456
alloc_pos 5472
alloc_pos 5488
alloc_pos 5504
alloc_pos 5520
alloc_pos 5536
alloc_pos 5552
alloc_pos 5568
alloc_pos 5584
alloc_pos 5600
alloc_pos 5616
alloc_pos 5632
alloc_pos 5648
alloc_pos 5664
alloc_pos 5680
alloc_pos 5696
alloc_pos 5712
alloc_pos 5728
alloc_pos 5744
alloc_pos 5760
alloc_pos 5776
alloc_pos 5792
alloc_pos 5808
alloc_pos 5824
alloc_pos 5840
alloc_pos 5856
alloc_pos 5872
alloc_pos 5888
alloc_pos 5904
alloc_pos 5920
alloc_pos 5936
alloc_pos 5952
alloc_pos 5968
alloc_pos 5984
alloc_pos 6000
alloc_pos 6016
alloc_pos 6032
alloc_pos 6048
alloc_pos 6064
alloc_pos 6080
alloc_pos 6096
alloc_pos 6112
alloc_pos 6128
alloc_pos 6144
alloc_pos 6160
alloc_pos 6176
alloc_pos 6192
alloc_pos 6208
alloc_pos 6224
alloc_pos 6240
alloc_pos 6256
alloc_pos 6272
alloc_pos 6288
alloc_pos 6304
alloc_pos 6320
alloc_pos 6336
alloc_pos 6352
alloc_pos 6368
alloc_pos 6384
alloc_pos 6400
alloc_pos 6416
alloc_pos 6432
alloc_pos 6448
alloc_pos 6464
alloc_pos 6480
alloc_pos 6496
alloc_pos 6512
alloc_pos 6528
alloc_pos 6544
alloc_pos 6560
alloc_pos 6576
alloc_pos 6592
alloc_pos 6608
alloc_pos 6624
alloc_pos 6640
alloc_pos 6656
alloc_pos 6672
alloc_pos 6688
alloc_pos 6704
alloc_pos 6720
alloc_pos 6736
alloc_pos 6752
alloc_pos 6768
alloc_pos 6784
alloc_pos 6800
alloc_pos 6816
alloc_pos 6832
alloc_pos 6848
alloc_pos 6864
alloc_pos 6880
alloc_pos 6896
alloc_pos 6912
alloc_pos 6928
alloc_pos 6944
alloc_pos 6960
alloc_pos 6976
alloc_pos 6992
alloc_pos 7008
alloc_pos 7024
alloc_pos 7040
alloc_pos 7056
alloc_pos 7072
alloc_pos 7088
alloc_pos 7104
alloc_pos 7120
alloc_pos 7136
alloc_pos 7152
alloc_pos 7168
alloc_pos 7184
alloc_pos 7200
alloc_pos 7216
alloc_pos 7232
alloc_pos 7248
alloc_pos 7264
alloc_pos 7280
alloc_pos 7296
alloc_pos 7312
alloc_pos 7328
alloc_pos 7344
alloc_pos 7360
alloc_pos 7376
alloc_pos 7392
alloc_pos 7408
alloc_pos 7424
alloc_pos 7440
alloc_pos 7456
alloc_pos 7472
alloc_pos 7488
alloc_pos 7504
alloc_pos 7520
alloc_pos 7536
alloc_pos 7552
alloc_pos 7568
alloc_pos 7584
alloc_pos 7600
alloc_pos 7616
alloc_pos 7632
alloc_pos 7648
alloc_pos 7664
alloc_pos 7680
alloc_pos 7696
alloc_pos 7712
alloc_pos 7728
alloc_pos 7744
alloc_pos 7760
alloc_pos 7776
alloc_pos 7792
alloc_pos 7808
alloc_pos 7824
alloc_pos 7840
alloc_pos 7856
alloc_pos 7872
alloc_pos 7888
alloc_pos 7904
alloc_pos 7920
alloc_pos 7936
alloc_pos 7952
alloc_pos 7968
alloc_pos 7984
alloc_pos 8000
alloc_pos 8016
alloc_pos 8032
alloc_pos 8048
alloc_pos 8064
alloc_pos 8080
alloc_pos 8096
alloc_pos 8112
alloc_pos 8128
alloc_pos 8144
alloc_pos 8160
alloc_pos 8176
alloc_pos 8192
alloc_pos 8208
alloc_pos 8224
alloc_pos 8240
alloc_pos 8256
alloc_pos 8272
alloc_pos 8288
alloc_pos 8304
alloc_pos 8320
alloc_pos 8336
alloc_pos 8352
alloc_pos 8368
alloc_pos 8384
alloc_pos 8400
alloc_pos 8416
alloc_pos 8432
alloc_pos 8448
alloc_pos 8464
alloc_pos 8480
alloc_pos 8496
alloc_pos 8512
alloc_pos 8528
alloc_pos 8544
alloc_pos 8560
alloc_pos 8576
alloc_pos 8592
alloc_pos 8608
alloc_pos 8624
alloc_pos 8640
alloc_pos 8656
alloc_pos 8672
alloc_pos 8688
alloc_pos 8704
alloc_pos 8720
alloc_pos 8736
alloc_pos 8752
alloc_pos 8768
alloc_pos 8784
alloc_pos 8800
alloc_pos 8816
alloc_pos 8832
alloc_pos 8848
alloc_pos 8864
alloc_pos 8880
alloc_pos 8896
alloc_pos 8912
alloc_pos 8928
alloc_pos 8944
alloc_pos 8960
alloc_pos 8976
alloc_pos 8992
alloc_pos 9008
alloc_pos 9024
alloc_pos 9040
alloc_pos 9056
alloc_pos 9072
alloc_pos 9088
alloc_pos 9104
alloc_pos 9120
alloc_pos 9136
alloc_pos 9152
alloc_pos 9168
alloc_pos 9184
alloc_pos 9200
alloc_pos 9216
alloc_pos 9232
alloc_pos 9248
alloc_pos 9264
alloc_pos 9368
alloc_pos 9608
alloc_pos 9644
alloc_pos 9764
alloc_pos 10028
alloc_pos 10228
alloc_pos 10344
alloc_pos 10372
alloc_pos 10628
alloc_pos 10752
alloc_pos 10828
alloc_pos 10968
alloc_pos 11180
alloc_pos 11408
alloc_pos 11572
alloc_pos 11748
alloc_pos 12000
alloc_pos 12092
alloc_pos 12252
alloc_pos 12376
alloc_pos 12604
alloc_pos 12728
alloc_pos 12928
alloc_pos 12968
alloc_pos 13228
alloc_pos 13432
alloc_pos 13616
alloc_pos 13700
alloc_pos 13864
alloc_pos 13976
alloc_pos 14144
alloc_pos 14380
alloc_pos 14472
alloc_pos 14704
alloc_pos 14900
alloc_pos 15044
alloc_pos 15136
alloc_pos 15172
alloc_pos 15260
alloc_pos 15448
alloc_pos 15484
alloc_pos 15732
alloc_pos 15832
alloc_pos 15884
alloc_pos 16136
alloc_pos 16216
alloc_pos 16364
alloc_pos 16596
alloc_pos 16796
alloc_pos 17048
alloc_pos 17248
alloc_pos 17488
alloc_pos 17724
alloc_pos 17752
alloc_pos 17904
alloc_pos 18128
alloc_pos 18180
alloc_pos 18340
alloc_pos 18476
alloc_pos 18536
alloc_pos 18576
alloc_pos 18812
alloc_pos 18956
alloc_pos 18984
alloc_pos 19088
alloc_pos 19328
alloc_pos 19364
alloc_pos 19484
alloc_pos 19748
alloc_pos 19948
alloc_pos 20064
alloc_pos 20092
alloc_pos 20348
alloc_pos 20472
alloc_pos 20548
alloc_pos 20688
alloc_pos 20900
alloc_pos 21128
alloc_pos 21292
alloc_pos 21468
alloc_pos 21720
alloc_pos 21812
alloc_pos 21972
alloc_pos 22096
alloc_pos 22324
alloc_pos 22448
alloc_pos 22648
alloc_pos 22688
alloc_pos 22948
alloc_pos 23152
alloc_pos 23336
alloc_pos 23420
alloc_pos 23584
alloc_pos 23696
alloc_pos 23864
alloc_pos 24100
alloc_pos 24192
alloc_pos 24424
alloc_pos 24620
alloc_pos 24764
alloc_pos 24856
alloc_pos 24892
alloc_pos 24980
alloc_pos 25168
alloc_pos 25204
alloc_pos 25452
alloc_pos 25552
alloc_pos 25604
alloc_pos 25856
alloc_pos 25936
alloc_pos 26084
alloc_pos 26316
alloc_pos 26516
alloc_pos 26768
alloc_pos 26968
alloc_pos 27208
alloc_pos 27444
alloc_pos 27472
alloc_pos 27624
alloc_pos 27848
alloc_pos 27900
alloc_pos 28060
alloc_pos 28196
alloc_pos 28256
alloc_pos 28296
alloc_pos 28532
alloc_pos 28676
alloc_pos 28704
alloc_pos 28808
alloc_pos 29048
alloc_pos 29084
alloc_pos 29204
alloc_pos 29468
alloc_pos 29668
alloc_pos 29784
alloc_pos 29812
alloc_pos 30068
alloc_pos 30192
alloc_pos 30268
alloc_pos 30408
alloc_pos 30620
alloc_pos 30848
alloc_pos 31012
alloc_pos 31188
alloc_pos 31440
alloc_pos 31532
alloc_pos 31692
alloc_pos 31816
alloc_pos 32044
alloc_pos 32168
alloc_pos 32368
alloc_pos 32408
alloc_pos 32668
alloc_pos 32872
alloc_pos 33056
alloc_pos 33140
alloc_pos 33304
alloc_pos 33416
alloc_pos 33584
alloc_pos 33820
alloc_pos 33912
alloc_pos 34144
alloc_pos 34340
alloc_pos 34484
alloc_pos 34576
alloc_pos 34612
alloc_pos 34700
alloc_pos 34888
alloc_pos 34924
alloc_pos 35172
alloc_pos 35272
alloc_pos 35324
alloc_pos 35576
alloc_pos 35656
alloc_pos 35804
alloc_pos 36036
alloc_pos 36236
alloc_pos 36488
alloc_pos 36688
alloc_pos 36928
alloc_pos 37164
alloc_pos 37192
alloc_pos 37344
alloc_pos 37568
alloc_pos 37620
alloc_pos 37780
alloc_pos 37916
alloc_pos 37976
alloc_pos 38016
alloc_pos 38252
alloc_pos 38396
alloc_pos 38424
alloc_pos 38528
alloc_pos 38768
alloc_pos 38804
alloc_pos 38924
alloc_pos 39188
alloc_pos 39388
alloc_pos 39504
alloc_pos 39532
alloc_pos 39788
alloc_pos 39912
alloc_pos 39988
alloc_pos 40128
alloc_pos 40340
alloc_pos 40568
alloc_pos 40732
alloc_pos 40908
alloc_pos 41160
alloc_pos 41252
alloc_pos 41412
alloc_pos 41536
alloc_pos 41764
alloc_pos 41888
alloc_pos 42088
alloc_pos 42128
alloc_pos 42388
alloc_pos 42592
alloc_pos 42776
alloc_pos 42860
alloc_pos 43024
alloc_pos 43136
alloc_pos 43304
alloc_pos 43540
alloc_pos 43632
alloc_pos 43864
alloc_pos 44060
alloc_pos 44204
alloc_pos 44296
alloc_pos 44332
alloc_pos 44420
alloc_pos 44608
alloc_pos 44644
alloc_pos 44892
alloc_pos 44992
alloc_pos 45044
alloc_pos 45296
alloc_pos 45376
alloc_pos 45524
alloc_pos 45756
alloc_pos 45956
alloc_pos 46208
alloc_pos 46408
alloc_pos 46648
alloc_pos 46884
alloc_pos 46912
alloc_pos 47064
alloc_pos 47288
alloc_pos 47340
alloc_pos 47500
alloc_pos 47636
alloc_pos 47696
alloc_pos 47736
alloc_pos 47972
alloc_pos 48116
alloc_pos 48144
alloc_pos 48248
alloc_pos 48488
alloc_pos 48524
alloc_pos 48644
alloc_pos 48908
alloc_pos 49108
alloc_pos 49224
alloc_pos 49252
alloc_pos 49508
alloc_pos 49632
alloc_pos 49708
alloc_pos 49848
alloc_pos 50060
alloc_pos 50288
alloc_pos 50452
alloc_pos 50628
alloc_pos 50880
alloc_pos 50972
alloc_pos 51132
alloc_pos 51256
alloc_pos 51484
alloc_pos 51608
alloc_pos 51808
alloc_pos 51848
alloc_pos 52108
alloc_pos 52312
alloc_pos 52496
alloc_pos 52580
alloc_pos 52744
alloc_pos 52856
alloc_pos 53024
alloc_pos 53260
alloc_pos 53352
alloc_pos 53584
alloc_pos 53780
alloc_pos 53924
alloc_pos 54016
alloc_pos 54052
alloc_pos 54140
alloc_pos 54328
alloc_pos 54364
alloc_pos 54612
alloc_pos 54712
alloc_pos 54764
alloc_pos 55016
alloc_pos 55096
alloc_pos 55244
alloc_pos 55476
alloc_pos 55676
alloc_pos 55928
alloc_pos 56128
alloc_pos 56368
alloc_pos 56604
alloc_pos 56632
alloc_pos 56784
alloc_pos 57008
alloc_pos 57060
alloc_pos 57220
alloc_pos 57356
alloc_pos 57416
alloc_pos 57456
alloc_pos 57692
alloc_pos 57836
alloc_pos 57864
alloc_pos 57968
alloc_pos 58208
alloc_pos 58244
alloc_pos 58364
alloc_pos 58628
alloc_pos 58828
alloc_pos 58944
alloc_pos 58972
alloc_pos 59228
alloc_pos 59352
alloc_pos 59428
alloc_pos 59568
alloc_pos 59780
alloc_pos 60008
alloc_pos 60172
alloc_pos 60348
alloc_pos 60600
alloc_pos 60692
alloc_pos 60852
alloc_pos 60976
alloc_pos 61204
alloc_pos 61328
alloc_pos 61528
alloc_pos 61568
alloc_pos 61828
alloc_pos 62032
alloc_pos 62216
alloc_pos 62300
alloc_pos 62464
alloc_pos 62576
alloc_pos 62744
alloc_pos 62980
alloc_pos 63072
alloc_pos 63304
alloc_pos 63500
alloc_pos 63644
alloc_pos 63736
alloc_pos 63772
alloc_pos 63860
alloc_pos 64048
alloc_pos 64084
alloc_pos 64332
alloc_pos 64432
alloc_pos 64484
alloc_pos 64736
alloc_pos 64816
alloc_pos 64964
alloc_pos 65196
alloc_pos 65396
alloc_pos 65648
alloc_pos 65848
alloc_pos 66088
alloc_pos 66324
alloc_pos 66352
alloc_pos 66504
alloc_pos 66728
alloc_pos 66780
alloc_pos 66940
alloc_pos 67076
alloc_pos 67136
alloc_pos 67176
alloc_pos 67412
alloc_pos 67556
alloc_pos 67584
alloc_pos 67688
alloc_pos 67928
alloc_pos 67964
alloc_pos 68084
alloc_pos 68348
alloc_pos 68548
alloc_pos 68664
alloc_pos 68692
alloc_pos 68948
alloc_pos 69072
alloc_pos 69148
alloc_pos 69288
alloc_pos 69500
alloc_pos 69728
alloc_pos 69892
alloc_pos 70068
alloc_pos 70320
alloc_pos 70412
alloc_pos 70572
alloc_pos 70696
alloc_pos 70924
alloc_pos 71048
alloc_pos 71248
alloc_pos 71288
alloc_pos 71548
alloc_pos 71752
alloc_pos 71936
alloc_pos 72020
alloc_pos 72184
alloc_pos 72296
alloc_pos 72464
alloc_pos 72700
alloc_pos 72792
alloc_pos 73024
alloc_pos 73220
alloc_pos 73364
alloc_pos 73456
alloc_pos 73492
alloc_pos 73580
alloc_pos 73768
alloc_pos 73804
alloc_pos 74052
alloc_pos 74152
alloc_pos 74204
alloc_pos 74456
alloc_pos 74536
alloc_pos 74684
alloc_pos 74916
alloc_pos 75116
alloc_pos 75368
alloc_pos 75568
alloc_pos 75808
alloc_pos 76044
alloc_pos 76072
alloc_pos 76224
alloc_pos 76448
alloc_pos 76500
alloc_pos 76660
alloc_pos 76796
alloc_pos 76856
alloc_pos 76896
alloc_pos 77132
alloc_pos 77276
alloc_pos 77304
alloc_pos 77408
alloc_pos 77648
alloc_pos 77684
alloc_pos 77804
alloc_pos 78068
alloc_pos 78268
alloc_pos 78384
alloc_pos 78412
alloc_pos 78668
alloc_pos 78792
alloc_pos 78868
alloc_pos 79008
alloc_pos 79220
alloc_pos 79448
alloc_pos 79612
alloc_pos 79788
alloc_pos 80040
alloc_pos 80132
alloc_pos 80292
alloc_pos 80416
alloc_pos 80644
alloc_pos 80768
alloc_pos 80968
alloc_pos 81008
alloc_pos 81268
alloc_pos 81472
alloc_pos 81656
alloc_pos 81740
alloc_pos 81904
alloc_pos 82016
alloc_pos 82184
alloc_pos 82420
alloc_pos 82512
alloc_pos 82744
alloc_pos 82940
alloc_pos 83084
alloc_pos 83176
alloc_pos 83212
alloc_pos 83300
alloc_pos 83488
alloc_pos 83524
alloc_pos 83772
alloc_pos 83872
alloc_pos 83924
alloc_pos 84176
alloc_pos 84256
alloc_pos 84404
alloc_pos 84636
alloc_pos 84836
alloc_pos 85088
alloc_pos 85288
alloc_pos 85528
alloc_pos 85764
alloc_pos 85792
alloc_pos 85944
alloc_pos 86168
alloc_pos 86220
alloc_pos 86380
alloc_pos 86516
alloc_pos 86576
alloc_pos 86616
alloc_pos 86852
alloc_pos 86996
alloc_pos 87024
alloc_pos 87128
alloc_pos 87368
alloc_pos 87404
alloc_pos 87524
alloc_pos 87788
alloc_pos 87988
alloc_pos 88104
alloc_pos 88132
alloc_pos 88388
alloc_pos 88512
alloc_pos 88588
alloc_pos 88728
alloc_pos 88940
alloc_pos 89168
alloc_pos 89332
alloc_pos 89508
alloc_pos 89760
alloc_pos 89852
alloc_pos 90012
alloc_pos 90136
alloc_pos 90364
alloc_pos 90488
alloc_pos 90688
alloc_pos 90728
alloc_pos 90988
alloc_pos 91192
alloc_pos 91376
alloc_pos 91460
alloc_pos 91624
alloc_pos 91736
alloc_pos 91904
alloc_pos 92140
alloc_pos 92232
alloc_pos 92464
alloc_pos 92660
alloc_pos 92804
alloc_pos 92896
alloc_pos 92932
alloc_pos 93020
alloc_pos 93208
alloc_pos 93244
alloc_pos 93492
alloc_pos 93592
alloc_pos 93644
alloc_pos 93896
alloc_pos 93976
alloc_pos 94124
alloc_pos 94356
alloc_pos 94556
alloc_pos 94808
alloc_pos 95008
alloc_pos 95248
alloc_pos 95484
alloc_pos 95512
alloc_pos 95664
alloc_pos 95888
alloc_pos 95940
alloc_pos 96100
alloc_pos 96236
alloc_pos 96296
alloc_pos 96336
alloc_pos 96572
alloc_pos 96716
alloc_pos 96744
alloc_pos 96848
alloc_pos 97088
alloc_pos 97124
alloc_pos 97244
alloc_pos 97508
alloc_pos 97708
alloc_pos 97824
alloc_pos 97852
alloc_pos 98108
alloc_pos 98232
alloc_pos 98308
alloc_pos 98448
alloc_pos 98660
alloc_pos 98888
alloc_pos 99052
alloc_pos 99228
alloc_pos 99480
alloc_pos 99572
alloc_pos 99732
alloc_pos 99856
alloc_pos 100084
alloc_pos 100208
alloc_pos 100408
alloc_pos 100448
alloc_pos 100708
alloc_pos 100912
alloc_pos 101096
alloc_pos 101180
alloc_pos 101344
alloc_pos 101456
alloc_pos 101624
alloc_pos 101860
alloc_pos 101952
alloc_pos 102184
alloc_pos 102380
alloc_pos 102524
alloc_pos 102616
alloc_pos 102652
alloc_pos 102740
alloc_pos 102928
alloc_pos 102964
alloc_pos 103212
alloc_pos 103312
alloc_pos 103364
alloc_pos 103616
alloc_pos 103696
alloc_pos 103844
alloc_pos 104076
alloc_pos 104276
alloc_pos 104528
alloc_pos 104728
alloc_pos 104968
alloc_pos 105204
alloc_pos 105232
alloc_pos 105384
alloc_pos 105608
alloc_pos 105660
alloc_pos 105820
alloc_pos 105956
alloc_pos 106016
alloc_pos 106056
alloc_pos 106292
alloc_pos 106436
alloc_pos 106464
alloc_pos 106568
alloc_pos 106808
alloc_pos 106844
alloc_pos 106964
alloc_pos 107228
alloc_pos 107428
alloc_pos 107544
alloc_pos 107572
alloc_pos 107828
alloc_pos 107952
alloc_pos 108028
alloc_pos 108168
alloc_pos 108380
alloc_pos 108608
alloc_pos 108772
alloc_pos 108948
alloc_pos 109200
alloc_pos 109292
alloc_pos 109452
alloc_pos 109576
alloc_pos 109804
alloc_pos 109928
alloc_pos 110128
alloc_pos 110168
alloc_pos 110428
alloc_pos 110632
alloc_pos 110816
alloc_pos 110900
alloc_pos 111064
alloc_pos 111176
alloc_pos 111344
alloc_pos 111580
alloc_pos 111672
alloc_pos 111904
alloc_pos 112100
alloc_pos 112244
alloc_pos 112336
alloc_pos 112372
alloc_pos 112460
alloc_pos 112648
alloc_pos 112684
alloc_pos 112932
alloc_pos 113032
alloc_pos 113084
alloc_pos 113336
alloc_pos 113416
alloc_pos 113564
alloc_pos 113796
alloc_pos 113996
alloc_pos 114248
alloc_pos 114448
alloc_pos 114688
alloc_pos 114924
alloc_pos 114952
alloc_pos 115104
alloc_pos 115328
alloc_pos 115380
alloc_pos 115540
alloc_pos 115676
alloc_pos 115736
alloc_pos 115776
alloc_pos 116012
alloc_pos 116156
alloc_pos 116184
alloc_pos 116288
alloc_pos 116528
alloc_pos 116564
alloc_pos 116684
alloc_pos 116948
alloc_pos 117148
alloc_pos 117264
alloc_pos 117292
alloc_pos 117548
alloc_pos 117672
alloc_pos 117748
alloc_pos 117888
alloc_pos 118100
alloc_pos 118328
alloc_pos 118492
alloc_pos 118668
alloc_pos 118920
alloc_pos 119012
alloc_pos 119172
alloc_pos 119296
alloc_pos 119524
alloc_pos 119648
alloc_pos 119848
alloc_pos 119888
alloc_pos 120148
alloc_pos 120352
alloc_pos 120536
alloc_pos 120620
alloc_pos 120784
alloc_pos 120896
alloc_pos 121064
alloc_pos 121300
alloc_pos 121392
alloc_pos 121624
alloc_pos 121820
alloc_pos 121964
alloc_pos 122056
alloc_pos 122092
alloc_pos 122180
alloc_pos 122368
alloc_pos 122404
alloc_pos 122652
alloc_pos 122752
alloc_pos 122804
alloc_pos 123056
alloc_pos 123136
alloc_pos 123284
alloc_pos 123516
alloc_pos 123716
alloc_pos 123968
alloc_pos 124168
alloc_pos 124408
alloc_pos 124644
alloc_pos 124672
alloc_pos 124824
alloc_pos 125048
alloc_pos 125100
alloc_pos 125260
alloc_pos 125396
alloc_pos 125456
alloc_pos 125496
alloc_pos 125732
alloc_pos 125876
alloc_pos 125904
alloc_pos 126008
alloc_pos 126248
alloc_pos 126284
alloc_pos 126404
alloc_pos 126668
alloc_pos 126868
alloc_pos 126984
alloc_pos 127012
alloc_pos 127268
alloc_pos 127392
alloc_pos 127468
alloc_pos 127608
alloc_pos 127820
alloc_pos 128048
alloc_pos 128212
alloc_pos 128388
alloc_pos 128640
alloc_pos 128732
alloc_pos 128892
alloc_pos 129016
alloc_pos 129244
alloc_pos 129368
alloc_pos 129568
alloc_pos 129608
alloc_pos 129868
alloc_pos 130072
alloc_pos 130256
alloc_pos 130340
alloc_pos 130504
alloc_pos 130616
alloc_pos 130784
alloc_pos 131020
alloc_pos 131112
alloc_pos 131344
alloc_pos 131540
alloc_pos 131684
alloc_pos 131776
alloc_pos 131812
alloc_pos 131900
alloc_pos 132088
alloc_pos 132124
alloc_pos 132372
alloc_pos 132472
alloc_pos 132524
alloc_pos 132776
alloc_pos 132856
alloc_pos 133004
alloc_pos 133236
alloc_pos 133436
alloc_pos 133688
alloc_pos 133888
alloc_pos 134128
alloc_pos 134364
alloc_pos 134392
alloc_pos 134544
alloc_pos 134768
alloc_pos 134820
alloc_pos 134980
alloc_pos 135116
alloc_pos 135176
alloc_pos 135216
alloc_pos 135452
alloc_pos 135596
alloc_pos 135624
alloc_pos 135728
alloc_pos 135968
alloc_pos 136004
alloc_pos 136124
alloc_pos 136388
alloc_pos 136588
alloc_pos 136704
alloc_pos 136732
alloc_pos 136988
alloc_pos 137112
alloc_pos 137188
alloc_pos 137328
alloc_pos 137540
alloc_pos 137768
alloc_pos 137932
alloc_pos 138108
alloc_pos 138360
alloc_pos 138452
alloc_pos 138612
alloc_pos 138736
alloc_pos 138964
alloc_pos 139088
alloc_pos 139288
alloc_pos 139328
alloc_pos 139588
alloc_pos 139792
alloc_pos 139976
alloc_pos 140060
alloc_pos 140224
alloc_pos 140336
alloc_pos 140504
alloc_pos 140740
alloc_pos 140832
alloc_pos 141064
alloc_pos 141260
alloc_pos 141404
alloc_pos 141496
alloc_pos 141532
alloc_pos 141620
alloc_pos 141808
alloc_pos 141844
alloc_pos 142092
alloc_pos 142192
alloc_pos 142244
alloc_pos 142496
alloc_pos 142576
alloc_pos 142724
alloc_pos 142956
alloc_pos 143156
alloc_pos 143408
alloc_pos 143608
alloc_pos 143848
alloc_pos 144084
alloc_pos 144112
alloc_pos 144264
alloc_pos 144488
alloc_pos 144540
alloc_pos 144700
alloc_pos 144836
alloc_pos 144896
alloc_pos 144936
alloc_pos 145172
alloc_pos 145316
alloc_pos 145344
alloc_pos 145448
alloc_pos 145688
alloc_pos 145724
alloc_pos 145844
alloc_pos 146108
alloc_pos 146308
alloc_pos 146424
alloc_pos 146452
alloc_pos 146708
alloc_pos 146832
alloc_pos 146908
alloc_pos 147048
alloc_pos 147260
alloc_pos 147488
alloc_pos 147652
alloc_pos 147828
alloc_pos 148080
alloc_pos 148172
alloc_pos 148332
alloc_pos 148456
alloc_pos 148684
alloc_pos 148808
alloc_pos 149008
alloc_pos 149048
alloc_pos 149308
alloc_pos 149512
alloc_pos 149696
alloc_pos 149780
alloc_pos 149944
alloc_pos 150056
alloc_pos 150224
alloc_pos 150460
alloc_pos 150552
alloc_pos 150784
alloc_pos 150980
alloc_pos 151124
alloc_pos 151216
alloc_pos 151252
alloc_pos 151340
alloc_pos 151528
alloc_pos 151564
alloc_pos 151812
alloc_pos 151912
alloc_pos 151964
alloc_pos 152216
alloc_pos 152296
alloc_pos 152444
alloc_pos 152676
alloc_pos 152876
alloc_pos 153128
alloc_pos 153328
alloc_pos 153568
alloc_pos 153804
alloc_pos 153832
alloc_pos 153984
alloc_pos 154208
alloc_pos 154260
alloc_pos 154420
alloc_pos 154556
alloc_pos 154616
alloc_pos 154656
alloc_pos 154892
alloc_pos 155036
alloc_pos 155064
alloc_pos 155168
alloc_pos 155408
alloc_pos 155444
alloc_pos 155564
alloc_pos 155828
alloc_pos 156028
alloc_pos 156144
alloc_pos 156172
alloc_pos 156428
alloc_pos 156552
alloc_pos 156628
alloc_pos 156768
alloc_pos 156980
alloc_pos 157208
alloc_pos 157372
alloc_pos 157548
alloc_pos 157800
alloc_pos 157892
alloc_pos 158052
alloc_pos 158176
alloc_pos 158404
alloc_pos 158528
alloc_pos 158728
alloc_pos 158768
alloc_pos 159028
alloc_pos 159232
alloc_pos 159416
alloc_pos 159500
alloc_pos 159664
alloc_pos 159776
alloc_pos 159944
alloc_pos 160180
alloc_pos 160272
alloc_pos 160504
alloc_pos 160700
alloc_pos 160844
alloc_pos 160936
alloc_pos 160972
alloc_pos 161060
alloc_pos 161248
alloc_pos 161284
alloc_pos 161532
alloc_pos 161632
alloc_pos 161684
alloc_pos 161936
alloc_pos 162016
alloc_pos 162164
alloc_pos 162396
alloc_pos 162596
alloc_pos 162848
alloc_pos 163048
alloc_pos 163288
alloc_pos 163524
alloc_pos 163552
alloc_pos 163704
alloc_pos 163928
alloc_pos 163980
alloc_pos 164140
alloc_pos 164276
alloc_pos 164336
alloc_pos 164376
alloc_pos 164612
alloc_pos 164756
alloc_pos 164784
alloc_pos 164888
alloc_pos 165128
alloc_pos 165164
alloc_pos 165284
alloc_pos 165548
alloc_pos 165748
alloc_pos 165864
alloc_pos 165892
alloc_pos 166148
alloc_pos 166272
alloc_pos 166348
alloc_pos 166488
alloc_pos 166700
alloc_pos 166928
alloc_pos 167092
alloc_pos 167268
alloc_pos 167520
alloc_pos 167612
alloc_pos 167772
alloc_pos 167896
alloc_pos 168124
alloc_pos 168248
alloc_pos 168448
alloc_pos 168488
alloc_pos 168748
alloc_pos 168952
alloc_pos 169136
alloc_pos 169220
alloc_pos 169384
alloc_pos 169496
alloc_pos 169664
alloc_pos 169900
alloc_pos 169992
alloc_pos 170224
alloc_pos 170420
alloc_pos 170564
alloc_pos 170656
alloc_pos 170692
alloc_pos 170780
alloc_pos 170968
alloc_pos 171004
alloc_pos 171252
alloc_pos 171352
alloc_pos 171404
alloc_pos 171656
alloc_pos 171736
alloc_pos 171884
alloc_pos 172116
alloc_pos 172316
alloc_pos 172568
alloc_pos 172768
alloc_pos 173008
alloc_pos 173244
alloc_pos 173272
alloc_pos 173424
alloc_pos 173648
alloc_pos 173700
alloc_pos 173860
alloc_pos 173996
alloc_pos 174056
alloc_pos 174096
alloc_pos 174332
alloc_pos 174476
alloc_pos 174504
alloc_pos 174608
alloc_pos 174848
alloc_pos 174884
alloc_pos 175004
alloc_pos 175268
alloc_pos 175468
alloc_pos 175584
alloc_pos 175612
alloc_pos 175868
alloc_pos 175992
alloc_pos 176068
alloc_pos 176208
alloc_pos 176420
alloc_pos 176648
alloc_pos 176812
alloc_pos 176988
alloc_pos 177240
alloc_pos 177332
alloc_pos 177492
alloc_pos 177616
alloc_pos 177844
alloc_pos 177968
alloc_pos 178168
alloc_pos 178208
alloc_pos 178468
alloc_pos 178672
alloc_pos 178856
alloc_pos 178940
alloc_pos 179104
alloc_pos 179216
alloc_pos 179384
alloc_pos 179620
alloc_pos 179712
alloc_pos 179944
alloc_pos 180140
alloc_pos 180284
alloc_pos 180376
alloc_pos 180412
alloc_pos 180500
alloc_pos 180688
alloc_pos 180724
alloc_pos 180972
alloc_pos 181072
alloc_pos 181124
alloc_pos 181376
alloc_pos 181456
alloc_pos 181604
alloc_pos 181836
alloc_pos 182036
alloc_pos 182288
alloc_pos 182488
alloc_pos 182728
alloc_pos 182964
alloc_pos 182992
alloc_pos 183144
alloc_pos 183368
alloc_pos 183420
alloc_pos 183580
alloc_pos 183716
alloc_pos 183776
alloc_pos 183816
alloc_pos 184052
alloc_pos 184196
alloc_pos 184224
alloc_pos 184328
alloc_pos 184568
alloc_pos 184604
alloc_pos 184724
alloc_pos 184988
alloc_pos 185188
alloc_pos 185304
alloc_pos 185332
alloc_pos 185588
alloc_pos 185712
alloc_pos 185788
alloc_pos 185928
alloc_pos 186140
alloc_pos 186368
alloc_pos 186532
alloc_pos 186708
alloc_pos 186960
alloc_pos 187052
alloc_pos 187212
alloc_pos 187336
alloc_pos 187564
alloc_pos 187688
alloc_pos 187888
alloc_pos 187928
alloc_pos 188188
alloc_pos 188392
alloc_pos 188576
alloc_pos 188660
alloc_pos 188824
alloc_pos 188936
alloc_pos 189104
alloc_pos 189340
alloc_pos 189432
alloc_pos 189664
alloc_pos 189860
alloc_pos 190004
alloc_pos 190096
alloc_pos 190132
alloc_pos 190220
alloc_pos 190408
alloc_pos 190444
alloc_pos 190692
alloc_pos 190792
alloc_pos 190844
alloc_pos 191096
alloc_pos 191176
alloc_pos 191324
alloc_pos 191556
alloc_pos 191756
alloc_pos 192008
alloc_pos 192208
alloc_pos 192448
alloc_pos 192684
alloc_pos 192712
alloc_pos 192864
alloc_pos 193088
alloc_pos 193140
alloc_pos 193300
alloc_pos 193436
alloc_pos 193496
alloc_pos 193536
alloc_pos 193772
alloc_pos 193916
alloc_pos 193944
alloc_pos 194048
alloc_pos 194288
alloc_pos 194324
alloc_pos 194444
alloc_pos 194708
alloc_pos 194908
alloc_pos 195024
alloc_pos 195052
alloc_pos 195308
alloc_pos 195432
alloc_pos 195508
alloc_pos 195648
alloc_pos 195860
alloc_pos 196088
alloc_pos 196252
alloc_pos 196428
alloc_pos 196680
alloc_pos 196772
alloc_pos 196932
alloc_pos 197056
alloc_pos 197284
alloc_pos 197408
alloc_pos 197608
alloc_pos 197648
alloc_pos 197908
alloc_pos 198112
alloc_pos 198296
alloc_pos 198380
alloc_pos 198544
alloc_pos 198656
alloc_pos 198824
alloc_pos 199060
alloc_pos 199152
alloc_pos 199384
alloc_pos 199580
alloc_pos 199724
alloc_pos 199816
alloc_pos 199852
alloc_pos 199940
alloc_pos 200128
alloc_pos 200164
alloc_pos 200412
alloc_pos 200512
alloc_pos 200564
alloc_pos 200816
alloc_pos 200896
alloc_pos 201044
alloc_pos 201276
alloc_pos 201476
alloc_pos 201728
alloc_pos 201928
alloc_pos 202168
alloc_pos 202404
alloc_pos 202432
alloc_pos 202584
alloc_pos 202808
alloc_pos 202860
alloc_pos 203020
alloc_pos 203156
alloc_pos 203216
alloc_pos 203256
alloc_pos 203492
alloc_pos 203636
alloc_pos 203664
alloc_pos 203768
alloc_pos 204008
alloc_pos 204044
alloc_pos 204164
alloc_pos 204428
alloc_pos 204628
alloc_pos 204744
alloc_pos 204772
alloc_pos 205028
alloc_pos 205152
alloc_pos 205228
alloc_pos 205368
alloc_pos 205580
alloc_pos 205808
alloc_pos 205972
alloc_pos 206148
alloc_pos 206400
alloc_pos 206492
alloc_pos 206652
alloc_pos 206776
alloc_pos 207004
alloc_pos 207128
alloc_pos 207328
alloc_pos 207368
alloc_pos 207628
alloc_pos 207832
alloc_pos 208016
alloc_pos 208100
alloc_pos 208264
alloc_pos 208376
alloc_pos 208544
alloc_pos 208780
alloc_pos 208872
alloc_pos 209104
alloc_pos 209300
alloc_pos 209444
alloc_pos 209536
alloc_pos 209572
alloc_pos 209660
alloc_pos 209848
alloc_pos 209884
alloc_pos 210132
alloc_pos 210232
alloc_pos 210284
alloc_pos 210536
alloc_pos 210616
alloc_pos 210764
alloc_pos 210996
alloc_pos 211196
alloc_pos 211448
alloc_pos 211648
alloc_pos 211888
alloc_pos 212124
alloc_pos 212152
alloc_pos 212304
alloc_pos 212528
alloc_pos 212580
alloc_pos 212740
alloc_pos 212876
alloc_pos 212936
alloc_pos 212976
alloc_pos 213212
alloc_pos 213356
alloc_pos 213384
alloc_pos 213488
alloc_pos 213728
alloc_pos 213764
alloc_pos 213884
alloc_pos 214148
alloc_pos 214348
alloc_pos 214464
alloc_pos 214492
alloc_pos 214748
alloc_pos 214872
alloc_pos 214948
alloc_pos 215088
alloc_pos 215300
alloc_pos 215528
alloc_pos 215692
alloc_pos 215868
alloc_pos 216120
alloc_pos 216212
alloc_pos 216372
alloc_pos 216496
alloc_pos 216724
alloc_pos 216848
alloc_pos 217048
alloc_pos 217088
alloc_pos 217348
alloc_pos 217552
alloc_pos 217736
alloc_pos 217820
alloc_pos 217984
alloc_pos 218096
alloc_pos 218264
alloc_pos 218500
alloc_pos 218592
alloc_pos 218824
alloc_pos 219020
alloc_pos 219164
alloc_pos 219256
alloc_pos 219292
alloc_pos 219380
alloc_pos 219568
alloc_pos 219604
alloc_pos 219852
alloc_pos 219952
alloc_pos 220004
alloc_pos 220256
alloc_pos 220336
alloc_pos 220484
alloc_pos 220716
alloc_pos 220916
alloc_pos 221168
alloc_pos 221368
alloc_pos 221608
alloc_pos 221844
alloc_pos 221872
alloc_pos 222024
alloc_pos 222248
alloc_pos 222300
alloc_pos 222460
alloc_pos 222596
alloc_pos 222656
alloc_pos 222696
alloc_pos 222932
alloc_pos 223076
alloc_pos 223104
alloc_pos 223208
alloc_pos 223448
alloc_pos 223484
alloc_pos 223604
alloc_pos 223868
alloc_pos 224068
alloc_pos 224184
alloc_pos 224212
alloc_pos 224468
alloc_pos 224592
alloc_pos 224668
alloc_pos 224808
alloc_pos 225020
alloc_pos 225248
alloc_pos 225412
alloc_pos 225588
alloc_pos 225840
alloc_pos 225932
alloc_pos 226092
alloc_pos 226216
alloc_pos 226444
alloc_pos 226568
alloc_pos 226768
alloc_pos 226808
alloc_pos 227068
alloc_pos 227272
alloc_pos 227456
alloc_pos 227540
alloc_pos 227704
alloc_pos 227816
alloc_pos 227984
alloc_pos 228220
alloc_pos 228312
alloc_pos 228544
alloc_pos 228740
alloc_pos 228884
alloc_pos 228976
alloc_pos 229012
alloc_pos 229100
alloc_pos 229288
alloc_pos 229324
alloc_pos 229572
alloc_pos 229672
alloc_pos 229724
alloc_pos 229976
alloc_pos 230056
alloc_pos 230204
alloc_pos 230436
alloc_pos 230636
alloc_pos 230888
alloc_pos 231088
alloc_pos 231328
alloc_pos 231564
alloc_pos 231592
alloc_pos 231744
alloc_pos 231968
alloc_pos 232020
alloc_pos 232180
alloc_pos 232316
alloc_pos 232376
alloc_pos 232416
alloc_pos 232652
alloc_pos 232796
alloc_pos 232824
alloc_pos 232928
alloc_pos 233168
alloc_pos 233204
alloc_pos 233324
alloc_pos 233588
alloc_pos 233788
alloc_pos 233904
alloc_pos 233932
alloc_pos 234188
alloc_pos 234312
alloc_pos 234388
alloc_pos 234528
alloc_pos 234740
alloc_pos 234968
alloc_pos 235132
alloc_pos 235308
alloc_pos 235560
alloc_pos 235652
alloc_pos 235812
alloc_pos 235936
alloc_pos 236164
alloc_pos 236288
alloc_pos 236488
alloc_pos 236528
alloc_pos 236788
alloc_pos 236992
alloc_pos 237176
alloc_pos 237260
alloc_pos 237424
alloc_pos 237536
alloc_pos 237704
alloc_pos 237940
alloc_pos 238032
alloc_pos 238264
alloc_pos 238460
alloc_pos 238604
alloc_pos 238696
alloc_pos 238732
alloc_pos 238820
alloc_pos 239008
alloc_pos 239044
alloc_pos 239292
alloc_pos 239392
alloc_pos 239444
alloc_pos 239696
alloc_pos 239776
alloc_pos 239924
alloc_pos 240156
alloc_pos 240356
alloc_pos 240608
alloc_pos 240808
alloc_pos 241048
alloc_pos 241284
alloc_pos 241312
alloc_pos 241464
alloc_pos 241688
alloc_pos 241740
alloc_pos 241900
alloc_pos 242036
alloc_pos 242096
alloc_pos 242136
alloc_pos 242372
alloc_pos 242516
alloc_pos 242544
alloc_pos 242648
alloc_pos 242888
alloc_pos 242924
alloc_pos 243044
alloc_pos 243308
alloc_pos 243508
alloc_pos 243624
alloc_pos 243652
alloc_pos 243908
alloc_pos 244032
alloc_pos 244108
alloc_pos 244248
alloc_pos 244460
alloc_pos 244688
alloc_pos 244852
alloc_pos 245028
alloc_pos 245280
alloc_pos 245372
alloc_pos 245532
alloc_pos 245656
alloc_pos 245884
alloc_pos 246008
alloc_pos 246208
alloc_pos 246248
alloc_pos 246508
alloc_pos 246712
alloc_pos 246896
alloc_pos 246980
alloc_pos 247144
alloc_pos 247256
alloc_pos 247424
alloc_pos 247660
alloc_pos 247752
alloc_pos 247984
alloc_pos 248180
alloc_pos 248324
alloc_pos 248416
alloc_pos 248452
alloc_pos 248540
alloc_pos 248728
alloc_pos 248764
alloc_pos 249012
alloc_pos 249112
alloc_pos 249164
alloc_pos 249416
alloc_pos 249496
alloc_pos 249644
alloc_pos 249876
alloc_pos 250076
alloc_pos 250328
alloc_pos 250528
alloc_pos 250768
alloc_pos 251004
alloc_pos 251032
alloc_pos 251184
alloc_pos 251408
alloc_pos 251460
alloc_pos 251620
alloc_pos 251756
alloc_pos 251816
alloc_pos 251856
alloc_pos 252092
alloc_pos 252236
alloc_pos 252264
alloc_pos 252368
alloc_pos 252608
alloc_pos 252644
alloc_pos 252764
alloc_pos 253028
alloc_pos 253228
alloc_pos 253344
alloc_pos 253372
alloc_pos 253628
alloc_pos 253752
alloc_pos 253828
alloc_pos 253968
alloc_pos 254180
alloc_pos 254408
alloc_pos 254572
alloc_pos 254748
alloc_pos 255000
alloc_pos 255092
alloc_pos 255252
alloc_pos 255376
alloc_pos 255604
alloc_pos 255728
alloc_pos 255928
alloc_pos 255968
alloc_pos 256228
alloc_pos 256432
alloc_pos 256616
alloc_pos 256700
alloc_pos 256864
alloc_pos 256976
alloc_pos 257144
alloc_pos 257380
alloc_pos 257472
alloc_pos 257704
alloc_pos 257900
alloc_pos 258044
alloc_pos 258136
alloc_pos 258172
alloc_pos 258260
alloc_pos 258448
alloc_pos 258484
alloc_pos 258732
alloc_pos 258832
alloc_pos 258884
alloc_pos 259136
alloc_pos 259216
alloc_pos 259364
alloc_pos 259596
alloc_pos 259796
alloc_pos 260048
alloc_pos 260248
alloc_pos 260488
alloc_pos 260724
alloc_pos 260752
alloc_pos 260904
alloc_pos 261128
alloc_pos 261180
alloc_pos 261340
alloc_pos 261476
alloc_pos 261536
alloc_pos 261576
alloc_pos 261812
alloc_pos 261956
alloc_pos 261984
alloc_pos 262088
alloc_pos 262328
alloc_pos 262364
alloc_pos 262484
alloc_pos 262748
alloc_pos 262948
alloc_pos 263064
alloc_pos 263092
alloc_pos 263348
alloc_pos 263472
alloc_pos 263548
alloc_pos 263688
alloc_pos 263900
alloc_pos 264128
alloc_pos 264292
alloc_pos 264468
alloc_pos 264720
alloc_pos 264812
alloc_pos 264972
alloc_pos 265096
alloc_pos 265324
alloc_pos 265448
alloc_pos 265648
alloc_pos 265688
alloc_pos 265948
alloc_pos 266152
alloc_pos 266336
alloc_pos 266420
alloc_pos 266584
alloc_pos 266696
alloc_pos 266864
alloc_pos 267100
alloc_pos 267192
alloc_pos 267424
alloc_pos 267620
alloc_pos 267764
alloc_pos 267856
alloc_pos 267892
alloc_pos 267980
alloc_pos 268168
alloc_pos 268204
alloc_pos 268452
alloc_pos 268552
alloc_pos 268604
alloc_pos 268856
alloc_pos 268936
alloc_pos 269084
alloc_pos 269316
alloc_pos 269516
alloc_pos 269768
alloc_pos 269968
alloc_pos 270208
alloc_pos 270444
alloc_pos 270472
alloc_pos 270624
alloc_pos 270848
alloc_pos 270900
alloc_pos 271060
alloc_pos 271196
alloc_pos 271256
alloc_pos 271296
alloc_pos 271532
alloc_pos 271676
alloc_pos 271704
alloc_pos 271808
alloc_pos 272048
alloc_pos 272084
alloc_pos 272204
alloc_pos 272468
alloc_pos 272668
alloc_pos 272784
alloc_pos 272812
alloc_pos 273068
alloc_pos 273192
alloc_pos 273268
alloc_pos 273408
alloc_pos 273620
alloc_pos 273848
alloc_pos 274012
alloc_pos 274188
alloc_pos 274440
alloc_pos 274532
alloc_pos 274692
alloc_pos 274816
alloc_pos 275044
alloc_pos 275168
alloc_pos 275368
alloc_pos 275408
alloc_pos 275668
alloc_pos 275872
alloc_pos 276056
alloc_pos 276140
alloc_pos 276304
alloc_pos 276416
alloc_pos 276584
alloc_pos 276820
alloc_pos 276912
alloc_pos 277144
alloc_pos 277340
alloc_pos 277484
alloc_pos 277576
alloc_pos 277612
alloc_pos 277700
alloc_pos 277888
alloc_pos 277924
alloc_pos 278172
alloc_pos 278272
alloc_pos 278324
alloc_pos 278576
alloc_pos 278656
alloc_pos 278804
alloc_pos 279036
alloc_pos 279236
alloc_pos 279488
alloc_pos 279688
alloc_pos 279928
alloc_pos 280164
alloc_pos 280192
alloc_pos 280344
alloc_pos 280568
alloc_pos 280620
alloc_pos 280780
alloc_pos 280916
alloc_pos 280976
alloc_pos 281016
alloc_pos 281252
alloc_pos 281396
alloc_pos 281424
alloc_pos 281528
alloc_pos 281768
alloc_pos 281804
alloc_pos 281924
alloc_pos 282188
alloc_pos 282388
alloc_pos 282504
alloc_pos 282532
alloc_pos 282788
alloc_pos 282912
alloc_pos 282988
alloc_pos 283128
alloc_pos 283340
alloc_pos 283568
alloc_pos 283732
alloc_pos 283908
alloc_pos 284160
alloc_pos 284252
alloc_pos 284412
alloc_pos 284536
alloc_pos 284764
alloc_pos 284888
alloc_pos 285088
alloc_pos 285128
alloc_pos 285388
alloc_pos 285592
alloc_pos 285776
alloc_pos 285860
alloc_pos 286024
alloc_pos 286136
alloc_pos 286304
alloc_pos 286540
alloc_pos 286632
alloc_pos 286864
alloc_pos 287060
alloc_pos 287204
alloc_pos 287296
alloc_pos 287332
alloc_pos 287420
alloc_pos 287608
alloc_pos 287644
alloc_pos 287892
alloc_pos 287992
alloc_pos 288044
alloc_pos 288296
alloc_pos 288376
alloc_pos 288524
alloc_pos 288756
alloc_pos 288956
alloc_pos 289208
alloc_pos 289408
alloc_pos 289648
alloc_pos 289884
alloc_pos 289912
alloc_pos 290064
alloc_pos 290288
alloc_pos 290340
alloc_pos 290500
alloc_pos 290636
alloc_pos 290696
alloc_pos 290736
alloc_pos 290972
alloc_pos 291116
alloc_pos 291144
alloc_pos 291248
alloc_pos 291488
alloc_pos 291524
alloc_pos 291644
alloc_pos 291908
alloc_pos 292108
alloc_pos 292224
alloc_pos 292252
alloc_pos 292508
alloc_pos 292632
alloc_pos 292708
alloc_pos 292848
alloc_pos 293060
alloc_pos 293288
alloc_pos 293452
alloc_pos 293628
alloc_pos 293880
alloc_pos 293972
alloc_pos 294132
alloc_pos 294256
alloc_pos 294484
alloc_pos 294608
alloc_pos 294808
alloc_pos 294848
alloc_pos 295108
alloc_pos 295312
alloc_pos 295496
alloc_pos 295580
alloc_pos 295744
alloc_pos 295856
alloc_pos 296024
alloc_pos 296260
alloc_pos 296352
alloc_pos 296584
alloc_pos 296780
alloc_pos 296924
alloc_pos 297016
alloc_pos 297052
alloc_pos 297140
alloc_pos 297328
alloc_pos 297364
alloc_pos 297612
alloc_pos 297712
alloc_pos 297764
alloc_pos 298016
alloc_pos 298096
alloc_pos 298244
alloc_pos 298476
alloc_pos 298676
alloc_pos 298928
alloc_pos 299128
alloc_pos 299368
alloc_pos 299604
alloc_pos 299632
alloc_pos 299784
alloc_pos 300008
alloc_pos 300060
alloc_pos 300220
alloc_pos 300356
alloc_pos 300416
alloc_pos 300456
alloc_pos 300692
alloc_pos 300836
alloc_pos 300864
alloc_pos 300968
alloc_pos 301208
alloc_pos 301244
alloc_pos 301364
alloc_pos 301628
alloc_pos 301828
alloc_pos 301944
alloc_pos 301972
alloc_pos 302228
alloc_pos 302352
alloc_pos 302428
alloc_pos 302568
alloc_pos 302780
alloc_pos 303008
alloc_pos 303172
alloc_pos 303348
alloc_pos 303600
alloc_pos 303692
alloc_pos 303852
alloc_pos 303976
alloc_pos 304204
alloc_pos 304328
alloc_pos 304528
alloc_pos 304568
alloc_pos 304828
alloc_pos 305032
alloc_pos 305216
alloc_pos 305300
alloc_pos 305464
alloc_pos 305576
alloc_pos 305744
alloc_pos 305980
alloc_pos 306072
alloc_pos 306304
alloc_pos 306500
alloc_pos 306644
alloc_pos 306736
alloc_pos 306772
alloc_pos 306860
alloc_pos 307048
alloc_pos 307084
alloc_pos 307332
alloc_pos 307432
alloc_pos 307484
alloc_pos 307736
alloc_pos 307816
alloc_pos 307964
alloc_pos 308196
alloc_pos 308396
alloc_pos 308648
alloc_pos 308848
alloc_pos 309088
alloc_pos 309324
alloc_pos 309352
alloc_pos 309504
alloc_pos 309728
alloc_pos 309780
alloc_pos 309940
alloc_pos 310076
alloc_pos 310136
alloc_pos 310176
alloc_pos 310412
alloc_pos 310556
alloc_pos 310584
alloc_pos 310688
alloc_pos 310928
alloc_pos 310964
alloc_pos 311084
alloc_pos 311348
alloc_pos 311548
alloc_pos 311664
alloc_pos 311692
alloc_pos 311948
alloc_pos 312072
alloc_pos 312148
alloc_pos 312288
alloc_pos 312500
alloc_pos 312728
alloc_pos 312892
alloc_pos 313068
alloc_pos 313320
alloc_pos 313412
alloc_pos 313572
alloc_pos 313696
alloc_pos 313924
alloc_pos 314048
alloc_pos 314248
alloc_pos 314288
alloc_pos 314548
alloc_pos 314752
alloc_pos 314936
alloc_pos 315020
alloc_pos 315184
alloc_pos 315296
alloc_pos 315464
alloc_pos 315700
alloc_pos 315792
alloc_pos 316024
alloc_pos 316220
alloc_pos 316364
alloc_pos 316456
alloc_pos 316492
alloc_pos 316580
alloc_pos 316768
alloc_pos 316804
alloc_pos 317052
alloc_pos 317152
alloc_pos 317204
alloc_pos 317456
alloc_pos 317536
alloc_pos 317684
alloc_pos 317916
alloc_pos 318116
alloc_pos 318368
alloc_pos 318568
alloc_pos 318808
alloc_pos 319044
alloc_pos 319072
alloc_pos 319224
alloc_pos 319448
alloc_pos 319500
alloc_pos 319660
alloc_pos 319796
alloc_pos 319856
alloc_pos 319896
alloc_pos 320132
alloc_pos 320276
alloc_pos 320304
alloc_pos 320408
alloc_pos 320648
alloc_pos 320684
alloc_pos 320804
alloc_pos 321068
alloc_pos 321268
alloc_pos 321384
alloc_pos 321412
alloc_pos 321668
alloc_pos 321792
alloc_pos 321868
alloc_pos 322008
alloc_pos 322220
alloc_pos 322448
alloc_pos 322612
alloc_pos 322788
alloc_pos 323040
alloc_pos 323132
alloc_pos 323292
alloc_pos 323416
alloc_pos 323644
alloc_pos 323768
alloc_pos 323968
alloc_pos 324008
alloc_pos 324268
alloc_pos 324472
alloc_pos 324656
alloc_pos 324740
alloc_pos 324904
alloc_pos 325016
alloc_pos 325184
alloc_pos 325420
alloc_pos 325512
alloc_pos 325744
alloc_pos 325940
alloc_pos 326084
alloc_pos 326176
alloc_pos 326212
alloc_pos 326300
alloc_pos 326488
alloc_pos 326524
alloc_pos 326772
alloc_pos 326872
alloc_pos 326924
alloc_pos 327176
alloc_pos 327256
alloc_pos 327404
alloc_pos 327636
alloc_pos 327836
alloc_pos 328088
alloc_pos 328288
alloc_pos 328528
alloc_pos 328764
alloc_pos 328792
alloc_pos 328944
alloc_pos 329168
alloc_pos 329220
alloc_pos 329380
alloc_pos 329516
alloc_pos 329576
alloc_pos 329616
alloc_pos 329852
alloc_pos 329996
alloc_pos 330024
alloc_pos 330128
alloc_pos 330368
alloc_pos 330404
alloc_pos 330524
alloc_pos 330788
alloc_pos 330988
alloc_pos 331104
alloc_pos 331132
alloc_pos 331388
alloc_pos 331512
alloc_pos 331588
alloc_pos 331728
alloc_pos 331940
alloc_pos 332168
alloc_pos 332332
alloc_pos 332508
alloc_pos 332760
alloc_pos 332852
alloc_pos 333012
alloc_pos 333136
alloc_pos 333364
alloc_pos 333488
alloc_pos 333688
alloc_pos 333728
alloc_pos 333988
alloc_pos 334192
alloc_pos 334376
alloc_pos 334460
alloc_pos 334624
alloc_pos 334736
alloc_pos 334904
alloc_pos 335140
alloc_pos 335232
alloc_pos 335464
alloc_pos 335660
alloc_pos 335804
alloc_pos 335896
alloc_pos 335932
alloc_pos 336020
alloc_pos 336208
alloc_pos 336244
alloc_pos 336492
alloc_pos 336592
alloc_pos 336644
alloc_pos 336896
alloc_pos 336976
alloc_pos 337124
alloc_pos 337356
alloc_pos 337556
alloc_pos 337808
alloc_pos 338008
alloc_pos 338248
alloc_pos 338484
alloc_pos 338512
alloc_pos 338664
alloc_pos 338888
alloc_pos 338940
alloc_pos 339100
alloc_pos 339236
alloc_pos 339296
alloc_pos 339336
alloc_pos 339572
alloc_pos 339716
alloc_pos 339744
alloc_pos 339848
alloc_pos 340088
alloc_pos 340124
alloc_pos 340244
alloc_pos 340508
alloc_pos 340708
alloc_pos 340824
alloc_pos 340852
alloc_pos 341108
alloc_pos 341232
alloc_pos 341308
alloc_pos 341448
alloc_pos 341660
alloc_pos 341888
alloc_pos 342052
alloc_pos 342228
alloc_pos 342480
alloc_pos 342572
alloc_pos 342732
alloc_pos 342856
alloc_pos 343084
alloc_pos 343208
alloc_pos 343408
alloc_pos 343448
alloc_pos 343708
alloc_pos 343912
alloc_pos 344096
alloc_pos 344180
alloc_pos 344344
alloc_pos 344456
alloc_pos 344624
alloc_pos 344860
alloc_pos 344952
alloc_pos 345184
alloc_pos 345380
alloc_pos 345524
alloc_pos 345616
alloc_pos 345652
alloc_pos 345740
alloc_pos 345928
alloc_pos 345964
alloc_pos 346212
alloc_pos 346312
alloc_pos 346364
alloc_pos 346616
alloc_pos 346696
alloc_pos 346844
alloc_pos 347076
alloc_pos 347276
alloc_pos 347528
alloc_pos 347728
alloc_pos 347968
alloc_pos 348204
alloc_pos 348232
alloc_pos 348384
alloc_pos 348608
alloc_pos 348660
alloc_pos 348820
alloc_pos 348956
alloc_pos 349016
alloc_pos 349056
alloc_pos 349292
alloc_pos 349436
alloc_pos 349464
alloc_pos 349568
alloc_pos 349808
alloc_pos 349844
alloc_pos 349964
alloc_pos 350228
alloc_pos 350428
alloc_pos 350544
alloc_pos 350572
alloc_pos 350828
alloc_pos 350952
alloc_pos 351028
alloc_pos 351168
alloc_pos 351380
alloc_pos 351608
alloc_pos 351772
alloc_pos 351948
alloc_pos 352200
alloc_pos 352292
alloc_pos 352452
alloc_pos 352576
alloc_pos 352804
alloc_pos 352928
alloc_pos 353128
alloc_pos 353168
alloc_pos 353428
alloc_pos 353632
alloc_pos 353816
alloc_pos 353900
alloc_pos 354064
alloc_pos 354176
alloc_pos 354344
alloc_pos 354580
alloc_pos 354672
alloc_pos 354904
alloc_pos 355100
alloc_pos 355244
alloc_pos 355336
alloc_pos 355372
alloc_pos 355460
alloc_pos 355648
alloc_pos 355684
alloc_pos 355932
alloc_pos 356032
alloc_pos 356084
alloc_pos 356336
alloc_pos 356416
alloc_pos 356564
alloc_pos 356796
alloc_pos 356996
alloc_pos 357248
alloc_pos 357448
alloc_pos 357688
alloc_pos 357924
alloc_pos 357952
alloc_pos 358104
alloc_pos 358328
alloc_pos 358380
alloc_pos 358540
alloc_pos 358676
alloc_pos 358736
alloc_pos 358776
alloc_pos 359012
alloc_pos 359156
alloc_pos 359184
alloc_pos 359288
alloc_pos 359528
alloc_pos 359564
alloc_pos 359684
alloc_pos 359948
alloc_pos 360148
alloc_pos 360264
alloc_pos 360292
alloc_pos 360548
alloc_pos 360672
alloc_pos 360748
alloc_pos 360888
alloc_pos 361100
alloc_pos 361328
alloc_pos 361492
alloc_pos 361668
alloc_pos 361920
alloc_pos 362012
alloc_pos 362172
alloc_pos 362296
alloc_pos 362524
alloc_pos 362648
alloc_pos 362848
alloc_pos 362888
alloc_pos 363148
alloc_pos 363352
alloc_pos 363536
alloc_pos 363620
alloc_pos 363784
alloc_pos 363896
alloc_pos 364064
alloc_pos 364300
alloc_pos 364392
alloc_pos 364624
alloc_pos 364820
alloc_pos 364964
alloc_pos 365056
alloc_pos 365092
alloc_pos 365180
alloc_pos 365368
alloc_pos 365404
alloc_pos 365652
alloc_pos 365752
alloc_pos 365804
alloc_pos 366056
alloc_pos 366136
alloc_pos 366284
alloc_pos 366516
alloc_pos 366716
alloc_pos 366968
alloc_pos 367168
alloc_pos 367408
alloc_pos 367644
alloc_pos 367672
alloc_pos 367824
alloc_pos 368048
alloc_pos 368100
alloc_pos 368260
alloc_pos 368396
alloc_pos 368456
alloc_pos 368496
alloc_pos 368732
alloc_pos 368876
alloc_pos 368904
alloc_pos 369008
alloc_pos 369248
alloc_pos 369284
alloc_pos 369404
alloc_pos 369668
alloc_pos 369868
alloc_pos 369984
alloc_pos 370012
alloc_pos 370268
alloc_pos 370392
alloc_pos 370468
alloc_pos 370608
alloc_pos 370820
alloc_pos 371048
alloc_pos 371212
alloc_pos 371388
alloc_pos 371640
alloc_pos 371732
alloc_pos 371892
alloc_pos 372016
alloc_pos 372244
alloc_pos 372368
alloc_pos 372568
alloc_pos 372608
alloc_pos 372868
alloc_pos 373072
alloc_pos 373256
alloc_pos 373340
alloc_pos 373504
alloc_pos 373616
alloc_pos 373784
alloc_pos 374020
alloc_pos 374112
alloc_pos 374344
alloc_pos 374540
alloc_pos 374684
alloc_pos 374776
alloc_pos 374812
alloc_pos 374900
alloc_pos 375088
alloc_pos 375124
alloc_pos 375372
alloc_pos 375472
alloc_pos 375524
alloc_pos 375776
alloc_pos 375856
alloc_pos 376004
alloc_pos 376236
alloc_pos 376436
alloc_pos 376688
alloc_pos 376888
alloc_pos 377128
alloc_pos 377364
alloc_pos 377392
alloc_pos 377544
alloc_pos 377768
alloc_pos 377820
alloc_pos 377980
alloc_pos 378116
alloc_pos 378176
alloc_pos 378216
alloc_pos 378452
alloc_pos 378596
alloc_pos 378624
alloc_pos 378728
alloc_pos 378968
alloc_pos 379004
alloc_pos 379124
alloc_pos 379388
alloc_pos 379588
alloc_pos 379704
alloc_pos 379732
alloc_pos 379988
alloc_pos 380112
alloc_pos 380188
alloc_pos 380328
alloc_pos 380540
alloc_pos 380768
alloc_pos 380932
alloc_pos 381108
alloc_pos 381360
alloc_pos 381452
alloc_pos 381612
alloc_pos 381736
alloc_pos 381964
alloc_pos 382088
alloc_pos 382288
alloc_pos 382328
alloc_pos 382588
alloc_pos 382792
alloc_pos 382976
alloc_pos 383060
alloc_pos 383224
alloc_pos 383336
alloc_pos 383504
alloc_pos 383740
alloc_pos 383832
alloc_pos 384064
alloc_pos 384260
alloc_pos 384404
alloc_pos 384496
alloc_pos 384532
alloc_pos 384620
alloc_pos 384808
alloc_pos 384844
alloc_pos 385092
alloc_pos 385192
alloc_pos 385244
alloc_pos 385496
alloc_pos 385576
alloc_pos 385724
alloc_pos 385956
alloc_pos 386156
alloc_pos 386408
alloc_pos 386608
alloc_pos 386848
alloc_pos 387084
alloc_pos 387112
alloc_pos 387264
alloc_pos 387488
alloc_pos 387540
alloc_pos 387700
alloc_pos 387836
alloc_pos 387896
alloc_pos 387936
alloc_pos 388172
alloc_pos 388316
alloc_pos 388344
alloc_pos 388448
alloc_pos 388688
alloc_pos 388724
alloc_pos 388844
alloc_pos 389108
alloc_pos 389308
alloc_pos 389424
alloc_pos 389452
alloc_pos 389708
alloc_pos 389832
alloc_pos 389908
alloc_pos 390048
alloc_pos 390260
alloc_pos 390488
alloc_pos 390652
alloc_pos 390828
alloc_pos 391080
alloc_pos 391172
alloc_pos 391332
alloc_pos 391456
alloc_pos 391684
alloc_pos 391808
alloc_pos 392008
alloc_pos 392048
alloc_pos 392308
alloc_pos 392512
alloc_pos 392696
alloc_pos 392780
alloc_pos 392944
alloc_pos 393056
alloc_pos 393224
alloc_pos 393460
alloc_pos 393552
alloc_pos 393784
alloc_pos 393980
alloc_pos 394124
alloc_pos 394216
alloc_pos 394252
alloc_pos 394340
alloc_pos 394528
alloc_pos 394564
alloc_pos 394812
alloc_pos 394912
alloc_pos 394964
alloc_pos 395216
alloc_pos 395296
alloc_pos 395444
alloc_pos 395676
alloc_pos 395876
alloc_pos 396128
alloc_pos 396328
alloc_pos 396568
alloc_pos 396804
alloc_pos 396832
alloc_pos 396984
alloc_pos 397208
alloc_pos 397260
alloc_pos 397420
alloc_pos 397556
alloc_pos 397616
alloc_pos 397656
alloc_pos 397892
alloc_pos 398036
alloc_pos 398064
alloc_pos 398168
alloc_pos 398408
alloc_pos 398444
alloc_pos 398564
alloc_pos 398828
alloc_pos 399028
alloc_pos 399144
alloc_pos 399172
alloc_pos 399428
alloc_pos 399552
alloc_pos 399628
alloc_pos 399768
alloc_pos 399980
alloc_pos 400208
alloc_pos 400372
alloc_pos 400548
alloc_pos 400800
alloc_pos 400892
alloc_pos 401052
alloc_pos 401176
alloc_pos 401404
alloc_pos 401528
alloc_pos 401728
alloc_pos 401768
alloc_pos 402028
alloc_pos 402232
alloc_pos 402416
alloc_pos 402500
alloc_pos 402664
alloc_pos 402776
alloc_pos 402944
alloc_pos 403180
alloc_pos 403272
alloc_pos 403504
alloc_pos 403700
alloc_pos 403844
alloc_pos 403936
alloc_pos 403972
alloc_pos 404060
alloc_pos 404248
alloc_pos 404284
alloc_pos 404532
alloc_pos 404632
alloc_pos 404684
alloc_pos 404936
alloc_pos 405016
alloc_pos 405164
alloc_pos 405396
alloc_pos 405596
alloc_pos 405848
alloc_pos 406048
alloc_pos 406288
alloc_pos 406524
alloc_pos 406552
alloc_pos 406704
alloc_pos 406928
alloc_pos 406980
alloc_pos 407140
alloc_pos 407276
alloc_pos 407336
alloc_pos 407376
alloc_pos 407612
alloc_pos 407756
alloc_pos 407784
alloc_pos 407888
alloc_pos 408128
alloc_pos 408164
alloc_pos 408284
alloc_pos 408548
alloc_pos 408748
alloc_pos 408864
alloc_pos 408892
alloc_pos 409148
alloc_pos 409272
alloc_pos 409348
alloc_pos 409488
alloc_pos 409700
alloc_pos 409928
alloc_pos 410092
alloc_pos 410268
alloc_pos 410520
alloc_pos 410612
alloc_pos 410772
alloc_pos 410896
alloc_pos 411124
alloc_pos 411248
alloc_pos 411448
alloc_pos 411488
alloc_pos 411748
alloc_pos 411952
alloc_pos 412136
alloc_pos 412220
alloc_pos 412384
alloc_pos 412496
alloc_pos 412664
alloc_pos 412900
alloc_pos 412992
alloc_pos 413224
alloc_pos 413420
alloc_pos 413564
alloc_pos 413656
alloc_pos 413692
alloc_pos 413780
alloc_pos 413968
alloc_pos 414004
alloc_pos 414252
alloc_pos 414352
alloc_pos 414404
alloc_pos 414656
alloc_pos 414736
alloc_pos 414884
alloc_pos 415116
alloc_pos 415316
alloc_pos 415568
alloc_pos 415768
alloc_pos 416008
alloc_pos 416244
alloc_pos 416272
alloc_pos 416424
alloc_pos 416648
alloc_pos 416700
alloc_pos 416860
alloc_pos 416996
alloc_pos 417056
alloc_pos 417096
alloc_pos 417332
alloc_pos 417476
alloc_pos 417504
alloc_pos 417608
alloc_pos 417848
alloc_pos 417884
alloc_pos 418004
alloc_pos 418268
alloc_pos 418468
alloc_pos 418584
alloc_pos 418612
alloc_pos 418868
alloc_pos 418992
alloc_pos 419068
alloc_pos 419208
alloc_pos 419420
alloc_pos 419648
alloc_pos 419812
alloc_pos 419988
alloc_pos 420240
alloc_pos 420332
alloc_pos 420492
alloc_pos 420616
alloc_pos 420844
alloc_pos 420968
alloc_pos 421168
alloc_pos 421208
alloc_pos 421468
alloc_pos 421672
alloc_pos 421856
alloc_pos 421940
alloc_pos 422104
alloc_pos 422216
alloc_pos 422384
alloc_pos 422620
alloc_pos 422712
alloc_pos 422944
alloc_pos 423140
alloc_pos 423284
alloc_pos 423376
alloc_pos 423412
alloc_pos 423500
alloc_pos 423688
alloc_pos 423724
alloc_pos 423972
alloc_pos 424072
alloc_pos 424124
alloc_pos 424376
alloc_pos 424456
alloc_pos 424604
alloc_pos 424836
alloc_pos 425036
alloc_pos 425288
alloc_pos 425488
alloc_pos 425728
alloc_pos 425964
alloc_pos 425992
alloc_pos 426144
alloc_pos 426368
alloc_pos 426420
alloc_pos 426580
alloc_pos 426716
alloc_pos 426776
alloc_pos 426816
alloc_pos 427052
alloc_pos 427196
alloc_pos 427224
alloc_pos 427328
alloc_pos 427568
alloc_pos 427604
alloc_pos 427724
alloc_pos 427988
alloc_pos 428188
alloc_pos 428304
alloc_pos 428332
alloc_pos 428588
alloc_pos 428712
alloc_pos 428788
alloc_pos 428928
alloc_pos 429140
alloc_pos 429368
alloc_pos 429532
alloc_pos 429708
alloc_pos 429960
alloc_pos 430052
alloc_pos 430212
alloc_pos 430336
alloc_pos 430564
alloc_pos 430688
alloc_pos 430888
alloc_pos 430928
alloc_pos 431188
alloc_pos 431392
alloc_pos 431576
alloc_pos 431660
alloc_pos 431824
alloc_pos 431936
alloc_pos 432104
alloc_pos 432340
alloc_pos 432432
alloc_pos 432664
alloc_pos 432860
alloc_pos 433004
alloc_pos 433096
alloc_pos 433132
alloc_pos 433220
alloc_pos 433408
alloc_pos 433444
alloc_pos 433692
alloc_pos 433792
alloc_pos 433844
alloc_pos 434096
alloc_pos 434176
alloc_pos 434324
alloc_pos 434556
alloc_pos 434756
alloc_pos 435008
alloc_pos 435208
alloc_pos 435448
alloc_pos 435684
alloc_pos 435712
alloc_pos 435864
alloc_pos 436088
alloc_pos 436140
alloc_pos 436300
alloc_pos 436436
alloc_pos 436496
alloc_pos 436536
alloc_pos 436772
alloc_pos 436916
alloc_pos 436944
alloc_pos 437048
alloc_pos 437288
alloc_pos 437324
alloc_pos 437444
alloc_pos 437708
alloc_pos 437908
alloc_pos 438024
alloc_pos 438052
alloc_pos 438308
alloc_pos 438432
alloc_pos 438508
alloc_pos 438648
alloc_pos 438860
alloc_pos 439088
alloc_pos 439252
alloc_pos 439428
alloc_pos 439680
alloc_pos 439772
alloc_pos 439932
alloc_pos 440056
alloc_pos 440284
alloc_pos 440408
alloc_pos 440608
alloc_pos 440648
alloc_pos 440908
alloc_pos 441112
alloc_pos 441296
alloc_pos 441380
alloc_pos 441544
alloc_pos 441656
alloc_pos 441824
alloc_pos 442060
alloc_pos 442152
alloc_pos 442384
alloc_pos 442580
alloc_pos 442724
alloc_pos 442816
alloc_pos 442852
alloc_pos 442940
alloc_pos 443128
alloc_pos 443164
alloc_pos 443412
alloc_pos 443512
alloc_pos 443564
alloc_pos 443816
alloc_pos 443896
alloc_pos 444044
alloc_pos 444276
alloc_pos 444476
alloc_pos 444728
alloc_pos 444928
alloc_pos 445168
alloc_pos 445404
alloc_pos 445432
alloc_pos 445584
alloc_pos 445808
alloc_pos 445860
alloc_pos 446020
alloc_pos 446156
alloc_pos 446216
alloc_pos 446256
alloc_pos 446492
alloc_pos 446636
alloc_pos 446664
alloc_pos 446768
alloc_pos 447008
alloc_pos 447044
alloc_pos 447164
alloc_pos 447428
alloc_pos 447628
alloc_pos 447744
alloc_pos 447772
alloc_pos 448028
alloc_pos 448152
alloc_pos 448228
alloc_pos 448368
alloc_pos 448580
alloc_pos 448808
alloc_pos 448972
alloc_pos 449148
alloc_pos 449400
alloc_pos 449492
alloc_pos 449652
alloc_pos 449776
alloc_pos 450004
alloc_pos 450128
alloc_pos 450328
alloc_pos 450368
alloc_pos 450628
alloc_pos 450832
alloc_pos 451016
alloc_pos 451100
alloc_pos 451264
alloc_pos 451376
alloc_pos 451544
alloc_pos 451780
alloc_pos 451872
alloc_pos 452104
alloc_pos 452300
alloc_pos 452444
alloc_pos 452536
alloc_pos 452572
alloc_pos 452660
alloc_pos 452848
alloc_pos 452884
alloc_pos 453132
alloc_pos 453232
alloc_pos 453284
alloc_pos 453536
alloc_pos 453616
alloc_pos 453764
alloc_pos 453996
alloc_pos 454196
alloc_pos 454448
alloc_pos 454648
alloc_pos 454888
alloc_pos 455124
alloc_pos 455152
alloc_pos 455304
alloc_pos 455528
alloc_pos 455580
alloc_pos 455740
alloc_pos 455876
alloc_pos 455936
alloc_pos 455976
alloc_pos 456212
alloc_pos 456356
alloc_pos 456384
alloc_pos 456488
alloc_pos 456728
alloc_pos 456764
alloc_pos 456884
alloc_pos 457148
alloc_pos 457348
alloc_pos 457464
alloc_pos 457492
alloc_pos 457748
alloc_pos 457872
alloc_pos 457948
alloc_pos 458088
alloc_pos 458300
alloc_pos 458528
alloc_pos 458692
alloc_pos 458868
alloc_pos 459120
alloc_pos 459212
alloc_pos 459372
alloc_pos 459496
alloc_pos 459724
alloc_pos 459848
alloc_pos 460048
alloc_pos 460088
alloc_pos 460348
alloc_pos 460552
alloc_pos 460736
alloc_pos 460820
alloc_pos 460984
alloc_pos 461096
alloc_pos 461264
alloc_pos 461500
alloc_pos 461592
alloc_pos 461824
alloc_pos 462020
alloc_pos 462164
alloc_pos 462256
alloc_pos 462292
alloc_pos 462380
alloc_pos 462568
alloc_pos 462604
alloc_pos 462852
alloc_pos 462952
alloc_pos 463004
alloc_pos 463256
alloc_pos 463336
alloc_pos 463484
alloc_pos 463716
alloc_pos 463916
alloc_pos 464168
alloc_pos 464368
alloc_pos 464608
alloc_pos 464844
alloc_pos 464872
alloc_pos 465024
alloc_pos 465248
alloc_pos 465300
alloc_pos 465460
alloc_pos 465596
alloc_pos 465656
alloc_pos 465696
alloc_pos 465932
alloc_pos 466076
alloc_pos 466104
alloc_pos 466208
alloc_pos 466448
alloc_pos 466484
alloc_pos 466604
alloc_pos 466868
alloc_pos 467068
alloc_pos 467184
alloc_pos 467212
alloc_pos 467468
alloc_pos 467592
alloc_pos 467668
alloc_pos 467808
alloc_pos 468020
alloc_pos 468248
alloc_pos 468412
alloc_pos 468588
alloc_pos 468840
alloc_pos 468932
alloc_pos 469092
alloc_pos 469216
alloc_pos 469444
alloc_pos 469568
alloc_pos 469768
alloc_pos 469808
alloc_pos 470068
alloc_pos 470272
alloc_pos 470456
alloc_pos 470540
alloc_pos 470704
alloc_pos 470816
alloc_pos 470984
alloc_pos 471220
alloc_pos 471312
alloc_pos 471544
alloc_pos 471740
alloc_pos 471884
alloc_pos 471976
alloc_pos 472012
alloc_pos 472100
alloc_pos 472288
alloc_pos 472324
alloc_pos 472572
alloc_pos 472672
alloc_pos 472724
alloc_pos 472976
alloc_pos 473056
alloc_pos 473204
alloc_pos 473436
alloc_pos 473636
alloc_pos 473888
alloc_pos 474088
alloc_pos 474328
alloc_pos 474564
alloc_pos 474592
alloc_pos 474744
alloc_pos 474968
alloc_pos 475020
alloc_pos 475180
alloc_pos 475316
alloc_pos 475376
alloc_pos 475416
alloc_pos 475652
alloc_pos 475796
alloc_pos 475824
alloc_pos 475928
alloc_pos 476168
alloc_pos 476204
alloc_pos 476324
alloc_pos 476588
alloc_pos 476788
alloc_pos 476904
alloc_pos 476932
alloc_pos 477188
alloc_pos 477312
alloc_pos 477388
alloc_pos 477528
alloc_pos 477740
alloc_pos 477968
alloc_pos 478132
alloc_pos 478308
alloc_pos 478560
alloc_pos 478652
alloc_pos 478812
alloc_pos 478936
alloc_pos 479164
alloc_pos 479288
alloc_pos 479488
alloc_pos 479528
alloc_pos 479788
alloc_pos 479992
alloc_pos 480176
alloc_pos 480260
alloc_pos 480424
alloc_pos 480536
alloc_pos 480704
alloc_pos 480940
alloc_pos 481032
alloc_pos 481264
alloc_pos 481460
alloc_pos 481604
alloc_pos 481696
alloc_pos 481732
alloc_pos 481820
alloc_pos 482008
alloc_pos 482044
alloc_pos 482292
alloc_pos 482392
alloc_pos 482444
alloc_pos 482696
alloc_pos 482776
alloc_pos 482924
alloc_pos 483156
alloc_pos 483356
alloc_pos 483608
alloc_pos 483808
alloc_pos 484048
alloc_pos 484284
alloc_pos 484312
alloc_pos 484464
alloc_pos 484688
alloc_pos 484740
alloc_pos 484900
alloc_pos 485036
alloc_pos 485096
alloc_pos 485136
alloc_pos 485372
alloc_pos 485516
alloc_pos 485544
alloc_pos 485648
alloc_pos 485888
alloc_pos 485924
alloc_pos 486044
alloc_pos 486308
alloc_pos 486508
alloc_pos 486624
alloc_pos 486652
alloc_pos 486908
alloc_pos 487032
alloc_pos 487108
alloc_pos 487248
alloc_pos 487460
alloc_pos 487688
alloc_pos 487852
alloc_pos 488028
alloc_pos 488280
alloc_pos 488372
alloc_pos 488532
alloc_pos 488656
alloc_pos 488884
alloc_pos 489008
alloc_pos 489208
alloc_pos 489248
alloc_pos 489508
alloc_pos 489712
alloc_pos 489896
alloc_pos 489980
alloc_pos 490144
alloc_pos 490256
alloc_pos 490424
alloc_pos 490660
alloc_pos 490752
alloc_pos 490984
alloc_pos 491180
alloc_pos 491324
alloc_pos 491416
alloc_pos 491452
alloc_pos 491540
alloc_pos 491728
alloc_pos 491764
alloc_pos 492012
alloc_pos 492112
alloc_pos 492164
alloc_pos 492416
alloc_pos 492496
alloc_pos 492644
alloc_pos 492876
alloc_pos 493076
alloc_pos 493328
alloc_pos 493528
alloc_pos 493768
alloc_pos 494004
alloc_pos 494032
alloc_pos 494184
alloc_pos 494408
alloc_pos 494460
alloc_pos 494620
alloc_pos 494756
alloc_pos 494816
alloc_pos 494856
alloc_pos 495092
alloc_pos 495236
alloc_pos 495264
alloc_pos 495368
alloc_pos 495608
alloc_pos 495644
alloc_pos 495764
alloc_pos 496028
alloc_pos 496228
alloc_pos 496344
alloc_pos 496372
alloc_pos 496628
alloc_pos 496752
alloc_pos 496828
alloc_pos 496968
alloc_pos 497180
alloc_pos 497408
alloc_pos 497572
alloc_pos 497748
alloc_pos 498000
alloc_pos 498092
alloc_pos 498252
alloc_pos 498376
alloc_pos 498604
alloc_pos 498728
alloc_pos 498928
alloc_pos 498968
alloc_pos 499228
alloc_pos 499432
alloc_pos 499616
alloc_pos 499700
alloc_pos 499864
alloc_pos 499976
alloc_pos 500144
alloc_pos 500380
alloc_pos 500472
alloc_pos 500704
alloc_pos 500900
alloc_pos 501044
alloc_pos 501136
alloc_pos 501172
alloc_pos 501260
alloc_pos 501448
alloc_pos 501484
alloc_pos 501732
alloc_pos 501832
alloc_pos 501884
alloc_pos 502136
alloc_pos 502216
alloc_pos 502364
alloc_pos 502596
alloc_pos 502796
alloc_pos 503048
alloc_pos 503248
alloc_pos 503488
alloc_pos 503724
alloc_pos 503752
alloc_pos 503904
alloc_pos 504128
alloc_pos 504180
alloc_pos 504340
alloc_pos 504476
alloc_pos 504536
alloc_pos 504576
alloc_pos 504812
alloc_pos 504956
alloc_pos 504984
alloc_pos 505088
alloc_pos 505328
alloc_pos 505364
alloc_pos 505484
alloc_pos 505748
alloc_pos 505948
alloc_pos 506064
alloc_pos 506092
alloc_pos 506348
alloc_pos 506472
alloc_pos 506548
alloc_pos 506688
alloc_pos 506900
alloc_pos 507128
alloc_pos 507292
alloc_pos 507468
alloc_pos 507720
alloc_pos 507812
alloc_pos 507972
alloc_pos 508096
alloc_pos 508324
alloc_pos 508448
alloc_pos 508648
alloc_pos 508688
alloc_pos 508948
alloc_pos 509152
alloc_pos 509336
alloc_pos 509420
alloc_pos 509584
alloc_pos 509696
alloc_pos 509864
alloc_pos 510100
alloc_pos 510192
alloc_pos 510424
alloc_pos 510620
alloc_pos 510764
alloc_pos 510856
alloc_pos 510892
alloc_pos 510980
alloc_pos 511168
alloc_pos 511204
alloc_pos 511452
alloc_pos 511552
alloc_pos 511604
alloc_pos 511856
alloc_pos 511936
alloc_pos 512084
alloc_pos 512316
alloc_pos 512516
alloc_pos 512768
alloc_pos 512968
alloc_pos 513208
alloc_pos 513444
alloc_pos 513472
alloc_pos 513624
alloc_pos 513848
alloc_pos 513900
alloc_pos 514060
alloc_pos 514196
alloc_pos 514256
alloc_pos 514296
alloc_pos 514532
alloc_pos 514676
alloc_pos 514704
alloc_pos 514808
alloc_pos 515048
alloc_pos 515084
alloc_pos 515204
alloc_pos 515468
alloc_pos 515668
alloc_pos 515784
alloc_pos 515812
alloc_pos 516068
alloc_pos 516192
alloc_pos 516268
alloc_pos 516408
alloc_pos 516620
alloc_pos 516848
alloc_pos 517012
alloc_pos 517188
alloc_pos 517440
alloc_pos 517532
alloc_pos 517692
alloc_pos 517816
alloc_pos 518044
alloc_pos 518168
alloc_pos 518368
alloc_pos 518408
alloc_pos 518668
alloc_pos 518872
alloc_pos 519056
alloc_pos 519140
alloc_pos 519304
alloc_pos 519416
alloc_pos 519584
alloc_pos 519820
alloc_pos 519912
alloc_pos 520144
alloc_pos 520340
alloc_pos 520484
alloc_pos 520576
alloc_pos 520612
alloc_pos 520700
alloc_pos 520888
alloc_pos 520924
alloc_pos 521172
alloc_pos 521272
alloc_pos 521324
alloc_pos 521576
alloc_pos 521656
alloc_pos 521804
alloc_pos 522036
alloc_pos 522236
alloc_pos 522488
alloc_pos 522688
alloc_pos 522928
alloc_pos 523164
alloc_pos 523192
alloc_pos 523344
alloc_pos 523568
alloc_pos 523620
alloc_pos 523780
alloc_pos 523916
alloc_pos 523976
alloc_pos 524016
alloc_pos -1

