reason: unexpected exit code -6
--- stdout ---
CHENEY GENERATOR!
--- stderr ---
alloc_pos 8
alloc_pos 1040
alloc_pos 2072
alloc_pos 3104
alloc_pos 4136
alloc_pos 5168
alloc_pos 5184
alloc_pos 5200
alloc_pos 5216
alloc_pos 5232
alloc_pos 5248
alloc_pos 5264
alloc_pos 5280
alloc_pos 5296
alloc_pos 5312
alloc_pos 5328
alloc_pos 5344
alloc_pos 5360
alloc_pos 5376
alloc_pos 5392
alloc_pos 5408
alloc_pos 5424
alloc_pos 5440
alloc_pos 5456
alloc_pos 5472
alloc_pos 5488
alloc_pos 5504
alloc_pos 5520
alloc_pos 5536
alloc_pos 5552
alloc_pos 5568
alloc_pos 5584
alloc_pos 5600
alloc_pos 5616
alloc_pos 5632
alloc_pos 5648
alloc_pos 5664
alloc_pos 5680
alloc_pos 5696
alloc_pos 5712
alloc_pos 5728
alloc_pos 5744
alloc_pos 5760
alloc_pos 5776
alloc_pos 5792
alloc_pos 5808
alloc_pos 5824
alloc_pos 5840
alloc_pos 5856
alloc_pos 5872
alloc_pos 5888
alloc_pos 5904
alloc_pos 5920
alloc_pos 5936
alloc_pos 5952
alloc_pos 5968
alloc_pos 5984
alloc_pos 6000
alloc_pos 6016
alloc_pos 6032
alloc_pos 6048
alloc_pos 6064
alloc_pos 6080
alloc_pos 6096
alloc_pos 6112
alloc_pos 6128
alloc_pos 6144
alloc_pos 6160
alloc_pos 6176
alloc_pos 6192
alloc_pos 6208
alloc_pos 6224
alloc_pos 6240
alloc_pos 6256
alloc_pos 6272
alloc_pos 6288
alloc_pos 6304
alloc_pos 6320
alloc_pos 6336
alloc_pos 6352
alloc_pos 6368
alloc_pos 6384
alloc_pos 6400
alloc_pos 6416
alloc_pos 6432
alloc_pos 6448
alloc_pos 6464
alloc_pos 6480
alloc_pos 6496
alloc_pos 6512
alloc_pos 6528
alloc_pos 6544
alloc_pos 6560
alloc_pos 6576
alloc_pos 6592
alloc_pos 6608
alloc_pos 6624
alloc_pos 6640
alloc_pos 6656
alloc_pos 6672
alloc_pos 6688
alloc_pos 6704
alloc_pos 6720
alloc_pos 6736
alloc_pos 6752
alloc_pos 6768
alloc_pos 6784
alloc_pos 6800
alloc_pos 6816
alloc_pos 6832
alloc_pos 6848
alloc_pos 6864
alloc_pos 6880
alloc_pos 6896
alloc_pos 6912
alloc_pos 6928
alloc_pos 6944
alloc_pos 6960
alloc_pos 6976
alloc_pos 6992
alloc_pos 7008
alloc_pos 7024
alloc_pos 7040
alloc_pos 7056
alloc_pos 7072
alloc_pos 7088
alloc_pos 7104
alloc_pos 7120
alloc_pos 7136
alloc_pos 7152
alloc_pos 7168
alloc_pos 7184
alloc_pos 7200
alloc_pos 7216
alloc_pos 7232
alloc_pos 7248
alloc_pos 7264
alloc_pos 7280
alloc_pos 7296
alloc_pos 7312
alloc_pos 7328
alloc_pos 7344
alloc_pos 7360
alloc_pos 7376
alloc_pos 7392
alloc_pos 7408
alloc_pos 7424
alloc_pos 7440
alloc_pos 7456
alloc_pos 7472
alloc_pos 7488
alloc_pos 7504
alloc_pos 7520
alloc_pos 7536
alloc_pos 7552
alloc_pos 7568
alloc_pos 7584
alloc_pos 7600
alloc_pos 7616
alloc_pos 7632
alloc_pos 7648
alloc_pos 7664
alloc_pos 7680
alloc_pos 7696
alloc_pos 7712
alloc_pos 7728
alloc_pos 7744
alloc_pos 7760
alloc_pos 7776
alloc_pos 7792
alloc_pos 7808
alloc_pos 7824
alloc_pos 7840
alloc_pos 7856
alloc_pos 7872
alloc_pos 7888
alloc_pos 7904
alloc_pos 7920
alloc_pos 7936
alloc_pos 7952
alloc_pos 7968
alloc_pos 7984
alloc_pos 8000
alloc_pos 8016
alloc_pos 8032
alloc_pos 8048
alloc_pos 8064
alloc_pos 8080
alloc_pos 8096
alloc_pos 8112
alloc_pos 8128
alloc_pos 8144
alloc_pos 8160
alloc_pos 8176
alloc_pos 8192
alloc_pos 8208
alloc_pos 8224
alloc_pos 8240
alloc_pos 8256
alloc_pos 8272
alloc_pos 8288
alloc_pos 8304
alloc_pos 8320
alloc_pos 8336
alloc_pos 8352
alloc_pos 8368
alloc_pos 8384
alloc_pos 8400
alloc_pos 8416
alloc_pos 8432
alloc_pos 8448
alloc_pos 8464
alloc_pos 8480
alloc_pos 8496
alloc_pos 8512
alloc_pos 8528
alloc_pos 8544
alloc_pos 8560
alloc_pos 8576
alloc_pos 8592
alloc_pos 8608
alloc_pos 8624
alloc_pos 8640
alloc_pos 8656
alloc_pos 8672
alloc_pos 8688
alloc_pos 8704
alloc_pos 8720
alloc_pos 8736
alloc_pos 8752
alloc_pos 8768
alloc_pos 8784
alloc_pos 8800
alloc_pos 8816
alloc_pos 8832
alloc_pos 8848
alloc_pos 8864
alloc_pos 8880
alloc_pos 8896
alloc_pos 8912
alloc_pos 8928
alloc_pos 8944
alloc_pos 8960
alloc_pos 8976
alloc_pos 8992
alloc_pos 9008
alloc_pos 9024
alloc_pos 9040
alloc_pos 9056
alloc_pos 9072
alloc_pos 9088
alloc_pos 9104
alloc_pos 9120
alloc_pos 9136
alloc_pos 9152
alloc_pos 9168
alloc_pos 9184
alloc_pos 9200
alloc_pos 9216
alloc_pos 9232
alloc_pos 9248
alloc_pos 9264
alloc_pos 9368
alloc_pos 9608
alloc_pos 9644
alloc_pos 9764
alloc_pos 10028
alloc_pos 10228
alloc_pos 10344
alloc_pos 10372
alloc_pos 10628
alloc_pos 10752
alloc_pos 10828
alloc_pos 10968
alloc_pos 11180
alloc_pos 11408
alloc_pos 11572
alloc_pos 11748
alloc_pos 12000
alloc_pos 12092
alloc_pos 12252
alloc_pos 12376
alloc_pos 12604
alloc_pos 12728
alloc_pos 12928
alloc_pos 12968
alloc_pos 13228
alloc_pos 13432
alloc_pos 13616
alloc_pos 13700
alloc_pos 13864
alloc_pos 13976
alloc_pos 14144
alloc_pos 14380
alloc_pos 14472
alloc_pos 14704
alloc_pos 14900
alloc_pos 15044
alloc_pos 15136
alloc_pos 15172
alloc_pos 15260
alloc_pos 15448
alloc_pos 15484
alloc_pos 15732
alloc_pos 15832
alloc_pos 15884
alloc_pos 16136
alloc_pos 16216
alloc_pos 16364
alloc_pos 16596
alloc_pos 16796
alloc_pos 17048
alloc_pos 17248
alloc_pos 17488
alloc_pos 17724
alloc_pos 17752
alloc_pos 17904
alloc_pos 18128
alloc_pos 18180
alloc_pos 18340
alloc_pos 18476
alloc_pos 18536
alloc_pos 18576
alloc_pos 18812
alloc_pos 18956
alloc_pos 18984
alloc_pos 19088
alloc_pos 19328
alloc_pos 19364
alloc_pos 19484
alloc_pos 19748
alloc_pos 19948
alloc_pos 20064
alloc_pos 20092
alloc_pos 20348
alloc_pos 20472
alloc_pos 20548
alloc_pos 20688
alloc_pos 20900
alloc_pos 21128
alloc_pos 21292
alloc_pos 21468
alloc_pos 21720
alloc_pos 21812
alloc_pos 21972
alloc_pos 22096
alloc_pos 22324
alloc_pos 22448
alloc_pos 22648
alloc_pos 22688
alloc_pos 22948
alloc_pos 23152
alloc_pos 23336
alloc_pos 23420
alloc_pos 23584
alloc_pos 23696
alloc_pos 23864
alloc_pos 24100
alloc_pos 24192
alloc_pos 24424
alloc_pos 24620
alloc_pos 24764
alloc_pos 24856
alloc_pos 24892
alloc_pos 24980
alloc_pos 25168
alloc_pos 25204
alloc_pos 25452
alloc_pos 25552
alloc_pos 25604
alloc_pos 25856
alloc_pos 25936
alloc_pos 26084
alloc_pos 26316
alloc_pos 26516
alloc_pos 26768
alloc_pos 26968
alloc_pos 27208
alloc_pos 27444
alloc_pos 27472
alloc_pos 27624
alloc_pos 27848
alloc_pos 27900
alloc_pos 28060
alloc_pos 28196
alloc_pos 28256
alloc_pos 28296
alloc_pos 28532
alloc_pos 28676
alloc_pos 28704
alloc_pos 28808
alloc_pos 29048
alloc_pos 29084
alloc_pos 29204
alloc_pos 29468
alloc_pos 29668
alloc_pos 29784
alloc_pos 29812
alloc_pos 30068
alloc_pos 30192
alloc_pos 30268
alloc_pos 30408
alloc_pos 30620
alloc_pos 30848
alloc_pos 31012
alloc_pos 31188
alloc_pos 31440
alloc_pos 31532
alloc_pos 31692
alloc_pos 31816
alloc_pos 32044
alloc_pos 32168
alloc_pos 32368
alloc_pos 32408
alloc_pos 32668
alloc_pos 32872
alloc_pos 33056
alloc_pos 33140
alloc_pos 33304
alloc_pos 33416
alloc_pos 33584
alloc_pos 33820
alloc_pos 33912
alloc_pos 34144
alloc_pos 34340
alloc_pos 34484
alloc_pos 34576
alloc_pos 34612
alloc_pos 34700
alloc_pos 34888
alloc_pos 34924
alloc_pos 35172
alloc_pos 35272
alloc_pos 35324
alloc_pos 35576
alloc_pos 35656
alloc_pos 35804
alloc_pos 36036
alloc_pos 36236
alloc_pos 36488
alloc_pos 36688
alloc_pos 36928
alloc_pos 37164
alloc_pos 37192
alloc_pos 37344
alloc_pos 37568
alloc_pos 37620
alloc_pos 37780
alloc_pos 37916
alloc_pos 37976
alloc_pos 38016
alloc_pos 38252
alloc_pos 38396
alloc_pos 38424
alloc_pos 38528
alloc_pos 38768
alloc_pos 38804
alloc_pos 38924
alloc_pos 39188
alloc_pos 39388
alloc_pos 39504
alloc_pos 39532
alloc_pos 39788
alloc_pos 39912
alloc_pos 39988
alloc_pos 40128
alloc_pos 40340
alloc_pos 40568
alloc_pos 40732
alloc_pos 40908
alloc_pos 41160
alloc_pos 41252
alloc_pos 41412
alloc_pos 41536
alloc_pos 41764
alloc_pos 41888
alloc_pos 42088
alloc_pos 42128
alloc_pos 42388
alloc_pos 42592
alloc_pos 42776
alloc_pos 42860
alloc_pos 43024
alloc_pos 43136
alloc_pos 43304
alloc_pos 43540
alloc_pos 43632
alloc_pos 43864
alloc_pos 44060
alloc_pos 44204
alloc_pos 44296
alloc_pos 44332
alloc_pos 44420
alloc_pos 44608
alloc_pos 44644
alloc_pos 44892
alloc_pos 44992
alloc_pos 45044
alloc_pos 45296
alloc_pos 45376
alloc_pos 45524
alloc_pos 45756
alloc_pos 45956
alloc_pos 46208
alloc_pos 46408
alloc_pos 46648
alloc_pos 46884
alloc_pos 46912
alloc_pos 47064
alloc_pos 47288
alloc_pos 47340
alloc_pos 47500
alloc_pos 47636
alloc_pos 47696
alloc_pos 47736
alloc_pos 47972
alloc_pos 48116
alloc_pos 48144
alloc_pos 48248
alloc_pos 48488
alloc_pos 48524
alloc_pos 48644
alloc_pos 48908
alloc_pos 49108
alloc_pos 49224
alloc_pos 49252
alloc_pos 49508
alloc_pos 49632
alloc_pos 49708
alloc_pos 49848
alloc_pos 50060
alloc_pos 50288
alloc_pos 50452
alloc_pos 50628
alloc_pos 50880
alloc_pos 50972
alloc_pos 51132
alloc_pos 51256
alloc_pos 51484
alloc_pos 51608
alloc_pos 51808
alloc_pos 51848
alloc_pos 52108
alloc_pos 52312
alloc_pos 52496
alloc_pos 52580
alloc_pos 52744
alloc_pos 52856
alloc_pos 53024
alloc_pos 53260
alloc_pos 53352
alloc_pos 53584
alloc_pos 53780
alloc_pos 53924
alloc_pos 54016
alloc_pos 54052
alloc_pos 54140
alloc_pos 54328
alloc_pos 54364
alloc_pos 54612
alloc_pos 54712
alloc_pos 54764
alloc_pos 55016
alloc_pos 55096
alloc_pos 55244
alloc_pos 55476
alloc_pos 55676
alloc_pos 55928
alloc_pos 56128
alloc_pos 56368
alloc_pos 56604
alloc_pos 56632
alloc_pos 56784
alloc_pos 57008
alloc_pos 57060
alloc_pos 57220
alloc_pos 57356
alloc_pos 57416
alloc_pos 57456
alloc_pos 57692
alloc_pos 57836
alloc_pos 57864
alloc_pos 57968
alloc_pos 58208
alloc_pos 58244
alloc_pos 58364
alloc_pos 58628
alloc_pos 58828
alloc_pos 58944
alloc_pos 58972
alloc_pos 59228
alloc_pos 59352
alloc_pos 59428
alloc_pos 59568
alloc_pos 59780
alloc_pos 60008
alloc_pos 60172
alloc_pos 60348
alloc_pos 60600
alloc_pos 60692
alloc_pos 60852
alloc_pos 60976
alloc_pos 61204
alloc_pos 61328
alloc_pos 61528
alloc_pos 61568
alloc_pos 61828
alloc_pos 62032
alloc_pos 62216
alloc_pos 62300
alloc_pos 62464
alloc_pos 62576
alloc_pos 62744
alloc_pos 62980
alloc_pos 63072
alloc_pos 63304
alloc_pos 63500
alloc_pos 63644
alloc_pos 63736
alloc_pos 63772
alloc_pos 63860
alloc_pos 64048
alloc_pos 64084
alloc_pos 64332
alloc_pos 64432
alloc_pos 64484
alloc_pos 64736
alloc_pos 64816
alloc_pos 64964
alloc_pos 65196
alloc_pos 65396
alloc_pos 65648
alloc_pos 65848
alloc_pos 66088
alloc_pos 66324
alloc_pos 66352
alloc_pos 66504
alloc_pos 66728
alloc_pos 66780
alloc_pos 66940
alloc_pos 67076
alloc_pos 67136
alloc_pos 67176
alloc_pos 67412
alloc_pos 67556
alloc_pos 67584
alloc_pos 67688
alloc_pos 67928
alloc_pos 67964
alloc_pos 68084
alloc_pos 68348
alloc_pos 68548
alloc_pos 68664
alloc_pos 68692
alloc_pos 68948
alloc_pos 69072
alloc_pos 69148
alloc_pos 69288
alloc_pos 69500
alloc_pos 69728
alloc_pos 69892
alloc_pos 70068
alloc_pos 70320
alloc_pos 70412
alloc_pos 70572
alloc_pos 70696
alloc_pos 70924
alloc_pos 71048
alloc_pos 71248
alloc_pos 71288
alloc_pos 71548
alloc_pos 71752
alloc_pos 71936
alloc_pos 72020
alloc_pos 72184
alloc_pos 72296
alloc_pos 72464
alloc_pos 72700
alloc_pos 72792
alloc_pos 73024
alloc_pos 73220
alloc_pos 73364
alloc_pos 73456
alloc_pos 73492
alloc_pos 73580
alloc_pos 73768
alloc_pos 73804
alloc_pos 74052
alloc_pos 74152
alloc_pos 74204
alloc_pos 74456
alloc_pos 74536
alloc_pos 74684
alloc_pos 74916
alloc_pos 75116
alloc_pos 75368
alloc_pos 75568
alloc_pos 75808
alloc_pos 76044
alloc_pos 76072
alloc_pos 76224
alloc_pos 76448
alloc_pos 76500
alloc_pos 76660
alloc_pos 76796
alloc_pos 76856
alloc_pos 76896
alloc_pos 77132
alloc_pos 77276
alloc_pos 77304
alloc_pos 77408
alloc_pos 77648
alloc_pos 77684
alloc_pos 77804
alloc_pos 78068
alloc_pos 78268
alloc_pos 78384
alloc_pos 78412
alloc_pos 78668
alloc_pos 78792
alloc_pos 78868
alloc_pos 79008
alloc_pos 79220
alloc_pos 79448
alloc_pos 79612
alloc_pos 79788
alloc_pos 80040
alloc_pos 80132
alloc_pos 80292
alloc_pos 80416
alloc_pos 80644
alloc_pos 80768
alloc_pos 80968
alloc_pos 81008
alloc_pos 81268
alloc_pos 81472
alloc_pos 81656
alloc_pos 81740
alloc_pos 81904
alloc_pos 82016
alloc_pos 82184
alloc_pos 82420
alloc_pos 82512
alloc_pos 82744
alloc_pos 82940
alloc_pos 83084
alloc_pos 83176
alloc_pos 83212
alloc_pos 83300
alloc_pos 83488
alloc_pos 83524
alloc_pos 83772
alloc_pos 83872
alloc_pos 83924
alloc_pos 84176
alloc_pos 84256
alloc_pos 84404
alloc_pos 84636
alloc_pos 84836
alloc_pos 85088
alloc_pos 85288
alloc_pos 85528
alloc_pos 85764
alloc_pos 85792
alloc_pos 85944
alloc_pos 86168
alloc_pos 86220
alloc_pos 86380
alloc_pos 86516
alloc_pos 86576
alloc_pos 86616
alloc_pos 86852
alloc_pos 86996
alloc_pos 87024
alloc_pos 87128
alloc_pos 87368
alloc_pos 87404
alloc_pos 87524
alloc_pos 87788
alloc_pos 87988
alloc_pos 88104
alloc_pos 88132
alloc_pos 88388
alloc_pos 88512
alloc_pos 88588
alloc_pos 88728
alloc_pos 88940
alloc_pos 89168
alloc_pos 89332
alloc_pos 89508
alloc_pos 89760
alloc_pos 89852
alloc_pos 90012
alloc_pos 90136
alloc_pos 90364
alloc_pos 90488
alloc_pos 90688
alloc_pos 90728
alloc_pos 90988
alloc_pos 91192
alloc_pos 91376
alloc_pos 91460
alloc_pos 91624
alloc_pos 91736
alloc_pos 91904
alloc_pos 92140
alloc_pos 92232
alloc_pos 92464
alloc_pos 92660
alloc_pos 92804
alloc_pos 92896
alloc_pos 92932
alloc_pos 93020
alloc_pos 93208
alloc_pos 93244
alloc_pos 93492
alloc_pos 93592
alloc_pos 93644
alloc_pos 93896
alloc_pos 93976
alloc_pos 94124
alloc_pos 94356
alloc_pos 94556
alloc_pos 94808
alloc_pos 95008
alloc_pos 95248
alloc_pos 95484
alloc_pos 95512
alloc_pos 95664
alloc_pos 95888
alloc_pos 95940
alloc_pos 96100
alloc_pos 96236
alloc_pos 96296
alloc_pos 96336
alloc_pos 96572
alloc_pos 96716
alloc_pos 96744
alloc_pos 96848
alloc_pos 97088
alloc_pos 97124
alloc_pos 97244
alloc_pos 97508
alloc_pos 97708
alloc_pos 97824
alloc_pos 97852
alloc_pos 98108
alloc_pos 98232
alloc_pos 98308
alloc_pos 98448
alloc_pos 98660
alloc_pos 98888
alloc_pos 99052
alloc_pos 99228
alloc_pos 99480
alloc_pos 99572
alloc_pos 99732
alloc_pos 99856
alloc_pos 100084
alloc_pos 100208
alloc_pos 100408
alloc_pos 100448
alloc_pos 100708
alloc_pos 100912
alloc_pos 101096
alloc_pos 101180
alloc_pos 101344
alloc_pos 101456
alloc_pos 101624
alloc_pos 101860
alloc_pos 101952
alloc_pos 102184
alloc_pos 102380
alloc_pos 102524
alloc_pos 102616
alloc_pos 102652
alloc_pos 102740
alloc_pos 102928
alloc_pos 102964
alloc_pos 103212
alloc_pos 103312
alloc_pos 103364
alloc_pos 103616
alloc_pos 103696
alloc_pos 103844
alloc_pos 104076
alloc_pos 104276
alloc_pos 104528
alloc_pos 104728
alloc_pos 104968
alloc_pos 105204
alloc_pos 105232
alloc_pos 105384
alloc_pos 105608
alloc_pos 105660
alloc_pos 105820
alloc_pos 105956
alloc_pos 106016
alloc_pos 106056
alloc_pos 106292
alloc_pos 106436
alloc_pos 106464
alloc_pos 106568
alloc_pos 106808
alloc_pos 106844
alloc_pos 106964
alloc_pos 107228
alloc_pos 107428
alloc_pos 107544
alloc_pos 107572
alloc_pos 107828
alloc_pos 107952
alloc_pos 108028
alloc_pos 108168
alloc_pos 108380
alloc_pos 108608
alloc_pos 108772
alloc_pos 108948
alloc_pos 109200
alloc_pos 109292
alloc_pos 109452
alloc_pos 109576
alloc_pos 109804
alloc_pos 109928
alloc_pos 110128
alloc_pos 110168
alloc_pos 110428
alloc_pos 110632
alloc_pos 110816
alloc_pos 110900
alloc_pos 111064
alloc_pos 111176
alloc_pos 111344
alloc_pos 111580
alloc_pos 111672
alloc_pos 111904
alloc_pos 112100
alloc_pos 112244
alloc_pos 112336
alloc_pos 112372
alloc_pos 112460
alloc_pos 112648
alloc_pos 112684
alloc_pos 112932
alloc_pos 113032
alloc_pos 113084
alloc_pos 113336
alloc_pos 113416
alloc_pos 113564
alloc_pos 113796
alloc_pos 113996
alloc_pos 114248
alloc_pos 114448
alloc_pos 114688
alloc_pos 114924
alloc_pos 114952
alloc_pos 115104
alloc_pos 115328
alloc_pos 115380
alloc_pos 115540
alloc_pos 115676
alloc_pos 115736
alloc_pos 115776
alloc_pos 116012
alloc_pos 116156
alloc_pos 116184
alloc_pos 116288
alloc_pos 116528
alloc_pos 116564
alloc_pos 116684
alloc_pos 116948
alloc_pos 117148
alloc_pos 117264
alloc_pos 117292
alloc_pos 117548
alloc_pos 117672
alloc_pos 117748
alloc_pos 117888
alloc_pos 118100
alloc_pos 118328
alloc_pos 118492
alloc_pos 118668
alloc_pos 118920
alloc_pos 119012
alloc_pos 119172
alloc_pos 119296
alloc_pos 119524
alloc_pos 119648
alloc_pos 119848
alloc_pos 119888
alloc_pos 120148
alloc_pos 120352
alloc_pos 120536
alloc_pos 120620
alloc_pos 120784
alloc_pos 120896
alloc_pos 121064
alloc_pos 121300
alloc_pos 121392
alloc_pos 121624
alloc_pos 121820
alloc_pos 121964
alloc_pos 122056
alloc_pos 122092
alloc_pos 122180
alloc_pos 122368
alloc_pos 122404
alloc_pos 122652
alloc_pos 122752
alloc_pos 122804
alloc_pos 123056
alloc_pos 123136
alloc_pos 123284
alloc_pos 123516
alloc_pos 123716
alloc_pos 123968
alloc_pos 124168
alloc_pos 124408
alloc_pos 124644
alloc_pos 124672
alloc_pos 124824
alloc_pos 125048
alloc_pos 125100
alloc_pos 125260
alloc_pos 125396
alloc_pos 125456
alloc_pos 125496
alloc_pos 125732
alloc_pos 125876
alloc_pos 125904
alloc_pos 126008
alloc_pos 126248
alloc_pos 126284
alloc_pos 126404
alloc_pos 126668
alloc_pos 126868
alloc_pos 126984
alloc_pos 127012
alloc_pos 127268
alloc_pos 127392
alloc_pos 127468
alloc_pos 127608
alloc_pos 127820
alloc_pos 128048
alloc_pos 128212
alloc_pos 128388
alloc_pos 128640
alloc_pos 128732
alloc_pos 128892
alloc_pos 129016
alloc_pos 129244
alloc_pos 129368
alloc_pos 129568
alloc_pos 129608
alloc_pos 129868
alloc_pos 130072
alloc_pos 130256
alloc_pos 130340
alloc_pos 130504
alloc_pos 130616
alloc_pos 130784
alloc_pos 131020
alloc_pos 131112
alloc_pos 131344
alloc_pos 131540
alloc_pos 131684
alloc_pos 131776
alloc_pos 131812
alloc_pos 131900
alloc_pos 132088
alloc_pos 132124
alloc_pos 132372
alloc_pos 132472
alloc_pos 132524
alloc_pos 132776
alloc_pos 132856
alloc_pos 133004
alloc_pos 133236
alloc_pos 133436
alloc_pos 133688
alloc_pos 133888
alloc_pos 134128
alloc_pos 134364
alloc_pos 134392
alloc_pos 134544
alloc_pos 134768
alloc_pos 134820
alloc_pos 134980
alloc_pos 135116
alloc_pos 135176
alloc_pos 135216
alloc_pos 135452
alloc_pos 135596
alloc_pos 135624
alloc_pos 135728
alloc_pos 135968
alloc_pos 136004
alloc_pos 136124
alloc_pos 136388
alloc_pos 136588
alloc_pos 136704
alloc_pos 136732
alloc_pos 136988
alloc_pos 137112
alloc_pos 137188
alloc_pos 137328
alloc_pos 137540
alloc_pos 137768
alloc_pos 137932
alloc_pos 138108
alloc_pos 138360
alloc_pos 138452
alloc_pos 138612
alloc_pos 138736
alloc_pos 138964
alloc_pos 139088
alloc_pos 139288
alloc_pos 139328
alloc_pos 139588
alloc_pos 139792
alloc_pos 139976
alloc_pos 140060
alloc_pos 140224
alloc_pos 140336
alloc_pos 140504
alloc_pos 140740
alloc_pos 140832
alloc_pos 141064
alloc_pos 141260
alloc_pos 141404
alloc_pos 141496
alloc_pos 141532
alloc_pos 141620
alloc_pos 141808
alloc_pos 141844
alloc_pos 142092
alloc_pos 142192
alloc_pos 142244
alloc_pos 142496
alloc_pos 142576
alloc_pos 142724
alloc_pos 142956
alloc_pos 143156
alloc_pos 143408
alloc_pos 143608
alloc_pos 143848
alloc_pos 144084
alloc_pos 144112
alloc_pos 144264
alloc_pos 144488
alloc_pos 144540
alloc_pos 144700
alloc_pos 144836
alloc_pos 144896
alloc_pos 144936
alloc_pos 145172
alloc_pos 145316
alloc_pos 145344
alloc_pos 145448
alloc_pos 145688
alloc_pos 145724
alloc_pos 145844
alloc_pos 146108
alloc_pos 146308
alloc_pos 146424
alloc_pos 146452
alloc_pos 146708
alloc_pos 146832
alloc_pos 146908
alloc_pos 147048
alloc_pos 147260
alloc_pos 147488
alloc_pos 147652
alloc_pos 147828
alloc_pos 148080
alloc_pos 148172
alloc_pos 148332
alloc_pos 148456
alloc_pos 148684
alloc_pos 148808
alloc_pos 149008
alloc_pos 149048
alloc_pos 149308
alloc_pos 149512
alloc_pos 149696
alloc_pos 149780
alloc_pos 149944
alloc_pos 150056
alloc_pos 150224
alloc_pos 150460
alloc_pos 150552
alloc_pos 150784
alloc_pos 150980
alloc_pos 151124
alloc_pos 151216
alloc_pos 151252
alloc_pos 151340
alloc_pos 151528
alloc_pos 151564
alloc_pos 151812
alloc_pos 151912
alloc_pos 151964
alloc_pos 152216
alloc_pos 152296
alloc_pos 152444
alloc_pos 152676
alloc_pos 152876
alloc_pos 153128
alloc_pos 153328
alloc_pos 153568
alloc_pos 153804
alloc_pos 153832
alloc_pos 153984
alloc_pos 154208
alloc_pos 154260
alloc_pos 154420
alloc_pos 154556
alloc_pos 154616
alloc_pos 154656
alloc_pos 154892
alloc_pos 155036
alloc_pos 155064
alloc_pos 155168
alloc_pos 155408
alloc_pos 155444
alloc_pos 155564
alloc_pos 155828
alloc_pos 156028
alloc_pos 156144
alloc_pos 156172
alloc_pos 156428
alloc_pos 156552
alloc_pos 156628
alloc_pos 156768
alloc_pos 156980
alloc_pos 157208
alloc_pos 157372
alloc_pos 157548
alloc_pos 157800
alloc_pos 157892
alloc_pos 158052
alloc_pos 158176
alloc_pos 158404
alloc_pos 158528
alloc_pos 158728
alloc_pos 158768
alloc_pos 159028
alloc_pos 159232
alloc_pos 159416
alloc_pos 159500
alloc_pos 159664
alloc_pos 159776
alloc_pos 159944
alloc_pos 160180
alloc_pos 160272
alloc_pos 160504
alloc_pos 160700
alloc_pos 160844
alloc_pos 160936
alloc_pos 160972
alloc_pos 161060
alloc_pos 161248
alloc_pos 161284
alloc_pos 161532
alloc_pos 161632
alloc_pos 161684
alloc_pos 161936
alloc_pos 162016
alloc_pos 162164
alloc_pos 162396
alloc_pos 162596
alloc_pos 162848
alloc_pos 163048
alloc_pos 163288
alloc_pos 163524
alloc_pos 163552
alloc_pos 163704
alloc_pos 163928
alloc_pos 163980
alloc_pos 164140
alloc_pos 164276
alloc_pos 164336
alloc_pos 164376
alloc_pos 164612
alloc_pos 164756
alloc_pos 164784
alloc_pos 164888
alloc_pos 165128
alloc_pos 165164
alloc_pos 165284
alloc_pos 165548
alloc_pos 165748
alloc_pos 165864
alloc_pos 165892
alloc_pos 166148
alloc_pos 166272
alloc_pos 166348
alloc_pos 166488
alloc_pos 166700
alloc_pos 166928
alloc_pos 167092
alloc_pos 167268
alloc_pos 167520
alloc_pos 167612
alloc_pos 167772
alloc_pos 167896
alloc_pos 168124
alloc_pos 168248
alloc_pos 168448
alloc_pos 168488
alloc_pos 168748
alloc_pos 168952
alloc_pos 169136
alloc_pos 169220
alloc_pos 169384
alloc_pos 169496
alloc_pos 169664
alloc_pos 169900
alloc_pos 169992
alloc_pos 170224
alloc_pos 170420
alloc_pos 170564
alloc_pos 170656
alloc_pos 170692
alloc_pos 170780
alloc_pos 170968
alloc_pos 171004
alloc_pos 171252
alloc_pos 171352
alloc_pos 171404
alloc_pos 171656
alloc_pos 171736
alloc_pos 171884
alloc_pos 172116
alloc_pos 172316
alloc_pos 172568
alloc_pos 172768
alloc_pos 173008
alloc_pos 173244
alloc_pos 173272
alloc_pos 173424
alloc_pos 173648
alloc_pos 173700
alloc_pos 173860
alloc_pos 173996
alloc_pos 174056
alloc_pos 174096
alloc_pos 174332
alloc_pos 174476
alloc_pos 174504
alloc_pos 174608
alloc_pos 174848
alloc_pos 174884
alloc_pos 175004
alloc_pos 175268
alloc_pos 175468
alloc_pos 175584
alloc_pos 175612
alloc_pos 175868
alloc_pos 175992
alloc_pos 176068
alloc_pos 176208
alloc_pos 176420
alloc_pos 176648
alloc_pos 176812
alloc_pos 176988
alloc_pos 177240
alloc_pos 177332
alloc_pos 177492
alloc_pos 177616
alloc_pos 177844
alloc_pos 177968
alloc_pos 178168
alloc_pos 178208
alloc_pos 178468
alloc_pos 178672
alloc_pos 178856
alloc_pos 178940
alloc_pos 179104
alloc_pos 179216
alloc_pos 179384
alloc_pos 179620
alloc_pos 179712
alloc_pos 179944
alloc_pos 180140
alloc_pos 180284
alloc_pos 180376
alloc_pos 180412
alloc_pos 180500
alloc_pos 180688
alloc_pos 180724
alloc_pos 180972
alloc_pos 181072
alloc_pos 181124
alloc_pos 181376
alloc_pos 181456
alloc_pos 181604
alloc_pos 181836
alloc_pos 182036
alloc_pos 182288
alloc_pos 182488
alloc_pos 182728
alloc_pos 182964
alloc_pos 182992
alloc_pos 183144
alloc_pos 183368
alloc_pos 183420
alloc_pos 183580
alloc_pos 183716
alloc_pos 183776
alloc_pos 183816
alloc_pos 184052
alloc_pos 184196
alloc_pos 184224
alloc_pos 184328
alloc_pos 184568
alloc_pos 184604
alloc_pos 184724
alloc_pos 184988
alloc_pos 185188
alloc_pos 185304
alloc_pos 185332
alloc_pos 185588
alloc_pos 185712
alloc_pos 185788
alloc_pos 185928
alloc_pos 186140
alloc_pos 186368
alloc_pos 186532
alloc_pos 186708
alloc_pos 186960
alloc_pos 187052
alloc_pos 187212
alloc_pos 187336
alloc_pos 187564
alloc_pos 187688
alloc_pos 187888
alloc_pos 187928
alloc_pos 188188
alloc_pos 188392
alloc_pos 188576
alloc_pos 188660
alloc_pos 188824
alloc_pos 188936
alloc_pos 189104
alloc_pos 189340
alloc_pos 189432
alloc_pos 189664
alloc_pos 189860
alloc_pos 190004
alloc_pos 190096
alloc_pos 190132
alloc_pos 190220
alloc_pos 190408
alloc_pos 190444
alloc_pos 190692
alloc_pos 190792
alloc_pos 190844
alloc_pos 191096
alloc_pos 191176
alloc_pos 191324
alloc_pos 191556
alloc_pos 191756
alloc_pos 192008
alloc_pos 192208
alloc_pos 192448
alloc_pos 192684
alloc_pos 192712
alloc_pos 192864
alloc_pos 193088
alloc_pos 193140
alloc_pos 193300
alloc_pos 193436
alloc_pos 193496
alloc_pos 193536
alloc_pos 193772
alloc_pos 193916
alloc_pos 193944
alloc_pos 194048
alloc_pos 194288
alloc_pos 194324
alloc_pos 194444
alloc_pos 194708
alloc_pos 194908
alloc_pos 195024
alloc_pos 195052
alloc_pos 195308
alloc_pos 195432
alloc_pos 195508
alloc_pos 195648
alloc_pos 195860
alloc_pos 196088
alloc_pos 196252
alloc_pos 196428
alloc_pos 196680
alloc_pos 196772
alloc_pos 196932
alloc_pos 197056
alloc_pos 197284
alloc_pos 197408
alloc_pos 197608
alloc_pos 197648
alloc_pos 197908
alloc_pos 198112
alloc_pos 198296
alloc_pos 198380
alloc_pos 198544
alloc_pos 198656
alloc_pos 198824
alloc_pos 199060
alloc_pos 199152
alloc_pos 199384
alloc_pos 199580
alloc_pos 199724
alloc_pos 199816
alloc_pos 199852
alloc_pos 199940
alloc_pos 200128
alloc_pos 200164
alloc_pos 200412
alloc_pos 200512
alloc_pos 200564
alloc_pos 200816
alloc_pos 200896
alloc_pos 201044
alloc_pos 201276
alloc_pos 201476
alloc_pos 201728
alloc_pos 201928
alloc_pos 202168
alloc_pos 202404
alloc_pos 202432
alloc_pos 202584
alloc_pos 202808
alloc_pos 202860
alloc_pos 203020
alloc_pos 203156
alloc_pos 203216
alloc_pos 203256
alloc_pos 203492
alloc_pos 203636
alloc_pos 203664
alloc_pos 203768
alloc_pos 204008
alloc_pos 204044
alloc_pos 204164
alloc_pos 204428
alloc_pos 204628
alloc_pos 204744
alloc_pos 204772
alloc_pos 205028
alloc_pos 205152
alloc_pos 205228
alloc_pos 205368
alloc_pos 205580
alloc_pos 205808
alloc_pos 205972
alloc_pos 206148
alloc_pos 206400
alloc_pos 206492
alloc_pos 206652
alloc_pos 206776
alloc_pos 207004
alloc_pos 207128
alloc_pos 207328
alloc_pos 207368
alloc_pos 207628
alloc_pos 207832
alloc_pos 208016
alloc_pos 208100
alloc_pos 208264
alloc_pos 208376
alloc_pos 208544
alloc_pos 208780
alloc_pos 208872
alloc_pos 209104
alloc_pos 209300
alloc_pos 209444
alloc_pos 209536
alloc_pos 209572
alloc_pos 209660
alloc_pos 209848
alloc_pos 209884
alloc_pos 210132
alloc_pos 210232
alloc_pos 210284
alloc_pos 210536
alloc_pos 210616
alloc_pos 210764
alloc_pos 210996
alloc_pos 211196
alloc_pos 211448
alloc_pos 211648
alloc_pos 211888
alloc_pos 212124
alloc_pos 212152
alloc_pos 212304
alloc_pos 212528
alloc_pos 212580
alloc_pos 212740
alloc_pos 212876
alloc_pos 212936
alloc_pos 212976
alloc_pos 213212
alloc_pos 213356
alloc_pos 213384
alloc_pos 213488
alloc_pos 213728
alloc_pos 213764
alloc_pos 213884
alloc_pos 214148
alloc_pos 214348
alloc_pos 214464
alloc_pos 214492
alloc_pos 214748
alloc_pos 214872
alloc_pos 214948
alloc_pos 215088
alloc_pos 215300
alloc_pos 215528
alloc_pos 215692
alloc_pos 215868
alloc_pos 216120
alloc_pos 216212
alloc_pos 216372
alloc_pos 216496
alloc_pos 216724
alloc_pos 216848
alloc_pos 217048
alloc_pos 217088
alloc_pos 217348
alloc_pos 217552
alloc_pos 217736
alloc_pos 217820
alloc_pos 217984
alloc_pos 218096
alloc_pos 218264
alloc_pos 218500
alloc_pos 218592
alloc_pos 218824
alloc_pos 219020
alloc_pos 219164
alloc_pos 219256
alloc_pos 219292
alloc_pos 219380
alloc_pos 219568
alloc_pos 219604
alloc_pos 219852
alloc_pos 219952
alloc_pos 220004
alloc_pos 220256
alloc_pos 220336
alloc_pos 220484
alloc_pos 220716
alloc_pos 220916
alloc_pos 221168
alloc_pos 221368
alloc_pos 221608
alloc_pos 221844
alloc_pos 221872
alloc_pos 222024
alloc_pos 222248
alloc_pos 222300
alloc_pos 222460
alloc_pos 222596
alloc_pos 222656
alloc_pos 222696
alloc_pos 222932
alloc_pos 223076
alloc_pos 223104
alloc_pos 223208
alloc_pos 223448
alloc_pos 223484
alloc_pos 223604
alloc_pos 223868
alloc_pos 224068
alloc_pos 224184
alloc_pos 224212
alloc_pos 224468
alloc_pos 224592
alloc_pos 224668
alloc_pos 224808
alloc_pos 225020
alloc_pos 225248
alloc_pos 225412
alloc_pos 225588
alloc_pos 225840
alloc_pos 225932
alloc_pos 226092
alloc_pos 226216
alloc_pos 226444
alloc_pos 226568
alloc_pos 226768
alloc_pos 226808
alloc_pos 227068
alloc_pos 227272
alloc_pos 227456
alloc_pos 227540
alloc_pos 227704
alloc_pos 227816
alloc_pos 227984
alloc_pos 228220
alloc_pos 228312
alloc_pos 228544
alloc_pos 228740
alloc_pos 228884
alloc_pos 228976
alloc_pos 229012
alloc_pos 229100
alloc_pos 229288
alloc_pos 229324
alloc_pos 229572
alloc_pos 229672
alloc_pos 229724
alloc_pos 229976
alloc_pos 230056
alloc_pos 230204
alloc_pos 230436
alloc_pos 230636
alloc_pos 230888
alloc_pos 231088
alloc_pos 231328
alloc_pos 231564
alloc_pos 231592
alloc_pos 231744
alloc_pos 231968
alloc_pos 232020
alloc_pos 232180
alloc_pos 232316
alloc_pos 232376
alloc_pos 232416
alloc_pos 232652
alloc_pos 232796
alloc_pos 232824
alloc_pos 232928
alloc_pos 233168
alloc_pos 233204
alloc_pos 233324
alloc_pos 233588
alloc_pos 233788
alloc_pos 233904
alloc_pos 233932
alloc_pos 234188
alloc_pos 234312
alloc_pos 234388
alloc_pos 234528
alloc_pos 234740
alloc_pos 234968
alloc_pos 235132
alloc_pos 235308
alloc_pos 235560
alloc_pos 235652
alloc_pos 235812
alloc_pos 235936
alloc_pos 236164
alloc_pos 236288
alloc_pos 236488
alloc_pos 236528
alloc_pos 236788
alloc_pos 236992
alloc_pos 237176
alloc_pos 237260
alloc_pos 237424
alloc_pos 237536
alloc_pos 237704
alloc_pos 237940
alloc_pos 238032
alloc_pos 238264
alloc_pos 238460
alloc_pos 238604
alloc_pos 238696
alloc_pos 238732
alloc_pos 238820
alloc_pos 239008
alloc_pos 239044
alloc_pos 239292
alloc_pos 239392
alloc_pos 239444
alloc_pos 239696
alloc_pos 239776
alloc_pos 239924
alloc_pos 240156
alloc_pos 240356
alloc_pos 240608
alloc_pos 240808
alloc_pos 241048
alloc_pos 241284
alloc_pos 241312
alloc_pos 241464
alloc_pos 241688
alloc_pos 241740
alloc_pos 241900
alloc_pos 242036
alloc_pos 242096
alloc_pos 242136
alloc_pos 242372
alloc_pos 242516
alloc_pos 242544
alloc_pos 242648
alloc_pos 242888
alloc_pos 242924
alloc_pos 243044
alloc_pos 243308
alloc_pos 243508
alloc_pos 243624
alloc_pos 243652
alloc_pos 243908
alloc_pos 244032
alloc_pos 244108
alloc_pos 244248
alloc_pos 244460
alloc_pos 244688
alloc_pos 244852
alloc_pos 245028
alloc_pos 245280
alloc_pos 245372
alloc_pos 245532
alloc_pos 245656
alloc_pos 245884
alloc_pos 246008
alloc_pos 246208
alloc_pos 246248
alloc_pos 246508
alloc_pos 246712
alloc_pos 246896
alloc_pos 246980
alloc_pos 247144
alloc_pos 247256
alloc_pos 247424
alloc_pos 247660
alloc_pos 247752
alloc_pos 247984
alloc_pos 248180
alloc_pos 248324
alloc_pos 248416
alloc_pos 248452
alloc_pos 248540
alloc_pos 248728
alloc_pos 248764
alloc_pos 249012
alloc_pos 249112
alloc_pos 249164
alloc_pos 249416
alloc_pos 249496
alloc_pos 249644
alloc_pos 249876
alloc_pos 250076
alloc_pos 250328
alloc_pos 250528
alloc_pos 250768
alloc_pos 251004
alloc_pos 251032
alloc_pos 251184
alloc_pos 251408
alloc_pos 251460
alloc_pos 251620
alloc_pos 251756
alloc_pos 251816
alloc_pos 251856
alloc_pos 252092
alloc_pos 252236
alloc_pos 252264
alloc_pos 252368
alloc_pos 252608
alloc_pos 252644
alloc_pos 252764
alloc_pos 253028
alloc_pos 253228
alloc_pos 253344
alloc_pos 253372
alloc_pos 253628
alloc_pos 253752
alloc_pos 253828
alloc_pos 253968
alloc_pos 254180
alloc_pos 254408
alloc_pos 254572
alloc_pos 254748
alloc_pos 255000
alloc_pos 255092
alloc_pos 255252
alloc_pos 255376
alloc_pos 255604
alloc_pos 255728
alloc_pos 255928
alloc_pos 255968
alloc_pos 256228
alloc_pos 256432
alloc_pos 256616
alloc_pos 256700
alloc_pos 256864
alloc_pos 256976
alloc_pos 257144
alloc_pos 257380
alloc_pos 257472
alloc_pos 257704
alloc_pos 257900
alloc_pos 258044
alloc_pos 258136
alloc_pos 258172
alloc_pos 258260
alloc_pos 258448
alloc_pos 258484
alloc_pos 258732
alloc_pos 258832
alloc_pos 258884
alloc_pos 259136
alloc_pos 259216
alloc_pos 259364
alloc_pos 259596
alloc_pos 259796
alloc_pos 260048
alloc_pos 260248
alloc_pos 260488
alloc_pos 260724
alloc_pos 260752
alloc_pos 260904
alloc_pos 261128
alloc_pos 261180
alloc_pos 261340
alloc_pos 261476
alloc_pos 261536
alloc_pos 261576
alloc_pos 261812
alloc_pos 261956
alloc_pos 261984
alloc_pos -1

