reason: unexpected exit code -6
--- stdout ---
CHENEY GENERATOR!
--- stderr ---
alloc_pos 8
alloc_pos 1040
alloc_pos 2072
alloc_pos 3104
alloc_pos 4136
alloc_pos 5168
alloc_pos 5432
alloc_pos 5488
alloc_pos 5656
alloc_pos 5896
alloc_pos 6124
alloc_pos 6340
alloc_pos 6380
alloc_pos 6468
alloc_pos 6520
alloc_pos 6668
alloc_pos 6884
alloc_pos 7020
alloc_pos 7164
alloc_pos 7352
alloc_pos 7472
alloc_pos 7696
alloc_pos 7772
alloc_pos 7820
alloc_pos 7968
alloc_pos 7996
alloc_pos 8248
alloc_pos 8484
alloc_pos 8604
alloc_pos 8736
alloc_pos 8912
alloc_pos 9128
alloc_pos 9348
alloc_pos 9372
alloc_pos 9572
alloc_pos 9708
alloc_pos 9800
alloc_pos 10008
alloc_pos 10236
alloc_pos 10316
alloc_pos 10488
alloc_pos 10752
alloc_pos 10800
alloc_pos 11052
alloc_pos 11156
alloc_pos 11184
alloc_pos 11212
alloc_pos 11240
alloc_pos 11428
alloc_pos 11588
alloc_pos 11612
alloc_pos 11876
alloc_pos 12124
alloc_pos 12244
alloc_pos 12440
alloc_pos 12516
alloc_pos 12648
alloc_pos 12856
alloc_pos 12884
alloc_pos 13040
alloc_pos 13120
alloc_pos 13336
alloc_pos 13472
alloc_pos 13736
alloc_pos 13884
alloc_pos 14048
alloc_pos 14128
alloc_pos 14240
alloc_pos 14320
alloc_pos 14516
alloc_pos 14596
alloc_pos 14812
alloc_pos 14952
alloc_pos 15216
alloc_pos 15312
alloc_pos 15572
alloc_pos 15600
alloc_pos 15728
alloc_pos 15964
alloc_pos 16220
alloc_pos 16384
alloc_pos 16644
alloc_pos 16832
alloc_pos 16880
alloc_pos 16948
alloc_pos 17132
alloc_pos 17340
alloc_pos 17584
alloc_pos 17680
alloc_pos 17732
alloc_pos 17944
alloc_pos 18052
alloc_pos 18304
alloc_pos 18512
alloc_pos 18716
alloc_pos 18868
alloc_pos 19128
alloc_pos 19260
alloc_pos 19412
alloc_pos 19648
alloc_pos 19904
alloc_pos 20096
alloc_pos 20168
alloc_pos 20268
alloc_pos 20364
alloc_pos 20536
alloc_pos 20784
alloc_pos 20932
alloc_pos 21172
alloc_pos 21436
alloc_pos 21588
alloc_pos 21712
alloc_pos 21884
alloc_pos 22124
alloc_pos 22156
alloc_pos 22300
alloc_pos 22384
alloc_pos 22596
alloc_pos 22824
alloc_pos 22948
alloc_pos 23076
alloc_pos 23268
alloc_pos 23336
alloc_pos 23452
alloc_pos 23616
alloc_pos 23864
alloc_pos 24064
alloc_pos 24284
alloc_pos 24480
alloc_pos 24692
alloc_pos 24808
alloc_pos 24852
alloc_pos 24988
alloc_pos 25180
alloc_pos 25332
alloc_pos 25380
alloc_pos 25600
alloc_pos 25664
alloc_pos 25820
alloc_pos 26056
alloc_pos 26180
alloc_pos 26296
alloc_pos 26444
alloc_pos 26652
alloc_pos 26680
alloc_pos 26824
alloc_pos 26856
alloc_pos 26956
alloc_pos 27160
alloc_pos 27400
alloc_pos 27580
alloc_pos 27752
alloc_pos 27924
alloc_pos 28048
alloc_pos 28236
alloc_pos 28300
alloc_pos 28364
alloc_pos 28516
alloc_pos 28596
alloc_pos 28620
alloc_pos 28840
alloc_pos 28912
alloc_pos 29072
alloc_pos 29328
alloc_pos 29572
alloc_pos 29736
alloc_pos 29816
alloc_pos 29940
alloc_pos 30092
alloc_pos 30204
alloc_pos 30468
alloc_pos 30708
alloc_pos 30876
alloc_pos 30988
alloc_pos 31128
alloc_pos 31384
alloc_pos 31476
alloc_pos 31668
alloc_pos 31832
alloc_pos 32008
alloc_pos 32216
alloc_pos 32240
alloc_pos 32360
alloc_pos 32584
alloc_pos 32824
alloc_pos 33056
alloc_pos 33304
alloc_pos 33568
alloc_pos 33780
alloc_pos 33932
alloc_pos 34160
alloc_pos 34216
alloc_pos 34372
alloc_pos 34592
alloc_pos 34756
alloc_pos 34832
alloc_pos 34964
alloc_pos 35228
alloc_pos 35264
alloc_pos 35408
alloc_pos 35652
alloc_pos 35768
alloc_pos 35936
alloc_pos 36100
alloc_pos 36172
alloc_pos 36436
alloc_pos 36588
alloc_pos 36716
alloc_pos 36864
alloc_pos 37096
alloc_pos 37208
alloc_pos 37336
alloc_pos 37448
alloc_pos 37472
alloc_pos 37632
alloc_pos 37792
alloc_pos 37972
alloc_pos 38196
alloc_pos 38376
alloc_pos 38484
alloc_pos 38624
alloc_pos 38800
alloc_pos 38828
alloc_pos 39056
alloc_pos 39136
alloc_pos 39320
alloc_pos 39388
alloc_pos 39552
alloc_pos 39724
alloc_pos 39792
alloc_pos 40036
alloc_pos 40080
alloc_pos 40308
alloc_pos 40472
alloc_pos 40700
alloc_pos 40940
alloc_pos 41172
alloc_pos 41432
alloc_pos 41520
alloc_pos 41552
alloc_pos 41788
alloc_pos 42052
alloc_pos 42248
alloc_pos 42288
alloc_pos 42332
alloc_pos 42576
alloc_pos 42604
alloc_pos 42740
alloc_pos 42764
alloc_pos 42980
alloc_pos 43196
alloc_pos 43288
alloc_pos 43372
alloc_pos 43464
alloc_pos 43516
alloc_pos 43744
alloc_pos 43924
alloc_pos 43992
alloc_pos 44104
alloc_pos 44200
alloc_pos 44240
alloc_pos 44304
alloc_pos 44368
alloc_pos 44424
alloc_pos 44592
alloc_pos 44832
alloc_pos 45060
alloc_pos 45276
alloc_pos 45316
alloc_pos 45404
alloc_pos 45456
alloc_pos 45604
alloc_pos 45820
alloc_pos 45956
alloc_pos 46100
alloc_pos 46288
alloc_pos 46408
alloc_pos 46632
alloc_pos 46708
alloc_pos 46756
alloc_pos 46904
alloc_pos 46932
alloc_pos 47184
alloc_pos 47420
alloc_pos 47540
alloc_pos 47672
alloc_pos 47848
alloc_pos 48064
alloc_pos 48284
alloc_pos 48308
alloc_pos 48508
alloc_pos 48644
alloc_pos 48736
alloc_pos 48944
alloc_pos 49172
alloc_pos 49252
alloc_pos 49424
alloc_pos 49688
alloc_pos 49736
alloc_pos 49988
alloc_pos 50092
alloc_pos 50120
alloc_pos 50148
alloc_pos 50176
alloc_pos 50364
alloc_pos 50524
alloc_pos 50548
alloc_pos 50812
alloc_pos 51060
alloc_pos 51180
alloc_pos 51376
alloc_pos 51452
alloc_pos 51584
alloc_pos 51792
alloc_pos 51820
alloc_pos 51976
alloc_pos 52056
alloc_pos 52272
alloc_pos 52408
alloc_pos 52672
alloc_pos 52820
alloc_pos 52984
alloc_pos 53064
alloc_pos 53176
alloc_pos 53256
alloc_pos 53452
alloc_pos 53532
alloc_pos 53748
alloc_pos 53888
alloc_pos 54152
alloc_pos 54248
alloc_pos 54508
alloc_pos 54536
alloc_pos 54664
alloc_pos 54900
alloc_pos 55156
alloc_pos 55320
alloc_pos 55580
alloc_pos 55768
alloc_pos 55816
alloc_pos 55884
alloc_pos 56068
alloc_pos 56276
alloc_pos 56520
alloc_pos 56616
alloc_pos 56668
alloc_pos 56880
alloc_pos 56988
alloc_pos 57240
alloc_pos 57448
alloc_pos 57652
alloc_pos 57804
alloc_pos 58064
alloc_pos 58196
alloc_pos 58348
alloc_pos 58584
alloc_pos 58840
alloc_pos 59032
alloc_pos 59104
alloc_pos 59204
alloc_pos 59300
alloc_pos 59472
alloc_pos 59720
alloc_pos 59868
alloc_pos 60108
alloc_pos 60372
alloc_pos 60524
alloc_pos 60648
alloc_pos 60820
alloc_pos 61060
alloc_pos 61092
alloc_pos 61236
alloc_pos 61320
alloc_pos 61532
alloc_pos 61760
alloc_pos 61884
alloc_pos 62012
alloc_pos 62204
alloc_pos 62272
alloc_pos 62388
alloc_pos 62552
alloc_pos 62800
alloc_pos 63000
alloc_pos 63220
alloc_pos 63416
alloc_pos 63628
alloc_pos 63744
alloc_pos 63788
alloc_pos 63924
alloc_pos 64116
alloc_pos 64268
alloc_pos 64316
alloc_pos 64536
alloc_pos 64600
alloc_pos 64756
alloc_pos 64992
alloc_pos 65116
alloc_pos 65232
alloc_pos 65380
alloc_pos 65588
alloc_pos 65616
alloc_pos 65760
alloc_pos 65792
alloc_pos 65892
alloc_pos 66096
alloc_pos 66336
alloc_pos 66516
alloc_pos 66688
alloc_pos 66860
alloc_pos 66984
alloc_pos 67172
alloc_pos 67236
alloc_pos 67300
alloc_pos 67452
alloc_pos 67532
alloc_pos 67556
alloc_pos 67776
alloc_pos 67848
alloc_pos 68008
alloc_pos 68264
alloc_pos 68508
alloc_pos 68672
alloc_pos 68752
alloc_pos 68876
alloc_pos 69028
alloc_pos 69140
alloc_pos 69404
alloc_pos 69644
alloc_pos 69812
alloc_pos 69924
alloc_pos 70064
alloc_pos 70320
alloc_pos 70412
alloc_pos 70604
alloc_pos 70768
alloc_pos 70944
alloc_pos 71152
alloc_pos 71176
alloc_pos 71296
alloc_pos 71520
alloc_pos 71760
alloc_pos 71992
alloc_pos 72240
alloc_pos 72504
alloc_pos 72716
alloc_pos 72868
alloc_pos 73096
alloc_pos 73152
alloc_pos 73308
alloc_pos 73528
alloc_pos 73692
alloc_pos 73768
alloc_pos 73900
alloc_pos 74164
alloc_pos 74200
alloc_pos 74344
alloc_pos 74588
alloc_pos 74704
alloc_pos 74872
alloc_pos 75036
alloc_pos 75108
alloc_pos 75372
alloc_pos 75524
alloc_pos 75652
alloc_pos 75800
alloc_pos 76032
alloc_pos 76144
alloc_pos 76272
alloc_pos 76384
alloc_pos 76408
alloc_pos 76568
alloc_pos 76728
alloc_pos 76908
alloc_pos 77132
alloc_pos 77312
alloc_pos 77420
alloc_pos 77560
alloc_pos 77736
alloc_pos 77764
alloc_pos 77992
alloc_pos 78072
alloc_pos 78256
alloc_pos 78324
alloc_pos 78488
alloc_pos 78660
alloc_pos 78728
alloc_pos 78972
alloc_pos 79016
alloc_pos 79244
alloc_pos 79408
alloc_pos 79636
alloc_pos 79876
alloc_pos 80108
alloc_pos 80368
alloc_pos 80456
alloc_pos 80488
alloc_pos 80724
alloc_pos 80988
alloc_pos 81184
alloc_pos 81224
alloc_pos 81268
alloc_pos 81512
alloc_pos 81540
alloc_pos 81676
alloc_pos 81700
alloc_pos 81916
alloc_pos 82132
alloc_pos 82224
alloc_pos 82308
alloc_pos 82400
alloc_pos 82452
alloc_pos 82680
alloc_pos 82860
alloc_pos 82928
alloc_pos 83040
alloc_pos 83136
alloc_pos 83176
alloc_pos 83240
alloc_pos 83304
alloc_pos 83360
alloc_pos 83528
alloc_pos 83768
alloc_pos 83996
alloc_pos 84212
alloc_pos 84252
alloc_pos 84340
alloc_pos 84392
alloc_pos 84540
alloc_pos 84756
alloc_pos 84892
alloc_pos 85036
alloc_pos 85224
alloc_pos 85344
alloc_pos 85568
alloc_pos 85644
alloc_pos 85692
alloc_pos 85840
alloc_pos 85868
alloc_pos 86120
alloc_pos 86356
alloc_pos 86476
alloc_pos 86608
alloc_pos 86784
alloc_pos 87000
alloc_pos 87220
alloc_pos 87244
alloc_pos 87444
alloc_pos 87580
alloc_pos 87672
alloc_pos 87880
alloc_pos 88108
alloc_pos 88188
alloc_pos 88360
alloc_pos 88624
alloc_pos 88672
alloc_pos 88924
alloc_pos 89028
alloc_pos 89056
alloc_pos 89084
alloc_pos 89112
alloc_pos 89300
alloc_pos 89460
alloc_pos 89484
alloc_pos 89748
alloc_pos 89996
alloc_pos 90116
alloc_pos 90312
alloc_pos 90388
alloc_pos 90520
alloc_pos 90728
alloc_pos 90756
alloc_pos 90912
alloc_pos 90992
alloc_pos 91208
alloc_pos 91344
alloc_pos 91608
alloc_pos 91756
alloc_pos 91920
alloc_pos 92000
alloc_pos 92112
alloc_pos 92192
alloc_pos 92388
alloc_pos 92468
alloc_pos 92684
alloc_pos 92824
alloc_pos 93088
alloc_pos 93184
alloc_pos 93444
alloc_pos 93472
alloc_pos 93600
alloc_pos 93836
alloc_pos 94092
alloc_pos 94256
alloc_pos 94516
alloc_pos 94704
alloc_pos 94752
alloc_pos 94820
alloc_pos 95004
alloc_pos 95212
alloc_pos 95456
alloc_pos 95552
alloc_pos 95604
alloc_pos 95816
alloc_pos 95924
alloc_pos 96176
alloc_pos 96384
alloc_pos 96588
alloc_pos 96740
alloc_pos 97000
alloc_pos 97132
alloc_pos 97284
alloc_pos 97520
alloc_pos 97776
alloc_pos 97968
alloc_pos 98040
alloc_pos 98140
alloc_pos 98236
alloc_pos 98408
alloc_pos 98656
alloc_pos 98804
alloc_pos 99044
alloc_pos 99308
alloc_pos 99460
alloc_pos 99584
alloc_pos 99756
alloc_pos 99996
alloc_pos 100028
alloc_pos 100172
alloc_pos 100256
alloc_pos 100468
alloc_pos 100696
alloc_pos 100820
alloc_pos 100948
alloc_pos 101140
alloc_pos 101208
alloc_pos 101324
alloc_pos 101488
alloc_pos 101736
alloc_pos 101936
alloc_pos 102156
alloc_pos 102352
alloc_pos 102564
alloc_pos 102680
alloc_pos 102724
alloc_pos 102860
alloc_pos 103052
alloc_pos 103204
alloc_pos 103252
alloc_pos 103472
alloc_pos 103536
alloc_pos 103692
alloc_pos 103928
alloc_pos 104052
alloc_pos 104168
alloc_pos 104316
alloc_pos 104524
alloc_pos 104552
alloc_pos 104696
alloc_pos 104728
alloc_pos 104828
alloc_pos 105032
alloc_pos 105272
alloc_pos 105452
alloc_pos 105624
alloc_pos 105796
alloc_pos 105920
alloc_pos 106108
alloc_pos 106172
alloc_pos 106236
alloc_pos 106388
alloc_pos 106468
alloc_pos 106492
alloc_pos 106712
alloc_pos 106784
alloc_pos 106944
alloc_pos 107200
alloc_pos 107444
alloc_pos 107608
alloc_pos 107688
alloc_pos 107812
alloc_pos 107964
alloc_pos 108076
alloc_pos 108340
alloc_pos 108580
alloc_pos 108748
alloc_pos 108860
alloc_pos 109000
alloc_pos 109256
alloc_pos 109348
alloc_pos 109540
alloc_pos 109704
alloc_pos 109880
alloc_pos 110088
alloc_pos 110112
alloc_pos 110232
alloc_pos 110456
alloc_pos 110696
alloc_pos 110928
alloc_pos 111176
alloc_pos 111440
alloc_pos 111652
alloc_pos 111804
alloc_pos 112032
alloc_pos 112088
alloc_pos 112244
alloc_pos 112464
alloc_pos 112628
alloc_pos 112704
alloc_pos 112836
alloc_pos 113100
alloc_pos 113136
alloc_pos 113280
alloc_pos 113524
alloc_pos 113640
alloc_pos 113808
alloc_pos 113972
alloc_pos 114044
alloc_pos 114308
alloc_pos 114460
alloc_pos 114588
alloc_pos 114736
alloc_pos 114968
alloc_pos 115080
alloc_pos 115208
alloc_pos 115320
alloc_pos 115344
alloc_pos 115504
alloc_pos 115664
alloc_pos 115844
alloc_pos 116068
alloc_pos 116248
alloc_pos 116356
alloc_pos 116496
alloc_pos 116672
alloc_pos 116700
alloc_pos 116928
alloc_pos 117008
alloc_pos 117192
alloc_pos 117260
alloc_pos 117424
alloc_pos 117596
alloc_pos 117664
alloc_pos 117908
alloc_pos 117952
alloc_pos 118180
alloc_pos 118344
alloc_pos 118572
alloc_pos 118812
alloc_pos 119044
alloc_pos 119304
alloc_pos 119392
alloc_pos 119424
alloc_pos 119660
alloc_pos 119924
alloc_pos 120120
alloc_pos 120160
alloc_pos 120204
alloc_pos 120448
alloc_pos 120476
alloc_pos 120612
alloc_pos 120636
alloc_pos 120852
alloc_pos 121068
alloc_pos 121160
alloc_pos 121244
alloc_pos 121336
alloc_pos 121388
alloc_pos 121616
alloc_pos 121796
alloc_pos 121864
alloc_pos 121976
alloc_pos 122072
alloc_pos 122112
alloc_pos 122176
alloc_pos 122240
alloc_pos 122296
alloc_pos 122464
alloc_pos 122704
alloc_pos 122932
alloc_pos 123148
alloc_pos 123188
alloc_pos 123276
alloc_pos 123328
alloc_pos 123476
alloc_pos 123692
alloc_pos 123828
alloc_pos 123972
alloc_pos 124160
alloc_pos 124280
alloc_pos 124504
alloc_pos 124580
alloc_pos 124628
alloc_pos 124776
alloc_pos 124804
alloc_pos 125056
alloc_pos 125292
alloc_pos 125412
alloc_pos 125544
alloc_pos 125720
alloc_pos 125936
alloc_pos 126156
alloc_pos 126180
alloc_pos 126380
alloc_pos 126516
alloc_pos 126608
alloc_pos 126816
alloc_pos 127044
alloc_pos 127124
alloc_pos 127296
alloc_pos 127560
alloc_pos 127608
alloc_pos 127860
alloc_pos 127964
alloc_pos 127992
alloc_pos 128020
alloc_pos 128048
alloc_pos 128236
alloc_pos 128396
alloc_pos 128420
alloc_pos 128684
alloc_pos 128932
alloc_pos 129052
alloc_pos 129248
alloc_pos 129324
alloc_pos 129456
alloc_pos 129664
alloc_pos 129692
alloc_pos 129848
alloc_pos 129928
alloc_pos 130144
alloc_pos 130280
alloc_pos 130544
alloc_pos 130692
alloc_pos 130856
alloc_pos 130936
alloc_pos 131048
alloc_pos 131128
alloc_pos 131324
alloc_pos 131404
alloc_pos 131620
alloc_pos 131760
alloc_pos 132024
alloc_pos 132120
alloc_pos 132380
alloc_pos 132408
alloc_pos 132536
alloc_pos 132772
alloc_pos 133028
alloc_pos 133192
alloc_pos 133452
alloc_pos 133640
alloc_pos 133688
alloc_pos 133756
alloc_pos 133940
alloc_pos 134148
alloc_pos 134392
alloc_pos 134488
alloc_pos 134540
alloc_pos 134752
alloc_pos 134860
alloc_pos 135112
alloc_pos 135320
alloc_pos 135524
alloc_pos 135676
alloc_pos 135936
alloc_pos 136068
alloc_pos 136220
alloc_pos 136456
alloc_pos 136712
alloc_pos 136904
alloc_pos 136976
alloc_pos 137076
alloc_pos 137172
alloc_pos 137344
alloc_pos 137592
alloc_pos 137740
alloc_pos 137980
alloc_pos 138244
alloc_pos 138396
alloc_pos 138520
alloc_pos 138692
alloc_pos 138932
alloc_pos 138964
alloc_pos 139108
alloc_pos 139192
alloc_pos 139404
alloc_pos 139632
alloc_pos 139756
alloc_pos 139884
alloc_pos 140076
alloc_pos 140144
alloc_pos 140260
alloc_pos 140424
alloc_pos 140672
alloc_pos 140872
alloc_pos 141092
alloc_pos 141288
alloc_pos 141500
alloc_pos 141616
alloc_pos 141660
alloc_pos 141796
alloc_pos 141988
alloc_pos 142140
alloc_pos 142188
alloc_pos 142408
alloc_pos 142472
alloc_pos 142628
alloc_pos 142864
alloc_pos 142988
alloc_pos 143104
alloc_pos 143252
alloc_pos 143460
alloc_pos 143488
alloc_pos 143632
alloc_pos 143664
alloc_pos 143764
alloc_pos 143968
alloc_pos 144208
alloc_pos 144388
alloc_pos 144560
alloc_pos 144732
alloc_pos 144856
alloc_pos 145044
alloc_pos 145108
alloc_pos 145172
alloc_pos 145324
alloc_pos 145404
alloc_pos 145428
alloc_pos 145648
alloc_pos 145720
alloc_pos 145880
alloc_pos 146136
alloc_pos 146380
alloc_pos 146544
alloc_pos 146624
alloc_pos 146748
alloc_pos 146900
alloc_pos 147012
alloc_pos 147276
alloc_pos 147516
alloc_pos 147684
alloc_pos 147796
alloc_pos 147936
alloc_pos 148192
alloc_pos 148284
alloc_pos 148476
alloc_pos 148640
alloc_pos 148816
alloc_pos 149024
alloc_pos 149048
alloc_pos 149168
alloc_pos 149392
alloc_pos 149632
alloc_pos 149864
alloc_pos 150112
alloc_pos 150376
alloc_pos 150588
alloc_pos 150740
alloc_pos 150968
alloc_pos 151024
alloc_pos 151180
alloc_pos 151400
alloc_pos 151564
alloc_pos 151640
alloc_pos 151772
alloc_pos 152036
alloc_pos 152072
alloc_pos 152216
alloc_pos 152460
alloc_pos 152576
alloc_pos 152744
alloc_pos 152908
alloc_pos 152980
alloc_pos 153244
alloc_pos 153396
alloc_pos 153524
alloc_pos 153672
alloc_pos 153904
alloc_pos 154016
alloc_pos 154144
alloc_pos 154256
alloc_pos 154280
alloc_pos 154440
alloc_pos 154600
alloc_pos 154780
alloc_pos 155004
alloc_pos 155184
alloc_pos 155292
alloc_pos 155432
alloc_pos 155608
alloc_pos 155636
alloc_pos 155864
alloc_pos 155944
alloc_pos 156128
alloc_pos 156196
alloc_pos 156360
alloc_pos 156532
alloc_pos 156600
alloc_pos 156844
alloc_pos 156888
alloc_pos 157116
alloc_pos 157280
alloc_pos 157508
alloc_pos 157748
alloc_pos 157980
alloc_pos 158240
alloc_pos 158328
alloc_pos 158360
alloc_pos 158596
alloc_pos 158860
alloc_pos 159056
alloc_pos 159096
alloc_pos 159140
alloc_pos 159384
alloc_pos 159412
alloc_pos 159548
alloc_pos 159572
alloc_pos 159788
alloc_pos 160004
alloc_pos 160096
alloc_pos 160180
alloc_pos 160272
alloc_pos 160324
alloc_pos 160552
alloc_pos 160732
alloc_pos 160800
alloc_pos 160912
alloc_pos 161008
alloc_pos 161048
alloc_pos 161112
alloc_pos 161176
alloc_pos 161232
alloc_pos 161400
alloc_pos 161640
alloc_pos 161868
alloc_pos 162084
alloc_pos 162124
alloc_pos 162212
alloc_pos 162264
alloc_pos 162412
alloc_pos 162628
alloc_pos 162764
alloc_pos 162908
alloc_pos 163096
alloc_pos 163216
alloc_pos 163440
alloc_pos 163516
alloc_pos 163564
alloc_pos 163712
alloc_pos 163740
alloc_pos 163992
alloc_pos 164228
alloc_pos 164348
alloc_pos 164480
alloc_pos 164656
alloc_pos 164872
alloc_pos 165092
alloc_pos 165116
alloc_pos 165316
alloc_pos 165452
alloc_pos 165544
alloc_pos 165752
alloc_pos 165980
alloc_pos 166060
alloc_pos 166232
alloc_pos 166496
alloc_pos 166544
alloc_pos 166796
alloc_pos 166900
alloc_pos 166928
alloc_pos 166956
alloc_pos 166984
alloc_pos 167172
alloc_pos 167332
alloc_pos 167356
alloc_pos 167620
alloc_pos 167868
alloc_pos 167988
alloc_pos 168184
alloc_pos 168260
alloc_pos 168392
alloc_pos 168600
alloc_pos 168628
alloc_pos 168784
alloc_pos 168864
alloc_pos 169080
alloc_pos 169216
alloc_pos 169480
alloc_pos 169628
alloc_pos 169792
alloc_pos 169872
alloc_pos 169984
alloc_pos 170064
alloc_pos 170260
alloc_pos 170340
alloc_pos 170556
alloc_pos 170696
alloc_pos 170960
alloc_pos 171056
alloc_pos 171316
alloc_pos 171344
alloc_pos 171472
alloc_pos 171708
alloc_pos 171964
alloc_pos 172128
alloc_pos 172388
alloc_pos 172576
alloc_pos 172624
alloc_pos 172692
alloc_pos 172876
alloc_pos 173084
alloc_pos 173328
alloc_pos 173424
alloc_pos 173476
alloc_pos 173688
alloc_pos 173796
alloc_pos 174048
alloc_pos 174256
alloc_pos 174460
alloc_pos 174612
alloc_pos 174872
alloc_pos 175004
alloc_pos 175156
alloc_pos 175392
alloc_pos 175648
alloc_pos 175840
alloc_pos 175912
alloc_pos 176012
alloc_pos 176108
alloc_pos 176280
alloc_pos 176528
alloc_pos 176676
alloc_pos 176916
alloc_pos 177180
alloc_pos 177332
alloc_pos 177456
alloc_pos 177628
alloc_pos 177868
alloc_pos 177900
alloc_pos 178044
alloc_pos 178128
alloc_pos 178340
alloc_pos 178568
alloc_pos 178692
alloc_pos 178820
alloc_pos 179012
alloc_pos 179080
alloc_pos 179196
alloc_pos 179360
alloc_pos 179608
alloc_pos 179808
alloc_pos 180028
alloc_pos 180224
alloc_pos 180436
alloc_pos 180552
alloc_pos 180596
alloc_pos 180732
alloc_pos 180924
alloc_pos 181076
alloc_pos 181124
alloc_pos 181344
alloc_pos 181408
alloc_pos 181564
alloc_pos 181800
alloc_pos 181924
alloc_pos 182040
alloc_pos 182188
alloc_pos 182396
alloc_pos 182424
alloc_pos 182568
alloc_pos 182600
alloc_pos 182700
alloc_pos 182904
alloc_pos 183144
alloc_pos 183324
alloc_pos 183496
alloc_pos 183668
alloc_pos 183792
alloc_pos 183980
alloc_pos 184044
alloc_pos 184108
alloc_pos 184260
alloc_pos 184340
alloc_pos 184364
alloc_pos 184584
alloc_pos 184656
alloc_pos 184816
alloc_pos 185072
alloc_pos 185316
alloc_pos 185480
alloc_pos 185560
alloc_pos 185684
alloc_pos 185836
alloc_pos 185948
alloc_pos 186212
alloc_pos 186452
alloc_pos 186620
alloc_pos 186732
alloc_pos 186872
alloc_pos 187128
alloc_pos 187220
alloc_pos 187412
alloc_pos 187576
alloc_pos 187752
alloc_pos 187960
alloc_pos 187984
alloc_pos 188104
alloc_pos 188328
alloc_pos 188568
alloc_pos 188800
alloc_pos 189048
alloc_pos 189312
alloc_pos 189524
alloc_pos 189676
alloc_pos 189904
alloc_pos 189960
alloc_pos 190116
alloc_pos 190336
alloc_pos 190500
alloc_pos 190576
alloc_pos 190708
alloc_pos 190972
alloc_pos 191008
alloc_pos 191152
alloc_pos 191396
alloc_pos 191512
alloc_pos 191680
alloc_pos 191844
alloc_pos 191916
alloc_pos 192180
alloc_pos 192332
alloc_pos 192460
alloc_pos 192608
alloc_pos 192840
alloc_pos 192952
alloc_pos 193080
alloc_pos 193192
alloc_pos 193216
alloc_pos 193376
alloc_pos 193536
alloc_pos 193716
alloc_pos 193940
alloc_pos 194120
alloc_pos 194228
alloc_pos 194368
alloc_pos 194544
alloc_pos 194572
alloc_pos 194800
alloc_pos 194880
alloc_pos 195064
alloc_pos 195132
alloc_pos 195296
alloc_pos 195468
alloc_pos 195536
alloc_pos 195780
alloc_pos 195824
alloc_pos 196052
alloc_pos 196216
alloc_pos 196444
alloc_pos 196684
alloc_pos 196916
alloc_pos 197176
alloc_pos 197264
alloc_pos 197296
alloc_pos 197532
alloc_pos 197796
alloc_pos 197992
alloc_pos 198032
alloc_pos 198076
alloc_pos 198320
alloc_pos 198348
alloc_pos 198484
alloc_pos 198508
alloc_pos 198724
alloc_pos 198940
alloc_pos 199032
alloc_pos 199116
alloc_pos 199208
alloc_pos 199260
alloc_pos 199488
alloc_pos 199668
alloc_pos 199736
alloc_pos 199848
alloc_pos 199944
alloc_pos 199984
alloc_pos 200048
alloc_pos 200112
alloc_pos 200168
alloc_pos 200336
alloc_pos 200576
alloc_pos 200804
alloc_pos 201020
alloc_pos 201060
alloc_pos 201148
alloc_pos 201200
alloc_pos 201348
alloc_pos 201564
alloc_pos 201700
alloc_pos 201844
alloc_pos 202032
alloc_pos 202152
alloc_pos 202376
alloc_pos 202452
alloc_pos 202500
alloc_pos 202648
alloc_pos 202676
alloc_pos 202928
alloc_pos 203164
alloc_pos 203284
alloc_pos 203416
alloc_pos 203592
alloc_pos 203808
alloc_pos 204028
alloc_pos 204052
alloc_pos 204252
alloc_pos 204388
alloc_pos 204480
alloc_pos 204688
alloc_pos 204916
alloc_pos 204996
alloc_pos 205168
alloc_pos 205432
alloc_pos 205480
alloc_pos 205732
alloc_pos 205836
alloc_pos 205864
alloc_pos 205892
alloc_pos 205920
alloc_pos 206108
alloc_pos 206268
alloc_pos 206292
alloc_pos 206556
alloc_pos 206804
alloc_pos 206924
alloc_pos 207120
alloc_pos 207196
alloc_pos 207328
alloc_pos 207536
alloc_pos 207564
alloc_pos 207720
alloc_pos 207800
alloc_pos 208016
alloc_pos 208152
alloc_pos 208416
alloc_pos 208564
alloc_pos 208728
alloc_pos 208808
alloc_pos 208920
alloc_pos 209000
alloc_pos 209196
alloc_pos 209276
alloc_pos 209492
alloc_pos 209632
alloc_pos 209896
alloc_pos 209992
alloc_pos 210252
alloc_pos 210280
alloc_pos 210408
alloc_pos 210644
alloc_pos 210900
alloc_pos 211064
alloc_pos 211324
alloc_pos 211512
alloc_pos 211560
alloc_pos 211628
alloc_pos 211812
alloc_pos 212020
alloc_pos 212264
alloc_pos 212360
alloc_pos 212412
alloc_pos 212624
alloc_pos 212732
alloc_pos 212984
alloc_pos 213192
alloc_pos 213396
alloc_pos 213548
alloc_pos 213808
alloc_pos 213940
alloc_pos 214092
alloc_pos 214328
alloc_pos 214584
alloc_pos 214776
alloc_pos 214848
alloc_pos 214948
alloc_pos 215044
alloc_pos 215216
alloc_pos 215464
alloc_pos 215612
alloc_pos 215852
alloc_pos 216116
alloc_pos 216268
alloc_pos 216392
alloc_pos 216564
alloc_pos 216804
alloc_pos 216836
alloc_pos 216980
alloc_pos 217064
alloc_pos 217276
alloc_pos 217504
alloc_pos 217628
alloc_pos 217756
alloc_pos 217948
alloc_pos 218016
alloc_pos 218132
alloc_pos 218296
alloc_pos 218544
alloc_pos 218744
alloc_pos 218964
alloc_pos 219160
alloc_pos 219372
alloc_pos 219488
alloc_pos 219532
alloc_pos 219668
alloc_pos 219860
alloc_pos 220012
alloc_pos 220060
alloc_pos 220280
alloc_pos 220344
alloc_pos 220500
alloc_pos 220736
alloc_pos 220860
alloc_pos 220976
alloc_pos 221124
alloc_pos 221332
alloc_pos 221360
alloc_pos 221504
alloc_pos 221536
alloc_pos 221636
alloc_pos 221840
alloc_pos 222080
alloc_pos 222260
alloc_pos 222432
alloc_pos 222604
alloc_pos 222728
alloc_pos 222916
alloc_pos 222980
alloc_pos 223044
alloc_pos 223196
alloc_pos 223276
alloc_pos 223300
alloc_pos 223520
alloc_pos 223592
alloc_pos 223752
alloc_pos 224008
alloc_pos 224252
alloc_pos 224416
alloc_pos 224496
alloc_pos 224620
alloc_pos 224772
alloc_pos 224884
alloc_pos 225148
alloc_pos 225388
alloc_pos 225556
alloc_pos 225668
alloc_pos 225808
alloc_pos 226064
alloc_pos 226156
alloc_pos 226348
alloc_pos 226512
alloc_pos 226688
alloc_pos 226896
alloc_pos 226920
alloc_pos 227040
alloc_pos 227264
alloc_pos 227504
alloc_pos 227736
alloc_pos 227984
alloc_pos 228248
alloc_pos 228460
alloc_pos 228612
alloc_pos 228840
alloc_pos 228896
alloc_pos 229052
alloc_pos 229272
alloc_pos 229436
alloc_pos 229512
alloc_pos 229644
alloc_pos 229908
alloc_pos 229944
alloc_pos 230088
alloc_pos 230332
alloc_pos 230448
alloc_pos 230616
alloc_pos 230780
alloc_pos 230852
alloc_pos 231116
alloc_pos 231268
alloc_pos 231396
alloc_pos 231544
alloc_pos 231776
alloc_pos 231888
alloc_pos 232016
alloc_pos 232128
alloc_pos 232152
alloc_pos 232312
alloc_pos 232472
alloc_pos 232652
alloc_pos 232876
alloc_pos 233056
alloc_pos 233164
alloc_pos 233304
alloc_pos 233480
alloc_pos 233508
alloc_pos 233736
alloc_pos 233816
alloc_pos 234000
alloc_pos 234068
alloc_pos 234232
alloc_pos 234404
alloc_pos 234472
alloc_pos 234716
alloc_pos 234760
alloc_pos 234988
alloc_pos 235152
alloc_pos 235380
alloc_pos 235620
alloc_pos 235852
alloc_pos 236112
alloc_pos 236200
alloc_pos 236232
alloc_pos 236468
alloc_pos 236732
alloc_pos 236928
alloc_pos 236968
alloc_pos 237012
alloc_pos 237256
alloc_pos 237284
alloc_pos 237420
alloc_pos 237444
alloc_pos 237660
alloc_pos 237876
alloc_pos 237968
alloc_pos 238052
alloc_pos 238144
alloc_pos 238196
alloc_pos 238424
alloc_pos 238604
alloc_pos 238672
alloc_pos 238784
alloc_pos 238880
alloc_pos 238920
alloc_pos 238984
alloc_pos 239048
alloc_pos 239104
alloc_pos 239272
alloc_pos 239512
alloc_pos 239740
alloc_pos 239956
alloc_pos 239996
alloc_pos 240084
alloc_pos 240136
alloc_pos 240284
alloc_pos 240500
alloc_pos 240636
alloc_pos 240780
alloc_pos 240968
alloc_pos 241088
alloc_pos 241312
alloc_pos 241388
alloc_pos 241436
alloc_pos 241584
alloc_pos 241612
alloc_pos 241864
alloc_pos 242100
alloc_pos 242220
alloc_pos 242352
alloc_pos 242528
alloc_pos 242744
alloc_pos 242964
alloc_pos 242988
alloc_pos 243188
alloc_pos 243324
alloc_pos 243416
alloc_pos 243624
alloc_pos 243852
alloc_pos 243932
alloc_pos 244104
alloc_pos 244368
alloc_pos 244416
alloc_pos 244668
alloc_pos 244772
alloc_pos 244800
alloc_pos 244828
alloc_pos 244856
alloc_pos 245044
alloc_pos 245204
alloc_pos 245228
alloc_pos 245492
alloc_pos 245740
alloc_pos 245860
alloc_pos 246056
alloc_pos 246132
alloc_pos 246264
alloc_pos 246472
alloc_pos 246500
alloc_pos 246656
alloc_pos 246736
alloc_pos 246952
alloc_pos 247088
alloc_pos 247352
alloc_pos 247500
alloc_pos 247664
alloc_pos 247744
alloc_pos 247856
alloc_pos 247936
alloc_pos 248132
alloc_pos 248212
alloc_pos 248428
alloc_pos 248568
alloc_pos 248832
alloc_pos 248928
alloc_pos 249188
alloc_pos 249216
alloc_pos 249344
alloc_pos 249580
alloc_pos 249836
alloc_pos 250000
alloc_pos 250260
alloc_pos 250448
alloc_pos 250496
alloc_pos 250564
alloc_pos 250748
alloc_pos 250956
alloc_pos 251200
alloc_pos 251296
alloc_pos 251348
alloc_pos 251560
alloc_pos 251668
alloc_pos 251920
alloc_pos 252128
alloc_pos 252332
alloc_pos 252484
alloc_pos 252744
alloc_pos 252876
alloc_pos 253028
alloc_pos 253264
alloc_pos 253520
alloc_pos 253712
alloc_pos 253784
alloc_pos 253884
alloc_pos 253980
alloc_pos 254152
alloc_pos 254400
alloc_pos 254548
alloc_pos 254788
alloc_pos 255052
alloc_pos 255204
alloc_pos 255328
alloc_pos 255500
alloc_pos 255740
alloc_pos 255772
alloc_pos 255916
alloc_pos 256000
alloc_pos 256212
alloc_pos 256440
alloc_pos 256564
alloc_pos 256692
alloc_pos 256884
alloc_pos 256952
alloc_pos 257068
alloc_pos 257232
alloc_pos 257480
alloc_pos 257680
alloc_pos 257900
alloc_pos 258096
alloc_pos 258308
alloc_pos 258424
alloc_pos 258468
alloc_pos 258604
alloc_pos 258796
alloc_pos 258948
alloc_pos 258996
alloc_pos 259216
alloc_pos 259280
alloc_pos 259436
alloc_pos 259672
alloc_pos 259796
alloc_pos 259912
alloc_pos 260060
alloc_pos 260268
alloc_pos 260296
alloc_pos 260440
alloc_pos 260472
alloc_pos 260572
alloc_pos 260776
alloc_pos 261016
alloc_pos 261196
alloc_pos 261368
alloc_pos 261540
alloc_pos 261664
alloc_pos 261852
alloc_pos 261916
alloc_pos 261980
alloc_pos -1

