reason: unexpected exit code -6
--- stdout ---
CHENEY GENERATOR!
--- stderr ---
alloc_pos 8
alloc_pos 1040
alloc_pos 2072
alloc_pos 3104
alloc_pos 4136
alloc_pos 5168
alloc_pos 5432
alloc_pos 5604
alloc_pos 5844
alloc_pos 5916
alloc_pos 6172
alloc_pos 6332
alloc_pos 6592
alloc_pos 6704
alloc_pos 6844
alloc_pos 6880
alloc_pos 7072
alloc_pos 7224
alloc_pos 7300
alloc_pos 7476
alloc_pos 7556
alloc_pos 7812
alloc_pos 7908
alloc_pos 8056
alloc_pos 8256
alloc_pos 8480
alloc_pos 8556
alloc_pos 8664
alloc_pos 8800
alloc_pos 8840
alloc_pos 8928
alloc_pos 9000
alloc_pos 9064
alloc_pos 9108
alloc_pos 9244
alloc_pos 9464
alloc_pos 9624
alloc_pos 9740
alloc_pos 9812
alloc_pos 9956
alloc_pos 10180
alloc_pos 10284
alloc_pos 10368
alloc_pos 10552
alloc_pos 10776
alloc_pos 10900
alloc_pos 11032
alloc_pos 11108
alloc_pos 11148
alloc_pos 11280
alloc_pos 11420
alloc_pos 11520
alloc_pos 11596
alloc_pos 11648
alloc_pos 11836
alloc_pos 12068
alloc_pos 12248
alloc_pos 12444
alloc_pos 12552
alloc_pos 12744
alloc_pos 12984
alloc_pos 13232
alloc_pos 13324
alloc_pos 13448
alloc_pos 13672
alloc_pos 13792
alloc_pos 13872
alloc_pos 14004
alloc_pos 14044
alloc_pos 14168
alloc_pos 14380
alloc_pos 14572
alloc_pos 14700
alloc_pos 14724
alloc_pos 14968
alloc_pos 15108
alloc_pos 15184
alloc_pos 15344
alloc_pos 15392
alloc_pos 15504
alloc_pos 15728
alloc_pos 15756
alloc_pos 15872
alloc_pos 16076
alloc_pos 16192
alloc_pos 16216
alloc_pos 16304
alloc_pos 16472
alloc_pos 16704
alloc_pos 16764
alloc_pos 16796
alloc_pos 16928
alloc_pos 16996
alloc_pos 17088
alloc_pos 17128
alloc_pos 17344
alloc_pos 17404
alloc_pos 17528
alloc_pos 17724
alloc_pos 17932
alloc_pos 18164
alloc_pos 18280
alloc_pos 18532
alloc_pos 18720
alloc_pos 18888
alloc_pos 19032
alloc_pos 19096
alloc_pos 19244
alloc_pos 19484
alloc_pos 19732
alloc_pos 19884
alloc_pos 19984
alloc_pos 20228
alloc_pos 20472
alloc_pos 20540
alloc_pos 20740
alloc_pos 20896
alloc_pos 21092
alloc_pos 21336
alloc_pos 21360
alloc_pos 21404
alloc_pos 21444
alloc_pos 21476
alloc_pos 21644
alloc_pos 21756
alloc_pos 21916
alloc_pos 22180
alloc_pos 22380
alloc_pos 22628
alloc_pos 22764
alloc_pos 23000
alloc_pos 23232
alloc_pos 23284
alloc_pos 23480
alloc_pos 23684
alloc_pos 23864
alloc_pos 24084
alloc_pos 24260
alloc_pos 24488
alloc_pos 24628
alloc_pos 24852
alloc_pos 25036
alloc_pos 25092
alloc_pos 25288
alloc_pos 25356
alloc_pos 25616
alloc_pos 25840
alloc_pos 25912
alloc_pos 26124
alloc_pos 26384
alloc_pos 26636
alloc_pos 26800
alloc_pos 26936
alloc_pos 27184
alloc_pos 27240
alloc_pos 27284
alloc_pos 27344
alloc_pos 27592
alloc_pos 27692
alloc_pos 27800
alloc_pos 27920
alloc_pos 27960
alloc_pos 27996
alloc_pos 28160
alloc_pos 28324
alloc_pos 28524
alloc_pos 28636
alloc_pos 28776
alloc_pos 28812
alloc_pos 28884
alloc_pos 28976
alloc_pos 29172
alloc_pos 29404
alloc_pos 29508
alloc_pos 29552
alloc_pos 29644
alloc_pos 29904
alloc_pos 29964
alloc_pos 30052
alloc_pos 30192
alloc_pos 30268
alloc_pos 30400
alloc_pos 30452
alloc_pos 30608
alloc_pos 30836
alloc_pos 31088
alloc_pos 31192
alloc_pos 31276
alloc_pos 31324
alloc_pos 31416
alloc_pos 31604
alloc_pos 31852
alloc_pos 31920
alloc_pos 31944
alloc_pos 31968
alloc_pos 32152
alloc_pos 32276
alloc_pos 32516
alloc_pos 32696
alloc_pos 32836
alloc_pos 33024
alloc_pos 33192
alloc_pos 33224
alloc_pos 33452
alloc_pos 33560
alloc_pos 33644
alloc_pos 33868
alloc_pos 33960
alloc_pos 34104
alloc_pos 34296
alloc_pos 34368
alloc_pos 34532
alloc_pos 34704
alloc_pos 34864
alloc_pos 34968
alloc_pos 35076
alloc_pos 35104
alloc_pos 35364
alloc_pos 35420
alloc_pos 35516
alloc_pos 35628
alloc_pos 35824
alloc_pos 35940
alloc_pos 36192
alloc_pos 36316
alloc_pos 36440
alloc_pos 36624
alloc_pos 36660
alloc_pos 36872
alloc_pos 36952
alloc_pos 37108
alloc_pos 37148
alloc_pos 37224
alloc_pos 37284
alloc_pos 37476
alloc_pos 37528
alloc_pos 37588
alloc_pos 37696
alloc_pos 37748
alloc_pos 37864
alloc_pos 37892
alloc_pos 38028
alloc_pos 38272
alloc_pos 38464
alloc_pos 38536
alloc_pos 38732
alloc_pos 38924
alloc_pos 39120
alloc_pos 39352
alloc_pos 39468
alloc_pos 39620
alloc_pos 39812
alloc_pos 39996
alloc_pos 40160
alloc_pos 40236
alloc_pos 40292
alloc_pos 40432
alloc_pos 40592
alloc_pos 40756
alloc_pos 40860
alloc_pos 40960
alloc_pos 41156
alloc_pos 41256
alloc_pos 41428
alloc_pos 41668
alloc_pos 41740
alloc_pos 41996
alloc_pos 42156
alloc_pos 42416
alloc_pos 42528
alloc_pos 42668
alloc_pos 42704
alloc_pos 42896
alloc_pos 43048
alloc_pos 43124
alloc_pos 43300
alloc_pos 43380
alloc_pos 43636
alloc_pos 43732
alloc_pos 43880
alloc_pos 44080
alloc_pos 44304
alloc_pos 44380
alloc_pos 44488
alloc_pos 44624
alloc_pos 44664
alloc_pos 44752
alloc_pos 44824
alloc_pos 44888
alloc_pos 44932
alloc_pos 45068
alloc_pos 45288
alloc_pos 45448
alloc_pos 45564
alloc_pos 45636
alloc_pos 45780
alloc_pos 46004
alloc_pos 46108
alloc_pos 46192
alloc_pos 46376
alloc_pos 46600
alloc_pos 46724
alloc_pos 46856
alloc_pos 46932
alloc_pos 46972
alloc_pos 47104
alloc_pos 47244
alloc_pos 47344
alloc_pos 47420
alloc_pos 47472
alloc_pos 47660
alloc_pos 47892
alloc_pos 48072
alloc_pos 48268
alloc_pos 48376
alloc_pos 48568
alloc_pos 48808
alloc_pos 49056
alloc_pos 49148
alloc_pos 49272
alloc_pos 49496
alloc_pos 49616
alloc_pos 49696
alloc_pos 49828
alloc_pos 49868
alloc_pos 49992
alloc_pos 50204
alloc_pos 50396
alloc_pos 50524
alloc_pos 50548
alloc_pos 50792
alloc_pos 50932
alloc_pos 51008
alloc_pos 51168
alloc_pos 51216
alloc_pos 51328
alloc_pos 51552
alloc_pos 51580
alloc_pos 51696
alloc_pos 51900
alloc_pos 52016
alloc_pos 52040
alloc_pos 52128
alloc_pos 52296
alloc_pos 52528
alloc_pos 52588
alloc_pos 52620
alloc_pos 52752
alloc_pos 52820
alloc_pos 52912
alloc_pos 52952
alloc_pos 53168
alloc_pos 53228
alloc_pos 53352
alloc_pos 53548
alloc_pos 53756
alloc_pos 53988
alloc_pos 54104
alloc_pos 54356
alloc_pos 54544
alloc_pos 54712
alloc_pos 54856
alloc_pos 54920
alloc_pos 55068
alloc_pos 55308
alloc_pos 55556
alloc_pos 55708
alloc_pos 55808
alloc_pos 56052
alloc_pos 56296
alloc_pos 56364
alloc_pos 56564
alloc_pos 56720
alloc_pos 56916
alloc_pos 57160
alloc_pos 57184
alloc_pos 57228
alloc_pos 57268
alloc_pos 57300
alloc_pos 57468
alloc_pos 57580
alloc_pos 57740
alloc_pos 58004
alloc_pos 58204
alloc_pos 58452
alloc_pos 58588
alloc_pos 58824
alloc_pos 59056
alloc_pos 59108
alloc_pos 59304
alloc_pos 59508
alloc_pos 59688
alloc_pos 59908
alloc_pos 60084
alloc_pos 60312
alloc_pos 60452
alloc_pos 60676
alloc_pos 60860
alloc_pos 60916
alloc_pos 61112
alloc_pos 61180
alloc_pos 61440
alloc_pos 61664
alloc_pos 61736
alloc_pos 61948
alloc_pos 62208
alloc_pos 62460
alloc_pos 62624
alloc_pos 62760
alloc_pos 63008
alloc_pos 63064
alloc_pos 63108
alloc_pos 63168
alloc_pos 63416
alloc_pos 63516
alloc_pos 63624
alloc_pos 63744
alloc_pos 63784
alloc_pos 63820
alloc_pos 63984
alloc_pos 64148
alloc_pos 64348
alloc_pos 64460
alloc_pos 64600
alloc_pos 64636
alloc_pos 64708
alloc_pos 64800
alloc_pos 64996
alloc_pos 65228
alloc_pos 65332
alloc_pos 65376
alloc_pos 65468
alloc_pos 65728
alloc_pos 65788
alloc_pos 65876
alloc_pos 66016
alloc_pos 66092
alloc_pos 66224
alloc_pos 66276
alloc_pos 66432
alloc_pos 66660
alloc_pos 66912
alloc_pos 67016
alloc_pos 67100
alloc_pos 67148
alloc_pos 67240
alloc_pos 67428
alloc_pos 67676
alloc_pos 67744
alloc_pos 67768
alloc_pos 67792
alloc_pos 67976
alloc_pos 68100
alloc_pos 68340
alloc_pos 68520
alloc_pos 68660
alloc_pos 68848
alloc_pos 69016
alloc_pos 69048
alloc_pos 69276
alloc_pos 69384
alloc_pos 69468
alloc_pos 69692
alloc_pos 69784
alloc_pos 69928
alloc_pos 70120
alloc_pos 70192
alloc_pos 70356
alloc_pos 70528
alloc_pos 70688
alloc_pos 70792
alloc_pos 70900
alloc_pos 70928
alloc_pos 71188
alloc_pos 71244
alloc_pos 71340
alloc_pos 71452
alloc_pos 71648
alloc_pos 71764
alloc_pos 72016
alloc_pos 72140
alloc_pos 72264
alloc_pos 72448
alloc_pos 72484
alloc_pos 72696
alloc_pos 72776
alloc_pos 72932
alloc_pos 72972
alloc_pos 73048
alloc_pos 73108
alloc_pos 73300
alloc_pos 73352
alloc_pos 73412
alloc_pos 73520
alloc_pos 73572
alloc_pos 73688
alloc_pos 73716
alloc_pos 73852
alloc_pos 74096
alloc_pos 74288
alloc_pos 74360
alloc_pos 74556
alloc_pos 74748
alloc_pos 74944
alloc_pos 75176
alloc_pos 75292
alloc_pos 75444
alloc_pos 75636
alloc_pos 75820
alloc_pos 75984
alloc_pos 76060
alloc_pos 76116
alloc_pos 76256
alloc_pos 76416
alloc_pos 76580
alloc_pos 76684
alloc_pos 76784
alloc_pos 76980
alloc_pos 77080
alloc_pos 77252
alloc_pos 77492
alloc_pos 77564
alloc_pos 77820
alloc_pos 77980
alloc_pos 78240
alloc_pos 78352
alloc_pos 78492
alloc_pos 78528
alloc_pos 78720
alloc_pos 78872
alloc_pos 78948
alloc_pos 79124
alloc_pos 79204
alloc_pos 79460
alloc_pos 79556
alloc_pos 79704
alloc_pos 79904
alloc_pos 80128
alloc_pos 80204
alloc_pos 80312
alloc_pos 80448
alloc_pos 80488
alloc_pos 80576
alloc_pos 80648
alloc_pos 80712
alloc_pos 80756
alloc_pos 80892
alloc_pos 81112
alloc_pos 81272
alloc_pos 81388
alloc_pos 81460
alloc_pos 81604
alloc_pos 81828
alloc_pos 81932
alloc_pos 82016
alloc_pos 82200
alloc_pos 82424
alloc_pos 82548
alloc_pos 82680
alloc_pos 82756
alloc_pos 82796
alloc_pos 82928
alloc_pos 83068
alloc_pos 83168
alloc_pos 83244
alloc_pos 83296
alloc_pos 83484
alloc_pos 83716
alloc_pos 83896
alloc_pos 84092
alloc_pos 84200
alloc_pos 84392
alloc_pos 84632
alloc_pos 84880
alloc_pos 84972
alloc_pos 85096
alloc_pos 85320
alloc_pos 85440
alloc_pos 85520
alloc_pos 85652
alloc_pos 85692
alloc_pos 85816
alloc_pos 86028
alloc_pos 86220
alloc_pos 86348
alloc_pos 86372
alloc_pos 86616
alloc_pos 86756
alloc_pos 86832
alloc_pos 86992
alloc_pos 87040
alloc_pos 87152
alloc_pos 87376
alloc_pos 87404
alloc_pos 87520
alloc_pos 87724
alloc_pos 87840
alloc_pos 87864
alloc_pos 87952
alloc_pos 88120
alloc_pos 88352
alloc_pos 88412
alloc_pos 88444
alloc_pos 88576
alloc_pos 88644
alloc_pos 88736
alloc_pos 88776
alloc_pos 88992
alloc_pos 89052
alloc_pos 89176
alloc_pos 89372
alloc_pos 89580
alloc_pos 89812
alloc_pos 89928
alloc_pos 90180
alloc_pos 90368
alloc_pos 90536
alloc_pos 90680
alloc_pos 90744
alloc_pos 90892
alloc_pos 91132
alloc_pos 91380
alloc_pos 91532
alloc_pos 91632
alloc_pos 91876
alloc_pos 92120
alloc_pos 92188
alloc_pos 92388
alloc_pos 92544
alloc_pos 92740
alloc_pos 92984
alloc_pos 93008
alloc_pos 93052
alloc_pos 93092
alloc_pos 93124
alloc_pos 93292
alloc_pos 93404
alloc_pos 93564
alloc_pos 93828
alloc_pos 94028
alloc_pos 94276
alloc_pos 94412
alloc_pos 94648
alloc_pos 94880
alloc_pos 94932
alloc_pos 95128
alloc_pos 95332
alloc_pos 95512
alloc_pos 95732
alloc_pos 95908
alloc_pos 96136
alloc_pos 96276
alloc_pos 96500
alloc_pos 96684
alloc_pos 96740
alloc_pos 96936
alloc_pos 97004
alloc_pos 97264
alloc_pos 97488
alloc_pos 97560
alloc_pos 97772
alloc_pos 98032
alloc_pos 98284
alloc_pos 98448
alloc_pos 98584
alloc_pos 98832
alloc_pos 98888
alloc_pos 98932
alloc_pos 98992
alloc_pos 99240
alloc_pos 99340
alloc_pos 99448
alloc_pos 99568
alloc_pos 99608
alloc_pos 99644
alloc_pos 99808
alloc_pos 99972
alloc_pos 100172
alloc_pos 100284
alloc_pos 100424
alloc_pos 100460
alloc_pos 100532
alloc_pos 100624
alloc_pos 100820
alloc_pos 101052
alloc_pos 101156
alloc_pos 101200
alloc_pos 101292
alloc_pos 101552
alloc_pos 101612
alloc_pos 101700
alloc_pos 101840
alloc_pos 101916
alloc_pos 102048
alloc_pos 102100
alloc_pos 102256
alloc_pos 102484
alloc_pos 102736
alloc_pos 102840
alloc_pos 102924
alloc_pos 102972
alloc_pos 103064
alloc_pos 103252
alloc_pos 103500
alloc_pos 103568
alloc_pos 103592
alloc_pos 103616
alloc_pos 103800
alloc_pos 103924
alloc_pos 104164
alloc_pos 104344
alloc_pos 104484
alloc_pos 104672
alloc_pos 104840
alloc_pos 104872
alloc_pos 105100
alloc_pos 105208
alloc_pos 105292
alloc_pos 105516
alloc_pos 105608
alloc_pos 105752
alloc_pos 105944
alloc_pos 106016
alloc_pos 106180
alloc_pos 106352
alloc_pos 106512
alloc_pos 106616
alloc_pos 106724
alloc_pos 106752
alloc_pos 107012
alloc_pos 107068
alloc_pos 107164
alloc_pos 107276
alloc_pos 107472
alloc_pos 107588
alloc_pos 107840
alloc_pos 107964
alloc_pos 108088
alloc_pos 108272
alloc_pos 108308
alloc_pos 108520
alloc_pos 108600
alloc_pos 108756
alloc_pos 108796
alloc_pos 108872
alloc_pos 108932
alloc_pos 109124
alloc_pos 109176
alloc_pos 109236
alloc_pos 109344
alloc_pos 109396
alloc_pos 109512
alloc_pos 109540
alloc_pos 109676
alloc_pos 109920
alloc_pos 110112
alloc_pos 110184
alloc_pos 110380
alloc_pos 110572
alloc_pos 110768
alloc_pos 111000
alloc_pos 111116
alloc_pos 111268
alloc_pos 111460
alloc_pos 111644
alloc_pos 111808
alloc_pos 111884
alloc_pos 111940
alloc_pos 112080
alloc_pos 112240
alloc_pos 112404
alloc_pos 112508
alloc_pos 112608
alloc_pos 112804
alloc_pos 112904
alloc_pos 113076
alloc_pos 113316
alloc_pos 113388
alloc_pos 113644
alloc_pos 113804
alloc_pos 114064
alloc_pos 114176
alloc_pos 114316
alloc_pos 114352
alloc_pos 114544
alloc_pos 114696
alloc_pos 114772
alloc_pos 114948
alloc_pos 115028
alloc_pos 115284
alloc_pos 115380
alloc_pos 115528
alloc_pos 115728
alloc_pos 115952
alloc_pos 116028
alloc_pos 116136
alloc_pos 116272
alloc_pos 116312
alloc_pos 116400
alloc_pos 116472
alloc_pos 116536
alloc_pos 116580
alloc_pos 116716
alloc_pos 116936
alloc_pos 117096
alloc_pos 117212
alloc_pos 117284
alloc_pos 117428
alloc_pos 117652
alloc_pos 117756
alloc_pos 117840
alloc_pos 118024
alloc_pos 118248
alloc_pos 118372
alloc_pos 118504
alloc_pos 118580
alloc_pos 118620
alloc_pos 118752
alloc_pos 118892
alloc_pos 118992
alloc_pos 119068
alloc_pos 119120
alloc_pos 119308
alloc_pos 119540
alloc_pos 119720
alloc_pos 119916
alloc_pos 120024
alloc_pos 120216
alloc_pos 120456
alloc_pos 120704
alloc_pos 120796
alloc_pos 120920
alloc_pos 121144
alloc_pos 121264
alloc_pos 121344
alloc_pos 121476
alloc_pos 121516
alloc_pos 121640
alloc_pos 121852
alloc_pos 122044
alloc_pos 122172
alloc_pos 122196
alloc_pos 122440
alloc_pos 122580
alloc_pos 122656
alloc_pos 122816
alloc_pos 122864
alloc_pos 122976
alloc_pos 123200
alloc_pos 123228
alloc_pos 123344
alloc_pos 123548
alloc_pos 123664
alloc_pos 123688
alloc_pos 123776
alloc_pos 123944
alloc_pos 124176
alloc_pos 124236
alloc_pos 124268
alloc_pos 124400
alloc_pos 124468
alloc_pos 124560
alloc_pos 124600
alloc_pos 124816
alloc_pos 124876
alloc_pos 125000
alloc_pos 125196
alloc_pos 125404
alloc_pos 125636
alloc_pos 125752
alloc_pos 126004
alloc_pos 126192
alloc_pos 126360
alloc_pos 126504
alloc_pos 126568
alloc_pos 126716
alloc_pos 126956
alloc_pos 127204
alloc_pos 127356
alloc_pos 127456
alloc_pos 127700
alloc_pos 127944
alloc_pos 128012
alloc_pos 128212
alloc_pos 128368
alloc_pos 128564
alloc_pos 128808
alloc_pos 128832
alloc_pos 128876
alloc_pos 128916
alloc_pos 128948
alloc_pos 129116
alloc_pos 129228
alloc_pos 129388
alloc_pos 129652
alloc_pos 129852
alloc_pos 130100
alloc_pos 130236
alloc_pos 130472
alloc_pos 130704
alloc_pos 130756
alloc_pos 130952
alloc_pos 131156
alloc_pos 131336
alloc_pos 131556
alloc_pos 131732
alloc_pos 131960
alloc_pos 132100
alloc_pos 132324
alloc_pos 132508
alloc_pos 132564
alloc_pos 132760
alloc_pos 132828
alloc_pos 133088
alloc_pos 133312
alloc_pos 133384
alloc_pos 133596
alloc_pos 133856
alloc_pos 134108
alloc_pos 134272
alloc_pos 134408
alloc_pos 134656
alloc_pos 134712
alloc_pos 134756
alloc_pos 134816
alloc_pos 135064
alloc_pos 135164
alloc_pos 135272
alloc_pos 135392
alloc_pos 135432
alloc_pos 135468
alloc_pos 135632
alloc_pos 135796
alloc_pos 135996
alloc_pos 136108
alloc_pos 136248
alloc_pos 136284
alloc_pos 136356
alloc_pos 136448
alloc_pos 136644
alloc_pos 136876
alloc_pos 136980
alloc_pos 137024
alloc_pos 137116
alloc_pos 137376
alloc_pos 137436
alloc_pos 137524
alloc_pos 137664
alloc_pos 137740
alloc_pos 137872
alloc_pos 137924
alloc_pos 138080
alloc_pos 138308
alloc_pos 138560
alloc_pos 138664
alloc_pos 138748
alloc_pos 138796
alloc_pos 138888
alloc_pos 139076
alloc_pos 139324
alloc_pos 139392
alloc_pos 139416
alloc_pos 139440
alloc_pos 139624
alloc_pos 139748
alloc_pos 139988
alloc_pos 140168
alloc_pos 140308
alloc_pos 140496
alloc_pos 140664
alloc_pos 140696
alloc_pos 140924
alloc_pos 141032
alloc_pos 141116
alloc_pos 141340
alloc_pos 141432
alloc_pos 141576
alloc_pos 141768
alloc_pos 141840
alloc_pos 142004
alloc_pos 142176
alloc_pos 142336
alloc_pos 142440
alloc_pos 142548
alloc_pos 142576
alloc_pos 142836
alloc_pos 142892
alloc_pos 142988
alloc_pos 143100
alloc_pos 143296
alloc_pos 143412
alloc_pos 143664
alloc_pos 143788
alloc_pos 143912
alloc_pos 144096
alloc_pos 144132
alloc_pos 144344
alloc_pos 144424
alloc_pos 144580
alloc_pos 144620
alloc_pos 144696
alloc_pos 144756
alloc_pos 144948
alloc_pos 145000
alloc_pos 145060
alloc_pos 145168
alloc_pos 145220
alloc_pos 145336
alloc_pos 145364
alloc_pos 145500
alloc_pos 145744
alloc_pos 145936
alloc_pos 146008
alloc_pos 146204
alloc_pos 146396
alloc_pos 146592
alloc_pos 146824
alloc_pos 146940
alloc_pos 147092
alloc_pos 147284
alloc_pos 147468
alloc_pos 147632
alloc_pos 147708
alloc_pos 147764
alloc_pos 147904
alloc_pos 148064
alloc_pos 148228
alloc_pos 148332
alloc_pos 148432
alloc_pos 148628
alloc_pos 148728
alloc_pos 148900
alloc_pos 149140
alloc_pos 149212
alloc_pos 149468
alloc_pos 149628
alloc_pos 149888
alloc_pos 150000
alloc_pos 150140
alloc_pos 150176
alloc_pos 150368
alloc_pos 150520
alloc_pos 150596
alloc_pos 150772
alloc_pos 150852
alloc_pos 151108
alloc_pos 151204
alloc_pos 151352
alloc_pos 151552
alloc_pos 151776
alloc_pos 151852
alloc_pos 151960
alloc_pos 152096
alloc_pos 152136
alloc_pos 152224
alloc_pos 152296
alloc_pos 152360
alloc_pos 152404
alloc_pos 152540
alloc_pos 152760
alloc_pos 152920
alloc_pos 153036
alloc_pos 153108
alloc_pos 153252
alloc_pos 153476
alloc_pos 153580
alloc_pos 153664
alloc_pos 153848
alloc_pos 154072
alloc_pos 154196
alloc_pos 154328
alloc_pos 154404
alloc_pos 154444
alloc_pos 154576
alloc_pos 154716
alloc_pos 154816
alloc_pos 154892
alloc_pos 154944
alloc_pos 155132
alloc_pos 155364
alloc_pos 155544
alloc_pos 155740
alloc_pos 155848
alloc_pos 156040
alloc_pos 156280
alloc_pos 156528
alloc_pos 156620
alloc_pos 156744
alloc_pos 156968
alloc_pos 157088
alloc_pos 157168
alloc_pos 157300
alloc_pos 157340
alloc_pos 157464
alloc_pos 157676
alloc_pos 157868
alloc_pos 157996
alloc_pos 158020
alloc_pos 158264
alloc_pos 158404
alloc_pos 158480
alloc_pos 158640
alloc_pos 158688
alloc_pos 158800
alloc_pos 159024
alloc_pos 159052
alloc_pos 159168
alloc_pos 159372
alloc_pos 159488
alloc_pos 159512
alloc_pos 159600
alloc_pos 159768
alloc_pos 160000
alloc_pos 160060
alloc_pos 160092
alloc_pos 160224
alloc_pos 160292
alloc_pos 160384
alloc_pos 160424
alloc_pos 160640
alloc_pos 160700
alloc_pos 160824
alloc_pos 161020
alloc_pos 161228
alloc_pos 161460
alloc_pos 161576
alloc_pos 161828
alloc_pos 162016
alloc_pos 162184
alloc_pos 162328
alloc_pos 162392
alloc_pos 162540
alloc_pos 162780
alloc_pos 163028
alloc_pos 163180
alloc_pos 163280
alloc_pos 163524
alloc_pos 163768
alloc_pos 163836
alloc_pos 164036
alloc_pos 164192
alloc_pos 164388
alloc_pos 164632
alloc_pos 164656
alloc_pos 164700
alloc_pos 164740
alloc_pos 164772
alloc_pos 164940
alloc_pos 165052
alloc_pos 165212
alloc_pos 165476
alloc_pos 165676
alloc_pos 165924
alloc_pos 166060
alloc_pos 166296
alloc_pos 166528
alloc_pos 166580
alloc_pos 166776
alloc_pos 166980
alloc_pos 167160
alloc_pos 167380
alloc_pos 167556
alloc_pos 167784
alloc_pos 167924
alloc_pos 168148
alloc_pos 168332
alloc_pos 168388
alloc_pos 168584
alloc_pos 168652
alloc_pos 168912
alloc_pos 169136
alloc_pos 169208
alloc_pos 169420
alloc_pos 169680
alloc_pos 169932
alloc_pos 170096
alloc_pos 170232
alloc_pos 170480
alloc_pos 170536
alloc_pos 170580
alloc_pos 170640
alloc_pos 170888
alloc_pos 170988
alloc_pos 171096
alloc_pos 171216
alloc_pos 171256
alloc_pos 171292
alloc_pos 171456
alloc_pos 171620
alloc_pos 171820
alloc_pos 171932
alloc_pos 172072
alloc_pos 172108
alloc_pos 172180
alloc_pos 172272
alloc_pos 172468
alloc_pos 172700
alloc_pos 172804
alloc_pos 172848
alloc_pos 172940
alloc_pos 173200
alloc_pos 173260
alloc_pos 173348
alloc_pos 173488
alloc_pos 173564
alloc_pos 173696
alloc_pos 173748
alloc_pos 173904
alloc_pos 174132
alloc_pos 174384
alloc_pos 174488
alloc_pos 174572
alloc_pos 174620
alloc_pos 174712
alloc_pos 174900
alloc_pos 175148
alloc_pos 175216
alloc_pos 175240
alloc_pos 175264
alloc_pos 175448
alloc_pos 175572
alloc_pos 175812
alloc_pos 175992
alloc_pos 176132
alloc_pos 176320
alloc_pos 176488
alloc_pos 176520
alloc_pos 176748
alloc_pos 176856
alloc_pos 176940
alloc_pos 177164
alloc_pos 177256
alloc_pos 177400
alloc_pos 177592
alloc_pos 177664
alloc_pos 177828
alloc_pos 178000
alloc_pos 178160
alloc_pos 178264
alloc_pos 178372
alloc_pos 178400
alloc_pos 178660
alloc_pos 178716
alloc_pos 178812
alloc_pos 178924
alloc_pos 179120
alloc_pos 179236
alloc_pos 179488
alloc_pos 179612
alloc_pos 179736
alloc_pos 179920
alloc_pos 179956
alloc_pos 180168
alloc_pos 180248
alloc_pos 180404
alloc_pos 180444
alloc_pos 180520
alloc_pos 180580
alloc_pos 180772
alloc_pos 180824
alloc_pos 180884
alloc_pos 180992
alloc_pos 181044
alloc_pos 181160
alloc_pos 181188
alloc_pos 181324
alloc_pos 181568
alloc_pos 181760
alloc_pos 181832
alloc_pos 182028
alloc_pos 182220
alloc_pos 182416
alloc_pos 182648
alloc_pos 182764
alloc_pos 182916
alloc_pos 183108
alloc_pos 183292
alloc_pos 183456
alloc_pos 183532
alloc_pos 183588
alloc_pos 183728
alloc_pos 183888
alloc_pos 184052
alloc_pos 184156
alloc_pos 184256
alloc_pos 184452
alloc_pos 184552
alloc_pos 184724
alloc_pos 184964
alloc_pos 185036
alloc_pos 185292
alloc_pos 185452
alloc_pos 185712
alloc_pos 185824
alloc_pos 185964
alloc_pos 186000
alloc_pos 186192
alloc_pos 186344
alloc_pos 186420
alloc_pos 186596
alloc_pos 186676
alloc_pos 186932
alloc_pos 187028
alloc_pos 187176
alloc_pos 187376
alloc_pos 187600
alloc_pos 187676
alloc_pos 187784
alloc_pos 187920
alloc_pos 187960
alloc_pos 188048
alloc_pos 188120
alloc_pos 188184
alloc_pos 188228
alloc_pos 188364
alloc_pos 188584
alloc_pos 188744
alloc_pos 188860
alloc_pos 188932
alloc_pos 189076
alloc_pos 189300
alloc_pos 189404
alloc_pos 189488
alloc_pos 189672
alloc_pos 189896
alloc_pos 190020
alloc_pos 190152
alloc_pos 190228
alloc_pos 190268
alloc_pos 190400
alloc_pos 190540
alloc_pos 190640
alloc_pos 190716
alloc_pos 190768
alloc_pos 190956
alloc_pos 191188
alloc_pos 191368
alloc_pos 191564
alloc_pos 191672
alloc_pos 191864
alloc_pos 192104
alloc_pos 192352
alloc_pos 192444
alloc_pos 192568
alloc_pos 192792
alloc_pos 192912
alloc_pos 192992
alloc_pos 193124
alloc_pos 193164
alloc_pos 193288
alloc_pos 193500
alloc_pos 193692
alloc_pos 193820
alloc_pos 193844
alloc_pos 194088
alloc_pos 194228
alloc_pos 194304
alloc_pos 194464
alloc_pos 194512
alloc_pos 194624
alloc_pos 194848
alloc_pos 194876
alloc_pos 194992
alloc_pos 195196
alloc_pos 195312
alloc_pos 195336
alloc_pos 195424
alloc_pos 195592
alloc_pos 195824
alloc_pos 195884
alloc_pos 195916
alloc_pos 196048
alloc_pos 196116
alloc_pos 196208
alloc_pos 196248
alloc_pos 196464
alloc_pos 196524
alloc_pos 196648
alloc_pos 196844
alloc_pos 197052
alloc_pos 197284
alloc_pos 197400
alloc_pos 197652
alloc_pos 197840
alloc_pos 198008
alloc_pos 198152
alloc_pos 198216
alloc_pos 198364
alloc_pos 198604
alloc_pos 198852
alloc_pos 199004
alloc_pos 199104
alloc_pos 199348
alloc_pos 199592
alloc_pos 199660
alloc_pos 199860
alloc_pos 200016
alloc_pos 200212
alloc_pos 200456
alloc_pos 200480
alloc_pos 200524
alloc_pos 200564
alloc_pos 200596
alloc_pos 200764
alloc_pos 200876
alloc_pos 201036
alloc_pos 201300
alloc_pos 201500
alloc_pos 201748
alloc_pos 201884
alloc_pos 202120
alloc_pos 202352
alloc_pos 202404
alloc_pos 202600
alloc_pos 202804
alloc_pos 202984
alloc_pos 203204
alloc_pos 203380
alloc_pos 203608
alloc_pos 203748
alloc_pos 203972
alloc_pos 204156
alloc_pos 204212
alloc_pos 204408
alloc_pos 204476
alloc_pos 204736
alloc_pos 204960
alloc_pos 205032
alloc_pos 205244
alloc_pos 205504
alloc_pos 205756
alloc_pos 205920
alloc_pos 206056
alloc_pos 206304
alloc_pos 206360
alloc_pos 206404
alloc_pos 206464
alloc_pos 206712
alloc_pos 206812
alloc_pos 206920
alloc_pos 207040
alloc_pos 207080
alloc_pos 207116
alloc_pos 207280
alloc_pos 207444
alloc_pos 207644
alloc_pos 207756
alloc_pos 207896
alloc_pos 207932
alloc_pos 208004
alloc_pos 208096
alloc_pos 208292
alloc_pos 208524
alloc_pos 208628
alloc_pos 208672
alloc_pos 208764
alloc_pos 209024
alloc_pos 209084
alloc_pos 209172
alloc_pos 209312
alloc_pos 209388
alloc_pos 209520
alloc_pos 209572
alloc_pos 209728
alloc_pos 209956
alloc_pos 210208
alloc_pos 210312
alloc_pos 210396
alloc_pos 210444
alloc_pos 210536
alloc_pos 210724
alloc_pos 210972
alloc_pos 211040
alloc_pos 211064
alloc_pos 211088
alloc_pos 211272
alloc_pos 211396
alloc_pos 211636
alloc_pos 211816
alloc_pos 211956
alloc_pos 212144
alloc_pos 212312
alloc_pos 212344
alloc_pos 212572
alloc_pos 212680
alloc_pos 212764
alloc_pos 212988
alloc_pos 213080
alloc_pos 213224
alloc_pos 213416
alloc_pos 213488
alloc_pos 213652
alloc_pos 213824
alloc_pos 213984
alloc_pos 214088
alloc_pos 214196
alloc_pos 214224
alloc_pos 214484
alloc_pos 214540
alloc_pos 214636
alloc_pos 214748
alloc_pos 214944
alloc_pos 215060
alloc_pos 215312
alloc_pos 215436
alloc_pos 215560
alloc_pos 215744
alloc_pos 215780
alloc_pos 215992
alloc_pos 216072
alloc_pos 216228
alloc_pos 216268
alloc_pos 216344
alloc_pos 216404
alloc_pos 216596
alloc_pos 216648
alloc_pos 216708
alloc_pos 216816
alloc_pos 216868
alloc_pos 216984
alloc_pos 217012
alloc_pos 217148
alloc_pos 217392
alloc_pos 217584
alloc_pos 217656
alloc_pos 217852
alloc_pos 218044
alloc_pos 218240
alloc_pos 218472
alloc_pos 218588
alloc_pos 218740
alloc_pos 218932
alloc_pos 219116
alloc_pos 219280
alloc_pos 219356
alloc_pos 219412
alloc_pos 219552
alloc_pos 219712
alloc_pos 219876
alloc_pos 219980
alloc_pos 220080
alloc_pos 220276
alloc_pos 220376
alloc_pos 220548
alloc_pos 220788
alloc_pos 220860
alloc_pos 221116
alloc_pos 221276
alloc_pos 221536
alloc_pos 221648
alloc_pos 221788
alloc_pos 221824
alloc_pos 222016
alloc_pos 222168
alloc_pos 222244
alloc_pos 222420
alloc_pos 222500
alloc_pos 222756
alloc_pos 222852
alloc_pos 223000
alloc_pos 223200
alloc_pos 223424
alloc_pos 223500
alloc_pos 223608
alloc_pos 223744
alloc_pos 223784
alloc_pos 223872
alloc_pos 223944
alloc_pos 224008
alloc_pos 224052
alloc_pos 224188
alloc_pos 224408
alloc_pos 224568
alloc_pos 224684
alloc_pos 224756
alloc_pos 224900
alloc_pos 225124
alloc_pos 225228
alloc_pos 225312
alloc_pos 225496
alloc_pos 225720
alloc_pos 225844
alloc_pos 225976
alloc_pos 226052
alloc_pos 226092
alloc_pos 226224
alloc_pos 226364
alloc_pos 226464
alloc_pos 226540
alloc_pos 226592
alloc_pos 226780
alloc_pos 227012
alloc_pos 227192
alloc_pos 227388
alloc_pos 227496
alloc_pos 227688
alloc_pos 227928
alloc_pos 228176
alloc_pos 228268
alloc_pos 228392
alloc_pos 228616
alloc_pos 228736
alloc_pos 228816
alloc_pos 228948
alloc_pos 228988
alloc_pos 229112
alloc_pos 229324
alloc_pos 229516
alloc_pos 229644
alloc_pos 229668
alloc_pos 229912
alloc_pos 230052
alloc_pos 230128
alloc_pos 230288
alloc_pos 230336
alloc_pos 230448
alloc_pos 230672
alloc_pos 230700
alloc_pos 230816
alloc_pos 231020
alloc_pos 231136
alloc_pos 231160
alloc_pos 231248
alloc_pos 231416
alloc_pos 231648
alloc_pos 231708
alloc_pos 231740
alloc_pos 231872
alloc_pos 231940
alloc_pos 232032
alloc_pos 232072
alloc_pos 232288
alloc_pos 232348
alloc_pos 232472
alloc_pos 232668
alloc_pos 232876
alloc_pos 233108
alloc_pos 233224
alloc_pos 233476
alloc_pos 233664
alloc_pos 233832
alloc_pos 233976
alloc_pos 234040
alloc_pos 234188
alloc_pos 234428
alloc_pos 234676
alloc_pos 234828
alloc_pos 234928
alloc_pos 235172
alloc_pos 235416
alloc_pos 235484
alloc_pos 235684
alloc_pos 235840
alloc_pos 236036
alloc_pos 236280
alloc_pos 236304
alloc_pos 236348
alloc_pos 236388
alloc_pos 236420
alloc_pos 236588
alloc_pos 236700
alloc_pos 236860
alloc_pos 237124
alloc_pos 237324
alloc_pos 237572
alloc_pos 237708
alloc_pos 237944
alloc_pos 238176
alloc_pos 238228
alloc_pos 238424
alloc_pos 238628
alloc_pos 238808
alloc_pos 239028
alloc_pos 239204
alloc_pos 239432
alloc_pos 239572
alloc_pos 239796
alloc_pos 239980
alloc_pos 240036
alloc_pos 240232
alloc_pos 240300
alloc_pos 240560
alloc_pos 240784
alloc_pos 240856
alloc_pos 241068
alloc_pos 241328
alloc_pos 241580
alloc_pos 241744
alloc_pos 241880
alloc_pos 242128
alloc_pos 242184
alloc_pos 242228
alloc_pos 242288
alloc_pos 242536
alloc_pos 242636
alloc_pos 242744
alloc_pos 242864
alloc_pos 242904
alloc_pos 242940
alloc_pos 243104
alloc_pos 243268
alloc_pos 243468
alloc_pos 243580
alloc_pos 243720
alloc_pos 243756
alloc_pos 243828
alloc_pos 243920
alloc_pos 244116
alloc_pos 244348
alloc_pos 244452
alloc_pos 244496
alloc_pos 244588
alloc_pos 244848
alloc_pos 244908
alloc_pos 244996
alloc_pos 245136
alloc_pos 245212
alloc_pos 245344
alloc_pos 245396
alloc_pos 245552
alloc_pos 245780
alloc_pos 246032
alloc_pos 246136
alloc_pos 246220
alloc_pos 246268
alloc_pos 246360
alloc_pos 246548
alloc_pos 246796
alloc_pos 246864
alloc_pos 246888
alloc_pos 246912
alloc_pos 247096
alloc_pos 247220
alloc_pos 247460
alloc_pos 247640
alloc_pos 247780
alloc_pos 247968
alloc_pos 248136
alloc_pos 248168
alloc_pos 248396
alloc_pos 248504
alloc_pos 248588
alloc_pos 248812
alloc_pos 248904
alloc_pos 249048
alloc_pos 249240
alloc_pos 249312
alloc_pos 249476
alloc_pos 249648
alloc_pos 249808
alloc_pos 249912
alloc_pos 250020
alloc_pos 250048
alloc_pos 250308
alloc_pos 250364
alloc_pos 250460
alloc_pos 250572
alloc_pos 250768
alloc_pos 250884
alloc_pos 251136
alloc_pos 251260
alloc_pos 251384
alloc_pos 251568
alloc_pos 251604
alloc_pos 251816
alloc_pos 251896
alloc_pos 252052
alloc_pos 252092
alloc_pos 252168
alloc_pos 252228
alloc_pos 252420
alloc_pos 252472
alloc_pos 252532
alloc_pos 252640
alloc_pos 252692
alloc_pos 252808
alloc_pos 252836
alloc_pos 252972
alloc_pos 253216
alloc_pos 253408
alloc_pos 253480
alloc_pos 253676
alloc_pos 253868
alloc_pos 254064
alloc_pos 254296
alloc_pos 254412
alloc_pos 254564
alloc_pos 254756
alloc_pos 254940
alloc_pos 255104
alloc_pos 255180
alloc_pos 255236
alloc_pos 255376
alloc_pos 255536
alloc_pos 255700
alloc_pos 255804
alloc_pos 255904
alloc_pos 256100
alloc_pos 256200
alloc_pos 256372
alloc_pos 256612
alloc_pos 256684
alloc_pos 256940
alloc_pos 257100
alloc_pos 257360
alloc_pos 257472
alloc_pos 257612
alloc_pos 257648
alloc_pos 257840
alloc_pos 257992
alloc_pos 258068
alloc_pos 258244
alloc_pos 258324
alloc_pos 258580
alloc_pos 258676
alloc_pos 258824
alloc_pos 259024
alloc_pos 259248
alloc_pos 259324
alloc_pos 259432
alloc_pos 259568
alloc_pos 259608
alloc_pos 259696
alloc_pos 259768
alloc_pos 259832
alloc_pos 259876
alloc_pos 260012
alloc_pos 260232
alloc_pos 260392
alloc_pos 260508
alloc_pos 260580
alloc_pos 260724
alloc_pos 260948
alloc_pos 261052
alloc_pos 261136
alloc_pos 261320
alloc_pos 261544
alloc_pos 261668
alloc_pos 261800
alloc_pos 261876
alloc_pos 261916
alloc_pos 262048
alloc_pos 262188
alloc_pos 262288
alloc_pos 262364
alloc_pos 262416
alloc_pos 262604
alloc_pos 262836
alloc_pos 263016
alloc_pos 263212
alloc_pos 263320
alloc_pos 263512
alloc_pos 263752
alloc_pos 264000
alloc_pos 264092
alloc_pos 264216
alloc_pos 264440
alloc_pos 264560
alloc_pos 264640
alloc_pos 264772
alloc_pos 264812
alloc_pos 264936
alloc_pos 265148
alloc_pos 265340
alloc_pos 265468
alloc_pos 265492
alloc_pos 265736
alloc_pos 265876
alloc_pos 265952
alloc_pos 266112
alloc_pos 266160
alloc_pos 266272
alloc_pos 266496
alloc_pos 266524
alloc_pos 266640
alloc_pos 266844
alloc_pos 266960
alloc_pos 266984
alloc_pos 267072
alloc_pos 267240
alloc_pos 267472
alloc_pos 267532
alloc_pos 267564
alloc_pos 267696
alloc_pos 267764
alloc_pos 267856
alloc_pos 267896
alloc_pos 268112
alloc_pos 268172
alloc_pos 268296
alloc_pos 268492
alloc_pos 268700
alloc_pos 268932
alloc_pos 269048
alloc_pos 269300
alloc_pos 269488
alloc_pos 269656
alloc_pos 269800
alloc_pos 269864
alloc_pos 270012
alloc_pos 270252
alloc_pos 270500
alloc_pos 270652
alloc_pos 270752
alloc_pos 270996
alloc_pos 271240
alloc_pos 271308
alloc_pos 271508
alloc_pos 271664
alloc_pos 271860
alloc_pos 272104
alloc_pos 272128
alloc_pos 272172
alloc_pos 272212
alloc_pos 272244
alloc_pos 272412
alloc_pos 272524
alloc_pos 272684
alloc_pos 272948
alloc_pos 273148
alloc_pos 273396
alloc_pos 273532
alloc_pos 273768
alloc_pos 274000
alloc_pos 274052
alloc_pos 274248
alloc_pos 274452
alloc_pos 274632
alloc_pos 274852
alloc_pos 275028
alloc_pos 275256
alloc_pos 275396
alloc_pos 275620
alloc_pos 275804
alloc_pos 275860
alloc_pos 276056
alloc_pos 276124
alloc_pos 276384
alloc_pos 276608
alloc_pos 276680
alloc_pos 276892
alloc_pos 277152
alloc_pos 277404
alloc_pos 277568
alloc_pos 277704
alloc_pos 277952
alloc_pos 278008
alloc_pos 278052
alloc_pos 278112
alloc_pos 278360
alloc_pos 278460
alloc_pos 278568
alloc_pos 278688
alloc_pos 278728
alloc_pos 278764
alloc_pos 278928
alloc_pos 279092
alloc_pos 279292
alloc_pos 279404
alloc_pos 279544
alloc_pos 279580
alloc_pos 279652
alloc_pos 279744
alloc_pos 279940
alloc_pos 280172
alloc_pos 280276
alloc_pos 280320
alloc_pos 280412
alloc_pos 280672
alloc_pos 280732
alloc_pos 280820
alloc_pos 280960
alloc_pos 281036
alloc_pos 281168
alloc_pos 281220
alloc_pos 281376
alloc_pos 281604
alloc_pos 281856
alloc_pos 281960
alloc_pos 282044
alloc_pos 282092
alloc_pos 282184
alloc_pos 282372
alloc_pos 282620
alloc_pos 282688
alloc_pos 282712
alloc_pos 282736
alloc_pos 282920
alloc_pos 283044
alloc_pos 283284
alloc_pos 283464
alloc_pos 283604
alloc_pos 283792
alloc_pos 283960
alloc_pos 283992
alloc_pos 284220
alloc_pos 284328
alloc_pos 284412
alloc_pos 284636
alloc_pos 284728
alloc_pos 284872
alloc_pos 285064
alloc_pos 285136
alloc_pos 285300
alloc_pos 285472
alloc_pos 285632
alloc_pos 285736
alloc_pos 285844
alloc_pos 285872
alloc_pos 286132
alloc_pos 286188
alloc_pos 286284
alloc_pos 286396
alloc_pos 286592
alloc_pos 286708
alloc_pos 286960
alloc_pos 287084
alloc_pos 287208
alloc_pos 287392
alloc_pos 287428
alloc_pos 287640
alloc_pos 287720
alloc_pos 287876
alloc_pos 287916
alloc_pos 287992
alloc_pos 288052
alloc_pos 288244
alloc_pos 288296
alloc_pos 288356
alloc_pos 288464
alloc_pos 288516
alloc_pos 288632
alloc_pos 288660
alloc_pos 288796
alloc_pos 289040
alloc_pos 289232
alloc_pos 289304
alloc_pos 289500
alloc_pos 289692
alloc_pos 289888
alloc_pos 290120
alloc_pos 290236
alloc_pos 290388
alloc_pos 290580
alloc_pos 290764
alloc_pos 290928
alloc_pos 291004
alloc_pos 291060
alloc_pos 291200
alloc_pos 291360
alloc_pos 291524
alloc_pos 291628
alloc_pos 291728
alloc_pos 291924
alloc_pos 292024
alloc_pos 292196
alloc_pos 292436
alloc_pos 292508
alloc_pos 292764
alloc_pos 292924
alloc_pos 293184
alloc_pos 293296
alloc_pos 293436
alloc_pos 293472
alloc_pos 293664
alloc_pos 293816
alloc_pos 293892
alloc_pos 294068
alloc_pos 294148
alloc_pos 294404
alloc_pos 294500
alloc_pos 294648
alloc_pos 294848
alloc_pos 295072
alloc_pos 295148
alloc_pos 295256
alloc_pos 295392
alloc_pos 295432
alloc_pos 295520
alloc_pos 295592
alloc_pos 295656
alloc_pos 295700
alloc_pos 295836
alloc_pos 296056
alloc_pos 296216
alloc_pos 296332
alloc_pos 296404
alloc_pos 296548
alloc_pos 296772
alloc_pos 296876
alloc_pos 296960
alloc_pos 297144
alloc_pos 297368
alloc_pos 297492
alloc_pos 297624
alloc_pos 297700
alloc_pos 297740
alloc_pos 297872
alloc_pos 298012
alloc_pos 298112
alloc_pos 298188
alloc_pos 298240
alloc_pos 298428
alloc_pos 298660
alloc_pos 298840
alloc_pos 299036
alloc_pos 299144
alloc_pos 299336
alloc_pos 299576
alloc_pos 299824
alloc_pos 299916
alloc_pos 300040
alloc_pos 300264
alloc_pos 300384
alloc_pos 300464
alloc_pos 300596
alloc_pos 300636
alloc_pos 300760
alloc_pos 300972
alloc_pos 301164
alloc_pos 301292
alloc_pos 301316
alloc_pos 301560
alloc_pos 301700
alloc_pos 301776
alloc_pos 301936
alloc_pos 301984
alloc_pos 302096
alloc_pos 302320
alloc_pos 302348
alloc_pos 302464
alloc_pos 302668
alloc_pos 302784
alloc_pos 302808
alloc_pos 302896
alloc_pos 303064
alloc_pos 303296
alloc_pos 303356
alloc_pos 303388
alloc_pos 303520
alloc_pos 303588
alloc_pos 303680
alloc_pos 303720
alloc_pos 303936
alloc_pos 303996
alloc_pos 304120
alloc_pos 304316
alloc_pos 304524
alloc_pos 304756
alloc_pos 304872
alloc_pos 305124
alloc_pos 305312
alloc_pos 305480
alloc_pos 305624
alloc_pos 305688
alloc_pos 305836
alloc_pos 306076
alloc_pos 306324
alloc_pos 306476
alloc_pos 306576
alloc_pos 306820
alloc_pos 307064
alloc_pos 307132
alloc_pos 307332
alloc_pos 307488
alloc_pos 307684
alloc_pos 307928
alloc_pos 307952
alloc_pos 307996
alloc_pos 308036
alloc_pos 308068
alloc_pos 308236
alloc_pos 308348
alloc_pos 308508
alloc_pos 308772
alloc_pos 308972
alloc_pos 309220
alloc_pos 309356
alloc_pos 309592
alloc_pos 309824
alloc_pos 309876
alloc_pos 310072
alloc_pos 310276
alloc_pos 310456
alloc_pos 310676
alloc_pos 310852
alloc_pos 311080
alloc_pos 311220
alloc_pos 311444
alloc_pos 311628
alloc_pos 311684
alloc_pos 311880
alloc_pos 311948
alloc_pos 312208
alloc_pos 312432
alloc_pos 312504
alloc_pos 312716
alloc_pos 312976
alloc_pos 313228
alloc_pos 313392
alloc_pos 313528
alloc_pos 313776
alloc_pos 313832
alloc_pos 313876
alloc_pos 313936
alloc_pos 314184
alloc_pos 314284
alloc_pos 314392
alloc_pos 314512
alloc_pos 314552
alloc_pos 314588
alloc_pos 314752
alloc_pos 314916
alloc_pos 315116
alloc_pos 315228
alloc_pos 315368
alloc_pos 315404
alloc_pos 315476
alloc_pos 315568
alloc_pos 315764
alloc_pos 315996
alloc_pos 316100
alloc_pos 316144
alloc_pos 316236
alloc_pos 316496
alloc_pos 316556
alloc_pos 316644
alloc_pos 316784
alloc_pos 316860
alloc_pos 316992
alloc_pos 317044
alloc_pos 317200
alloc_pos 317428
alloc_pos 317680
alloc_pos 317784
alloc_pos 317868
alloc_pos 317916
alloc_pos 318008
alloc_pos 318196
alloc_pos 318444
alloc_pos 318512
alloc_pos 318536
alloc_pos 318560
alloc_pos 318744
alloc_pos 318868
alloc_pos 319108
alloc_pos 319288
alloc_pos 319428
alloc_pos 319616
alloc_pos 319784
alloc_pos 319816
alloc_pos 320044
alloc_pos 320152
alloc_pos 320236
alloc_pos 320460
alloc_pos 320552
alloc_pos 320696
alloc_pos 320888
alloc_pos 320960
alloc_pos 321124
alloc_pos 321296
alloc_pos 321456
alloc_pos 321560
alloc_pos 321668
alloc_pos 321696
alloc_pos 321956
alloc_pos 322012
alloc_pos 322108
alloc_pos 322220
alloc_pos 322416
alloc_pos 322532
alloc_pos 322784
alloc_pos 322908
alloc_pos 323032
alloc_pos 323216
alloc_pos 323252
alloc_pos 323464
alloc_pos 323544
alloc_pos 323700
alloc_pos 323740
alloc_pos 323816
alloc_pos 323876
alloc_pos 324068
alloc_pos 324120
alloc_pos 324180
alloc_pos 324288
alloc_pos 324340
alloc_pos 324456
alloc_pos 324484
alloc_pos 324620
alloc_pos 324864
alloc_pos 325056
alloc_pos 325128
alloc_pos 325324
alloc_pos 325516
alloc_pos 325712
alloc_pos 325944
alloc_pos 326060
alloc_pos 326212
alloc_pos 326404
alloc_pos 326588
alloc_pos 326752
alloc_pos 326828
alloc_pos 326884
alloc_pos 327024
alloc_pos 327184
alloc_pos 327348
alloc_pos 327452
alloc_pos 327552
alloc_pos 327748
alloc_pos 327848
alloc_pos 328020
alloc_pos 328260
alloc_pos 328332
alloc_pos 328588
alloc_pos 328748
alloc_pos 329008
alloc_pos 329120
alloc_pos 329260
alloc_pos 329296
alloc_pos 329488
alloc_pos 329640
alloc_pos 329716
alloc_pos 329892
alloc_pos 329972
alloc_pos 330228
alloc_pos 330324
alloc_pos 330472
alloc_pos 330672
alloc_pos 330896
alloc_pos 330972
alloc_pos 331080
alloc_pos 331216
alloc_pos 331256
alloc_pos 331344
alloc_pos 331416
alloc_pos 331480
alloc_pos 331524
alloc_pos 331660
alloc_pos 331880
alloc_pos 332040
alloc_pos 332156
alloc_pos 332228
alloc_pos 332372
alloc_pos 332596
alloc_pos 332700
alloc_pos 332784
alloc_pos 332968
alloc_pos 333192
alloc_pos 333316
alloc_pos 333448
alloc_pos 333524
alloc_pos 333564
alloc_pos 333696
alloc_pos 333836
alloc_pos 333936
alloc_pos 334012
alloc_pos 334064
alloc_pos 334252
alloc_pos 334484
alloc_pos 334664
alloc_pos 334860
alloc_pos 334968
alloc_pos 335160
alloc_pos 335400
alloc_pos 335648
alloc_pos 335740
alloc_pos 335864
alloc_pos 336088
alloc_pos 336208
alloc_pos 336288
alloc_pos 336420
alloc_pos 336460
alloc_pos 336584
alloc_pos 336796
alloc_pos 336988
alloc_pos 337116
alloc_pos 337140
alloc_pos 337384
alloc_pos 337524
alloc_pos 337600
alloc_pos 337760
alloc_pos 337808
alloc_pos 337920
alloc_pos 338144
alloc_pos 338172
alloc_pos 338288
alloc_pos 338492
alloc_pos 338608
alloc_pos 338632
alloc_pos 338720
alloc_pos 338888
alloc_pos 339120
alloc_pos 339180
alloc_pos 339212
alloc_pos 339344
alloc_pos 339412
alloc_pos 339504
alloc_pos 339544
alloc_pos 339760
alloc_pos 339820
alloc_pos 339944
alloc_pos 340140
alloc_pos 340348
alloc_pos 340580
alloc_pos 340696
alloc_pos 340948
alloc_pos 341136
alloc_pos 341304
alloc_pos 341448
alloc_pos 341512
alloc_pos 341660
alloc_pos 341900
alloc_pos 342148
alloc_pos 342300
alloc_pos 342400
alloc_pos 342644
alloc_pos 342888
alloc_pos 342956
alloc_pos 343156
alloc_pos 343312
alloc_pos 343508
alloc_pos 343752
alloc_pos 343776
alloc_pos 343820
alloc_pos 343860
alloc_pos 343892
alloc_pos 344060
alloc_pos 344172
alloc_pos 344332
alloc_pos 344596
alloc_pos 344796
alloc_pos 345044
alloc_pos 345180
alloc_pos 345416
alloc_pos 345648
alloc_pos 345700
alloc_pos 345896
alloc_pos 346100
alloc_pos 346280
alloc_pos 346500
alloc_pos 346676
alloc_pos 346904
alloc_pos 347044
alloc_pos 347268
alloc_pos 347452
alloc_pos 347508
alloc_pos 347704
alloc_pos 347772
alloc_pos 348032
alloc_pos 348256
alloc_pos 348328
alloc_pos 348540
alloc_pos 348800
alloc_pos 349052
alloc_pos 349216
alloc_pos 349352
alloc_pos 349600
alloc_pos 349656
alloc_pos 349700
alloc_pos 349760
alloc_pos 350008
alloc_pos 350108
alloc_pos 350216
alloc_pos 350336
alloc_pos 350376
alloc_pos 350412
alloc_pos 350576
alloc_pos 350740
alloc_pos 350940
alloc_pos 351052
alloc_pos 351192
alloc_pos 351228
alloc_pos 351300
alloc_pos 351392
alloc_pos 351588
alloc_pos 351820
alloc_pos 351924
alloc_pos 351968
alloc_pos 352060
alloc_pos 352320
alloc_pos 352380
alloc_pos 352468
alloc_pos 352608
alloc_pos 352684
alloc_pos 352816
alloc_pos 352868
alloc_pos 353024
alloc_pos 353252
alloc_pos 353504
alloc_pos 353608
alloc_pos 353692
alloc_pos 353740
alloc_pos 353832
alloc_pos 354020
alloc_pos 354268
alloc_pos 354336
alloc_pos 354360
alloc_pos 354384
alloc_pos 354568
alloc_pos 354692
alloc_pos 354932
alloc_pos 355112
alloc_pos 355252
alloc_pos 355440
alloc_pos 355608
alloc_pos 355640
alloc_pos 355868
alloc_pos 355976
alloc_pos 356060
alloc_pos 356284
alloc_pos 356376
alloc_pos 356520
alloc_pos 356712
alloc_pos 356784
alloc_pos 356948
alloc_pos 357120
alloc_pos 357280
alloc_pos 357384
alloc_pos 357492
alloc_pos 357520
alloc_pos 357780
alloc_pos 357836
alloc_pos 357932
alloc_pos 358044
alloc_pos 358240
alloc_pos 358356
alloc_pos 358608
alloc_pos 358732
alloc_pos 358856
alloc_pos 359040
alloc_pos 359076
alloc_pos 359288
alloc_pos 359368
alloc_pos 359524
alloc_pos 359564
alloc_pos 359640
alloc_pos 359700
alloc_pos 359892
alloc_pos 359944
alloc_pos 360004
alloc_pos 360112
alloc_pos 360164
alloc_pos 360280
alloc_pos 360308
alloc_pos 360444
alloc_pos 360688
alloc_pos 360880
alloc_pos 360952
alloc_pos 361148
alloc_pos 361340
alloc_pos 361536
alloc_pos 361768
alloc_pos 361884
alloc_pos 362036
alloc_pos 362228
alloc_pos 362412
alloc_pos 362576
alloc_pos 362652
alloc_pos 362708
alloc_pos 362848
alloc_pos 363008
alloc_pos 363172
alloc_pos 363276
alloc_pos 363376
alloc_pos 363572
alloc_pos 363672
alloc_pos 363844
alloc_pos 364084
alloc_pos 364156
alloc_pos 364412
alloc_pos 364572
alloc_pos 364832
alloc_pos 364944
alloc_pos 365084
alloc_pos 365120
alloc_pos 365312
alloc_pos 365464
alloc_pos 365540
alloc_pos 365716
alloc_pos 365796
alloc_pos 366052
alloc_pos 366148
alloc_pos 366296
alloc_pos 366496
alloc_pos 366720
alloc_pos 366796
alloc_pos 366904
alloc_pos 367040
alloc_pos 367080
alloc_pos 367168
alloc_pos 367240
alloc_pos 367304
alloc_pos 367348
alloc_pos 367484
alloc_pos 367704
alloc_pos 367864
alloc_pos 367980
alloc_pos 368052
alloc_pos 368196
alloc_pos 368420
alloc_pos 368524
alloc_pos 368608
alloc_pos 368792
alloc_pos 369016
alloc_pos 369140
alloc_pos 369272
alloc_pos 369348
alloc_pos 369388
alloc_pos 369520
alloc_pos 369660
alloc_pos 369760
alloc_pos 369836
alloc_pos 369888
alloc_pos 370076
alloc_pos 370308
alloc_pos 370488
alloc_pos 370684
alloc_pos 370792
alloc_pos 370984
alloc_pos 371224
alloc_pos 371472
alloc_pos 371564
alloc_pos 371688
alloc_pos 371912
alloc_pos 372032
alloc_pos 372112
alloc_pos 372244
alloc_pos 372284
alloc_pos 372408
alloc_pos 372620
alloc_pos 372812
alloc_pos 372940
alloc_pos 372964
alloc_pos 373208
alloc_pos 373348
alloc_pos 373424
alloc_pos 373584
alloc_pos 373632
alloc_pos 373744
alloc_pos 373968
alloc_pos 373996
alloc_pos 374112
alloc_pos 374316
alloc_pos 374432
alloc_pos 374456
alloc_pos 374544
alloc_pos 374712
alloc_pos 374944
alloc_pos 375004
alloc_pos 375036
alloc_pos 375168
alloc_pos 375236
alloc_pos 375328
alloc_pos 375368
alloc_pos 375584
alloc_pos 375644
alloc_pos 375768
alloc_pos 375964
alloc_pos 376172
alloc_pos 376404
alloc_pos 376520
alloc_pos 376772
alloc_pos 376960
alloc_pos 377128
alloc_pos 377272
alloc_pos 377336
alloc_pos 377484
alloc_pos 377724
alloc_pos 377972
alloc_pos 378124
alloc_pos 378224
alloc_pos 378468
alloc_pos 378712
alloc_pos 378780
alloc_pos 378980
alloc_pos 379136
alloc_pos 379332
alloc_pos 379576
alloc_pos 379600
alloc_pos 379644
alloc_pos 379684
alloc_pos 379716
alloc_pos 379884
alloc_pos 379996
alloc_pos 380156
alloc_pos 380420
alloc_pos 380620
alloc_pos 380868
alloc_pos 381004
alloc_pos 381240
alloc_pos 381472
alloc_pos 381524
alloc_pos 381720
alloc_pos 381924
alloc_pos 382104
alloc_pos 382324
alloc_pos 382500
alloc_pos 382728
alloc_pos 382868
alloc_pos 383092
alloc_pos 383276
alloc_pos 383332
alloc_pos 383528
alloc_pos 383596
alloc_pos 383856
alloc_pos 384080
alloc_pos 384152
alloc_pos 384364
alloc_pos 384624
alloc_pos 384876
alloc_pos 385040
alloc_pos 385176
alloc_pos 385424
alloc_pos 385480
alloc_pos 385524
alloc_pos 385584
alloc_pos 385832
alloc_pos 385932
alloc_pos 386040
alloc_pos 386160
alloc_pos 386200
alloc_pos 386236
alloc_pos 386400
alloc_pos 386564
alloc_pos 386764
alloc_pos 386876
alloc_pos 387016
alloc_pos 387052
alloc_pos 387124
alloc_pos 387216
alloc_pos 387412
alloc_pos 387644
alloc_pos 387748
alloc_pos 387792
alloc_pos 387884
alloc_pos 388144
alloc_pos 388204
alloc_pos 388292
alloc_pos 388432
alloc_pos 388508
alloc_pos 388640
alloc_pos 388692
alloc_pos 388848
alloc_pos 389076
alloc_pos 389328
alloc_pos 389432
alloc_pos 389516
alloc_pos 389564
alloc_pos 389656
alloc_pos 389844
alloc_pos 390092
alloc_pos 390160
alloc_pos 390184
alloc_pos 390208
alloc_pos 390392
alloc_pos 390516
alloc_pos 390756
alloc_pos 390936
alloc_pos 391076
alloc_pos 391264
alloc_pos 391432
alloc_pos 391464
alloc_pos 391692
alloc_pos 391800
alloc_pos 391884
alloc_pos 392108
alloc_pos 392200
alloc_pos 392344
alloc_pos 392536
alloc_pos 392608
alloc_pos 392772
alloc_pos 392944
alloc_pos 393104
alloc_pos 393208
alloc_pos 393316
alloc_pos 393344
alloc_pos 393604
alloc_pos 393660
alloc_pos 393756
alloc_pos 393868
alloc_pos 394064
alloc_pos 394180
alloc_pos 394432
alloc_pos 394556
alloc_pos 394680
alloc_pos 394864
alloc_pos 394900
alloc_pos 395112
alloc_pos 395192
alloc_pos 395348
alloc_pos 395388
alloc_pos 395464
alloc_pos 395524
alloc_pos 395716
alloc_pos 395768
alloc_pos 395828
alloc_pos 395936
alloc_pos 395988
alloc_pos 396104
alloc_pos 396132
alloc_pos 396268
alloc_pos 396512
alloc_pos 396704
alloc_pos 396776
alloc_pos 396972
alloc_pos 397164
alloc_pos 397360
alloc_pos 397592
alloc_pos 397708
alloc_pos 397860
alloc_pos 398052
alloc_pos 398236
alloc_pos 398400
alloc_pos 398476
alloc_pos 398532
alloc_pos 398672
alloc_pos 398832
alloc_pos 398996
alloc_pos 399100
alloc_pos 399200
alloc_pos 399396
alloc_pos 399496
alloc_pos 399668
alloc_pos 399908
alloc_pos 399980
alloc_pos 400236
alloc_pos 400396
alloc_pos 400656
alloc_pos 400768
alloc_pos 400908
alloc_pos 400944
alloc_pos 401136
alloc_pos 401288
alloc_pos 401364
alloc_pos 401540
alloc_pos 401620
alloc_pos 401876
alloc_pos 401972
alloc_pos 402120
alloc_pos 402320
alloc_pos 402544
alloc_pos 402620
alloc_pos 402728
alloc_pos 402864
alloc_pos 402904
alloc_pos 402992
alloc_pos 403064
alloc_pos 403128
alloc_pos 403172
alloc_pos 403308
alloc_pos 403528
alloc_pos 403688
alloc_pos 403804
alloc_pos 403876
alloc_pos 404020
alloc_pos 404244
alloc_pos 404348
alloc_pos 404432
alloc_pos 404616
alloc_pos 404840
alloc_pos 404964
alloc_pos 405096
alloc_pos 405172
alloc_pos 405212
alloc_pos 405344
alloc_pos 405484
alloc_pos 405584
alloc_pos 405660
alloc_pos 405712
alloc_pos 405900
alloc_pos 406132
alloc_pos 406312
alloc_pos 406508
alloc_pos 406616
alloc_pos 406808
alloc_pos 407048
alloc_pos 407296
alloc_pos 407388
alloc_pos 407512
alloc_pos 407736
alloc_pos 407856
alloc_pos 407936
alloc_pos 408068
alloc_pos 408108
alloc_pos 408232
alloc_pos 408444
alloc_pos 408636
alloc_pos 408764
alloc_pos 408788
alloc_pos 409032
alloc_pos 409172
alloc_pos 409248
alloc_pos 409408
alloc_pos 409456
alloc_pos 409568
alloc_pos 409792
alloc_pos 409820
alloc_pos 409936
alloc_pos 410140
alloc_pos 410256
alloc_pos 410280
alloc_pos 410368
alloc_pos 410536
alloc_pos 410768
alloc_pos 410828
alloc_pos 410860
alloc_pos 410992
alloc_pos 411060
alloc_pos 411152
alloc_pos 411192
alloc_pos 411408
alloc_pos 411468
alloc_pos 411592
alloc_pos 411788
alloc_pos 411996
alloc_pos 412228
alloc_pos 412344
alloc_pos 412596
alloc_pos 412784
alloc_pos 412952
alloc_pos 413096
alloc_pos 413160
alloc_pos 413308
alloc_pos 413548
alloc_pos 413796
alloc_pos 413948
alloc_pos 414048
alloc_pos 414292
alloc_pos 414536
alloc_pos 414604
alloc_pos 414804
alloc_pos 414960
alloc_pos 415156
alloc_pos 415400
alloc_pos 415424
alloc_pos 415468
alloc_pos 415508
alloc_pos 415540
alloc_pos 415708
alloc_pos 415820
alloc_pos 415980
alloc_pos 416244
alloc_pos 416444
alloc_pos 416692
alloc_pos 416828
alloc_pos 417064
alloc_pos 417296
alloc_pos 417348
alloc_pos 417544
alloc_pos 417748
alloc_pos 417928
alloc_pos 418148
alloc_pos 418324
alloc_pos 418552
alloc_pos 418692
alloc_pos 418916
alloc_pos 419100
alloc_pos 419156
alloc_pos 419352
alloc_pos 419420
alloc_pos 419680
alloc_pos 419904
alloc_pos 419976
alloc_pos 420188
alloc_pos 420448
alloc_pos 420700
alloc_pos 420864
alloc_pos 421000
alloc_pos 421248
alloc_pos 421304
alloc_pos 421348
alloc_pos 421408
alloc_pos 421656
alloc_pos 421756
alloc_pos 421864
alloc_pos 421984
alloc_pos 422024
alloc_pos 422060
alloc_pos 422224
alloc_pos 422388
alloc_pos 422588
alloc_pos 422700
alloc_pos 422840
alloc_pos 422876
alloc_pos 422948
alloc_pos 423040
alloc_pos 423236
alloc_pos 423468
alloc_pos 423572
alloc_pos 423616
alloc_pos 423708
alloc_pos 423968
alloc_pos 424028
alloc_pos 424116
alloc_pos 424256
alloc_pos 424332
alloc_pos 424464
alloc_pos 424516
alloc_pos 424672
alloc_pos 424900
alloc_pos 425152
alloc_pos 425256
alloc_pos 425340
alloc_pos 425388
alloc_pos 425480
alloc_pos 425668
alloc_pos 425916
alloc_pos 425984
alloc_pos 426008
alloc_pos 426032
alloc_pos 426216
alloc_pos 426340
alloc_pos 426580
alloc_pos 426760
alloc_pos 426900
alloc_pos 427088
alloc_pos 427256
alloc_pos 427288
alloc_pos 427516
alloc_pos 427624
alloc_pos 427708
alloc_pos 427932
alloc_pos 428024
alloc_pos 428168
alloc_pos 428360
alloc_pos 428432
alloc_pos 428596
alloc_pos 428768
alloc_pos 428928
alloc_pos 429032
alloc_pos 429140
alloc_pos 429168
alloc_pos 429428
alloc_pos 429484
alloc_pos 429580
alloc_pos 429692
alloc_pos 429888
alloc_pos 430004
alloc_pos 430256
alloc_pos 430380
alloc_pos 430504
alloc_pos 430688
alloc_pos 430724
alloc_pos 430936
alloc_pos 431016
alloc_pos 431172
alloc_pos 431212
alloc_pos 431288
alloc_pos 431348
alloc_pos 431540
alloc_pos 431592
alloc_pos 431652
alloc_pos 431760
alloc_pos 431812
alloc_pos 431928
alloc_pos 431956
alloc_pos 432092
alloc_pos 432336
alloc_pos 432528
alloc_pos 432600
alloc_pos 432796
alloc_pos 432988
alloc_pos 433184
alloc_pos 433416
alloc_pos 433532
alloc_pos 433684
alloc_pos 433876
alloc_pos 434060
alloc_pos 434224
alloc_pos 434300
alloc_pos 434356
alloc_pos 434496
alloc_pos 434656
alloc_pos 434820
alloc_pos 434924
alloc_pos 435024
alloc_pos 435220
alloc_pos 435320
alloc_pos 435492
alloc_pos 435732
alloc_pos 435804
alloc_pos 436060
alloc_pos 436220
alloc_pos 436480
alloc_pos 436592
alloc_pos 436732
alloc_pos 436768
alloc_pos 436960
alloc_pos 437112
alloc_pos 437188
alloc_pos 437364
alloc_pos 437444
alloc_pos 437700
alloc_pos 437796
alloc_pos 437944
alloc_pos 438144
alloc_pos 438368
alloc_pos 438444
alloc_pos 438552
alloc_pos 438688
alloc_pos 438728
alloc_pos 438816
alloc_pos 438888
alloc_pos 438952
alloc_pos 438996
alloc_pos 439132
alloc_pos 439352
alloc_pos 439512
alloc_pos 439628
alloc_pos 439700
alloc_pos 439844
alloc_pos 440068
alloc_pos 440172
alloc_pos 440256
alloc_pos 440440
alloc_pos 440664
alloc_pos 440788
alloc_pos 440920
alloc_pos 440996
alloc_pos 441036
alloc_pos 441168
alloc_pos 441308
alloc_pos 441408
alloc_pos 441484
alloc_pos 441536
alloc_pos 441724
alloc_pos 441956
alloc_pos 442136
alloc_pos 442332
alloc_pos 442440
alloc_pos 442632
alloc_pos 442872
alloc_pos 443120
alloc_pos 443212
alloc_pos 443336
alloc_pos 443560
alloc_pos 443680
alloc_pos 443760
alloc_pos 443892
alloc_pos 443932
alloc_pos 444056
alloc_pos 444268
alloc_pos 444460
alloc_pos 444588
alloc_pos 444612
alloc_pos 444856
alloc_pos 444996
alloc_pos 445072
alloc_pos 445232
alloc_pos 445280
alloc_pos 445392
alloc_pos 445616
alloc_pos 445644
alloc_pos 445760
alloc_pos 445964
alloc_pos 446080
alloc_pos 446104
alloc_pos 446192
alloc_pos 446360
alloc_pos 446592
alloc_pos 446652
alloc_pos 446684
alloc_pos 446816
alloc_pos 446884
alloc_pos 446976
alloc_pos 447016
alloc_pos 447232
alloc_pos 447292
alloc_pos 447416
alloc_pos 447612
alloc_pos 447820
alloc_pos 448052
alloc_pos 448168
alloc_pos 448420
alloc_pos 448608
alloc_pos 448776
alloc_pos 448920
alloc_pos 448984
alloc_pos 449132
alloc_pos 449372
alloc_pos 449620
alloc_pos 449772
alloc_pos 449872
alloc_pos 450116
alloc_pos 450360
alloc_pos 450428
alloc_pos 450628
alloc_pos 450784
alloc_pos 450980
alloc_pos 451224
alloc_pos 451248
alloc_pos 451292
alloc_pos 451332
alloc_pos 451364
alloc_pos 451532
alloc_pos 451644
alloc_pos 451804
alloc_pos 452068
alloc_pos 452268
alloc_pos 452516
alloc_pos 452652
alloc_pos 452888
alloc_pos 453120
alloc_pos 453172
alloc_pos 453368
alloc_pos 453572
alloc_pos 453752
alloc_pos 453972
alloc_pos 454148
alloc_pos 454376
alloc_pos 454516
alloc_pos 454740
alloc_pos 454924
alloc_pos 454980
alloc_pos 455176
alloc_pos 455244
alloc_pos 455504
alloc_pos 455728
alloc_pos 455800
alloc_pos 456012
alloc_pos 456272
alloc_pos 456524
alloc_pos 456688
alloc_pos 456824
alloc_pos 457072
alloc_pos 457128
alloc_pos 457172
alloc_pos 457232
alloc_pos 457480
alloc_pos 457580
alloc_pos 457688
alloc_pos 457808
alloc_pos 457848
alloc_pos 457884
alloc_pos 458048
alloc_pos 458212
alloc_pos 458412
alloc_pos 458524
alloc_pos 458664
alloc_pos 458700
alloc_pos 458772
alloc_pos 458864
alloc_pos 459060
alloc_pos 459292
alloc_pos 459396
alloc_pos 459440
alloc_pos 459532
alloc_pos 459792
alloc_pos 459852
alloc_pos 459940
alloc_pos 460080
alloc_pos 460156
alloc_pos 460288
alloc_pos 460340
alloc_pos 460496
alloc_pos 460724
alloc_pos 460976
alloc_pos 461080
alloc_pos 461164
alloc_pos 461212
alloc_pos 461304
alloc_pos 461492
alloc_pos 461740
alloc_pos 461808
alloc_pos 461832
alloc_pos 461856
alloc_pos 462040
alloc_pos 462164
alloc_pos 462404
alloc_pos 462584
alloc_pos 462724
alloc_pos 462912
alloc_pos 463080
alloc_pos 463112
alloc_pos 463340
alloc_pos 463448
alloc_pos 463532
alloc_pos 463756
alloc_pos 463848
alloc_pos 463992
alloc_pos 464184
alloc_pos 464256
alloc_pos 464420
alloc_pos 464592
alloc_pos 464752
alloc_pos 464856
alloc_pos 464964
alloc_pos 464992
alloc_pos 465252
alloc_pos 465308
alloc_pos 465404
alloc_pos 465516
alloc_pos 465712
alloc_pos 465828
alloc_pos 466080
alloc_pos 466204
alloc_pos 466328
alloc_pos 466512
alloc_pos 466548
alloc_pos 466760
alloc_pos 466840
alloc_pos 466996
alloc_pos 467036
alloc_pos 467112
alloc_pos 467172
alloc_pos 467364
alloc_pos 467416
alloc_pos 467476
alloc_pos 467584
alloc_pos 467636
alloc_pos 467752
alloc_pos 467780
alloc_pos 467916
alloc_pos 468160
alloc_pos 468352
alloc_pos 468424
alloc_pos 468620
alloc_pos 468812
alloc_pos 469008
alloc_pos 469240
alloc_pos 469356
alloc_pos 469508
alloc_pos 469700
alloc_pos 469884
alloc_pos 470048
alloc_pos 470124
alloc_pos 470180
alloc_pos 470320
alloc_pos 470480
alloc_pos 470644
alloc_pos 470748
alloc_pos 470848
alloc_pos 471044
alloc_pos 471144
alloc_pos 471316
alloc_pos 471556
alloc_pos 471628
alloc_pos 471884
alloc_pos 472044
alloc_pos 472304
alloc_pos 472416
alloc_pos 472556
alloc_pos 472592
alloc_pos 472784
alloc_pos 472936
alloc_pos 473012
alloc_pos 473188
alloc_pos 473268
alloc_pos 473524
alloc_pos 473620
alloc_pos 473768
alloc_pos 473968
alloc_pos 474192
alloc_pos 474268
alloc_pos 474376
alloc_pos 474512
alloc_pos 474552
alloc_pos 474640
alloc_pos 474712
alloc_pos 474776
alloc_pos 474820
alloc_pos 474956
alloc_pos 475176
alloc_pos 475336
alloc_pos 475452
alloc_pos 475524
alloc_pos 475668
alloc_pos 475892
alloc_pos 475996
alloc_pos 476080
alloc_pos 476264
alloc_pos 476488
alloc_pos 476612
alloc_pos 476744
alloc_pos 476820
alloc_pos 476860
alloc_pos 476992
alloc_pos 477132
alloc_pos 477232
alloc_pos 477308
alloc_pos 477360
alloc_pos 477548
alloc_pos 477780
alloc_pos 477960
alloc_pos 478156
alloc_pos 478264
alloc_pos 478456
alloc_pos 478696
alloc_pos 478944
alloc_pos 479036
alloc_pos 479160
alloc_pos 479384
alloc_pos 479504
alloc_pos 479584
alloc_pos 479716
alloc_pos 479756
alloc_pos 479880
alloc_pos 480092
alloc_pos 480284
alloc_pos 480412
alloc_pos 480436
alloc_pos 480680
alloc_pos 480820
alloc_pos 480896
alloc_pos 481056
alloc_pos 481104
alloc_pos 481216
alloc_pos 481440
alloc_pos 481468
alloc_pos 481584
alloc_pos 481788
alloc_pos 481904
alloc_pos 481928
alloc_pos 482016
alloc_pos 482184
alloc_pos 482416
alloc_pos 482476
alloc_pos 482508
alloc_pos 482640
alloc_pos 482708
alloc_pos 482800
alloc_pos 482840
alloc_pos 483056
alloc_pos 483116
alloc_pos 483240
alloc_pos 483436
alloc_pos 483644
alloc_pos 483876
alloc_pos 483992
alloc_pos 484244
alloc_pos 484432
alloc_pos 484600
alloc_pos 484744
alloc_pos 484808
alloc_pos 484956
alloc_pos 485196
alloc_pos 485444
alloc_pos 485596
alloc_pos 485696
alloc_pos 485940
alloc_pos 486184
alloc_pos 486252
alloc_pos 486452
alloc_pos 486608
alloc_pos 486804
alloc_pos 487048
alloc_pos 487072
alloc_pos 487116
alloc_pos 487156
alloc_pos 487188
alloc_pos 487356
alloc_pos 487468
alloc_pos 487628
alloc_pos 487892
alloc_pos 488092
alloc_pos 488340
alloc_pos 488476
alloc_pos 488712
alloc_pos 488944
alloc_pos 488996
alloc_pos 489192
alloc_pos 489396
alloc_pos 489576
alloc_pos 489796
alloc_pos 489972
alloc_pos 490200
alloc_pos 490340
alloc_pos 490564
alloc_pos 490748
alloc_pos 490804
alloc_pos 491000
alloc_pos 491068
alloc_pos 491328
alloc_pos 491552
alloc_pos 491624
alloc_pos 491836
alloc_pos 492096
alloc_pos 492348
alloc_pos 492512
alloc_pos 492648
alloc_pos 492896
alloc_pos 492952
alloc_pos 492996
alloc_pos 493056
alloc_pos 493304
alloc_pos 493404
alloc_pos 493512
alloc_pos 493632
alloc_pos 493672
alloc_pos 493708
alloc_pos 493872
alloc_pos 494036
alloc_pos 494236
alloc_pos 494348
alloc_pos 494488
alloc_pos 494524
alloc_pos 494596
alloc_pos 494688
alloc_pos 494884
alloc_pos 495116
alloc_pos 495220
alloc_pos 495264
alloc_pos 495356
alloc_pos 495616
alloc_pos 495676
alloc_pos 495764
alloc_pos 495904
alloc_pos 495980
alloc_pos 496112
alloc_pos 496164
alloc_pos 496320
alloc_pos 496548
alloc_pos 496800
alloc_pos 496904
alloc_pos 496988
alloc_pos 497036
alloc_pos 497128
alloc_pos 497316
alloc_pos 497564
alloc_pos 497632
alloc_pos 497656
alloc_pos 497680
alloc_pos 497864
alloc_pos 497988
alloc_pos 498228
alloc_pos 498408
alloc_pos 498548
alloc_pos 498736
alloc_pos 498904
alloc_pos 498936
alloc_pos 499164
alloc_pos 499272
alloc_pos 499356
alloc_pos 499580
alloc_pos 499672
alloc_pos 499816
alloc_pos 500008
alloc_pos 500080
alloc_pos 500244
alloc_pos 500416
alloc_pos 500576
alloc_pos 500680
alloc_pos 500788
alloc_pos 500816
alloc_pos 501076
alloc_pos 501132
alloc_pos 501228
alloc_pos 501340
alloc_pos 501536
alloc_pos 501652
alloc_pos 501904
alloc_pos 502028
alloc_pos 502152
alloc_pos 502336
alloc_pos 502372
alloc_pos 502584
alloc_pos 502664
alloc_pos 502820
alloc_pos 502860
alloc_pos 502936
alloc_pos 502996
alloc_pos 503188
alloc_pos 503240
alloc_pos 503300
alloc_pos 503408
alloc_pos 503460
alloc_pos 503576
alloc_pos 503604
alloc_pos 503740
alloc_pos 503984
alloc_pos 504176
alloc_pos 504248
alloc_pos 504444
alloc_pos 504636
alloc_pos 504832
alloc_pos 505064
alloc_pos 505180
alloc_pos 505332
alloc_pos 505524
alloc_pos 505708
alloc_pos 505872
alloc_pos 505948
alloc_pos 506004
alloc_pos 506144
alloc_pos 506304
alloc_pos 506468
alloc_pos 506572
alloc_pos 506672
alloc_pos 506868
alloc_pos 506968
alloc_pos 507140
alloc_pos 507380
alloc_pos 507452
alloc_pos 507708
alloc_pos 507868
alloc_pos 508128
alloc_pos 508240
alloc_pos 508380
alloc_pos 508416
alloc_pos 508608
alloc_pos 508760
alloc_pos 508836
alloc_pos 509012
alloc_pos 509092
alloc_pos 509348
alloc_pos 509444
alloc_pos 509592
alloc_pos 509792
alloc_pos 510016
alloc_pos 510092
alloc_pos 510200
alloc_pos 510336
alloc_pos 510376
alloc_pos 510464
alloc_pos 510536
alloc_pos 510600
alloc_pos 510644
alloc_pos 510780
alloc_pos 511000
alloc_pos 511160
alloc_pos 511276
alloc_pos 511348
alloc_pos 511492
alloc_pos 511716
alloc_pos 511820
alloc_pos 511904
alloc_pos 512088
alloc_pos 512312
alloc_pos 512436
alloc_pos 512568
alloc_pos 512644
alloc_pos 512684
alloc_pos 512816
alloc_pos 512956
alloc_pos 513056
alloc_pos 513132
alloc_pos 513184
alloc_pos 513372
alloc_pos 513604
alloc_pos 513784
alloc_pos 513980
alloc_pos 514088
alloc_pos 514280
alloc_pos 514520
alloc_pos 514768
alloc_pos 514860
alloc_pos 514984
alloc_pos 515208
alloc_pos 515328
alloc_pos 515408
alloc_pos 515540
alloc_pos 515580
alloc_pos 515704
alloc_pos 515916
alloc_pos 516108
alloc_pos 516236
alloc_pos 516260
alloc_pos 516504
alloc_pos 516644
alloc_pos 516720
alloc_pos 516880
alloc_pos 516928
alloc_pos 517040
alloc_pos 517264
alloc_pos 517292
alloc_pos 517408
alloc_pos 517612
alloc_pos 517728
alloc_pos 517752
alloc_pos 517840
alloc_pos 518008
alloc_pos 518240
alloc_pos 518300
alloc_pos 518332
alloc_pos 518464
alloc_pos 518532
alloc_pos 518624
alloc_pos 518664
alloc_pos 518880
alloc_pos 518940
alloc_pos 519064
alloc_pos 519260
alloc_pos 519468
alloc_pos 519700
alloc_pos 519816
alloc_pos 520068
alloc_pos 520256
alloc_pos 520424
alloc_pos 520568
alloc_pos 520632
alloc_pos 520780
alloc_pos 521020
alloc_pos 521268
alloc_pos 521420
alloc_pos 521520
alloc_pos 521764
alloc_pos 522008
alloc_pos 522076
alloc_pos 522276
alloc_pos 522432
alloc_pos 522628
alloc_pos 522872
alloc_pos 522896
alloc_pos 522940
alloc_pos 522980
alloc_pos 523012
alloc_pos 523180
alloc_pos 523292
alloc_pos 523452
alloc_pos 523716
alloc_pos 523916
alloc_pos -1

