reason: unexpected exit code -6
--- stdout ---
CHENEY GENERATOR!
--- stderr ---
alloc_pos 8
alloc_pos 1040
alloc_pos 2072
alloc_pos 3104
alloc_pos 3368
alloc_pos 3456
alloc_pos 3552
alloc_pos 3748
alloc_pos 4004
alloc_pos 4200
alloc_pos 4428
alloc_pos 4668
alloc_pos 4916
alloc_pos 4984
alloc_pos 5172
alloc_pos 5252
alloc_pos 5444
alloc_pos 5504
alloc_pos 5748
alloc_pos 5828
alloc_pos 6016
alloc_pos 6224
alloc_pos 6292
alloc_pos 6348
alloc_pos 6388
alloc_pos 6548
alloc_pos 6788
alloc_pos 6864
alloc_pos 7076
alloc_pos 7172
alloc_pos 7200
alloc_pos 7332
alloc_pos 7388
alloc_pos 7624
alloc_pos 7820
alloc_pos 7996
alloc_pos 8020
alloc_pos 8112
alloc_pos 8348
alloc_pos 8408
alloc_pos 8452
alloc_pos 8696
alloc_pos 8920
alloc_pos 9148
alloc_pos 9396
alloc_pos 9624
alloc_pos 9712
alloc_pos 9944
alloc_pos 10080
alloc_pos 10292
alloc_pos 10424
alloc_pos 10688
alloc_pos 10744
alloc_pos 10968
alloc_pos 11216
alloc_pos 11304
alloc_pos 11416
alloc_pos 11656
alloc_pos 11736
alloc_pos 11884
alloc_pos 12136
alloc_pos 12352
alloc_pos 12516
alloc_pos 12684
alloc_pos 12816
alloc_pos 13008
alloc_pos 13124
alloc_pos 13372
alloc_pos 13504
alloc_pos 13688
alloc_pos 13792
alloc_pos 13980
alloc_pos 14032
alloc_pos 14144
alloc_pos 14376
alloc_pos 14552
alloc_pos 14780
alloc_pos 14964
alloc_pos 15052
alloc_pos 15252
alloc_pos 15388
alloc_pos 15552
alloc_pos 15732
alloc_pos 15944
alloc_pos 16000
alloc_pos 16136
alloc_pos 16332
alloc_pos 16540
alloc_pos 16676
alloc_pos 16836
alloc_pos 16904
alloc_pos 17000
alloc_pos 17072
alloc_pos 17140
alloc_pos 17296
alloc_pos 17408
alloc_pos 17496
alloc_pos 17612
alloc_pos 17752
alloc_pos 17840
alloc_pos 18016
alloc_pos 18108
alloc_pos 18232
alloc_pos 18480
alloc_pos 18536
alloc_pos 18704
alloc_pos 18852
alloc_pos 19016
alloc_pos 19100
alloc_pos 19268
alloc_pos 19352
alloc_pos 19600
alloc_pos 19672
alloc_pos 19872
alloc_pos 19988
alloc_pos 20044
alloc_pos 20084
alloc_pos 20216
alloc_pos 20404
alloc_pos 20588
alloc_pos 20728
alloc_pos 20848
alloc_pos 20872
alloc_pos 21080
alloc_pos 21212
alloc_pos 21472
alloc_pos 21716
alloc_pos 21748
alloc_pos 21828
alloc_pos 21888
alloc_pos 22036
alloc_pos 22264
alloc_pos 22464
alloc_pos 22700
alloc_pos 22836
alloc_pos 23020
alloc_pos 23108
alloc_pos 23172
alloc_pos 23380
alloc_pos 23508
alloc_pos 23720
alloc_pos 23964
alloc_pos 24052
alloc_pos 24300
alloc_pos 24516
alloc_pos 24744
alloc_pos 24856
alloc_pos 24928
alloc_pos 25132
alloc_pos 25372
alloc_pos 25556
alloc_pos 25672
alloc_pos 25828
alloc_pos 26032
alloc_pos 26224
alloc_pos 26280
alloc_pos 26532
alloc_pos 26736
alloc_pos 26912
alloc_pos 26996
alloc_pos 27204
alloc_pos 27352
alloc_pos 27428
alloc_pos 27672
alloc_pos 27852
alloc_pos 27884
alloc_pos 28056
alloc_pos 28256
alloc_pos 28428
alloc_pos 28460
alloc_pos 28572
alloc_pos 28744
alloc_pos 28952
alloc_pos 29120
alloc_pos 29228
alloc_pos 29296
alloc_pos 29392
alloc_pos 29464
alloc_pos 29528
alloc_pos 29752
alloc_pos 29948
alloc_pos 30112
alloc_pos 30164
alloc_pos 30416
alloc_pos 30496
alloc_pos 30560
alloc_pos 30600
alloc_pos 30732
alloc_pos 30920
alloc_pos 31096
alloc_pos 31260
alloc_pos 31488
alloc_pos 31648
alloc_pos 31848
alloc_pos 31880
alloc_pos 32016
alloc_pos 32248
alloc_pos 32356
alloc_pos 32544
alloc_pos 32588
alloc_pos 32744
alloc_pos 32768
alloc_pos 32824
alloc_pos 32924
alloc_pos 32976
alloc_pos 33104
alloc_pos 33204
alloc_pos 33460
alloc_pos 33552
alloc_pos 33720
alloc_pos 33896
alloc_pos 34096
alloc_pos 34136
alloc_pos 34400
alloc_pos 34544
alloc_pos 34700
alloc_pos 34816
alloc_pos 35056
alloc_pos 35292
alloc_pos 35324
alloc_pos 35348
alloc_pos 35452
alloc_pos 35560
alloc_pos 35620
alloc_pos 35768
alloc_pos 35932
alloc_pos 36092
alloc_pos 36248
alloc_pos 36480
alloc_pos 36624
alloc_pos 36704
alloc_pos 36896
alloc_pos 36972
alloc_pos 37068
alloc_pos 37296
alloc_pos 37328
alloc_pos 37448
alloc_pos 37600
alloc_pos 37804
alloc_pos 38060
alloc_pos 38124
alloc_pos 38336
alloc_pos 38396
alloc_pos 38484
alloc_pos 38616
alloc_pos 38812
alloc_pos 39044
alloc_pos 39284
alloc_pos 39360
alloc_pos 39448
alloc_pos 39580
alloc_pos 39752
alloc_pos 39836
alloc_pos 39948
alloc_pos 40168
alloc_pos 40252
alloc_pos 40424
alloc_pos 40520
alloc_pos 40652
alloc_pos 40728
alloc_pos 40916
alloc_pos 41004
alloc_pos 41100
alloc_pos 41296
alloc_pos 41552
alloc_pos 41748
alloc_pos 41976
alloc_pos 42216
alloc_pos 42464
alloc_pos 42532
alloc_pos 42720
alloc_pos 42800
alloc_pos 42992
alloc_pos 43052
alloc_pos 43296
alloc_pos 43376
alloc_pos 43564
alloc_pos 43772
alloc_pos 43840
alloc_pos 43896
alloc_pos 43936
alloc_pos 44096
alloc_pos 44336
alloc_pos 44412
alloc_pos 44624
alloc_pos 44720
alloc_pos 44748
alloc_pos 44880
alloc_pos 44936
alloc_pos 45172
alloc_pos 45368
alloc_pos 45544
alloc_pos 45568
alloc_pos 45660
alloc_pos 45896
alloc_pos 45956
alloc_pos 46000
alloc_pos 46244
alloc_pos 46468
alloc_pos 46696
alloc_pos 46944
alloc_pos 47172
alloc_pos 47260
alloc_pos 47492
alloc_pos 47628
alloc_pos 47840
alloc_pos 47972
alloc_pos 48236
alloc_pos 48292
alloc_pos 48516
alloc_pos 48764
alloc_pos 48852
alloc_pos 48964
alloc_pos 49204
alloc_pos 49284
alloc_pos 49432
alloc_pos 49684
alloc_pos 49900
alloc_pos 50064
alloc_pos 50232
alloc_pos 50364
alloc_pos 50556
alloc_pos 50672
alloc_pos 50920
alloc_pos 51052
alloc_pos 51236
alloc_pos 51340
alloc_pos 51528
alloc_pos 51580
alloc_pos 51692
alloc_pos 51924
alloc_pos 52100
alloc_pos 52328
alloc_pos 52512
alloc_pos 52600
alloc_pos 52800
alloc_pos 52936
alloc_pos 53100
alloc_pos 53280
alloc_pos 53492
alloc_pos 53548
alloc_pos 53684
alloc_pos 53880
alloc_pos 54088
alloc_pos 54224
alloc_pos 54384
alloc_pos 54452
alloc_pos 54548
alloc_pos 54620
alloc_pos 54688
alloc_pos 54844
alloc_pos 54956
alloc_pos 55044
alloc_pos 55160
alloc_pos 55300
alloc_pos 55388
alloc_pos 55564
alloc_pos 55656
alloc_pos 55780
alloc_pos 56028
alloc_pos 56084
alloc_pos 56252
alloc_pos 56400
alloc_pos 56564
alloc_pos 56648
alloc_pos 56816
alloc_pos 56900
alloc_pos 57148
alloc_pos 57220
alloc_pos 57420
alloc_pos 57536
alloc_pos 57592
alloc_pos 57632
alloc_pos 57764
alloc_pos 57952
alloc_pos 58136
alloc_pos 58276
alloc_pos 58396
alloc_pos 58420
alloc_pos 58628
alloc_pos 58760
alloc_pos 59020
alloc_pos 59264
alloc_pos 59296
alloc_pos 59376
alloc_pos 59436
alloc_pos 59584
alloc_pos 59812
alloc_pos 60012
alloc_pos 60248
alloc_pos 60384
alloc_pos 60568
alloc_pos 60656
alloc_pos 60720
alloc_pos 60928
alloc_pos 61056
alloc_pos 61268
alloc_pos 61512
alloc_pos 61600
alloc_pos 61848
alloc_pos 62064
alloc_pos 62292
alloc_pos 62404
alloc_pos 62476
alloc_pos 62680
alloc_pos 62920
alloc_pos 63104
alloc_pos 63220
alloc_pos 63376
alloc_pos 63580
alloc_pos 63772
alloc_pos 63828
alloc_pos 64080
alloc_pos 64284
alloc_pos 64460
alloc_pos 64544
alloc_pos 64752
alloc_pos 64900
alloc_pos 64976
alloc_pos 65220
alloc_pos 65400
alloc_pos 65432
alloc_pos 65604
alloc_pos 65804
alloc_pos 65976
alloc_pos 66008
alloc_pos 66120
alloc_pos 66292
alloc_pos 66500
alloc_pos 66668
alloc_pos 66776
alloc_pos 66844
alloc_pos 66940
alloc_pos 67012
alloc_pos 67076
alloc_pos 67300
alloc_pos 67496
alloc_pos 67660
alloc_pos 67712
alloc_pos 67964
alloc_pos 68044
alloc_pos 68108
alloc_pos 68148
alloc_pos 68280
alloc_pos 68468
alloc_pos 68644
alloc_pos 68808
alloc_pos 69036
alloc_pos 69196
alloc_pos 69396
alloc_pos 69428
alloc_pos 69564
alloc_pos 69796
alloc_pos 69904
alloc_pos 70092
alloc_pos 70136
alloc_pos 70292
alloc_pos 70316
alloc_pos 70372
alloc_pos 70472
alloc_pos 70524
alloc_pos 70652
alloc_pos 70752
alloc_pos 71008
alloc_pos 71100
alloc_pos 71268
alloc_pos 71444
alloc_pos 71644
alloc_pos 71684
alloc_pos 71948
alloc_pos 72092
alloc_pos 72248
alloc_pos 72364
alloc_pos 72604
alloc_pos 72840
alloc_pos 72872
alloc_pos 72896
alloc_pos 73000
alloc_pos 73108
alloc_pos 73168
alloc_pos 73316
alloc_pos 73480
alloc_pos 73640
alloc_pos 73796
alloc_pos 74028
alloc_pos 74172
alloc_pos 74252
alloc_pos 74444
alloc_pos 74520
alloc_pos 74616
alloc_pos 74844
alloc_pos 74876
alloc_pos 74996
alloc_pos 75148
alloc_pos 75352
alloc_pos 75608
alloc_pos 75672
alloc_pos 75884
alloc_pos 75944
alloc_pos 76032
alloc_pos 76164
alloc_pos 76360
alloc_pos 76592
alloc_pos 76832
alloc_pos 76908
alloc_pos 76996
alloc_pos 77128
alloc_pos 77300
alloc_pos 77384
alloc_pos 77496
alloc_pos 77716
alloc_pos 77800
alloc_pos 77972
alloc_pos 78068
alloc_pos 78200
alloc_pos 78276
alloc_pos 78464
alloc_pos 78552
alloc_pos 78648
alloc_pos 78844
alloc_pos 79100
alloc_pos 79296
alloc_pos 79524
alloc_pos 79764
alloc_pos 80012
alloc_pos 80080
alloc_pos 80268
alloc_pos 80348
alloc_pos 80540
alloc_pos 80600
alloc_pos 80844
alloc_pos 80924
alloc_pos 81112
alloc_pos 81320
alloc_pos 81388
alloc_pos 81444
alloc_pos 81484
alloc_pos 81644
alloc_pos 81884
alloc_pos 81960
alloc_pos 82172
alloc_pos 82268
alloc_pos 82296
alloc_pos 82428
alloc_pos 82484
alloc_pos 82720
alloc_pos 82916
alloc_pos 83092
alloc_pos 83116
alloc_pos 83208
alloc_pos 83444
alloc_pos 83504
alloc_pos 83548
alloc_pos 83792
alloc_pos 84016
alloc_pos 84244
alloc_pos 84492
alloc_pos 84720
alloc_pos 84808
alloc_pos 85040
alloc_pos 85176
alloc_pos 85388
alloc_pos 85520
alloc_pos 85784
alloc_pos 85840
alloc_pos 86064
alloc_pos 86312
alloc_pos 86400
alloc_pos 86512
alloc_pos 86752
alloc_pos 86832
alloc_pos 86980
alloc_pos 87232
alloc_pos 87448
alloc_pos 87612
alloc_pos 87780
alloc_pos 87912
alloc_pos 88104
alloc_pos 88220
alloc_pos 88468
alloc_pos 88600
alloc_pos 88784
alloc_pos 88888
alloc_pos 89076
alloc_pos 89128
alloc_pos 89240
alloc_pos 89472
alloc_pos 89648
alloc_pos 89876
alloc_pos 90060
alloc_pos 90148
alloc_pos 90348
alloc_pos 90484
alloc_pos 90648
alloc_pos 90828
alloc_pos 91040
alloc_pos 91096
alloc_pos 91232
alloc_pos 91428
alloc_pos 91636
alloc_pos 91772
alloc_pos 91932
alloc_pos 92000
alloc_pos 92096
alloc_pos 92168
alloc_pos 92236
alloc_pos 92392
alloc_pos 92504
alloc_pos 92592
alloc_pos 92708
alloc_pos 92848
alloc_pos 92936
alloc_pos 93112
alloc_pos 93204
alloc_pos 93328
alloc_pos 93576
alloc_pos 93632
alloc_pos 93800
alloc_pos 93948
alloc_pos 94112
alloc_pos 94196
alloc_pos 94364
alloc_pos 94448
alloc_pos 94696
alloc_pos 94768
alloc_pos 94968
alloc_pos 95084
alloc_pos 95140
alloc_pos 95180
alloc_pos 95312
alloc_pos 95500
alloc_pos 95684
alloc_pos 95824
alloc_pos 95944
alloc_pos 95968
alloc_pos 96176
alloc_pos 96308
alloc_pos 96568
alloc_pos 96812
alloc_pos 96844
alloc_pos 96924
alloc_pos 96984
alloc_pos 97132
alloc_pos 97360
alloc_pos 97560
alloc_pos 97796
alloc_pos 97932
alloc_pos 98116
alloc_pos 98204
alloc_pos 98268
alloc_pos 98476
alloc_pos 98604
alloc_pos 98816
alloc_pos 99060
alloc_pos 99148
alloc_pos 99396
alloc_pos 99612
alloc_pos 99840
alloc_pos 99952
alloc_pos 100024
alloc_pos 100228
alloc_pos 100468
alloc_pos 100652
alloc_pos 100768
alloc_pos 100924
alloc_pos 101128
alloc_pos 101320
alloc_pos 101376
alloc_pos 101628
alloc_pos 101832
alloc_pos 102008
alloc_pos 102092
alloc_pos 102300
alloc_pos 102448
alloc_pos 102524
alloc_pos 102768
alloc_pos 102948
alloc_pos 102980
alloc_pos 103152
alloc_pos 103352
alloc_pos 103524
alloc_pos 103556
alloc_pos 103668
alloc_pos 103840
alloc_pos 104048
alloc_pos 104216
alloc_pos 104324
alloc_pos 104392
alloc_pos 104488
alloc_pos 104560
alloc_pos 104624
alloc_pos 104848
alloc_pos 105044
alloc_pos 105208
alloc_pos 105260
alloc_pos 105512
alloc_pos 105592
alloc_pos 105656
alloc_pos 105696
alloc_pos 105828
alloc_pos 106016
alloc_pos 106192
alloc_pos 106356
alloc_pos 106584
alloc_pos 106744
alloc_pos 106944
alloc_pos 106976
alloc_pos 107112
alloc_pos 107344
alloc_pos 107452
alloc_pos 107640
alloc_pos 107684
alloc_pos 107840
alloc_pos 107864
alloc_pos 107920
alloc_pos 108020
alloc_pos 108072
alloc_pos 108200
alloc_pos 108300
alloc_pos 108556
alloc_pos 108648
alloc_pos 108816
alloc_pos 108992
alloc_pos 109192
alloc_pos 109232
alloc_pos 109496
alloc_pos 109640
alloc_pos 109796
alloc_pos 109912
alloc_pos 110152
alloc_pos 110388
alloc_pos 110420
alloc_pos 110444
alloc_pos 110548
alloc_pos 110656
alloc_pos 110716
alloc_pos 110864
alloc_pos 111028
alloc_pos 111188
alloc_pos 111344
alloc_pos 111576
alloc_pos 111720
alloc_pos 111800
alloc_pos 111992
alloc_pos 112068
alloc_pos 112164
alloc_pos 112392
alloc_pos 112424
alloc_pos 112544
alloc_pos 112696
alloc_pos 112900
alloc_pos 113156
alloc_pos 113220
alloc_pos 113432
alloc_pos 113492
alloc_pos 113580
alloc_pos 113712
alloc_pos 113908
alloc_pos 114140
alloc_pos 114380
alloc_pos 114456
alloc_pos 114544
alloc_pos 114676
alloc_pos 114848
alloc_pos 114932
alloc_pos 115044
alloc_pos 115264
alloc_pos 115348
alloc_pos 115520
alloc_pos 115616
alloc_pos 115748
alloc_pos 115824
alloc_pos 116012
alloc_pos 116100
alloc_pos 116196
alloc_pos 116392
alloc_pos 116648
alloc_pos 116844
alloc_pos 117072
alloc_pos 117312
alloc_pos 117560
alloc_pos 117628
alloc_pos 117816
alloc_pos 117896
alloc_pos 118088
alloc_pos 118148
alloc_pos 118392
alloc_pos 118472
alloc_pos 118660
alloc_pos 118868
alloc_pos 118936
alloc_pos 118992
alloc_pos 119032
alloc_pos 119192
alloc_pos 119432
alloc_pos 119508
alloc_pos 119720
alloc_pos 119816
alloc_pos 119844
alloc_pos 119976
alloc_pos 120032
alloc_pos 120268
alloc_pos 120464
alloc_pos 120640
alloc_pos 120664
alloc_pos 120756
alloc_pos 120992
alloc_pos 121052
alloc_pos 121096
alloc_pos 121340
alloc_pos 121564
alloc_pos 121792
alloc_pos 122040
alloc_pos 122268
alloc_pos 122356
alloc_pos 122588
alloc_pos 122724
alloc_pos 122936
alloc_pos 123068
alloc_pos 123332
alloc_pos 123388
alloc_pos 123612
alloc_pos 123860
alloc_pos 123948
alloc_pos 124060
alloc_pos 124300
alloc_pos 124380
alloc_pos 124528
alloc_pos 124780
alloc_pos 124996
alloc_pos 125160
alloc_pos 125328
alloc_pos 125460
alloc_pos 125652
alloc_pos 125768
alloc_pos 126016
alloc_pos 126148
alloc_pos 126332
alloc_pos 126436
alloc_pos 126624
alloc_pos 126676
alloc_pos 126788
alloc_pos 127020
alloc_pos 127196
alloc_pos 127424
alloc_pos 127608
alloc_pos 127696
alloc_pos 127896
alloc_pos 128032
alloc_pos 128196
alloc_pos 128376
alloc_pos 128588
alloc_pos 128644
alloc_pos 128780
alloc_pos 128976
alloc_pos 129184
alloc_pos 129320
alloc_pos 129480
alloc_pos 129548
alloc_pos 129644
alloc_pos 129716
alloc_pos 129784
alloc_pos 129940
alloc_pos 130052
alloc_pos 130140
alloc_pos 130256
alloc_pos 130396
alloc_pos 130484
alloc_pos 130660
alloc_pos 130752
alloc_pos 130876
alloc_pos 131124
alloc_pos 131180
alloc_pos 131348
alloc_pos 131496
alloc_pos 131660
alloc_pos 131744
alloc_pos 131912
alloc_pos 131996
alloc_pos 132244
alloc_pos 132316
alloc_pos 132516
alloc_pos 132632
alloc_pos 132688
alloc_pos 132728
alloc_pos 132860
alloc_pos 133048
alloc_pos 133232
alloc_pos 133372
alloc_pos 133492
alloc_pos 133516
alloc_pos 133724
alloc_pos 133856
alloc_pos 134116
alloc_pos 134360
alloc_pos 134392
alloc_pos 134472
alloc_pos 134532
alloc_pos 134680
alloc_pos 134908
alloc_pos 135108
alloc_pos 135344
alloc_pos 135480
alloc_pos 135664
alloc_pos 135752
alloc_pos 135816
alloc_pos 136024
alloc_pos 136152
alloc_pos 136364
alloc_pos 136608
alloc_pos 136696
alloc_pos 136944
alloc_pos 137160
alloc_pos 137388
alloc_pos 137500
alloc_pos 137572
alloc_pos 137776
alloc_pos 138016
alloc_pos 138200
alloc_pos 138316
alloc_pos 138472
alloc_pos 138676
alloc_pos 138868
alloc_pos 138924
alloc_pos 139176
alloc_pos 139380
alloc_pos 139556
alloc_pos 139640
alloc_pos 139848
alloc_pos 139996
alloc_pos 140072
alloc_pos 140316
alloc_pos 140496
alloc_pos 140528
alloc_pos 140700
alloc_pos 140900
alloc_pos 141072
alloc_pos 141104
alloc_pos 141216
alloc_pos 141388
alloc_pos 141596
alloc_pos 141764
alloc_pos 141872
alloc_pos 141940
alloc_pos 142036
alloc_pos 142108
alloc_pos 142172
alloc_pos 142396
alloc_pos 142592
alloc_pos 142756
alloc_pos 142808
alloc_pos 143060
alloc_pos 143140
alloc_pos 143204
alloc_pos 143244
alloc_pos 143376
alloc_pos 143564
alloc_pos 143740
alloc_pos 143904
alloc_pos 144132
alloc_pos 144292
alloc_pos 144492
alloc_pos 144524
alloc_pos 144660
alloc_pos 144892
alloc_pos 145000
alloc_pos 145188
alloc_pos 145232
alloc_pos 145388
alloc_pos 145412
alloc_pos 145468
alloc_pos 145568
alloc_pos 145620
alloc_pos 145748
alloc_pos 145848
alloc_pos 146104
alloc_pos 146196
alloc_pos 146364
alloc_pos 146540
alloc_pos 146740
alloc_pos 146780
alloc_pos 147044
alloc_pos 147188
alloc_pos 147344
alloc_pos 147460
alloc_pos 147700
alloc_pos 147936
alloc_pos 147968
alloc_pos 147992
alloc_pos 148096
alloc_pos 148204
alloc_pos 148264
alloc_pos 148412
alloc_pos 148576
alloc_pos 148736
alloc_pos 148892
alloc_pos 149124
alloc_pos 149268
alloc_pos 149348
alloc_pos 149540
alloc_pos 149616
alloc_pos 149712
alloc_pos 149940
alloc_pos 149972
alloc_pos 150092
alloc_pos 150244
alloc_pos 150448
alloc_pos 150704
alloc_pos 150768
alloc_pos 150980
alloc_pos 151040
alloc_pos 151128
alloc_pos 151260
alloc_pos 151456
alloc_pos 151688
alloc_pos 151928
alloc_pos 152004
alloc_pos 152092
alloc_pos 152224
alloc_pos 152396
alloc_pos 152480
alloc_pos 152592
alloc_pos 152812
alloc_pos 152896
alloc_pos 153068
alloc_pos 153164
alloc_pos 153296
alloc_pos 153372
alloc_pos 153560
alloc_pos 153648
alloc_pos 153744
alloc_pos 153940
alloc_pos 154196
alloc_pos 154392
alloc_pos 154620
alloc_pos 154860
alloc_pos 155108
alloc_pos 155176
alloc_pos 155364
alloc_pos 155444
alloc_pos 155636
alloc_pos 155696
alloc_pos 155940
alloc_pos 156020
alloc_pos 156208
alloc_pos 156416
alloc_pos 156484
alloc_pos 156540
alloc_pos 156580
alloc_pos 156740
alloc_pos 156980
alloc_pos 157056
alloc_pos 157268
alloc_pos 157364
alloc_pos 157392
alloc_pos 157524
alloc_pos 157580
alloc_pos 157816
alloc_pos 158012
alloc_pos 158188
alloc_pos 158212
alloc_pos 158304
alloc_pos 158540
alloc_pos 158600
alloc_pos 158644
alloc_pos 158888
alloc_pos 159112
alloc_pos 159340
alloc_pos 159588
alloc_pos 159816
alloc_pos 159904
alloc_pos 160136
alloc_pos 160272
alloc_pos 160484
alloc_pos 160616
alloc_pos 160880
alloc_pos 160936
alloc_pos 161160
alloc_pos 161408
alloc_pos 161496
alloc_pos 161608
alloc_pos 161848
alloc_pos 161928
alloc_pos 162076
alloc_pos 162328
alloc_pos 162544
alloc_pos 162708
alloc_pos 162876
alloc_pos 163008
alloc_pos 163200
alloc_pos 163316
alloc_pos 163564
alloc_pos 163696
alloc_pos 163880
alloc_pos 163984
alloc_pos 164172
alloc_pos 164224
alloc_pos 164336
alloc_pos 164568
alloc_pos 164744
alloc_pos 164972
alloc_pos 165156
alloc_pos 165244
alloc_pos 165444
alloc_pos 165580
alloc_pos 165744
alloc_pos 165924
alloc_pos 166136
alloc_pos 166192
alloc_pos 166328
alloc_pos 166524
alloc_pos 166732
alloc_pos 166868
alloc_pos 167028
alloc_pos 167096
alloc_pos 167192
alloc_pos 167264
alloc_pos 167332
alloc_pos 167488
alloc_pos 167600
alloc_pos 167688
alloc_pos 167804
alloc_pos 167944
alloc_pos 168032
alloc_pos 168208
alloc_pos 168300
alloc_pos 168424
alloc_pos 168672
alloc_pos 168728
alloc_pos 168896
alloc_pos 169044
alloc_pos 169208
alloc_pos 169292
alloc_pos 169460
alloc_pos 169544
alloc_pos 169792
alloc_pos 169864
alloc_pos 170064
alloc_pos 170180
alloc_pos 170236
alloc_pos 170276
alloc_pos 170408
alloc_pos 170596
alloc_pos 170780
alloc_pos 170920
alloc_pos 171040
alloc_pos 171064
alloc_pos 171272
alloc_pos 171404
alloc_pos 171664
alloc_pos 171908
alloc_pos 171940
alloc_pos 172020
alloc_pos 172080
alloc_pos 172228
alloc_pos 172456
alloc_pos 172656
alloc_pos 172892
alloc_pos 173028
alloc_pos 173212
alloc_pos 173300
alloc_pos 173364
alloc_pos 173572
alloc_pos 173700
alloc_pos 173912
alloc_pos 174156
alloc_pos 174244
alloc_pos 174492
alloc_pos 174708
alloc_pos 174936
alloc_pos 175048
alloc_pos 175120
alloc_pos 175324
alloc_pos 175564
alloc_pos 175748
alloc_pos 175864
alloc_pos 176020
alloc_pos 176224
alloc_pos 176416
alloc_pos 176472
alloc_pos 176724
alloc_pos 176928
alloc_pos 177104
alloc_pos 177188
alloc_pos 177396
alloc_pos 177544
alloc_pos 177620
alloc_pos 177864
alloc_pos 178044
alloc_pos 178076
alloc_pos 178248
alloc_pos 178448
alloc_pos 178620
alloc_pos 178652
alloc_pos 178764
alloc_pos 178936
alloc_pos 179144
alloc_pos 179312
alloc_pos 179420
alloc_pos 179488
alloc_pos 179584
alloc_pos 179656
alloc_pos 179720
alloc_pos 179944
alloc_pos 180140
alloc_pos 180304
alloc_pos 180356
alloc_pos 180608
alloc_pos 180688
alloc_pos 180752
alloc_pos 180792
alloc_pos 180924
alloc_pos 181112
alloc_pos 181288
alloc_pos 181452
alloc_pos 181680
alloc_pos 181840
alloc_pos 182040
alloc_pos 182072
alloc_pos 182208
alloc_pos 182440
alloc_pos 182548
alloc_pos 182736
alloc_pos 182780
alloc_pos 182936
alloc_pos 182960
alloc_pos 183016
alloc_pos 183116
alloc_pos 183168
alloc_pos 183296
alloc_pos 183396
alloc_pos 183652
alloc_pos 183744
alloc_pos 183912
alloc_pos 184088
alloc_pos 184288
alloc_pos 184328
alloc_pos 184592
alloc_pos 184736
alloc_pos 184892
alloc_pos 185008
alloc_pos 185248
alloc_pos 185484
alloc_pos 185516
alloc_pos 185540
alloc_pos 185644
alloc_pos 185752
alloc_pos 185812
alloc_pos 185960
alloc_pos 186124
alloc_pos 186284
alloc_pos 186440
alloc_pos 186672
alloc_pos 186816
alloc_pos 186896
alloc_pos 187088
alloc_pos 187164
alloc_pos 187260
alloc_pos 187488
alloc_pos 187520
alloc_pos 187640
alloc_pos 187792
alloc_pos 187996
alloc_pos 188252
alloc_pos 188316
alloc_pos 188528
alloc_pos 188588
alloc_pos 188676
alloc_pos 188808
alloc_pos 189004
alloc_pos 189236
alloc_pos 189476
alloc_pos 189552
alloc_pos 189640
alloc_pos 189772
alloc_pos 189944
alloc_pos 190028
alloc_pos 190140
alloc_pos 190360
alloc_pos 190444
alloc_pos 190616
alloc_pos 190712
alloc_pos 190844
alloc_pos 190920
alloc_pos 191108
alloc_pos 191196
alloc_pos 191292
alloc_pos 191488
alloc_pos 191744
alloc_pos 191940
alloc_pos 192168
alloc_pos 192408
alloc_pos 192656
alloc_pos 192724
alloc_pos 192912
alloc_pos 192992
alloc_pos 193184
alloc_pos 193244
alloc_pos 193488
alloc_pos 193568
alloc_pos 193756
alloc_pos 193964
alloc_pos 194032
alloc_pos 194088
alloc_pos 194128
alloc_pos 194288
alloc_pos 194528
alloc_pos 194604
alloc_pos 194816
alloc_pos 194912
alloc_pos 194940
alloc_pos 195072
alloc_pos 195128
alloc_pos 195364
alloc_pos 195560
alloc_pos 195736
alloc_pos 195760
alloc_pos 195852
alloc_pos 196088
alloc_pos 196148
alloc_pos 196192
alloc_pos 196436
alloc_pos 196660
alloc_pos 196888
alloc_pos 197136
alloc_pos 197364
alloc_pos 197452
alloc_pos 197684
alloc_pos 197820
alloc_pos 198032
alloc_pos 198164
alloc_pos 198428
alloc_pos 198484
alloc_pos 198708
alloc_pos 198956
alloc_pos 199044
alloc_pos 199156
alloc_pos 199396
alloc_pos 199476
alloc_pos 199624
alloc_pos 199876
alloc_pos 200092
alloc_pos 200256
alloc_pos 200424
alloc_pos 200556
alloc_pos 200748
alloc_pos 200864
alloc_pos 201112
alloc_pos 201244
alloc_pos 201428
alloc_pos 201532
alloc_pos 201720
alloc_pos 201772
alloc_pos 201884
alloc_pos 202116
alloc_pos 202292
alloc_pos 202520
alloc_pos 202704
alloc_pos 202792
alloc_pos 202992
alloc_pos 203128
alloc_pos 203292
alloc_pos 203472
alloc_pos 203684
alloc_pos 203740
alloc_pos 203876
alloc_pos 204072
alloc_pos 204280
alloc_pos 204416
alloc_pos 204576
alloc_pos 204644
alloc_pos 204740
alloc_pos 204812
alloc_pos 204880
alloc_pos 205036
alloc_pos 205148
alloc_pos 205236
alloc_pos 205352
alloc_pos 205492
alloc_pos 205580
alloc_pos 205756
alloc_pos 205848
alloc_pos 205972
alloc_pos 206220
alloc_pos 206276
alloc_pos 206444
alloc_pos 206592
alloc_pos 206756
alloc_pos 206840
alloc_pos 207008
alloc_pos 207092
alloc_pos 207340
alloc_pos 207412
alloc_pos 207612
alloc_pos 207728
alloc_pos 207784
alloc_pos 207824
alloc_pos 207956
alloc_pos 208144
alloc_pos 208328
alloc_pos 208468
alloc_pos 208588
alloc_pos 208612
alloc_pos 208820
alloc_pos 208952
alloc_pos 209212
alloc_pos 209456
alloc_pos 209488
alloc_pos 209568
alloc_pos 209628
alloc_pos 209776
alloc_pos 210004
alloc_pos 210204
alloc_pos 210440
alloc_pos 210576
alloc_pos 210760
alloc_pos 210848
alloc_pos 210912
alloc_pos 211120
alloc_pos 211248
alloc_pos 211460
alloc_pos 211704
alloc_pos 211792
alloc_pos 212040
alloc_pos 212256
alloc_pos 212484
alloc_pos 212596
alloc_pos 212668
alloc_pos 212872
alloc_pos 213112
alloc_pos 213296
alloc_pos 213412
alloc_pos 213568
alloc_pos 213772
alloc_pos 213964
alloc_pos 214020
alloc_pos 214272
alloc_pos 214476
alloc_pos 214652
alloc_pos 214736
alloc_pos 214944
alloc_pos 215092
alloc_pos 215168
alloc_pos 215412
alloc_pos 215592
alloc_pos 215624
alloc_pos 215796
alloc_pos 215996
alloc_pos 216168
alloc_pos 216200
alloc_pos 216312
alloc_pos 216484
alloc_pos 216692
alloc_pos 216860
alloc_pos 216968
alloc_pos 217036
alloc_pos 217132
alloc_pos 217204
alloc_pos 217268
alloc_pos 217492
alloc_pos 217688
alloc_pos 217852
alloc_pos 217904
alloc_pos 218156
alloc_pos 218236
alloc_pos 218300
alloc_pos 218340
alloc_pos 218472
alloc_pos 218660
alloc_pos 218836
alloc_pos 219000
alloc_pos 219228
alloc_pos 219388
alloc_pos 219588
alloc_pos 219620
alloc_pos 219756
alloc_pos 219988
alloc_pos 220096
alloc_pos 220284
alloc_pos 220328
alloc_pos 220484
alloc_pos 220508
alloc_pos 220564
alloc_pos 220664
alloc_pos 220716
alloc_pos 220844
alloc_pos 220944
alloc_pos 221200
alloc_pos 221292
alloc_pos 221460
alloc_pos 221636
alloc_pos 221836
alloc_pos 221876
alloc_pos 222140
alloc_pos 222284
alloc_pos 222440
alloc_pos 222556
alloc_pos 222796
alloc_pos 223032
alloc_pos 223064
alloc_pos 223088
alloc_pos 223192
alloc_pos 223300
alloc_pos 223360
alloc_pos 223508
alloc_pos 223672
alloc_pos 223832
alloc_pos 223988
alloc_pos 224220
alloc_pos 224364
alloc_pos 224444
alloc_pos 224636
alloc_pos 224712
alloc_pos 224808
alloc_pos 225036
alloc_pos 225068
alloc_pos 225188
alloc_pos 225340
alloc_pos 225544
alloc_pos 225800
alloc_pos 225864
alloc_pos 226076
alloc_pos 226136
alloc_pos 226224
alloc_pos 226356
alloc_pos 226552
alloc_pos 226784
alloc_pos 227024
alloc_pos 227100
alloc_pos 227188
alloc_pos 227320
alloc_pos 227492
alloc_pos 227576
alloc_pos 227688
alloc_pos 227908
alloc_pos 227992
alloc_pos 228164
alloc_pos 228260
alloc_pos 228392
alloc_pos 228468
alloc_pos 228656
alloc_pos 228744
alloc_pos 228840
alloc_pos 229036
alloc_pos 229292
alloc_pos 229488
alloc_pos 229716
alloc_pos 229956
alloc_pos 230204
alloc_pos 230272
alloc_pos 230460
alloc_pos 230540
alloc_pos 230732
alloc_pos 230792
alloc_pos 231036
alloc_pos 231116
alloc_pos 231304
alloc_pos 231512
alloc_pos 231580
alloc_pos 231636
alloc_pos 231676
alloc_pos 231836
alloc_pos 232076
alloc_pos 232152
alloc_pos 232364
alloc_pos 232460
alloc_pos 232488
alloc_pos 232620
alloc_pos 232676
alloc_pos 232912
alloc_pos 233108
alloc_pos 233284
alloc_pos 233308
alloc_pos 233400
alloc_pos 233636
alloc_pos 233696
alloc_pos 233740
alloc_pos 233984
alloc_pos 234208
alloc_pos 234436
alloc_pos 234684
alloc_pos 234912
alloc_pos 235000
alloc_pos 235232
alloc_pos 235368
alloc_pos 235580
alloc_pos 235712
alloc_pos 235976
alloc_pos 236032
alloc_pos 236256
alloc_pos 236504
alloc_pos 236592
alloc_pos 236704
alloc_pos 236944
alloc_pos 237024
alloc_pos 237172
alloc_pos 237424
alloc_pos 237640
alloc_pos 237804
alloc_pos 237972
alloc_pos 238104
alloc_pos 238296
alloc_pos 238412
alloc_pos 238660
alloc_pos 238792
alloc_pos 238976
alloc_pos 239080
alloc_pos 239268
alloc_pos 239320
alloc_pos 239432
alloc_pos 239664
alloc_pos 239840
alloc_pos 240068
alloc_pos 240252
alloc_pos 240340
alloc_pos 240540
alloc_pos 240676
alloc_pos 240840
alloc_pos 241020
alloc_pos 241232
alloc_pos 241288
alloc_pos 241424
alloc_pos 241620
alloc_pos 241828
alloc_pos 241964
alloc_pos 242124
alloc_pos 242192
alloc_pos 242288
alloc_pos 242360
alloc_pos 242428
alloc_pos 242584
alloc_pos 242696
alloc_pos 242784
alloc_pos 242900
alloc_pos 243040
alloc_pos 243128
alloc_pos 243304
alloc_pos 243396
alloc_pos 243520
alloc_pos 243768
alloc_pos 243824
alloc_pos 243992
alloc_pos 244140
alloc_pos 244304
alloc_pos 244388
alloc_pos 244556
alloc_pos 244640
alloc_pos 244888
alloc_pos 244960
alloc_pos 245160
alloc_pos 245276
alloc_pos 245332
alloc_pos 245372
alloc_pos 245504
alloc_pos 245692
alloc_pos 245876
alloc_pos 246016
alloc_pos 246136
alloc_pos 246160
alloc_pos 246368
alloc_pos 246500
alloc_pos 246760
alloc_pos 247004
alloc_pos 247036
alloc_pos 247116
alloc_pos 247176
alloc_pos 247324
alloc_pos 247552
alloc_pos 247752
alloc_pos 247988
alloc_pos 248124
alloc_pos 248308
alloc_pos 248396
alloc_pos 248460
alloc_pos 248668
alloc_pos 248796
alloc_pos 249008
alloc_pos 249252
alloc_pos 249340
alloc_pos 249588
alloc_pos 249804
alloc_pos 250032
alloc_pos 250144
alloc_pos 250216
alloc_pos 250420
alloc_pos 250660
alloc_pos 250844
alloc_pos 250960
alloc_pos 251116
alloc_pos 251320
alloc_pos 251512
alloc_pos 251568
alloc_pos 251820
alloc_pos 252024
alloc_pos 252200
alloc_pos 252284
alloc_pos 252492
alloc_pos 252640
alloc_pos 252716
alloc_pos 252960
alloc_pos 253140
alloc_pos 253172
alloc_pos 253344
alloc_pos 253544
alloc_pos 253716
alloc_pos 253748
alloc_pos 253860
alloc_pos 254032
alloc_pos 254240
alloc_pos 254408
alloc_pos 254516
alloc_pos 254584
alloc_pos 254680
alloc_pos 254752
alloc_pos 254816
alloc_pos 255040
alloc_pos 255236
alloc_pos 255400
alloc_pos 255452
alloc_pos 255704
alloc_pos 255784
alloc_pos 255848
alloc_pos 255888
alloc_pos 256020
alloc_pos 256208
alloc_pos 256384
alloc_pos 256548
alloc_pos 256776
alloc_pos 256936
alloc_pos 257136
alloc_pos 257168
alloc_pos 257304
alloc_pos 257536
alloc_pos 257644
alloc_pos 257832
alloc_pos 257876
alloc_pos 258032
alloc_pos 258056
alloc_pos 258112
alloc_pos 258212
alloc_pos 258264
alloc_pos 258392
alloc_pos 258492
alloc_pos 258748
alloc_pos 258840
alloc_pos 259008
alloc_pos 259184
alloc_pos 259384
alloc_pos 259424
alloc_pos 259688
alloc_pos 259832
alloc_pos 259988
alloc_pos 260104
alloc_pos 260344
alloc_pos 260580
alloc_pos 260612
alloc_pos 260636
alloc_pos 260740
alloc_pos 260848
alloc_pos 260908
alloc_pos 261056
alloc_pos 261220
alloc_pos 261380
alloc_pos 261536
alloc_pos 261768
alloc_pos 261912
alloc_pos -1

