reason: unexpected exit code -6
--- stdout ---
CHENEY GENERATOR!
--- stderr ---
alloc_pos 8
alloc_pos 1040
alloc_pos 2072
alloc_pos 3104
alloc_pos 4136
alloc_pos 5168
alloc_pos 5432
alloc_pos 5604
alloc_pos 5844
alloc_pos 5916
alloc_pos 6172
alloc_pos 6332
alloc_pos 6592
alloc_pos 6704
alloc_pos 6844
alloc_pos 6880
alloc_pos 7072
alloc_pos 7224
alloc_pos 7300
alloc_pos 7476
alloc_pos 7556
alloc_pos 7812
alloc_pos 7908
alloc_pos 8056
alloc_pos 8256
alloc_pos 8480
alloc_pos 8556
alloc_pos 8664
alloc_pos 8800
alloc_pos 8840
alloc_pos 8928
alloc_pos 9000
alloc_pos 9064
alloc_pos 9108
alloc_pos 9244
alloc_pos 9464
alloc_pos 9624
alloc_pos 9740
alloc_pos 9812
alloc_pos 9956
alloc_pos 10180
alloc_pos 10284
alloc_pos 10368
alloc_pos 10552
alloc_pos 10776
alloc_pos 10900
alloc_pos 11032
alloc_pos 11108
alloc_pos 11148
alloc_pos 11280
alloc_pos 11420
alloc_pos 11520
alloc_pos 11596
alloc_pos 11648
alloc_pos 11836
alloc_pos 12068
alloc_pos 12248
alloc_pos 12444
alloc_pos 12552
alloc_pos 12744
alloc_pos 12984
alloc_pos 13232
alloc_pos 13324
alloc_pos 13448
alloc_pos 13672
alloc_pos 13792
alloc_pos 13872
alloc_pos 14004
alloc_pos 14044
alloc_pos 14168
alloc_pos 14380
alloc_pos 14572
alloc_pos 14700
alloc_pos 14724
alloc_pos 14968
alloc_pos 15108
alloc_pos 15184
alloc_pos 15344
alloc_pos 15392
alloc_pos 15504
alloc_pos 15728
alloc_pos 15756
alloc_pos 15872
alloc_pos 16076
alloc_pos 16192
alloc_pos 16216
alloc_pos 16304
alloc_pos 16472
alloc_pos 16704
alloc_pos 16764
alloc_pos 16796
alloc_pos 16928
alloc_pos 16996
alloc_pos 17088
alloc_pos 17128
alloc_pos 17344
alloc_pos 17404
alloc_pos 17528
alloc_pos 17724
alloc_pos 17932
alloc_pos 18164
alloc_pos 18280
alloc_pos 18532
alloc_pos 18720
alloc_pos 18888
alloc_pos 19032
alloc_pos 19096
alloc_pos 19244
alloc_pos 19484
alloc_pos 19732
alloc_pos 19884
alloc_pos 19984
alloc_pos 20228
alloc_pos 20472
alloc_pos 20540
alloc_pos 20740
alloc_pos 20896
alloc_pos 21092
alloc_pos 21336
alloc_pos 21360
alloc_pos 21404
alloc_pos 21444
alloc_pos 21476
alloc_pos 21644
alloc_pos 21756
alloc_pos 21916
alloc_pos 22180
alloc_pos 22380
alloc_pos 22628
alloc_pos 22764
alloc_pos 23000
alloc_pos 23232
alloc_pos 23284
alloc_pos 23480
alloc_pos 23684
alloc_pos 23864
alloc_pos 24084
alloc_pos 24260
alloc_pos 24488
alloc_pos 24628
alloc_pos 24852
alloc_pos 25036
alloc_pos 25092
alloc_pos 25288
alloc_pos 25356
alloc_pos 25616
alloc_pos 25840
alloc_pos 25912
alloc_pos 26124
alloc_pos 26384
alloc_pos 26636
alloc_pos 26800
alloc_pos 26936
alloc_pos 27184
alloc_pos 27240
alloc_pos 27284
alloc_pos 27344
alloc_pos 27592
alloc_pos 27692
alloc_pos 27800
alloc_pos 27920
alloc_pos 27960
alloc_pos 27996
alloc_pos 28160
alloc_pos 28324
alloc_pos 28524
alloc_pos 28636
alloc_pos 28776
alloc_pos 28812
alloc_pos 28884
alloc_pos 28976
alloc_pos 29172
alloc_pos 29404
alloc_pos 29508
alloc_pos 29552
alloc_pos 29644
alloc_pos 29904
alloc_pos 29964
alloc_pos 30052
alloc_pos 30192
alloc_pos 30268
alloc_pos 30400
alloc_pos 30452
alloc_pos 30608
alloc_pos 30836
alloc_pos 31088
alloc_pos 31192
alloc_pos 31276
alloc_pos 31324
alloc_pos 31416
alloc_pos 31604
alloc_pos 31852
alloc_pos 31920
alloc_pos 31944
alloc_pos 31968
alloc_pos 32152
alloc_pos 32276
alloc_pos 32516
alloc_pos 32696
alloc_pos 32836
alloc_pos 33024
alloc_pos 33192
alloc_pos 33224
alloc_pos 33452
alloc_pos 33560
alloc_pos 33644
alloc_pos 33868
alloc_pos 33960
alloc_pos 34104
alloc_pos 34296
alloc_pos 34368
alloc_pos 34532
alloc_pos 34704
alloc_pos 34864
alloc_pos 34968
alloc_pos 35076
alloc_pos 35104
alloc_pos 35364
alloc_pos 35420
alloc_pos 35516
alloc_pos 35628
alloc_pos 35824
alloc_pos 35940
alloc_pos 36192
alloc_pos 36316
alloc_pos 36440
alloc_pos 36624
alloc_pos 36660
alloc_pos 36872
alloc_pos 36952
alloc_pos 37108
alloc_pos 37148
alloc_pos 37224
alloc_pos 37284
alloc_pos 37476
alloc_pos 37528
alloc_pos 37588
alloc_pos 37696
alloc_pos 37748
alloc_pos 37864
alloc_pos 37892
alloc_pos 38028
alloc_pos 38272
alloc_pos 38464
alloc_pos 38536
alloc_pos 38732
alloc_pos 38924
alloc_pos 39120
alloc_pos 39352
alloc_pos 39468
alloc_pos 39620
alloc_pos 39812
alloc_pos 39996
alloc_pos 40160
alloc_pos 40236
alloc_pos 40292
alloc_pos 40432
alloc_pos 40592
alloc_pos 40756
alloc_pos 40860
alloc_pos 40960
alloc_pos 41156
alloc_pos 41256
alloc_pos 41428
alloc_pos 41668
alloc_pos 41740
alloc_pos 41996
alloc_pos 42156
alloc_pos 42416
alloc_pos 42528
alloc_pos 42668
alloc_pos 42704
alloc_pos 42896
alloc_pos 43048
alloc_pos 43124
alloc_pos 43300
alloc_pos 43380
alloc_pos 43636
alloc_pos 43732
alloc_pos 43880
alloc_pos 44080
alloc_pos 44304
alloc_pos 44380
alloc_pos 44488
alloc_pos 44624
alloc_pos 44664
alloc_pos 44752
alloc_pos 44824
alloc_pos 44888
alloc_pos 44932
alloc_pos 45068
alloc_pos 45288
alloc_pos 45448
alloc_pos 45564
alloc_pos 45636
alloc_pos 45780
alloc_pos 46004
alloc_pos 46108
alloc_pos 46192
alloc_pos 46376
alloc_pos 46600
alloc_pos 46724
alloc_pos 46856
alloc_pos 46932
alloc_pos 46972
alloc_pos 47104
alloc_pos 47244
alloc_pos 47344
alloc_pos 47420
alloc_pos 47472
alloc_pos 47660
alloc_pos 47892
alloc_pos 48072
alloc_pos 48268
alloc_pos 48376
alloc_pos 48568
alloc_pos 48808
alloc_pos 49056
alloc_pos 49148
alloc_pos 49272
alloc_pos 49496
alloc_pos 49616
alloc_pos 49696
alloc_pos 49828
alloc_pos 49868
alloc_pos 49992
alloc_pos 50204
alloc_pos 50396
alloc_pos 50524
alloc_pos 50548
alloc_pos 50792
alloc_pos 50932
alloc_pos 51008
alloc_pos 51168
alloc_pos 51216
alloc_pos 51328
alloc_pos 51552
alloc_pos 51580
alloc_pos 51696
alloc_pos 51900
alloc_pos 52016
alloc_pos 52040
alloc_pos 52128
alloc_pos 52296
alloc_pos 52528
alloc_pos 52588
alloc_pos 52620
alloc_pos 52752
alloc_pos 52820
alloc_pos 52912
alloc_pos 52952
alloc_pos 53168
alloc_pos 53228
alloc_pos 53352
alloc_pos 53548
alloc_pos 53756
alloc_pos 53988
alloc_pos 54104
alloc_pos 54356
alloc_pos 54544
alloc_pos 54712
alloc_pos 54856
alloc_pos 54920
alloc_pos 55068
alloc_pos 55308
alloc_pos 55556
alloc_pos 55708
alloc_pos 55808
alloc_pos 56052
alloc_pos 56296
alloc_pos 56364
alloc_pos 56564
alloc_pos 56720
alloc_pos 56916
alloc_pos 57160
alloc_pos 57184
alloc_pos 57228
alloc_pos 57268
alloc_pos 57300
alloc_pos 57468
alloc_pos 57580
alloc_pos 57740
alloc_pos 58004
alloc_pos 58204
alloc_pos 58452
alloc_pos 58588
alloc_pos 58824
alloc_pos 59056
alloc_pos 59108
alloc_pos 59304
alloc_pos 59508
alloc_pos 59688
alloc_pos 59908
alloc_pos 60084
alloc_pos 60312
alloc_pos 60452
alloc_pos 60676
alloc_pos 60860
alloc_pos 60916
alloc_pos 61112
alloc_pos 61180
alloc_pos 61440
alloc_pos 61664
alloc_pos 61736
alloc_pos 61948
alloc_pos 62208
alloc_pos 62460
alloc_pos 62624
alloc_pos 62760
alloc_pos 63008
alloc_pos 63064
alloc_pos 63108
alloc_pos 63168
alloc_pos 63416
alloc_pos 63516
alloc_pos 63624
alloc_pos 63744
alloc_pos 63784
alloc_pos 63820
alloc_pos 63984
alloc_pos 64148
alloc_pos 64348
alloc_pos 64460
alloc_pos 64600
alloc_pos 64636
alloc_pos 64708
alloc_pos 64800
alloc_pos 64996
alloc_pos 65228
alloc_pos 65332
alloc_pos 65376
alloc_pos 65468
alloc_pos 65728
alloc_pos 65788
alloc_pos 65876
alloc_pos 66016
alloc_pos 66092
alloc_pos 66224
alloc_pos 66276
alloc_pos 66432
alloc_pos 66660
alloc_pos 66912
alloc_pos 67016
alloc_pos 67100
alloc_pos 67148
alloc_pos 67240
alloc_pos 67428
alloc_pos 67676
alloc_pos 67744
alloc_pos 67768
alloc_pos 67792
alloc_pos 67976
alloc_pos 68100
alloc_pos 68340
alloc_pos 68520
alloc_pos 68660
alloc_pos 68848
alloc_pos 69016
alloc_pos 69048
alloc_pos 69276
alloc_pos 69384
alloc_pos 69468
alloc_pos 69692
alloc_pos 69784
alloc_pos 69928
alloc_pos 70120
alloc_pos 70192
alloc_pos 70356
alloc_pos 70528
alloc_pos 70688
alloc_pos 70792
alloc_pos 70900
alloc_pos 70928
alloc_pos 71188
alloc_pos 71244
alloc_pos 71340
alloc_pos 71452
alloc_pos 71648
alloc_pos 71764
alloc_pos 72016
alloc_pos 72140
alloc_pos 72264
alloc_pos 72448
alloc_pos 72484
alloc_pos 72696
alloc_pos 72776
alloc_pos 72932
alloc_pos 72972
alloc_pos 73048
alloc_pos 73108
alloc_pos 73300
alloc_pos 73352
alloc_pos 73412
alloc_pos 73520
alloc_pos 73572
alloc_pos 73688
alloc_pos 73716
alloc_pos 73852
alloc_pos 74096
alloc_pos 74288
alloc_pos 74360
alloc_pos 74556
alloc_pos 74748
alloc_pos 74944
alloc_pos 75176
alloc_pos 75292
alloc_pos 75444
alloc_pos 75636
alloc_pos 75820
alloc_pos 75984
alloc_pos 76060
alloc_pos 76116
alloc_pos 76256
alloc_pos 76416
alloc_pos 76580
alloc_pos 76684
alloc_pos 76784
alloc_pos 76980
alloc_pos 77080
alloc_pos 77252
alloc_pos 77492
alloc_pos 77564
alloc_pos 77820
alloc_pos 77980
alloc_pos 78240
alloc_pos 78352
alloc_pos 78492
alloc_pos 78528
alloc_pos 78720
alloc_pos 78872
alloc_pos 78948
alloc_pos 79124
alloc_pos 79204
alloc_pos 79460
alloc_pos 79556
alloc_pos 79704
alloc_pos 79904
alloc_pos 80128
alloc_pos 80204
alloc_pos 80312
alloc_pos 80448
alloc_pos 80488
alloc_pos 80576
alloc_pos 80648
alloc_pos 80712
alloc_pos 80756
alloc_pos 80892
alloc_pos 81112
alloc_pos 81272
alloc_pos 81388
alloc_pos 81460
alloc_pos 81604
alloc_pos 81828
alloc_pos 81932
alloc_pos 82016
alloc_pos 82200
alloc_pos 82424
alloc_pos 82548
alloc_pos 82680
alloc_pos 82756
alloc_pos 82796
alloc_pos 82928
alloc_pos 83068
alloc_pos 83168
alloc_pos 83244
alloc_pos 83296
alloc_pos 83484
alloc_pos 83716
alloc_pos 83896
alloc_pos 84092
alloc_pos 84200
alloc_pos 84392
alloc_pos 84632
alloc_pos 84880
alloc_pos 84972
alloc_pos 85096
alloc_pos 85320
alloc_pos 85440
alloc_pos 85520
alloc_pos 85652
alloc_pos 85692
alloc_pos 85816
alloc_pos 86028
alloc_pos 86220
alloc_pos 86348
alloc_pos 86372
alloc_pos 86616
alloc_pos 86756
alloc_pos 86832
alloc_pos 86992
alloc_pos 87040
alloc_pos 87152
alloc_pos 87376
alloc_pos 87404
alloc_pos 87520
alloc_pos 87724
alloc_pos 87840
alloc_pos 87864
alloc_pos 87952
alloc_pos 88120
alloc_pos 88352
alloc_pos 88412
alloc_pos 88444
alloc_pos 88576
alloc_pos 88644
alloc_pos 88736
alloc_pos 88776
alloc_pos 88992
alloc_pos 89052
alloc_pos 89176
alloc_pos 89372
alloc_pos 89580
alloc_pos 89812
alloc_pos 89928
alloc_pos 90180
alloc_pos 90368
alloc_pos 90536
alloc_pos 90680
alloc_pos 90744
alloc_pos 90892
alloc_pos 91132
alloc_pos 91380
alloc_pos 91532
alloc_pos 91632
alloc_pos 91876
alloc_pos 92120
alloc_pos 92188
alloc_pos 92388
alloc_pos 92544
alloc_pos 92740
alloc_pos 92984
alloc_pos 93008
alloc_pos 93052
alloc_pos 93092
alloc_pos 93124
alloc_pos 93292
alloc_pos 93404
alloc_pos 93564
alloc_pos 93828
alloc_pos 94028
alloc_pos 94276
alloc_pos 94412
alloc_pos 94648
alloc_pos 94880
alloc_pos 94932
alloc_pos 95128
alloc_pos 95332
alloc_pos 95512
alloc_pos 95732
alloc_pos 95908
alloc_pos 96136
alloc_pos 96276
alloc_pos 96500
alloc_pos 96684
alloc_pos 96740
alloc_pos 96936
alloc_pos 97004
alloc_pos 97264
alloc_pos 97488
alloc_pos 97560
alloc_pos 97772
alloc_pos 98032
alloc_pos 98284
alloc_pos 98448
alloc_pos 98584
alloc_pos 98832
alloc_pos 98888
alloc_pos 98932
alloc_pos 98992
alloc_pos 99240
alloc_pos 99340
alloc_pos 99448
alloc_pos 99568
alloc_pos 99608
alloc_pos 99644
alloc_pos 99808
alloc_pos 99972
alloc_pos 100172
alloc_pos 100284
alloc_pos 100424
alloc_pos 100460
alloc_pos 100532
alloc_pos 100624
alloc_pos 100820
alloc_pos 101052
alloc_pos 101156
alloc_pos 101200
alloc_pos 101292
alloc_pos 101552
alloc_pos 101612
alloc_pos 101700
alloc_pos 101840
alloc_pos 101916
alloc_pos 102048
alloc_pos 102100
alloc_pos 102256
alloc_pos 102484
alloc_pos 102736
alloc_pos 102840
alloc_pos 102924
alloc_pos 102972
alloc_pos 103064
alloc_pos 103252
alloc_pos 103500
alloc_pos 103568
alloc_pos 103592
alloc_pos 103616
alloc_pos 103800
alloc_pos 103924
alloc_pos 104164
alloc_pos 104344
alloc_pos 104484
alloc_pos 104672
alloc_pos 104840
alloc_pos 104872
alloc_pos 105100
alloc_pos 105208
alloc_pos 105292
alloc_pos 105516
alloc_pos 105608
alloc_pos 105752
alloc_pos 105944
alloc_pos 106016
alloc_pos 106180
alloc_pos 106352
alloc_pos 106512
alloc_pos 106616
alloc_pos 106724
alloc_pos 106752
alloc_pos 107012
alloc_pos 107068
alloc_pos 107164
alloc_pos 107276
alloc_pos 107472
alloc_pos 107588
alloc_pos 107840
alloc_pos 107964
alloc_pos 108088
alloc_pos 108272
alloc_pos 108308
alloc_pos 108520
alloc_pos 108600
alloc_pos 108756
alloc_pos 108796
alloc_pos 108872
alloc_pos 108932
alloc_pos 109124
alloc_pos 109176
alloc_pos 109236
alloc_pos 109344
alloc_pos 109396
alloc_pos 109512
alloc_pos 109540
alloc_pos 109676
alloc_pos 109920
alloc_pos 110112
alloc_pos 110184
alloc_pos 110380
alloc_pos 110572
alloc_pos 110768
alloc_pos 111000
alloc_pos 111116
alloc_pos 111268
alloc_pos 111460
alloc_pos 111644
alloc_pos 111808
alloc_pos 111884
alloc_pos 111940
alloc_pos 112080
alloc_pos 112240
alloc_pos 112404
alloc_pos 112508
alloc_pos 112608
alloc_pos 112804
alloc_pos 112904
alloc_pos 113076
alloc_pos 113316
alloc_pos 113388
alloc_pos 113644
alloc_pos 113804
alloc_pos 114064
alloc_pos 114176
alloc_pos 114316
alloc_pos 114352
alloc_pos 114544
alloc_pos 114696
alloc_pos 114772
alloc_pos 114948
alloc_pos 115028
alloc_pos 115284
alloc_pos 115380
alloc_pos 115528
alloc_pos 115728
alloc_pos 115952
alloc_pos 116028
alloc_pos 116136
alloc_pos 116272
alloc_pos 116312
alloc_pos 116400
alloc_pos 116472
alloc_pos 116536
alloc_pos 116580
alloc_pos 116716
alloc_pos 116936
alloc_pos 117096
alloc_pos 117212
alloc_pos 117284
alloc_pos 117428
alloc_pos 117652
alloc_pos 117756
alloc_pos 117840
alloc_pos 118024
alloc_pos 118248
alloc_pos 118372
alloc_pos 118504
alloc_pos 118580
alloc_pos 118620
alloc_pos 118752
alloc_pos 118892
alloc_pos 118992
alloc_pos 119068
alloc_pos 119120
alloc_pos 119308
alloc_pos 119540
alloc_pos 119720
alloc_pos 119916
alloc_pos 120024
alloc_pos 120216
alloc_pos 120456
alloc_pos 120704
alloc_pos 120796
alloc_pos 120920
alloc_pos 121144
alloc_pos 121264
alloc_pos 121344
alloc_pos 121476
alloc_pos 121516
alloc_pos 121640
alloc_pos 121852
alloc_pos 122044
alloc_pos 122172
alloc_pos 122196
alloc_pos 122440
alloc_pos 122580
alloc_pos 122656
alloc_pos 122816
alloc_pos 122864
alloc_pos 122976
alloc_pos 123200
alloc_pos 123228
alloc_pos 123344
alloc_pos 123548
alloc_pos 123664
alloc_pos 123688
alloc_pos 123776
alloc_pos 123944
alloc_pos 124176
alloc_pos 124236
alloc_pos 124268
alloc_pos 124400
alloc_pos 124468
alloc_pos 124560
alloc_pos 124600
alloc_pos 124816
alloc_pos 124876
alloc_pos 125000
alloc_pos 125196
alloc_pos 125404
alloc_pos 125636
alloc_pos 125752
alloc_pos 126004
alloc_pos 126192
alloc_pos 126360
alloc_pos 126504
alloc_pos 126568
alloc_pos 126716
alloc_pos 126956
alloc_pos 127204
alloc_pos 127356
alloc_pos 127456
alloc_pos 127700
alloc_pos 127944
alloc_pos 128012
alloc_pos 128212
alloc_pos 128368
alloc_pos 128564
alloc_pos 128808
alloc_pos 128832
alloc_pos 128876
alloc_pos 128916
alloc_pos 128948
alloc_pos 129116
alloc_pos 129228
alloc_pos 129388
alloc_pos 129652
alloc_pos 129852
alloc_pos 130100
alloc_pos 130236
alloc_pos 130472
alloc_pos 130704
alloc_pos 130756
alloc_pos 130952
alloc_pos 131156
alloc_pos 131336
alloc_pos 131556
alloc_pos 131732
alloc_pos 131960
alloc_pos 132100
alloc_pos 132324
alloc_pos 132508
alloc_pos 132564
alloc_pos 132760
alloc_pos 132828
alloc_pos 133088
alloc_pos 133312
alloc_pos 133384
alloc_pos 133596
alloc_pos 133856
alloc_pos 134108
alloc_pos 134272
alloc_pos 134408
alloc_pos 134656
alloc_pos 134712
alloc_pos 134756
alloc_pos 134816
alloc_pos 135064
alloc_pos 135164
alloc_pos 135272
alloc_pos 135392
alloc_pos 135432
alloc_pos 135468
alloc_pos 135632
alloc_pos 135796
alloc_pos 135996
alloc_pos 136108
alloc_pos 136248
alloc_pos 136284
alloc_pos 136356
alloc_pos 136448
alloc_pos 136644
alloc_pos 136876
alloc_pos 136980
alloc_pos 137024
alloc_pos 137116
alloc_pos 137376
alloc_pos 137436
alloc_pos 137524
alloc_pos 137664
alloc_pos 137740
alloc_pos 137872
alloc_pos 137924
alloc_pos 138080
alloc_pos 138308
alloc_pos 138560
alloc_pos 138664
alloc_pos 138748
alloc_pos 138796
alloc_pos 138888
alloc_pos 139076
alloc_pos 139324
alloc_pos 139392
alloc_pos 139416
alloc_pos 139440
alloc_pos 139624
alloc_pos 139748
alloc_pos 139988
alloc_pos 140168
alloc_pos 140308
alloc_pos 140496
alloc_pos 140664
alloc_pos 140696
alloc_pos 140924
alloc_pos 141032
alloc_pos 141116
alloc_pos 141340
alloc_pos 141432
alloc_pos 141576
alloc_pos 141768
alloc_pos 141840
alloc_pos 142004
alloc_pos 142176
alloc_pos 142336
alloc_pos 142440
alloc_pos 142548
alloc_pos 142576
alloc_pos 142836
alloc_pos 142892
alloc_pos 142988
alloc_pos 143100
alloc_pos 143296
alloc_pos 143412
alloc_pos 143664
alloc_pos 143788
alloc_pos 143912
alloc_pos 144096
alloc_pos 144132
alloc_pos 144344
alloc_pos 144424
alloc_pos 144580
alloc_pos 144620
alloc_pos 144696
alloc_pos 144756
alloc_pos 144948
alloc_pos 145000
alloc_pos 145060
alloc_pos 145168
alloc_pos 145220
alloc_pos 145336
alloc_pos 145364
alloc_pos 145500
alloc_pos 145744
alloc_pos 145936
alloc_pos 146008
alloc_pos 146204
alloc_pos 146396
alloc_pos 146592
alloc_pos 146824
alloc_pos 146940
alloc_pos 147092
alloc_pos 147284
alloc_pos 147468
alloc_pos 147632
alloc_pos 147708
alloc_pos 147764
alloc_pos 147904
alloc_pos 148064
alloc_pos 148228
alloc_pos 148332
alloc_pos 148432
alloc_pos 148628
alloc_pos 148728
alloc_pos 148900
alloc_pos 149140
alloc_pos 149212
alloc_pos 149468
alloc_pos 149628
alloc_pos 149888
alloc_pos 150000
alloc_pos 150140
alloc_pos 150176
alloc_pos 150368
alloc_pos 150520
alloc_pos 150596
alloc_pos 150772
alloc_pos 150852
alloc_pos 151108
alloc_pos 151204
alloc_pos 151352
alloc_pos 151552
alloc_pos 151776
alloc_pos 151852
alloc_pos 151960
alloc_pos 152096
alloc_pos 152136
alloc_pos 152224
alloc_pos 152296
alloc_pos 152360
alloc_pos 152404
alloc_pos 152540
alloc_pos 152760
alloc_pos 152920
alloc_pos 153036
alloc_pos 153108
alloc_pos 153252
alloc_pos 153476
alloc_pos 153580
alloc_pos 153664
alloc_pos 153848
alloc_pos 154072
alloc_pos 154196
alloc_pos 154328
alloc_pos 154404
alloc_pos 154444
alloc_pos 154576
alloc_pos 154716
alloc_pos 154816
alloc_pos 154892
alloc_pos 154944
alloc_pos 155132
alloc_pos 155364
alloc_pos 155544
alloc_pos 155740
alloc_pos 155848
alloc_pos 156040
alloc_pos 156280
alloc_pos 156528
alloc_pos 156620
alloc_pos 156744
alloc_pos 156968
alloc_pos 157088
alloc_pos 157168
alloc_pos 157300
alloc_pos 157340
alloc_pos 157464
alloc_pos 157676
alloc_pos 157868
alloc_pos 157996
alloc_pos 158020
alloc_pos 158264
alloc_pos 158404
alloc_pos 158480
alloc_pos 158640
alloc_pos 158688
alloc_pos 158800
alloc_pos 159024
alloc_pos 159052
alloc_pos 159168
alloc_pos 159372
alloc_pos 159488
alloc_pos 159512
alloc_pos 159600
alloc_pos 159768
alloc_pos 160000
alloc_pos 160060
alloc_pos 160092
alloc_pos 160224
alloc_pos 160292
alloc_pos 160384
alloc_pos 160424
alloc_pos 160640
alloc_pos 160700
alloc_pos 160824
alloc_pos 161020
alloc_pos 161228
alloc_pos 161460
alloc_pos 161576
alloc_pos 161828
alloc_pos 162016
alloc_pos 162184
alloc_pos 162328
alloc_pos 162392
alloc_pos 162540
alloc_pos 162780
alloc_pos 163028
alloc_pos 163180
alloc_pos 163280
alloc_pos 163524
alloc_pos 163768
alloc_pos 163836
alloc_pos 164036
alloc_pos 164192
alloc_pos 164388
alloc_pos 164632
alloc_pos 164656
alloc_pos 164700
alloc_pos 164740
alloc_pos 164772
alloc_pos 164940
alloc_pos 165052
alloc_pos 165212
alloc_pos 165476
alloc_pos 165676
alloc_pos 165924
alloc_pos 166060
alloc_pos 166296
alloc_pos 166528
alloc_pos 166580
alloc_pos 166776
alloc_pos 166980
alloc_pos 167160
alloc_pos 167380
alloc_pos 167556
alloc_pos 167784
alloc_pos 167924
alloc_pos 168148
alloc_pos 168332
alloc_pos 168388
alloc_pos 168584
alloc_pos 168652
alloc_pos 168912
alloc_pos 169136
alloc_pos 169208
alloc_pos 169420
alloc_pos 169680
alloc_pos 169932
alloc_pos 170096
alloc_pos 170232
alloc_pos 170480
alloc_pos 170536
alloc_pos 170580
alloc_pos 170640
alloc_pos 170888
alloc_pos 170988
alloc_pos 171096
alloc_pos 171216
alloc_pos 171256
alloc_pos 171292
alloc_pos 171456
alloc_pos 171620
alloc_pos 171820
alloc_pos 171932
alloc_pos 172072
alloc_pos 172108
alloc_pos 172180
alloc_pos 172272
alloc_pos 172468
alloc_pos 172700
alloc_pos 172804
alloc_pos 172848
alloc_pos 172940
alloc_pos 173200
alloc_pos 173260
alloc_pos 173348
alloc_pos 173488
alloc_pos 173564
alloc_pos 173696
alloc_pos 173748
alloc_pos 173904
alloc_pos 174132
alloc_pos 174384
alloc_pos 174488
alloc_pos 174572
alloc_pos 174620
alloc_pos 174712
alloc_pos 174900
alloc_pos 175148
alloc_pos 175216
alloc_pos 175240
alloc_pos 175264
alloc_pos 175448
alloc_pos 175572
alloc_pos 175812
alloc_pos 175992
alloc_pos 176132
alloc_pos 176320
alloc_pos 176488
alloc_pos 176520
alloc_pos 176748
alloc_pos 176856
alloc_pos 176940
alloc_pos 177164
alloc_pos 177256
alloc_pos 177400
alloc_pos 177592
alloc_pos 177664
alloc_pos 177828
alloc_pos 178000
alloc_pos 178160
alloc_pos 178264
alloc_pos 178372
alloc_pos 178400
alloc_pos 178660
alloc_pos 178716
alloc_pos 178812
alloc_pos 178924
alloc_pos 179120
alloc_pos 179236
alloc_pos 179488
alloc_pos 179612
alloc_pos 179736
alloc_pos 179920
alloc_pos 179956
alloc_pos 180168
alloc_pos 180248
alloc_pos 180404
alloc_pos 180444
alloc_pos 180520
alloc_pos 180580
alloc_pos 180772
alloc_pos 180824
alloc_pos 180884
alloc_pos 180992
alloc_pos 181044
alloc_pos 181160
alloc_pos 181188
alloc_pos 181324
alloc_pos 181568
alloc_pos 181760
alloc_pos 181832
alloc_pos 182028
alloc_pos 182220
alloc_pos 182416
alloc_pos 182648
alloc_pos 182764
alloc_pos 182916
alloc_pos 183108
alloc_pos 183292
alloc_pos 183456
alloc_pos 183532
alloc_pos 183588
alloc_pos 183728
alloc_pos 183888
alloc_pos 184052
alloc_pos 184156
alloc_pos 184256
alloc_pos 184452
alloc_pos 184552
alloc_pos 184724
alloc_pos 184964
alloc_pos 185036
alloc_pos 185292
alloc_pos 185452
alloc_pos 185712
alloc_pos 185824
alloc_pos 185964
alloc_pos 186000
alloc_pos 186192
alloc_pos 186344
alloc_pos 186420
alloc_pos 186596
alloc_pos 186676
alloc_pos 186932
alloc_pos 187028
alloc_pos 187176
alloc_pos 187376
alloc_pos 187600
alloc_pos 187676
alloc_pos 187784
alloc_pos 187920
alloc_pos 187960
alloc_pos 188048
alloc_pos 188120
alloc_pos 188184
alloc_pos 188228
alloc_pos 188364
alloc_pos 188584
alloc_pos 188744
alloc_pos 188860
alloc_pos 188932
alloc_pos 189076
alloc_pos 189300
alloc_pos 189404
alloc_pos 189488
alloc_pos 189672
alloc_pos 189896
alloc_pos 190020
alloc_pos 190152
alloc_pos 190228
alloc_pos 190268
alloc_pos 190400
alloc_pos 190540
alloc_pos 190640
alloc_pos 190716
alloc_pos 190768
alloc_pos 190956
alloc_pos 191188
alloc_pos 191368
alloc_pos 191564
alloc_pos 191672
alloc_pos 191864
alloc_pos 192104
alloc_pos 192352
alloc_pos 192444
alloc_pos 192568
alloc_pos 192792
alloc_pos 192912
alloc_pos 192992
alloc_pos 193124
alloc_pos 193164
alloc_pos 193288
alloc_pos 193500
alloc_pos 193692
alloc_pos 193820
alloc_pos 193844
alloc_pos 194088
alloc_pos 194228
alloc_pos 194304
alloc_pos 194464
alloc_pos 194512
alloc_pos 194624
alloc_pos 194848
alloc_pos 194876
alloc_pos 194992
alloc_pos 195196
alloc_pos 195312
alloc_pos 195336
alloc_pos 195424
alloc_pos 195592
alloc_pos 195824
alloc_pos 195884
alloc_pos 195916
alloc_pos 196048
alloc_pos 196116
alloc_pos 196208
alloc_pos 196248
alloc_pos 196464
alloc_pos 196524
alloc_pos 196648
alloc_pos 196844
alloc_pos 197052
alloc_pos 197284
alloc_pos 197400
alloc_pos 197652
alloc_pos 197840
alloc_pos 198008
alloc_pos 198152
alloc_pos 198216
alloc_pos 198364
alloc_pos 198604
alloc_pos 198852
alloc_pos 199004
alloc_pos 199104
alloc_pos 199348
alloc_pos 199592
alloc_pos 199660
alloc_pos 199860
alloc_pos 200016
alloc_pos 200212
alloc_pos 200456
alloc_pos 200480
alloc_pos 200524
alloc_pos 200564
alloc_pos 200596
alloc_pos 200764
alloc_pos 200876
alloc_pos 201036
alloc_pos 201300
alloc_pos 201500
alloc_pos 201748
alloc_pos 201884
alloc_pos 202120
alloc_pos 202352
alloc_pos 202404
alloc_pos 202600
alloc_pos 202804
alloc_pos 202984
alloc_pos 203204
alloc_pos 203380
alloc_pos 203608
alloc_pos 203748
alloc_pos 203972
alloc_pos 204156
alloc_pos 204212
alloc_pos 204408
alloc_pos 204476
alloc_pos 204736
alloc_pos 204960
alloc_pos 205032
alloc_pos 205244
alloc_pos 205504
alloc_pos 205756
alloc_pos 205920
alloc_pos 206056
alloc_pos 206304
alloc_pos 206360
alloc_pos 206404
alloc_pos 206464
alloc_pos 206712
alloc_pos 206812
alloc_pos 206920
alloc_pos 207040
alloc_pos 207080
alloc_pos 207116
alloc_pos 207280
alloc_pos 207444
alloc_pos 207644
alloc_pos 207756
alloc_pos 207896
alloc_pos 207932
alloc_pos 208004
alloc_pos 208096
alloc_pos 208292
alloc_pos 208524
alloc_pos 208628
alloc_pos 208672
alloc_pos 208764
alloc_pos 209024
alloc_pos 209084
alloc_pos 209172
alloc_pos 209312
alloc_pos 209388
alloc_pos 209520
alloc_pos 209572
alloc_pos 209728
alloc_pos 209956
alloc_pos 210208
alloc_pos 210312
alloc_pos 210396
alloc_pos 210444
alloc_pos 210536
alloc_pos 210724
alloc_pos 210972
alloc_pos 211040
alloc_pos 211064
alloc_pos 211088
alloc_pos 211272
alloc_pos 211396
alloc_pos 211636
alloc_pos 211816
alloc_pos 211956
alloc_pos 212144
alloc_pos 212312
alloc_pos 212344
alloc_pos 212572
alloc_pos 212680
alloc_pos 212764
alloc_pos 212988
alloc_pos 213080
alloc_pos 213224
alloc_pos 213416
alloc_pos 213488
alloc_pos 213652
alloc_pos 213824
alloc_pos 213984
alloc_pos 214088
alloc_pos 214196
alloc_pos 214224
alloc_pos 214484
alloc_pos 214540
alloc_pos 214636
alloc_pos 214748
alloc_pos 214944
alloc_pos 215060
alloc_pos 215312
alloc_pos 215436
alloc_pos 215560
alloc_pos 215744
alloc_pos 215780
alloc_pos 215992
alloc_pos 216072
alloc_pos 216228
alloc_pos 216268
alloc_pos 216344
alloc_pos 216404
alloc_pos 216596
alloc_pos 216648
alloc_pos 216708
alloc_pos 216816
alloc_pos 216868
alloc_pos 216984
alloc_pos 217012
alloc_pos 217148
alloc_pos 217392
alloc_pos 217584
alloc_pos 217656
alloc_pos 217852
alloc_pos 218044
alloc_pos 218240
alloc_pos 218472
alloc_pos 218588
alloc_pos 218740
alloc_pos 218932
alloc_pos 219116
alloc_pos 219280
alloc_pos 219356
alloc_pos 219412
alloc_pos 219552
alloc_pos 219712
alloc_pos 219876
alloc_pos 219980
alloc_pos 220080
alloc_pos 220276
alloc_pos 220376
alloc_pos 220548
alloc_pos 220788
alloc_pos 220860
alloc_pos 221116
alloc_pos 221276
alloc_pos 221536
alloc_pos 221648
alloc_pos 221788
alloc_pos 221824
alloc_pos 222016
alloc_pos 222168
alloc_pos 222244
alloc_pos 222420
alloc_pos 222500
alloc_pos 222756
alloc_pos 222852
alloc_pos 223000
alloc_pos 223200
alloc_pos 223424
alloc_pos 223500
alloc_pos 223608
alloc_pos 223744
alloc_pos 223784
alloc_pos 223872
alloc_pos 223944
alloc_pos 224008
alloc_pos 224052
alloc_pos 224188
alloc_pos 224408
alloc_pos 224568
alloc_pos 224684
alloc_pos 224756
alloc_pos 224900
alloc_pos 225124
alloc_pos 225228
alloc_pos 225312
alloc_pos 225496
alloc_pos 225720
alloc_pos 225844
alloc_pos 225976
alloc_pos 226052
alloc_pos 226092
alloc_pos 226224
alloc_pos 226364
alloc_pos 226464
alloc_pos 226540
alloc_pos 226592
alloc_pos 226780
alloc_pos 227012
alloc_pos 227192
alloc_pos 227388
alloc_pos 227496
alloc_pos 227688
alloc_pos 227928
alloc_pos 228176
alloc_pos 228268
alloc_pos 228392
alloc_pos 228616
alloc_pos 228736
alloc_pos 228816
alloc_pos 228948
alloc_pos 228988
alloc_pos 229112
alloc_pos 229324
alloc_pos 229516
alloc_pos 229644
alloc_pos 229668
alloc_pos 229912
alloc_pos 230052
alloc_pos 230128
alloc_pos 230288
alloc_pos 230336
alloc_pos 230448
alloc_pos 230672
alloc_pos 230700
alloc_pos 230816
alloc_pos 231020
alloc_pos 231136
alloc_pos 231160
alloc_pos 231248
alloc_pos 231416
alloc_pos 231648
alloc_pos 231708
alloc_pos 231740
alloc_pos 231872
alloc_pos 231940
alloc_pos 232032
alloc_pos 232072
alloc_pos 232288
alloc_pos 232348
alloc_pos 232472
alloc_pos 232668
alloc_pos 232876
alloc_pos 233108
alloc_pos 233224
alloc_pos 233476
alloc_pos 233664
alloc_pos 233832
alloc_pos 233976
alloc_pos 234040
alloc_pos 234188
alloc_pos 234428
alloc_pos 234676
alloc_pos 234828
alloc_pos 234928
alloc_pos 235172
alloc_pos 235416
alloc_pos 235484
alloc_pos 235684
alloc_pos 235840
alloc_pos 236036
alloc_pos 236280
alloc_pos 236304
alloc_pos 236348
alloc_pos 236388
alloc_pos 236420
alloc_pos 236588
alloc_pos 236700
alloc_pos 236860
alloc_pos 237124
alloc_pos 237324
alloc_pos 237572
alloc_pos 237708
alloc_pos 237944
alloc_pos 238176
alloc_pos 238228
alloc_pos 238424
alloc_pos 238628
alloc_pos 238808
alloc_pos 239028
alloc_pos 239204
alloc_pos 239432
alloc_pos 239572
alloc_pos 239796
alloc_pos 239980
alloc_pos 240036
alloc_pos 240232
alloc_pos 240300
alloc_pos 240560
alloc_pos 240784
alloc_pos 240856
alloc_pos 241068
alloc_pos 241328
alloc_pos 241580
alloc_pos 241744
alloc_pos 241880
alloc_pos 242128
alloc_pos 242184
alloc_pos 242228
alloc_pos 242288
alloc_pos 242536
alloc_pos 242636
alloc_pos 242744
alloc_pos 242864
alloc_pos 242904
alloc_pos 242940
alloc_pos 243104
alloc_pos 243268
alloc_pos 243468
alloc_pos 243580
alloc_pos 243720
alloc_pos 243756
alloc_pos 243828
alloc_pos 243920
alloc_pos 244116
alloc_pos 244348
alloc_pos 244452
alloc_pos 244496
alloc_pos 244588
alloc_pos 244848
alloc_pos 244908
alloc_pos 244996
alloc_pos 245136
alloc_pos 245212
alloc_pos 245344
alloc_pos 245396
alloc_pos 245552
alloc_pos 245780
alloc_pos 246032
alloc_pos 246136
alloc_pos 246220
alloc_pos 246268
alloc_pos 246360
alloc_pos 246548
alloc_pos 246796
alloc_pos 246864
alloc_pos 246888
alloc_pos 246912
alloc_pos 247096
alloc_pos 247220
alloc_pos 247460
alloc_pos 247640
alloc_pos 247780
alloc_pos 247968
alloc_pos 248136
alloc_pos 248168
alloc_pos 248396
alloc_pos 248504
alloc_pos 248588
alloc_pos 248812
alloc_pos 248904
alloc_pos 249048
alloc_pos 249240
alloc_pos 249312
alloc_pos 249476
alloc_pos 249648
alloc_pos 249808
alloc_pos 249912
alloc_pos 250020
alloc_pos 250048
alloc_pos 250308
alloc_pos 250364
alloc_pos 250460
alloc_pos 250572
alloc_pos 250768
alloc_pos 250884
alloc_pos 251136
alloc_pos 251260
alloc_pos 251384
alloc_pos 251568
alloc_pos 251604
alloc_pos 251816
alloc_pos 251896
alloc_pos 252052
alloc_pos 252092
alloc_pos 252168
alloc_pos 252228
alloc_pos 252420
alloc_pos 252472
alloc_pos 252532
alloc_pos 252640
alloc_pos 252692
alloc_pos 252808
alloc_pos 252836
alloc_pos 252972
alloc_pos 253216
alloc_pos 253408
alloc_pos 253480
alloc_pos 253676
alloc_pos 253868
alloc_pos 254064
alloc_pos 254296
alloc_pos 254412
alloc_pos 254564
alloc_pos 254756
alloc_pos 254940
alloc_pos 255104
alloc_pos 255180
alloc_pos 255236
alloc_pos 255376
alloc_pos 255536
alloc_pos 255700
alloc_pos 255804
alloc_pos 255904
alloc_pos 256100
alloc_pos 256200
alloc_pos 256372
alloc_pos 256612
alloc_pos 256684
alloc_pos 256940
alloc_pos 257100
alloc_pos 257360
alloc_pos 257472
alloc_pos 257612
alloc_pos 257648
alloc_pos 257840
alloc_pos 257992
alloc_pos 258068
alloc_pos 258244
alloc_pos 258324
alloc_pos 258580
alloc_pos 258676
alloc_pos 258824
alloc_pos 259024
alloc_pos 259248
alloc_pos 259324
alloc_pos 259432
alloc_pos 259568
alloc_pos 259608
alloc_pos 259696
alloc_pos 259768
alloc_pos 259832
alloc_pos 259876
alloc_pos 260012
alloc_pos 260232
alloc_pos 260392
alloc_pos 260508
alloc_pos 260580
alloc_pos 260724
alloc_pos 260948
alloc_pos 261052
alloc_pos 261136
alloc_pos 261320
alloc_pos 261544
alloc_pos 261668
alloc_pos 261800
alloc_pos 261876
alloc_pos 261916
alloc_pos -1

