reason: unexpected exit code -6
--- stdout ---
CHENEY GENERATOR!
--- stderr ---
alloc_pos 8
alloc_pos 1040
alloc_pos 2072
alloc_pos 3104
alloc_pos 4136
alloc_pos 5168
alloc_pos 5432
alloc_pos 5616
alloc_pos 5668
alloc_pos 5696
alloc_pos 5908
alloc_pos 6000
alloc_pos 6084
alloc_pos 6164
alloc_pos 6220
alloc_pos 6432
alloc_pos 6480
alloc_pos 6676
alloc_pos 6888
alloc_pos 7140
alloc_pos 7300
alloc_pos 7344
alloc_pos 7516
alloc_pos 7648
alloc_pos 7680
alloc_pos 7708
alloc_pos 7752
alloc_pos 7828
alloc_pos 7908
alloc_pos 8060
alloc_pos 8236
alloc_pos 8264
alloc_pos 8428
alloc_pos 8500
alloc_pos 8704
alloc_pos 8892
alloc_pos 9092
alloc_pos 9252
alloc_pos 9380
alloc_pos 9460
alloc_pos 9596
alloc_pos 9768
alloc_pos 9860
alloc_pos 10088
alloc_pos 10332
alloc_pos 10356
alloc_pos 10572
alloc_pos 10800
alloc_pos 10864
alloc_pos 11064
alloc_pos 11196
alloc_pos 11304
alloc_pos 11396
alloc_pos 11456
alloc_pos 11532
alloc_pos 11748
alloc_pos 11856
alloc_pos 11904
alloc_pos 11948
alloc_pos 12068
alloc_pos 12116
alloc_pos 12228
alloc_pos 12468
alloc_pos 12580
alloc_pos 12756
alloc_pos 12844
alloc_pos 13072
alloc_pos 13104
alloc_pos 13312
alloc_pos 13452
alloc_pos 13612
alloc_pos 13664
alloc_pos 13924
alloc_pos 14044
alloc_pos 14088
alloc_pos 14252
alloc_pos 14348
alloc_pos 14584
alloc_pos 14768
alloc_pos 14948
alloc_pos 15196
alloc_pos 15440
alloc_pos 15556
alloc_pos 15724
alloc_pos 15796
alloc_pos 16000
alloc_pos 16040
alloc_pos 16072
alloc_pos 16264
alloc_pos 16344
alloc_pos 16564
alloc_pos 16660
alloc_pos 16704
alloc_pos 16944
alloc_pos 17024
alloc_pos 17268
alloc_pos 17316
alloc_pos 17436
alloc_pos 17528
alloc_pos 17668
alloc_pos 17852
alloc_pos 18088
alloc_pos 18204
alloc_pos 18268
alloc_pos 18384
alloc_pos 18496
alloc_pos 18572
alloc_pos 18764
alloc_pos 18856
alloc_pos 19056
alloc_pos 19316
alloc_pos 19512
alloc_pos 19700
alloc_pos 19740
alloc_pos 19916
alloc_pos 20100
alloc_pos 20164
alloc_pos 20324
alloc_pos 20532
alloc_pos 20616
alloc_pos 20680
alloc_pos 20820
alloc_pos 20940
alloc_pos 21032
alloc_pos 21292
alloc_pos 21476
alloc_pos 21676
alloc_pos 21840
alloc_pos 21920
alloc_pos 22116
alloc_pos 22220
alloc_pos 22456
alloc_pos 22676
alloc_pos 22896
alloc_pos 22932
alloc_pos 23012
alloc_pos 23244
alloc_pos 23276
alloc_pos 23504
alloc_pos 23608
alloc_pos 23732
alloc_pos 23824
alloc_pos 23864
alloc_pos 23940
alloc_pos 24196
alloc_pos 24460
alloc_pos 24628
alloc_pos 24876
alloc_pos 25080
alloc_pos 25184
alloc_pos 25260
alloc_pos 25448
alloc_pos 25596
alloc_pos 25720
alloc_pos 25968
alloc_pos 26224
alloc_pos 26412
alloc_pos 26552
alloc_pos 26612
alloc_pos 26700
alloc_pos 26756
alloc_pos 26840
alloc_pos 27052
alloc_pos 27216
alloc_pos 27376
alloc_pos 27464
alloc_pos 27676
alloc_pos 27848
alloc_pos 27980
alloc_pos 28232
alloc_pos 28404
alloc_pos 28528
alloc_pos 28644
alloc_pos 28724
alloc_pos 28780
alloc_pos 28932
alloc_pos 29080
alloc_pos 29124
alloc_pos 29340
alloc_pos 29376
alloc_pos 29620
alloc_pos 29672
alloc_pos 29732
alloc_pos 29916
alloc_pos 29980
alloc_pos 30204
alloc_pos 30400
alloc_pos 30532
alloc_pos 30708
alloc_pos 30748
alloc_pos 30868
alloc_pos 30988
alloc_pos 31164
alloc_pos 31304
alloc_pos 31460
alloc_pos 31548
alloc_pos 31712
alloc_pos 31956
alloc_pos 32220
alloc_pos 32244
alloc_pos 32440
alloc_pos 32648
alloc_pos 32700
alloc_pos 32896
alloc_pos 33144
alloc_pos 33304
alloc_pos 33520
alloc_pos 33612
alloc_pos 33832
alloc_pos 34020
alloc_pos 34128
alloc_pos 34180
alloc_pos 34276
alloc_pos 34408
alloc_pos 34472
alloc_pos 34612
alloc_pos 34636
alloc_pos 34844
alloc_pos 35092
alloc_pos 35300
alloc_pos 35388
alloc_pos 35540
alloc_pos 35756
alloc_pos 35824
alloc_pos 35976
alloc_pos 36232
alloc_pos 36280
alloc_pos 36524
alloc_pos 36708
alloc_pos 36808
alloc_pos 37044
alloc_pos 37228
alloc_pos 37380
alloc_pos 37556
alloc_pos 37628
alloc_pos 37688
alloc_pos 37804
alloc_pos 38020
alloc_pos 38084
alloc_pos 38244
alloc_pos 38464
alloc_pos 38724
alloc_pos 38880
alloc_pos 39136
alloc_pos 39160
alloc_pos 39336
alloc_pos 39440
alloc_pos 39588
alloc_pos 39616
alloc_pos 39668
alloc_pos 39928
alloc_pos 40044
alloc_pos 40292
alloc_pos 40528
alloc_pos 40756
alloc_pos 40856
alloc_pos 40940
alloc_pos 40976
alloc_pos 41060
alloc_pos 41308
alloc_pos 41476
alloc_pos 41740
alloc_pos 41784
alloc_pos 41968
alloc_pos 42020
alloc_pos 42048
alloc_pos 42260
alloc_pos 42352
alloc_pos 42436
alloc_pos 42516
alloc_pos 42572
alloc_pos 42784
alloc_pos 42832
alloc_pos 43028
alloc_pos 43240
alloc_pos 43492
alloc_pos 43652
alloc_pos 43696
alloc_pos 43868
alloc_pos 44000
alloc_pos 44032
alloc_pos 44060
alloc_pos 44104
alloc_pos 44180
alloc_pos 44260
alloc_pos 44412
alloc_pos 44588
alloc_pos 44616
alloc_pos 44780
alloc_pos 44852
alloc_pos 45056
alloc_pos 45244
alloc_pos 45444
alloc_pos 45604
alloc_pos 45732
alloc_pos 45812
alloc_pos 45948
alloc_pos 46120
alloc_pos 46212
alloc_pos 46440
alloc_pos 46684
alloc_pos 46708
alloc_pos 46924
alloc_pos 47152
alloc_pos 47216
alloc_pos 47416
alloc_pos 47548
alloc_pos 47656
alloc_pos 47748
alloc_pos 47808
alloc_pos 47884
alloc_pos 48100
alloc_pos 48208
alloc_pos 48256
alloc_pos 48300
alloc_pos 48420
alloc_pos 48468
alloc_pos 48580
alloc_pos 48820
alloc_pos 48932
alloc_pos 49108
alloc_pos 49196
alloc_pos 49424
alloc_pos 49456
alloc_pos 49664
alloc_pos 49804
alloc_pos 49964
alloc_pos 50016
alloc_pos 50276
alloc_pos 50396
alloc_pos 50440
alloc_pos 50604
alloc_pos 50700
alloc_pos 50936
alloc_pos 51120
alloc_pos 51300
alloc_pos 51548
alloc_pos 51792
alloc_pos 51908
alloc_pos 52076
alloc_pos 52148
alloc_pos 52352
alloc_pos 52392
alloc_pos 52424
alloc_pos 52616
alloc_pos 52696
alloc_pos 52916
alloc_pos 53012
alloc_pos 53056
alloc_pos 53296
alloc_pos 53376
alloc_pos 53620
alloc_pos 53668
alloc_pos 53788
alloc_pos 53880
alloc_pos 54020
alloc_pos 54204
alloc_pos 54440
alloc_pos 54556
alloc_pos 54620
alloc_pos 54736
alloc_pos 54848
alloc_pos 54924
alloc_pos 55116
alloc_pos 55208
alloc_pos 55408
alloc_pos 55668
alloc_pos 55864
alloc_pos 56052
alloc_pos 56092
alloc_pos 56268
alloc_pos 56452
alloc_pos 56516
alloc_pos 56676
alloc_pos 56884
alloc_pos 56968
alloc_pos 57032
alloc_pos 57172
alloc_pos 57292
alloc_pos 57384
alloc_pos 57644
alloc_pos 57828
alloc_pos 58028
alloc_pos 58192
alloc_pos 58272
alloc_pos 58468
alloc_pos 58572
alloc_pos 58808
alloc_pos 59028
alloc_pos 59248
alloc_pos 59284
alloc_pos 59364
alloc_pos 59596
alloc_pos 59628
alloc_pos 59856
alloc_pos 59960
alloc_pos 60084
alloc_pos 60176
alloc_pos 60216
alloc_pos 60292
alloc_pos 60548
alloc_pos 60812
alloc_pos 60980
alloc_pos 61228
alloc_pos 61432
alloc_pos 61536
alloc_pos 61612
alloc_pos 61800
alloc_pos 61948
alloc_pos 62072
alloc_pos 62320
alloc_pos 62576
alloc_pos 62764
alloc_pos 62904
alloc_pos 62964
alloc_pos 63052
alloc_pos 63108
alloc_pos 63192
alloc_pos 63404
alloc_pos 63568
alloc_pos 63728
alloc_pos 63816
alloc_pos 64028
alloc_pos 64200
alloc_pos 64332
alloc_pos 64584
alloc_pos 64756
alloc_pos 64880
alloc_pos 64996
alloc_pos 65076
alloc_pos 65132
alloc_pos 65284
alloc_pos 65432
alloc_pos 65476
alloc_pos 65692
alloc_pos 65728
alloc_pos 65972
alloc_pos 66024
alloc_pos 66084
alloc_pos 66268
alloc_pos 66332
alloc_pos 66556
alloc_pos 66752
alloc_pos 66884
alloc_pos 67060
alloc_pos 67100
alloc_pos 67220
alloc_pos 67340
alloc_pos 67516
alloc_pos 67656
alloc_pos 67812
alloc_pos 67900
alloc_pos 68064
alloc_pos 68308
alloc_pos 68572
alloc_pos 68596
alloc_pos 68792
alloc_pos 69000
alloc_pos 69052
alloc_pos 69248
alloc_pos 69496
alloc_pos 69656
alloc_pos 69872
alloc_pos 69964
alloc_pos 70184
alloc_pos 70372
alloc_pos 70480
alloc_pos 70532
alloc_pos 70628
alloc_pos 70760
alloc_pos 70824
alloc_pos 70964
alloc_pos 70988
alloc_pos 71196
alloc_pos 71444
alloc_pos 71652
alloc_pos 71740
alloc_pos 71892
alloc_pos 72108
alloc_pos 72176
alloc_pos 72328
alloc_pos 72584
alloc_pos 72632
alloc_pos 72876
alloc_pos 73060
alloc_pos 73160
alloc_pos 73396
alloc_pos 73580
alloc_pos 73732
alloc_pos 73908
alloc_pos 73980
alloc_pos 74040
alloc_pos 74156
alloc_pos 74372
alloc_pos 74436
alloc_pos 74596
alloc_pos 74816
alloc_pos 75076
alloc_pos 75232
alloc_pos 75488
alloc_pos 75512
alloc_pos 75688
alloc_pos 75792
alloc_pos 75940
alloc_pos 75968
alloc_pos 76020
alloc_pos 76280
alloc_pos 76396
alloc_pos 76644
alloc_pos 76880
alloc_pos 77108
alloc_pos 77208
alloc_pos 77292
alloc_pos 77328
alloc_pos 77412
alloc_pos 77660
alloc_pos 77828
alloc_pos 78092
alloc_pos 78136
alloc_pos 78320
alloc_pos 78372
alloc_pos 78400
alloc_pos 78612
alloc_pos 78704
alloc_pos 78788
alloc_pos 78868
alloc_pos 78924
alloc_pos 79136
alloc_pos 79184
alloc_pos 79380
alloc_pos 79592
alloc_pos 79844
alloc_pos 80004
alloc_pos 80048
alloc_pos 80220
alloc_pos 80352
alloc_pos 80384
alloc_pos 80412
alloc_pos 80456
alloc_pos 80532
alloc_pos 80612
alloc_pos 80764
alloc_pos 80940
alloc_pos 80968
alloc_pos 81132
alloc_pos 81204
alloc_pos 81408
alloc_pos 81596
alloc_pos 81796
alloc_pos 81956
alloc_pos 82084
alloc_pos 82164
alloc_pos 82300
alloc_pos 82472
alloc_pos 82564
alloc_pos 82792
alloc_pos 83036
alloc_pos 83060
alloc_pos 83276
alloc_pos 83504
alloc_pos 83568
alloc_pos 83768
alloc_pos 83900
alloc_pos 84008
alloc_pos 84100
alloc_pos 84160
alloc_pos 84236
alloc_pos 84452
alloc_pos 84560
alloc_pos 84608
alloc_pos 84652
alloc_pos 84772
alloc_pos 84820
alloc_pos 84932
alloc_pos 85172
alloc_pos 85284
alloc_pos 85460
alloc_pos 85548
alloc_pos 85776
alloc_pos 85808
alloc_pos 86016
alloc_pos 86156
alloc_pos 86316
alloc_pos 86368
alloc_pos 86628
alloc_pos 86748
alloc_pos 86792
alloc_pos 86956
alloc_pos 87052
alloc_pos 87288
alloc_pos 87472
alloc_pos 87652
alloc_pos 87900
alloc_pos 88144
alloc_pos 88260
alloc_pos 88428
alloc_pos 88500
alloc_pos 88704
alloc_pos 88744
alloc_pos 88776
alloc_pos 88968
alloc_pos 89048
alloc_pos 89268
alloc_pos 89364
alloc_pos 89408
alloc_pos 89648
alloc_pos 89728
alloc_pos 89972
alloc_pos 90020
alloc_pos 90140
alloc_pos 90232
alloc_pos 90372
alloc_pos 90556
alloc_pos 90792
alloc_pos 90908
alloc_pos 90972
alloc_pos 91088
alloc_pos 91200
alloc_pos 91276
alloc_pos 91468
alloc_pos 91560
alloc_pos 91760
alloc_pos 92020
alloc_pos 92216
alloc_pos 92404
alloc_pos 92444
alloc_pos 92620
alloc_pos 92804
alloc_pos 92868
alloc_pos 93028
alloc_pos 93236
alloc_pos 93320
alloc_pos 93384
alloc_pos 93524
alloc_pos 93644
alloc_pos 93736
alloc_pos 93996
alloc_pos 94180
alloc_pos 94380
alloc_pos 94544
alloc_pos 94624
alloc_pos 94820
alloc_pos 94924
alloc_pos 95160
alloc_pos 95380
alloc_pos 95600
alloc_pos 95636
alloc_pos 95716
alloc_pos 95948
alloc_pos 95980
alloc_pos 96208
alloc_pos 96312
alloc_pos 96436
alloc_pos 96528
alloc_pos 96568
alloc_pos 96644
alloc_pos 96900
alloc_pos 97164
alloc_pos 97332
alloc_pos 97580
alloc_pos 97784
alloc_pos 97888
alloc_pos 97964
alloc_pos 98152
alloc_pos 98300
alloc_pos 98424
alloc_pos 98672
alloc_pos 98928
alloc_pos 99116
alloc_pos 99256
alloc_pos 99316
alloc_pos 99404
alloc_pos 99460
alloc_pos 99544
alloc_pos 99756
alloc_pos 99920
alloc_pos 100080
alloc_pos 100168
alloc_pos 100380
alloc_pos 100552
alloc_pos 100684
alloc_pos 100936
alloc_pos 101108
alloc_pos 101232
alloc_pos 101348
alloc_pos 101428
alloc_pos 101484
alloc_pos 101636
alloc_pos 101784
alloc_pos 101828
alloc_pos 102044
alloc_pos 102080
alloc_pos 102324
alloc_pos 102376
alloc_pos 102436
alloc_pos 102620
alloc_pos 102684
alloc_pos 102908
alloc_pos 103104
alloc_pos 103236
alloc_pos 103412
alloc_pos 103452
alloc_pos 103572
alloc_pos 103692
alloc_pos 103868
alloc_pos 104008
alloc_pos 104164
alloc_pos 104252
alloc_pos 104416
alloc_pos 104660
alloc_pos 104924
alloc_pos 104948
alloc_pos 105144
alloc_pos 105352
alloc_pos 105404
alloc_pos 105600
alloc_pos 105848
alloc_pos 106008
alloc_pos 106224
alloc_pos 106316
alloc_pos 106536
alloc_pos 106724
alloc_pos 106832
alloc_pos 106884
alloc_pos 106980
alloc_pos 107112
alloc_pos 107176
alloc_pos 107316
alloc_pos 107340
alloc_pos 107548
alloc_pos 107796
alloc_pos 108004
alloc_pos 108092
alloc_pos 108244
alloc_pos 108460
alloc_pos 108528
alloc_pos 108680
alloc_pos 108936
alloc_pos 108984
alloc_pos 109228
alloc_pos 109412
alloc_pos 109512
alloc_pos 109748
alloc_pos 109932
alloc_pos 110084
alloc_pos 110260
alloc_pos 110332
alloc_pos 110392
alloc_pos 110508
alloc_pos 110724
alloc_pos 110788
alloc_pos 110948
alloc_pos 111168
alloc_pos 111428
alloc_pos 111584
alloc_pos 111840
alloc_pos 111864
alloc_pos 112040
alloc_pos 112144
alloc_pos 112292
alloc_pos 112320
alloc_pos 112372
alloc_pos 112632
alloc_pos 112748
alloc_pos 112996
alloc_pos 113232
alloc_pos 113460
alloc_pos 113560
alloc_pos 113644
alloc_pos 113680
alloc_pos 113764
alloc_pos 114012
alloc_pos 114180
alloc_pos 114444
alloc_pos 114488
alloc_pos 114672
alloc_pos 114724
alloc_pos 114752
alloc_pos 114964
alloc_pos 115056
alloc_pos 115140
alloc_pos 115220
alloc_pos 115276
alloc_pos 115488
alloc_pos 115536
alloc_pos 115732
alloc_pos 115944
alloc_pos 116196
alloc_pos 116356
alloc_pos 116400
alloc_pos 116572
alloc_pos 116704
alloc_pos 116736
alloc_pos 116764
alloc_pos 116808
alloc_pos 116884
alloc_pos 116964
alloc_pos 117116
alloc_pos 117292
alloc_pos 117320
alloc_pos 117484
alloc_pos 117556
alloc_pos 117760
alloc_pos 117948
alloc_pos 118148
alloc_pos 118308
alloc_pos 118436
alloc_pos 118516
alloc_pos 118652
alloc_pos 118824
alloc_pos 118916
alloc_pos 119144
alloc_pos 119388
alloc_pos 119412
alloc_pos 119628
alloc_pos 119856
alloc_pos 119920
alloc_pos 120120
alloc_pos 120252
alloc_pos 120360
alloc_pos 120452
alloc_pos 120512
alloc_pos 120588
alloc_pos 120804
alloc_pos 120912
alloc_pos 120960
alloc_pos 121004
alloc_pos 121124
alloc_pos 121172
alloc_pos 121284
alloc_pos 121524
alloc_pos 121636
alloc_pos 121812
alloc_pos 121900
alloc_pos 122128
alloc_pos 122160
alloc_pos 122368
alloc_pos 122508
alloc_pos 122668
alloc_pos 122720
alloc_pos 122980
alloc_pos 123100
alloc_pos 123144
alloc_pos 123308
alloc_pos 123404
alloc_pos 123640
alloc_pos 123824
alloc_pos 124004
alloc_pos 124252
alloc_pos 124496
alloc_pos 124612
alloc_pos 124780
alloc_pos 124852
alloc_pos 125056
alloc_pos 125096
alloc_pos 125128
alloc_pos 125320
alloc_pos 125400
alloc_pos 125620
alloc_pos 125716
alloc_pos 125760
alloc_pos 126000
alloc_pos 126080
alloc_pos 126324
alloc_pos 126372
alloc_pos 126492
alloc_pos 126584
alloc_pos 126724
alloc_pos 126908
alloc_pos 127144
alloc_pos 127260
alloc_pos 127324
alloc_pos 127440
alloc_pos 127552
alloc_pos 127628
alloc_pos 127820
alloc_pos 127912
alloc_pos 128112
alloc_pos 128372
alloc_pos 128568
alloc_pos 128756
alloc_pos 128796
alloc_pos 128972
alloc_pos 129156
alloc_pos 129220
alloc_pos 129380
alloc_pos 129588
alloc_pos 129672
alloc_pos 129736
alloc_pos 129876
alloc_pos 129996
alloc_pos 130088
alloc_pos 130348
alloc_pos 130532
alloc_pos 130732
alloc_pos 130896
alloc_pos 130976
alloc_pos 131172
alloc_pos 131276
alloc_pos 131512
alloc_pos 131732
alloc_pos 131952
alloc_pos 131988
alloc_pos 132068
alloc_pos 132300
alloc_pos 132332
alloc_pos 132560
alloc_pos 132664
alloc_pos 132788
alloc_pos 132880
alloc_pos 132920
alloc_pos 132996
alloc_pos 133252
alloc_pos 133516
alloc_pos 133684
alloc_pos 133932
alloc_pos 134136
alloc_pos 134240
alloc_pos 134316
alloc_pos 134504
alloc_pos 134652
alloc_pos 134776
alloc_pos 135024
alloc_pos 135280
alloc_pos 135468
alloc_pos 135608
alloc_pos 135668
alloc_pos 135756
alloc_pos 135812
alloc_pos 135896
alloc_pos 136108
alloc_pos 136272
alloc_pos 136432
alloc_pos 136520
alloc_pos 136732
alloc_pos 136904
alloc_pos 137036
alloc_pos 137288
alloc_pos 137460
alloc_pos 137584
alloc_pos 137700
alloc_pos 137780
alloc_pos 137836
alloc_pos 137988
alloc_pos 138136
alloc_pos 138180
alloc_pos 138396
alloc_pos 138432
alloc_pos 138676
alloc_pos 138728
alloc_pos 138788
alloc_pos 138972
alloc_pos 139036
alloc_pos 139260
alloc_pos 139456
alloc_pos 139588
alloc_pos 139764
alloc_pos 139804
alloc_pos 139924
alloc_pos 140044
alloc_pos 140220
alloc_pos 140360
alloc_pos 140516
alloc_pos 140604
alloc_pos 140768
alloc_pos 141012
alloc_pos 141276
alloc_pos 141300
alloc_pos 141496
alloc_pos 141704
alloc_pos 141756
alloc_pos 141952
alloc_pos 142200
alloc_pos 142360
alloc_pos 142576
alloc_pos 142668
alloc_pos 142888
alloc_pos 143076
alloc_pos 143184
alloc_pos 143236
alloc_pos 143332
alloc_pos 143464
alloc_pos 143528
alloc_pos 143668
alloc_pos 143692
alloc_pos 143900
alloc_pos 144148
alloc_pos 144356
alloc_pos 144444
alloc_pos 144596
alloc_pos 144812
alloc_pos 144880
alloc_pos 145032
alloc_pos 145288
alloc_pos 145336
alloc_pos 145580
alloc_pos 145764
alloc_pos 145864
alloc_pos 146100
alloc_pos 146284
alloc_pos 146436
alloc_pos 146612
alloc_pos 146684
alloc_pos 146744
alloc_pos 146860
alloc_pos 147076
alloc_pos 147140
alloc_pos 147300
alloc_pos 147520
alloc_pos 147780
alloc_pos 147936
alloc_pos 148192
alloc_pos 148216
alloc_pos 148392
alloc_pos 148496
alloc_pos 148644
alloc_pos 148672
alloc_pos 148724
alloc_pos 148984
alloc_pos 149100
alloc_pos 149348
alloc_pos 149584
alloc_pos 149812
alloc_pos 149912
alloc_pos 149996
alloc_pos 150032
alloc_pos 150116
alloc_pos 150364
alloc_pos 150532
alloc_pos 150796
alloc_pos 150840
alloc_pos 151024
alloc_pos 151076
alloc_pos 151104
alloc_pos 151316
alloc_pos 151408
alloc_pos 151492
alloc_pos 151572
alloc_pos 151628
alloc_pos 151840
alloc_pos 151888
alloc_pos 152084
alloc_pos 152296
alloc_pos 152548
alloc_pos 152708
alloc_pos 152752
alloc_pos 152924
alloc_pos 153056
alloc_pos 153088
alloc_pos 153116
alloc_pos 153160
alloc_pos 153236
alloc_pos 153316
alloc_pos 153468
alloc_pos 153644
alloc_pos 153672
alloc_pos 153836
alloc_pos 153908
alloc_pos 154112
alloc_pos 154300
alloc_pos 154500
alloc_pos 154660
alloc_pos 154788
alloc_pos 154868
alloc_pos 155004
alloc_pos 155176
alloc_pos 155268
alloc_pos 155496
alloc_pos 155740
alloc_pos 155764
alloc_pos 155980
alloc_pos 156208
alloc_pos 156272
alloc_pos 156472
alloc_pos 156604
alloc_pos 156712
alloc_pos 156804
alloc_pos 156864
alloc_pos 156940
alloc_pos 157156
alloc_pos 157264
alloc_pos 157312
alloc_pos 157356
alloc_pos 157476
alloc_pos 157524
alloc_pos 157636
alloc_pos 157876
alloc_pos 157988
alloc_pos 158164
alloc_pos 158252
alloc_pos 158480
alloc_pos 158512
alloc_pos 158720
alloc_pos 158860
alloc_pos 159020
alloc_pos 159072
alloc_pos 159332
alloc_pos 159452
alloc_pos 159496
alloc_pos 159660
alloc_pos 159756
alloc_pos 159992
alloc_pos 160176
alloc_pos 160356
alloc_pos 160604
alloc_pos 160848
alloc_pos 160964
alloc_pos 161132
alloc_pos 161204
alloc_pos 161408
alloc_pos 161448
alloc_pos 161480
alloc_pos 161672
alloc_pos 161752
alloc_pos 161972
alloc_pos 162068
alloc_pos 162112
alloc_pos 162352
alloc_pos 162432
alloc_pos 162676
alloc_pos 162724
alloc_pos 162844
alloc_pos 162936
alloc_pos 163076
alloc_pos 163260
alloc_pos 163496
alloc_pos 163612
alloc_pos 163676
alloc_pos 163792
alloc_pos 163904
alloc_pos 163980
alloc_pos 164172
alloc_pos 164264
alloc_pos 164464
alloc_pos 164724
alloc_pos 164920
alloc_pos 165108
alloc_pos 165148
alloc_pos 165324
alloc_pos 165508
alloc_pos 165572
alloc_pos 165732
alloc_pos 165940
alloc_pos 166024
alloc_pos 166088
alloc_pos 166228
alloc_pos 166348
alloc_pos 166440
alloc_pos 166700
alloc_pos 166884
alloc_pos 167084
alloc_pos 167248
alloc_pos 167328
alloc_pos 167524
alloc_pos 167628
alloc_pos 167864
alloc_pos 168084
alloc_pos 168304
alloc_pos 168340
alloc_pos 168420
alloc_pos 168652
alloc_pos 168684
alloc_pos 168912
alloc_pos 169016
alloc_pos 169140
alloc_pos 169232
alloc_pos 169272
alloc_pos 169348
alloc_pos 169604
alloc_pos 169868
alloc_pos 170036
alloc_pos 170284
alloc_pos 170488
alloc_pos 170592
alloc_pos 170668
alloc_pos 170856
alloc_pos 171004
alloc_pos 171128
alloc_pos 171376
alloc_pos 171632
alloc_pos 171820
alloc_pos 171960
alloc_pos 172020
alloc_pos 172108
alloc_pos 172164
alloc_pos 172248
alloc_pos 172460
alloc_pos 172624
alloc_pos 172784
alloc_pos 172872
alloc_pos 173084
alloc_pos 173256
alloc_pos 173388
alloc_pos 173640
alloc_pos 173812
alloc_pos 173936
alloc_pos 174052
alloc_pos 174132
alloc_pos 174188
alloc_pos 174340
alloc_pos 174488
alloc_pos 174532
alloc_pos 174748
alloc_pos 174784
alloc_pos 175028
alloc_pos 175080
alloc_pos 175140
alloc_pos 175324
alloc_pos 175388
alloc_pos 175612
alloc_pos 175808
alloc_pos 175940
alloc_pos 176116
alloc_pos 176156
alloc_pos 176276
alloc_pos 176396
alloc_pos 176572
alloc_pos 176712
alloc_pos 176868
alloc_pos 176956
alloc_pos 177120
alloc_pos 177364
alloc_pos 177628
alloc_pos 177652
alloc_pos 177848
alloc_pos 178056
alloc_pos 178108
alloc_pos 178304
alloc_pos 178552
alloc_pos 178712
alloc_pos 178928
alloc_pos 179020
alloc_pos 179240
alloc_pos 179428
alloc_pos 179536
alloc_pos 179588
alloc_pos 179684
alloc_pos 179816
alloc_pos 179880
alloc_pos 180020
alloc_pos 180044
alloc_pos 180252
alloc_pos 180500
alloc_pos 180708
alloc_pos 180796
alloc_pos 180948
alloc_pos 181164
alloc_pos 181232
alloc_pos 181384
alloc_pos 181640
alloc_pos 181688
alloc_pos 181932
alloc_pos 182116
alloc_pos 182216
alloc_pos 182452
alloc_pos 182636
alloc_pos 182788
alloc_pos 182964
alloc_pos 183036
alloc_pos 183096
alloc_pos 183212
alloc_pos 183428
alloc_pos 183492
alloc_pos 183652
alloc_pos 183872
alloc_pos 184132
alloc_pos 184288
alloc_pos 184544
alloc_pos 184568
alloc_pos 184744
alloc_pos 184848
alloc_pos 184996
alloc_pos 185024
alloc_pos 185076
alloc_pos 185336
alloc_pos 185452
alloc_pos 185700
alloc_pos 185936
alloc_pos 186164
alloc_pos 186264
alloc_pos 186348
alloc_pos 186384
alloc_pos 186468
alloc_pos 186716
alloc_pos 186884
alloc_pos 187148
alloc_pos 187192
alloc_pos 187376
alloc_pos 187428
alloc_pos 187456
alloc_pos 187668
alloc_pos 187760
alloc_pos 187844
alloc_pos 187924
alloc_pos 187980
alloc_pos 188192
alloc_pos 188240
alloc_pos 188436
alloc_pos 188648
alloc_pos 188900
alloc_pos 189060
alloc_pos 189104
alloc_pos 189276
alloc_pos 189408
alloc_pos 189440
alloc_pos 189468
alloc_pos 189512
alloc_pos 189588
alloc_pos 189668
alloc_pos 189820
alloc_pos 189996
alloc_pos 190024
alloc_pos 190188
alloc_pos 190260
alloc_pos 190464
alloc_pos 190652
alloc_pos 190852
alloc_pos 191012
alloc_pos 191140
alloc_pos 191220
alloc_pos 191356
alloc_pos 191528
alloc_pos 191620
alloc_pos 191848
alloc_pos 192092
alloc_pos 192116
alloc_pos 192332
alloc_pos 192560
alloc_pos 192624
alloc_pos 192824
alloc_pos 192956
alloc_pos 193064
alloc_pos 193156
alloc_pos 193216
alloc_pos 193292
alloc_pos 193508
alloc_pos 193616
alloc_pos 193664
alloc_pos 193708
alloc_pos 193828
alloc_pos 193876
alloc_pos 193988
alloc_pos 194228
alloc_pos 194340
alloc_pos 194516
alloc_pos 194604
alloc_pos 194832
alloc_pos 194864
alloc_pos 195072
alloc_pos 195212
alloc_pos 195372
alloc_pos 195424
alloc_pos 195684
alloc_pos 195804
alloc_pos 195848
alloc_pos 196012
alloc_pos 196108
alloc_pos 196344
alloc_pos 196528
alloc_pos 196708
alloc_pos 196956
alloc_pos 197200
alloc_pos 197316
alloc_pos 197484
alloc_pos 197556
alloc_pos 197760
alloc_pos 197800
alloc_pos 197832
alloc_pos 198024
alloc_pos 198104
alloc_pos 198324
alloc_pos 198420
alloc_pos 198464
alloc_pos 198704
alloc_pos 198784
alloc_pos 199028
alloc_pos 199076
alloc_pos 199196
alloc_pos 199288
alloc_pos 199428
alloc_pos 199612
alloc_pos 199848
alloc_pos 199964
alloc_pos 200028
alloc_pos 200144
alloc_pos 200256
alloc_pos 200332
alloc_pos 200524
alloc_pos 200616
alloc_pos 200816
alloc_pos 201076
alloc_pos 201272
alloc_pos 201460
alloc_pos 201500
alloc_pos 201676
alloc_pos 201860
alloc_pos 201924
alloc_pos 202084
alloc_pos 202292
alloc_pos 202376
alloc_pos 202440
alloc_pos 202580
alloc_pos 202700
alloc_pos 202792
alloc_pos 203052
alloc_pos 203236
alloc_pos 203436
alloc_pos 203600
alloc_pos 203680
alloc_pos 203876
alloc_pos 203980
alloc_pos 204216
alloc_pos 204436
alloc_pos 204656
alloc_pos 204692
alloc_pos 204772
alloc_pos 205004
alloc_pos 205036
alloc_pos 205264
alloc_pos 205368
alloc_pos 205492
alloc_pos 205584
alloc_pos 205624
alloc_pos 205700
alloc_pos 205956
alloc_pos 206220
alloc_pos 206388
alloc_pos 206636
alloc_pos 206840
alloc_pos 206944
alloc_pos 207020
alloc_pos 207208
alloc_pos 207356
alloc_pos 207480
alloc_pos 207728
alloc_pos 207984
alloc_pos 208172
alloc_pos 208312
alloc_pos 208372
alloc_pos 208460
alloc_pos 208516
alloc_pos 208600
alloc_pos 208812
alloc_pos 208976
alloc_pos 209136
alloc_pos 209224
alloc_pos 209436
alloc_pos 209608
alloc_pos 209740
alloc_pos 209992
alloc_pos 210164
alloc_pos 210288
alloc_pos 210404
alloc_pos 210484
alloc_pos 210540
alloc_pos 210692
alloc_pos 210840
alloc_pos 210884
alloc_pos 211100
alloc_pos 211136
alloc_pos 211380
alloc_pos 211432
alloc_pos 211492
alloc_pos 211676
alloc_pos 211740
alloc_pos 211964
alloc_pos 212160
alloc_pos 212292
alloc_pos 212468
alloc_pos 212508
alloc_pos 212628
alloc_pos 212748
alloc_pos 212924
alloc_pos 213064
alloc_pos 213220
alloc_pos 213308
alloc_pos 213472
alloc_pos 213716
alloc_pos 213980
alloc_pos 214004
alloc_pos 214200
alloc_pos 214408
alloc_pos 214460
alloc_pos 214656
alloc_pos 214904
alloc_pos 215064
alloc_pos 215280
alloc_pos 215372
alloc_pos 215592
alloc_pos 215780
alloc_pos 215888
alloc_pos 215940
alloc_pos 216036
alloc_pos 216168
alloc_pos 216232
alloc_pos 216372
alloc_pos 216396
alloc_pos 216604
alloc_pos 216852
alloc_pos 217060
alloc_pos 217148
alloc_pos 217300
alloc_pos 217516
alloc_pos 217584
alloc_pos 217736
alloc_pos 217992
alloc_pos 218040
alloc_pos 218284
alloc_pos 218468
alloc_pos 218568
alloc_pos 218804
alloc_pos 218988
alloc_pos 219140
alloc_pos 219316
alloc_pos 219388
alloc_pos 219448
alloc_pos 219564
alloc_pos 219780
alloc_pos 219844
alloc_pos 220004
alloc_pos 220224
alloc_pos 220484
alloc_pos 220640
alloc_pos 220896
alloc_pos 220920
alloc_pos 221096
alloc_pos 221200
alloc_pos 221348
alloc_pos 221376
alloc_pos 221428
alloc_pos 221688
alloc_pos 221804
alloc_pos 222052
alloc_pos 222288
alloc_pos 222516
alloc_pos 222616
alloc_pos 222700
alloc_pos 222736
alloc_pos 222820
alloc_pos 223068
alloc_pos 223236
alloc_pos 223500
alloc_pos 223544
alloc_pos 223728
alloc_pos 223780
alloc_pos 223808
alloc_pos 224020
alloc_pos 224112
alloc_pos 224196
alloc_pos 224276
alloc_pos 224332
alloc_pos 224544
alloc_pos 224592
alloc_pos 224788
alloc_pos 225000
alloc_pos 225252
alloc_pos 225412
alloc_pos 225456
alloc_pos 225628
alloc_pos 225760
alloc_pos 225792
alloc_pos 225820
alloc_pos 225864
alloc_pos 225940
alloc_pos 226020
alloc_pos 226172
alloc_pos 226348
alloc_pos 226376
alloc_pos 226540
alloc_pos 226612
alloc_pos 226816
alloc_pos 227004
alloc_pos 227204
alloc_pos 227364
alloc_pos 227492
alloc_pos 227572
alloc_pos 227708
alloc_pos 227880
alloc_pos 227972
alloc_pos 228200
alloc_pos 228444
alloc_pos 228468
alloc_pos 228684
alloc_pos 228912
alloc_pos 228976
alloc_pos 229176
alloc_pos 229308
alloc_pos 229416
alloc_pos 229508
alloc_pos 229568
alloc_pos 229644
alloc_pos 229860
alloc_pos 229968
alloc_pos 230016
alloc_pos 230060
alloc_pos 230180
alloc_pos 230228
alloc_pos 230340
alloc_pos 230580
alloc_pos 230692
alloc_pos 230868
alloc_pos 230956
alloc_pos 231184
alloc_pos 231216
alloc_pos 231424
alloc_pos 231564
alloc_pos 231724
alloc_pos 231776
alloc_pos 232036
alloc_pos 232156
alloc_pos 232200
alloc_pos 232364
alloc_pos 232460
alloc_pos 232696
alloc_pos 232880
alloc_pos 233060
alloc_pos 233308
alloc_pos 233552
alloc_pos 233668
alloc_pos 233836
alloc_pos 233908
alloc_pos 234112
alloc_pos 234152
alloc_pos 234184
alloc_pos 234376
alloc_pos 234456
alloc_pos 234676
alloc_pos 234772
alloc_pos 234816
alloc_pos 235056
alloc_pos 235136
alloc_pos 235380
alloc_pos 235428
alloc_pos 235548
alloc_pos 235640
alloc_pos 235780
alloc_pos 235964
alloc_pos 236200
alloc_pos 236316
alloc_pos 236380
alloc_pos 236496
alloc_pos 236608
alloc_pos 236684
alloc_pos 236876
alloc_pos 236968
alloc_pos 237168
alloc_pos 237428
alloc_pos 237624
alloc_pos 237812
alloc_pos 237852
alloc_pos 238028
alloc_pos 238212
alloc_pos 238276
alloc_pos 238436
alloc_pos 238644
alloc_pos 238728
alloc_pos 238792
alloc_pos 238932
alloc_pos 239052
alloc_pos 239144
alloc_pos 239404
alloc_pos 239588
alloc_pos 239788
alloc_pos 239952
alloc_pos 240032
alloc_pos 240228
alloc_pos 240332
alloc_pos 240568
alloc_pos 240788
alloc_pos 241008
alloc_pos 241044
alloc_pos 241124
alloc_pos 241356
alloc_pos 241388
alloc_pos 241616
alloc_pos 241720
alloc_pos 241844
alloc_pos 241936
alloc_pos 241976
alloc_pos 242052
alloc_pos 242308
alloc_pos 242572
alloc_pos 242740
alloc_pos 242988
alloc_pos 243192
alloc_pos 243296
alloc_pos 243372
alloc_pos 243560
alloc_pos 243708
alloc_pos 243832
alloc_pos 244080
alloc_pos 244336
alloc_pos 244524
alloc_pos 244664
alloc_pos 244724
alloc_pos 244812
alloc_pos 244868
alloc_pos 244952
alloc_pos 245164
alloc_pos 245328
alloc_pos 245488
alloc_pos 245576
alloc_pos 245788
alloc_pos 245960
alloc_pos 246092
alloc_pos 246344
alloc_pos 246516
alloc_pos 246640
alloc_pos 246756
alloc_pos 246836
alloc_pos 246892
alloc_pos 247044
alloc_pos 247192
alloc_pos 247236
alloc_pos 247452
alloc_pos 247488
alloc_pos 247732
alloc_pos 247784
alloc_pos 247844
alloc_pos 248028
alloc_pos 248092
alloc_pos 248316
alloc_pos 248512
alloc_pos 248644
alloc_pos 248820
alloc_pos 248860
alloc_pos 248980
alloc_pos 249100
alloc_pos 249276
alloc_pos 249416
alloc_pos 249572
alloc_pos 249660
alloc_pos 249824
alloc_pos 250068
alloc_pos 250332
alloc_pos 250356
alloc_pos 250552
alloc_pos 250760
alloc_pos 250812
alloc_pos 251008
alloc_pos 251256
alloc_pos 251416
alloc_pos 251632
alloc_pos 251724
alloc_pos 251944
alloc_pos 252132
alloc_pos 252240
alloc_pos 252292
alloc_pos 252388
alloc_pos 252520
alloc_pos 252584
alloc_pos 252724
alloc_pos 252748
alloc_pos 252956
alloc_pos 253204
alloc_pos 253412
alloc_pos 253500
alloc_pos 253652
alloc_pos 253868
alloc_pos 253936
alloc_pos 254088
alloc_pos 254344
alloc_pos 254392
alloc_pos 254636
alloc_pos 254820
alloc_pos 254920
alloc_pos 255156
alloc_pos 255340
alloc_pos 255492
alloc_pos 255668
alloc_pos 255740
alloc_pos 255800
alloc_pos 255916
alloc_pos 256132
alloc_pos 256196
alloc_pos 256356
alloc_pos 256576
alloc_pos 256836
alloc_pos 256992
alloc_pos 257248
alloc_pos 257272
alloc_pos 257448
alloc_pos 257552
alloc_pos 257700
alloc_pos 257728
alloc_pos 257780
alloc_pos 258040
alloc_pos 258156
alloc_pos 258404
alloc_pos 258640
alloc_pos 258868
alloc_pos 258968
alloc_pos 259052
alloc_pos 259088
alloc_pos 259172
alloc_pos 259420
alloc_pos 259588
alloc_pos 259852
alloc_pos 259896
alloc_pos 260080
alloc_pos 260132
alloc_pos 260160
alloc_pos 260372
alloc_pos 260464
alloc_pos 260548
alloc_pos 260628
alloc_pos 260684
alloc_pos 260896
alloc_pos 260944
alloc_pos 261140
alloc_pos 261352
alloc_pos 261604
alloc_pos 261764
alloc_pos 261808
alloc_pos 261980
alloc_pos 262112
alloc_pos 262144
alloc_pos 262172
alloc_pos 262216
alloc_pos 262292
alloc_pos 262372
alloc_pos 262524
alloc_pos 262700
alloc_pos 262728
alloc_pos 262892
alloc_pos 262964
alloc_pos 263168
alloc_pos 263356
alloc_pos 263556
alloc_pos 263716
alloc_pos 263844
alloc_pos 263924
alloc_pos 264060
alloc_pos 264232
alloc_pos 264324
alloc_pos 264552
alloc_pos 264796
alloc_pos 264820
alloc_pos 265036
alloc_pos 265264
alloc_pos 265328
alloc_pos 265528
alloc_pos 265660
alloc_pos 265768
alloc_pos 265860
alloc_pos 265920
alloc_pos 265996
alloc_pos 266212
alloc_pos 266320
alloc_pos 266368
alloc_pos 266412
alloc_pos 266532
alloc_pos 266580
alloc_pos 266692
alloc_pos 266932
alloc_pos 267044
alloc_pos 267220
alloc_pos 267308
alloc_pos 267536
alloc_pos 267568
alloc_pos 267776
alloc_pos 267916
alloc_pos 268076
alloc_pos 268128
alloc_pos 268388
alloc_pos 268508
alloc_pos 268552
alloc_pos 268716
alloc_pos 268812
alloc_pos 269048
alloc_pos 269232
alloc_pos 269412
alloc_pos 269660
alloc_pos 269904
alloc_pos 270020
alloc_pos 270188
alloc_pos 270260
alloc_pos 270464
alloc_pos 270504
alloc_pos 270536
alloc_pos 270728
alloc_pos 270808
alloc_pos 271028
alloc_pos 271124
alloc_pos 271168
alloc_pos 271408
alloc_pos 271488
alloc_pos 271732
alloc_pos 271780
alloc_pos 271900
alloc_pos 271992
alloc_pos 272132
alloc_pos 272316
alloc_pos 272552
alloc_pos 272668
alloc_pos 272732
alloc_pos 272848
alloc_pos 272960
alloc_pos 273036
alloc_pos 273228
alloc_pos 273320
alloc_pos 273520
alloc_pos 273780
alloc_pos 273976
alloc_pos 274164
alloc_pos 274204
alloc_pos 274380
alloc_pos 274564
alloc_pos 274628
alloc_pos 274788
alloc_pos 274996
alloc_pos 275080
alloc_pos 275144
alloc_pos 275284
alloc_pos 275404
alloc_pos 275496
alloc_pos 275756
alloc_pos 275940
alloc_pos 276140
alloc_pos 276304
alloc_pos 276384
alloc_pos 276580
alloc_pos 276684
alloc_pos 276920
alloc_pos 277140
alloc_pos 277360
alloc_pos 277396
alloc_pos 277476
alloc_pos 277708
alloc_pos 277740
alloc_pos 277968
alloc_pos 278072
alloc_pos 278196
alloc_pos 278288
alloc_pos 278328
alloc_pos 278404
alloc_pos 278660
alloc_pos 278924
alloc_pos 279092
alloc_pos 279340
alloc_pos 279544
alloc_pos 279648
alloc_pos 279724
alloc_pos 279912
alloc_pos 280060
alloc_pos 280184
alloc_pos 280432
alloc_pos 280688
alloc_pos 280876
alloc_pos 281016
alloc_pos 281076
alloc_pos 281164
alloc_pos 281220
alloc_pos 281304
alloc_pos 281516
alloc_pos 281680
alloc_pos 281840
alloc_pos 281928
alloc_pos 282140
alloc_pos 282312
alloc_pos 282444
alloc_pos 282696
alloc_pos 282868
alloc_pos 282992
alloc_pos 283108
alloc_pos 283188
alloc_pos 283244
alloc_pos 283396
alloc_pos 283544
alloc_pos 283588
alloc_pos 283804
alloc_pos 283840
alloc_pos 284084
alloc_pos 284136
alloc_pos 284196
alloc_pos 284380
alloc_pos 284444
alloc_pos 284668
alloc_pos 284864
alloc_pos 284996
alloc_pos 285172
alloc_pos 285212
alloc_pos 285332
alloc_pos 285452
alloc_pos 285628
alloc_pos 285768
alloc_pos 285924
alloc_pos 286012
alloc_pos 286176
alloc_pos 286420
alloc_pos 286684
alloc_pos 286708
alloc_pos 286904
alloc_pos 287112
alloc_pos 287164
alloc_pos 287360
alloc_pos 287608
alloc_pos 287768
alloc_pos 287984
alloc_pos 288076
alloc_pos 288296
alloc_pos 288484
alloc_pos 288592
alloc_pos 288644
alloc_pos 288740
alloc_pos 288872
alloc_pos 288936
alloc_pos 289076
alloc_pos 289100
alloc_pos 289308
alloc_pos 289556
alloc_pos 289764
alloc_pos 289852
alloc_pos 290004
alloc_pos 290220
alloc_pos 290288
alloc_pos 290440
alloc_pos 290696
alloc_pos 290744
alloc_pos 290988
alloc_pos 291172
alloc_pos 291272
alloc_pos 291508
alloc_pos 291692
alloc_pos 291844
alloc_pos 292020
alloc_pos 292092
alloc_pos 292152
alloc_pos 292268
alloc_pos 292484
alloc_pos 292548
alloc_pos 292708
alloc_pos 292928
alloc_pos 293188
alloc_pos 293344
alloc_pos 293600
alloc_pos 293624
alloc_pos 293800
alloc_pos 293904
alloc_pos 294052
alloc_pos 294080
alloc_pos 294132
alloc_pos 294392
alloc_pos 294508
alloc_pos 294756
alloc_pos 294992
alloc_pos 295220
alloc_pos 295320
alloc_pos 295404
alloc_pos 295440
alloc_pos 295524
alloc_pos 295772
alloc_pos 295940
alloc_pos 296204
alloc_pos 296248
alloc_pos 296432
alloc_pos 296484
alloc_pos 296512
alloc_pos 296724
alloc_pos 296816
alloc_pos 296900
alloc_pos 296980
alloc_pos 297036
alloc_pos 297248
alloc_pos 297296
alloc_pos 297492
alloc_pos 297704
alloc_pos 297956
alloc_pos 298116
alloc_pos 298160
alloc_pos 298332
alloc_pos 298464
alloc_pos 298496
alloc_pos 298524
alloc_pos 298568
alloc_pos 298644
alloc_pos 298724
alloc_pos 298876
alloc_pos 299052
alloc_pos 299080
alloc_pos 299244
alloc_pos 299316
alloc_pos 299520
alloc_pos 299708
alloc_pos 299908
alloc_pos 300068
alloc_pos 300196
alloc_pos 300276
alloc_pos 300412
alloc_pos 300584
alloc_pos 300676
alloc_pos 300904
alloc_pos 301148
alloc_pos 301172
alloc_pos 301388
alloc_pos 301616
alloc_pos 301680
alloc_pos 301880
alloc_pos 302012
alloc_pos 302120
alloc_pos 302212
alloc_pos 302272
alloc_pos 302348
alloc_pos 302564
alloc_pos 302672
alloc_pos 302720
alloc_pos 302764
alloc_pos 302884
alloc_pos 302932
alloc_pos 303044
alloc_pos 303284
alloc_pos 303396
alloc_pos 303572
alloc_pos 303660
alloc_pos 303888
alloc_pos 303920
alloc_pos 304128
alloc_pos 304268
alloc_pos 304428
alloc_pos 304480
alloc_pos 304740
alloc_pos 304860
alloc_pos 304904
alloc_pos 305068
alloc_pos 305164
alloc_pos 305400
alloc_pos 305584
alloc_pos 305764
alloc_pos 306012
alloc_pos 306256
alloc_pos 306372
alloc_pos 306540
alloc_pos 306612
alloc_pos 306816
alloc_pos 306856
alloc_pos 306888
alloc_pos 307080
alloc_pos 307160
alloc_pos 307380
alloc_pos 307476
alloc_pos 307520
alloc_pos 307760
alloc_pos 307840
alloc_pos 308084
alloc_pos 308132
alloc_pos 308252
alloc_pos 308344
alloc_pos 308484
alloc_pos 308668
alloc_pos 308904
alloc_pos 309020
alloc_pos 309084
alloc_pos 309200
alloc_pos 309312
alloc_pos 309388
alloc_pos 309580
alloc_pos 309672
alloc_pos 309872
alloc_pos 310132
alloc_pos 310328
alloc_pos 310516
alloc_pos 310556
alloc_pos 310732
alloc_pos 310916
alloc_pos 310980
alloc_pos 311140
alloc_pos 311348
alloc_pos 311432
alloc_pos 311496
alloc_pos 311636
alloc_pos 311756
alloc_pos 311848
alloc_pos 312108
alloc_pos 312292
alloc_pos 312492
alloc_pos 312656
alloc_pos 312736
alloc_pos 312932
alloc_pos 313036
alloc_pos 313272
alloc_pos 313492
alloc_pos 313712
alloc_pos 313748
alloc_pos 313828
alloc_pos 314060
alloc_pos 314092
alloc_pos 314320
alloc_pos 314424
alloc_pos 314548
alloc_pos 314640
alloc_pos 314680
alloc_pos 314756
alloc_pos 315012
alloc_pos 315276
alloc_pos 315444
alloc_pos 315692
alloc_pos 315896
alloc_pos 316000
alloc_pos 316076
alloc_pos 316264
alloc_pos 316412
alloc_pos 316536
alloc_pos 316784
alloc_pos 317040
alloc_pos 317228
alloc_pos 317368
alloc_pos 317428
alloc_pos 317516
alloc_pos 317572
alloc_pos 317656
alloc_pos 317868
alloc_pos 318032
alloc_pos 318192
alloc_pos 318280
alloc_pos 318492
alloc_pos 318664
alloc_pos 318796
alloc_pos 319048
alloc_pos 319220
alloc_pos 319344
alloc_pos 319460
alloc_pos 319540
alloc_pos 319596
alloc_pos 319748
alloc_pos 319896
alloc_pos 319940
alloc_pos 320156
alloc_pos 320192
alloc_pos 320436
alloc_pos 320488
alloc_pos 320548
alloc_pos 320732
alloc_pos 320796
alloc_pos 321020
alloc_pos 321216
alloc_pos 321348
alloc_pos 321524
alloc_pos 321564
alloc_pos 321684
alloc_pos 321804
alloc_pos 321980
alloc_pos 322120
alloc_pos 322276
alloc_pos 322364
alloc_pos 322528
alloc_pos 322772
alloc_pos 323036
alloc_pos 323060
alloc_pos 323256
alloc_pos 323464
alloc_pos 323516
alloc_pos 323712
alloc_pos 323960
alloc_pos 324120
alloc_pos 324336
alloc_pos 324428
alloc_pos 324648
alloc_pos 324836
alloc_pos 324944
alloc_pos 324996
alloc_pos 325092
alloc_pos 325224
alloc_pos 325288
alloc_pos 325428
alloc_pos 325452
alloc_pos 325660
alloc_pos 325908
alloc_pos 326116
alloc_pos 326204
alloc_pos 326356
alloc_pos 326572
alloc_pos 326640
alloc_pos 326792
alloc_pos 327048
alloc_pos 327096
alloc_pos 327340
alloc_pos 327524
alloc_pos 327624
alloc_pos 327860
alloc_pos 328044
alloc_pos 328196
alloc_pos 328372
alloc_pos 328444
alloc_pos 328504
alloc_pos 328620
alloc_pos 328836
alloc_pos 328900
alloc_pos 329060
alloc_pos 329280
alloc_pos 329540
alloc_pos 329696
alloc_pos 329952
alloc_pos 329976
alloc_pos 330152
alloc_pos 330256
alloc_pos 330404
alloc_pos 330432
alloc_pos 330484
alloc_pos 330744
alloc_pos 330860
alloc_pos 331108
alloc_pos 331344
alloc_pos 331572
alloc_pos 331672
alloc_pos 331756
alloc_pos 331792
alloc_pos 331876
alloc_pos 332124
alloc_pos 332292
alloc_pos 332556
alloc_pos 332600
alloc_pos 332784
alloc_pos 332836
alloc_pos 332864
alloc_pos 333076
alloc_pos 333168
alloc_pos 333252
alloc_pos 333332
alloc_pos 333388
alloc_pos 333600
alloc_pos 333648
alloc_pos 333844
alloc_pos 334056
alloc_pos 334308
alloc_pos 334468
alloc_pos 334512
alloc_pos 334684
alloc_pos 334816
alloc_pos 334848
alloc_pos 334876
alloc_pos 334920
alloc_pos 334996
alloc_pos 335076
alloc_pos 335228
alloc_pos 335404
alloc_pos 335432
alloc_pos 335596
alloc_pos 335668
alloc_pos 335872
alloc_pos 336060
alloc_pos 336260
alloc_pos 336420
alloc_pos 336548
alloc_pos 336628
alloc_pos 336764
alloc_pos 336936
alloc_pos 337028
alloc_pos 337256
alloc_pos 337500
alloc_pos 337524
alloc_pos 337740
alloc_pos 337968
alloc_pos 338032
alloc_pos 338232
alloc_pos 338364
alloc_pos 338472
alloc_pos 338564
alloc_pos 338624
alloc_pos 338700
alloc_pos 338916
alloc_pos 339024
alloc_pos 339072
alloc_pos 339116
alloc_pos 339236
alloc_pos 339284
alloc_pos 339396
alloc_pos 339636
alloc_pos 339748
alloc_pos 339924
alloc_pos 340012
alloc_pos 340240
alloc_pos 340272
alloc_pos 340480
alloc_pos 340620
alloc_pos 340780
alloc_pos 340832
alloc_pos 341092
alloc_pos 341212
alloc_pos 341256
alloc_pos 341420
alloc_pos 341516
alloc_pos 341752
alloc_pos 341936
alloc_pos 342116
alloc_pos 342364
alloc_pos 342608
alloc_pos 342724
alloc_pos 342892
alloc_pos 342964
alloc_pos 343168
alloc_pos 343208
alloc_pos 343240
alloc_pos 343432
alloc_pos 343512
alloc_pos 343732
alloc_pos 343828
alloc_pos 343872
alloc_pos 344112
alloc_pos 344192
alloc_pos 344436
alloc_pos 344484
alloc_pos 344604
alloc_pos 344696
alloc_pos 344836
alloc_pos 345020
alloc_pos 345256
alloc_pos 345372
alloc_pos 345436
alloc_pos 345552
alloc_pos 345664
alloc_pos 345740
alloc_pos 345932
alloc_pos 346024
alloc_pos 346224
alloc_pos 346484
alloc_pos 346680
alloc_pos 346868
alloc_pos 346908
alloc_pos 347084
alloc_pos 347268
alloc_pos 347332
alloc_pos 347492
alloc_pos 347700
alloc_pos 347784
alloc_pos 347848
alloc_pos 347988
alloc_pos 348108
alloc_pos 348200
alloc_pos 348460
alloc_pos 348644
alloc_pos 348844
alloc_pos 349008
alloc_pos 349088
alloc_pos 349284
alloc_pos 349388
alloc_pos 349624
alloc_pos 349844
alloc_pos 350064
alloc_pos 350100
alloc_pos 350180
alloc_pos 350412
alloc_pos 350444
alloc_pos 350672
alloc_pos 350776
alloc_pos 350900
alloc_pos 350992
alloc_pos 351032
alloc_pos 351108
alloc_pos 351364
alloc_pos 351628
alloc_pos 351796
alloc_pos 352044
alloc_pos 352248
alloc_pos 352352
alloc_pos 352428
alloc_pos 352616
alloc_pos 352764
alloc_pos 352888
alloc_pos 353136
alloc_pos 353392
alloc_pos 353580
alloc_pos 353720
alloc_pos 353780
alloc_pos 353868
alloc_pos 353924
alloc_pos 354008
alloc_pos 354220
alloc_pos 354384
alloc_pos 354544
alloc_pos 354632
alloc_pos 354844
alloc_pos 355016
alloc_pos 355148
alloc_pos 355400
alloc_pos 355572
alloc_pos 355696
alloc_pos 355812
alloc_pos 355892
alloc_pos 355948
alloc_pos 356100
alloc_pos 356248
alloc_pos 356292
alloc_pos 356508
alloc_pos 356544
alloc_pos 356788
alloc_pos 356840
alloc_pos 356900
alloc_pos 357084
alloc_pos 357148
alloc_pos 357372
alloc_pos 357568
alloc_pos 357700
alloc_pos 357876
alloc_pos 357916
alloc_pos 358036
alloc_pos 358156
alloc_pos 358332
alloc_pos 358472
alloc_pos 358628
alloc_pos 358716
alloc_pos 358880
alloc_pos 359124
alloc_pos 359388
alloc_pos 359412
alloc_pos 359608
alloc_pos 359816
alloc_pos 359868
alloc_pos 360064
alloc_pos 360312
alloc_pos 360472
alloc_pos 360688
alloc_pos 360780
alloc_pos 361000
alloc_pos 361188
alloc_pos 361296
alloc_pos 361348
alloc_pos 361444
alloc_pos 361576
alloc_pos 361640
alloc_pos 361780
alloc_pos 361804
alloc_pos 362012
alloc_pos 362260
alloc_pos 362468
alloc_pos 362556
alloc_pos 362708
alloc_pos 362924
alloc_pos 362992
alloc_pos 363144
alloc_pos 363400
alloc_pos 363448
alloc_pos 363692
alloc_pos 363876
alloc_pos 363976
alloc_pos 364212
alloc_pos 364396
alloc_pos 364548
alloc_pos 364724
alloc_pos 364796
alloc_pos 364856
alloc_pos 364972
alloc_pos 365188
alloc_pos 365252
alloc_pos 365412
alloc_pos 365632
alloc_pos 365892
alloc_pos 366048
alloc_pos 366304
alloc_pos 366328
alloc_pos 366504
alloc_pos 366608
alloc_pos 366756
alloc_pos 366784
alloc_pos 366836
alloc_pos 367096
alloc_pos 367212
alloc_pos 367460
alloc_pos 367696
alloc_pos 367924
alloc_pos 368024
alloc_pos 368108
alloc_pos 368144
alloc_pos 368228
alloc_pos 368476
alloc_pos 368644
alloc_pos 368908
alloc_pos 368952
alloc_pos 369136
alloc_pos 369188
alloc_pos 369216
alloc_pos 369428
alloc_pos 369520
alloc_pos 369604
alloc_pos 369684
alloc_pos 369740
alloc_pos 369952
alloc_pos 370000
alloc_pos 370196
alloc_pos 370408
alloc_pos 370660
alloc_pos 370820
alloc_pos 370864
alloc_pos 371036
alloc_pos 371168
alloc_pos 371200
alloc_pos 371228
alloc_pos 371272
alloc_pos 371348
alloc_pos 371428
alloc_pos 371580
alloc_pos 371756
alloc_pos 371784
alloc_pos 371948
alloc_pos 372020
alloc_pos 372224
alloc_pos 372412
alloc_pos 372612
alloc_pos 372772
alloc_pos 372900
alloc_pos 372980
alloc_pos 373116
alloc_pos 373288
alloc_pos 373380
alloc_pos 373608
alloc_pos 373852
alloc_pos 373876
alloc_pos 374092
alloc_pos 374320
alloc_pos 374384
alloc_pos 374584
alloc_pos 374716
alloc_pos 374824
alloc_pos 374916
alloc_pos 374976
alloc_pos 375052
alloc_pos 375268
alloc_pos 375376
alloc_pos 375424
alloc_pos 375468
alloc_pos 375588
alloc_pos 375636
alloc_pos 375748
alloc_pos 375988
alloc_pos 376100
alloc_pos 376276
alloc_pos 376364
alloc_pos 376592
alloc_pos 376624
alloc_pos 376832
alloc_pos 376972
alloc_pos 377132
alloc_pos 377184
alloc_pos 377444
alloc_pos 377564
alloc_pos 377608
alloc_pos 377772
alloc_pos 377868
alloc_pos 378104
alloc_pos 378288
alloc_pos 378468
alloc_pos 378716
alloc_pos 378960
alloc_pos 379076
alloc_pos 379244
alloc_pos 379316
alloc_pos 379520
alloc_pos 379560
alloc_pos 379592
alloc_pos 379784
alloc_pos 379864
alloc_pos 380084
alloc_pos 380180
alloc_pos 380224
alloc_pos 380464
alloc_pos 380544
alloc_pos 380788
alloc_pos 380836
alloc_pos 380956
alloc_pos 381048
alloc_pos 381188
alloc_pos 381372
alloc_pos 381608
alloc_pos 381724
alloc_pos 381788
alloc_pos 381904
alloc_pos 382016
alloc_pos 382092
alloc_pos 382284
alloc_pos 382376
alloc_pos 382576
alloc_pos 382836
alloc_pos 383032
alloc_pos 383220
alloc_pos 383260
alloc_pos 383436
alloc_pos 383620
alloc_pos 383684
alloc_pos 383844
alloc_pos 384052
alloc_pos 384136
alloc_pos 384200
alloc_pos 384340
alloc_pos 384460
alloc_pos 384552
alloc_pos 384812
alloc_pos 384996
alloc_pos 385196
alloc_pos 385360
alloc_pos 385440
alloc_pos 385636
alloc_pos 385740
alloc_pos 385976
alloc_pos 386196
alloc_pos 386416
alloc_pos 386452
alloc_pos 386532
alloc_pos 386764
alloc_pos 386796
alloc_pos 387024
alloc_pos 387128
alloc_pos 387252
alloc_pos 387344
alloc_pos 387384
alloc_pos 387460
alloc_pos 387716
alloc_pos 387980
alloc_pos 388148
alloc_pos 388396
alloc_pos 388600
alloc_pos 388704
alloc_pos 388780
alloc_pos 388968
alloc_pos 389116
alloc_pos 389240
alloc_pos 389488
alloc_pos 389744
alloc_pos 389932
alloc_pos 390072
alloc_pos 390132
alloc_pos 390220
alloc_pos 390276
alloc_pos 390360
alloc_pos 390572
alloc_pos 390736
alloc_pos 390896
alloc_pos 390984
alloc_pos 391196
alloc_pos 391368
alloc_pos 391500
alloc_pos 391752
alloc_pos 391924
alloc_pos 392048
alloc_pos 392164
alloc_pos 392244
alloc_pos 392300
alloc_pos 392452
alloc_pos 392600
alloc_pos 392644
alloc_pos 392860
alloc_pos 392896
alloc_pos 393140
alloc_pos 393192
alloc_pos 393252
alloc_pos 393436
alloc_pos 393500
alloc_pos 393724
alloc_pos 393920
alloc_pos 394052
alloc_pos 394228
alloc_pos 394268
alloc_pos 394388
alloc_pos 394508
alloc_pos 394684
alloc_pos 394824
alloc_pos 394980
alloc_pos 395068
alloc_pos 395232
alloc_pos 395476
alloc_pos 395740
alloc_pos 395764
alloc_pos 395960
alloc_pos 396168
alloc_pos 396220
alloc_pos 396416
alloc_pos 396664
alloc_pos 396824
alloc_pos 397040
alloc_pos 397132
alloc_pos 397352
alloc_pos 397540
alloc_pos 397648
alloc_pos 397700
alloc_pos 397796
alloc_pos 397928
alloc_pos 397992
alloc_pos 398132
alloc_pos 398156
alloc_pos 398364
alloc_pos 398612
alloc_pos 398820
alloc_pos 398908
alloc_pos 399060
alloc_pos 399276
alloc_pos 399344
alloc_pos 399496
alloc_pos 399752
alloc_pos 399800
alloc_pos 400044
alloc_pos 400228
alloc_pos 400328
alloc_pos 400564
alloc_pos 400748
alloc_pos 400900
alloc_pos 401076
alloc_pos 401148
alloc_pos 401208
alloc_pos 401324
alloc_pos 401540
alloc_pos 401604
alloc_pos 401764
alloc_pos 401984
alloc_pos 402244
alloc_pos 402400
alloc_pos 402656
alloc_pos 402680
alloc_pos 402856
alloc_pos 402960
alloc_pos 403108
alloc_pos 403136
alloc_pos 403188
alloc_pos 403448
alloc_pos 403564
alloc_pos 403812
alloc_pos 404048
alloc_pos 404276
alloc_pos 404376
alloc_pos 404460
alloc_pos 404496
alloc_pos 404580
alloc_pos 404828
alloc_pos 404996
alloc_pos 405260
alloc_pos 405304
alloc_pos 405488
alloc_pos 405540
alloc_pos 405568
alloc_pos 405780
alloc_pos 405872
alloc_pos 405956
alloc_pos 406036
alloc_pos 406092
alloc_pos 406304
alloc_pos 406352
alloc_pos 406548
alloc_pos 406760
alloc_pos 407012
alloc_pos 407172
alloc_pos 407216
alloc_pos 407388
alloc_pos 407520
alloc_pos 407552
alloc_pos 407580
alloc_pos 407624
alloc_pos 407700
alloc_pos 407780
alloc_pos 407932
alloc_pos 408108
alloc_pos 408136
alloc_pos 408300
alloc_pos 408372
alloc_pos 408576
alloc_pos 408764
alloc_pos 408964
alloc_pos 409124
alloc_pos 409252
alloc_pos 409332
alloc_pos 409468
alloc_pos 409640
alloc_pos 409732
alloc_pos 409960
alloc_pos 410204
alloc_pos 410228
alloc_pos 410444
alloc_pos 410672
alloc_pos 410736
alloc_pos 410936
alloc_pos 411068
alloc_pos 411176
alloc_pos 411268
alloc_pos 411328
alloc_pos 411404
alloc_pos 411620
alloc_pos 411728
alloc_pos 411776
alloc_pos 411820
alloc_pos 411940
alloc_pos 411988
alloc_pos 412100
alloc_pos 412340
alloc_pos 412452
alloc_pos 412628
alloc_pos 412716
alloc_pos 412944
alloc_pos 412976
alloc_pos 413184
alloc_pos 413324
alloc_pos 413484
alloc_pos 413536
alloc_pos 413796
alloc_pos 413916
alloc_pos 413960
alloc_pos 414124
alloc_pos 414220
alloc_pos 414456
alloc_pos 414640
alloc_pos 414820
alloc_pos 415068
alloc_pos 415312
alloc_pos 415428
alloc_pos 415596
alloc_pos 415668
alloc_pos 415872
alloc_pos 415912
alloc_pos 415944
alloc_pos 416136
alloc_pos 416216
alloc_pos 416436
alloc_pos 416532
alloc_pos 416576
alloc_pos 416816
alloc_pos 416896
alloc_pos 417140
alloc_pos 417188
alloc_pos 417308
alloc_pos 417400
alloc_pos 417540
alloc_pos 417724
alloc_pos 417960
alloc_pos 418076
alloc_pos 418140
alloc_pos 418256
alloc_pos 418368
alloc_pos 418444
alloc_pos 418636
alloc_pos 418728
alloc_pos 418928
alloc_pos 419188
alloc_pos 419384
alloc_pos 419572
alloc_pos 419612
alloc_pos 419788
alloc_pos 419972
alloc_pos 420036
alloc_pos 420196
alloc_pos 420404
alloc_pos 420488
alloc_pos 420552
alloc_pos 420692
alloc_pos 420812
alloc_pos 420904
alloc_pos 421164
alloc_pos 421348
alloc_pos 421548
alloc_pos 421712
alloc_pos 421792
alloc_pos 421988
alloc_pos 422092
alloc_pos 422328
alloc_pos 422548
alloc_pos 422768
alloc_pos 422804
alloc_pos 422884
alloc_pos 423116
alloc_pos 423148
alloc_pos 423376
alloc_pos 423480
alloc_pos 423604
alloc_pos 423696
alloc_pos 423736
alloc_pos 423812
alloc_pos 424068
alloc_pos 424332
alloc_pos 424500
alloc_pos 424748
alloc_pos 424952
alloc_pos 425056
alloc_pos 425132
alloc_pos 425320
alloc_pos 425468
alloc_pos 425592
alloc_pos 425840
alloc_pos 426096
alloc_pos 426284
alloc_pos 426424
alloc_pos 426484
alloc_pos 426572
alloc_pos 426628
alloc_pos 426712
alloc_pos 426924
alloc_pos 427088
alloc_pos 427248
alloc_pos 427336
alloc_pos 427548
alloc_pos 427720
alloc_pos 427852
alloc_pos 428104
alloc_pos 428276
alloc_pos 428400
alloc_pos 428516
alloc_pos 428596
alloc_pos 428652
alloc_pos 428804
alloc_pos 428952
alloc_pos 428996
alloc_pos 429212
alloc_pos 429248
alloc_pos 429492
alloc_pos 429544
alloc_pos 429604
alloc_pos 429788
alloc_pos 429852
alloc_pos 430076
alloc_pos 430272
alloc_pos 430404
alloc_pos 430580
alloc_pos 430620
alloc_pos 430740
alloc_pos 430860
alloc_pos 431036
alloc_pos 431176
alloc_pos 431332
alloc_pos 431420
alloc_pos 431584
alloc_pos 431828
alloc_pos 432092
alloc_pos 432116
alloc_pos 432312
alloc_pos 432520
alloc_pos 432572
alloc_pos 432768
alloc_pos 433016
alloc_pos 433176
alloc_pos 433392
alloc_pos 433484
alloc_pos 433704
alloc_pos 433892
alloc_pos 434000
alloc_pos 434052
alloc_pos 434148
alloc_pos 434280
alloc_pos 434344
alloc_pos 434484
alloc_pos 434508
alloc_pos 434716
alloc_pos 434964
alloc_pos 435172
alloc_pos 435260
alloc_pos 435412
alloc_pos 435628
alloc_pos 435696
alloc_pos 435848
alloc_pos 436104
alloc_pos 436152
alloc_pos 436396
alloc_pos 436580
alloc_pos 436680
alloc_pos 436916
alloc_pos 437100
alloc_pos 437252
alloc_pos 437428
alloc_pos 437500
alloc_pos 437560
alloc_pos 437676
alloc_pos 437892
alloc_pos 437956
alloc_pos 438116
alloc_pos 438336
alloc_pos 438596
alloc_pos 438752
alloc_pos 439008
alloc_pos 439032
alloc_pos 439208
alloc_pos 439312
alloc_pos 439460
alloc_pos 439488
alloc_pos 439540
alloc_pos 439800
alloc_pos 439916
alloc_pos 440164
alloc_pos 440400
alloc_pos 440628
alloc_pos 440728
alloc_pos 440812
alloc_pos 440848
alloc_pos 440932
alloc_pos 441180
alloc_pos 441348
alloc_pos 441612
alloc_pos 441656
alloc_pos 441840
alloc_pos 441892
alloc_pos 441920
alloc_pos 442132
alloc_pos 442224
alloc_pos 442308
alloc_pos 442388
alloc_pos 442444
alloc_pos 442656
alloc_pos 442704
alloc_pos 442900
alloc_pos 443112
alloc_pos 443364
alloc_pos 443524
alloc_pos 443568
alloc_pos 443740
alloc_pos 443872
alloc_pos 443904
alloc_pos 443932
alloc_pos 443976
alloc_pos 444052
alloc_pos 444132
alloc_pos 444284
alloc_pos 444460
alloc_pos 444488
alloc_pos 444652
alloc_pos 444724
alloc_pos 444928
alloc_pos 445116
alloc_pos 445316
alloc_pos 445476
alloc_pos 445604
alloc_pos 445684
alloc_pos 445820
alloc_pos 445992
alloc_pos 446084
alloc_pos 446312
alloc_pos 446556
alloc_pos 446580
alloc_pos 446796
alloc_pos 447024
alloc_pos 447088
alloc_pos 447288
alloc_pos 447420
alloc_pos 447528
alloc_pos 447620
alloc_pos 447680
alloc_pos 447756
alloc_pos 447972
alloc_pos 448080
alloc_pos 448128
alloc_pos 448172
alloc_pos 448292
alloc_pos 448340
alloc_pos 448452
alloc_pos 448692
alloc_pos 448804
alloc_pos 448980
alloc_pos 449068
alloc_pos 449296
alloc_pos 449328
alloc_pos 449536
alloc_pos 449676
alloc_pos 449836
alloc_pos 449888
alloc_pos 450148
alloc_pos 450268
alloc_pos 450312
alloc_pos 450476
alloc_pos 450572
alloc_pos 450808
alloc_pos 450992
alloc_pos 451172
alloc_pos 451420
alloc_pos 451664
alloc_pos 451780
alloc_pos 451948
alloc_pos 452020
alloc_pos 452224
alloc_pos 452264
alloc_pos 452296
alloc_pos 452488
alloc_pos 452568
alloc_pos 452788
alloc_pos 452884
alloc_pos 452928
alloc_pos 453168
alloc_pos 453248
alloc_pos 453492
alloc_pos 453540
alloc_pos 453660
alloc_pos 453752
alloc_pos 453892
alloc_pos 454076
alloc_pos 454312
alloc_pos 454428
alloc_pos 454492
alloc_pos 454608
alloc_pos 454720
alloc_pos 454796
alloc_pos 454988
alloc_pos 455080
alloc_pos 455280
alloc_pos 455540
alloc_pos 455736
alloc_pos 455924
alloc_pos 455964
alloc_pos 456140
alloc_pos 456324
alloc_pos 456388
alloc_pos 456548
alloc_pos 456756
alloc_pos 456840
alloc_pos 456904
alloc_pos 457044
alloc_pos 457164
alloc_pos 457256
alloc_pos 457516
alloc_pos 457700
alloc_pos 457900
alloc_pos 458064
alloc_pos 458144
alloc_pos 458340
alloc_pos 458444
alloc_pos 458680
alloc_pos 458900
alloc_pos 459120
alloc_pos 459156
alloc_pos 459236
alloc_pos 459468
alloc_pos 459500
alloc_pos 459728
alloc_pos 459832
alloc_pos 459956
alloc_pos 460048
alloc_pos 460088
alloc_pos 460164
alloc_pos 460420
alloc_pos 460684
alloc_pos 460852
alloc_pos 461100
alloc_pos 461304
alloc_pos 461408
alloc_pos 461484
alloc_pos 461672
alloc_pos 461820
alloc_pos 461944
alloc_pos 462192
alloc_pos 462448
alloc_pos 462636
alloc_pos 462776
alloc_pos 462836
alloc_pos 462924
alloc_pos 462980
alloc_pos 463064
alloc_pos 463276
alloc_pos 463440
alloc_pos 463600
alloc_pos 463688
alloc_pos 463900
alloc_pos 464072
alloc_pos 464204
alloc_pos 464456
alloc_pos 464628
alloc_pos 464752
alloc_pos 464868
alloc_pos 464948
alloc_pos 465004
alloc_pos 465156
alloc_pos 465304
alloc_pos 465348
alloc_pos 465564
alloc_pos 465600
alloc_pos 465844
alloc_pos 465896
alloc_pos 465956
alloc_pos 466140
alloc_pos 466204
alloc_pos 466428
alloc_pos 466624
alloc_pos 466756
alloc_pos 466932
alloc_pos 466972
alloc_pos 467092
alloc_pos 467212
alloc_pos 467388
alloc_pos 467528
alloc_pos 467684
alloc_pos 467772
alloc_pos 467936
alloc_pos 468180
alloc_pos 468444
alloc_pos 468468
alloc_pos 468664
alloc_pos 468872
alloc_pos 468924
alloc_pos 469120
alloc_pos 469368
alloc_pos 469528
alloc_pos 469744
alloc_pos 469836
alloc_pos 470056
alloc_pos 470244
alloc_pos 470352
alloc_pos 470404
alloc_pos 470500
alloc_pos 470632
alloc_pos 470696
alloc_pos 470836
alloc_pos 470860
alloc_pos 471068
alloc_pos 471316
alloc_pos 471524
alloc_pos 471612
alloc_pos 471764
alloc_pos 471980
alloc_pos 472048
alloc_pos 472200
alloc_pos 472456
alloc_pos 472504
alloc_pos 472748
alloc_pos 472932
alloc_pos 473032
alloc_pos 473268
alloc_pos 473452
alloc_pos 473604
alloc_pos 473780
alloc_pos 473852
alloc_pos 473912
alloc_pos 474028
alloc_pos 474244
alloc_pos 474308
alloc_pos 474468
alloc_pos 474688
alloc_pos 474948
alloc_pos 475104
alloc_pos 475360
alloc_pos 475384
alloc_pos 475560
alloc_pos 475664
alloc_pos 475812
alloc_pos 475840
alloc_pos 475892
alloc_pos 476152
alloc_pos 476268
alloc_pos 476516
alloc_pos 476752
alloc_pos 476980
alloc_pos 477080
alloc_pos 477164
alloc_pos 477200
alloc_pos 477284
alloc_pos 477532
alloc_pos 477700
alloc_pos 477964
alloc_pos 478008
alloc_pos 478192
alloc_pos 478244
alloc_pos 478272
alloc_pos 478484
alloc_pos 478576
alloc_pos 478660
alloc_pos 478740
alloc_pos 478796
alloc_pos 479008
alloc_pos 479056
alloc_pos 479252
alloc_pos 479464
alloc_pos 479716
alloc_pos 479876
alloc_pos 479920
alloc_pos 480092
alloc_pos 480224
alloc_pos 480256
alloc_pos 480284
alloc_pos 480328
alloc_pos 480404
alloc_pos 480484
alloc_pos 480636
alloc_pos 480812
alloc_pos 480840
alloc_pos 481004
alloc_pos 481076
alloc_pos 481280
alloc_pos 481468
alloc_pos 481668
alloc_pos 481828
alloc_pos 481956
alloc_pos 482036
alloc_pos 482172
alloc_pos 482344
alloc_pos 482436
alloc_pos 482664
alloc_pos 482908
alloc_pos 482932
alloc_pos 483148
alloc_pos 483376
alloc_pos 483440
alloc_pos 483640
alloc_pos 483772
alloc_pos 483880
alloc_pos 483972
alloc_pos 484032
alloc_pos 484108
alloc_pos 484324
alloc_pos 484432
alloc_pos 484480
alloc_pos 484524
alloc_pos 484644
alloc_pos 484692
alloc_pos 484804
alloc_pos 485044
alloc_pos 485156
alloc_pos 485332
alloc_pos 485420
alloc_pos 485648
alloc_pos 485680
alloc_pos 485888
alloc_pos 486028
alloc_pos 486188
alloc_pos 486240
alloc_pos 486500
alloc_pos 486620
alloc_pos 486664
alloc_pos 486828
alloc_pos 486924
alloc_pos 487160
alloc_pos 487344
alloc_pos 487524
alloc_pos 487772
alloc_pos 488016
alloc_pos 488132
alloc_pos 488300
alloc_pos 488372
alloc_pos 488576
alloc_pos 488616
alloc_pos 488648
alloc_pos 488840
alloc_pos 488920
alloc_pos 489140
alloc_pos 489236
alloc_pos 489280
alloc_pos 489520
alloc_pos 489600
alloc_pos 489844
alloc_pos 489892
alloc_pos 490012
alloc_pos 490104
alloc_pos 490244
alloc_pos 490428
alloc_pos 490664
alloc_pos 490780
alloc_pos 490844
alloc_pos 490960
alloc_pos 491072
alloc_pos 491148
alloc_pos 491340
alloc_pos 491432
alloc_pos 491632
alloc_pos 491892
alloc_pos 492088
alloc_pos 492276
alloc_pos 492316
alloc_pos 492492
alloc_pos 492676
alloc_pos 492740
alloc_pos 492900
alloc_pos 493108
alloc_pos 493192
alloc_pos 493256
alloc_pos 493396
alloc_pos 493516
alloc_pos 493608
alloc_pos 493868
alloc_pos 494052
alloc_pos 494252
alloc_pos 494416
alloc_pos 494496
alloc_pos 494692
alloc_pos 494796
alloc_pos 495032
alloc_pos 495252
alloc_pos 495472
alloc_pos 495508
alloc_pos 495588
alloc_pos 495820
alloc_pos 495852
alloc_pos 496080
alloc_pos 496184
alloc_pos 496308
alloc_pos 496400
alloc_pos 496440
alloc_pos 496516
alloc_pos 496772
alloc_pos 497036
alloc_pos 497204
alloc_pos 497452
alloc_pos 497656
alloc_pos 497760
alloc_pos 497836
alloc_pos 498024
alloc_pos 498172
alloc_pos 498296
alloc_pos 498544
alloc_pos 498800
alloc_pos 498988
alloc_pos 499128
alloc_pos 499188
alloc_pos 499276
alloc_pos 499332
alloc_pos 499416
alloc_pos 499628
alloc_pos 499792
alloc_pos 499952
alloc_pos 500040
alloc_pos 500252
alloc_pos 500424
alloc_pos 500556
alloc_pos 500808
alloc_pos 500980
alloc_pos 501104
alloc_pos 501220
alloc_pos 501300
alloc_pos 501356
alloc_pos 501508
alloc_pos 501656
alloc_pos 501700
alloc_pos 501916
alloc_pos 501952
alloc_pos 502196
alloc_pos 502248
alloc_pos 502308
alloc_pos 502492
alloc_pos 502556
alloc_pos 502780
alloc_pos 502976
alloc_pos 503108
alloc_pos 503284
alloc_pos 503324
alloc_pos 503444
alloc_pos 503564
alloc_pos 503740
alloc_pos 503880
alloc_pos 504036
alloc_pos 504124
alloc_pos 504288
alloc_pos 504532
alloc_pos 504796
alloc_pos 504820
alloc_pos 505016
alloc_pos 505224
alloc_pos 505276
alloc_pos 505472
alloc_pos 505720
alloc_pos 505880
alloc_pos 506096
alloc_pos 506188
alloc_pos 506408
alloc_pos 506596
alloc_pos 506704
alloc_pos 506756
alloc_pos 506852
alloc_pos 506984
alloc_pos 507048
alloc_pos 507188
alloc_pos 507212
alloc_pos 507420
alloc_pos 507668
alloc_pos 507876
alloc_pos 507964
alloc_pos 508116
alloc_pos 508332
alloc_pos 508400
alloc_pos 508552
alloc_pos 508808
alloc_pos 508856
alloc_pos 509100
alloc_pos 509284
alloc_pos 509384
alloc_pos 509620
alloc_pos 509804
alloc_pos 509956
alloc_pos 510132
alloc_pos 510204
alloc_pos 510264
alloc_pos 510380
alloc_pos 510596
alloc_pos 510660
alloc_pos 510820
alloc_pos 511040
alloc_pos 511300
alloc_pos 511456
alloc_pos 511712
alloc_pos 511736
alloc_pos 511912
alloc_pos 512016
alloc_pos 512164
alloc_pos 512192
alloc_pos 512244
alloc_pos 512504
alloc_pos 512620
alloc_pos 512868
alloc_pos 513104
alloc_pos 513332
alloc_pos 513432
alloc_pos 513516
alloc_pos 513552
alloc_pos 513636
alloc_pos 513884
alloc_pos 514052
alloc_pos 514316
alloc_pos 514360
alloc_pos 514544
alloc_pos 514596
alloc_pos 514624
alloc_pos 514836
alloc_pos 514928
alloc_pos 515012
alloc_pos 515092
alloc_pos 515148
alloc_pos 515360
alloc_pos 515408
alloc_pos 515604
alloc_pos 515816
alloc_pos 516068
alloc_pos 516228
alloc_pos 516272
alloc_pos 516444
alloc_pos 516576
alloc_pos 516608
alloc_pos 516636
alloc_pos 516680
alloc_pos 516756
alloc_pos 516836
alloc_pos 516988
alloc_pos 517164
alloc_pos 517192
alloc_pos 517356
alloc_pos 517428
alloc_pos 517632
alloc_pos 517820
alloc_pos 518020
alloc_pos 518180
alloc_pos 518308
alloc_pos 518388
alloc_pos 518524
alloc_pos 518696
alloc_pos 518788
alloc_pos 519016
alloc_pos 519260
alloc_pos 519284
alloc_pos 519500
alloc_pos 519728
alloc_pos 519792
alloc_pos 519992
alloc_pos 520124
alloc_pos 520232
alloc_pos 520324
alloc_pos 520384
alloc_pos 520460
alloc_pos 520676
alloc_pos 520784
alloc_pos 520832
alloc_pos 520876
alloc_pos 520996
alloc_pos 521044
alloc_pos 521156
alloc_pos 521396
alloc_pos 521508
alloc_pos 521684
alloc_pos 521772
alloc_pos 522000
alloc_pos 522032
alloc_pos 522240
alloc_pos 522380
alloc_pos 522540
alloc_pos 522592
alloc_pos 522852
alloc_pos 522972
alloc_pos 523016
alloc_pos 523180
alloc_pos 523276
alloc_pos 523512
alloc_pos 523696
alloc_pos 523876
alloc_pos -1

