reason: unexpected exit code -6
--- stdout ---
CHENEY GENERATOR!
--- stderr ---
alloc_pos 8
alloc_pos 1040
alloc_pos 1056
alloc_pos 1228
alloc_pos 1244
alloc_pos 1484
alloc_pos 1500
alloc_pos 1572
alloc_pos 1588
alloc_pos 1844
alloc_pos 1860
alloc_pos 2020
alloc_pos 2036
alloc_pos 2296
alloc_pos 2312
alloc_pos 2424
alloc_pos 2440
alloc_pos 2580
alloc_pos 2596
alloc_pos 2632
alloc_pos 2648
alloc_pos 2840
alloc_pos 2856
alloc_pos 3008
alloc_pos 3024
alloc_pos 3100
alloc_pos 3116
alloc_pos 3292
alloc_pos 3308
alloc_pos 3388
alloc_pos 3404
alloc_pos 3660
alloc_pos 3676
alloc_pos 3772
alloc_pos 3788
alloc_pos 3936
alloc_pos 3952
alloc_pos 4152
alloc_pos 4168
alloc_pos 4392
alloc_pos 4408
alloc_pos 4484
alloc_pos 4500
alloc_pos 4608
alloc_pos 4624
alloc_pos 4760
alloc_pos 4776
alloc_pos 4816
alloc_pos 4832
alloc_pos 4920
alloc_pos 4936
alloc_pos 5008
alloc_pos 5024
alloc_pos 5088
alloc_pos 5104
alloc_pos 5148
alloc_pos 5164
alloc_pos 5300
alloc_pos 5316
alloc_pos 5536
alloc_pos 5552
alloc_pos 5712
alloc_pos 5728
alloc_pos 5844
alloc_pos 5860
alloc_pos 5932
alloc_pos 5948
alloc_pos 6092
alloc_pos 6108
alloc_pos 6332
alloc_pos 6348
alloc_pos 6452
alloc_pos 6468
alloc_pos 6552
alloc_pos 6568
alloc_pos 6752
alloc_pos 6768
alloc_pos 6992
alloc_pos 7008
alloc_pos 7132
alloc_pos 7148
alloc_pos 7280
alloc_pos 7296
alloc_pos 7372
alloc_pos 7388
alloc_pos 7428
alloc_pos 7444
alloc_pos 7576
alloc_pos 7592
alloc_pos 7732
alloc_pos 7748
alloc_pos 7848
alloc_pos 7864
alloc_pos 7940
alloc_pos 7956
alloc_pos 8008
alloc_pos 8024
alloc_pos 8212
alloc_pos 8228
alloc_pos 8460
alloc_pos 8476
alloc_pos 8656
alloc_pos 8672
alloc_pos 8868
alloc_pos 8884
alloc_pos 8992
alloc_pos 9008
alloc_pos 9200
alloc_pos 9216
alloc_pos 9456
alloc_pos 9472
alloc_pos 9720
alloc_pos 9736
alloc_pos 9828
alloc_pos 9844
alloc_pos 9968
alloc_pos 9984
alloc_pos 10208
alloc_pos 10224
alloc_pos 10344
alloc_pos 10360
alloc_pos 10440
alloc_pos 10456
alloc_pos 10588
alloc_pos 10604
alloc_pos 10644
alloc_pos 10660
alloc_pos 10784
alloc_pos 10800
alloc_pos 11012
alloc_pos 11028
alloc_pos 11220
alloc_pos 11236
alloc_pos 11364
alloc_pos 11380
alloc_pos 11404
alloc_pos 11420
alloc_pos 11664
alloc_pos 11680
alloc_pos 11820
alloc_pos 11836
alloc_pos 11912
alloc_pos 11928
alloc_pos 12088
alloc_pos 12104
alloc_pos 12152
alloc_pos 12168
alloc_pos 12280
alloc_pos 12296
alloc_pos 12520
alloc_pos 12536
alloc_pos 12564
alloc_pos 12580
alloc_pos 12696
alloc_pos 12712
alloc_pos 12916
alloc_pos 12932
alloc_pos 13048
alloc_pos 13064
alloc_pos 13088
alloc_pos 13104
alloc_pos 13192
alloc_pos 13208
alloc_pos 13376
alloc_pos 13392
alloc_pos 13624
alloc_pos 13640
alloc_pos 13700
alloc_pos 13716
alloc_pos 13748
alloc_pos 13764
alloc_pos 13896
alloc_pos 13912
alloc_pos 13980
alloc_pos 13996
alloc_pos 14088
alloc_pos 14104
alloc_pos 14144
alloc_pos 14160
alloc_pos 14376
alloc_pos 14392
alloc_pos 14452
alloc_pos 14468
alloc_pos 14592
alloc_pos 14608
alloc_pos 14804
alloc_pos 14820
alloc_pos 15028
alloc_pos 15044
alloc_pos 15276
alloc_pos 15292
alloc_pos 15408
alloc_pos 15424
alloc_pos 15676
alloc_pos 15692
alloc_pos 15880
alloc_pos 15896
alloc_pos 16064
alloc_pos 16080
alloc_pos 16224
alloc_pos 16240
alloc_pos 16304
alloc_pos 16320
alloc_pos 16468
alloc_pos 16484
alloc_pos 16724
alloc_pos 16740
alloc_pos 16988
alloc_pos 17004
alloc_pos 17156
alloc_pos 17172
alloc_pos 17272
alloc_pos 17288
alloc_pos 17532
alloc_pos 17548
alloc_pos 17792
alloc_pos 17808
alloc_pos 17876
alloc_pos 17892
alloc_pos 18092
alloc_pos 18108
alloc_pos 18264
alloc_pos 18280
alloc_pos 18476
alloc_pos 18492
alloc_pos 18736
alloc_pos 18752
alloc_pos 18776
alloc_pos 18792
alloc_pos 18836
alloc_pos 18852
alloc_pos 18892
alloc_pos 18908
alloc_pos 18940
alloc_pos 18956
alloc_pos 19124
alloc_pos 19140
alloc_pos 19252
alloc_pos 19268
alloc_pos 19428
alloc_pos 19444
alloc_pos 19708
alloc_pos 19724
alloc_pos 19924
alloc_pos 19940
alloc_pos 20188
alloc_pos 20204
alloc_pos 20340
alloc_pos 20356
alloc_pos 20592
alloc_pos 20608
alloc_pos 20840
alloc_pos 20856
alloc_pos 20908
alloc_pos 20924
alloc_pos 21120
alloc_pos 21136
alloc_pos 21340
alloc_pos 21356
alloc_pos 21536
alloc_pos 21552
alloc_pos 21772
alloc_pos 21788
alloc_pos 21964
alloc_pos 21980
alloc_pos 22208
alloc_pos 22224
alloc_pos 22364
alloc_pos 22380
alloc_pos 22604
alloc_pos 22620
alloc_pos 22804
alloc_pos 22820
alloc_pos 22876
alloc_pos 22892
alloc_pos 23088
alloc_pos 23104
alloc_pos 23172
alloc_pos 23188
alloc_pos 23448
alloc_pos 23464
alloc_pos 23688
alloc_pos 23704
alloc_pos 23776
alloc_pos 23792
alloc_pos 24004
alloc_pos 24020
alloc_pos 24280
alloc_pos 24296
alloc_pos 24548
alloc_pos 24564
alloc_pos 24728
alloc_pos 24744
alloc_pos 24880
alloc_pos 24896
alloc_pos 25144
alloc_pos 25160
alloc_pos 25216
alloc_pos 25232
alloc_pos 25276
alloc_pos 25292
alloc_pos 25352
alloc_pos 25368
alloc_pos 25616
alloc_pos 25632
alloc_pos 25732
alloc_pos 25748
alloc_pos 25856
alloc_pos 25872
alloc_pos 25992
alloc_pos 26008
alloc_pos 26048
alloc_pos 26064
alloc_pos 26100
alloc_pos 26116
alloc_pos 26280
alloc_pos 26296
alloc_pos 26460
alloc_pos 26476
alloc_pos 26676
alloc_pos 26692
alloc_pos 26804
alloc_pos 26820
alloc_pos 26960
alloc_pos 26976
alloc_pos 27012
alloc_pos 27028
alloc_pos 27100
alloc_pos 27116
alloc_pos 27208
alloc_pos 27224
alloc_pos 27420
alloc_pos 27436
alloc_pos 27668
alloc_pos 27684
alloc_pos 27788
alloc_pos 27804
alloc_pos 27848
alloc_pos 27864
alloc_pos 27956
alloc_pos 27972
alloc_pos 28232
alloc_pos 28248
alloc_pos 28308
alloc_pos 28324
alloc_pos 28412
alloc_pos 28428
alloc_pos 28568
alloc_pos 28584
alloc_pos 28660
alloc_pos 28676
alloc_pos 28808
alloc_pos 28824
alloc_pos 28876
alloc_pos 28892
alloc_pos 29048
alloc_pos 29064
alloc_pos 29292
alloc_pos 29308
alloc_pos 29560
alloc_pos 29576
alloc_pos 29680
alloc_pos 29696
alloc_pos 29780
alloc_pos 29796
alloc_pos 29844
alloc_pos 29860
alloc_pos 29952
alloc_pos 29968
alloc_pos 30156
alloc_pos 30172
alloc_pos 30420
alloc_pos 30436
alloc_pos 30504
alloc_pos 30520
alloc_pos 30544
alloc_pos 30560
alloc_pos 30584
alloc_pos 30600
alloc_pos 30784
alloc_pos 30800
alloc_pos 30924
alloc_pos 30940
alloc_pos 31180
alloc_pos 31196
alloc_pos 31376
alloc_pos 31392
alloc_pos 31532
alloc_pos 31548
alloc_pos 31736
alloc_pos 31752
alloc_pos 31920
alloc_pos 31936
alloc_pos 31968
alloc_pos 31984
alloc_pos 32212
alloc_pos 32228
alloc_pos 32336
alloc_pos 32352
alloc_pos 32436
alloc_pos 32452
alloc_pos 32676
alloc_pos 32692
alloc_pos 32784
alloc_pos 32800
alloc_pos 32944
alloc_pos 32960
alloc_pos 33152
alloc_pos 33168
alloc_pos 33240
alloc_pos 33256
alloc_pos 33420
alloc_pos 33436
alloc_pos 33608
alloc_pos 33624
alloc_pos 33784
alloc_pos 33800
alloc_pos 33904
alloc_pos 33920
alloc_pos 34028
alloc_pos 34044
alloc_pos 34072
alloc_pos 34088
alloc_pos 34348
alloc_pos 34364
alloc_pos 34420
alloc_pos 34436
alloc_pos 34532
alloc_pos 34548
alloc_pos 34660
alloc_pos 34676
alloc_pos 34872
alloc_pos 34888
alloc_pos 35004
alloc_pos 35020
alloc_pos 35272
alloc_pos 35288
alloc_pos 35412
alloc_pos 35428
alloc_pos 35552
alloc_pos 35568
alloc_pos 35752
alloc_pos 35768
alloc_pos 35804
alloc_pos 35820
alloc_pos 36032
alloc_pos 36048
alloc_pos 36128
alloc_pos 36144
alloc_pos 36300
alloc_pos 36316
alloc_pos 36356
alloc_pos 36372
alloc_pos 36448
alloc_pos 36464
alloc_pos 36524
alloc_pos 36540
alloc_pos 36732
alloc_pos 36748
alloc_pos 36800
alloc_pos 36816
alloc_pos 36876
alloc_pos 36892
alloc_pos 37000
alloc_pos 37016
alloc_pos 37068
alloc_pos 37084
alloc_pos 37200
alloc_pos 37216
alloc_pos 37244
alloc_pos 37260
alloc_pos 37396
alloc_pos 37412
alloc_pos 37656
alloc_pos 37672
alloc_pos 37864
alloc_pos 37880
alloc_pos 37952
alloc_pos 37968
alloc_pos 38164
alloc_pos 38180
alloc_pos 38372
alloc_pos 38388
alloc_pos 38584
alloc_pos 38600
alloc_pos 38832
alloc_pos 38848
alloc_pos 38964
alloc_pos 38980
alloc_pos 39132
alloc_pos 39148
alloc_pos 39340
alloc_pos 39356
alloc_pos 39540
alloc_pos 39556
alloc_pos 39720
alloc_pos 39736
alloc_pos 39812
alloc_pos 39828
alloc_pos 39884
alloc_pos 39900
alloc_pos 40040
alloc_pos 40056
alloc_pos 40216
alloc_pos 40232
alloc_pos 40396
alloc_pos 40412
alloc_pos 40516
alloc_pos 40532
alloc_pos 40632
alloc_pos 40648
alloc_pos 40844
alloc_pos 40860
alloc_pos 40960
alloc_pos 41132
alloc_pos 41372
alloc_pos 41444
alloc_pos 41700
alloc_pos 41860
alloc_pos 42120
alloc_pos 42232
alloc_pos 42372
alloc_pos 42408
alloc_pos 42600
alloc_pos 42752
alloc_pos 42828
alloc_pos 43004
alloc_pos 43084
alloc_pos 43340
alloc_pos 43436
alloc_pos 43584
alloc_pos 43784
alloc_pos 44008
alloc_pos 44084
alloc_pos 44192
alloc_pos 44328
alloc_pos 44368
alloc_pos 44456
alloc_pos 44528
alloc_pos 44592
alloc_pos 44636
alloc_pos 44772
alloc_pos 44992
alloc_pos 45152
alloc_pos 45268
alloc_pos 45340
alloc_pos 45484
alloc_pos 45708
alloc_pos 45812
alloc_pos 45896
alloc_pos 46080
alloc_pos 46304
alloc_pos 46428
alloc_pos 46560
alloc_pos 46636
alloc_pos 46676
alloc_pos 46808
alloc_pos 46948
alloc_pos 47048
alloc_pos 47124
alloc_pos 47176
alloc_pos 47364
alloc_pos 47596
alloc_pos 47776
alloc_pos 47972
alloc_pos 48080
alloc_pos 48272
alloc_pos 48512
alloc_pos 48760
alloc_pos 48852
alloc_pos 48976
alloc_pos 49200
alloc_pos 49320
alloc_pos 49400
alloc_pos 49532
alloc_pos 49572
alloc_pos 49696
alloc_pos 49908
alloc_pos 50100
alloc_pos 50228
alloc_pos 50252
alloc_pos 50496
alloc_pos 50636
alloc_pos 50712
alloc_pos 50872
alloc_pos 50920
alloc_pos 51032
alloc_pos 51256
alloc_pos 51284
alloc_pos 51400
alloc_pos 51604
alloc_pos 51720
alloc_pos 51744
alloc_pos 51832
alloc_pos 52000
alloc_pos 52232
alloc_pos 52292
alloc_pos 52324
alloc_pos 52456
alloc_pos 52524
alloc_pos 52616
alloc_pos 52656
alloc_pos 52872
alloc_pos 52932
alloc_pos 53056
alloc_pos 53252
alloc_pos 53460
alloc_pos 53692
alloc_pos 53808
alloc_pos 54060
alloc_pos 54248
alloc_pos 54416
alloc_pos 54560
alloc_pos 54624
alloc_pos 54772
alloc_pos 55012
alloc_pos 55260
alloc_pos 55412
alloc_pos 55512
alloc_pos 55756
alloc_pos 56000
alloc_pos 56068
alloc_pos 56268
alloc_pos 56424
alloc_pos 56620
alloc_pos 56864
alloc_pos 56888
alloc_pos 56932
alloc_pos 56972
alloc_pos 57004
alloc_pos 57172
alloc_pos 57284
alloc_pos 57444
alloc_pos 57708
alloc_pos 57908
alloc_pos 58156
alloc_pos 58292
alloc_pos 58528
alloc_pos 58760
alloc_pos 58812
alloc_pos 59008
alloc_pos 59212
alloc_pos 59392
alloc_pos 59612
alloc_pos 59788
alloc_pos 60016
alloc_pos 60156
alloc_pos 60380
alloc_pos 60564
alloc_pos 60620
alloc_pos 60816
alloc_pos 60884
alloc_pos 61144
alloc_pos 61368
alloc_pos 61440
alloc_pos 61652
alloc_pos 61912
alloc_pos 62164
alloc_pos 62328
alloc_pos 62464
alloc_pos 62712
alloc_pos 62768
alloc_pos 62812
alloc_pos 62872
alloc_pos 63120
alloc_pos 63220
alloc_pos 63328
alloc_pos 63448
alloc_pos 63488
alloc_pos 63524
alloc_pos 63688
alloc_pos 63852
alloc_pos 64052
alloc_pos 64164
alloc_pos 64304
alloc_pos 64340
alloc_pos 64412
alloc_pos 64504
alloc_pos 64700
alloc_pos 64932
alloc_pos 65036
alloc_pos 65080
alloc_pos 65172
alloc_pos 65432
alloc_pos 65492
alloc_pos 65580
alloc_pos 65720
alloc_pos 65796
alloc_pos 65928
alloc_pos 65980
alloc_pos 66136
alloc_pos 66364
alloc_pos 66616
alloc_pos 66720
alloc_pos 66804
alloc_pos 66852
alloc_pos 66944
alloc_pos 67132
alloc_pos 67380
alloc_pos 67448
alloc_pos 67472
alloc_pos 67496
alloc_pos 67680
alloc_pos 67804
alloc_pos 68044
alloc_pos 68224
alloc_pos 68364
alloc_pos 68552
alloc_pos 68720
alloc_pos 68752
alloc_pos 68980
alloc_pos 69088
alloc_pos 69172
alloc_pos 69396
alloc_pos 69488
alloc_pos 69632
alloc_pos 69824
alloc_pos 69896
alloc_pos 70060
alloc_pos 70232
alloc_pos 70392
alloc_pos 70496
alloc_pos 70604
alloc_pos 70632
alloc_pos 70892
alloc_pos 70948
alloc_pos 71044
alloc_pos 71156
alloc_pos 71352
alloc_pos 71468
alloc_pos 71720
alloc_pos 71844
alloc_pos 71968
alloc_pos 72152
alloc_pos 72188
alloc_pos 72400
alloc_pos 72480
alloc_pos 72636
alloc_pos 72676
alloc_pos 72752
alloc_pos 72812
alloc_pos 73004
alloc_pos 73056
alloc_pos 73116
alloc_pos 73224
alloc_pos 73276
alloc_pos 73392
alloc_pos 73420
alloc_pos 73556
alloc_pos 73800
alloc_pos 73992
alloc_pos 74064
alloc_pos 74260
alloc_pos 74452
alloc_pos 74648
alloc_pos 74880
alloc_pos 74996
alloc_pos 75148
alloc_pos 75340
alloc_pos 75524
alloc_pos 75688
alloc_pos 75764
alloc_pos 75820
alloc_pos 75960
alloc_pos 76120
alloc_pos 76284
alloc_pos 76388
alloc_pos 76488
alloc_pos 76684
alloc_pos 76784
alloc_pos 76956
alloc_pos 77196
alloc_pos 77268
alloc_pos 77524
alloc_pos 77684
alloc_pos 77944
alloc_pos 78056
alloc_pos 78196
alloc_pos 78232
alloc_pos 78424
alloc_pos 78576
alloc_pos 78652
alloc_pos 78828
alloc_pos 78908
alloc_pos 79164
alloc_pos 79260
alloc_pos 79408
alloc_pos 79608
alloc_pos 79832
alloc_pos 79908
alloc_pos 80016
alloc_pos 80152
alloc_pos 80192
alloc_pos 80280
alloc_pos 80352
alloc_pos 80416
alloc_pos 80460
alloc_pos 80596
alloc_pos 80816
alloc_pos 80976
alloc_pos 81092
alloc_pos 81164
alloc_pos 81308
alloc_pos 81532
alloc_pos 81636
alloc_pos 81720
alloc_pos 81904
alloc_pos 82128
alloc_pos 82252
alloc_pos 82384
alloc_pos 82460
alloc_pos 82500
alloc_pos 82632
alloc_pos 82772
alloc_pos 82872
alloc_pos 82948
alloc_pos 83000
alloc_pos 83188
alloc_pos 83420
alloc_pos 83600
alloc_pos 83796
alloc_pos 83904
alloc_pos 84096
alloc_pos 84336
alloc_pos 84584
alloc_pos 84676
alloc_pos 84800
alloc_pos 85024
alloc_pos 85144
alloc_pos 85224
alloc_pos 85356
alloc_pos 85396
alloc_pos 85520
alloc_pos 85732
alloc_pos 85924
alloc_pos 86052
alloc_pos 86076
alloc_pos 86320
alloc_pos 86460
alloc_pos 86536
alloc_pos 86696
alloc_pos 86744
alloc_pos 86856
alloc_pos 87080
alloc_pos 87108
alloc_pos 87224
alloc_pos 87428
alloc_pos 87544
alloc_pos 87568
alloc_pos 87656
alloc_pos 87824
alloc_pos 88056
alloc_pos 88116
alloc_pos 88148
alloc_pos 88280
alloc_pos 88348
alloc_pos 88440
alloc_pos 88480
alloc_pos 88696
alloc_pos 88756
alloc_pos 88880
alloc_pos 89076
alloc_pos 89284
alloc_pos 89516
alloc_pos 89632
alloc_pos 89884
alloc_pos 90072
alloc_pos 90240
alloc_pos 90384
alloc_pos 90448
alloc_pos 90596
alloc_pos 90836
alloc_pos 91084
alloc_pos 91236
alloc_pos 91336
alloc_pos 91580
alloc_pos 91824
alloc_pos 91892
alloc_pos 92092
alloc_pos 92248
alloc_pos 92444
alloc_pos 92688
alloc_pos 92712
alloc_pos 92756
alloc_pos 92796
alloc_pos 92828
alloc_pos 92996
alloc_pos 93108
alloc_pos 93268
alloc_pos 93532
alloc_pos 93732
alloc_pos 93980
alloc_pos 94116
alloc_pos 94352
alloc_pos 94584
alloc_pos 94636
alloc_pos 94832
alloc_pos 95036
alloc_pos 95216
alloc_pos 95436
alloc_pos 95612
alloc_pos 95840
alloc_pos 95980
alloc_pos 96204
alloc_pos 96388
alloc_pos 96444
alloc_pos 96640
alloc_pos 96708
alloc_pos 96968
alloc_pos 97192
alloc_pos 97264
alloc_pos 97476
alloc_pos 97736
alloc_pos 97988
alloc_pos 98152
alloc_pos 98288
alloc_pos 98536
alloc_pos 98592
alloc_pos 98636
alloc_pos 98696
alloc_pos 98944
alloc_pos 99044
alloc_pos 99152
alloc_pos 99272
alloc_pos 99312
alloc_pos 99348
alloc_pos 99512
alloc_pos 99676
alloc_pos 99876
alloc_pos 99988
alloc_pos 100128
alloc_pos 100164
alloc_pos 100236
alloc_pos 100328
alloc_pos 100524
alloc_pos 100756
alloc_pos 100860
alloc_pos 100904
alloc_pos 100996
alloc_pos 101256
alloc_pos 101316
alloc_pos 101404
alloc_pos 101544
alloc_pos 101620
alloc_pos 101752
alloc_pos 101804
alloc_pos 101960
alloc_pos 102188
alloc_pos 102440
alloc_pos 102544
alloc_pos 102628
alloc_pos 102676
alloc_pos 102768
alloc_pos 102956
alloc_pos 103204
alloc_pos 103272
alloc_pos 103296
alloc_pos 103320
alloc_pos 103504
alloc_pos 103628
alloc_pos 103868
alloc_pos 104048
alloc_pos 104188
alloc_pos 104376
alloc_pos 104544
alloc_pos 104576
alloc_pos 104804
alloc_pos 104912
alloc_pos 104996
alloc_pos 105220
alloc_pos 105312
alloc_pos 105456
alloc_pos 105648
alloc_pos 105720
alloc_pos 105884
alloc_pos 106056
alloc_pos 106216
alloc_pos 106320
alloc_pos 106428
alloc_pos 106456
alloc_pos 106716
alloc_pos 106772
alloc_pos 106868
alloc_pos 106980
alloc_pos 107176
alloc_pos 107292
alloc_pos 107544
alloc_pos 107668
alloc_pos 107792
alloc_pos 107976
alloc_pos 108012
alloc_pos 108224
alloc_pos 108304
alloc_pos 108460
alloc_pos 108500
alloc_pos 108576
alloc_pos 108636
alloc_pos 108828
alloc_pos 108880
alloc_pos 108940
alloc_pos 109048
alloc_pos 109100
alloc_pos 109216
alloc_pos 109244
alloc_pos 109380
alloc_pos 109624
alloc_pos 109816
alloc_pos 109888
alloc_pos 110084
alloc_pos 110276
alloc_pos 110472
alloc_pos 110704
alloc_pos 110820
alloc_pos 110972
alloc_pos 111164
alloc_pos 111348
alloc_pos 111512
alloc_pos 111588
alloc_pos 111644
alloc_pos 111784
alloc_pos 111944
alloc_pos 112108
alloc_pos 112212
alloc_pos 112312
alloc_pos 112508
alloc_pos 112608
alloc_pos 112780
alloc_pos 113020
alloc_pos 113092
alloc_pos 113348
alloc_pos 113508
alloc_pos 113768
alloc_pos 113880
alloc_pos 114020
alloc_pos 114056
alloc_pos 114248
alloc_pos 114400
alloc_pos 114476
alloc_pos 114652
alloc_pos 114732
alloc_pos 114988
alloc_pos 115084
alloc_pos 115232
alloc_pos 115432
alloc_pos 115656
alloc_pos 115732
alloc_pos 115840
alloc_pos 115976
alloc_pos 116016
alloc_pos 116104
alloc_pos 116176
alloc_pos 116240
alloc_pos 116284
alloc_pos 116420
alloc_pos 116640
alloc_pos 116800
alloc_pos 116916
alloc_pos 116988
alloc_pos 117132
alloc_pos 117356
alloc_pos 117460
alloc_pos 117544
alloc_pos 117728
alloc_pos 117952
alloc_pos 118076
alloc_pos 118208
alloc_pos 118284
alloc_pos 118324
alloc_pos 118456
alloc_pos 118596
alloc_pos 118696
alloc_pos 118772
alloc_pos 118824
alloc_pos 119012
alloc_pos 119244
alloc_pos 119424
alloc_pos 119620
alloc_pos 119728
alloc_pos 119920
alloc_pos 120160
alloc_pos 120408
alloc_pos 120500
alloc_pos 120624
alloc_pos 120848
alloc_pos 120968
alloc_pos 121048
alloc_pos 121180
alloc_pos 121220
alloc_pos 121344
alloc_pos 121556
alloc_pos 121748
alloc_pos 121876
alloc_pos 121900
alloc_pos 122144
alloc_pos 122284
alloc_pos 122360
alloc_pos 122520
alloc_pos 122568
alloc_pos 122680
alloc_pos 122904
alloc_pos 122932
alloc_pos 123048
alloc_pos 123252
alloc_pos 123368
alloc_pos 123392
alloc_pos 123480
alloc_pos 123648
alloc_pos 123880
alloc_pos 123940
alloc_pos 123972
alloc_pos 124104
alloc_pos 124172
alloc_pos 124264
alloc_pos 124304
alloc_pos 124520
alloc_pos 124580
alloc_pos 124704
alloc_pos 124900
alloc_pos 125108
alloc_pos 125340
alloc_pos 125456
alloc_pos 125708
alloc_pos 125896
alloc_pos 126064
alloc_pos 126208
alloc_pos 126272
alloc_pos 126420
alloc_pos 126660
alloc_pos 126908
alloc_pos 127060
alloc_pos 127160
alloc_pos 127404
alloc_pos 127648
alloc_pos 127716
alloc_pos 127916
alloc_pos 128072
alloc_pos 128268
alloc_pos 128512
alloc_pos 128536
alloc_pos 128580
alloc_pos 128620
alloc_pos 128652
alloc_pos 128820
alloc_pos 128932
alloc_pos 129092
alloc_pos 129356
alloc_pos 129556
alloc_pos 129804
alloc_pos 129940
alloc_pos 130176
alloc_pos 130408
alloc_pos 130460
alloc_pos 130656
alloc_pos 130860
alloc_pos 131040
alloc_pos 131260
alloc_pos 131436
alloc_pos 131664
alloc_pos 131804
alloc_pos 132028
alloc_pos 132212
alloc_pos 132268
alloc_pos 132464
alloc_pos 132532
alloc_pos 132792
alloc_pos 133016
alloc_pos 133088
alloc_pos 133300
alloc_pos 133560
alloc_pos 133812
alloc_pos 133976
alloc_pos 134112
alloc_pos 134360
alloc_pos 134416
alloc_pos 134460
alloc_pos 134520
alloc_pos 134768
alloc_pos 134868
alloc_pos 134976
alloc_pos 135096
alloc_pos 135136
alloc_pos 135172
alloc_pos 135336
alloc_pos 135500
alloc_pos 135700
alloc_pos 135812
alloc_pos 135952
alloc_pos 135988
alloc_pos 136060
alloc_pos 136152
alloc_pos 136348
alloc_pos 136580
alloc_pos 136684
alloc_pos 136728
alloc_pos 136820
alloc_pos 137080
alloc_pos 137140
alloc_pos 137228
alloc_pos 137368
alloc_pos 137444
alloc_pos 137576
alloc_pos 137628
alloc_pos 137784
alloc_pos 138012
alloc_pos 138264
alloc_pos 138368
alloc_pos 138452
alloc_pos 138500
alloc_pos 138592
alloc_pos 138780
alloc_pos 139028
alloc_pos 139096
alloc_pos 139120
alloc_pos 139144
alloc_pos 139328
alloc_pos 139452
alloc_pos 139692
alloc_pos 139872
alloc_pos 140012
alloc_pos 140200
alloc_pos 140368
alloc_pos 140400
alloc_pos 140628
alloc_pos 140736
alloc_pos 140820
alloc_pos 141044
alloc_pos 141136
alloc_pos 141280
alloc_pos 141472
alloc_pos 141544
alloc_pos 141708
alloc_pos 141880
alloc_pos 142040
alloc_pos 142144
alloc_pos 142252
alloc_pos 142280
alloc_pos 142540
alloc_pos 142596
alloc_pos 142692
alloc_pos 142804
alloc_pos 143000
alloc_pos 143116
alloc_pos 143368
alloc_pos 143492
alloc_pos 143616
alloc_pos 143800
alloc_pos 143836
alloc_pos 144048
alloc_pos 144128
alloc_pos 144284
alloc_pos 144324
alloc_pos 144400
alloc_pos 144460
alloc_pos 144652
alloc_pos 144704
alloc_pos 144764
alloc_pos 144872
alloc_pos 144924
alloc_pos 145040
alloc_pos 145068
alloc_pos 145204
alloc_pos 145448
alloc_pos 145640
alloc_pos 145712
alloc_pos 145908
alloc_pos 146100
alloc_pos 146296
alloc_pos 146528
alloc_pos 146644
alloc_pos 146796
alloc_pos 146988
alloc_pos 147172
alloc_pos 147336
alloc_pos 147412
alloc_pos 147468
alloc_pos 147608
alloc_pos 147768
alloc_pos 147932
alloc_pos 148036
alloc_pos 148136
alloc_pos 148332
alloc_pos 148432
alloc_pos 148604
alloc_pos 148844
alloc_pos 148916
alloc_pos 149172
alloc_pos 149332
alloc_pos 149592
alloc_pos 149704
alloc_pos 149844
alloc_pos 149880
alloc_pos 150072
alloc_pos 150224
alloc_pos 150300
alloc_pos 150476
alloc_pos 150556
alloc_pos 150812
alloc_pos 150908
alloc_pos 151056
alloc_pos 151256
alloc_pos 151480
alloc_pos 151556
alloc_pos 151664
alloc_pos 151800
alloc_pos 151840
alloc_pos 151928
alloc_pos 152000
alloc_pos 152064
alloc_pos 152108
alloc_pos 152244
alloc_pos 152464
alloc_pos 152624
alloc_pos 152740
alloc_pos 152812
alloc_pos 152956
alloc_pos 153180
alloc_pos 153284
alloc_pos 153368
alloc_pos 153552
alloc_pos 153776
alloc_pos 153900
alloc_pos 154032
alloc_pos 154108
alloc_pos 154148
alloc_pos 154280
alloc_pos 154420
alloc_pos 154520
alloc_pos 154596
alloc_pos 154648
alloc_pos 154836
alloc_pos 155068
alloc_pos 155248
alloc_pos 155444
alloc_pos 155552
alloc_pos 155744
alloc_pos 155984
alloc_pos 156232
alloc_pos 156324
alloc_pos 156448
alloc_pos 156672
alloc_pos 156792
alloc_pos 156872
alloc_pos 157004
alloc_pos 157044
alloc_pos 157168
alloc_pos 157380
alloc_pos 157572
alloc_pos 157700
alloc_pos 157724
alloc_pos 157968
alloc_pos 158108
alloc_pos 158184
alloc_pos 158344
alloc_pos 158392
alloc_pos 158504
alloc_pos 158728
alloc_pos 158756
alloc_pos 158872
alloc_pos 159076
alloc_pos 159192
alloc_pos 159216
alloc_pos 159304
alloc_pos 159472
alloc_pos 159704
alloc_pos 159764
alloc_pos 159796
alloc_pos 159928
alloc_pos 159996
alloc_pos 160088
alloc_pos 160128
alloc_pos 160344
alloc_pos 160404
alloc_pos 160528
alloc_pos 160724
alloc_pos 160932
alloc_pos 161164
alloc_pos 161280
alloc_pos 161532
alloc_pos 161720
alloc_pos 161888
alloc_pos 162032
alloc_pos 162096
alloc_pos 162244
alloc_pos 162484
alloc_pos 162732
alloc_pos 162884
alloc_pos 162984
alloc_pos 163228
alloc_pos 163472
alloc_pos 163540
alloc_pos 163740
alloc_pos 163896
alloc_pos 164092
alloc_pos 164336
alloc_pos 164360
alloc_pos 164404
alloc_pos 164444
alloc_pos 164476
alloc_pos 164644
alloc_pos 164756
alloc_pos 164916
alloc_pos 165180
alloc_pos 165380
alloc_pos 165628
alloc_pos 165764
alloc_pos 166000
alloc_pos 166232
alloc_pos 166284
alloc_pos 166480
alloc_pos 166684
alloc_pos 166864
alloc_pos 167084
alloc_pos 167260
alloc_pos 167488
alloc_pos 167628
alloc_pos 167852
alloc_pos 168036
alloc_pos 168092
alloc_pos 168288
alloc_pos 168356
alloc_pos 168616
alloc_pos 168840
alloc_pos 168912
alloc_pos 169124
alloc_pos 169384
alloc_pos 169636
alloc_pos 169800
alloc_pos 169936
alloc_pos 170184
alloc_pos 170240
alloc_pos 170284
alloc_pos 170344
alloc_pos 170592
alloc_pos 170692
alloc_pos 170800
alloc_pos 170920
alloc_pos 170960
alloc_pos 170996
alloc_pos 171160
alloc_pos 171324
alloc_pos 171524
alloc_pos 171636
alloc_pos 171776
alloc_pos 171812
alloc_pos 171884
alloc_pos 171976
alloc_pos 172172
alloc_pos 172404
alloc_pos 172508
alloc_pos 172552
alloc_pos 172644
alloc_pos 172904
alloc_pos 172964
alloc_pos 173052
alloc_pos 173192
alloc_pos 173268
alloc_pos 173400
alloc_pos 173452
alloc_pos 173608
alloc_pos 173836
alloc_pos 174088
alloc_pos 174192
alloc_pos 174276
alloc_pos 174324
alloc_pos 174416
alloc_pos 174604
alloc_pos 174852
alloc_pos 174920
alloc_pos 174944
alloc_pos 174968
alloc_pos 175152
alloc_pos 175276
alloc_pos 175516
alloc_pos 175696
alloc_pos 175836
alloc_pos 176024
alloc_pos 176192
alloc_pos 176224
alloc_pos 176452
alloc_pos 176560
alloc_pos 176644
alloc_pos 176868
alloc_pos 176960
alloc_pos 177104
alloc_pos 177296
alloc_pos 177368
alloc_pos 177532
alloc_pos 177704
alloc_pos 177864
alloc_pos 177968
alloc_pos 178076
alloc_pos 178104
alloc_pos 178364
alloc_pos 178420
alloc_pos 178516
alloc_pos 178628
alloc_pos 178824
alloc_pos 178940
alloc_pos 179192
alloc_pos 179316
alloc_pos 179440
alloc_pos 179624
alloc_pos 179660
alloc_pos 179872
alloc_pos 179952
alloc_pos 180108
alloc_pos 180148
alloc_pos 180224
alloc_pos 180284
alloc_pos 180476
alloc_pos 180528
alloc_pos 180588
alloc_pos 180696
alloc_pos 180748
alloc_pos 180864
alloc_pos 180892
alloc_pos 181028
alloc_pos 181272
alloc_pos 181464
alloc_pos 181536
alloc_pos 181732
alloc_pos 181924
alloc_pos 182120
alloc_pos 182352
alloc_pos 182468
alloc_pos 182620
alloc_pos 182812
alloc_pos 182996
alloc_pos 183160
alloc_pos 183236
alloc_pos 183292
alloc_pos 183432
alloc_pos 183592
alloc_pos 183756
alloc_pos 183860
alloc_pos 183960
alloc_pos 184156
alloc_pos 184256
alloc_pos 184428
alloc_pos 184668
alloc_pos 184740
alloc_pos 184996
alloc_pos 185156
alloc_pos 185416
alloc_pos 185528
alloc_pos 185668
alloc_pos 185704
alloc_pos 185896
alloc_pos 186048
alloc_pos 186124
alloc_pos 186300
alloc_pos 186380
alloc_pos 186636
alloc_pos 186732
alloc_pos 186880
alloc_pos 187080
alloc_pos 187304
alloc_pos 187380
alloc_pos 187488
alloc_pos 187624
alloc_pos 187664
alloc_pos 187752
alloc_pos 187824
alloc_pos 187888
alloc_pos 187932
alloc_pos 188068
alloc_pos 188288
alloc_pos 188448
alloc_pos 188564
alloc_pos 188636
alloc_pos 188780
alloc_pos 189004
alloc_pos 189108
alloc_pos 189192
alloc_pos 189376
alloc_pos 189600
alloc_pos 189724
alloc_pos 189856
alloc_pos 189932
alloc_pos 189972
alloc_pos 190104
alloc_pos 190244
alloc_pos 190344
alloc_pos 190420
alloc_pos 190472
alloc_pos 190660
alloc_pos 190892
alloc_pos 191072
alloc_pos 191268
alloc_pos 191376
alloc_pos 191568
alloc_pos 191808
alloc_pos 192056
alloc_pos 192148
alloc_pos 192272
alloc_pos 192496
alloc_pos 192616
alloc_pos 192696
alloc_pos 192828
alloc_pos 192868
alloc_pos 192992
alloc_pos 193204
alloc_pos 193396
alloc_pos 193524
alloc_pos 193548
alloc_pos 193792
alloc_pos 193932
alloc_pos 194008
alloc_pos 194168
alloc_pos 194216
alloc_pos 194328
alloc_pos 194552
alloc_pos 194580
alloc_pos 194696
alloc_pos 194900
alloc_pos 195016
alloc_pos 195040
alloc_pos 195128
alloc_pos 195296
alloc_pos 195528
alloc_pos 195588
alloc_pos 195620
alloc_pos 195752
alloc_pos 195820
alloc_pos 195912
alloc_pos 195952
alloc_pos 196168
alloc_pos 196228
alloc_pos 196352
alloc_pos 196548
alloc_pos 196756
alloc_pos 196988
alloc_pos 197104
alloc_pos 197356
alloc_pos 197544
alloc_pos 197712
alloc_pos 197856
alloc_pos 197920
alloc_pos 198068
alloc_pos 198308
alloc_pos 198556
alloc_pos 198708
alloc_pos 198808
alloc_pos 199052
alloc_pos 199296
alloc_pos 199364
alloc_pos 199564
alloc_pos 199720
alloc_pos 199916
alloc_pos 200160
alloc_pos 200184
alloc_pos 200228
alloc_pos 200268
alloc_pos 200300
alloc_pos 200468
alloc_pos 200580
alloc_pos 200740
alloc_pos 201004
alloc_pos 201204
alloc_pos 201452
alloc_pos 201588
alloc_pos 201824
alloc_pos 202056
alloc_pos 202108
alloc_pos 202304
alloc_pos 202508
alloc_pos 202688
alloc_pos 202908
alloc_pos 203084
alloc_pos 203312
alloc_pos 203452
alloc_pos 203676
alloc_pos 203860
alloc_pos 203916
alloc_pos 204112
alloc_pos 204180
alloc_pos 204440
alloc_pos 204664
alloc_pos 204736
alloc_pos 204948
alloc_pos 205208
alloc_pos 205460
alloc_pos 205624
alloc_pos 205760
alloc_pos 206008
alloc_pos 206064
alloc_pos 206108
alloc_pos 206168
alloc_pos 206416
alloc_pos 206516
alloc_pos 206624
alloc_pos 206744
alloc_pos 206784
alloc_pos 206820
alloc_pos 206984
alloc_pos 207148
alloc_pos 207348
alloc_pos 207460
alloc_pos 207600
alloc_pos 207636
alloc_pos 207708
alloc_pos 207800
alloc_pos 207996
alloc_pos 208228
alloc_pos 208332
alloc_pos 208376
alloc_pos 208468
alloc_pos 208728
alloc_pos 208788
alloc_pos 208876
alloc_pos 209016
alloc_pos 209092
alloc_pos 209224
alloc_pos 209276
alloc_pos 209432
alloc_pos 209660
alloc_pos 209912
alloc_pos 210016
alloc_pos 210100
alloc_pos 210148
alloc_pos 210240
alloc_pos 210428
alloc_pos 210676
alloc_pos 210744
alloc_pos 210768
alloc_pos 210792
alloc_pos 210976
alloc_pos 211100
alloc_pos 211340
alloc_pos 211520
alloc_pos 211660
alloc_pos 211848
alloc_pos 212016
alloc_pos 212048
alloc_pos 212276
alloc_pos 212384
alloc_pos 212468
alloc_pos 212692
alloc_pos 212784
alloc_pos 212928
alloc_pos 213120
alloc_pos 213192
alloc_pos 213356
alloc_pos 213528
alloc_pos 213688
alloc_pos 213792
alloc_pos 213900
alloc_pos 213928
alloc_pos 214188
alloc_pos 214244
alloc_pos 214340
alloc_pos 214452
alloc_pos 214648
alloc_pos 214764
alloc_pos 215016
alloc_pos 215140
alloc_pos 215264
alloc_pos 215448
alloc_pos 215484
alloc_pos 215696
alloc_pos 215776
alloc_pos 215932
alloc_pos 215972
alloc_pos 216048
alloc_pos 216108
alloc_pos 216300
alloc_pos 216352
alloc_pos 216412
alloc_pos 216520
alloc_pos 216572
alloc_pos 216688
alloc_pos 216716
alloc_pos 216852
alloc_pos 217096
alloc_pos 217288
alloc_pos 217360
alloc_pos 217556
alloc_pos 217748
alloc_pos 217944
alloc_pos 218176
alloc_pos 218292
alloc_pos 218444
alloc_pos 218636
alloc_pos 218820
alloc_pos 218984
alloc_pos 219060
alloc_pos 219116
alloc_pos 219256
alloc_pos 219416
alloc_pos 219580
alloc_pos 219684
alloc_pos 219784
alloc_pos 219980
alloc_pos 220080
alloc_pos 220252
alloc_pos 220492
alloc_pos 220564
alloc_pos 220820
alloc_pos 220980
alloc_pos 221240
alloc_pos 221352
alloc_pos 221492
alloc_pos 221528
alloc_pos 221720
alloc_pos 221872
alloc_pos 221948
alloc_pos 222124
alloc_pos 222204
alloc_pos 222460
alloc_pos 222556
alloc_pos 222704
alloc_pos 222904
alloc_pos 223128
alloc_pos 223204
alloc_pos 223312
alloc_pos 223448
alloc_pos 223488
alloc_pos 223576
alloc_pos 223648
alloc_pos 223712
alloc_pos 223756
alloc_pos 223892
alloc_pos 224112
alloc_pos 224272
alloc_pos 224388
alloc_pos 224460
alloc_pos 224604
alloc_pos 224828
alloc_pos 224932
alloc_pos 225016
alloc_pos 225200
alloc_pos 225424
alloc_pos 225548
alloc_pos 225680
alloc_pos 225756
alloc_pos 225796
alloc_pos 225928
alloc_pos 226068
alloc_pos 226168
alloc_pos 226244
alloc_pos 226296
alloc_pos 226484
alloc_pos 226716
alloc_pos 226896
alloc_pos 227092
alloc_pos 227200
alloc_pos 227392
alloc_pos 227632
alloc_pos 227880
alloc_pos 227972
alloc_pos 228096
alloc_pos 228320
alloc_pos 228440
alloc_pos 228520
alloc_pos 228652
alloc_pos 228692
alloc_pos 228816
alloc_pos 229028
alloc_pos 229220
alloc_pos 229348
alloc_pos 229372
alloc_pos 229616
alloc_pos 229756
alloc_pos 229832
alloc_pos 229992
alloc_pos 230040
alloc_pos 230152
alloc_pos 230376
alloc_pos 230404
alloc_pos 230520
alloc_pos 230724
alloc_pos 230840
alloc_pos 230864
alloc_pos 230952
alloc_pos 231120
alloc_pos 231352
alloc_pos 231412
alloc_pos 231444
alloc_pos 231576
alloc_pos 231644
alloc_pos 231736
alloc_pos 231776
alloc_pos 231992
alloc_pos 232052
alloc_pos 232176
alloc_pos 232372
alloc_pos 232580
alloc_pos 232812
alloc_pos 232928
alloc_pos 233180
alloc_pos 233368
alloc_pos 233536
alloc_pos 233680
alloc_pos 233744
alloc_pos 233892
alloc_pos 234132
alloc_pos 234380
alloc_pos 234532
alloc_pos 234632
alloc_pos 234876
alloc_pos 235120
alloc_pos 235188
alloc_pos 235388
alloc_pos 235544
alloc_pos 235740
alloc_pos 235984
alloc_pos 236008
alloc_pos 236052
alloc_pos 236092
alloc_pos 236124
alloc_pos 236292
alloc_pos 236404
alloc_pos 236564
alloc_pos 236828
alloc_pos 237028
alloc_pos 237276
alloc_pos 237412
alloc_pos 237648
alloc_pos 237880
alloc_pos 237932
alloc_pos 238128
alloc_pos 238332
alloc_pos 238512
alloc_pos 238732
alloc_pos 238908
alloc_pos 239136
alloc_pos 239276
alloc_pos 239500
alloc_pos 239684
alloc_pos 239740
alloc_pos 239936
alloc_pos 240004
alloc_pos 240264
alloc_pos 240488
alloc_pos 240560
alloc_pos 240772
alloc_pos 241032
alloc_pos 241284
alloc_pos 241448
alloc_pos 241584
alloc_pos 241832
alloc_pos 241888
alloc_pos 241932
alloc_pos 241992
alloc_pos 242240
alloc_pos 242340
alloc_pos 242448
alloc_pos 242568
alloc_pos 242608
alloc_pos 242644
alloc_pos 242808
alloc_pos 242972
alloc_pos 243172
alloc_pos 243284
alloc_pos 243424
alloc_pos 243460
alloc_pos 243532
alloc_pos 243624
alloc_pos 243820
alloc_pos 244052
alloc_pos 244156
alloc_pos 244200
alloc_pos 244292
alloc_pos 244552
alloc_pos 244612
alloc_pos 244700
alloc_pos 244840
alloc_pos 244916
alloc_pos 245048
alloc_pos 245100
alloc_pos 245256
alloc_pos 245484
alloc_pos 245736
alloc_pos 245840
alloc_pos 245924
alloc_pos 245972
alloc_pos 246064
alloc_pos 246252
alloc_pos 246500
alloc_pos 246568
alloc_pos 246592
alloc_pos 246616
alloc_pos 246800
alloc_pos 246924
alloc_pos 247164
alloc_pos 247344
alloc_pos 247484
alloc_pos 247672
alloc_pos 247840
alloc_pos 247872
alloc_pos 248100
alloc_pos 248208
alloc_pos 248292
alloc_pos 248516
alloc_pos 248608
alloc_pos 248752
alloc_pos 248944
alloc_pos 249016
alloc_pos 249180
alloc_pos 249352
alloc_pos 249512
alloc_pos 249616
alloc_pos 249724
alloc_pos 249752
alloc_pos 250012
alloc_pos 250068
alloc_pos 250164
alloc_pos 250276
alloc_pos 250472
alloc_pos 250588
alloc_pos 250840
alloc_pos 250964
alloc_pos 251088
alloc_pos 251272
alloc_pos 251308
alloc_pos 251520
alloc_pos 251600
alloc_pos 251756
alloc_pos 251796
alloc_pos 251872
alloc_pos 251932
alloc_pos 252124
alloc_pos 252176
alloc_pos 252236
alloc_pos 252344
alloc_pos 252396
alloc_pos 252512
alloc_pos 252540
alloc_pos 252676
alloc_pos 252920
alloc_pos 253112
alloc_pos 253184
alloc_pos 253380
alloc_pos 253572
alloc_pos 253768
alloc_pos 254000
alloc_pos 254116
alloc_pos 254268
alloc_pos 254460
alloc_pos 254644
alloc_pos 254808
alloc_pos 254884
alloc_pos 254940
alloc_pos 255080
alloc_pos 255240
alloc_pos 255404
alloc_pos 255508
alloc_pos 255608
alloc_pos 255804
alloc_pos 255904
alloc_pos 256076
alloc_pos 256316
alloc_pos 256388
alloc_pos 256644
alloc_pos 256804
alloc_pos 257064
alloc_pos 257176
alloc_pos 257316
alloc_pos 257352
alloc_pos 257544
alloc_pos 257696
alloc_pos 257772
alloc_pos 257948
alloc_pos 258028
alloc_pos 258284
alloc_pos 258380
alloc_pos 258528
alloc_pos 258728
alloc_pos 258952
alloc_pos 259028
alloc_pos 259136
alloc_pos 259272
alloc_pos 259312
alloc_pos 259400
alloc_pos 259472
alloc_pos 259536
alloc_pos 259580
alloc_pos 259716
alloc_pos 259936
alloc_pos 260096
alloc_pos 260212
alloc_pos 260284
alloc_pos 260428
alloc_pos 260652
alloc_pos 260756
alloc_pos 260840
alloc_pos 261024
alloc_pos 261248
alloc_pos 261372
alloc_pos 261504
alloc_pos 261580
alloc_pos 261620
alloc_pos 261752
alloc_pos 261892
alloc_pos 261992
alloc_pos 262068
alloc_pos -1

