reason: unexpected exit code -6
--- stdout ---
CHENEY GENERATOR!
--- stderr ---
alloc_pos 8
alloc_pos 1040
alloc_pos 1056
alloc_pos 1124
alloc_pos 1140
alloc_pos 1164
alloc_pos 1180
alloc_pos 1328
alloc_pos 1344
alloc_pos 1384
alloc_pos 1400
alloc_pos 1612
alloc_pos 1628
alloc_pos 1784
alloc_pos 1800
alloc_pos 1944
alloc_pos 1960
alloc_pos 2216
alloc_pos 2232
alloc_pos 2476
alloc_pos 2492
alloc_pos 2740
alloc_pos 2756
alloc_pos 2820
alloc_pos 2836
alloc_pos 2988
alloc_pos 3004
alloc_pos 3224
alloc_pos 3240
alloc_pos 3472
alloc_pos 3488
alloc_pos 3708
alloc_pos 3724
alloc_pos 3952
alloc_pos 3968
alloc_pos 4052
alloc_pos 4068
alloc_pos 4144
alloc_pos 4160
alloc_pos 4252
alloc_pos 4268
alloc_pos 4312
alloc_pos 4328
alloc_pos 4360
alloc_pos 4376
alloc_pos 4452
alloc_pos 4468
alloc_pos 4540
alloc_pos 4556
alloc_pos 4728
alloc_pos 4744
alloc_pos 4784
alloc_pos 4800
alloc_pos 4996
alloc_pos 5012
alloc_pos 5160
alloc_pos 5176
alloc_pos 5240
alloc_pos 5256
alloc_pos 5408
alloc_pos 5424
alloc_pos 5636
alloc_pos 5652
alloc_pos 5700
alloc_pos 5716
alloc_pos 5884
alloc_pos 5900
alloc_pos 6008
alloc_pos 6024
alloc_pos 6164
alloc_pos 6180
alloc_pos 6204
alloc_pos 6220
alloc_pos 6372
alloc_pos 6388
alloc_pos 6444
alloc_pos 6460
alloc_pos 6704
alloc_pos 6720
alloc_pos 6896
alloc_pos 6912
alloc_pos 7024
alloc_pos 7040
alloc_pos 7224
alloc_pos 7240
alloc_pos 7296
alloc_pos 7312
alloc_pos 7368
alloc_pos 7384
alloc_pos 7584
alloc_pos 7600
alloc_pos 7784
alloc_pos 7800
alloc_pos 7940
alloc_pos 7956
alloc_pos 8200
alloc_pos 8216
alloc_pos 8436
alloc_pos 8452
alloc_pos 8528
alloc_pos 8544
alloc_pos 8676
alloc_pos 8692
alloc_pos 8720
alloc_pos 8736
alloc_pos 8960
alloc_pos 8976
alloc_pos 9040
alloc_pos 9056
alloc_pos 9196
alloc_pos 9212
alloc_pos 9352
alloc_pos 9368
alloc_pos 9468
alloc_pos 9484
alloc_pos 9584
alloc_pos 9600
alloc_pos 9692
alloc_pos 9708
alloc_pos 9784
alloc_pos 9800
alloc_pos 9928
alloc_pos 9944
alloc_pos 10060
alloc_pos 10076
alloc_pos 10328
alloc_pos 10344
alloc_pos 10452
alloc_pos 10468
alloc_pos 10576
alloc_pos 10592
alloc_pos 10624
alloc_pos 10640
alloc_pos 10776
alloc_pos 10792
alloc_pos 10952
alloc_pos 10968
alloc_pos 11060
alloc_pos 11076
alloc_pos 11180
alloc_pos 11196
alloc_pos 11268
alloc_pos 11284
alloc_pos 11480
alloc_pos 11496
alloc_pos 11732
alloc_pos 11748
alloc_pos 11804
alloc_pos 11820
alloc_pos 11876
alloc_pos 11892
alloc_pos 12112
alloc_pos 12128
alloc_pos 12288
alloc_pos 12304
alloc_pos 12412
alloc_pos 12428
alloc_pos 12628
alloc_pos 12644
alloc_pos 12896
alloc_pos 12912
alloc_pos 13016
alloc_pos 13032
alloc_pos 13264
alloc_pos 13280
alloc_pos 13504
alloc_pos 13520
alloc_pos 13760
alloc_pos 13776
alloc_pos 13988
alloc_pos 14004
alloc_pos 14204
alloc_pos 14220
alloc_pos 14260
alloc_pos 14276
alloc_pos 14300
alloc_pos 14316
alloc_pos 14532
alloc_pos 14548
alloc_pos 14792
alloc_pos 14808
alloc_pos 15044
alloc_pos 15060
alloc_pos 15144
alloc_pos 15160
alloc_pos 15412
alloc_pos 15428
alloc_pos 15564
alloc_pos 15580
alloc_pos 15712
alloc_pos 15728
alloc_pos 15956
alloc_pos 15972
alloc_pos 16072
alloc_pos 16088
alloc_pos 16160
alloc_pos 16176
alloc_pos 16248
alloc_pos 16264
alloc_pos 16424
alloc_pos 16440
alloc_pos 16648
alloc_pos 16664
alloc_pos 16904
alloc_pos 16920
alloc_pos 17012
alloc_pos 17028
alloc_pos 17076
alloc_pos 17092
alloc_pos 17248
alloc_pos 17264
alloc_pos 17420
alloc_pos 17436
alloc_pos 17680
alloc_pos 17696
alloc_pos 17812
alloc_pos 17828
alloc_pos 17920
alloc_pos 17936
alloc_pos 17996
alloc_pos 18012
alloc_pos 18136
alloc_pos 18152
alloc_pos 18408
alloc_pos 18424
alloc_pos 18660
alloc_pos 18676
alloc_pos 18836
alloc_pos 18852
alloc_pos 18880
alloc_pos 18896
alloc_pos 19024
alloc_pos 19040
alloc_pos 19136
alloc_pos 19152
alloc_pos 19384
alloc_pos 19400
alloc_pos 19656
alloc_pos 19672
alloc_pos 19912
alloc_pos 19928
alloc_pos 20032
alloc_pos 20048
alloc_pos 20264
alloc_pos 20280
alloc_pos 20420
alloc_pos 20436
alloc_pos 20684
alloc_pos 20700
alloc_pos 20960
alloc_pos 20976
alloc_pos 21032
alloc_pos 21048
alloc_pos 21108
alloc_pos 21124
alloc_pos 21328
alloc_pos 21344
alloc_pos 21412
alloc_pos 21428
alloc_pos 21552
alloc_pos 21568
alloc_pos 21672
alloc_pos 21688
alloc_pos 21904
alloc_pos 21920
alloc_pos 22100
alloc_pos 22116
alloc_pos 22292
alloc_pos 22308
alloc_pos 22572
alloc_pos 22588
alloc_pos 22712
alloc_pos 22728
alloc_pos 22808
alloc_pos 22824
alloc_pos 23040
alloc_pos 23056
alloc_pos 23136
alloc_pos 23152
alloc_pos 23240
alloc_pos 23256
alloc_pos 23360
alloc_pos 23376
alloc_pos 23640
alloc_pos 23656
alloc_pos 23748
alloc_pos 23764
alloc_pos 23804
alloc_pos 23820
alloc_pos 23876
alloc_pos 23892
alloc_pos 24052
alloc_pos 24068
alloc_pos 24328
alloc_pos 24344
alloc_pos 24380
alloc_pos 24396
alloc_pos 24544
alloc_pos 24560
alloc_pos 24596
alloc_pos 24612
alloc_pos 24648
alloc_pos 24664
alloc_pos 24808
alloc_pos 24824
alloc_pos 24868
alloc_pos 24884
alloc_pos 25116
alloc_pos 25132
alloc_pos 25272
alloc_pos 25288
alloc_pos 25448
alloc_pos 25464
alloc_pos 25624
alloc_pos 25640
alloc_pos 25676
alloc_pos 25692
alloc_pos 25852
alloc_pos 25868
alloc_pos 26004
alloc_pos 26020
alloc_pos 26252
alloc_pos 26268
alloc_pos 26416
alloc_pos 26432
alloc_pos 26624
alloc_pos 26640
alloc_pos 26740
alloc_pos 26756
alloc_pos 26788
alloc_pos 26804
alloc_pos 27008
alloc_pos 27024
alloc_pos 27128
alloc_pos 27144
alloc_pos 27372
alloc_pos 27388
alloc_pos 27588
alloc_pos 27604
alloc_pos 27772
alloc_pos 27788
alloc_pos 28028
alloc_pos 28044
alloc_pos 28284
alloc_pos 28300
alloc_pos 28332
alloc_pos 28348
alloc_pos 28608
alloc_pos 28624
alloc_pos 28788
alloc_pos 28804
alloc_pos 28996
alloc_pos 29012
alloc_pos 29156
alloc_pos 29172
alloc_pos 29248
alloc_pos 29264
alloc_pos 29464
alloc_pos 29480
alloc_pos 29664
alloc_pos 29680
alloc_pos 29860
alloc_pos 29876
alloc_pos 30028
alloc_pos 30044
alloc_pos 30244
alloc_pos 30260
alloc_pos 30292
alloc_pos 30308
alloc_pos 30564
alloc_pos 30580
alloc_pos 30816
alloc_pos 30832
alloc_pos 30940
alloc_pos 30956
alloc_pos 31076
alloc_pos 31092
alloc_pos 31336
alloc_pos 31352
alloc_pos 31512
alloc_pos 31528
alloc_pos 31764
alloc_pos 31780
alloc_pos 31996
alloc_pos 32012
alloc_pos 32156
alloc_pos 32172
alloc_pos 32412
alloc_pos 32428
alloc_pos 32460
alloc_pos 32476
alloc_pos 32552
alloc_pos 32568
alloc_pos 32648
alloc_pos -1

