reason: unexpected exit code -6
--- stdout ---
CHENEY GENERATOR!
--- stderr ---
alloc_pos 8
alloc_pos 1040
alloc_pos 2072
alloc_pos 3104
alloc_pos 3368
alloc_pos 3424
alloc_pos 3592
alloc_pos 3832
alloc_pos 4060
alloc_pos 4276
alloc_pos 4316
alloc_pos 4404
alloc_pos 4456
alloc_pos 4604
alloc_pos 4820
alloc_pos 4956
alloc_pos 5100
alloc_pos 5288
alloc_pos 5408
alloc_pos 5632
alloc_pos 5708
alloc_pos 5756
alloc_pos 5904
alloc_pos 5932
alloc_pos 6184
alloc_pos 6420
alloc_pos 6540
alloc_pos 6672
alloc_pos 6848
alloc_pos 7064
alloc_pos 7284
alloc_pos 7308
alloc_pos 7508
alloc_pos 7644
alloc_pos 7736
alloc_pos 7944
alloc_pos 8172
alloc_pos 8252
alloc_pos 8424
alloc_pos 8688
alloc_pos 8736
alloc_pos 8988
alloc_pos 9092
alloc_pos 9120
alloc_pos 9148
alloc_pos 9176
alloc_pos 9364
alloc_pos 9524
alloc_pos 9548
alloc_pos 9812
alloc_pos 10060
alloc_pos 10180
alloc_pos 10376
alloc_pos 10452
alloc_pos 10584
alloc_pos 10792
alloc_pos 10820
alloc_pos 10976
alloc_pos 11056
alloc_pos 11272
alloc_pos 11408
alloc_pos 11672
alloc_pos 11820
alloc_pos 11984
alloc_pos 12064
alloc_pos 12176
alloc_pos 12256
alloc_pos 12452
alloc_pos 12532
alloc_pos 12748
alloc_pos 12888
alloc_pos 13152
alloc_pos 13248
alloc_pos 13508
alloc_pos 13536
alloc_pos 13664
alloc_pos 13900
alloc_pos 14156
alloc_pos 14320
alloc_pos 14580
alloc_pos 14768
alloc_pos 14816
alloc_pos 14884
alloc_pos 15068
alloc_pos 15276
alloc_pos 15520
alloc_pos 15616
alloc_pos 15668
alloc_pos 15880
alloc_pos 15988
alloc_pos 16240
alloc_pos 16448
alloc_pos 16652
alloc_pos 16804
alloc_pos 17064
alloc_pos 17196
alloc_pos 17348
alloc_pos 17584
alloc_pos 17840
alloc_pos 18032
alloc_pos 18104
alloc_pos 18204
alloc_pos 18300
alloc_pos 18472
alloc_pos 18720
alloc_pos 18868
alloc_pos 19108
alloc_pos 19372
alloc_pos 19524
alloc_pos 19648
alloc_pos 19820
alloc_pos 20060
alloc_pos 20092
alloc_pos 20236
alloc_pos 20320
alloc_pos 20532
alloc_pos 20760
alloc_pos 20884
alloc_pos 21012
alloc_pos 21204
alloc_pos 21272
alloc_pos 21388
alloc_pos 21552
alloc_pos 21800
alloc_pos 22000
alloc_pos 22220
alloc_pos 22416
alloc_pos 22628
alloc_pos 22744
alloc_pos 22788
alloc_pos 22924
alloc_pos 23116
alloc_pos 23268
alloc_pos 23316
alloc_pos 23536
alloc_pos 23600
alloc_pos 23756
alloc_pos 23992
alloc_pos 24116
alloc_pos 24232
alloc_pos 24380
alloc_pos 24588
alloc_pos 24616
alloc_pos 24760
alloc_pos 24792
alloc_pos 24892
alloc_pos 25096
alloc_pos 25336
alloc_pos 25516
alloc_pos 25688
alloc_pos 25860
alloc_pos 25984
alloc_pos 26172
alloc_pos 26236
alloc_pos 26300
alloc_pos 26452
alloc_pos 26532
alloc_pos 26556
alloc_pos 26776
alloc_pos 26848
alloc_pos 27008
alloc_pos 27264
alloc_pos 27508
alloc_pos 27672
alloc_pos 27752
alloc_pos 27876
alloc_pos 28028
alloc_pos 28140
alloc_pos 28404
alloc_pos 28644
alloc_pos 28812
alloc_pos 28924
alloc_pos 29064
alloc_pos 29320
alloc_pos 29412
alloc_pos 29604
alloc_pos 29768
alloc_pos 29944
alloc_pos 30152
alloc_pos 30176
alloc_pos 30296
alloc_pos 30520
alloc_pos 30760
alloc_pos 30992
alloc_pos 31240
alloc_pos 31504
alloc_pos 31716
alloc_pos 31868
alloc_pos 32096
alloc_pos 32152
alloc_pos 32308
alloc_pos 32528
alloc_pos 32692
alloc_pos 32768
alloc_pos 32900
alloc_pos 33164
alloc_pos 33200
alloc_pos 33344
alloc_pos 33588
alloc_pos 33704
alloc_pos 33872
alloc_pos 34036
alloc_pos 34108
alloc_pos 34372
alloc_pos 34524
alloc_pos 34652
alloc_pos 34800
alloc_pos 35032
alloc_pos 35144
alloc_pos 35272
alloc_pos 35384
alloc_pos 35408
alloc_pos 35568
alloc_pos 35728
alloc_pos 35908
alloc_pos 36132
alloc_pos 36312
alloc_pos 36420
alloc_pos 36560
alloc_pos 36736
alloc_pos 36764
alloc_pos 36992
alloc_pos 37072
alloc_pos 37256
alloc_pos 37324
alloc_pos 37488
alloc_pos 37660
alloc_pos 37728
alloc_pos 37972
alloc_pos 38016
alloc_pos 38244
alloc_pos 38408
alloc_pos 38636
alloc_pos 38876
alloc_pos 39108
alloc_pos 39368
alloc_pos 39456
alloc_pos 39488
alloc_pos 39724
alloc_pos 39988
alloc_pos 40184
alloc_pos 40224
alloc_pos 40268
alloc_pos 40512
alloc_pos 40540
alloc_pos 40676
alloc_pos 40700
alloc_pos 40916
alloc_pos 41132
alloc_pos 41224
alloc_pos 41308
alloc_pos 41400
alloc_pos 41452
alloc_pos 41680
alloc_pos 41860
alloc_pos 41928
alloc_pos 42040
alloc_pos 42136
alloc_pos 42176
alloc_pos 42240
alloc_pos 42304
alloc_pos 42360
alloc_pos 42528
alloc_pos 42768
alloc_pos 42996
alloc_pos 43212
alloc_pos 43252
alloc_pos 43340
alloc_pos 43392
alloc_pos 43540
alloc_pos 43756
alloc_pos 43892
alloc_pos 44036
alloc_pos 44224
alloc_pos 44344
alloc_pos 44568
alloc_pos 44644
alloc_pos 44692
alloc_pos 44840
alloc_pos 44868
alloc_pos 45120
alloc_pos 45356
alloc_pos 45476
alloc_pos 45608
alloc_pos 45784
alloc_pos 46000
alloc_pos 46220
alloc_pos 46244
alloc_pos 46444
alloc_pos 46580
alloc_pos 46672
alloc_pos 46880
alloc_pos 47108
alloc_pos 47188
alloc_pos 47360
alloc_pos 47624
alloc_pos 47672
alloc_pos 47924
alloc_pos 48028
alloc_pos 48056
alloc_pos 48084
alloc_pos 48112
alloc_pos 48300
alloc_pos 48460
alloc_pos 48484
alloc_pos 48748
alloc_pos 48996
alloc_pos 49116
alloc_pos 49312
alloc_pos 49388
alloc_pos 49520
alloc_pos 49728
alloc_pos 49756
alloc_pos 49912
alloc_pos 49992
alloc_pos 50208
alloc_pos 50344
alloc_pos 50608
alloc_pos 50756
alloc_pos 50920
alloc_pos 51000
alloc_pos 51112
alloc_pos 51192
alloc_pos 51388
alloc_pos 51468
alloc_pos 51684
alloc_pos 51824
alloc_pos 52088
alloc_pos 52184
alloc_pos 52444
alloc_pos 52472
alloc_pos 52600
alloc_pos 52836
alloc_pos 53092
alloc_pos 53256
alloc_pos 53516
alloc_pos 53704
alloc_pos 53752
alloc_pos 53820
alloc_pos 54004
alloc_pos 54212
alloc_pos 54456
alloc_pos 54552
alloc_pos 54604
alloc_pos 54816
alloc_pos 54924
alloc_pos 55176
alloc_pos 55384
alloc_pos 55588
alloc_pos 55740
alloc_pos 56000
alloc_pos 56132
alloc_pos 56284
alloc_pos 56520
alloc_pos 56776
alloc_pos 56968
alloc_pos 57040
alloc_pos 57140
alloc_pos 57236
alloc_pos 57408
alloc_pos 57656
alloc_pos 57804
alloc_pos 58044
alloc_pos 58308
alloc_pos 58460
alloc_pos 58584
alloc_pos 58756
alloc_pos 58996
alloc_pos 59028
alloc_pos 59172
alloc_pos 59256
alloc_pos 59468
alloc_pos 59696
alloc_pos 59820
alloc_pos 59948
alloc_pos 60140
alloc_pos 60208
alloc_pos 60324
alloc_pos 60488
alloc_pos 60736
alloc_pos 60936
alloc_pos 61156
alloc_pos 61352
alloc_pos 61564
alloc_pos 61680
alloc_pos 61724
alloc_pos 61860
alloc_pos 62052
alloc_pos 62204
alloc_pos 62252
alloc_pos 62472
alloc_pos 62536
alloc_pos 62692
alloc_pos 62928
alloc_pos 63052
alloc_pos 63168
alloc_pos 63316
alloc_pos 63524
alloc_pos 63552
alloc_pos 63696
alloc_pos 63728
alloc_pos 63828
alloc_pos 64032
alloc_pos 64272
alloc_pos 64452
alloc_pos 64624
alloc_pos 64796
alloc_pos 64920
alloc_pos 65108
alloc_pos 65172
alloc_pos 65236
alloc_pos 65388
alloc_pos 65468
alloc_pos 65492
alloc_pos 65712
alloc_pos 65784
alloc_pos 65944
alloc_pos 66200
alloc_pos 66444
alloc_pos 66608
alloc_pos 66688
alloc_pos 66812
alloc_pos 66964
alloc_pos 67076
alloc_pos 67340
alloc_pos 67580
alloc_pos 67748
alloc_pos 67860
alloc_pos 68000
alloc_pos 68256
alloc_pos 68348
alloc_pos 68540
alloc_pos 68704
alloc_pos 68880
alloc_pos 69088
alloc_pos 69112
alloc_pos 69232
alloc_pos 69456
alloc_pos 69696
alloc_pos 69928
alloc_pos 70176
alloc_pos 70440
alloc_pos 70652
alloc_pos 70804
alloc_pos 71032
alloc_pos 71088
alloc_pos 71244
alloc_pos 71464
alloc_pos 71628
alloc_pos 71704
alloc_pos 71836
alloc_pos 72100
alloc_pos 72136
alloc_pos 72280
alloc_pos 72524
alloc_pos 72640
alloc_pos 72808
alloc_pos 72972
alloc_pos 73044
alloc_pos 73308
alloc_pos 73460
alloc_pos 73588
alloc_pos 73736
alloc_pos 73968
alloc_pos 74080
alloc_pos 74208
alloc_pos 74320
alloc_pos 74344
alloc_pos 74504
alloc_pos 74664
alloc_pos 74844
alloc_pos 75068
alloc_pos 75248
alloc_pos 75356
alloc_pos 75496
alloc_pos 75672
alloc_pos 75700
alloc_pos 75928
alloc_pos 76008
alloc_pos 76192
alloc_pos 76260
alloc_pos 76424
alloc_pos 76596
alloc_pos 76664
alloc_pos 76908
alloc_pos 76952
alloc_pos 77180
alloc_pos 77344
alloc_pos 77572
alloc_pos 77812
alloc_pos 78044
alloc_pos 78304
alloc_pos 78392
alloc_pos 78424
alloc_pos 78660
alloc_pos 78924
alloc_pos 79120
alloc_pos 79160
alloc_pos 79204
alloc_pos 79448
alloc_pos 79476
alloc_pos 79612
alloc_pos 79636
alloc_pos 79852
alloc_pos 80068
alloc_pos 80160
alloc_pos 80244
alloc_pos 80336
alloc_pos 80388
alloc_pos 80616
alloc_pos 80796
alloc_pos 80864
alloc_pos 80976
alloc_pos 81072
alloc_pos 81112
alloc_pos 81176
alloc_pos 81240
alloc_pos 81296
alloc_pos 81464
alloc_pos 81704
alloc_pos 81932
alloc_pos 82148
alloc_pos 82188
alloc_pos 82276
alloc_pos 82328
alloc_pos 82476
alloc_pos 82692
alloc_pos 82828
alloc_pos 82972
alloc_pos 83160
alloc_pos 83280
alloc_pos 83504
alloc_pos 83580
alloc_pos 83628
alloc_pos 83776
alloc_pos 83804
alloc_pos 84056
alloc_pos 84292
alloc_pos 84412
alloc_pos 84544
alloc_pos 84720
alloc_pos 84936
alloc_pos 85156
alloc_pos 85180
alloc_pos 85380
alloc_pos 85516
alloc_pos 85608
alloc_pos 85816
alloc_pos 86044
alloc_pos 86124
alloc_pos 86296
alloc_pos 86560
alloc_pos 86608
alloc_pos 86860
alloc_pos 86964
alloc_pos 86992
alloc_pos 87020
alloc_pos 87048
alloc_pos 87236
alloc_pos 87396
alloc_pos 87420
alloc_pos 87684
alloc_pos 87932
alloc_pos 88052
alloc_pos 88248
alloc_pos 88324
alloc_pos 88456
alloc_pos 88664
alloc_pos 88692
alloc_pos 88848
alloc_pos 88928
alloc_pos 89144
alloc_pos 89280
alloc_pos 89544
alloc_pos 89692
alloc_pos 89856
alloc_pos 89936
alloc_pos 90048
alloc_pos 90128
alloc_pos 90324
alloc_pos 90404
alloc_pos 90620
alloc_pos 90760
alloc_pos 91024
alloc_pos 91120
alloc_pos 91380
alloc_pos 91408
alloc_pos 91536
alloc_pos 91772
alloc_pos 92028
alloc_pos 92192
alloc_pos 92452
alloc_pos 92640
alloc_pos 92688
alloc_pos 92756
alloc_pos 92940
alloc_pos 93148
alloc_pos 93392
alloc_pos 93488
alloc_pos 93540
alloc_pos 93752
alloc_pos 93860
alloc_pos 94112
alloc_pos 94320
alloc_pos 94524
alloc_pos 94676
alloc_pos 94936
alloc_pos 95068
alloc_pos 95220
alloc_pos 95456
alloc_pos 95712
alloc_pos 95904
alloc_pos 95976
alloc_pos 96076
alloc_pos 96172
alloc_pos 96344
alloc_pos 96592
alloc_pos 96740
alloc_pos 96980
alloc_pos 97244
alloc_pos 97396
alloc_pos 97520
alloc_pos 97692
alloc_pos 97932
alloc_pos 97964
alloc_pos 98108
alloc_pos 98192
alloc_pos 98404
alloc_pos 98632
alloc_pos 98756
alloc_pos 98884
alloc_pos 99076
alloc_pos 99144
alloc_pos 99260
alloc_pos 99424
alloc_pos 99672
alloc_pos 99872
alloc_pos 100092
alloc_pos 100288
alloc_pos 100500
alloc_pos 100616
alloc_pos 100660
alloc_pos 100796
alloc_pos 100988
alloc_pos 101140
alloc_pos 101188
alloc_pos 101408
alloc_pos 101472
alloc_pos 101628
alloc_pos 101864
alloc_pos 101988
alloc_pos 102104
alloc_pos 102252
alloc_pos 102460
alloc_pos 102488
alloc_pos 102632
alloc_pos 102664
alloc_pos 102764
alloc_pos 102968
alloc_pos 103208
alloc_pos 103388
alloc_pos 103560
alloc_pos 103732
alloc_pos 103856
alloc_pos 104044
alloc_pos 104108
alloc_pos 104172
alloc_pos 104324
alloc_pos 104404
alloc_pos 104428
alloc_pos 104648
alloc_pos 104720
alloc_pos 104880
alloc_pos 105136
alloc_pos 105380
alloc_pos 105544
alloc_pos 105624
alloc_pos 105748
alloc_pos 105900
alloc_pos 106012
alloc_pos 106276
alloc_pos 106516
alloc_pos 106684
alloc_pos 106796
alloc_pos 106936
alloc_pos 107192
alloc_pos 107284
alloc_pos 107476
alloc_pos 107640
alloc_pos 107816
alloc_pos 108024
alloc_pos 108048
alloc_pos 108168
alloc_pos 108392
alloc_pos 108632
alloc_pos 108864
alloc_pos 109112
alloc_pos 109376
alloc_pos 109588
alloc_pos 109740
alloc_pos 109968
alloc_pos 110024
alloc_pos 110180
alloc_pos 110400
alloc_pos 110564
alloc_pos 110640
alloc_pos 110772
alloc_pos 111036
alloc_pos 111072
alloc_pos 111216
alloc_pos 111460
alloc_pos 111576
alloc_pos 111744
alloc_pos 111908
alloc_pos 111980
alloc_pos 112244
alloc_pos 112396
alloc_pos 112524
alloc_pos 112672
alloc_pos 112904
alloc_pos 113016
alloc_pos 113144
alloc_pos 113256
alloc_pos 113280
alloc_pos 113440
alloc_pos 113600
alloc_pos 113780
alloc_pos 114004
alloc_pos 114184
alloc_pos 114292
alloc_pos 114432
alloc_pos 114608
alloc_pos 114636
alloc_pos 114864
alloc_pos 114944
alloc_pos 115128
alloc_pos 115196
alloc_pos 115360
alloc_pos 115532
alloc_pos 115600
alloc_pos 115844
alloc_pos 115888
alloc_pos 116116
alloc_pos 116280
alloc_pos 116508
alloc_pos 116748
alloc_pos 116980
alloc_pos 117240
alloc_pos 117328
alloc_pos 117360
alloc_pos 117596
alloc_pos 117860
alloc_pos 118056
alloc_pos 118096
alloc_pos 118140
alloc_pos 118384
alloc_pos 118412
alloc_pos 118548
alloc_pos 118572
alloc_pos 118788
alloc_pos 119004
alloc_pos 119096
alloc_pos 119180
alloc_pos 119272
alloc_pos 119324
alloc_pos 119552
alloc_pos 119732
alloc_pos 119800
alloc_pos 119912
alloc_pos 120008
alloc_pos 120048
alloc_pos 120112
alloc_pos 120176
alloc_pos 120232
alloc_pos 120400
alloc_pos 120640
alloc_pos 120868
alloc_pos 121084
alloc_pos 121124
alloc_pos 121212
alloc_pos 121264
alloc_pos 121412
alloc_pos 121628
alloc_pos 121764
alloc_pos 121908
alloc_pos 122096
alloc_pos 122216
alloc_pos 122440
alloc_pos 122516
alloc_pos 122564
alloc_pos 122712
alloc_pos 122740
alloc_pos 122992
alloc_pos 123228
alloc_pos 123348
alloc_pos 123480
alloc_pos 123656
alloc_pos 123872
alloc_pos 124092
alloc_pos 124116
alloc_pos 124316
alloc_pos 124452
alloc_pos 124544
alloc_pos 124752
alloc_pos 124980
alloc_pos 125060
alloc_pos 125232
alloc_pos 125496
alloc_pos 125544
alloc_pos 125796
alloc_pos 125900
alloc_pos 125928
alloc_pos 125956
alloc_pos 125984
alloc_pos 126172
alloc_pos 126332
alloc_pos 126356
alloc_pos 126620
alloc_pos 126868
alloc_pos 126988
alloc_pos 127184
alloc_pos 127260
alloc_pos 127392
alloc_pos 127600
alloc_pos 127628
alloc_pos 127784
alloc_pos 127864
alloc_pos 128080
alloc_pos 128216
alloc_pos 128480
alloc_pos 128628
alloc_pos 128792
alloc_pos 128872
alloc_pos 128984
alloc_pos 129064
alloc_pos 129260
alloc_pos 129340
alloc_pos 129556
alloc_pos 129696
alloc_pos 129960
alloc_pos 130056
alloc_pos 130316
alloc_pos 130344
alloc_pos 130472
alloc_pos 130708
alloc_pos 130964
alloc_pos 131128
alloc_pos 131388
alloc_pos 131576
alloc_pos 131624
alloc_pos 131692
alloc_pos 131876
alloc_pos 132084
alloc_pos 132328
alloc_pos 132424
alloc_pos 132476
alloc_pos 132688
alloc_pos 132796
alloc_pos 133048
alloc_pos 133256
alloc_pos 133460
alloc_pos 133612
alloc_pos 133872
alloc_pos 134004
alloc_pos 134156
alloc_pos 134392
alloc_pos 134648
alloc_pos 134840
alloc_pos 134912
alloc_pos 135012
alloc_pos 135108
alloc_pos 135280
alloc_pos 135528
alloc_pos 135676
alloc_pos 135916
alloc_pos 136180
alloc_pos 136332
alloc_pos 136456
alloc_pos 136628
alloc_pos 136868
alloc_pos 136900
alloc_pos 137044
alloc_pos 137128
alloc_pos 137340
alloc_pos 137568
alloc_pos 137692
alloc_pos 137820
alloc_pos 138012
alloc_pos 138080
alloc_pos 138196
alloc_pos 138360
alloc_pos 138608
alloc_pos 138808
alloc_pos 139028
alloc_pos 139224
alloc_pos 139436
alloc_pos 139552
alloc_pos 139596
alloc_pos 139732
alloc_pos 139924
alloc_pos 140076
alloc_pos 140124
alloc_pos 140344
alloc_pos 140408
alloc_pos 140564
alloc_pos 140800
alloc_pos 140924
alloc_pos 141040
alloc_pos 141188
alloc_pos 141396
alloc_pos 141424
alloc_pos 141568
alloc_pos 141600
alloc_pos 141700
alloc_pos 141904
alloc_pos 142144
alloc_pos 142324
alloc_pos 142496
alloc_pos 142668
alloc_pos 142792
alloc_pos 142980
alloc_pos 143044
alloc_pos 143108
alloc_pos 143260
alloc_pos 143340
alloc_pos 143364
alloc_pos 143584
alloc_pos 143656
alloc_pos 143816
alloc_pos 144072
alloc_pos 144316
alloc_pos 144480
alloc_pos 144560
alloc_pos 144684
alloc_pos 144836
alloc_pos 144948
alloc_pos 145212
alloc_pos 145452
alloc_pos 145620
alloc_pos 145732
alloc_pos 145872
alloc_pos 146128
alloc_pos 146220
alloc_pos 146412
alloc_pos 146576
alloc_pos 146752
alloc_pos 146960
alloc_pos 146984
alloc_pos 147104
alloc_pos 147328
alloc_pos 147568
alloc_pos 147800
alloc_pos 148048
alloc_pos 148312
alloc_pos 148524
alloc_pos 148676
alloc_pos 148904
alloc_pos 148960
alloc_pos 149116
alloc_pos 149336
alloc_pos 149500
alloc_pos 149576
alloc_pos 149708
alloc_pos 149972
alloc_pos 150008
alloc_pos 150152
alloc_pos 150396
alloc_pos 150512
alloc_pos 150680
alloc_pos 150844
alloc_pos 150916
alloc_pos 151180
alloc_pos 151332
alloc_pos 151460
alloc_pos 151608
alloc_pos 151840
alloc_pos 151952
alloc_pos 152080
alloc_pos 152192
alloc_pos 152216
alloc_pos 152376
alloc_pos 152536
alloc_pos 152716
alloc_pos 152940
alloc_pos 153120
alloc_pos 153228
alloc_pos 153368
alloc_pos 153544
alloc_pos 153572
alloc_pos 153800
alloc_pos 153880
alloc_pos 154064
alloc_pos 154132
alloc_pos 154296
alloc_pos 154468
alloc_pos 154536
alloc_pos 154780
alloc_pos 154824
alloc_pos 155052
alloc_pos 155216
alloc_pos 155444
alloc_pos 155684
alloc_pos 155916
alloc_pos 156176
alloc_pos 156264
alloc_pos 156296
alloc_pos 156532
alloc_pos 156796
alloc_pos 156992
alloc_pos 157032
alloc_pos 157076
alloc_pos 157320
alloc_pos 157348
alloc_pos 157484
alloc_pos 157508
alloc_pos 157724
alloc_pos 157940
alloc_pos 158032
alloc_pos 158116
alloc_pos 158208
alloc_pos 158260
alloc_pos 158488
alloc_pos 158668
alloc_pos 158736
alloc_pos 158848
alloc_pos 158944
alloc_pos 158984
alloc_pos 159048
alloc_pos 159112
alloc_pos 159168
alloc_pos 159336
alloc_pos 159576
alloc_pos 159804
alloc_pos 160020
alloc_pos 160060
alloc_pos 160148
alloc_pos 160200
alloc_pos 160348
alloc_pos 160564
alloc_pos 160700
alloc_pos 160844
alloc_pos 161032
alloc_pos 161152
alloc_pos 161376
alloc_pos 161452
alloc_pos 161500
alloc_pos 161648
alloc_pos 161676
alloc_pos 161928
alloc_pos 162164
alloc_pos 162284
alloc_pos 162416
alloc_pos 162592
alloc_pos 162808
alloc_pos 163028
alloc_pos 163052
alloc_pos 163252
alloc_pos 163388
alloc_pos 163480
alloc_pos 163688
alloc_pos 163916
alloc_pos 163996
alloc_pos 164168
alloc_pos 164432
alloc_pos 164480
alloc_pos 164732
alloc_pos 164836
alloc_pos 164864
alloc_pos 164892
alloc_pos 164920
alloc_pos 165108
alloc_pos 165268
alloc_pos 165292
alloc_pos 165556
alloc_pos 165804
alloc_pos 165924
alloc_pos 166120
alloc_pos 166196
alloc_pos 166328
alloc_pos 166536
alloc_pos 166564
alloc_pos 166720
alloc_pos 166800
alloc_pos 167016
alloc_pos 167152
alloc_pos 167416
alloc_pos 167564
alloc_pos 167728
alloc_pos 167808
alloc_pos 167920
alloc_pos 168000
alloc_pos 168196
alloc_pos 168276
alloc_pos 168492
alloc_pos 168632
alloc_pos 168896
alloc_pos 168992
alloc_pos 169252
alloc_pos 169280
alloc_pos 169408
alloc_pos 169644
alloc_pos 169900
alloc_pos 170064
alloc_pos 170324
alloc_pos 170512
alloc_pos 170560
alloc_pos 170628
alloc_pos 170812
alloc_pos 171020
alloc_pos 171264
alloc_pos 171360
alloc_pos 171412
alloc_pos 171624
alloc_pos 171732
alloc_pos 171984
alloc_pos 172192
alloc_pos 172396
alloc_pos 172548
alloc_pos 172808
alloc_pos 172940
alloc_pos 173092
alloc_pos 173328
alloc_pos 173584
alloc_pos 173776
alloc_pos 173848
alloc_pos 173948
alloc_pos 174044
alloc_pos 174216
alloc_pos 174464
alloc_pos 174612
alloc_pos 174852
alloc_pos 175116
alloc_pos 175268
alloc_pos 175392
alloc_pos 175564
alloc_pos 175804
alloc_pos 175836
alloc_pos 175980
alloc_pos 176064
alloc_pos 176276
alloc_pos 176504
alloc_pos 176628
alloc_pos 176756
alloc_pos 176948
alloc_pos 177016
alloc_pos 177132
alloc_pos 177296
alloc_pos 177544
alloc_pos 177744
alloc_pos 177964
alloc_pos 178160
alloc_pos 178372
alloc_pos 178488
alloc_pos 178532
alloc_pos 178668
alloc_pos 178860
alloc_pos 179012
alloc_pos 179060
alloc_pos 179280
alloc_pos 179344
alloc_pos 179500
alloc_pos 179736
alloc_pos 179860
alloc_pos 179976
alloc_pos 180124
alloc_pos 180332
alloc_pos 180360
alloc_pos 180504
alloc_pos 180536
alloc_pos 180636
alloc_pos 180840
alloc_pos 181080
alloc_pos 181260
alloc_pos 181432
alloc_pos 181604
alloc_pos 181728
alloc_pos 181916
alloc_pos 181980
alloc_pos 182044
alloc_pos 182196
alloc_pos 182276
alloc_pos 182300
alloc_pos 182520
alloc_pos 182592
alloc_pos 182752
alloc_pos 183008
alloc_pos 183252
alloc_pos 183416
alloc_pos 183496
alloc_pos 183620
alloc_pos 183772
alloc_pos 183884
alloc_pos 184148
alloc_pos 184388
alloc_pos 184556
alloc_pos 184668
alloc_pos 184808
alloc_pos 185064
alloc_pos 185156
alloc_pos 185348
alloc_pos 185512
alloc_pos 185688
alloc_pos 185896
alloc_pos 185920
alloc_pos 186040
alloc_pos 186264
alloc_pos 186504
alloc_pos 186736
alloc_pos 186984
alloc_pos 187248
alloc_pos 187460
alloc_pos 187612
alloc_pos 187840
alloc_pos 187896
alloc_pos 188052
alloc_pos 188272
alloc_pos 188436
alloc_pos 188512
alloc_pos 188644
alloc_pos 188908
alloc_pos 188944
alloc_pos 189088
alloc_pos 189332
alloc_pos 189448
alloc_pos 189616
alloc_pos 189780
alloc_pos 189852
alloc_pos 190116
alloc_pos 190268
alloc_pos 190396
alloc_pos 190544
alloc_pos 190776
alloc_pos 190888
alloc_pos 191016
alloc_pos 191128
alloc_pos 191152
alloc_pos 191312
alloc_pos 191472
alloc_pos 191652
alloc_pos 191876
alloc_pos 192056
alloc_pos 192164
alloc_pos 192304
alloc_pos 192480
alloc_pos 192508
alloc_pos 192736
alloc_pos 192816
alloc_pos 193000
alloc_pos 193068
alloc_pos 193232
alloc_pos 193404
alloc_pos 193472
alloc_pos 193716
alloc_pos 193760
alloc_pos 193988
alloc_pos 194152
alloc_pos 194380
alloc_pos 194620
alloc_pos 194852
alloc_pos 195112
alloc_pos 195200
alloc_pos 195232
alloc_pos 195468
alloc_pos 195732
alloc_pos 195928
alloc_pos 195968
alloc_pos 196012
alloc_pos 196256
alloc_pos 196284
alloc_pos 196420
alloc_pos 196444
alloc_pos 196660
alloc_pos 196876
alloc_pos 196968
alloc_pos 197052
alloc_pos 197144
alloc_pos 197196
alloc_pos 197424
alloc_pos 197604
alloc_pos 197672
alloc_pos 197784
alloc_pos 197880
alloc_pos 197920
alloc_pos 197984
alloc_pos 198048
alloc_pos 198104
alloc_pos 198272
alloc_pos 198512
alloc_pos 198740
alloc_pos 198956
alloc_pos 198996
alloc_pos 199084
alloc_pos 199136
alloc_pos 199284
alloc_pos 199500
alloc_pos 199636
alloc_pos 199780
alloc_pos 199968
alloc_pos 200088
alloc_pos 200312
alloc_pos 200388
alloc_pos 200436
alloc_pos 200584
alloc_pos 200612
alloc_pos 200864
alloc_pos 201100
alloc_pos 201220
alloc_pos 201352
alloc_pos 201528
alloc_pos 201744
alloc_pos 201964
alloc_pos 201988
alloc_pos 202188
alloc_pos 202324
alloc_pos 202416
alloc_pos 202624
alloc_pos 202852
alloc_pos 202932
alloc_pos 203104
alloc_pos 203368
alloc_pos 203416
alloc_pos 203668
alloc_pos 203772
alloc_pos 203800
alloc_pos 203828
alloc_pos 203856
alloc_pos 204044
alloc_pos 204204
alloc_pos 204228
alloc_pos 204492
alloc_pos 204740
alloc_pos 204860
alloc_pos 205056
alloc_pos 205132
alloc_pos 205264
alloc_pos 205472
alloc_pos 205500
alloc_pos 205656
alloc_pos 205736
alloc_pos 205952
alloc_pos 206088
alloc_pos 206352
alloc_pos 206500
alloc_pos 206664
alloc_pos 206744
alloc_pos 206856
alloc_pos 206936
alloc_pos 207132
alloc_pos 207212
alloc_pos 207428
alloc_pos 207568
alloc_pos 207832
alloc_pos 207928
alloc_pos 208188
alloc_pos 208216
alloc_pos 208344
alloc_pos 208580
alloc_pos 208836
alloc_pos 209000
alloc_pos 209260
alloc_pos 209448
alloc_pos 209496
alloc_pos 209564
alloc_pos 209748
alloc_pos 209956
alloc_pos 210200
alloc_pos 210296
alloc_pos 210348
alloc_pos 210560
alloc_pos 210668
alloc_pos 210920
alloc_pos 211128
alloc_pos 211332
alloc_pos 211484
alloc_pos 211744
alloc_pos 211876
alloc_pos 212028
alloc_pos 212264
alloc_pos 212520
alloc_pos 212712
alloc_pos 212784
alloc_pos 212884
alloc_pos 212980
alloc_pos 213152
alloc_pos 213400
alloc_pos 213548
alloc_pos 213788
alloc_pos 214052
alloc_pos 214204
alloc_pos 214328
alloc_pos 214500
alloc_pos 214740
alloc_pos 214772
alloc_pos 214916
alloc_pos 215000
alloc_pos 215212
alloc_pos 215440
alloc_pos 215564
alloc_pos 215692
alloc_pos 215884
alloc_pos 215952
alloc_pos 216068
alloc_pos 216232
alloc_pos 216480
alloc_pos 216680
alloc_pos 216900
alloc_pos 217096
alloc_pos 217308
alloc_pos 217424
alloc_pos 217468
alloc_pos 217604
alloc_pos 217796
alloc_pos 217948
alloc_pos 217996
alloc_pos 218216
alloc_pos 218280
alloc_pos 218436
alloc_pos 218672
alloc_pos 218796
alloc_pos 218912
alloc_pos 219060
alloc_pos 219268
alloc_pos 219296
alloc_pos 219440
alloc_pos 219472
alloc_pos 219572
alloc_pos 219776
alloc_pos 220016
alloc_pos 220196
alloc_pos 220368
alloc_pos 220540
alloc_pos 220664
alloc_pos 220852
alloc_pos 220916
alloc_pos 220980
alloc_pos 221132
alloc_pos 221212
alloc_pos 221236
alloc_pos 221456
alloc_pos 221528
alloc_pos 221688
alloc_pos 221944
alloc_pos 222188
alloc_pos 222352
alloc_pos 222432
alloc_pos 222556
alloc_pos 222708
alloc_pos 222820
alloc_pos 223084
alloc_pos 223324
alloc_pos 223492
alloc_pos 223604
alloc_pos 223744
alloc_pos 224000
alloc_pos 224092
alloc_pos 224284
alloc_pos 224448
alloc_pos 224624
alloc_pos 224832
alloc_pos 224856
alloc_pos 224976
alloc_pos 225200
alloc_pos 225440
alloc_pos 225672
alloc_pos 225920
alloc_pos 226184
alloc_pos 226396
alloc_pos 226548
alloc_pos 226776
alloc_pos 226832
alloc_pos 226988
alloc_pos 227208
alloc_pos 227372
alloc_pos 227448
alloc_pos 227580
alloc_pos 227844
alloc_pos 227880
alloc_pos 228024
alloc_pos 228268
alloc_pos 228384
alloc_pos 228552
alloc_pos 228716
alloc_pos 228788
alloc_pos 229052
alloc_pos 229204
alloc_pos 229332
alloc_pos 229480
alloc_pos 229712
alloc_pos 229824
alloc_pos 229952
alloc_pos 230064
alloc_pos 230088
alloc_pos 230248
alloc_pos 230408
alloc_pos 230588
alloc_pos 230812
alloc_pos 230992
alloc_pos 231100
alloc_pos 231240
alloc_pos 231416
alloc_pos 231444
alloc_pos 231672
alloc_pos 231752
alloc_pos 231936
alloc_pos 232004
alloc_pos 232168
alloc_pos 232340
alloc_pos 232408
alloc_pos 232652
alloc_pos 232696
alloc_pos 232924
alloc_pos 233088
alloc_pos 233316
alloc_pos 233556
alloc_pos 233788
alloc_pos 234048
alloc_pos 234136
alloc_pos 234168
alloc_pos 234404
alloc_pos 234668
alloc_pos 234864
alloc_pos 234904
alloc_pos 234948
alloc_pos 235192
alloc_pos 235220
alloc_pos 235356
alloc_pos 235380
alloc_pos 235596
alloc_pos 235812
alloc_pos 235904
alloc_pos 235988
alloc_pos 236080
alloc_pos 236132
alloc_pos 236360
alloc_pos 236540
alloc_pos 236608
alloc_pos 236720
alloc_pos 236816
alloc_pos 236856
alloc_pos 236920
alloc_pos 236984
alloc_pos 237040
alloc_pos 237208
alloc_pos 237448
alloc_pos 237676
alloc_pos 237892
alloc_pos 237932
alloc_pos 238020
alloc_pos 238072
alloc_pos 238220
alloc_pos 238436
alloc_pos 238572
alloc_pos 238716
alloc_pos 238904
alloc_pos 239024
alloc_pos 239248
alloc_pos 239324
alloc_pos 239372
alloc_pos 239520
alloc_pos 239548
alloc_pos 239800
alloc_pos 240036
alloc_pos 240156
alloc_pos 240288
alloc_pos 240464
alloc_pos 240680
alloc_pos 240900
alloc_pos 240924
alloc_pos 241124
alloc_pos 241260
alloc_pos 241352
alloc_pos 241560
alloc_pos 241788
alloc_pos 241868
alloc_pos 242040
alloc_pos 242304
alloc_pos 242352
alloc_pos 242604
alloc_pos 242708
alloc_pos 242736
alloc_pos 242764
alloc_pos 242792
alloc_pos 242980
alloc_pos 243140
alloc_pos 243164
alloc_pos 243428
alloc_pos 243676
alloc_pos 243796
alloc_pos 243992
alloc_pos 244068
alloc_pos 244200
alloc_pos 244408
alloc_pos 244436
alloc_pos 244592
alloc_pos 244672
alloc_pos 244888
alloc_pos 245024
alloc_pos 245288
alloc_pos 245436
alloc_pos 245600
alloc_pos 245680
alloc_pos 245792
alloc_pos 245872
alloc_pos 246068
alloc_pos 246148
alloc_pos 246364
alloc_pos 246504
alloc_pos 246768
alloc_pos 246864
alloc_pos 247124
alloc_pos 247152
alloc_pos 247280
alloc_pos 247516
alloc_pos 247772
alloc_pos 247936
alloc_pos 248196
alloc_pos 248384
alloc_pos 248432
alloc_pos 248500
alloc_pos 248684
alloc_pos 248892
alloc_pos 249136
alloc_pos 249232
alloc_pos 249284
alloc_pos 249496
alloc_pos 249604
alloc_pos 249856
alloc_pos 250064
alloc_pos 250268
alloc_pos 250420
alloc_pos 250680
alloc_pos 250812
alloc_pos 250964
alloc_pos 251200
alloc_pos 251456
alloc_pos 251648
alloc_pos 251720
alloc_pos 251820
alloc_pos 251916
alloc_pos 252088
alloc_pos 252336
alloc_pos 252484
alloc_pos 252724
alloc_pos 252988
alloc_pos 253140
alloc_pos 253264
alloc_pos 253436
alloc_pos 253676
alloc_pos 253708
alloc_pos 253852
alloc_pos 253936
alloc_pos 254148
alloc_pos 254376
alloc_pos 254500
alloc_pos 254628
alloc_pos 254820
alloc_pos 254888
alloc_pos 255004
alloc_pos 255168
alloc_pos 255416
alloc_pos 255616
alloc_pos 255836
alloc_pos 256032
alloc_pos 256244
alloc_pos 256360
alloc_pos 256404
alloc_pos 256540
alloc_pos 256732
alloc_pos 256884
alloc_pos 256932
alloc_pos 257152
alloc_pos 257216
alloc_pos 257372
alloc_pos 257608
alloc_pos 257732
alloc_pos 257848
alloc_pos 257996
alloc_pos 258204
alloc_pos 258232
alloc_pos 258376
alloc_pos 258408
alloc_pos 258508
alloc_pos 258712
alloc_pos 258952
alloc_pos 259132
alloc_pos 259304
alloc_pos 259476
alloc_pos 259600
alloc_pos 259788
alloc_pos 259852
alloc_pos 259916
alloc_pos 260068
alloc_pos 260148
alloc_pos 260172
alloc_pos 260392
alloc_pos 260464
alloc_pos 260624
alloc_pos 260880
alloc_pos 261124
alloc_pos 261288
alloc_pos 261368
alloc_pos 261492
alloc_pos 261644
alloc_pos 261756
alloc_pos 262020
alloc_pos 262260
alloc_pos 262428
alloc_pos 262540
alloc_pos 262680
alloc_pos 262936
alloc_pos 263028
alloc_pos 263220
alloc_pos 263384
alloc_pos 263560
alloc_pos 263768
alloc_pos 263792
alloc_pos 263912
alloc_pos 264136
alloc_pos 264376
alloc_pos 264608
alloc_pos 264856
alloc_pos 265120
alloc_pos 265332
alloc_pos 265484
alloc_pos 265712
alloc_pos 265768
alloc_pos 265924
alloc_pos 266144
alloc_pos 266308
alloc_pos 266384
alloc_pos 266516
alloc_pos 266780
alloc_pos 266816
alloc_pos 266960
alloc_pos 267204
alloc_pos 267320
alloc_pos 267488
alloc_pos 267652
alloc_pos 267724
alloc_pos 267988
alloc_pos 268140
alloc_pos 268268
alloc_pos 268416
alloc_pos 268648
alloc_pos 268760
alloc_pos 268888
alloc_pos 269000
alloc_pos 269024
alloc_pos 269184
alloc_pos 269344
alloc_pos 269524
alloc_pos 269748
alloc_pos 269928
alloc_pos 270036
alloc_pos 270176
alloc_pos 270352
alloc_pos 270380
alloc_pos 270608
alloc_pos 270688
alloc_pos 270872
alloc_pos 270940
alloc_pos 271104
alloc_pos 271276
alloc_pos 271344
alloc_pos 271588
alloc_pos 271632
alloc_pos 271860
alloc_pos 272024
alloc_pos 272252
alloc_pos 272492
alloc_pos 272724
alloc_pos 272984
alloc_pos 273072
alloc_pos 273104
alloc_pos 273340
alloc_pos 273604
alloc_pos 273800
alloc_pos 273840
alloc_pos 273884
alloc_pos 274128
alloc_pos 274156
alloc_pos 274292
alloc_pos 274316
alloc_pos 274532
alloc_pos 274748
alloc_pos 274840
alloc_pos 274924
alloc_pos 275016
alloc_pos 275068
alloc_pos 275296
alloc_pos 275476
alloc_pos 275544
alloc_pos 275656
alloc_pos 275752
alloc_pos 275792
alloc_pos 275856
alloc_pos 275920
alloc_pos 275976
alloc_pos 276144
alloc_pos 276384
alloc_pos 276612
alloc_pos 276828
alloc_pos 276868
alloc_pos 276956
alloc_pos 277008
alloc_pos 277156
alloc_pos 277372
alloc_pos 277508
alloc_pos 277652
alloc_pos 277840
alloc_pos 277960
alloc_pos 278184
alloc_pos 278260
alloc_pos 278308
alloc_pos 278456
alloc_pos 278484
alloc_pos 278736
alloc_pos 278972
alloc_pos 279092
alloc_pos 279224
alloc_pos 279400
alloc_pos 279616
alloc_pos 279836
alloc_pos 279860
alloc_pos 280060
alloc_pos 280196
alloc_pos 280288
alloc_pos 280496
alloc_pos 280724
alloc_pos 280804
alloc_pos 280976
alloc_pos 281240
alloc_pos 281288
alloc_pos 281540
alloc_pos 281644
alloc_pos 281672
alloc_pos 281700
alloc_pos 281728
alloc_pos 281916
alloc_pos 282076
alloc_pos 282100
alloc_pos 282364
alloc_pos 282612
alloc_pos 282732
alloc_pos 282928
alloc_pos 283004
alloc_pos 283136
alloc_pos 283344
alloc_pos 283372
alloc_pos 283528
alloc_pos 283608
alloc_pos 283824
alloc_pos 283960
alloc_pos 284224
alloc_pos 284372
alloc_pos 284536
alloc_pos 284616
alloc_pos 284728
alloc_pos 284808
alloc_pos 285004
alloc_pos 285084
alloc_pos 285300
alloc_pos 285440
alloc_pos 285704
alloc_pos 285800
alloc_pos 286060
alloc_pos 286088
alloc_pos 286216
alloc_pos 286452
alloc_pos 286708
alloc_pos 286872
alloc_pos 287132
alloc_pos 287320
alloc_pos 287368
alloc_pos 287436
alloc_pos 287620
alloc_pos 287828
alloc_pos 288072
alloc_pos 288168
alloc_pos 288220
alloc_pos 288432
alloc_pos 288540
alloc_pos 288792
alloc_pos 289000
alloc_pos 289204
alloc_pos 289356
alloc_pos 289616
alloc_pos 289748
alloc_pos 289900
alloc_pos 290136
alloc_pos 290392
alloc_pos 290584
alloc_pos 290656
alloc_pos 290756
alloc_pos 290852
alloc_pos 291024
alloc_pos 291272
alloc_pos 291420
alloc_pos 291660
alloc_pos 291924
alloc_pos 292076
alloc_pos 292200
alloc_pos 292372
alloc_pos 292612
alloc_pos 292644
alloc_pos 292788
alloc_pos 292872
alloc_pos 293084
alloc_pos 293312
alloc_pos 293436
alloc_pos 293564
alloc_pos 293756
alloc_pos 293824
alloc_pos 293940
alloc_pos 294104
alloc_pos 294352
alloc_pos 294552
alloc_pos 294772
alloc_pos 294968
alloc_pos 295180
alloc_pos 295296
alloc_pos 295340
alloc_pos 295476
alloc_pos 295668
alloc_pos 295820
alloc_pos 295868
alloc_pos 296088
alloc_pos 296152
alloc_pos 296308
alloc_pos 296544
alloc_pos 296668
alloc_pos 296784
alloc_pos 296932
alloc_pos 297140
alloc_pos 297168
alloc_pos 297312
alloc_pos 297344
alloc_pos 297444
alloc_pos 297648
alloc_pos 297888
alloc_pos 298068
alloc_pos 298240
alloc_pos 298412
alloc_pos 298536
alloc_pos 298724
alloc_pos 298788
alloc_pos 298852
alloc_pos 299004
alloc_pos 299084
alloc_pos 299108
alloc_pos 299328
alloc_pos 299400
alloc_pos 299560
alloc_pos 299816
alloc_pos 300060
alloc_pos 300224
alloc_pos 300304
alloc_pos 300428
alloc_pos 300580
alloc_pos 300692
alloc_pos 300956
alloc_pos 301196
alloc_pos 301364
alloc_pos 301476
alloc_pos 301616
alloc_pos 301872
alloc_pos 301964
alloc_pos 302156
alloc_pos 302320
alloc_pos 302496
alloc_pos 302704
alloc_pos 302728
alloc_pos 302848
alloc_pos 303072
alloc_pos 303312
alloc_pos 303544
alloc_pos 303792
alloc_pos 304056
alloc_pos 304268
alloc_pos 304420
alloc_pos 304648
alloc_pos 304704
alloc_pos 304860
alloc_pos 305080
alloc_pos 305244
alloc_pos 305320
alloc_pos 305452
alloc_pos 305716
alloc_pos 305752
alloc_pos 305896
alloc_pos 306140
alloc_pos 306256
alloc_pos 306424
alloc_pos 306588
alloc_pos 306660
alloc_pos 306924
alloc_pos 307076
alloc_pos 307204
alloc_pos 307352
alloc_pos 307584
alloc_pos 307696
alloc_pos 307824
alloc_pos 307936
alloc_pos 307960
alloc_pos 308120
alloc_pos 308280
alloc_pos 308460
alloc_pos 308684
alloc_pos 308864
alloc_pos 308972
alloc_pos 309112
alloc_pos 309288
alloc_pos 309316
alloc_pos 309544
alloc_pos 309624
alloc_pos 309808
alloc_pos 309876
alloc_pos 310040
alloc_pos 310212
alloc_pos 310280
alloc_pos 310524
alloc_pos 310568
alloc_pos 310796
alloc_pos 310960
alloc_pos 311188
alloc_pos 311428
alloc_pos 311660
alloc_pos 311920
alloc_pos 312008
alloc_pos 312040
alloc_pos 312276
alloc_pos 312540
alloc_pos 312736
alloc_pos 312776
alloc_pos 312820
alloc_pos 313064
alloc_pos 313092
alloc_pos 313228
alloc_pos 313252
alloc_pos 313468
alloc_pos 313684
alloc_pos 313776
alloc_pos 313860
alloc_pos 313952
alloc_pos 314004
alloc_pos 314232
alloc_pos 314412
alloc_pos 314480
alloc_pos 314592
alloc_pos 314688
alloc_pos 314728
alloc_pos 314792
alloc_pos 314856
alloc_pos 314912
alloc_pos 315080
alloc_pos 315320
alloc_pos 315548
alloc_pos 315764
alloc_pos 315804
alloc_pos 315892
alloc_pos 315944
alloc_pos 316092
alloc_pos 316308
alloc_pos 316444
alloc_pos 316588
alloc_pos 316776
alloc_pos 316896
alloc_pos 317120
alloc_pos 317196
alloc_pos 317244
alloc_pos 317392
alloc_pos 317420
alloc_pos 317672
alloc_pos 317908
alloc_pos 318028
alloc_pos 318160
alloc_pos 318336
alloc_pos 318552
alloc_pos 318772
alloc_pos 318796
alloc_pos 318996
alloc_pos 319132
alloc_pos 319224
alloc_pos 319432
alloc_pos 319660
alloc_pos 319740
alloc_pos 319912
alloc_pos 320176
alloc_pos 320224
alloc_pos 320476
alloc_pos 320580
alloc_pos 320608
alloc_pos 320636
alloc_pos 320664
alloc_pos 320852
alloc_pos 321012
alloc_pos 321036
alloc_pos 321300
alloc_pos 321548
alloc_pos 321668
alloc_pos 321864
alloc_pos 321940
alloc_pos 322072
alloc_pos 322280
alloc_pos 322308
alloc_pos 322464
alloc_pos 322544
alloc_pos 322760
alloc_pos 322896
alloc_pos 323160
alloc_pos 323308
alloc_pos 323472
alloc_pos 323552
alloc_pos 323664
alloc_pos 323744
alloc_pos 323940
alloc_pos 324020
alloc_pos 324236
alloc_pos 324376
alloc_pos 324640
alloc_pos 324736
alloc_pos 324996
alloc_pos 325024
alloc_pos 325152
alloc_pos 325388
alloc_pos 325644
alloc_pos 325808
alloc_pos 326068
alloc_pos 326256
alloc_pos 326304
alloc_pos 326372
alloc_pos 326556
alloc_pos 326764
alloc_pos 327008
alloc_pos 327104
alloc_pos 327156
alloc_pos 327368
alloc_pos 327476
alloc_pos 327728
alloc_pos 327936
alloc_pos 328140
alloc_pos 328292
alloc_pos 328552
alloc_pos 328684
alloc_pos 328836
alloc_pos 329072
alloc_pos 329328
alloc_pos 329520
alloc_pos 329592
alloc_pos 329692
alloc_pos 329788
alloc_pos 329960
alloc_pos 330208
alloc_pos 330356
alloc_pos 330596
alloc_pos 330860
alloc_pos 331012
alloc_pos 331136
alloc_pos 331308
alloc_pos 331548
alloc_pos 331580
alloc_pos 331724
alloc_pos 331808
alloc_pos 332020
alloc_pos 332248
alloc_pos 332372
alloc_pos 332500
alloc_pos 332692
alloc_pos 332760
alloc_pos 332876
alloc_pos 333040
alloc_pos 333288
alloc_pos 333488
alloc_pos 333708
alloc_pos 333904
alloc_pos 334116
alloc_pos 334232
alloc_pos 334276
alloc_pos 334412
alloc_pos 334604
alloc_pos 334756
alloc_pos 334804
alloc_pos 335024
alloc_pos 335088
alloc_pos 335244
alloc_pos 335480
alloc_pos 335604
alloc_pos 335720
alloc_pos 335868
alloc_pos 336076
alloc_pos 336104
alloc_pos 336248
alloc_pos 336280
alloc_pos 336380
alloc_pos 336584
alloc_pos 336824
alloc_pos 337004
alloc_pos 337176
alloc_pos 337348
alloc_pos 337472
alloc_pos 337660
alloc_pos 337724
alloc_pos 337788
alloc_pos 337940
alloc_pos 338020
alloc_pos 338044
alloc_pos 338264
alloc_pos 338336
alloc_pos 338496
alloc_pos 338752
alloc_pos 338996
alloc_pos 339160
alloc_pos 339240
alloc_pos 339364
alloc_pos 339516
alloc_pos 339628
alloc_pos 339892
alloc_pos 340132
alloc_pos 340300
alloc_pos 340412
alloc_pos 340552
alloc_pos 340808
alloc_pos 340900
alloc_pos 341092
alloc_pos 341256
alloc_pos 341432
alloc_pos 341640
alloc_pos 341664
alloc_pos 341784
alloc_pos 342008
alloc_pos 342248
alloc_pos 342480
alloc_pos 342728
alloc_pos 342992
alloc_pos 343204
alloc_pos 343356
alloc_pos 343584
alloc_pos 343640
alloc_pos 343796
alloc_pos 344016
alloc_pos 344180
alloc_pos 344256
alloc_pos 344388
alloc_pos 344652
alloc_pos 344688
alloc_pos 344832
alloc_pos 345076
alloc_pos 345192
alloc_pos 345360
alloc_pos 345524
alloc_pos 345596
alloc_pos 345860
alloc_pos 346012
alloc_pos 346140
alloc_pos 346288
alloc_pos 346520
alloc_pos 346632
alloc_pos 346760
alloc_pos 346872
alloc_pos 346896
alloc_pos 347056
alloc_pos 347216
alloc_pos 347396
alloc_pos 347620
alloc_pos 347800
alloc_pos 347908
alloc_pos 348048
alloc_pos 348224
alloc_pos 348252
alloc_pos 348480
alloc_pos 348560
alloc_pos 348744
alloc_pos 348812
alloc_pos 348976
alloc_pos 349148
alloc_pos 349216
alloc_pos 349460
alloc_pos 349504
alloc_pos 349732
alloc_pos 349896
alloc_pos 350124
alloc_pos 350364
alloc_pos 350596
alloc_pos 350856
alloc_pos 350944
alloc_pos 350976
alloc_pos 351212
alloc_pos 351476
alloc_pos 351672
alloc_pos 351712
alloc_pos 351756
alloc_pos 352000
alloc_pos 352028
alloc_pos 352164
alloc_pos 352188
alloc_pos 352404
alloc_pos 352620
alloc_pos 352712
alloc_pos 352796
alloc_pos 352888
alloc_pos 352940
alloc_pos 353168
alloc_pos 353348
alloc_pos 353416
alloc_pos 353528
alloc_pos 353624
alloc_pos 353664
alloc_pos 353728
alloc_pos 353792
alloc_pos 353848
alloc_pos 354016
alloc_pos 354256
alloc_pos 354484
alloc_pos 354700
alloc_pos 354740
alloc_pos 354828
alloc_pos 354880
alloc_pos 355028
alloc_pos 355244
alloc_pos 355380
alloc_pos 355524
alloc_pos 355712
alloc_pos 355832
alloc_pos 356056
alloc_pos 356132
alloc_pos 356180
alloc_pos 356328
alloc_pos 356356
alloc_pos 356608
alloc_pos 356844
alloc_pos 356964
alloc_pos 357096
alloc_pos 357272
alloc_pos 357488
alloc_pos 357708
alloc_pos 357732
alloc_pos 357932
alloc_pos 358068
alloc_pos 358160
alloc_pos 358368
alloc_pos 358596
alloc_pos 358676
alloc_pos 358848
alloc_pos 359112
alloc_pos 359160
alloc_pos 359412
alloc_pos 359516
alloc_pos 359544
alloc_pos 359572
alloc_pos 359600
alloc_pos 359788
alloc_pos 359948
alloc_pos 359972
alloc_pos 360236
alloc_pos 360484
alloc_pos 360604
alloc_pos 360800
alloc_pos 360876
alloc_pos 361008
alloc_pos 361216
alloc_pos 361244
alloc_pos 361400
alloc_pos 361480
alloc_pos 361696
alloc_pos 361832
alloc_pos 362096
alloc_pos 362244
alloc_pos 362408
alloc_pos 362488
alloc_pos 362600
alloc_pos 362680
alloc_pos 362876
alloc_pos 362956
alloc_pos 363172
alloc_pos 363312
alloc_pos 363576
alloc_pos 363672
alloc_pos 363932
alloc_pos 363960
alloc_pos 364088
alloc_pos 364324
alloc_pos 364580
alloc_pos 364744
alloc_pos 365004
alloc_pos 365192
alloc_pos 365240
alloc_pos 365308
alloc_pos 365492
alloc_pos 365700
alloc_pos 365944
alloc_pos 366040
alloc_pos 366092
alloc_pos 366304
alloc_pos 366412
alloc_pos 366664
alloc_pos 366872
alloc_pos 367076
alloc_pos 367228
alloc_pos 367488
alloc_pos 367620
alloc_pos 367772
alloc_pos 368008
alloc_pos 368264
alloc_pos 368456
alloc_pos 368528
alloc_pos 368628
alloc_pos 368724
alloc_pos 368896
alloc_pos 369144
alloc_pos 369292
alloc_pos 369532
alloc_pos 369796
alloc_pos 369948
alloc_pos 370072
alloc_pos 370244
alloc_pos 370484
alloc_pos 370516
alloc_pos 370660
alloc_pos 370744
alloc_pos 370956
alloc_pos 371184
alloc_pos 371308
alloc_pos 371436
alloc_pos 371628
alloc_pos 371696
alloc_pos 371812
alloc_pos 371976
alloc_pos 372224
alloc_pos 372424
alloc_pos 372644
alloc_pos 372840
alloc_pos 373052
alloc_pos 373168
alloc_pos 373212
alloc_pos 373348
alloc_pos 373540
alloc_pos 373692
alloc_pos 373740
alloc_pos 373960
alloc_pos 374024
alloc_pos 374180
alloc_pos 374416
alloc_pos 374540
alloc_pos 374656
alloc_pos 374804
alloc_pos 375012
alloc_pos 375040
alloc_pos 375184
alloc_pos 375216
alloc_pos 375316
alloc_pos 375520
alloc_pos 375760
alloc_pos 375940
alloc_pos 376112
alloc_pos 376284
alloc_pos 376408
alloc_pos 376596
alloc_pos 376660
alloc_pos 376724
alloc_pos 376876
alloc_pos 376956
alloc_pos 376980
alloc_pos 377200
alloc_pos 377272
alloc_pos 377432
alloc_pos 377688
alloc_pos 377932
alloc_pos 378096
alloc_pos 378176
alloc_pos 378300
alloc_pos 378452
alloc_pos 378564
alloc_pos 378828
alloc_pos 379068
alloc_pos 379236
alloc_pos 379348
alloc_pos 379488
alloc_pos 379744
alloc_pos 379836
alloc_pos 380028
alloc_pos 380192
alloc_pos 380368
alloc_pos 380576
alloc_pos 380600
alloc_pos 380720
alloc_pos 380944
alloc_pos 381184
alloc_pos 381416
alloc_pos 381664
alloc_pos 381928
alloc_pos 382140
alloc_pos 382292
alloc_pos 382520
alloc_pos 382576
alloc_pos 382732
alloc_pos 382952
alloc_pos 383116
alloc_pos 383192
alloc_pos 383324
alloc_pos 383588
alloc_pos 383624
alloc_pos 383768
alloc_pos 384012
alloc_pos 384128
alloc_pos 384296
alloc_pos 384460
alloc_pos 384532
alloc_pos 384796
alloc_pos 384948
alloc_pos 385076
alloc_pos 385224
alloc_pos 385456
alloc_pos 385568
alloc_pos 385696
alloc_pos 385808
alloc_pos 385832
alloc_pos 385992
alloc_pos 386152
alloc_pos 386332
alloc_pos 386556
alloc_pos 386736
alloc_pos 386844
alloc_pos 386984
alloc_pos 387160
alloc_pos 387188
alloc_pos 387416
alloc_pos 387496
alloc_pos 387680
alloc_pos 387748
alloc_pos 387912
alloc_pos 388084
alloc_pos 388152
alloc_pos 388396
alloc_pos 388440
alloc_pos 388668
alloc_pos 388832
alloc_pos 389060
alloc_pos 389300
alloc_pos 389532
alloc_pos 389792
alloc_pos 389880
alloc_pos 389912
alloc_pos 390148
alloc_pos 390412
alloc_pos 390608
alloc_pos 390648
alloc_pos 390692
alloc_pos 390936
alloc_pos 390964
alloc_pos 391100
alloc_pos 391124
alloc_pos 391340
alloc_pos 391556
alloc_pos 391648
alloc_pos 391732
alloc_pos 391824
alloc_pos 391876
alloc_pos 392104
alloc_pos 392284
alloc_pos 392352
alloc_pos 392464
alloc_pos 392560
alloc_pos 392600
alloc_pos 392664
alloc_pos 392728
alloc_pos 392784
alloc_pos 392952
alloc_pos 393192
alloc_pos 393420
alloc_pos 393636
alloc_pos 393676
alloc_pos 393764
alloc_pos 393816
alloc_pos 393964
alloc_pos 394180
alloc_pos 394316
alloc_pos 394460
alloc_pos 394648
alloc_pos 394768
alloc_pos 394992
alloc_pos 395068
alloc_pos 395116
alloc_pos 395264
alloc_pos 395292
alloc_pos 395544
alloc_pos 395780
alloc_pos 395900
alloc_pos 396032
alloc_pos 396208
alloc_pos 396424
alloc_pos 396644
alloc_pos 396668
alloc_pos 396868
alloc_pos 397004
alloc_pos 397096
alloc_pos 397304
alloc_pos 397532
alloc_pos 397612
alloc_pos 397784
alloc_pos 398048
alloc_pos 398096
alloc_pos 398348
alloc_pos 398452
alloc_pos 398480
alloc_pos 398508
alloc_pos 398536
alloc_pos 398724
alloc_pos 398884
alloc_pos 398908
alloc_pos 399172
alloc_pos 399420
alloc_pos 399540
alloc_pos 399736
alloc_pos 399812
alloc_pos 399944
alloc_pos 400152
alloc_pos 400180
alloc_pos 400336
alloc_pos 400416
alloc_pos 400632
alloc_pos 400768
alloc_pos 401032
alloc_pos 401180
alloc_pos 401344
alloc_pos 401424
alloc_pos 401536
alloc_pos 401616
alloc_pos 401812
alloc_pos 401892
alloc_pos 402108
alloc_pos 402248
alloc_pos 402512
alloc_pos 402608
alloc_pos 402868
alloc_pos 402896
alloc_pos 403024
alloc_pos 403260
alloc_pos 403516
alloc_pos 403680
alloc_pos 403940
alloc_pos 404128
alloc_pos 404176
alloc_pos 404244
alloc_pos 404428
alloc_pos 404636
alloc_pos 404880
alloc_pos 404976
alloc_pos 405028
alloc_pos 405240
alloc_pos 405348
alloc_pos 405600
alloc_pos 405808
alloc_pos 406012
alloc_pos 406164
alloc_pos 406424
alloc_pos 406556
alloc_pos 406708
alloc_pos 406944
alloc_pos 407200
alloc_pos 407392
alloc_pos 407464
alloc_pos 407564
alloc_pos 407660
alloc_pos 407832
alloc_pos 408080
alloc_pos 408228
alloc_pos 408468
alloc_pos 408732
alloc_pos 408884
alloc_pos 409008
alloc_pos 409180
alloc_pos 409420
alloc_pos 409452
alloc_pos 409596
alloc_pos 409680
alloc_pos 409892
alloc_pos 410120
alloc_pos 410244
alloc_pos 410372
alloc_pos 410564
alloc_pos 410632
alloc_pos 410748
alloc_pos 410912
alloc_pos 411160
alloc_pos 411360
alloc_pos 411580
alloc_pos 411776
alloc_pos 411988
alloc_pos 412104
alloc_pos 412148
alloc_pos 412284
alloc_pos 412476
alloc_pos 412628
alloc_pos 412676
alloc_pos 412896
alloc_pos 412960
alloc_pos 413116
alloc_pos 413352
alloc_pos 413476
alloc_pos 413592
alloc_pos 413740
alloc_pos 413948
alloc_pos 413976
alloc_pos 414120
alloc_pos 414152
alloc_pos 414252
alloc_pos 414456
alloc_pos 414696
alloc_pos 414876
alloc_pos 415048
alloc_pos 415220
alloc_pos 415344
alloc_pos 415532
alloc_pos 415596
alloc_pos 415660
alloc_pos 415812
alloc_pos 415892
alloc_pos 415916
alloc_pos 416136
alloc_pos 416208
alloc_pos 416368
alloc_pos 416624
alloc_pos 416868
alloc_pos 417032
alloc_pos 417112
alloc_pos 417236
alloc_pos 417388
alloc_pos 417500
alloc_pos 417764
alloc_pos 418004
alloc_pos 418172
alloc_pos 418284
alloc_pos 418424
alloc_pos 418680
alloc_pos 418772
alloc_pos 418964
alloc_pos 419128
alloc_pos 419304
alloc_pos 419512
alloc_pos 419536
alloc_pos 419656
alloc_pos 419880
alloc_pos 420120
alloc_pos 420352
alloc_pos 420600
alloc_pos 420864
alloc_pos 421076
alloc_pos 421228
alloc_pos 421456
alloc_pos 421512
alloc_pos 421668
alloc_pos 421888
alloc_pos 422052
alloc_pos 422128
alloc_pos 422260
alloc_pos 422524
alloc_pos 422560
alloc_pos 422704
alloc_pos 422948
alloc_pos 423064
alloc_pos 423232
alloc_pos 423396
alloc_pos 423468
alloc_pos 423732
alloc_pos 423884
alloc_pos 424012
alloc_pos 424160
alloc_pos 424392
alloc_pos 424504
alloc_pos 424632
alloc_pos 424744
alloc_pos 424768
alloc_pos 424928
alloc_pos 425088
alloc_pos 425268
alloc_pos 425492
alloc_pos 425672
alloc_pos 425780
alloc_pos 425920
alloc_pos 426096
alloc_pos 426124
alloc_pos 426352
alloc_pos 426432
alloc_pos 426616
alloc_pos 426684
alloc_pos 426848
alloc_pos 427020
alloc_pos 427088
alloc_pos 427332
alloc_pos 427376
alloc_pos 427604
alloc_pos 427768
alloc_pos 427996
alloc_pos 428236
alloc_pos 428468
alloc_pos 428728
alloc_pos 428816
alloc_pos 428848
alloc_pos 429084
alloc_pos 429348
alloc_pos 429544
alloc_pos 429584
alloc_pos 429628
alloc_pos 429872
alloc_pos 429900
alloc_pos 430036
alloc_pos 430060
alloc_pos 430276
alloc_pos 430492
alloc_pos 430584
alloc_pos 430668
alloc_pos 430760
alloc_pos 430812
alloc_pos 431040
alloc_pos 431220
alloc_pos 431288
alloc_pos 431400
alloc_pos 431496
alloc_pos 431536
alloc_pos 431600
alloc_pos 431664
alloc_pos 431720
alloc_pos 431888
alloc_pos 432128
alloc_pos 432356
alloc_pos 432572
alloc_pos 432612
alloc_pos 432700
alloc_pos 432752
alloc_pos 432900
alloc_pos 433116
alloc_pos 433252
alloc_pos 433396
alloc_pos 433584
alloc_pos 433704
alloc_pos 433928
alloc_pos 434004
alloc_pos 434052
alloc_pos 434200
alloc_pos 434228
alloc_pos 434480
alloc_pos 434716
alloc_pos 434836
alloc_pos 434968
alloc_pos 435144
alloc_pos 435360
alloc_pos 435580
alloc_pos 435604
alloc_pos 435804
alloc_pos 435940
alloc_pos 436032
alloc_pos 436240
alloc_pos 436468
alloc_pos 436548
alloc_pos 436720
alloc_pos 436984
alloc_pos 437032
alloc_pos 437284
alloc_pos 437388
alloc_pos 437416
alloc_pos 437444
alloc_pos 437472
alloc_pos 437660
alloc_pos 437820
alloc_pos 437844
alloc_pos 438108
alloc_pos 438356
alloc_pos 438476
alloc_pos 438672
alloc_pos 438748
alloc_pos 438880
alloc_pos 439088
alloc_pos 439116
alloc_pos 439272
alloc_pos 439352
alloc_pos 439568
alloc_pos 439704
alloc_pos 439968
alloc_pos 440116
alloc_pos 440280
alloc_pos 440360
alloc_pos 440472
alloc_pos 440552
alloc_pos 440748
alloc_pos 440828
alloc_pos 441044
alloc_pos 441184
alloc_pos 441448
alloc_pos 441544
alloc_pos 441804
alloc_pos 441832
alloc_pos 441960
alloc_pos 442196
alloc_pos 442452
alloc_pos 442616
alloc_pos 442876
alloc_pos 443064
alloc_pos 443112
alloc_pos 443180
alloc_pos 443364
alloc_pos 443572
alloc_pos 443816
alloc_pos 443912
alloc_pos 443964
alloc_pos 444176
alloc_pos 444284
alloc_pos 444536
alloc_pos 444744
alloc_pos 444948
alloc_pos 445100
alloc_pos 445360
alloc_pos 445492
alloc_pos 445644
alloc_pos 445880
alloc_pos 446136
alloc_pos 446328
alloc_pos 446400
alloc_pos 446500
alloc_pos 446596
alloc_pos 446768
alloc_pos 447016
alloc_pos 447164
alloc_pos 447404
alloc_pos 447668
alloc_pos 447820
alloc_pos 447944
alloc_pos 448116
alloc_pos 448356
alloc_pos 448388
alloc_pos 448532
alloc_pos 448616
alloc_pos 448828
alloc_pos 449056
alloc_pos 449180
alloc_pos 449308
alloc_pos 449500
alloc_pos 449568
alloc_pos 449684
alloc_pos 449848
alloc_pos 450096
alloc_pos 450296
alloc_pos 450516
alloc_pos 450712
alloc_pos 450924
alloc_pos 451040
alloc_pos 451084
alloc_pos 451220
alloc_pos 451412
alloc_pos 451564
alloc_pos 451612
alloc_pos 451832
alloc_pos 451896
alloc_pos 452052
alloc_pos 452288
alloc_pos 452412
alloc_pos 452528
alloc_pos 452676
alloc_pos 452884
alloc_pos 452912
alloc_pos 453056
alloc_pos 453088
alloc_pos 453188
alloc_pos 453392
alloc_pos 453632
alloc_pos 453812
alloc_pos 453984
alloc_pos 454156
alloc_pos 454280
alloc_pos 454468
alloc_pos 454532
alloc_pos 454596
alloc_pos 454748
alloc_pos 454828
alloc_pos 454852
alloc_pos 455072
alloc_pos 455144
alloc_pos 455304
alloc_pos 455560
alloc_pos 455804
alloc_pos 455968
alloc_pos 456048
alloc_pos 456172
alloc_pos 456324
alloc_pos 456436
alloc_pos 456700
alloc_pos 456940
alloc_pos 457108
alloc_pos 457220
alloc_pos 457360
alloc_pos 457616
alloc_pos 457708
alloc_pos 457900
alloc_pos 458064
alloc_pos 458240
alloc_pos 458448
alloc_pos 458472
alloc_pos 458592
alloc_pos 458816
alloc_pos 459056
alloc_pos 459288
alloc_pos 459536
alloc_pos 459800
alloc_pos 460012
alloc_pos 460164
alloc_pos 460392
alloc_pos 460448
alloc_pos 460604
alloc_pos 460824
alloc_pos 460988
alloc_pos 461064
alloc_pos 461196
alloc_pos 461460
alloc_pos 461496
alloc_pos 461640
alloc_pos 461884
alloc_pos 462000
alloc_pos 462168
alloc_pos 462332
alloc_pos 462404
alloc_pos 462668
alloc_pos 462820
alloc_pos 462948
alloc_pos 463096
alloc_pos 463328
alloc_pos 463440
alloc_pos 463568
alloc_pos 463680
alloc_pos 463704
alloc_pos 463864
alloc_pos 464024
alloc_pos 464204
alloc_pos 464428
alloc_pos 464608
alloc_pos 464716
alloc_pos 464856
alloc_pos 465032
alloc_pos 465060
alloc_pos 465288
alloc_pos 465368
alloc_pos 465552
alloc_pos 465620
alloc_pos 465784
alloc_pos 465956
alloc_pos 466024
alloc_pos 466268
alloc_pos 466312
alloc_pos 466540
alloc_pos 466704
alloc_pos 466932
alloc_pos 467172
alloc_pos 467404
alloc_pos 467664
alloc_pos 467752
alloc_pos 467784
alloc_pos 468020
alloc_pos 468284
alloc_pos 468480
alloc_pos 468520
alloc_pos 468564
alloc_pos 468808
alloc_pos 468836
alloc_pos 468972
alloc_pos 468996
alloc_pos 469212
alloc_pos 469428
alloc_pos 469520
alloc_pos 469604
alloc_pos 469696
alloc_pos 469748
alloc_pos 469976
alloc_pos 470156
alloc_pos 470224
alloc_pos 470336
alloc_pos 470432
alloc_pos 470472
alloc_pos 470536
alloc_pos 470600
alloc_pos 470656
alloc_pos 470824
alloc_pos 471064
alloc_pos 471292
alloc_pos 471508
alloc_pos 471548
alloc_pos 471636
alloc_pos 471688
alloc_pos 471836
alloc_pos 472052
alloc_pos 472188
alloc_pos 472332
alloc_pos 472520
alloc_pos 472640
alloc_pos 472864
alloc_pos 472940
alloc_pos 472988
alloc_pos 473136
alloc_pos 473164
alloc_pos 473416
alloc_pos 473652
alloc_pos 473772
alloc_pos 473904
alloc_pos 474080
alloc_pos 474296
alloc_pos 474516
alloc_pos 474540
alloc_pos 474740
alloc_pos 474876
alloc_pos 474968
alloc_pos 475176
alloc_pos 475404
alloc_pos 475484
alloc_pos 475656
alloc_pos 475920
alloc_pos 475968
alloc_pos 476220
alloc_pos 476324
alloc_pos 476352
alloc_pos 476380
alloc_pos 476408
alloc_pos 476596
alloc_pos 476756
alloc_pos 476780
alloc_pos 477044
alloc_pos 477292
alloc_pos 477412
alloc_pos 477608
alloc_pos 477684
alloc_pos 477816
alloc_pos 478024
alloc_pos 478052
alloc_pos 478208
alloc_pos 478288
alloc_pos 478504
alloc_pos 478640
alloc_pos 478904
alloc_pos 479052
alloc_pos 479216
alloc_pos 479296
alloc_pos 479408
alloc_pos 479488
alloc_pos 479684
alloc_pos 479764
alloc_pos 479980
alloc_pos 480120
alloc_pos 480384
alloc_pos 480480
alloc_pos 480740
alloc_pos 480768
alloc_pos 480896
alloc_pos 481132
alloc_pos 481388
alloc_pos 481552
alloc_pos 481812
alloc_pos 482000
alloc_pos 482048
alloc_pos 482116
alloc_pos 482300
alloc_pos 482508
alloc_pos 482752
alloc_pos 482848
alloc_pos 482900
alloc_pos 483112
alloc_pos 483220
alloc_pos 483472
alloc_pos 483680
alloc_pos 483884
alloc_pos 484036
alloc_pos 484296
alloc_pos 484428
alloc_pos 484580
alloc_pos 484816
alloc_pos 485072
alloc_pos 485264
alloc_pos 485336
alloc_pos 485436
alloc_pos 485532
alloc_pos 485704
alloc_pos 485952
alloc_pos 486100
alloc_pos 486340
alloc_pos 486604
alloc_pos 486756
alloc_pos 486880
alloc_pos 487052
alloc_pos 487292
alloc_pos 487324
alloc_pos 487468
alloc_pos 487552
alloc_pos 487764
alloc_pos 487992
alloc_pos 488116
alloc_pos 488244
alloc_pos 488436
alloc_pos 488504
alloc_pos 488620
alloc_pos 488784
alloc_pos 489032
alloc_pos 489232
alloc_pos 489452
alloc_pos 489648
alloc_pos 489860
alloc_pos 489976
alloc_pos 490020
alloc_pos 490156
alloc_pos 490348
alloc_pos 490500
alloc_pos 490548
alloc_pos 490768
alloc_pos 490832
alloc_pos 490988
alloc_pos 491224
alloc_pos 491348
alloc_pos 491464
alloc_pos 491612
alloc_pos 491820
alloc_pos 491848
alloc_pos 491992
alloc_pos 492024
alloc_pos 492124
alloc_pos 492328
alloc_pos 492568
alloc_pos 492748
alloc_pos 492920
alloc_pos 493092
alloc_pos 493216
alloc_pos 493404
alloc_pos 493468
alloc_pos 493532
alloc_pos 493684
alloc_pos 493764
alloc_pos 493788
alloc_pos 494008
alloc_pos 494080
alloc_pos 494240
alloc_pos 494496
alloc_pos 494740
alloc_pos 494904
alloc_pos 494984
alloc_pos 495108
alloc_pos 495260
alloc_pos 495372
alloc_pos 495636
alloc_pos 495876
alloc_pos 496044
alloc_pos 496156
alloc_pos 496296
alloc_pos 496552
alloc_pos 496644
alloc_pos 496836
alloc_pos 497000
alloc_pos 497176
alloc_pos 497384
alloc_pos 497408
alloc_pos 497528
alloc_pos 497752
alloc_pos 497992
alloc_pos 498224
alloc_pos 498472
alloc_pos 498736
alloc_pos 498948
alloc_pos 499100
alloc_pos 499328
alloc_pos 499384
alloc_pos 499540
alloc_pos 499760
alloc_pos 499924
alloc_pos 500000
alloc_pos 500132
alloc_pos 500396
alloc_pos 500432
alloc_pos 500576
alloc_pos 500820
alloc_pos 500936
alloc_pos 501104
alloc_pos 501268
alloc_pos 501340
alloc_pos 501604
alloc_pos 501756
alloc_pos 501884
alloc_pos 502032
alloc_pos 502264
alloc_pos 502376
alloc_pos 502504
alloc_pos 502616
alloc_pos 502640
alloc_pos 502800
alloc_pos 502960
alloc_pos 503140
alloc_pos 503364
alloc_pos 503544
alloc_pos 503652
alloc_pos 503792
alloc_pos 503968
alloc_pos 503996
alloc_pos 504224
alloc_pos 504304
alloc_pos 504488
alloc_pos 504556
alloc_pos 504720
alloc_pos 504892
alloc_pos 504960
alloc_pos 505204
alloc_pos 505248
alloc_pos 505476
alloc_pos 505640
alloc_pos 505868
alloc_pos 506108
alloc_pos 506340
alloc_pos 506600
alloc_pos 506688
alloc_pos 506720
alloc_pos 506956
alloc_pos 507220
alloc_pos 507416
alloc_pos 507456
alloc_pos 507500
alloc_pos 507744
alloc_pos 507772
alloc_pos 507908
alloc_pos 507932
alloc_pos 508148
alloc_pos 508364
alloc_pos 508456
alloc_pos 508540
alloc_pos 508632
alloc_pos 508684
alloc_pos 508912
alloc_pos 509092
alloc_pos 509160
alloc_pos 509272
alloc_pos 509368
alloc_pos 509408
alloc_pos 509472
alloc_pos 509536
alloc_pos 509592
alloc_pos 509760
alloc_pos 510000
alloc_pos 510228
alloc_pos 510444
alloc_pos 510484
alloc_pos 510572
alloc_pos 510624
alloc_pos 510772
alloc_pos 510988
alloc_pos 511124
alloc_pos 511268
alloc_pos 511456
alloc_pos 511576
alloc_pos 511800
alloc_pos 511876
alloc_pos 511924
alloc_pos 512072
alloc_pos 512100
alloc_pos 512352
alloc_pos 512588
alloc_pos 512708
alloc_pos 512840
alloc_pos 513016
alloc_pos 513232
alloc_pos 513452
alloc_pos 513476
alloc_pos 513676
alloc_pos 513812
alloc_pos 513904
alloc_pos 514112
alloc_pos 514340
alloc_pos 514420
alloc_pos 514592
alloc_pos 514856
alloc_pos 514904
alloc_pos 515156
alloc_pos 515260
alloc_pos 515288
alloc_pos 515316
alloc_pos 515344
alloc_pos 515532
alloc_pos 515692
alloc_pos 515716
alloc_pos 515980
alloc_pos 516228
alloc_pos 516348
alloc_pos 516544
alloc_pos 516620
alloc_pos 516752
alloc_pos 516960
alloc_pos 516988
alloc_pos 517144
alloc_pos 517224
alloc_pos 517440
alloc_pos 517576
alloc_pos 517840
alloc_pos 517988
alloc_pos 518152
alloc_pos 518232
alloc_pos 518344
alloc_pos 518424
alloc_pos 518620
alloc_pos 518700
alloc_pos 518916
alloc_pos 519056
alloc_pos 519320
alloc_pos 519416
alloc_pos 519676
alloc_pos 519704
alloc_pos 519832
alloc_pos 520068
alloc_pos 520324
alloc_pos 520488
alloc_pos 520748
alloc_pos 520936
alloc_pos 520984
alloc_pos 521052
alloc_pos 521236
alloc_pos 521444
alloc_pos 521688
alloc_pos 521784
alloc_pos 521836
alloc_pos 522048
alloc_pos 522156
alloc_pos 522408
alloc_pos 522616
alloc_pos 522820
alloc_pos 522972
alloc_pos 523232
alloc_pos 523364
alloc_pos 523516
alloc_pos 523752
alloc_pos 524008
alloc_pos 524200
alloc_pos -1

