reason: unexpected exit code -6
--- stdout ---
CHENEY GENERATOR!
--- stderr ---
alloc_pos 8
alloc_pos 1040
alloc_pos 2072
alloc_pos 3104
alloc_pos 4136
alloc_pos 5168
alloc_pos 5184
alloc_pos 5200
alloc_pos 5216
alloc_pos 5232
alloc_pos 5248
alloc_pos 5264
alloc_pos 5280
alloc_pos 5296
alloc_pos 5312
alloc_pos 5328
alloc_pos 5344
alloc_pos 5360
alloc_pos 5376
alloc_pos 5392
alloc_pos 5408
alloc_pos 5424
alloc_pos 5440
alloc_pos 5456
alloc_pos 5472
alloc_pos 5488
alloc_pos 5504
alloc_pos 5520
alloc_pos 5536
alloc_pos 5552
alloc_pos 5568
alloc_pos 5584
alloc_pos 5600
alloc_pos 5616
alloc_pos 5632
alloc_pos 5648
alloc_pos 5664
alloc_pos 5680
alloc_pos 5696
alloc_pos 5712
alloc_pos 5728
alloc_pos 5744
alloc_pos 5760
alloc_pos 5776
alloc_pos 5792
alloc_pos 5808
alloc_pos 5824
alloc_pos 5840
alloc_pos 5856
alloc_pos 5872
alloc_pos 5888
alloc_pos 5904
alloc_pos 5920
alloc_pos 5936
alloc_pos 5952
alloc_pos 5968
alloc_pos 5984
alloc_pos 6000
alloc_pos 6016
alloc_pos 6032
alloc_pos 6048
alloc_pos 6064
alloc_pos 6080
alloc_pos 6096
alloc_pos 6112
alloc_pos 6128
alloc_pos 6144
alloc_pos 6160
alloc_pos 6176
alloc_pos 6192
alloc_pos 6208
alloc_pos 6224
alloc_pos 6240
alloc_pos 6256
alloc_pos 6272
alloc_pos 6288
alloc_pos 6304
alloc_pos 6320
alloc_pos 6336
alloc_pos 6352
alloc_pos 6368
alloc_pos 6384
alloc_pos 6400
alloc_pos 6416
alloc_pos 6432
alloc_pos 6448
alloc_pos 6464
alloc_pos 6480
alloc_pos 6496
alloc_pos 6512
alloc_pos 6528
alloc_pos 6544
alloc_pos 6560
alloc_pos 6576
alloc_pos 6592
alloc_pos 6608
alloc_pos 6624
alloc_pos 6640
alloc_pos 6656
alloc_pos 6672
alloc_pos 6688
alloc_pos 6704
alloc_pos 6720
alloc_pos 6736
alloc_pos 6752
alloc_pos 6768
alloc_pos 6784
alloc_pos 6800
alloc_pos 6816
alloc_pos 6832
alloc_pos 6848
alloc_pos 6864
alloc_pos 6880
alloc_pos 6896
alloc_pos 6912
alloc_pos 6928
alloc_pos 6944
alloc_pos 6960
alloc_pos 6976
alloc_pos 6992
alloc_pos 7008
alloc_pos 7024
alloc_pos 7040
alloc_pos 7056
alloc_pos 7072
alloc_pos 7088
alloc_pos 7104
alloc_pos 7120
alloc_pos 7136
alloc_pos 7152
alloc_pos 7168
alloc_pos 7184
alloc_pos 7200
alloc_pos 7216
alloc_pos 7232
alloc_pos 7248
alloc_pos 7264
alloc_pos 7280
alloc_pos 7296
alloc_pos 7312
alloc_pos 7328
alloc_pos 7344
alloc_pos 7360
alloc_pos 7376
alloc_pos 7392
alloc_pos 7408
alloc_pos 7424
alloc_pos 7440
alloc_pos 7456
alloc_pos 7472
alloc_pos 7488
alloc_pos 7504
alloc_pos 7520
alloc_pos 7536
alloc_pos 7552
alloc_pos 7568
alloc_pos 7584
alloc_pos 7600
alloc_pos 7616
alloc_pos 7632
alloc_pos 7648
alloc_pos 7664
alloc_pos 7680
alloc_pos 7696
alloc_pos 7712
alloc_pos 7728
alloc_pos 7744
alloc_pos 7760
alloc_pos 7776
alloc_pos 7792
alloc_pos 7808
alloc_pos 7824
alloc_pos 7840
alloc_pos 7856
alloc_pos 7872
alloc_pos 7888
alloc_pos 7904
alloc_pos 7920
alloc_pos 7936
alloc_pos 7952
alloc_pos 7968
alloc_pos 7984
alloc_pos 8000
alloc_pos 8016
alloc_pos 8032
alloc_pos 8048
alloc_pos 8064
alloc_pos 8080
alloc_pos 8096
alloc_pos 8112
alloc_pos 8128
alloc_pos 8144
alloc_pos 8160
alloc_pos 8176
alloc_pos 8192
alloc_pos 8208
alloc_pos 8224
alloc_pos 8240
alloc_pos 8256
alloc_pos 8272
alloc_pos 8288
alloc_pos 8304
alloc_pos 8320
alloc_pos 8336
alloc_pos 8352
alloc_pos 8368
alloc_pos 8384
alloc_pos 8400
alloc_pos 8416
alloc_pos 8432
alloc_pos 8448
alloc_pos 8464
alloc_pos 8480
alloc_pos 8496
alloc_pos 8512
alloc_pos 8528
alloc_pos 8544
alloc_pos 8560
alloc_pos 8576
alloc_pos 8592
alloc_pos 8608
alloc_pos 8624
alloc_pos 8640
alloc_pos 8656
alloc_pos 8672
alloc_pos 8688
alloc_pos 8704
alloc_pos 8720
alloc_pos 8736
alloc_pos 8752
alloc_pos 8768
alloc_pos 8784
alloc_pos 8800
alloc_pos 8816
alloc_pos 8832
alloc_pos 8848
alloc_pos 8864
alloc_pos 8880
alloc_pos 8896
alloc_pos 8912
alloc_pos 8928
alloc_pos 8944
alloc_pos 8960
alloc_pos 8976
alloc_pos 8992
alloc_pos 9008
alloc_pos 9024
alloc_pos 9040
alloc_pos 9056
alloc_pos 9072
alloc_pos 9088
alloc_pos 9104
alloc_pos 9120
alloc_pos 9136
alloc_pos 9152
alloc_pos 9168
alloc_pos 9184
alloc_pos 9200
alloc_pos 9216
alloc_pos 9232
alloc_pos 9248
alloc_pos 9264
alloc_pos 9516
alloc_pos 9752
alloc_pos 9788
alloc_pos 10048
alloc_pos 10088
alloc_pos 10188
alloc_pos 10240
alloc_pos 10496
alloc_pos 10588
alloc_pos 10708
alloc_pos 10940
alloc_pos 11168
alloc_pos 11408
alloc_pos 11640
alloc_pos 11876
alloc_pos 11988
alloc_pos 12168
alloc_pos 12384
alloc_pos 12512
alloc_pos 12680
alloc_pos 12788
alloc_pos 12880
alloc_pos 13140
alloc_pos 13396
alloc_pos 13496
alloc_pos 13688
alloc_pos 13884
alloc_pos 13960
alloc_pos 14000
alloc_pos 14068
alloc_pos 14124
alloc_pos 14332
alloc_pos 14380
alloc_pos 14500
alloc_pos 14580
alloc_pos 14804
alloc_pos 14872
alloc_pos 14900
alloc_pos 15164
alloc_pos 15228
alloc_pos 15320
alloc_pos 15424
alloc_pos 15544
alloc_pos 15620
alloc_pos 15724
alloc_pos 15796
alloc_pos 15976
alloc_pos 16008
alloc_pos 16100
alloc_pos 16304
alloc_pos 16416
alloc_pos 16444
alloc_pos 16600
alloc_pos 16664
alloc_pos 16884
alloc_pos 16944
alloc_pos 17180
alloc_pos 17364
alloc_pos 17468
alloc_pos 17656
alloc_pos 17704
alloc_pos 17956
alloc_pos 18192
alloc_pos 18228
alloc_pos 18488
alloc_pos 18528
alloc_pos 18628
alloc_pos 18680
alloc_pos 18936
alloc_pos 19028
alloc_pos 19148
alloc_pos 19380
alloc_pos 19608
alloc_pos 19848
alloc_pos 20080
alloc_pos 20316
alloc_pos 20428
alloc_pos 20608
alloc_pos 20824
alloc_pos 20952
alloc_pos 21120
alloc_pos 21228
alloc_pos 21320
alloc_pos 21580
alloc_pos 21836
alloc_pos 21936
alloc_pos 22128
alloc_pos 22324
alloc_pos 22400
alloc_pos 22440
alloc_pos 22508
alloc_pos 22564
alloc_pos 22772
alloc_pos 22820
alloc_pos 22940
alloc_pos 23020
alloc_pos 23244
alloc_pos 23312
alloc_pos 23340
alloc_pos 23604
alloc_pos 23668
alloc_pos 23760
alloc_pos 23864
alloc_pos 23984
alloc_pos 24060
alloc_pos 24164
alloc_pos 24236
alloc_pos 24416
alloc_pos 24448
alloc_pos 24540
alloc_pos 24744
alloc_pos 24856
alloc_pos 24884
alloc_pos 25040
alloc_pos 25104
alloc_pos 25324
alloc_pos 25384
alloc_pos 25620
alloc_pos 25804
alloc_pos 25908
alloc_pos 26096
alloc_pos 26144
alloc_pos 26396
alloc_pos 26632
alloc_pos 26668
alloc_pos 26928
alloc_pos 26968
alloc_pos 27068
alloc_pos 27120
alloc_pos 27376
alloc_pos 27468
alloc_pos 27588
alloc_pos 27820
alloc_pos 28048
alloc_pos 28288
alloc_pos 28520
alloc_pos 28756
alloc_pos 28868
alloc_pos 29048
alloc_pos 29264
alloc_pos 29392
alloc_pos 29560
alloc_pos 29668
alloc_pos 29760
alloc_pos 30020
alloc_pos 30276
alloc_pos 30376
alloc_pos 30568
alloc_pos 30764
alloc_pos 30840
alloc_pos 30880
alloc_pos 30948
alloc_pos 31004
alloc_pos 31212
alloc_pos 31260
alloc_pos 31380
alloc_pos 31460
alloc_pos 31684
alloc_pos 31752
alloc_pos 31780
alloc_pos 32044
alloc_pos 32108
alloc_pos 32200
alloc_pos 32304
alloc_pos 32424
alloc_pos 32500
alloc_pos 32604
alloc_pos -1

