reason: unexpected exit code -6
--- stdout ---
CHENEY GENERATOR!
--- stderr ---
alloc_pos 8
alloc_pos 1040
alloc_pos 1056
alloc_pos 1240
alloc_pos 1256
alloc_pos 1308
alloc_pos 1324
alloc_pos 1352
alloc_pos 1368
alloc_pos 1580
alloc_pos 1596
alloc_pos 1688
alloc_pos 1704
alloc_pos 1788
alloc_pos 1804
alloc_pos 1884
alloc_pos 1900
alloc_pos 1956
alloc_pos 1972
alloc_pos 2184
alloc_pos 2200
alloc_pos 2248
alloc_pos 2264
alloc_pos 2460
alloc_pos 2476
alloc_pos 2688
alloc_pos 2704
alloc_pos 2956
alloc_pos 2972
alloc_pos 3132
alloc_pos 3148
alloc_pos 3192
alloc_pos 3208
alloc_pos 3380
alloc_pos 3396
alloc_pos 3528
alloc_pos 3544
alloc_pos 3576
alloc_pos 3592
alloc_pos 3620
alloc_pos 3636
alloc_pos 3680
alloc_pos 3696
alloc_pos 3772
alloc_pos 3788
alloc_pos 3868
alloc_pos 3884
alloc_pos 4036
alloc_pos 4052
alloc_pos 4228
alloc_pos 4244
alloc_pos 4272
alloc_pos 4288
alloc_pos 4452
alloc_pos 4468
alloc_pos 4540
alloc_pos 4556
alloc_pos 4760
alloc_pos 4776
alloc_pos 4964
alloc_pos 4980
alloc_pos 5180
alloc_pos 5196
alloc_pos 5356
alloc_pos 5372
alloc_pos 5500
alloc_pos 5516
alloc_pos 5596
alloc_pos 5612
alloc_pos 5748
alloc_pos 5764
alloc_pos 5936
alloc_pos 5952
alloc_pos 6044
alloc_pos 6060
alloc_pos 6288
alloc_pos 6304
alloc_pos 6548
alloc_pos 6564
alloc_pos 6588
alloc_pos 6604
alloc_pos 6820
alloc_pos 6836
alloc_pos 7064
alloc_pos 7080
alloc_pos 7144
alloc_pos 7160
alloc_pos 7360
alloc_pos 7376
alloc_pos 7508
alloc_pos 7524
alloc_pos 7632
alloc_pos 7648
alloc_pos 7740
alloc_pos 7756
alloc_pos 7816
alloc_pos 7832
alloc_pos 7908
alloc_pos 7924
alloc_pos 8140
alloc_pos 8156
alloc_pos 8264
alloc_pos 8280
alloc_pos 8328
alloc_pos 8344
alloc_pos 8388
alloc_pos 8404
alloc_pos 8524
alloc_pos 8540
alloc_pos 8588
alloc_pos 8604
alloc_pos 8716
alloc_pos 8732
alloc_pos 8972
alloc_pos 8988
alloc_pos 9100
alloc_pos 9116
alloc_pos 9292
alloc_pos 9308
alloc_pos 9396
alloc_pos 9412
alloc_pos 9640
alloc_pos 9656
alloc_pos 9688
alloc_pos 9704
alloc_pos 9912
alloc_pos 9928
alloc_pos 10068
alloc_pos 10084
alloc_pos 10244
alloc_pos 10260
alloc_pos 10312
alloc_pos 10328
alloc_pos 10588
alloc_pos 10604
alloc_pos 10724
alloc_pos 10740
alloc_pos 10784
alloc_pos 10800
alloc_pos 10964
alloc_pos 10980
alloc_pos 11076
alloc_pos 11092
alloc_pos 11328
alloc_pos 11344
alloc_pos 11528
alloc_pos 11544
alloc_pos 11724
alloc_pos 11740
alloc_pos 11988
alloc_pos 12004
alloc_pos 12248
alloc_pos 12264
alloc_pos 12380
alloc_pos 12396
alloc_pos 12564
alloc_pos 12580
alloc_pos 12652
alloc_pos 12668
alloc_pos 12872
alloc_pos 12888
alloc_pos 12928
alloc_pos 12944
alloc_pos 12976
alloc_pos 12992
alloc_pos 13184
alloc_pos 13200
alloc_pos 13280
alloc_pos 13296
alloc_pos 13516
alloc_pos 13532
alloc_pos 13628
alloc_pos 13644
alloc_pos 13688
alloc_pos 13704
alloc_pos 13944
alloc_pos 13960
alloc_pos 14040
alloc_pos 14056
alloc_pos 14300
alloc_pos 14316
alloc_pos 14364
alloc_pos 14380
alloc_pos 14500
alloc_pos 14516
alloc_pos 14608
alloc_pos 14624
alloc_pos 14764
alloc_pos 14780
alloc_pos 14964
alloc_pos 14980
alloc_pos 15216
alloc_pos 15232
alloc_pos 15348
alloc_pos 15364
alloc_pos 15428
alloc_pos 15444
alloc_pos 15560
alloc_pos 15576
alloc_pos 15688
alloc_pos 15704
alloc_pos 15780
alloc_pos 15796
alloc_pos 15988
alloc_pos 16004
alloc_pos 16096
alloc_pos 16112
alloc_pos 16312
alloc_pos 16328
alloc_pos 16588
alloc_pos 16604
alloc_pos 16800
alloc_pos 16816
alloc_pos 17004
alloc_pos 17020
alloc_pos 17060
alloc_pos 17076
alloc_pos 17252
alloc_pos 17268
alloc_pos 17452
alloc_pos 17468
alloc_pos 17532
alloc_pos 17548
alloc_pos 17708
alloc_pos 17724
alloc_pos 17932
alloc_pos 17948
alloc_pos 18032
alloc_pos 18048
alloc_pos 18112
alloc_pos 18128
alloc_pos 18268
alloc_pos 18284
alloc_pos 18404
alloc_pos 18420
alloc_pos 18512
alloc_pos 18528
alloc_pos 18788
alloc_pos 18804
alloc_pos 18988
alloc_pos 19004
alloc_pos 19204
alloc_pos 19220
alloc_pos 19384
alloc_pos 19400
alloc_pos 19480
alloc_pos 19496
alloc_pos 19692
alloc_pos 19708
alloc_pos 19812
alloc_pos 19828
alloc_pos 20064
alloc_pos 20080
alloc_pos 20300
alloc_pos 20316
alloc_pos 20536
alloc_pos 20552
alloc_pos 20588
alloc_pos 20604
alloc_pos 20684
alloc_pos 20700
alloc_pos 20932
alloc_pos 20948
alloc_pos 20980
alloc_pos 20996
alloc_pos 21224
alloc_pos 21240
alloc_pos 21344
alloc_pos 21360
alloc_pos 21484
alloc_pos 21500
alloc_pos 21592
alloc_pos 21608
alloc_pos 21648
alloc_pos 21664
alloc_pos 21740
alloc_pos 21756
alloc_pos 22012
alloc_pos 22028
alloc_pos 22292
alloc_pos 22308
alloc_pos 22476
alloc_pos 22492
alloc_pos 22740
alloc_pos 22756
alloc_pos 22960
alloc_pos 22976
alloc_pos 23080
alloc_pos 23096
alloc_pos 23172
alloc_pos 23188
alloc_pos 23376
alloc_pos 23392
alloc_pos 23540
alloc_pos 23556
alloc_pos 23680
alloc_pos 23696
alloc_pos 23944
alloc_pos 23960
alloc_pos 24216
alloc_pos 24232
alloc_pos 24420
alloc_pos 24436
alloc_pos 24576
alloc_pos 24592
alloc_pos 24652
alloc_pos 24668
alloc_pos 24756
alloc_pos 24772
alloc_pos 24828
alloc_pos 24844
alloc_pos 24928
alloc_pos 24944
alloc_pos 25156
alloc_pos 25172
alloc_pos 25336
alloc_pos 25352
alloc_pos 25512
alloc_pos 25528
alloc_pos 25616
alloc_pos 25632
alloc_pos 25844
alloc_pos 25860
alloc_pos 26032
alloc_pos 26048
alloc_pos 26180
alloc_pos 26196
alloc_pos 26448
alloc_pos 26464
alloc_pos 26636
alloc_pos 26652
alloc_pos 26776
alloc_pos 26792
alloc_pos 26908
alloc_pos 26924
alloc_pos 27004
alloc_pos 27020
alloc_pos 27076
alloc_pos 27092
alloc_pos 27244
alloc_pos 27260
alloc_pos 27408
alloc_pos 27424
alloc_pos 27468
alloc_pos 27484
alloc_pos 27700
alloc_pos 27716
alloc_pos 27752
alloc_pos 27768
alloc_pos 28012
alloc_pos 28028
alloc_pos 28080
alloc_pos 28096
alloc_pos 28156
alloc_pos 28172
alloc_pos 28356
alloc_pos 28372
alloc_pos 28436
alloc_pos 28452
alloc_pos 28676
alloc_pos 28692
alloc_pos 28888
alloc_pos 28904
alloc_pos 29036
alloc_pos 29052
alloc_pos 29228
alloc_pos 29244
alloc_pos 29284
alloc_pos 29300
alloc_pos 29420
alloc_pos 29436
alloc_pos 29556
alloc_pos 29572
alloc_pos 29748
alloc_pos 29764
alloc_pos 29904
alloc_pos 29920
alloc_pos 30076
alloc_pos 30092
alloc_pos 30180
alloc_pos 30196
alloc_pos 30360
alloc_pos 30376
alloc_pos 30620
alloc_pos 30636
alloc_pos 30900
alloc_pos 30916
alloc_pos 30940
alloc_pos 30956
alloc_pos 31152
alloc_pos 31168
alloc_pos 31376
alloc_pos 31392
alloc_pos 31444
alloc_pos 31460
alloc_pos 31656
alloc_pos 31672
alloc_pos 31920
alloc_pos 31936
alloc_pos 32096
alloc_pos 32112
alloc_pos 32328
alloc_pos 32344
alloc_pos 32436
alloc_pos 32452
alloc_pos 32672
alloc_pos 32688
alloc_pos 32876
alloc_pos 32892
alloc_pos 33000
alloc_pos 33016
alloc_pos 33068
alloc_pos 33084
alloc_pos 33180
alloc_pos 33196
alloc_pos 33328
alloc_pos 33344
alloc_pos 33408
alloc_pos 33424
alloc_pos 33564
alloc_pos 33580
alloc_pos 33604
alloc_pos 33620
alloc_pos 33828
alloc_pos 33844
alloc_pos 34092
alloc_pos 34108
alloc_pos 34316
alloc_pos 34332
alloc_pos 34420
alloc_pos 34436
alloc_pos 34588
alloc_pos 34604
alloc_pos 34820
alloc_pos 34836
alloc_pos 34904
alloc_pos 34920
alloc_pos 35072
alloc_pos 35088
alloc_pos 35344
alloc_pos 35360
alloc_pos 35408
alloc_pos 35424
alloc_pos 35668
alloc_pos 35684
alloc_pos 35868
alloc_pos 35884
alloc_pos 35984
alloc_pos 36000
alloc_pos 36236
alloc_pos 36252
alloc_pos 36436
alloc_pos 36452
alloc_pos 36604
alloc_pos 36620
alloc_pos 36796
alloc_pos 36812
alloc_pos 36884
alloc_pos 36900
alloc_pos 36960
alloc_pos 36976
alloc_pos 37092
alloc_pos 37108
alloc_pos 37324
alloc_pos 37340
alloc_pos 37404
alloc_pos 37420
alloc_pos 37580
alloc_pos 37596
alloc_pos 37816
alloc_pos 37832
alloc_pos 38092
alloc_pos 38108
alloc_pos 38264
alloc_pos 38280
alloc_pos 38536
alloc_pos 38552
alloc_pos 38576
alloc_pos 38592
alloc_pos 38768
alloc_pos 38784
alloc_pos 38888
alloc_pos 38904
alloc_pos 39052
alloc_pos 39068
alloc_pos 39096
alloc_pos 39112
alloc_pos 39164
alloc_pos 39180
alloc_pos 39440
alloc_pos 39456
alloc_pos 39572
alloc_pos 39588
alloc_pos 39836
alloc_pos 39852
alloc_pos 40088
alloc_pos 40104
alloc_pos 40332
alloc_pos 40348
alloc_pos 40448
alloc_pos 40464
alloc_pos 40548
alloc_pos 40564
alloc_pos 40600
alloc_pos 40616
alloc_pos 40700
alloc_pos 40716
alloc_pos 40964
alloc_pos 40980
alloc_pos 41148
alloc_pos 41164
alloc_pos 41428
alloc_pos 41444
alloc_pos 41488
alloc_pos 41672
alloc_pos 41724
alloc_pos 41752
alloc_pos 41964
alloc_pos 42056
alloc_pos 42140
alloc_pos 42220
alloc_pos 42276
alloc_pos 42488
alloc_pos 42536
alloc_pos 42732
alloc_pos 42944
alloc_pos 43196
alloc_pos 43356
alloc_pos 43400
alloc_pos 43572
alloc_pos 43704
alloc_pos 43736
alloc_pos 43764
alloc_pos 43808
alloc_pos 43884
alloc_pos 43964
alloc_pos 44116
alloc_pos 44292
alloc_pos 44320
alloc_pos 44484
alloc_pos 44556
alloc_pos 44760
alloc_pos 44948
alloc_pos 45148
alloc_pos 45308
alloc_pos 45436
alloc_pos 45516
alloc_pos 45652
alloc_pos 45824
alloc_pos 45916
alloc_pos 46144
alloc_pos 46388
alloc_pos 46412
alloc_pos 46628
alloc_pos 46856
alloc_pos 46920
alloc_pos 47120
alloc_pos 47252
alloc_pos 47360
alloc_pos 47452
alloc_pos 47512
alloc_pos 47588
alloc_pos 47804
alloc_pos 47912
alloc_pos 47960
alloc_pos 48004
alloc_pos 48124
alloc_pos 48172
alloc_pos 48284
alloc_pos 48524
alloc_pos 48636
alloc_pos 48812
alloc_pos 48900
alloc_pos 49128
alloc_pos 49160
alloc_pos 49368
alloc_pos 49508
alloc_pos 49668
alloc_pos 49720
alloc_pos 49980
alloc_pos 50100
alloc_pos 50144
alloc_pos 50308
alloc_pos 50404
alloc_pos 50640
alloc_pos 50824
alloc_pos 51004
alloc_pos 51252
alloc_pos 51496
alloc_pos 51612
alloc_pos 51780
alloc_pos 51852
alloc_pos 52056
alloc_pos 52096
alloc_pos 52128
alloc_pos 52320
alloc_pos 52400
alloc_pos 52620
alloc_pos 52716
alloc_pos 52760
alloc_pos 53000
alloc_pos 53080
alloc_pos 53324
alloc_pos 53372
alloc_pos 53492
alloc_pos 53584
alloc_pos 53724
alloc_pos 53908
alloc_pos 54144
alloc_pos 54260
alloc_pos 54324
alloc_pos 54440
alloc_pos 54552
alloc_pos 54628
alloc_pos 54820
alloc_pos 54912
alloc_pos 55112
alloc_pos 55372
alloc_pos 55568
alloc_pos 55756
alloc_pos 55796
alloc_pos 55972
alloc_pos 56156
alloc_pos 56220
alloc_pos 56380
alloc_pos 56588
alloc_pos 56672
alloc_pos 56736
alloc_pos 56876
alloc_pos 56996
alloc_pos 57088
alloc_pos 57348
alloc_pos 57532
alloc_pos 57732
alloc_pos 57896
alloc_pos 57976
alloc_pos 58172
alloc_pos 58276
alloc_pos 58512
alloc_pos 58732
alloc_pos 58952
alloc_pos 58988
alloc_pos 59068
alloc_pos 59300
alloc_pos 59332
alloc_pos 59560
alloc_pos 59664
alloc_pos 59788
alloc_pos 59880
alloc_pos 59920
alloc_pos 59996
alloc_pos 60252
alloc_pos 60516
alloc_pos 60684
alloc_pos 60932
alloc_pos 61136
alloc_pos 61240
alloc_pos 61316
alloc_pos 61504
alloc_pos 61652
alloc_pos 61776
alloc_pos 62024
alloc_pos 62280
alloc_pos 62468
alloc_pos 62608
alloc_pos 62668
alloc_pos 62756
alloc_pos 62812
alloc_pos 62896
alloc_pos 63108
alloc_pos 63272
alloc_pos 63432
alloc_pos 63520
alloc_pos 63732
alloc_pos 63904
alloc_pos 64036
alloc_pos 64288
alloc_pos 64460
alloc_pos 64584
alloc_pos 64700
alloc_pos 64780
alloc_pos 64836
alloc_pos 64988
alloc_pos 65136
alloc_pos 65180
alloc_pos 65396
alloc_pos 65432
alloc_pos 65676
alloc_pos 65728
alloc_pos 65788
alloc_pos 65972
alloc_pos 66036
alloc_pos 66260
alloc_pos 66456
alloc_pos 66588
alloc_pos 66764
alloc_pos 66804
alloc_pos 66924
alloc_pos 67044
alloc_pos 67220
alloc_pos 67360
alloc_pos 67516
alloc_pos 67604
alloc_pos 67768
alloc_pos 68012
alloc_pos 68276
alloc_pos 68300
alloc_pos 68496
alloc_pos 68704
alloc_pos 68756
alloc_pos 68952
alloc_pos 69200
alloc_pos 69360
alloc_pos 69576
alloc_pos 69668
alloc_pos 69888
alloc_pos 70076
alloc_pos 70184
alloc_pos 70236
alloc_pos 70332
alloc_pos 70464
alloc_pos 70528
alloc_pos 70668
alloc_pos 70692
alloc_pos 70900
alloc_pos 71148
alloc_pos 71356
alloc_pos 71444
alloc_pos 71596
alloc_pos 71812
alloc_pos 71880
alloc_pos 72032
alloc_pos 72288
alloc_pos 72336
alloc_pos 72580
alloc_pos 72764
alloc_pos 72864
alloc_pos 73100
alloc_pos 73284
alloc_pos 73436
alloc_pos 73612
alloc_pos 73684
alloc_pos 73744
alloc_pos 73860
alloc_pos 74076
alloc_pos 74140
alloc_pos 74300
alloc_pos 74520
alloc_pos 74780
alloc_pos 74936
alloc_pos 75192
alloc_pos 75216
alloc_pos 75392
alloc_pos 75496
alloc_pos 75644
alloc_pos 75672
alloc_pos 75724
alloc_pos 75984
alloc_pos 76100
alloc_pos 76348
alloc_pos 76584
alloc_pos 76812
alloc_pos 76912
alloc_pos 76996
alloc_pos 77032
alloc_pos 77116
alloc_pos 77364
alloc_pos 77532
alloc_pos 77796
alloc_pos 77840
alloc_pos 78024
alloc_pos 78076
alloc_pos 78104
alloc_pos 78316
alloc_pos 78408
alloc_pos 78492
alloc_pos 78572
alloc_pos 78628
alloc_pos 78840
alloc_pos 78888
alloc_pos 79084
alloc_pos 79296
alloc_pos 79548
alloc_pos 79708
alloc_pos 79752
alloc_pos 79924
alloc_pos 80056
alloc_pos 80088
alloc_pos 80116
alloc_pos 80160
alloc_pos 80236
alloc_pos 80316
alloc_pos 80468
alloc_pos 80644
alloc_pos 80672
alloc_pos 80836
alloc_pos 80908
alloc_pos 81112
alloc_pos 81300
alloc_pos 81500
alloc_pos 81660
alloc_pos 81788
alloc_pos 81868
alloc_pos 82004
alloc_pos 82176
alloc_pos 82268
alloc_pos 82496
alloc_pos 82740
alloc_pos 82764
alloc_pos 82980
alloc_pos 83208
alloc_pos 83272
alloc_pos 83472
alloc_pos 83604
alloc_pos 83712
alloc_pos 83804
alloc_pos 83864
alloc_pos 83940
alloc_pos 84156
alloc_pos 84264
alloc_pos 84312
alloc_pos 84356
alloc_pos 84476
alloc_pos 84524
alloc_pos 84636
alloc_pos 84876
alloc_pos 84988
alloc_pos 85164
alloc_pos 85252
alloc_pos 85480
alloc_pos 85512
alloc_pos 85720
alloc_pos 85860
alloc_pos 86020
alloc_pos 86072
alloc_pos 86332
alloc_pos 86452
alloc_pos 86496
alloc_pos 86660
alloc_pos 86756
alloc_pos 86992
alloc_pos 87176
alloc_pos 87356
alloc_pos 87604
alloc_pos 87848
alloc_pos 87964
alloc_pos 88132
alloc_pos 88204
alloc_pos 88408
alloc_pos 88448
alloc_pos 88480
alloc_pos 88672
alloc_pos 88752
alloc_pos 88972
alloc_pos 89068
alloc_pos 89112
alloc_pos 89352
alloc_pos 89432
alloc_pos 89676
alloc_pos 89724
alloc_pos 89844
alloc_pos 89936
alloc_pos 90076
alloc_pos 90260
alloc_pos 90496
alloc_pos 90612
alloc_pos 90676
alloc_pos 90792
alloc_pos 90904
alloc_pos 90980
alloc_pos 91172
alloc_pos 91264
alloc_pos 91464
alloc_pos 91724
alloc_pos 91920
alloc_pos 92108
alloc_pos 92148
alloc_pos 92324
alloc_pos 92508
alloc_pos 92572
alloc_pos 92732
alloc_pos 92940
alloc_pos 93024
alloc_pos 93088
alloc_pos 93228
alloc_pos 93348
alloc_pos 93440
alloc_pos 93700
alloc_pos 93884
alloc_pos 94084
alloc_pos 94248
alloc_pos 94328
alloc_pos 94524
alloc_pos 94628
alloc_pos 94864
alloc_pos 95084
alloc_pos 95304
alloc_pos 95340
alloc_pos 95420
alloc_pos 95652
alloc_pos 95684
alloc_pos 95912
alloc_pos 96016
alloc_pos 96140
alloc_pos 96232
alloc_pos 96272
alloc_pos 96348
alloc_pos 96604
alloc_pos 96868
alloc_pos 97036
alloc_pos 97284
alloc_pos 97488
alloc_pos 97592
alloc_pos 97668
alloc_pos 97856
alloc_pos 98004
alloc_pos 98128
alloc_pos 98376
alloc_pos 98632
alloc_pos 98820
alloc_pos 98960
alloc_pos 99020
alloc_pos 99108
alloc_pos 99164
alloc_pos 99248
alloc_pos 99460
alloc_pos 99624
alloc_pos 99784
alloc_pos 99872
alloc_pos 100084
alloc_pos 100256
alloc_pos 100388
alloc_pos 100640
alloc_pos 100812
alloc_pos 100936
alloc_pos 101052
alloc_pos 101132
alloc_pos 101188
alloc_pos 101340
alloc_pos 101488
alloc_pos 101532
alloc_pos 101748
alloc_pos 101784
alloc_pos 102028
alloc_pos 102080
alloc_pos 102140
alloc_pos 102324
alloc_pos 102388
alloc_pos 102612
alloc_pos 102808
alloc_pos 102940
alloc_pos 103116
alloc_pos 103156
alloc_pos 103276
alloc_pos 103396
alloc_pos 103572
alloc_pos 103712
alloc_pos 103868
alloc_pos 103956
alloc_pos 104120
alloc_pos 104364
alloc_pos 104628
alloc_pos 104652
alloc_pos 104848
alloc_pos 105056
alloc_pos 105108
alloc_pos 105304
alloc_pos 105552
alloc_pos 105712
alloc_pos 105928
alloc_pos 106020
alloc_pos 106240
alloc_pos 106428
alloc_pos 106536
alloc_pos 106588
alloc_pos 106684
alloc_pos 106816
alloc_pos 106880
alloc_pos 107020
alloc_pos 107044
alloc_pos 107252
alloc_pos 107500
alloc_pos 107708
alloc_pos 107796
alloc_pos 107948
alloc_pos 108164
alloc_pos 108232
alloc_pos 108384
alloc_pos 108640
alloc_pos 108688
alloc_pos 108932
alloc_pos 109116
alloc_pos 109216
alloc_pos 109452
alloc_pos 109636
alloc_pos 109788
alloc_pos 109964
alloc_pos 110036
alloc_pos 110096
alloc_pos 110212
alloc_pos 110428
alloc_pos 110492
alloc_pos 110652
alloc_pos 110872
alloc_pos 111132
alloc_pos 111288
alloc_pos 111544
alloc_pos 111568
alloc_pos 111744
alloc_pos 111848
alloc_pos 111996
alloc_pos 112024
alloc_pos 112076
alloc_pos 112336
alloc_pos 112452
alloc_pos 112700
alloc_pos 112936
alloc_pos 113164
alloc_pos 113264
alloc_pos 113348
alloc_pos 113384
alloc_pos 113468
alloc_pos 113716
alloc_pos 113884
alloc_pos 114148
alloc_pos 114192
alloc_pos 114376
alloc_pos 114428
alloc_pos 114456
alloc_pos 114668
alloc_pos 114760
alloc_pos 114844
alloc_pos 114924
alloc_pos 114980
alloc_pos 115192
alloc_pos 115240
alloc_pos 115436
alloc_pos 115648
alloc_pos 115900
alloc_pos 116060
alloc_pos 116104
alloc_pos 116276
alloc_pos 116408
alloc_pos 116440
alloc_pos 116468
alloc_pos 116512
alloc_pos 116588
alloc_pos 116668
alloc_pos 116820
alloc_pos 116996
alloc_pos 117024
alloc_pos 117188
alloc_pos 117260
alloc_pos 117464
alloc_pos 117652
alloc_pos 117852
alloc_pos 118012
alloc_pos 118140
alloc_pos 118220
alloc_pos 118356
alloc_pos 118528
alloc_pos 118620
alloc_pos 118848
alloc_pos 119092
alloc_pos 119116
alloc_pos 119332
alloc_pos 119560
alloc_pos 119624
alloc_pos 119824
alloc_pos 119956
alloc_pos 120064
alloc_pos 120156
alloc_pos 120216
alloc_pos 120292
alloc_pos 120508
alloc_pos 120616
alloc_pos 120664
alloc_pos 120708
alloc_pos 120828
alloc_pos 120876
alloc_pos 120988
alloc_pos 121228
alloc_pos 121340
alloc_pos 121516
alloc_pos 121604
alloc_pos 121832
alloc_pos 121864
alloc_pos 122072
alloc_pos 122212
alloc_pos 122372
alloc_pos 122424
alloc_pos 122684
alloc_pos 122804
alloc_pos 122848
alloc_pos 123012
alloc_pos 123108
alloc_pos 123344
alloc_pos 123528
alloc_pos 123708
alloc_pos 123956
alloc_pos 124200
alloc_pos 124316
alloc_pos 124484
alloc_pos 124556
alloc_pos 124760
alloc_pos 124800
alloc_pos 124832
alloc_pos 125024
alloc_pos 125104
alloc_pos 125324
alloc_pos 125420
alloc_pos 125464
alloc_pos 125704
alloc_pos 125784
alloc_pos 126028
alloc_pos 126076
alloc_pos 126196
alloc_pos 126288
alloc_pos 126428
alloc_pos 126612
alloc_pos 126848
alloc_pos 126964
alloc_pos 127028
alloc_pos 127144
alloc_pos 127256
alloc_pos 127332
alloc_pos 127524
alloc_pos 127616
alloc_pos 127816
alloc_pos 128076
alloc_pos 128272
alloc_pos 128460
alloc_pos 128500
alloc_pos 128676
alloc_pos 128860
alloc_pos 128924
alloc_pos 129084
alloc_pos 129292
alloc_pos 129376
alloc_pos 129440
alloc_pos 129580
alloc_pos 129700
alloc_pos 129792
alloc_pos 130052
alloc_pos 130236
alloc_pos 130436
alloc_pos 130600
alloc_pos 130680
alloc_pos 130876
alloc_pos 130980
alloc_pos 131216
alloc_pos 131436
alloc_pos 131656
alloc_pos 131692
alloc_pos 131772
alloc_pos 132004
alloc_pos 132036
alloc_pos 132264
alloc_pos 132368
alloc_pos 132492
alloc_pos 132584
alloc_pos 132624
alloc_pos 132700
alloc_pos 132956
alloc_pos 133220
alloc_pos 133388
alloc_pos 133636
alloc_pos 133840
alloc_pos 133944
alloc_pos 134020
alloc_pos 134208
alloc_pos 134356
alloc_pos 134480
alloc_pos 134728
alloc_pos 134984
alloc_pos 135172
alloc_pos 135312
alloc_pos 135372
alloc_pos 135460
alloc_pos 135516
alloc_pos 135600
alloc_pos 135812
alloc_pos 135976
alloc_pos 136136
alloc_pos 136224
alloc_pos 136436
alloc_pos 136608
alloc_pos 136740
alloc_pos 136992
alloc_pos 137164
alloc_pos 137288
alloc_pos 137404
alloc_pos 137484
alloc_pos 137540
alloc_pos 137692
alloc_pos 137840
alloc_pos 137884
alloc_pos 138100
alloc_pos 138136
alloc_pos 138380
alloc_pos 138432
alloc_pos 138492
alloc_pos 138676
alloc_pos 138740
alloc_pos 138964
alloc_pos 139160
alloc_pos 139292
alloc_pos 139468
alloc_pos 139508
alloc_pos 139628
alloc_pos 139748
alloc_pos 139924
alloc_pos 140064
alloc_pos 140220
alloc_pos 140308
alloc_pos 140472
alloc_pos 140716
alloc_pos 140980
alloc_pos 141004
alloc_pos 141200
alloc_pos 141408
alloc_pos 141460
alloc_pos 141656
alloc_pos 141904
alloc_pos 142064
alloc_pos 142280
alloc_pos 142372
alloc_pos 142592
alloc_pos 142780
alloc_pos 142888
alloc_pos 142940
alloc_pos 143036
alloc_pos 143168
alloc_pos 143232
alloc_pos 143372
alloc_pos 143396
alloc_pos 143604
alloc_pos 143852
alloc_pos 144060
alloc_pos 144148
alloc_pos 144300
alloc_pos 144516
alloc_pos 144584
alloc_pos 144736
alloc_pos 144992
alloc_pos 145040
alloc_pos 145284
alloc_pos 145468
alloc_pos 145568
alloc_pos 145804
alloc_pos 145988
alloc_pos 146140
alloc_pos 146316
alloc_pos 146388
alloc_pos 146448
alloc_pos 146564
alloc_pos 146780
alloc_pos 146844
alloc_pos 147004
alloc_pos 147224
alloc_pos 147484
alloc_pos 147640
alloc_pos 147896
alloc_pos 147920
alloc_pos 148096
alloc_pos 148200
alloc_pos 148348
alloc_pos 148376
alloc_pos 148428
alloc_pos 148688
alloc_pos 148804
alloc_pos 149052
alloc_pos 149288
alloc_pos 149516
alloc_pos 149616
alloc_pos 149700
alloc_pos 149736
alloc_pos 149820
alloc_pos 150068
alloc_pos 150236
alloc_pos 150500
alloc_pos 150544
alloc_pos 150728
alloc_pos 150780
alloc_pos 150808
alloc_pos 151020
alloc_pos 151112
alloc_pos 151196
alloc_pos 151276
alloc_pos 151332
alloc_pos 151544
alloc_pos 151592
alloc_pos 151788
alloc_pos 152000
alloc_pos 152252
alloc_pos 152412
alloc_pos 152456
alloc_pos 152628
alloc_pos 152760
alloc_pos 152792
alloc_pos 152820
alloc_pos 152864
alloc_pos 152940
alloc_pos 153020
alloc_pos 153172
alloc_pos 153348
alloc_pos 153376
alloc_pos 153540
alloc_pos 153612
alloc_pos 153816
alloc_pos 154004
alloc_pos 154204
alloc_pos 154364
alloc_pos 154492
alloc_pos 154572
alloc_pos 154708
alloc_pos 154880
alloc_pos 154972
alloc_pos 155200
alloc_pos 155444
alloc_pos 155468
alloc_pos 155684
alloc_pos 155912
alloc_pos 155976
alloc_pos 156176
alloc_pos 156308
alloc_pos 156416
alloc_pos 156508
alloc_pos 156568
alloc_pos 156644
alloc_pos 156860
alloc_pos 156968
alloc_pos 157016
alloc_pos 157060
alloc_pos 157180
alloc_pos 157228
alloc_pos 157340
alloc_pos 157580
alloc_pos 157692
alloc_pos 157868
alloc_pos 157956
alloc_pos 158184
alloc_pos 158216
alloc_pos 158424
alloc_pos 158564
alloc_pos 158724
alloc_pos 158776
alloc_pos 159036
alloc_pos 159156
alloc_pos 159200
alloc_pos 159364
alloc_pos 159460
alloc_pos 159696
alloc_pos 159880
alloc_pos 160060
alloc_pos 160308
alloc_pos 160552
alloc_pos 160668
alloc_pos 160836
alloc_pos 160908
alloc_pos 161112
alloc_pos 161152
alloc_pos 161184
alloc_pos 161376
alloc_pos 161456
alloc_pos 161676
alloc_pos 161772
alloc_pos 161816
alloc_pos 162056
alloc_pos 162136
alloc_pos 162380
alloc_pos 162428
alloc_pos 162548
alloc_pos 162640
alloc_pos 162780
alloc_pos 162964
alloc_pos 163200
alloc_pos 163316
alloc_pos 163380
alloc_pos 163496
alloc_pos 163608
alloc_pos 163684
alloc_pos 163876
alloc_pos 163968
alloc_pos 164168
alloc_pos 164428
alloc_pos 164624
alloc_pos 164812
alloc_pos 164852
alloc_pos 165028
alloc_pos 165212
alloc_pos 165276
alloc_pos 165436
alloc_pos 165644
alloc_pos 165728
alloc_pos 165792
alloc_pos 165932
alloc_pos 166052
alloc_pos 166144
alloc_pos 166404
alloc_pos 166588
alloc_pos 166788
alloc_pos 166952
alloc_pos 167032
alloc_pos 167228
alloc_pos 167332
alloc_pos 167568
alloc_pos 167788
alloc_pos 168008
alloc_pos 168044
alloc_pos 168124
alloc_pos 168356
alloc_pos 168388
alloc_pos 168616
alloc_pos 168720
alloc_pos 168844
alloc_pos 168936
alloc_pos 168976
alloc_pos 169052
alloc_pos 169308
alloc_pos 169572
alloc_pos 169740
alloc_pos 169988
alloc_pos 170192
alloc_pos 170296
alloc_pos 170372
alloc_pos 170560
alloc_pos 170708
alloc_pos 170832
alloc_pos 171080
alloc_pos 171336
alloc_pos 171524
alloc_pos 171664
alloc_pos 171724
alloc_pos 171812
alloc_pos 171868
alloc_pos 171952
alloc_pos 172164
alloc_pos 172328
alloc_pos 172488
alloc_pos 172576
alloc_pos 172788
alloc_pos 172960
alloc_pos 173092
alloc_pos 173344
alloc_pos 173516
alloc_pos 173640
alloc_pos 173756
alloc_pos 173836
alloc_pos 173892
alloc_pos 174044
alloc_pos 174192
alloc_pos 174236
alloc_pos 174452
alloc_pos 174488
alloc_pos 174732
alloc_pos 174784
alloc_pos 174844
alloc_pos 175028
alloc_pos 175092
alloc_pos 175316
alloc_pos 175512
alloc_pos 175644
alloc_pos 175820
alloc_pos 175860
alloc_pos 175980
alloc_pos 176100
alloc_pos 176276
alloc_pos 176416
alloc_pos 176572
alloc_pos 176660
alloc_pos 176824
alloc_pos 177068
alloc_pos 177332
alloc_pos 177356
alloc_pos 177552
alloc_pos 177760
alloc_pos 177812
alloc_pos 178008
alloc_pos 178256
alloc_pos 178416
alloc_pos 178632
alloc_pos 178724
alloc_pos 178944
alloc_pos 179132
alloc_pos 179240
alloc_pos 179292
alloc_pos 179388
alloc_pos 179520
alloc_pos 179584
alloc_pos 179724
alloc_pos 179748
alloc_pos 179956
alloc_pos 180204
alloc_pos 180412
alloc_pos 180500
alloc_pos 180652
alloc_pos 180868
alloc_pos 180936
alloc_pos 181088
alloc_pos 181344
alloc_pos 181392
alloc_pos 181636
alloc_pos 181820
alloc_pos 181920
alloc_pos 182156
alloc_pos 182340
alloc_pos 182492
alloc_pos 182668
alloc_pos 182740
alloc_pos 182800
alloc_pos 182916
alloc_pos 183132
alloc_pos 183196
alloc_pos 183356
alloc_pos 183576
alloc_pos 183836
alloc_pos 183992
alloc_pos 184248
alloc_pos 184272
alloc_pos 184448
alloc_pos 184552
alloc_pos 184700
alloc_pos 184728
alloc_pos 184780
alloc_pos 185040
alloc_pos 185156
alloc_pos 185404
alloc_pos 185640
alloc_pos 185868
alloc_pos 185968
alloc_pos 186052
alloc_pos 186088
alloc_pos 186172
alloc_pos 186420
alloc_pos 186588
alloc_pos 186852
alloc_pos 186896
alloc_pos 187080
alloc_pos 187132
alloc_pos 187160
alloc_pos 187372
alloc_pos 187464
alloc_pos 187548
alloc_pos 187628
alloc_pos 187684
alloc_pos 187896
alloc_pos 187944
alloc_pos 188140
alloc_pos 188352
alloc_pos 188604
alloc_pos 188764
alloc_pos 188808
alloc_pos 188980
alloc_pos 189112
alloc_pos 189144
alloc_pos 189172
alloc_pos 189216
alloc_pos 189292
alloc_pos 189372
alloc_pos 189524
alloc_pos 189700
alloc_pos 189728
alloc_pos 189892
alloc_pos 189964
alloc_pos 190168
alloc_pos 190356
alloc_pos 190556
alloc_pos 190716
alloc_pos 190844
alloc_pos 190924
alloc_pos 191060
alloc_pos 191232
alloc_pos 191324
alloc_pos 191552
alloc_pos 191796
alloc_pos 191820
alloc_pos 192036
alloc_pos 192264
alloc_pos 192328
alloc_pos 192528
alloc_pos 192660
alloc_pos 192768
alloc_pos 192860
alloc_pos 192920
alloc_pos 192996
alloc_pos 193212
alloc_pos 193320
alloc_pos 193368
alloc_pos 193412
alloc_pos 193532
alloc_pos 193580
alloc_pos 193692
alloc_pos 193932
alloc_pos 194044
alloc_pos 194220
alloc_pos 194308
alloc_pos 194536
alloc_pos 194568
alloc_pos 194776
alloc_pos 194916
alloc_pos 195076
alloc_pos 195128
alloc_pos 195388
alloc_pos 195508
alloc_pos 195552
alloc_pos 195716
alloc_pos 195812
alloc_pos 196048
alloc_pos 196232
alloc_pos 196412
alloc_pos 196660
alloc_pos 196904
alloc_pos 197020
alloc_pos 197188
alloc_pos 197260
alloc_pos 197464
alloc_pos 197504
alloc_pos 197536
alloc_pos 197728
alloc_pos 197808
alloc_pos 198028
alloc_pos 198124
alloc_pos 198168
alloc_pos 198408
alloc_pos 198488
alloc_pos 198732
alloc_pos 198780
alloc_pos 198900
alloc_pos 198992
alloc_pos 199132
alloc_pos 199316
alloc_pos 199552
alloc_pos 199668
alloc_pos 199732
alloc_pos 199848
alloc_pos 199960
alloc_pos 200036
alloc_pos 200228
alloc_pos 200320
alloc_pos 200520
alloc_pos 200780
alloc_pos 200976
alloc_pos 201164
alloc_pos 201204
alloc_pos 201380
alloc_pos 201564
alloc_pos 201628
alloc_pos 201788
alloc_pos 201996
alloc_pos 202080
alloc_pos 202144
alloc_pos 202284
alloc_pos 202404
alloc_pos 202496
alloc_pos 202756
alloc_pos 202940
alloc_pos 203140
alloc_pos 203304
alloc_pos 203384
alloc_pos 203580
alloc_pos 203684
alloc_pos 203920
alloc_pos 204140
alloc_pos 204360
alloc_pos 204396
alloc_pos 204476
alloc_pos 204708
alloc_pos 204740
alloc_pos 204968
alloc_pos 205072
alloc_pos 205196
alloc_pos 205288
alloc_pos 205328
alloc_pos 205404
alloc_pos 205660
alloc_pos 205924
alloc_pos 206092
alloc_pos 206340
alloc_pos 206544
alloc_pos 206648
alloc_pos 206724
alloc_pos 206912
alloc_pos 207060
alloc_pos 207184
alloc_pos 207432
alloc_pos 207688
alloc_pos 207876
alloc_pos 208016
alloc_pos 208076
alloc_pos 208164
alloc_pos 208220
alloc_pos 208304
alloc_pos 208516
alloc_pos 208680
alloc_pos 208840
alloc_pos 208928
alloc_pos 209140
alloc_pos 209312
alloc_pos 209444
alloc_pos 209696
alloc_pos 209868
alloc_pos 209992
alloc_pos 210108
alloc_pos 210188
alloc_pos 210244
alloc_pos 210396
alloc_pos 210544
alloc_pos 210588
alloc_pos 210804
alloc_pos 210840
alloc_pos 211084
alloc_pos 211136
alloc_pos 211196
alloc_pos 211380
alloc_pos 211444
alloc_pos 211668
alloc_pos 211864
alloc_pos 211996
alloc_pos 212172
alloc_pos 212212
alloc_pos 212332
alloc_pos 212452
alloc_pos 212628
alloc_pos 212768
alloc_pos 212924
alloc_pos 213012
alloc_pos 213176
alloc_pos 213420
alloc_pos 213684
alloc_pos 213708
alloc_pos 213904
alloc_pos 214112
alloc_pos 214164
alloc_pos 214360
alloc_pos 214608
alloc_pos 214768
alloc_pos 214984
alloc_pos 215076
alloc_pos 215296
alloc_pos 215484
alloc_pos 215592
alloc_pos 215644
alloc_pos 215740
alloc_pos 215872
alloc_pos 215936
alloc_pos 216076
alloc_pos 216100
alloc_pos 216308
alloc_pos 216556
alloc_pos 216764
alloc_pos 216852
alloc_pos 217004
alloc_pos 217220
alloc_pos 217288
alloc_pos 217440
alloc_pos 217696
alloc_pos 217744
alloc_pos 217988
alloc_pos 218172
alloc_pos 218272
alloc_pos 218508
alloc_pos 218692
alloc_pos 218844
alloc_pos 219020
alloc_pos 219092
alloc_pos 219152
alloc_pos 219268
alloc_pos 219484
alloc_pos 219548
alloc_pos 219708
alloc_pos 219928
alloc_pos 220188
alloc_pos 220344
alloc_pos 220600
alloc_pos 220624
alloc_pos 220800
alloc_pos 220904
alloc_pos 221052
alloc_pos 221080
alloc_pos 221132
alloc_pos 221392
alloc_pos 221508
alloc_pos 221756
alloc_pos 221992
alloc_pos 222220
alloc_pos 222320
alloc_pos 222404
alloc_pos 222440
alloc_pos 222524
alloc_pos 222772
alloc_pos 222940
alloc_pos 223204
alloc_pos 223248
alloc_pos 223432
alloc_pos 223484
alloc_pos 223512
alloc_pos 223724
alloc_pos 223816
alloc_pos 223900
alloc_pos 223980
alloc_pos 224036
alloc_pos 224248
alloc_pos 224296
alloc_pos 224492
alloc_pos 224704
alloc_pos 224956
alloc_pos 225116
alloc_pos 225160
alloc_pos 225332
alloc_pos 225464
alloc_pos 225496
alloc_pos 225524
alloc_pos 225568
alloc_pos 225644
alloc_pos 225724
alloc_pos 225876
alloc_pos 226052
alloc_pos 226080
alloc_pos 226244
alloc_pos 226316
alloc_pos 226520
alloc_pos 226708
alloc_pos 226908
alloc_pos 227068
alloc_pos 227196
alloc_pos 227276
alloc_pos 227412
alloc_pos 227584
alloc_pos 227676
alloc_pos 227904
alloc_pos 228148
alloc_pos 228172
alloc_pos 228388
alloc_pos 228616
alloc_pos 228680
alloc_pos 228880
alloc_pos 229012
alloc_pos 229120
alloc_pos 229212
alloc_pos 229272
alloc_pos 229348
alloc_pos 229564
alloc_pos 229672
alloc_pos 229720
alloc_pos 229764
alloc_pos 229884
alloc_pos 229932
alloc_pos 230044
alloc_pos 230284
alloc_pos 230396
alloc_pos 230572
alloc_pos 230660
alloc_pos 230888
alloc_pos 230920
alloc_pos 231128
alloc_pos 231268
alloc_pos 231428
alloc_pos 231480
alloc_pos 231740
alloc_pos 231860
alloc_pos 231904
alloc_pos 232068
alloc_pos 232164
alloc_pos 232400
alloc_pos 232584
alloc_pos 232764
alloc_pos 233012
alloc_pos 233256
alloc_pos 233372
alloc_pos 233540
alloc_pos 233612
alloc_pos 233816
alloc_pos 233856
alloc_pos 233888
alloc_pos 234080
alloc_pos 234160
alloc_pos 234380
alloc_pos 234476
alloc_pos 234520
alloc_pos 234760
alloc_pos 234840
alloc_pos 235084
alloc_pos 235132
alloc_pos 235252
alloc_pos 235344
alloc_pos 235484
alloc_pos 235668
alloc_pos 235904
alloc_pos 236020
alloc_pos 236084
alloc_pos 236200
alloc_pos 236312
alloc_pos 236388
alloc_pos 236580
alloc_pos 236672
alloc_pos 236872
alloc_pos 237132
alloc_pos 237328
alloc_pos 237516
alloc_pos 237556
alloc_pos 237732
alloc_pos 237916
alloc_pos 237980
alloc_pos 238140
alloc_pos 238348
alloc_pos 238432
alloc_pos 238496
alloc_pos 238636
alloc_pos 238756
alloc_pos 238848
alloc_pos 239108
alloc_pos 239292
alloc_pos 239492
alloc_pos 239656
alloc_pos 239736
alloc_pos 239932
alloc_pos 240036
alloc_pos 240272
alloc_pos 240492
alloc_pos 240712
alloc_pos 240748
alloc_pos 240828
alloc_pos 241060
alloc_pos 241092
alloc_pos 241320
alloc_pos 241424
alloc_pos 241548
alloc_pos 241640
alloc_pos 241680
alloc_pos 241756
alloc_pos 242012
alloc_pos 242276
alloc_pos 242444
alloc_pos 242692
alloc_pos 242896
alloc_pos 243000
alloc_pos 243076
alloc_pos 243264
alloc_pos 243412
alloc_pos 243536
alloc_pos 243784
alloc_pos 244040
alloc_pos 244228
alloc_pos 244368
alloc_pos 244428
alloc_pos 244516
alloc_pos 244572
alloc_pos 244656
alloc_pos 244868
alloc_pos 245032
alloc_pos 245192
alloc_pos 245280
alloc_pos 245492
alloc_pos 245664
alloc_pos 245796
alloc_pos 246048
alloc_pos 246220
alloc_pos 246344
alloc_pos 246460
alloc_pos 246540
alloc_pos 246596
alloc_pos 246748
alloc_pos 246896
alloc_pos 246940
alloc_pos 247156
alloc_pos 247192
alloc_pos 247436
alloc_pos 247488
alloc_pos 247548
alloc_pos 247732
alloc_pos 247796
alloc_pos 248020
alloc_pos 248216
alloc_pos 248348
alloc_pos 248524
alloc_pos 248564
alloc_pos 248684
alloc_pos 248804
alloc_pos 248980
alloc_pos 249120
alloc_pos 249276
alloc_pos 249364
alloc_pos 249528
alloc_pos 249772
alloc_pos 250036
alloc_pos 250060
alloc_pos 250256
alloc_pos 250464
alloc_pos 250516
alloc_pos 250712
alloc_pos 250960
alloc_pos 251120
alloc_pos 251336
alloc_pos 251428
alloc_pos 251648
alloc_pos 251836
alloc_pos 251944
alloc_pos 251996
alloc_pos 252092
alloc_pos 252224
alloc_pos 252288
alloc_pos 252428
alloc_pos 252452
alloc_pos 252660
alloc_pos 252908
alloc_pos 253116
alloc_pos 253204
alloc_pos 253356
alloc_pos 253572
alloc_pos 253640
alloc_pos 253792
alloc_pos 254048
alloc_pos 254096
alloc_pos 254340
alloc_pos 254524
alloc_pos 254624
alloc_pos 254860
alloc_pos 255044
alloc_pos 255196
alloc_pos 255372
alloc_pos 255444
alloc_pos 255504
alloc_pos 255620
alloc_pos 255836
alloc_pos 255900
alloc_pos 256060
alloc_pos 256280
alloc_pos 256540
alloc_pos 256696
alloc_pos 256952
alloc_pos 256976
alloc_pos 257152
alloc_pos 257256
alloc_pos 257404
alloc_pos 257432
alloc_pos 257484
alloc_pos 257744
alloc_pos 257860
alloc_pos 258108
alloc_pos 258344
alloc_pos 258572
alloc_pos 258672
alloc_pos 258756
alloc_pos 258792
alloc_pos 258876
alloc_pos 259124
alloc_pos 259292
alloc_pos 259556
alloc_pos 259600
alloc_pos 259784
alloc_pos 259836
alloc_pos 259864
alloc_pos 260076
alloc_pos 260168
alloc_pos 260252
alloc_pos 260332
alloc_pos 260388
alloc_pos 260600
alloc_pos 260648
alloc_pos 260844
alloc_pos 261056
alloc_pos 261308
alloc_pos 261468
alloc_pos 261512
alloc_pos 261684
alloc_pos 261816
alloc_pos 261848
alloc_pos 261876
alloc_pos 261920
alloc_pos 261996
alloc_pos 262076
alloc_pos 262228
alloc_pos 262404
alloc_pos 262432
alloc_pos 262596
alloc_pos 262668
alloc_pos 262872
alloc_pos 263060
alloc_pos 263260
alloc_pos 263420
alloc_pos 263548
alloc_pos 263628
alloc_pos 263764
alloc_pos 263936
alloc_pos 264028
alloc_pos 264256
alloc_pos 264500
alloc_pos 264524
alloc_pos 264740
alloc_pos 264968
alloc_pos 265032
alloc_pos 265232
alloc_pos 265364
alloc_pos 265472
alloc_pos 265564
alloc_pos 265624
alloc_pos 265700
alloc_pos 265916
alloc_pos 266024
alloc_pos 266072
alloc_pos 266116
alloc_pos 266236
alloc_pos 266284
alloc_pos 266396
alloc_pos 266636
alloc_pos 266748
alloc_pos 266924
alloc_pos 267012
alloc_pos 267240
alloc_pos 267272
alloc_pos 267480
alloc_pos 267620
alloc_pos 267780
alloc_pos 267832
alloc_pos 268092
alloc_pos 268212
alloc_pos 268256
alloc_pos 268420
alloc_pos 268516
alloc_pos 268752
alloc_pos 268936
alloc_pos 269116
alloc_pos 269364
alloc_pos 269608
alloc_pos 269724
alloc_pos 269892
alloc_pos 269964
alloc_pos 270168
alloc_pos 270208
alloc_pos 270240
alloc_pos 270432
alloc_pos 270512
alloc_pos 270732
alloc_pos 270828
alloc_pos 270872
alloc_pos 271112
alloc_pos 271192
alloc_pos 271436
alloc_pos 271484
alloc_pos 271604
alloc_pos 271696
alloc_pos 271836
alloc_pos 272020
alloc_pos 272256
alloc_pos 272372
alloc_pos 272436
alloc_pos 272552
alloc_pos 272664
alloc_pos 272740
alloc_pos 272932
alloc_pos 273024
alloc_pos 273224
alloc_pos 273484
alloc_pos 273680
alloc_pos 273868
alloc_pos 273908
alloc_pos 274084
alloc_pos 274268
alloc_pos 274332
alloc_pos 274492
alloc_pos 274700
alloc_pos 274784
alloc_pos 274848
alloc_pos 274988
alloc_pos 275108
alloc_pos 275200
alloc_pos 275460
alloc_pos 275644
alloc_pos 275844
alloc_pos 276008
alloc_pos 276088
alloc_pos 276284
alloc_pos 276388
alloc_pos 276624
alloc_pos 276844
alloc_pos 277064
alloc_pos 277100
alloc_pos 277180
alloc_pos 277412
alloc_pos 277444
alloc_pos 277672
alloc_pos 277776
alloc_pos 277900
alloc_pos 277992
alloc_pos 278032
alloc_pos 278108
alloc_pos 278364
alloc_pos 278628
alloc_pos 278796
alloc_pos 279044
alloc_pos 279248
alloc_pos 279352
alloc_pos 279428
alloc_pos 279616
alloc_pos 279764
alloc_pos 279888
alloc_pos 280136
alloc_pos 280392
alloc_pos 280580
alloc_pos 280720
alloc_pos 280780
alloc_pos 280868
alloc_pos 280924
alloc_pos 281008
alloc_pos 281220
alloc_pos 281384
alloc_pos 281544
alloc_pos 281632
alloc_pos 281844
alloc_pos 282016
alloc_pos 282148
alloc_pos 282400
alloc_pos 282572
alloc_pos 282696
alloc_pos 282812
alloc_pos 282892
alloc_pos 282948
alloc_pos 283100
alloc_pos 283248
alloc_pos 283292
alloc_pos 283508
alloc_pos 283544
alloc_pos 283788
alloc_pos 283840
alloc_pos 283900
alloc_pos 284084
alloc_pos 284148
alloc_pos 284372
alloc_pos 284568
alloc_pos 284700
alloc_pos 284876
alloc_pos 284916
alloc_pos 285036
alloc_pos 285156
alloc_pos 285332
alloc_pos 285472
alloc_pos 285628
alloc_pos 285716
alloc_pos 285880
alloc_pos 286124
alloc_pos 286388
alloc_pos 286412
alloc_pos 286608
alloc_pos 286816
alloc_pos 286868
alloc_pos 287064
alloc_pos 287312
alloc_pos 287472
alloc_pos 287688
alloc_pos 287780
alloc_pos 288000
alloc_pos 288188
alloc_pos 288296
alloc_pos 288348
alloc_pos 288444
alloc_pos 288576
alloc_pos 288640
alloc_pos 288780
alloc_pos 288804
alloc_pos 289012
alloc_pos 289260
alloc_pos 289468
alloc_pos 289556
alloc_pos 289708
alloc_pos 289924
alloc_pos 289992
alloc_pos 290144
alloc_pos 290400
alloc_pos 290448
alloc_pos 290692
alloc_pos 290876
alloc_pos 290976
alloc_pos 291212
alloc_pos 291396
alloc_pos 291548
alloc_pos 291724
alloc_pos 291796
alloc_pos 291856
alloc_pos 291972
alloc_pos 292188
alloc_pos 292252
alloc_pos 292412
alloc_pos 292632
alloc_pos 292892
alloc_pos 293048
alloc_pos 293304
alloc_pos 293328
alloc_pos 293504
alloc_pos 293608
alloc_pos 293756
alloc_pos 293784
alloc_pos 293836
alloc_pos 294096
alloc_pos 294212
alloc_pos 294460
alloc_pos 294696
alloc_pos 294924
alloc_pos 295024
alloc_pos 295108
alloc_pos 295144
alloc_pos 295228
alloc_pos 295476
alloc_pos 295644
alloc_pos 295908
alloc_pos 295952
alloc_pos 296136
alloc_pos 296188
alloc_pos 296216
alloc_pos 296428
alloc_pos 296520
alloc_pos 296604
alloc_pos 296684
alloc_pos 296740
alloc_pos 296952
alloc_pos 297000
alloc_pos 297196
alloc_pos 297408
alloc_pos 297660
alloc_pos 297820
alloc_pos 297864
alloc_pos 298036
alloc_pos 298168
alloc_pos 298200
alloc_pos 298228
alloc_pos 298272
alloc_pos 298348
alloc_pos 298428
alloc_pos 298580
alloc_pos 298756
alloc_pos 298784
alloc_pos 298948
alloc_pos 299020
alloc_pos 299224
alloc_pos 299412
alloc_pos 299612
alloc_pos 299772
alloc_pos 299900
alloc_pos 299980
alloc_pos 300116
alloc_pos 300288
alloc_pos 300380
alloc_pos 300608
alloc_pos 300852
alloc_pos 300876
alloc_pos 301092
alloc_pos 301320
alloc_pos 301384
alloc_pos 301584
alloc_pos 301716
alloc_pos 301824
alloc_pos 301916
alloc_pos 301976
alloc_pos 302052
alloc_pos 302268
alloc_pos 302376
alloc_pos 302424
alloc_pos 302468
alloc_pos 302588
alloc_pos 302636
alloc_pos 302748
alloc_pos 302988
alloc_pos 303100
alloc_pos 303276
alloc_pos 303364
alloc_pos 303592
alloc_pos 303624
alloc_pos 303832
alloc_pos 303972
alloc_pos 304132
alloc_pos 304184
alloc_pos 304444
alloc_pos 304564
alloc_pos 304608
alloc_pos 304772
alloc_pos 304868
alloc_pos 305104
alloc_pos 305288
alloc_pos 305468
alloc_pos 305716
alloc_pos 305960
alloc_pos 306076
alloc_pos 306244
alloc_pos 306316
alloc_pos 306520
alloc_pos 306560
alloc_pos 306592
alloc_pos 306784
alloc_pos 306864
alloc_pos 307084
alloc_pos 307180
alloc_pos 307224
alloc_pos 307464
alloc_pos 307544
alloc_pos 307788
alloc_pos 307836
alloc_pos 307956
alloc_pos 308048
alloc_pos 308188
alloc_pos 308372
alloc_pos 308608
alloc_pos 308724
alloc_pos 308788
alloc_pos 308904
alloc_pos 309016
alloc_pos 309092
alloc_pos 309284
alloc_pos 309376
alloc_pos 309576
alloc_pos 309836
alloc_pos 310032
alloc_pos 310220
alloc_pos 310260
alloc_pos 310436
alloc_pos 310620
alloc_pos 310684
alloc_pos 310844
alloc_pos 311052
alloc_pos 311136
alloc_pos 311200
alloc_pos 311340
alloc_pos 311460
alloc_pos 311552
alloc_pos 311812
alloc_pos 311996
alloc_pos 312196
alloc_pos 312360
alloc_pos 312440
alloc_pos 312636
alloc_pos 312740
alloc_pos 312976
alloc_pos 313196
alloc_pos 313416
alloc_pos 313452
alloc_pos 313532
alloc_pos 313764
alloc_pos 313796
alloc_pos 314024
alloc_pos 314128
alloc_pos 314252
alloc_pos 314344
alloc_pos 314384
alloc_pos 314460
alloc_pos 314716
alloc_pos 314980
alloc_pos 315148
alloc_pos 315396
alloc_pos 315600
alloc_pos 315704
alloc_pos 315780
alloc_pos 315968
alloc_pos 316116
alloc_pos 316240
alloc_pos 316488
alloc_pos 316744
alloc_pos 316932
alloc_pos 317072
alloc_pos 317132
alloc_pos 317220
alloc_pos 317276
alloc_pos 317360
alloc_pos 317572
alloc_pos 317736
alloc_pos 317896
alloc_pos 317984
alloc_pos 318196
alloc_pos 318368
alloc_pos 318500
alloc_pos 318752
alloc_pos 318924
alloc_pos 319048
alloc_pos 319164
alloc_pos 319244
alloc_pos 319300
alloc_pos 319452
alloc_pos 319600
alloc_pos 319644
alloc_pos 319860
alloc_pos 319896
alloc_pos 320140
alloc_pos 320192
alloc_pos 320252
alloc_pos 320436
alloc_pos 320500
alloc_pos 320724
alloc_pos 320920
alloc_pos 321052
alloc_pos 321228
alloc_pos 321268
alloc_pos 321388
alloc_pos 321508
alloc_pos 321684
alloc_pos 321824
alloc_pos 321980
alloc_pos 322068
alloc_pos 322232
alloc_pos 322476
alloc_pos 322740
alloc_pos 322764
alloc_pos 322960
alloc_pos 323168
alloc_pos 323220
alloc_pos 323416
alloc_pos 323664
alloc_pos 323824
alloc_pos 324040
alloc_pos 324132
alloc_pos 324352
alloc_pos 324540
alloc_pos 324648
alloc_pos 324700
alloc_pos 324796
alloc_pos 324928
alloc_pos 324992
alloc_pos 325132
alloc_pos 325156
alloc_pos 325364
alloc_pos 325612
alloc_pos 325820
alloc_pos 325908
alloc_pos 326060
alloc_pos 326276
alloc_pos 326344
alloc_pos 326496
alloc_pos 326752
alloc_pos 326800
alloc_pos 327044
alloc_pos 327228
alloc_pos 327328
alloc_pos 327564
alloc_pos 327748
alloc_pos 327900
alloc_pos 328076
alloc_pos 328148
alloc_pos 328208
alloc_pos 328324
alloc_pos 328540
alloc_pos 328604
alloc_pos 328764
alloc_pos 328984
alloc_pos 329244
alloc_pos 329400
alloc_pos 329656
alloc_pos 329680
alloc_pos 329856
alloc_pos 329960
alloc_pos 330108
alloc_pos 330136
alloc_pos 330188
alloc_pos 330448
alloc_pos 330564
alloc_pos 330812
alloc_pos 331048
alloc_pos 331276
alloc_pos 331376
alloc_pos 331460
alloc_pos 331496
alloc_pos 331580
alloc_pos 331828
alloc_pos 331996
alloc_pos 332260
alloc_pos 332304
alloc_pos 332488
alloc_pos 332540
alloc_pos 332568
alloc_pos 332780
alloc_pos 332872
alloc_pos 332956
alloc_pos 333036
alloc_pos 333092
alloc_pos 333304
alloc_pos 333352
alloc_pos 333548
alloc_pos 333760
alloc_pos 334012
alloc_pos 334172
alloc_pos 334216
alloc_pos 334388
alloc_pos 334520
alloc_pos 334552
alloc_pos 334580
alloc_pos 334624
alloc_pos 334700
alloc_pos 334780
alloc_pos 334932
alloc_pos 335108
alloc_pos 335136
alloc_pos 335300
alloc_pos 335372
alloc_pos 335576
alloc_pos 335764
alloc_pos 335964
alloc_pos 336124
alloc_pos 336252
alloc_pos 336332
alloc_pos 336468
alloc_pos 336640
alloc_pos 336732
alloc_pos 336960
alloc_pos 337204
alloc_pos 337228
alloc_pos 337444
alloc_pos 337672
alloc_pos 337736
alloc_pos 337936
alloc_pos 338068
alloc_pos 338176
alloc_pos 338268
alloc_pos 338328
alloc_pos 338404
alloc_pos 338620
alloc_pos 338728
alloc_pos 338776
alloc_pos 338820
alloc_pos 338940
alloc_pos 338988
alloc_pos 339100
alloc_pos 339340
alloc_pos 339452
alloc_pos 339628
alloc_pos 339716
alloc_pos 339944
alloc_pos 339976
alloc_pos 340184
alloc_pos 340324
alloc_pos 340484
alloc_pos 340536
alloc_pos 340796
alloc_pos 340916
alloc_pos 340960
alloc_pos 341124
alloc_pos 341220
alloc_pos 341456
alloc_pos 341640
alloc_pos 341820
alloc_pos 342068
alloc_pos 342312
alloc_pos 342428
alloc_pos 342596
alloc_pos 342668
alloc_pos 342872
alloc_pos 342912
alloc_pos 342944
alloc_pos 343136
alloc_pos 343216
alloc_pos 343436
alloc_pos 343532
alloc_pos 343576
alloc_pos 343816
alloc_pos 343896
alloc_pos 344140
alloc_pos 344188
alloc_pos 344308
alloc_pos 344400
alloc_pos 344540
alloc_pos 344724
alloc_pos 344960
alloc_pos 345076
alloc_pos 345140
alloc_pos 345256
alloc_pos 345368
alloc_pos 345444
alloc_pos 345636
alloc_pos 345728
alloc_pos 345928
alloc_pos 346188
alloc_pos 346384
alloc_pos 346572
alloc_pos 346612
alloc_pos 346788
alloc_pos 346972
alloc_pos 347036
alloc_pos 347196
alloc_pos 347404
alloc_pos 347488
alloc_pos 347552
alloc_pos 347692
alloc_pos 347812
alloc_pos 347904
alloc_pos 348164
alloc_pos 348348
alloc_pos 348548
alloc_pos 348712
alloc_pos 348792
alloc_pos 348988
alloc_pos 349092
alloc_pos 349328
alloc_pos 349548
alloc_pos 349768
alloc_pos 349804
alloc_pos 349884
alloc_pos 350116
alloc_pos 350148
alloc_pos 350376
alloc_pos 350480
alloc_pos 350604
alloc_pos 350696
alloc_pos 350736
alloc_pos 350812
alloc_pos 351068
alloc_pos 351332
alloc_pos 351500
alloc_pos 351748
alloc_pos 351952
alloc_pos 352056
alloc_pos 352132
alloc_pos 352320
alloc_pos 352468
alloc_pos 352592
alloc_pos 352840
alloc_pos 353096
alloc_pos 353284
alloc_pos 353424
alloc_pos 353484
alloc_pos 353572
alloc_pos 353628
alloc_pos 353712
alloc_pos 353924
alloc_pos 354088
alloc_pos 354248
alloc_pos 354336
alloc_pos 354548
alloc_pos 354720
alloc_pos 354852
alloc_pos 355104
alloc_pos 355276
alloc_pos 355400
alloc_pos 355516
alloc_pos 355596
alloc_pos 355652
alloc_pos 355804
alloc_pos 355952
alloc_pos 355996
alloc_pos 356212
alloc_pos 356248
alloc_pos 356492
alloc_pos 356544
alloc_pos 356604
alloc_pos 356788
alloc_pos 356852
alloc_pos 357076
alloc_pos 357272
alloc_pos 357404
alloc_pos 357580
alloc_pos 357620
alloc_pos 357740
alloc_pos 357860
alloc_pos 358036
alloc_pos 358176
alloc_pos 358332
alloc_pos 358420
alloc_pos 358584
alloc_pos 358828
alloc_pos 359092
alloc_pos 359116
alloc_pos 359312
alloc_pos 359520
alloc_pos 359572
alloc_pos 359768
alloc_pos 360016
alloc_pos 360176
alloc_pos 360392
alloc_pos 360484
alloc_pos 360704
alloc_pos 360892
alloc_pos 361000
alloc_pos 361052
alloc_pos 361148
alloc_pos 361280
alloc_pos 361344
alloc_pos 361484
alloc_pos 361508
alloc_pos 361716
alloc_pos 361964
alloc_pos 362172
alloc_pos 362260
alloc_pos 362412
alloc_pos 362628
alloc_pos 362696
alloc_pos 362848
alloc_pos 363104
alloc_pos 363152
alloc_pos 363396
alloc_pos 363580
alloc_pos 363680
alloc_pos 363916
alloc_pos 364100
alloc_pos 364252
alloc_pos 364428
alloc_pos 364500
alloc_pos 364560
alloc_pos 364676
alloc_pos 364892
alloc_pos 364956
alloc_pos 365116
alloc_pos 365336
alloc_pos 365596
alloc_pos 365752
alloc_pos 366008
alloc_pos 366032
alloc_pos 366208
alloc_pos 366312
alloc_pos 366460
alloc_pos 366488
alloc_pos 366540
alloc_pos 366800
alloc_pos 366916
alloc_pos 367164
alloc_pos 367400
alloc_pos 367628
alloc_pos 367728
alloc_pos 367812
alloc_pos 367848
alloc_pos 367932
alloc_pos 368180
alloc_pos 368348
alloc_pos 368612
alloc_pos 368656
alloc_pos 368840
alloc_pos 368892
alloc_pos 368920
alloc_pos 369132
alloc_pos 369224
alloc_pos 369308
alloc_pos 369388
alloc_pos 369444
alloc_pos 369656
alloc_pos 369704
alloc_pos 369900
alloc_pos 370112
alloc_pos 370364
alloc_pos 370524
alloc_pos 370568
alloc_pos 370740
alloc_pos 370872
alloc_pos 370904
alloc_pos 370932
alloc_pos 370976
alloc_pos 371052
alloc_pos 371132
alloc_pos 371284
alloc_pos 371460
alloc_pos 371488
alloc_pos 371652
alloc_pos 371724
alloc_pos 371928
alloc_pos 372116
alloc_pos 372316
alloc_pos 372476
alloc_pos 372604
alloc_pos 372684
alloc_pos 372820
alloc_pos 372992
alloc_pos 373084
alloc_pos 373312
alloc_pos 373556
alloc_pos 373580
alloc_pos 373796
alloc_pos 374024
alloc_pos 374088
alloc_pos 374288
alloc_pos 374420
alloc_pos 374528
alloc_pos 374620
alloc_pos 374680
alloc_pos 374756
alloc_pos 374972
alloc_pos 375080
alloc_pos 375128
alloc_pos 375172
alloc_pos 375292
alloc_pos 375340
alloc_pos 375452
alloc_pos 375692
alloc_pos 375804
alloc_pos 375980
alloc_pos 376068
alloc_pos 376296
alloc_pos 376328
alloc_pos 376536
alloc_pos 376676
alloc_pos 376836
alloc_pos 376888
alloc_pos 377148
alloc_pos 377268
alloc_pos 377312
alloc_pos 377476
alloc_pos 377572
alloc_pos 377808
alloc_pos 377992
alloc_pos 378172
alloc_pos 378420
alloc_pos 378664
alloc_pos 378780
alloc_pos 378948
alloc_pos 379020
alloc_pos 379224
alloc_pos 379264
alloc_pos 379296
alloc_pos 379488
alloc_pos 379568
alloc_pos 379788
alloc_pos 379884
alloc_pos 379928
alloc_pos 380168
alloc_pos 380248
alloc_pos 380492
alloc_pos 380540
alloc_pos 380660
alloc_pos 380752
alloc_pos 380892
alloc_pos 381076
alloc_pos 381312
alloc_pos 381428
alloc_pos 381492
alloc_pos 381608
alloc_pos 381720
alloc_pos 381796
alloc_pos 381988
alloc_pos 382080
alloc_pos 382280
alloc_pos 382540
alloc_pos 382736
alloc_pos 382924
alloc_pos 382964
alloc_pos 383140
alloc_pos 383324
alloc_pos 383388
alloc_pos 383548
alloc_pos 383756
alloc_pos 383840
alloc_pos 383904
alloc_pos 384044
alloc_pos 384164
alloc_pos 384256
alloc_pos 384516
alloc_pos 384700
alloc_pos 384900
alloc_pos 385064
alloc_pos 385144
alloc_pos 385340
alloc_pos 385444
alloc_pos 385680
alloc_pos 385900
alloc_pos 386120
alloc_pos 386156
alloc_pos 386236
alloc_pos 386468
alloc_pos 386500
alloc_pos 386728
alloc_pos 386832
alloc_pos 386956
alloc_pos 387048
alloc_pos 387088
alloc_pos 387164
alloc_pos 387420
alloc_pos 387684
alloc_pos 387852
alloc_pos 388100
alloc_pos 388304
alloc_pos 388408
alloc_pos 388484
alloc_pos 388672
alloc_pos 388820
alloc_pos 388944
alloc_pos 389192
alloc_pos 389448
alloc_pos 389636
alloc_pos 389776
alloc_pos 389836
alloc_pos 389924
alloc_pos 389980
alloc_pos 390064
alloc_pos 390276
alloc_pos 390440
alloc_pos 390600
alloc_pos 390688
alloc_pos 390900
alloc_pos 391072
alloc_pos 391204
alloc_pos 391456
alloc_pos 391628
alloc_pos 391752
alloc_pos 391868
alloc_pos 391948
alloc_pos 392004
alloc_pos 392156
alloc_pos 392304
alloc_pos 392348
alloc_pos 392564
alloc_pos 392600
alloc_pos 392844
alloc_pos 392896
alloc_pos 392956
alloc_pos 393140
alloc_pos 393204
alloc_pos 393428
alloc_pos 393624
alloc_pos 393756
alloc_pos 393932
alloc_pos 393972
alloc_pos 394092
alloc_pos 394212
alloc_pos 394388
alloc_pos 394528
alloc_pos 394684
alloc_pos 394772
alloc_pos 394936
alloc_pos 395180
alloc_pos 395444
alloc_pos 395468
alloc_pos 395664
alloc_pos 395872
alloc_pos 395924
alloc_pos 396120
alloc_pos 396368
alloc_pos 396528
alloc_pos 396744
alloc_pos 396836
alloc_pos 397056
alloc_pos 397244
alloc_pos 397352
alloc_pos 397404
alloc_pos 397500
alloc_pos 397632
alloc_pos 397696
alloc_pos 397836
alloc_pos 397860
alloc_pos 398068
alloc_pos 398316
alloc_pos 398524
alloc_pos 398612
alloc_pos 398764
alloc_pos 398980
alloc_pos 399048
alloc_pos 399200
alloc_pos 399456
alloc_pos 399504
alloc_pos 399748
alloc_pos 399932
alloc_pos 400032
alloc_pos 400268
alloc_pos 400452
alloc_pos 400604
alloc_pos 400780
alloc_pos 400852
alloc_pos 400912
alloc_pos 401028
alloc_pos 401244
alloc_pos 401308
alloc_pos 401468
alloc_pos 401688
alloc_pos 401948
alloc_pos 402104
alloc_pos 402360
alloc_pos 402384
alloc_pos 402560
alloc_pos 402664
alloc_pos 402812
alloc_pos 402840
alloc_pos 402892
alloc_pos 403152
alloc_pos 403268
alloc_pos 403516
alloc_pos 403752
alloc_pos 403980
alloc_pos 404080
alloc_pos 404164
alloc_pos 404200
alloc_pos 404284
alloc_pos 404532
alloc_pos 404700
alloc_pos 404964
alloc_pos 405008
alloc_pos 405192
alloc_pos 405244
alloc_pos 405272
alloc_pos 405484
alloc_pos 405576
alloc_pos 405660
alloc_pos 405740
alloc_pos 405796
alloc_pos 406008
alloc_pos 406056
alloc_pos 406252
alloc_pos 406464
alloc_pos 406716
alloc_pos 406876
alloc_pos 406920
alloc_pos 407092
alloc_pos 407224
alloc_pos 407256
alloc_pos 407284
alloc_pos 407328
alloc_pos 407404
alloc_pos 407484
alloc_pos 407636
alloc_pos 407812
alloc_pos 407840
alloc_pos 408004
alloc_pos 408076
alloc_pos 408280
alloc_pos 408468
alloc_pos 408668
alloc_pos 408828
alloc_pos 408956
alloc_pos 409036
alloc_pos 409172
alloc_pos 409344
alloc_pos 409436
alloc_pos 409664
alloc_pos 409908
alloc_pos 409932
alloc_pos 410148
alloc_pos 410376
alloc_pos 410440
alloc_pos 410640
alloc_pos 410772
alloc_pos 410880
alloc_pos 410972
alloc_pos 411032
alloc_pos 411108
alloc_pos 411324
alloc_pos 411432
alloc_pos 411480
alloc_pos 411524
alloc_pos 411644
alloc_pos 411692
alloc_pos 411804
alloc_pos 412044
alloc_pos 412156
alloc_pos 412332
alloc_pos 412420
alloc_pos 412648
alloc_pos 412680
alloc_pos 412888
alloc_pos 413028
alloc_pos 413188
alloc_pos 413240
alloc_pos 413500
alloc_pos 413620
alloc_pos 413664
alloc_pos 413828
alloc_pos 413924
alloc_pos 414160
alloc_pos 414344
alloc_pos 414524
alloc_pos 414772
alloc_pos 415016
alloc_pos 415132
alloc_pos 415300
alloc_pos 415372
alloc_pos 415576
alloc_pos 415616
alloc_pos 415648
alloc_pos 415840
alloc_pos 415920
alloc_pos 416140
alloc_pos 416236
alloc_pos 416280
alloc_pos 416520
alloc_pos 416600
alloc_pos 416844
alloc_pos 416892
alloc_pos 417012
alloc_pos 417104
alloc_pos 417244
alloc_pos 417428
alloc_pos 417664
alloc_pos 417780
alloc_pos 417844
alloc_pos 417960
alloc_pos 418072
alloc_pos 418148
alloc_pos 418340
alloc_pos 418432
alloc_pos 418632
alloc_pos 418892
alloc_pos 419088
alloc_pos 419276
alloc_pos 419316
alloc_pos 419492
alloc_pos 419676
alloc_pos 419740
alloc_pos 419900
alloc_pos 420108
alloc_pos 420192
alloc_pos 420256
alloc_pos 420396
alloc_pos 420516
alloc_pos 420608
alloc_pos 420868
alloc_pos 421052
alloc_pos 421252
alloc_pos 421416
alloc_pos 421496
alloc_pos 421692
alloc_pos 421796
alloc_pos 422032
alloc_pos 422252
alloc_pos 422472
alloc_pos 422508
alloc_pos 422588
alloc_pos 422820
alloc_pos 422852
alloc_pos 423080
alloc_pos 423184
alloc_pos 423308
alloc_pos 423400
alloc_pos 423440
alloc_pos 423516
alloc_pos 423772
alloc_pos 424036
alloc_pos 424204
alloc_pos 424452
alloc_pos 424656
alloc_pos 424760
alloc_pos 424836
alloc_pos 425024
alloc_pos 425172
alloc_pos 425296
alloc_pos 425544
alloc_pos 425800
alloc_pos 425988
alloc_pos 426128
alloc_pos 426188
alloc_pos 426276
alloc_pos 426332
alloc_pos 426416
alloc_pos 426628
alloc_pos 426792
alloc_pos 426952
alloc_pos 427040
alloc_pos 427252
alloc_pos 427424
alloc_pos 427556
alloc_pos 427808
alloc_pos 427980
alloc_pos 428104
alloc_pos 428220
alloc_pos 428300
alloc_pos 428356
alloc_pos 428508
alloc_pos 428656
alloc_pos 428700
alloc_pos 428916
alloc_pos 428952
alloc_pos 429196
alloc_pos 429248
alloc_pos 429308
alloc_pos 429492
alloc_pos 429556
alloc_pos 429780
alloc_pos 429976
alloc_pos 430108
alloc_pos 430284
alloc_pos 430324
alloc_pos 430444
alloc_pos 430564
alloc_pos 430740
alloc_pos 430880
alloc_pos 431036
alloc_pos 431124
alloc_pos 431288
alloc_pos 431532
alloc_pos 431796
alloc_pos 431820
alloc_pos 432016
alloc_pos 432224
alloc_pos 432276
alloc_pos 432472
alloc_pos 432720
alloc_pos 432880
alloc_pos 433096
alloc_pos 433188
alloc_pos 433408
alloc_pos 433596
alloc_pos 433704
alloc_pos 433756
alloc_pos 433852
alloc_pos 433984
alloc_pos 434048
alloc_pos 434188
alloc_pos 434212
alloc_pos 434420
alloc_pos 434668
alloc_pos 434876
alloc_pos 434964
alloc_pos 435116
alloc_pos 435332
alloc_pos 435400
alloc_pos 435552
alloc_pos 435808
alloc_pos 435856
alloc_pos 436100
alloc_pos 436284
alloc_pos 436384
alloc_pos 436620
alloc_pos 436804
alloc_pos 436956
alloc_pos 437132
alloc_pos 437204
alloc_pos 437264
alloc_pos 437380
alloc_pos 437596
alloc_pos 437660
alloc_pos 437820
alloc_pos 438040
alloc_pos 438300
alloc_pos 438456
alloc_pos 438712
alloc_pos 438736
alloc_pos 438912
alloc_pos 439016
alloc_pos 439164
alloc_pos 439192
alloc_pos 439244
alloc_pos 439504
alloc_pos 439620
alloc_pos 439868
alloc_pos 440104
alloc_pos 440332
alloc_pos 440432
alloc_pos 440516
alloc_pos 440552
alloc_pos 440636
alloc_pos 440884
alloc_pos 441052
alloc_pos 441316
alloc_pos 441360
alloc_pos 441544
alloc_pos 441596
alloc_pos 441624
alloc_pos 441836
alloc_pos 441928
alloc_pos 442012
alloc_pos 442092
alloc_pos 442148
alloc_pos 442360
alloc_pos 442408
alloc_pos 442604
alloc_pos 442816
alloc_pos 443068
alloc_pos 443228
alloc_pos 443272
alloc_pos 443444
alloc_pos 443576
alloc_pos 443608
alloc_pos 443636
alloc_pos 443680
alloc_pos 443756
alloc_pos 443836
alloc_pos 443988
alloc_pos 444164
alloc_pos 444192
alloc_pos 444356
alloc_pos 444428
alloc_pos 444632
alloc_pos 444820
alloc_pos 445020
alloc_pos 445180
alloc_pos 445308
alloc_pos 445388
alloc_pos 445524
alloc_pos 445696
alloc_pos 445788
alloc_pos 446016
alloc_pos 446260
alloc_pos 446284
alloc_pos 446500
alloc_pos 446728
alloc_pos 446792
alloc_pos 446992
alloc_pos 447124
alloc_pos 447232
alloc_pos 447324
alloc_pos 447384
alloc_pos 447460
alloc_pos 447676
alloc_pos 447784
alloc_pos 447832
alloc_pos 447876
alloc_pos 447996
alloc_pos 448044
alloc_pos 448156
alloc_pos 448396
alloc_pos 448508
alloc_pos 448684
alloc_pos 448772
alloc_pos 449000
alloc_pos 449032
alloc_pos 449240
alloc_pos 449380
alloc_pos 449540
alloc_pos 449592
alloc_pos 449852
alloc_pos 449972
alloc_pos 450016
alloc_pos 450180
alloc_pos 450276
alloc_pos 450512
alloc_pos 450696
alloc_pos 450876
alloc_pos 451124
alloc_pos 451368
alloc_pos 451484
alloc_pos 451652
alloc_pos 451724
alloc_pos 451928
alloc_pos 451968
alloc_pos 452000
alloc_pos 452192
alloc_pos 452272
alloc_pos 452492
alloc_pos 452588
alloc_pos 452632
alloc_pos 452872
alloc_pos 452952
alloc_pos 453196
alloc_pos 453244
alloc_pos 453364
alloc_pos 453456
alloc_pos 453596
alloc_pos 453780
alloc_pos 454016
alloc_pos 454132
alloc_pos 454196
alloc_pos 454312
alloc_pos 454424
alloc_pos 454500
alloc_pos 454692
alloc_pos 454784
alloc_pos 454984
alloc_pos 455244
alloc_pos 455440
alloc_pos 455628
alloc_pos 455668
alloc_pos 455844
alloc_pos 456028
alloc_pos 456092
alloc_pos 456252
alloc_pos 456460
alloc_pos 456544
alloc_pos 456608
alloc_pos 456748
alloc_pos 456868
alloc_pos 456960
alloc_pos 457220
alloc_pos 457404
alloc_pos 457604
alloc_pos 457768
alloc_pos 457848
alloc_pos 458044
alloc_pos 458148
alloc_pos 458384
alloc_pos 458604
alloc_pos 458824
alloc_pos 458860
alloc_pos 458940
alloc_pos 459172
alloc_pos 459204
alloc_pos 459432
alloc_pos 459536
alloc_pos 459660
alloc_pos 459752
alloc_pos 459792
alloc_pos 459868
alloc_pos 460124
alloc_pos 460388
alloc_pos 460556
alloc_pos 460804
alloc_pos 461008
alloc_pos 461112
alloc_pos 461188
alloc_pos 461376
alloc_pos 461524
alloc_pos 461648
alloc_pos 461896
alloc_pos 462152
alloc_pos 462340
alloc_pos 462480
alloc_pos 462540
alloc_pos 462628
alloc_pos 462684
alloc_pos 462768
alloc_pos 462980
alloc_pos 463144
alloc_pos 463304
alloc_pos 463392
alloc_pos 463604
alloc_pos 463776
alloc_pos 463908
alloc_pos 464160
alloc_pos 464332
alloc_pos 464456
alloc_pos 464572
alloc_pos 464652
alloc_pos 464708
alloc_pos 464860
alloc_pos 465008
alloc_pos 465052
alloc_pos 465268
alloc_pos 465304
alloc_pos 465548
alloc_pos 465600
alloc_pos 465660
alloc_pos 465844
alloc_pos 465908
alloc_pos 466132
alloc_pos 466328
alloc_pos 466460
alloc_pos 466636
alloc_pos 466676
alloc_pos 466796
alloc_pos 466916
alloc_pos 467092
alloc_pos 467232
alloc_pos 467388
alloc_pos 467476
alloc_pos 467640
alloc_pos 467884
alloc_pos 468148
alloc_pos 468172
alloc_pos 468368
alloc_pos 468576
alloc_pos 468628
alloc_pos 468824
alloc_pos 469072
alloc_pos 469232
alloc_pos 469448
alloc_pos 469540
alloc_pos 469760
alloc_pos 469948
alloc_pos 470056
alloc_pos 470108
alloc_pos 470204
alloc_pos 470336
alloc_pos 470400
alloc_pos 470540
alloc_pos 470564
alloc_pos 470772
alloc_pos 471020
alloc_pos 471228
alloc_pos 471316
alloc_pos 471468
alloc_pos 471684
alloc_pos 471752
alloc_pos 471904
alloc_pos 472160
alloc_pos 472208
alloc_pos 472452
alloc_pos 472636
alloc_pos 472736
alloc_pos 472972
alloc_pos 473156
alloc_pos 473308
alloc_pos 473484
alloc_pos 473556
alloc_pos 473616
alloc_pos 473732
alloc_pos 473948
alloc_pos 474012
alloc_pos 474172
alloc_pos 474392
alloc_pos 474652
alloc_pos 474808
alloc_pos 475064
alloc_pos 475088
alloc_pos 475264
alloc_pos 475368
alloc_pos 475516
alloc_pos 475544
alloc_pos 475596
alloc_pos 475856
alloc_pos 475972
alloc_pos 476220
alloc_pos 476456
alloc_pos 476684
alloc_pos 476784
alloc_pos 476868
alloc_pos 476904
alloc_pos 476988
alloc_pos 477236
alloc_pos 477404
alloc_pos 477668
alloc_pos 477712
alloc_pos 477896
alloc_pos 477948
alloc_pos 477976
alloc_pos 478188
alloc_pos 478280
alloc_pos 478364
alloc_pos 478444
alloc_pos 478500
alloc_pos 478712
alloc_pos 478760
alloc_pos 478956
alloc_pos 479168
alloc_pos 479420
alloc_pos 479580
alloc_pos 479624
alloc_pos 479796
alloc_pos 479928
alloc_pos 479960
alloc_pos 479988
alloc_pos 480032
alloc_pos 480108
alloc_pos 480188
alloc_pos 480340
alloc_pos 480516
alloc_pos 480544
alloc_pos 480708
alloc_pos 480780
alloc_pos 480984
alloc_pos 481172
alloc_pos 481372
alloc_pos 481532
alloc_pos 481660
alloc_pos 481740
alloc_pos 481876
alloc_pos 482048
alloc_pos 482140
alloc_pos 482368
alloc_pos 482612
alloc_pos 482636
alloc_pos 482852
alloc_pos 483080
alloc_pos 483144
alloc_pos 483344
alloc_pos 483476
alloc_pos 483584
alloc_pos 483676
alloc_pos 483736
alloc_pos 483812
alloc_pos 484028
alloc_pos 484136
alloc_pos 484184
alloc_pos 484228
alloc_pos 484348
alloc_pos 484396
alloc_pos 484508
alloc_pos 484748
alloc_pos 484860
alloc_pos 485036
alloc_pos 485124
alloc_pos 485352
alloc_pos 485384
alloc_pos 485592
alloc_pos 485732
alloc_pos 485892
alloc_pos 485944
alloc_pos 486204
alloc_pos 486324
alloc_pos 486368
alloc_pos 486532
alloc_pos 486628
alloc_pos 486864
alloc_pos 487048
alloc_pos 487228
alloc_pos 487476
alloc_pos 487720
alloc_pos 487836
alloc_pos 488004
alloc_pos 488076
alloc_pos 488280
alloc_pos 488320
alloc_pos 488352
alloc_pos 488544
alloc_pos 488624
alloc_pos 488844
alloc_pos 488940
alloc_pos 488984
alloc_pos 489224
alloc_pos 489304
alloc_pos 489548
alloc_pos 489596
alloc_pos 489716
alloc_pos 489808
alloc_pos 489948
alloc_pos 490132
alloc_pos 490368
alloc_pos 490484
alloc_pos 490548
alloc_pos 490664
alloc_pos 490776
alloc_pos 490852
alloc_pos 491044
alloc_pos 491136
alloc_pos 491336
alloc_pos 491596
alloc_pos 491792
alloc_pos 491980
alloc_pos 492020
alloc_pos 492196
alloc_pos 492380
alloc_pos 492444
alloc_pos 492604
alloc_pos 492812
alloc_pos 492896
alloc_pos 492960
alloc_pos 493100
alloc_pos 493220
alloc_pos 493312
alloc_pos 493572
alloc_pos 493756
alloc_pos 493956
alloc_pos 494120
alloc_pos 494200
alloc_pos 494396
alloc_pos 494500
alloc_pos 494736
alloc_pos 494956
alloc_pos 495176
alloc_pos 495212
alloc_pos 495292
alloc_pos 495524
alloc_pos 495556
alloc_pos 495784
alloc_pos 495888
alloc_pos 496012
alloc_pos 496104
alloc_pos 496144
alloc_pos 496220
alloc_pos 496476
alloc_pos 496740
alloc_pos 496908
alloc_pos 497156
alloc_pos 497360
alloc_pos 497464
alloc_pos 497540
alloc_pos 497728
alloc_pos 497876
alloc_pos 498000
alloc_pos 498248
alloc_pos 498504
alloc_pos 498692
alloc_pos 498832
alloc_pos 498892
alloc_pos 498980
alloc_pos 499036
alloc_pos 499120
alloc_pos 499332
alloc_pos 499496
alloc_pos 499656
alloc_pos 499744
alloc_pos 499956
alloc_pos 500128
alloc_pos 500260
alloc_pos 500512
alloc_pos 500684
alloc_pos 500808
alloc_pos 500924
alloc_pos 501004
alloc_pos 501060
alloc_pos 501212
alloc_pos 501360
alloc_pos 501404
alloc_pos 501620
alloc_pos 501656
alloc_pos 501900
alloc_pos 501952
alloc_pos 502012
alloc_pos 502196
alloc_pos 502260
alloc_pos 502484
alloc_pos 502680
alloc_pos 502812
alloc_pos 502988
alloc_pos 503028
alloc_pos 503148
alloc_pos 503268
alloc_pos 503444
alloc_pos 503584
alloc_pos 503740
alloc_pos 503828
alloc_pos 503992
alloc_pos 504236
alloc_pos 504500
alloc_pos 504524
alloc_pos 504720
alloc_pos 504928
alloc_pos 504980
alloc_pos 505176
alloc_pos 505424
alloc_pos 505584
alloc_pos 505800
alloc_pos 505892
alloc_pos 506112
alloc_pos 506300
alloc_pos 506408
alloc_pos 506460
alloc_pos 506556
alloc_pos 506688
alloc_pos 506752
alloc_pos 506892
alloc_pos 506916
alloc_pos 507124
alloc_pos 507372
alloc_pos 507580
alloc_pos 507668
alloc_pos 507820
alloc_pos 508036
alloc_pos 508104
alloc_pos 508256
alloc_pos 508512
alloc_pos 508560
alloc_pos 508804
alloc_pos 508988
alloc_pos 509088
alloc_pos 509324
alloc_pos 509508
alloc_pos 509660
alloc_pos 509836
alloc_pos 509908
alloc_pos 509968
alloc_pos 510084
alloc_pos 510300
alloc_pos 510364
alloc_pos 510524
alloc_pos 510744
alloc_pos 511004
alloc_pos 511160
alloc_pos 511416
alloc_pos 511440
alloc_pos 511616
alloc_pos 511720
alloc_pos 511868
alloc_pos 511896
alloc_pos 511948
alloc_pos 512208
alloc_pos 512324
alloc_pos 512572
alloc_pos 512808
alloc_pos 513036
alloc_pos 513136
alloc_pos 513220
alloc_pos 513256
alloc_pos 513340
alloc_pos 513588
alloc_pos 513756
alloc_pos 514020
alloc_pos 514064
alloc_pos 514248
alloc_pos 514300
alloc_pos 514328
alloc_pos 514540
alloc_pos 514632
alloc_pos 514716
alloc_pos 514796
alloc_pos 514852
alloc_pos 515064
alloc_pos 515112
alloc_pos 515308
alloc_pos 515520
alloc_pos 515772
alloc_pos 515932
alloc_pos 515976
alloc_pos 516148
alloc_pos 516280
alloc_pos 516312
alloc_pos 516340
alloc_pos 516384
alloc_pos 516460
alloc_pos 516540
alloc_pos 516692
alloc_pos 516868
alloc_pos 516896
alloc_pos 517060
alloc_pos 517132
alloc_pos 517336
alloc_pos 517524
alloc_pos 517724
alloc_pos 517884
alloc_pos 518012
alloc_pos 518092
alloc_pos 518228
alloc_pos 518400
alloc_pos 518492
alloc_pos 518720
alloc_pos 518964
alloc_pos 518988
alloc_pos 519204
alloc_pos 519432
alloc_pos 519496
alloc_pos 519696
alloc_pos 519828
alloc_pos 519936
alloc_pos 520028
alloc_pos 520088
alloc_pos 520164
alloc_pos 520380
alloc_pos 520488
alloc_pos 520536
alloc_pos 520580
alloc_pos 520700
alloc_pos 520748
alloc_pos 520860
alloc_pos 521100
alloc_pos 521212
alloc_pos 521388
alloc_pos 521476
alloc_pos 521704
alloc_pos 521736
alloc_pos 521944
alloc_pos 522084
alloc_pos 522244
alloc_pos 522296
alloc_pos 522556
alloc_pos 522676
alloc_pos 522720
alloc_pos 522884
alloc_pos 522980
alloc_pos 523216
alloc_pos 523400
alloc_pos 523580
alloc_pos 523828
alloc_pos 524072
alloc_pos -1

