reason: unexpected exit code -6
--- stdout ---
CHENEY GENERATOR!
--- stderr ---
alloc_pos 8
alloc_pos 1040
alloc_pos 2072
alloc_pos 3104
alloc_pos 4136
alloc_pos 5168
alloc_pos 5184
alloc_pos 5200
alloc_pos 5216
alloc_pos 5232
alloc_pos 5248
alloc_pos 5264
alloc_pos 5280
alloc_pos 5296
alloc_pos 5312
alloc_pos 5328
alloc_pos 5344
alloc_pos 5360
alloc_pos 5376
alloc_pos 5392
alloc_pos 5408
alloc_pos 5424
alloc_pos 5440
alloc_pos 5456
alloc_pos 5472
alloc_pos 5488
alloc_pos 5504
alloc_pos 5520
alloc_pos 5536
alloc_pos 5552
alloc_pos 5568
alloc_pos 5584
alloc_pos 5600
alloc_pos 5616
alloc_pos 5632
alloc_pos 5648
alloc_pos 5664
alloc_pos 5680
alloc_pos 5696
alloc_pos 5712
alloc_pos 5728
alloc_pos 5744
alloc_pos 5760
alloc_pos 5776
alloc_pos 5792
alloc_pos 5808
alloc_pos 5824
alloc_pos 5840
alloc_pos 5856
alloc_pos 5872
alloc_pos 5888
alloc_pos 5904
alloc_pos 5920
alloc_pos 5936
alloc_pos 5952
alloc_pos 5968
alloc_pos 5984
alloc_pos 6000
alloc_pos 6016
alloc_pos 6032
alloc_pos 6048
alloc_pos 6064
alloc_pos 6080
alloc_pos 6096
alloc_pos 6112
alloc_pos 6128
alloc_pos 6144
alloc_pos 6160
alloc_pos 6176
alloc_pos 6192
alloc_pos 6208
alloc_pos 6224
alloc_pos 6240
alloc_pos 6256
alloc_pos 6272
alloc_pos 6288
alloc_pos 6304
alloc_pos 6320
alloc_pos 6336
alloc_pos 6352
alloc_pos 6368
alloc_pos 6384
alloc_pos 6400
alloc_pos 6416
alloc_pos 6432
alloc_pos 6448
alloc_pos 6464
alloc_pos 6480
alloc_pos 6496
alloc_pos 6512
alloc_pos 6528
alloc_pos 6544
alloc_pos 6560
alloc_pos 6576
alloc_pos 6592
alloc_pos 6608
alloc_pos 6624
alloc_pos 6640
alloc_pos 6656
alloc_pos 6672
alloc_pos 6688
alloc_pos 6704
alloc_pos 6720
alloc_pos 6736
alloc_pos 6752
alloc_pos 6768
alloc_pos 6784
alloc_pos 6800
alloc_pos 6816
alloc_pos 6832
alloc_pos 6848
alloc_pos 6864
alloc_pos 6880
alloc_pos 6896
alloc_pos 6912
alloc_pos 6928
alloc_pos 6944
alloc_pos 6960
alloc_pos 6976
alloc_pos 6992
alloc_pos 7008
alloc_pos 7024
alloc_pos 7040
alloc_pos 7056
alloc_pos 7072
alloc_pos 7088
alloc_pos 7104
alloc_pos 7120
alloc_pos 7136
alloc_pos 7152
alloc_pos 7168
alloc_pos 7184
alloc_pos 7200
alloc_pos 7216
alloc_pos 7232
alloc_pos 7248
alloc_pos 7264
alloc_pos 7280
alloc_pos 7296
alloc_pos 7312
alloc_pos 7328
alloc_pos 7344
alloc_pos 7360
alloc_pos 7376
alloc_pos 7392
alloc_pos 7408
alloc_pos 7424
alloc_pos 7440
alloc_pos 7456
alloc_pos 7472
alloc_pos 7488
alloc_pos 7504
alloc_pos 7520
alloc_pos 7536
alloc_pos 7552
alloc_pos 7568
alloc_pos 7584
alloc_pos 7600
alloc_pos 7616
alloc_pos 7632
alloc_pos 7648
alloc_pos 7664
alloc_pos 7680
alloc_pos 7696
alloc_pos 7712
alloc_pos 7728
alloc_pos 7744
alloc_pos 7760
alloc_pos 7776
alloc_pos 7792
alloc_pos 7808
alloc_pos 7824
alloc_pos 7840
alloc_pos 7856
alloc_pos 7872
alloc_pos 7888
alloc_pos 7904
alloc_pos 7920
alloc_pos 7936
alloc_pos 7952
alloc_pos 7968
alloc_pos 7984
alloc_pos 8000
alloc_pos 8016
alloc_pos 8032
alloc_pos 8048
alloc_pos 8064
alloc_pos 8080
alloc_pos 8096
alloc_pos 8112
alloc_pos 8128
alloc_pos 8144
alloc_pos 8160
alloc_pos 8176
alloc_pos 8192
alloc_pos 8208
alloc_pos 8224
alloc_pos 8240
alloc_pos 8256
alloc_pos 8272
alloc_pos 8288
alloc_pos 8304
alloc_pos 8320
alloc_pos 8336
alloc_pos 8352
alloc_pos 8368
alloc_pos 8384
alloc_pos 8400
alloc_pos 8416
alloc_pos 8432
alloc_pos 8448
alloc_pos 8464
alloc_pos 8480
alloc_pos 8496
alloc_pos 8512
alloc_pos 8528
alloc_pos 8544
alloc_pos 8560
alloc_pos 8576
alloc_pos 8592
alloc_pos 8608
alloc_pos 8624
alloc_pos 8640
alloc_pos 8656
alloc_pos 8672
alloc_pos 8688
alloc_pos 8704
alloc_pos 8720
alloc_pos 8736
alloc_pos 8752
alloc_pos 8768
alloc_pos 8784
alloc_pos 8800
alloc_pos 8816
alloc_pos 8832
alloc_pos 8848
alloc_pos 8864
alloc_pos 8880
alloc_pos 8896
alloc_pos 8912
alloc_pos 8928
alloc_pos 8944
alloc_pos 8960
alloc_pos 8976
alloc_pos 8992
alloc_pos 9008
alloc_pos 9024
alloc_pos 9040
alloc_pos 9056
alloc_pos 9072
alloc_pos 9088
alloc_pos 9104
alloc_pos 9120
alloc_pos 9136
alloc_pos 9152
alloc_pos 9168
alloc_pos 9184
alloc_pos 9200
alloc_pos 9216
alloc_pos 9232
alloc_pos 9248
alloc_pos 9264
alloc_pos 9516
alloc_pos 9752
alloc_pos 9788
alloc_pos 10048
alloc_pos 10088
alloc_pos 10188
alloc_pos 10240
alloc_pos 10496
alloc_pos 10588
alloc_pos 10708
alloc_pos 10940
alloc_pos 11168
alloc_pos 11408
alloc_pos 11640
alloc_pos 11876
alloc_pos 11988
alloc_pos 12168
alloc_pos 12384
alloc_pos 12512
alloc_pos 12680
alloc_pos 12788
alloc_pos 12880
alloc_pos 13140
alloc_pos 13396
alloc_pos 13496
alloc_pos 13688
alloc_pos 13884
alloc_pos 13960
alloc_pos 14000
alloc_pos 14068
alloc_pos 14124
alloc_pos 14332
alloc_pos 14380
alloc_pos 14500
alloc_pos 14580
alloc_pos 14804
alloc_pos 14872
alloc_pos 14900
alloc_pos 15164
alloc_pos 15228
alloc_pos 15320
alloc_pos 15424
alloc_pos 15544
alloc_pos 15620
alloc_pos 15724
alloc_pos 15796
alloc_pos 15976
alloc_pos 16008
alloc_pos 16100
alloc_pos 16304
alloc_pos 16416
alloc_pos 16444
alloc_pos 16600
alloc_pos 16664
alloc_pos 16884
alloc_pos 16944
alloc_pos 17180
alloc_pos 17364
alloc_pos 17468
alloc_pos 17656
alloc_pos 17704
alloc_pos 17956
alloc_pos 18192
alloc_pos 18228
alloc_pos 18488
alloc_pos 18528
alloc_pos 18628
alloc_pos 18680
alloc_pos 18936
alloc_pos 19028
alloc_pos 19148
alloc_pos 19380
alloc_pos 19608
alloc_pos 19848
alloc_pos 20080
alloc_pos 20316
alloc_pos 20428
alloc_pos 20608
alloc_pos 20824
alloc_pos 20952
alloc_pos 21120
alloc_pos 21228
alloc_pos 21320
alloc_pos 21580
alloc_pos 21836
alloc_pos 21936
alloc_pos 22128
alloc_pos 22324
alloc_pos 22400
alloc_pos 22440
alloc_pos 22508
alloc_pos 22564
alloc_pos 22772
alloc_pos 22820
alloc_pos 22940
alloc_pos 23020
alloc_pos 23244
alloc_pos 23312
alloc_pos 23340
alloc_pos 23604
alloc_pos 23668
alloc_pos 23760
alloc_pos 23864
alloc_pos 23984
alloc_pos 24060
alloc_pos 24164
alloc_pos 24236
alloc_pos 24416
alloc_pos 24448
alloc_pos 24540
alloc_pos 24744
alloc_pos 24856
alloc_pos 24884
alloc_pos 25040
alloc_pos 25104
alloc_pos 25324
alloc_pos 25384
alloc_pos 25620
alloc_pos 25804
alloc_pos 25908
alloc_pos 26096
alloc_pos 26144
alloc_pos 26396
alloc_pos 26632
alloc_pos 26668
alloc_pos 26928
alloc_pos 26968
alloc_pos 27068
alloc_pos 27120
alloc_pos 27376
alloc_pos 27468
alloc_pos 27588
alloc_pos 27820
alloc_pos 28048
alloc_pos 28288
alloc_pos 28520
alloc_pos 28756
alloc_pos 28868
alloc_pos 29048
alloc_pos 29264
alloc_pos 29392
alloc_pos 29560
alloc_pos 29668
alloc_pos 29760
alloc_pos 30020
alloc_pos 30276
alloc_pos 30376
alloc_pos 30568
alloc_pos 30764
alloc_pos 30840
alloc_pos 30880
alloc_pos 30948
alloc_pos 31004
alloc_pos 31212
alloc_pos 31260
alloc_pos 31380
alloc_pos 31460
alloc_pos 31684
alloc_pos 31752
alloc_pos 31780
alloc_pos 32044
alloc_pos 32108
alloc_pos 32200
alloc_pos 32304
alloc_pos 32424
alloc_pos 32500
alloc_pos 32604
alloc_pos 32676
alloc_pos 32856
alloc_pos 32888
alloc_pos 32980
alloc_pos 33184
alloc_pos 33296
alloc_pos 33324
alloc_pos 33480
alloc_pos 33544
alloc_pos 33764
alloc_pos 33824
alloc_pos 34060
alloc_pos 34244
alloc_pos 34348
alloc_pos 34536
alloc_pos 34584
alloc_pos 34836
alloc_pos 35072
alloc_pos 35108
alloc_pos 35368
alloc_pos 35408
alloc_pos 35508
alloc_pos 35560
alloc_pos 35816
alloc_pos 35908
alloc_pos 36028
alloc_pos 36260
alloc_pos 36488
alloc_pos 36728
alloc_pos 36960
alloc_pos 37196
alloc_pos 37308
alloc_pos 37488
alloc_pos 37704
alloc_pos 37832
alloc_pos 38000
alloc_pos 38108
alloc_pos 38200
alloc_pos 38460
alloc_pos 38716
alloc_pos 38816
alloc_pos 39008
alloc_pos 39204
alloc_pos 39280
alloc_pos 39320
alloc_pos 39388
alloc_pos 39444
alloc_pos 39652
alloc_pos 39700
alloc_pos 39820
alloc_pos 39900
alloc_pos 40124
alloc_pos 40192
alloc_pos 40220
alloc_pos 40484
alloc_pos 40548
alloc_pos 40640
alloc_pos 40744
alloc_pos 40864
alloc_pos 40940
alloc_pos 41044
alloc_pos 41116
alloc_pos 41296
alloc_pos 41328
alloc_pos 41420
alloc_pos 41624
alloc_pos 41736
alloc_pos 41764
alloc_pos 41920
alloc_pos 41984
alloc_pos 42204
alloc_pos 42264
alloc_pos 42500
alloc_pos 42684
alloc_pos 42788
alloc_pos 42976
alloc_pos 43024
alloc_pos 43276
alloc_pos 43512
alloc_pos 43548
alloc_pos 43808
alloc_pos 43848
alloc_pos 43948
alloc_pos 44000
alloc_pos 44256
alloc_pos 44348
alloc_pos 44468
alloc_pos 44700
alloc_pos 44928
alloc_pos 45168
alloc_pos 45400
alloc_pos 45636
alloc_pos 45748
alloc_pos 45928
alloc_pos 46144
alloc_pos 46272
alloc_pos 46440
alloc_pos 46548
alloc_pos 46640
alloc_pos 46900
alloc_pos 47156
alloc_pos 47256
alloc_pos 47448
alloc_pos 47644
alloc_pos 47720
alloc_pos 47760
alloc_pos 47828
alloc_pos 47884
alloc_pos 48092
alloc_pos 48140
alloc_pos 48260
alloc_pos 48340
alloc_pos 48564
alloc_pos 48632
alloc_pos 48660
alloc_pos 48924
alloc_pos 48988
alloc_pos 49080
alloc_pos 49184
alloc_pos 49304
alloc_pos 49380
alloc_pos 49484
alloc_pos 49556
alloc_pos 49736
alloc_pos 49768
alloc_pos 49860
alloc_pos 50064
alloc_pos 50176
alloc_pos 50204
alloc_pos 50360
alloc_pos 50424
alloc_pos 50644
alloc_pos 50704
alloc_pos 50940
alloc_pos 51124
alloc_pos 51228
alloc_pos 51416
alloc_pos 51464
alloc_pos 51716
alloc_pos 51952
alloc_pos 51988
alloc_pos 52248
alloc_pos 52288
alloc_pos 52388
alloc_pos 52440
alloc_pos 52696
alloc_pos 52788
alloc_pos 52908
alloc_pos 53140
alloc_pos 53368
alloc_pos 53608
alloc_pos 53840
alloc_pos 54076
alloc_pos 54188
alloc_pos 54368
alloc_pos 54584
alloc_pos 54712
alloc_pos 54880
alloc_pos 54988
alloc_pos 55080
alloc_pos 55340
alloc_pos 55596
alloc_pos 55696
alloc_pos 55888
alloc_pos 56084
alloc_pos 56160
alloc_pos 56200
alloc_pos 56268
alloc_pos 56324
alloc_pos 56532
alloc_pos 56580
alloc_pos 56700
alloc_pos 56780
alloc_pos 57004
alloc_pos 57072
alloc_pos 57100
alloc_pos 57364
alloc_pos 57428
alloc_pos 57520
alloc_pos 57624
alloc_pos 57744
alloc_pos 57820
alloc_pos 57924
alloc_pos 57996
alloc_pos 58176
alloc_pos 58208
alloc_pos 58300
alloc_pos 58504
alloc_pos 58616
alloc_pos 58644
alloc_pos 58800
alloc_pos 58864
alloc_pos 59084
alloc_pos 59144
alloc_pos 59380
alloc_pos 59564
alloc_pos 59668
alloc_pos 59856
alloc_pos 59904
alloc_pos 60156
alloc_pos 60392
alloc_pos 60428
alloc_pos 60688
alloc_pos 60728
alloc_pos 60828
alloc_pos 60880
alloc_pos 61136
alloc_pos 61228
alloc_pos 61348
alloc_pos 61580
alloc_pos 61808
alloc_pos 62048
alloc_pos 62280
alloc_pos 62516
alloc_pos 62628
alloc_pos 62808
alloc_pos 63024
alloc_pos 63152
alloc_pos 63320
alloc_pos 63428
alloc_pos 63520
alloc_pos 63780
alloc_pos 64036
alloc_pos 64136
alloc_pos 64328
alloc_pos 64524
alloc_pos 64600
alloc_pos 64640
alloc_pos 64708
alloc_pos 64764
alloc_pos 64972
alloc_pos 65020
alloc_pos 65140
alloc_pos 65220
alloc_pos 65444
alloc_pos 65512
alloc_pos 65540
alloc_pos 65804
alloc_pos 65868
alloc_pos 65960
alloc_pos 66064
alloc_pos 66184
alloc_pos 66260
alloc_pos 66364
alloc_pos 66436
alloc_pos 66616
alloc_pos 66648
alloc_pos 66740
alloc_pos 66944
alloc_pos 67056
alloc_pos 67084
alloc_pos 67240
alloc_pos 67304
alloc_pos 67524
alloc_pos 67584
alloc_pos 67820
alloc_pos 68004
alloc_pos 68108
alloc_pos 68296
alloc_pos 68344
alloc_pos 68596
alloc_pos 68832
alloc_pos 68868
alloc_pos 69128
alloc_pos 69168
alloc_pos 69268
alloc_pos 69320
alloc_pos 69576
alloc_pos 69668
alloc_pos 69788
alloc_pos 70020
alloc_pos 70248
alloc_pos 70488
alloc_pos 70720
alloc_pos 70956
alloc_pos 71068
alloc_pos 71248
alloc_pos 71464
alloc_pos 71592
alloc_pos 71760
alloc_pos 71868
alloc_pos 71960
alloc_pos 72220
alloc_pos 72476
alloc_pos 72576
alloc_pos 72768
alloc_pos 72964
alloc_pos 73040
alloc_pos 73080
alloc_pos 73148
alloc_pos 73204
alloc_pos 73412
alloc_pos 73460
alloc_pos 73580
alloc_pos 73660
alloc_pos 73884
alloc_pos 73952
alloc_pos 73980
alloc_pos 74244
alloc_pos 74308
alloc_pos 74400
alloc_pos 74504
alloc_pos 74624
alloc_pos 74700
alloc_pos 74804
alloc_pos 74876
alloc_pos 75056
alloc_pos 75088
alloc_pos 75180
alloc_pos 75384
alloc_pos 75496
alloc_pos 75524
alloc_pos 75680
alloc_pos 75744
alloc_pos 75964
alloc_pos 76024
alloc_pos 76260
alloc_pos 76444
alloc_pos 76548
alloc_pos 76736
alloc_pos 76784
alloc_pos 77036
alloc_pos 77272
alloc_pos 77308
alloc_pos 77568
alloc_pos 77608
alloc_pos 77708
alloc_pos 77760
alloc_pos 78016
alloc_pos 78108
alloc_pos 78228
alloc_pos 78460
alloc_pos 78688
alloc_pos 78928
alloc_pos 79160
alloc_pos 79396
alloc_pos 79508
alloc_pos 79688
alloc_pos 79904
alloc_pos 80032
alloc_pos 80200
alloc_pos 80308
alloc_pos 80400
alloc_pos 80660
alloc_pos 80916
alloc_pos 81016
alloc_pos 81208
alloc_pos 81404
alloc_pos 81480
alloc_pos 81520
alloc_pos 81588
alloc_pos 81644
alloc_pos 81852
alloc_pos 81900
alloc_pos 82020
alloc_pos 82100
alloc_pos 82324
alloc_pos 82392
alloc_pos 82420
alloc_pos 82684
alloc_pos 82748
alloc_pos 82840
alloc_pos 82944
alloc_pos 83064
alloc_pos 83140
alloc_pos 83244
alloc_pos 83316
alloc_pos 83496
alloc_pos 83528
alloc_pos 83620
alloc_pos 83824
alloc_pos 83936
alloc_pos 83964
alloc_pos 84120
alloc_pos 84184
alloc_pos 84404
alloc_pos 84464
alloc_pos 84700
alloc_pos 84884
alloc_pos 84988
alloc_pos 85176
alloc_pos 85224
alloc_pos 85476
alloc_pos 85712
alloc_pos 85748
alloc_pos 86008
alloc_pos 86048
alloc_pos 86148
alloc_pos 86200
alloc_pos 86456
alloc_pos 86548
alloc_pos 86668
alloc_pos 86900
alloc_pos 87128
alloc_pos 87368
alloc_pos 87600
alloc_pos 87836
alloc_pos 87948
alloc_pos 88128
alloc_pos 88344
alloc_pos 88472
alloc_pos 88640
alloc_pos 88748
alloc_pos 88840
alloc_pos 89100
alloc_pos 89356
alloc_pos 89456
alloc_pos 89648
alloc_pos 89844
alloc_pos 89920
alloc_pos 89960
alloc_pos 90028
alloc_pos 90084
alloc_pos 90292
alloc_pos 90340
alloc_pos 90460
alloc_pos 90540
alloc_pos 90764
alloc_pos 90832
alloc_pos 90860
alloc_pos 91124
alloc_pos 91188
alloc_pos 91280
alloc_pos 91384
alloc_pos 91504
alloc_pos 91580
alloc_pos 91684
alloc_pos 91756
alloc_pos 91936
alloc_pos 91968
alloc_pos 92060
alloc_pos 92264
alloc_pos 92376
alloc_pos 92404
alloc_pos 92560
alloc_pos 92624
alloc_pos 92844
alloc_pos 92904
alloc_pos 93140
alloc_pos 93324
alloc_pos 93428
alloc_pos 93616
alloc_pos 93664
alloc_pos 93916
alloc_pos 94152
alloc_pos 94188
alloc_pos 94448
alloc_pos 94488
alloc_pos 94588
alloc_pos 94640
alloc_pos 94896
alloc_pos 94988
alloc_pos 95108
alloc_pos 95340
alloc_pos 95568
alloc_pos 95808
alloc_pos 96040
alloc_pos 96276
alloc_pos 96388
alloc_pos 96568
alloc_pos 96784
alloc_pos 96912
alloc_pos 97080
alloc_pos 97188
alloc_pos 97280
alloc_pos 97540
alloc_pos 97796
alloc_pos 97896
alloc_pos 98088
alloc_pos 98284
alloc_pos 98360
alloc_pos 98400
alloc_pos 98468
alloc_pos 98524
alloc_pos 98732
alloc_pos 98780
alloc_pos 98900
alloc_pos 98980
alloc_pos 99204
alloc_pos 99272
alloc_pos 99300
alloc_pos 99564
alloc_pos 99628
alloc_pos 99720
alloc_pos 99824
alloc_pos 99944
alloc_pos 100020
alloc_pos 100124
alloc_pos 100196
alloc_pos 100376
alloc_pos 100408
alloc_pos 100500
alloc_pos 100704
alloc_pos 100816
alloc_pos 100844
alloc_pos 101000
alloc_pos 101064
alloc_pos 101284
alloc_pos 101344
alloc_pos 101580
alloc_pos 101764
alloc_pos 101868
alloc_pos 102056
alloc_pos 102104
alloc_pos 102356
alloc_pos 102592
alloc_pos 102628
alloc_pos 102888
alloc_pos 102928
alloc_pos 103028
alloc_pos 103080
alloc_pos 103336
alloc_pos 103428
alloc_pos 103548
alloc_pos 103780
alloc_pos 104008
alloc_pos 104248
alloc_pos 104480
alloc_pos 104716
alloc_pos 104828
alloc_pos 105008
alloc_pos 105224
alloc_pos 105352
alloc_pos 105520
alloc_pos 105628
alloc_pos 105720
alloc_pos 105980
alloc_pos 106236
alloc_pos 106336
alloc_pos 106528
alloc_pos 106724
alloc_pos 106800
alloc_pos 106840
alloc_pos 106908
alloc_pos 106964
alloc_pos 107172
alloc_pos 107220
alloc_pos 107340
alloc_pos 107420
alloc_pos 107644
alloc_pos 107712
alloc_pos 107740
alloc_pos 108004
alloc_pos 108068
alloc_pos 108160
alloc_pos 108264
alloc_pos 108384
alloc_pos 108460
alloc_pos 108564
alloc_pos 108636
alloc_pos 108816
alloc_pos 108848
alloc_pos 108940
alloc_pos 109144
alloc_pos 109256
alloc_pos 109284
alloc_pos 109440
alloc_pos 109504
alloc_pos 109724
alloc_pos 109784
alloc_pos 110020
alloc_pos 110204
alloc_pos 110308
alloc_pos 110496
alloc_pos 110544
alloc_pos 110796
alloc_pos 111032
alloc_pos 111068
alloc_pos 111328
alloc_pos 111368
alloc_pos 111468
alloc_pos 111520
alloc_pos 111776
alloc_pos 111868
alloc_pos 111988
alloc_pos 112220
alloc_pos 112448
alloc_pos 112688
alloc_pos 112920
alloc_pos 113156
alloc_pos 113268
alloc_pos 113448
alloc_pos 113664
alloc_pos 113792
alloc_pos 113960
alloc_pos 114068
alloc_pos 114160
alloc_pos 114420
alloc_pos 114676
alloc_pos 114776
alloc_pos 114968
alloc_pos 115164
alloc_pos 115240
alloc_pos 115280
alloc_pos 115348
alloc_pos 115404
alloc_pos 115612
alloc_pos 115660
alloc_pos 115780
alloc_pos 115860
alloc_pos 116084
alloc_pos 116152
alloc_pos 116180
alloc_pos 116444
alloc_pos 116508
alloc_pos 116600
alloc_pos 116704
alloc_pos 116824
alloc_pos 116900
alloc_pos 117004
alloc_pos 117076
alloc_pos 117256
alloc_pos 117288
alloc_pos 117380
alloc_pos 117584
alloc_pos 117696
alloc_pos 117724
alloc_pos 117880
alloc_pos 117944
alloc_pos 118164
alloc_pos 118224
alloc_pos 118460
alloc_pos 118644
alloc_pos 118748
alloc_pos 118936
alloc_pos 118984
alloc_pos 119236
alloc_pos 119472
alloc_pos 119508
alloc_pos 119768
alloc_pos 119808
alloc_pos 119908
alloc_pos 119960
alloc_pos 120216
alloc_pos 120308
alloc_pos 120428
alloc_pos 120660
alloc_pos 120888
alloc_pos 121128
alloc_pos 121360
alloc_pos 121596
alloc_pos 121708
alloc_pos 121888
alloc_pos 122104
alloc_pos 122232
alloc_pos 122400
alloc_pos 122508
alloc_pos 122600
alloc_pos 122860
alloc_pos 123116
alloc_pos 123216
alloc_pos 123408
alloc_pos 123604
alloc_pos 123680
alloc_pos 123720
alloc_pos 123788
alloc_pos 123844
alloc_pos 124052
alloc_pos 124100
alloc_pos 124220
alloc_pos 124300
alloc_pos 124524
alloc_pos 124592
alloc_pos 124620
alloc_pos 124884
alloc_pos 124948
alloc_pos 125040
alloc_pos 125144
alloc_pos 125264
alloc_pos 125340
alloc_pos 125444
alloc_pos 125516
alloc_pos 125696
alloc_pos 125728
alloc_pos 125820
alloc_pos 126024
alloc_pos 126136
alloc_pos 126164
alloc_pos 126320
alloc_pos 126384
alloc_pos 126604
alloc_pos 126664
alloc_pos 126900
alloc_pos 127084
alloc_pos 127188
alloc_pos 127376
alloc_pos 127424
alloc_pos 127676
alloc_pos 127912
alloc_pos 127948
alloc_pos 128208
alloc_pos 128248
alloc_pos 128348
alloc_pos 128400
alloc_pos 128656
alloc_pos 128748
alloc_pos 128868
alloc_pos 129100
alloc_pos 129328
alloc_pos 129568
alloc_pos 129800
alloc_pos 130036
alloc_pos 130148
alloc_pos 130328
alloc_pos 130544
alloc_pos 130672
alloc_pos 130840
alloc_pos 130948
alloc_pos 131040
alloc_pos 131300
alloc_pos 131556
alloc_pos 131656
alloc_pos 131848
alloc_pos 132044
alloc_pos 132120
alloc_pos 132160
alloc_pos 132228
alloc_pos 132284
alloc_pos 132492
alloc_pos 132540
alloc_pos 132660
alloc_pos 132740
alloc_pos 132964
alloc_pos 133032
alloc_pos 133060
alloc_pos 133324
alloc_pos 133388
alloc_pos 133480
alloc_pos 133584
alloc_pos 133704
alloc_pos 133780
alloc_pos 133884
alloc_pos 133956
alloc_pos 134136
alloc_pos 134168
alloc_pos 134260
alloc_pos 134464
alloc_pos 134576
alloc_pos 134604
alloc_pos 134760
alloc_pos 134824
alloc_pos 135044
alloc_pos 135104
alloc_pos 135340
alloc_pos 135524
alloc_pos 135628
alloc_pos 135816
alloc_pos 135864
alloc_pos 136116
alloc_pos 136352
alloc_pos 136388
alloc_pos 136648
alloc_pos 136688
alloc_pos 136788
alloc_pos 136840
alloc_pos 137096
alloc_pos 137188
alloc_pos 137308
alloc_pos 137540
alloc_pos 137768
alloc_pos 138008
alloc_pos 138240
alloc_pos 138476
alloc_pos 138588
alloc_pos 138768
alloc_pos 138984
alloc_pos 139112
alloc_pos 139280
alloc_pos 139388
alloc_pos 139480
alloc_pos 139740
alloc_pos 139996
alloc_pos 140096
alloc_pos 140288
alloc_pos 140484
alloc_pos 140560
alloc_pos 140600
alloc_pos 140668
alloc_pos 140724
alloc_pos 140932
alloc_pos 140980
alloc_pos 141100
alloc_pos 141180
alloc_pos 141404
alloc_pos 141472
alloc_pos 141500
alloc_pos 141764
alloc_pos 141828
alloc_pos 141920
alloc_pos 142024
alloc_pos 142144
alloc_pos 142220
alloc_pos 142324
alloc_pos 142396
alloc_pos 142576
alloc_pos 142608
alloc_pos 142700
alloc_pos 142904
alloc_pos 143016
alloc_pos 143044
alloc_pos 143200
alloc_pos 143264
alloc_pos 143484
alloc_pos 143544
alloc_pos 143780
alloc_pos 143964
alloc_pos 144068
alloc_pos 144256
alloc_pos 144304
alloc_pos 144556
alloc_pos 144792
alloc_pos 144828
alloc_pos 145088
alloc_pos 145128
alloc_pos 145228
alloc_pos 145280
alloc_pos 145536
alloc_pos 145628
alloc_pos 145748
alloc_pos 145980
alloc_pos 146208
alloc_pos 146448
alloc_pos 146680
alloc_pos 146916
alloc_pos 147028
alloc_pos 147208
alloc_pos 147424
alloc_pos 147552
alloc_pos 147720
alloc_pos 147828
alloc_pos 147920
alloc_pos 148180
alloc_pos 148436
alloc_pos 148536
alloc_pos 148728
alloc_pos 148924
alloc_pos 149000
alloc_pos 149040
alloc_pos 149108
alloc_pos 149164
alloc_pos 149372
alloc_pos 149420
alloc_pos 149540
alloc_pos 149620
alloc_pos 149844
alloc_pos 149912
alloc_pos 149940
alloc_pos 150204
alloc_pos 150268
alloc_pos 150360
alloc_pos 150464
alloc_pos 150584
alloc_pos 150660
alloc_pos 150764
alloc_pos 150836
alloc_pos 151016
alloc_pos 151048
alloc_pos 151140
alloc_pos 151344
alloc_pos 151456
alloc_pos 151484
alloc_pos 151640
alloc_pos 151704
alloc_pos 151924
alloc_pos 151984
alloc_pos 152220
alloc_pos 152404
alloc_pos 152508
alloc_pos 152696
alloc_pos 152744
alloc_pos 152996
alloc_pos 153232
alloc_pos 153268
alloc_pos 153528
alloc_pos 153568
alloc_pos 153668
alloc_pos 153720
alloc_pos 153976
alloc_pos 154068
alloc_pos 154188
alloc_pos 154420
alloc_pos 154648
alloc_pos 154888
alloc_pos 155120
alloc_pos 155356
alloc_pos 155468
alloc_pos 155648
alloc_pos 155864
alloc_pos 155992
alloc_pos 156160
alloc_pos 156268
alloc_pos 156360
alloc_pos 156620
alloc_pos 156876
alloc_pos 156976
alloc_pos 157168
alloc_pos 157364
alloc_pos 157440
alloc_pos 157480
alloc_pos 157548
alloc_pos 157604
alloc_pos 157812
alloc_pos 157860
alloc_pos 157980
alloc_pos 158060
alloc_pos 158284
alloc_pos 158352
alloc_pos 158380
alloc_pos 158644
alloc_pos 158708
alloc_pos 158800
alloc_pos 158904
alloc_pos 159024
alloc_pos 159100
alloc_pos 159204
alloc_pos 159276
alloc_pos 159456
alloc_pos 159488
alloc_pos 159580
alloc_pos 159784
alloc_pos 159896
alloc_pos 159924
alloc_pos 160080
alloc_pos 160144
alloc_pos 160364
alloc_pos 160424
alloc_pos 160660
alloc_pos 160844
alloc_pos 160948
alloc_pos 161136
alloc_pos 161184
alloc_pos 161436
alloc_pos 161672
alloc_pos 161708
alloc_pos 161968
alloc_pos 162008
alloc_pos 162108
alloc_pos 162160
alloc_pos 162416
alloc_pos 162508
alloc_pos 162628
alloc_pos 162860
alloc_pos 163088
alloc_pos 163328
alloc_pos 163560
alloc_pos 163796
alloc_pos 163908
alloc_pos 164088
alloc_pos 164304
alloc_pos 164432
alloc_pos 164600
alloc_pos 164708
alloc_pos 164800
alloc_pos 165060
alloc_pos 165316
alloc_pos 165416
alloc_pos 165608
alloc_pos 165804
alloc_pos 165880
alloc_pos 165920
alloc_pos 165988
alloc_pos 166044
alloc_pos 166252
alloc_pos 166300
alloc_pos 166420
alloc_pos 166500
alloc_pos 166724
alloc_pos 166792
alloc_pos 166820
alloc_pos 167084
alloc_pos 167148
alloc_pos 167240
alloc_pos 167344
alloc_pos 167464
alloc_pos 167540
alloc_pos 167644
alloc_pos 167716
alloc_pos 167896
alloc_pos 167928
alloc_pos 168020
alloc_pos 168224
alloc_pos 168336
alloc_pos 168364
alloc_pos 168520
alloc_pos 168584
alloc_pos 168804
alloc_pos 168864
alloc_pos 169100
alloc_pos 169284
alloc_pos 169388
alloc_pos 169576
alloc_pos 169624
alloc_pos 169876
alloc_pos 170112
alloc_pos 170148
alloc_pos 170408
alloc_pos 170448
alloc_pos 170548
alloc_pos 170600
alloc_pos 170856
alloc_pos 170948
alloc_pos 171068
alloc_pos 171300
alloc_pos 171528
alloc_pos 171768
alloc_pos 172000
alloc_pos 172236
alloc_pos 172348
alloc_pos 172528
alloc_pos 172744
alloc_pos 172872
alloc_pos 173040
alloc_pos 173148
alloc_pos 173240
alloc_pos 173500
alloc_pos 173756
alloc_pos 173856
alloc_pos 174048
alloc_pos 174244
alloc_pos 174320
alloc_pos 174360
alloc_pos 174428
alloc_pos 174484
alloc_pos 174692
alloc_pos 174740
alloc_pos 174860
alloc_pos 174940
alloc_pos 175164
alloc_pos 175232
alloc_pos 175260
alloc_pos 175524
alloc_pos 175588
alloc_pos 175680
alloc_pos 175784
alloc_pos 175904
alloc_pos 175980
alloc_pos 176084
alloc_pos 176156
alloc_pos 176336
alloc_pos 176368
alloc_pos 176460
alloc_pos 176664
alloc_pos 176776
alloc_pos 176804
alloc_pos 176960
alloc_pos 177024
alloc_pos 177244
alloc_pos 177304
alloc_pos 177540
alloc_pos 177724
alloc_pos 177828
alloc_pos 178016
alloc_pos 178064
alloc_pos 178316
alloc_pos 178552
alloc_pos 178588
alloc_pos 178848
alloc_pos 178888
alloc_pos 178988
alloc_pos 179040
alloc_pos 179296
alloc_pos 179388
alloc_pos 179508
alloc_pos 179740
alloc_pos 179968
alloc_pos 180208
alloc_pos 180440
alloc_pos 180676
alloc_pos 180788
alloc_pos 180968
alloc_pos 181184
alloc_pos 181312
alloc_pos 181480
alloc_pos 181588
alloc_pos 181680
alloc_pos 181940
alloc_pos 182196
alloc_pos 182296
alloc_pos 182488
alloc_pos 182684
alloc_pos 182760
alloc_pos 182800
alloc_pos 182868
alloc_pos 182924
alloc_pos 183132
alloc_pos 183180
alloc_pos 183300
alloc_pos 183380
alloc_pos 183604
alloc_pos 183672
alloc_pos 183700
alloc_pos 183964
alloc_pos 184028
alloc_pos 184120
alloc_pos 184224
alloc_pos 184344
alloc_pos 184420
alloc_pos 184524
alloc_pos 184596
alloc_pos 184776
alloc_pos 184808
alloc_pos 184900
alloc_pos 185104
alloc_pos 185216
alloc_pos 185244
alloc_pos 185400
alloc_pos 185464
alloc_pos 185684
alloc_pos 185744
alloc_pos 185980
alloc_pos 186164
alloc_pos 186268
alloc_pos 186456
alloc_pos 186504
alloc_pos 186756
alloc_pos 186992
alloc_pos 187028
alloc_pos 187288
alloc_pos 187328
alloc_pos 187428
alloc_pos 187480
alloc_pos 187736
alloc_pos 187828
alloc_pos 187948
alloc_pos 188180
alloc_pos 188408
alloc_pos 188648
alloc_pos 188880
alloc_pos 189116
alloc_pos 189228
alloc_pos 189408
alloc_pos 189624
alloc_pos 189752
alloc_pos 189920
alloc_pos 190028
alloc_pos 190120
alloc_pos 190380
alloc_pos 190636
alloc_pos 190736
alloc_pos 190928
alloc_pos 191124
alloc_pos 191200
alloc_pos 191240
alloc_pos 191308
alloc_pos 191364
alloc_pos 191572
alloc_pos 191620
alloc_pos 191740
alloc_pos 191820
alloc_pos 192044
alloc_pos 192112
alloc_pos 192140
alloc_pos 192404
alloc_pos 192468
alloc_pos 192560
alloc_pos 192664
alloc_pos 192784
alloc_pos 192860
alloc_pos 192964
alloc_pos 193036
alloc_pos 193216
alloc_pos 193248
alloc_pos 193340
alloc_pos 193544
alloc_pos 193656
alloc_pos 193684
alloc_pos 193840
alloc_pos 193904
alloc_pos 194124
alloc_pos 194184
alloc_pos 194420
alloc_pos 194604
alloc_pos 194708
alloc_pos 194896
alloc_pos 194944
alloc_pos 195196
alloc_pos 195432
alloc_pos 195468
alloc_pos 195728
alloc_pos 195768
alloc_pos 195868
alloc_pos 195920
alloc_pos 196176
alloc_pos 196268
alloc_pos 196388
alloc_pos 196620
alloc_pos 196848
alloc_pos 197088
alloc_pos 197320
alloc_pos 197556
alloc_pos 197668
alloc_pos 197848
alloc_pos 198064
alloc_pos 198192
alloc_pos 198360
alloc_pos 198468
alloc_pos 198560
alloc_pos 198820
alloc_pos 199076
alloc_pos 199176
alloc_pos 199368
alloc_pos 199564
alloc_pos 199640
alloc_pos 199680
alloc_pos 199748
alloc_pos 199804
alloc_pos 200012
alloc_pos 200060
alloc_pos 200180
alloc_pos 200260
alloc_pos 200484
alloc_pos 200552
alloc_pos 200580
alloc_pos 200844
alloc_pos 200908
alloc_pos 201000
alloc_pos 201104
alloc_pos 201224
alloc_pos 201300
alloc_pos 201404
alloc_pos 201476
alloc_pos 201656
alloc_pos 201688
alloc_pos 201780
alloc_pos 201984
alloc_pos 202096
alloc_pos 202124
alloc_pos 202280
alloc_pos 202344
alloc_pos 202564
alloc_pos 202624
alloc_pos 202860
alloc_pos 203044
alloc_pos 203148
alloc_pos 203336
alloc_pos 203384
alloc_pos 203636
alloc_pos 203872
alloc_pos 203908
alloc_pos 204168
alloc_pos 204208
alloc_pos 204308
alloc_pos 204360
alloc_pos 204616
alloc_pos 204708
alloc_pos 204828
alloc_pos 205060
alloc_pos 205288
alloc_pos 205528
alloc_pos 205760
alloc_pos 205996
alloc_pos 206108
alloc_pos 206288
alloc_pos 206504
alloc_pos 206632
alloc_pos 206800
alloc_pos 206908
alloc_pos 207000
alloc_pos 207260
alloc_pos 207516
alloc_pos 207616
alloc_pos 207808
alloc_pos 208004
alloc_pos 208080
alloc_pos 208120
alloc_pos 208188
alloc_pos 208244
alloc_pos 208452
alloc_pos 208500
alloc_pos 208620
alloc_pos 208700
alloc_pos 208924
alloc_pos 208992
alloc_pos 209020
alloc_pos 209284
alloc_pos 209348
alloc_pos 209440
alloc_pos 209544
alloc_pos 209664
alloc_pos 209740
alloc_pos 209844
alloc_pos 209916
alloc_pos 210096
alloc_pos 210128
alloc_pos 210220
alloc_pos 210424
alloc_pos 210536
alloc_pos 210564
alloc_pos 210720
alloc_pos 210784
alloc_pos 211004
alloc_pos 211064
alloc_pos 211300
alloc_pos 211484
alloc_pos 211588
alloc_pos 211776
alloc_pos 211824
alloc_pos 212076
alloc_pos 212312
alloc_pos 212348
alloc_pos 212608
alloc_pos 212648
alloc_pos 212748
alloc_pos 212800
alloc_pos 213056
alloc_pos 213148
alloc_pos 213268
alloc_pos 213500
alloc_pos 213728
alloc_pos 213968
alloc_pos 214200
alloc_pos 214436
alloc_pos 214548
alloc_pos 214728
alloc_pos 214944
alloc_pos 215072
alloc_pos 215240
alloc_pos 215348
alloc_pos 215440
alloc_pos 215700
alloc_pos 215956
alloc_pos 216056
alloc_pos 216248
alloc_pos 216444
alloc_pos 216520
alloc_pos 216560
alloc_pos 216628
alloc_pos 216684
alloc_pos 216892
alloc_pos 216940
alloc_pos 217060
alloc_pos 217140
alloc_pos 217364
alloc_pos 217432
alloc_pos 217460
alloc_pos 217724
alloc_pos 217788
alloc_pos 217880
alloc_pos 217984
alloc_pos 218104
alloc_pos 218180
alloc_pos 218284
alloc_pos 218356
alloc_pos 218536
alloc_pos 218568
alloc_pos 218660
alloc_pos 218864
alloc_pos 218976
alloc_pos 219004
alloc_pos 219160
alloc_pos 219224
alloc_pos 219444
alloc_pos 219504
alloc_pos 219740
alloc_pos 219924
alloc_pos 220028
alloc_pos 220216
alloc_pos 220264
alloc_pos 220516
alloc_pos 220752
alloc_pos 220788
alloc_pos 221048
alloc_pos 221088
alloc_pos 221188
alloc_pos 221240
alloc_pos 221496
alloc_pos 221588
alloc_pos 221708
alloc_pos 221940
alloc_pos 222168
alloc_pos 222408
alloc_pos 222640
alloc_pos 222876
alloc_pos 222988
alloc_pos 223168
alloc_pos 223384
alloc_pos 223512
alloc_pos 223680
alloc_pos 223788
alloc_pos 223880
alloc_pos 224140
alloc_pos 224396
alloc_pos 224496
alloc_pos 224688
alloc_pos 224884
alloc_pos 224960
alloc_pos 225000
alloc_pos 225068
alloc_pos 225124
alloc_pos 225332
alloc_pos 225380
alloc_pos 225500
alloc_pos 225580
alloc_pos 225804
alloc_pos 225872
alloc_pos 225900
alloc_pos 226164
alloc_pos 226228
alloc_pos 226320
alloc_pos 226424
alloc_pos 226544
alloc_pos 226620
alloc_pos 226724
alloc_pos 226796
alloc_pos 226976
alloc_pos 227008
alloc_pos 227100
alloc_pos 227304
alloc_pos 227416
alloc_pos 227444
alloc_pos 227600
alloc_pos 227664
alloc_pos 227884
alloc_pos 227944
alloc_pos 228180
alloc_pos 228364
alloc_pos 228468
alloc_pos 228656
alloc_pos 228704
alloc_pos 228956
alloc_pos 229192
alloc_pos 229228
alloc_pos 229488
alloc_pos 229528
alloc_pos 229628
alloc_pos 229680
alloc_pos 229936
alloc_pos 230028
alloc_pos 230148
alloc_pos 230380
alloc_pos 230608
alloc_pos 230848
alloc_pos 231080
alloc_pos 231316
alloc_pos 231428
alloc_pos 231608
alloc_pos 231824
alloc_pos 231952
alloc_pos 232120
alloc_pos 232228
alloc_pos 232320
alloc_pos 232580
alloc_pos 232836
alloc_pos 232936
alloc_pos 233128
alloc_pos 233324
alloc_pos 233400
alloc_pos 233440
alloc_pos 233508
alloc_pos 233564
alloc_pos 233772
alloc_pos 233820
alloc_pos 233940
alloc_pos 234020
alloc_pos 234244
alloc_pos 234312
alloc_pos 234340
alloc_pos 234604
alloc_pos 234668
alloc_pos 234760
alloc_pos 234864
alloc_pos 234984
alloc_pos 235060
alloc_pos 235164
alloc_pos 235236
alloc_pos 235416
alloc_pos 235448
alloc_pos 235540
alloc_pos 235744
alloc_pos 235856
alloc_pos 235884
alloc_pos 236040
alloc_pos 236104
alloc_pos 236324
alloc_pos 236384
alloc_pos 236620
alloc_pos 236804
alloc_pos 236908
alloc_pos 237096
alloc_pos 237144
alloc_pos 237396
alloc_pos 237632
alloc_pos 237668
alloc_pos 237928
alloc_pos 237968
alloc_pos 238068
alloc_pos 238120
alloc_pos 238376
alloc_pos 238468
alloc_pos 238588
alloc_pos 238820
alloc_pos 239048
alloc_pos 239288
alloc_pos 239520
alloc_pos 239756
alloc_pos 239868
alloc_pos 240048
alloc_pos 240264
alloc_pos 240392
alloc_pos 240560
alloc_pos 240668
alloc_pos 240760
alloc_pos 241020
alloc_pos 241276
alloc_pos 241376
alloc_pos 241568
alloc_pos 241764
alloc_pos 241840
alloc_pos 241880
alloc_pos 241948
alloc_pos 242004
alloc_pos 242212
alloc_pos 242260
alloc_pos 242380
alloc_pos 242460
alloc_pos 242684
alloc_pos 242752
alloc_pos 242780
alloc_pos 243044
alloc_pos 243108
alloc_pos 243200
alloc_pos 243304
alloc_pos 243424
alloc_pos 243500
alloc_pos 243604
alloc_pos 243676
alloc_pos 243856
alloc_pos 243888
alloc_pos 243980
alloc_pos 244184
alloc_pos 244296
alloc_pos 244324
alloc_pos 244480
alloc_pos 244544
alloc_pos 244764
alloc_pos 244824
alloc_pos 245060
alloc_pos 245244
alloc_pos 245348
alloc_pos 245536
alloc_pos 245584
alloc_pos 245836
alloc_pos 246072
alloc_pos 246108
alloc_pos 246368
alloc_pos 246408
alloc_pos 246508
alloc_pos 246560
alloc_pos 246816
alloc_pos 246908
alloc_pos 247028
alloc_pos 247260
alloc_pos 247488
alloc_pos 247728
alloc_pos 247960
alloc_pos 248196
alloc_pos 248308
alloc_pos 248488
alloc_pos 248704
alloc_pos 248832
alloc_pos 249000
alloc_pos 249108
alloc_pos 249200
alloc_pos 249460
alloc_pos 249716
alloc_pos 249816
alloc_pos 250008
alloc_pos 250204
alloc_pos 250280
alloc_pos 250320
alloc_pos 250388
alloc_pos 250444
alloc_pos 250652
alloc_pos 250700
alloc_pos 250820
alloc_pos 250900
alloc_pos 251124
alloc_pos 251192
alloc_pos 251220
alloc_pos 251484
alloc_pos 251548
alloc_pos 251640
alloc_pos 251744
alloc_pos 251864
alloc_pos 251940
alloc_pos 252044
alloc_pos 252116
alloc_pos 252296
alloc_pos 252328
alloc_pos 252420
alloc_pos 252624
alloc_pos 252736
alloc_pos 252764
alloc_pos 252920
alloc_pos 252984
alloc_pos 253204
alloc_pos 253264
alloc_pos 253500
alloc_pos 253684
alloc_pos 253788
alloc_pos 253976
alloc_pos 254024
alloc_pos 254276
alloc_pos 254512
alloc_pos 254548
alloc_pos 254808
alloc_pos 254848
alloc_pos 254948
alloc_pos 255000
alloc_pos 255256
alloc_pos 255348
alloc_pos 255468
alloc_pos 255700
alloc_pos 255928
alloc_pos 256168
alloc_pos 256400
alloc_pos 256636
alloc_pos 256748
alloc_pos 256928
alloc_pos 257144
alloc_pos 257272
alloc_pos 257440
alloc_pos 257548
alloc_pos 257640
alloc_pos 257900
alloc_pos 258156
alloc_pos 258256
alloc_pos 258448
alloc_pos 258644
alloc_pos 258720
alloc_pos 258760
alloc_pos 258828
alloc_pos 258884
alloc_pos 259092
alloc_pos 259140
alloc_pos 259260
alloc_pos 259340
alloc_pos 259564
alloc_pos 259632
alloc_pos 259660
alloc_pos 259924
alloc_pos 259988
alloc_pos 260080
alloc_pos 260184
alloc_pos 260304
alloc_pos 260380
alloc_pos 260484
alloc_pos 260556
alloc_pos 260736
alloc_pos 260768
alloc_pos 260860
alloc_pos 261064
alloc_pos 261176
alloc_pos 261204
alloc_pos 261360
alloc_pos 261424
alloc_pos 261644
alloc_pos 261704
alloc_pos 261940
alloc_pos 262124
alloc_pos 262228
alloc_pos 262416
alloc_pos 262464
alloc_pos 262716
alloc_pos 262952
alloc_pos 262988
alloc_pos 263248
alloc_pos 263288
alloc_pos 263388
alloc_pos 263440
alloc_pos 263696
alloc_pos 263788
alloc_pos 263908
alloc_pos 264140
alloc_pos 264368
alloc_pos 264608
alloc_pos 264840
alloc_pos 265076
alloc_pos 265188
alloc_pos 265368
alloc_pos 265584
alloc_pos 265712
alloc_pos 265880
alloc_pos 265988
alloc_pos 266080
alloc_pos 266340
alloc_pos 266596
alloc_pos 266696
alloc_pos 266888
alloc_pos 267084
alloc_pos 267160
alloc_pos 267200
alloc_pos 267268
alloc_pos 267324
alloc_pos 267532
alloc_pos 267580
alloc_pos 267700
alloc_pos 267780
alloc_pos 268004
alloc_pos 268072
alloc_pos 268100
alloc_pos 268364
alloc_pos 268428
alloc_pos 268520
alloc_pos 268624
alloc_pos 268744
alloc_pos 268820
alloc_pos 268924
alloc_pos 268996
alloc_pos 269176
alloc_pos 269208
alloc_pos 269300
alloc_pos 269504
alloc_pos 269616
alloc_pos 269644
alloc_pos 269800
alloc_pos 269864
alloc_pos 270084
alloc_pos 270144
alloc_pos 270380
alloc_pos 270564
alloc_pos 270668
alloc_pos 270856
alloc_pos 270904
alloc_pos 271156
alloc_pos 271392
alloc_pos 271428
alloc_pos 271688
alloc_pos 271728
alloc_pos 271828
alloc_pos 271880
alloc_pos 272136
alloc_pos 272228
alloc_pos 272348
alloc_pos 272580
alloc_pos 272808
alloc_pos 273048
alloc_pos 273280
alloc_pos 273516
alloc_pos 273628
alloc_pos 273808
alloc_pos 274024
alloc_pos 274152
alloc_pos 274320
alloc_pos 274428
alloc_pos 274520
alloc_pos 274780
alloc_pos 275036
alloc_pos 275136
alloc_pos 275328
alloc_pos 275524
alloc_pos 275600
alloc_pos 275640
alloc_pos 275708
alloc_pos 275764
alloc_pos 275972
alloc_pos 276020
alloc_pos 276140
alloc_pos 276220
alloc_pos 276444
alloc_pos 276512
alloc_pos 276540
alloc_pos 276804
alloc_pos 276868
alloc_pos 276960
alloc_pos 277064
alloc_pos 277184
alloc_pos 277260
alloc_pos 277364
alloc_pos 277436
alloc_pos 277616
alloc_pos 277648
alloc_pos 277740
alloc_pos 277944
alloc_pos 278056
alloc_pos 278084
alloc_pos 278240
alloc_pos 278304
alloc_pos 278524
alloc_pos 278584
alloc_pos 278820
alloc_pos 279004
alloc_pos 279108
alloc_pos 279296
alloc_pos 279344
alloc_pos 279596
alloc_pos 279832
alloc_pos 279868
alloc_pos 280128
alloc_pos 280168
alloc_pos 280268
alloc_pos 280320
alloc_pos 280576
alloc_pos 280668
alloc_pos 280788
alloc_pos 281020
alloc_pos 281248
alloc_pos 281488
alloc_pos 281720
alloc_pos 281956
alloc_pos 282068
alloc_pos 282248
alloc_pos 282464
alloc_pos 282592
alloc_pos 282760
alloc_pos 282868
alloc_pos 282960
alloc_pos 283220
alloc_pos 283476
alloc_pos 283576
alloc_pos 283768
alloc_pos 283964
alloc_pos 284040
alloc_pos 284080
alloc_pos 284148
alloc_pos 284204
alloc_pos 284412
alloc_pos 284460
alloc_pos 284580
alloc_pos 284660
alloc_pos 284884
alloc_pos 284952
alloc_pos 284980
alloc_pos 285244
alloc_pos 285308
alloc_pos 285400
alloc_pos 285504
alloc_pos 285624
alloc_pos 285700
alloc_pos 285804
alloc_pos 285876
alloc_pos 286056
alloc_pos 286088
alloc_pos 286180
alloc_pos 286384
alloc_pos 286496
alloc_pos 286524
alloc_pos 286680
alloc_pos 286744
alloc_pos 286964
alloc_pos 287024
alloc_pos 287260
alloc_pos 287444
alloc_pos 287548
alloc_pos 287736
alloc_pos 287784
alloc_pos 288036
alloc_pos 288272
alloc_pos 288308
alloc_pos 288568
alloc_pos 288608
alloc_pos 288708
alloc_pos 288760
alloc_pos 289016
alloc_pos 289108
alloc_pos 289228
alloc_pos 289460
alloc_pos 289688
alloc_pos 289928
alloc_pos 290160
alloc_pos 290396
alloc_pos 290508
alloc_pos 290688
alloc_pos 290904
alloc_pos 291032
alloc_pos 291200
alloc_pos 291308
alloc_pos 291400
alloc_pos 291660
alloc_pos 291916
alloc_pos 292016
alloc_pos 292208
alloc_pos 292404
alloc_pos 292480
alloc_pos 292520
alloc_pos 292588
alloc_pos 292644
alloc_pos 292852
alloc_pos 292900
alloc_pos 293020
alloc_pos 293100
alloc_pos 293324
alloc_pos 293392
alloc_pos 293420
alloc_pos 293684
alloc_pos 293748
alloc_pos 293840
alloc_pos 293944
alloc_pos 294064
alloc_pos 294140
alloc_pos 294244
alloc_pos 294316
alloc_pos 294496
alloc_pos 294528
alloc_pos 294620
alloc_pos 294824
alloc_pos 294936
alloc_pos 294964
alloc_pos 295120
alloc_pos 295184
alloc_pos 295404
alloc_pos 295464
alloc_pos 295700
alloc_pos 295884
alloc_pos 295988
alloc_pos 296176
alloc_pos 296224
alloc_pos 296476
alloc_pos 296712
alloc_pos 296748
alloc_pos 297008
alloc_pos 297048
alloc_pos 297148
alloc_pos 297200
alloc_pos 297456
alloc_pos 297548
alloc_pos 297668
alloc_pos 297900
alloc_pos 298128
alloc_pos 298368
alloc_pos 298600
alloc_pos 298836
alloc_pos 298948
alloc_pos 299128
alloc_pos 299344
alloc_pos 299472
alloc_pos 299640
alloc_pos 299748
alloc_pos 299840
alloc_pos 300100
alloc_pos 300356
alloc_pos 300456
alloc_pos 300648
alloc_pos 300844
alloc_pos 300920
alloc_pos 300960
alloc_pos 301028
alloc_pos 301084
alloc_pos 301292
alloc_pos 301340
alloc_pos 301460
alloc_pos 301540
alloc_pos 301764
alloc_pos 301832
alloc_pos 301860
alloc_pos 302124
alloc_pos 302188
alloc_pos 302280
alloc_pos 302384
alloc_pos 302504
alloc_pos 302580
alloc_pos 302684
alloc_pos 302756
alloc_pos 302936
alloc_pos 302968
alloc_pos 303060
alloc_pos 303264
alloc_pos 303376
alloc_pos 303404
alloc_pos 303560
alloc_pos 303624
alloc_pos 303844
alloc_pos 303904
alloc_pos 304140
alloc_pos 304324
alloc_pos 304428
alloc_pos 304616
alloc_pos 304664
alloc_pos 304916
alloc_pos 305152
alloc_pos 305188
alloc_pos 305448
alloc_pos 305488
alloc_pos 305588
alloc_pos 305640
alloc_pos 305896
alloc_pos 305988
alloc_pos 306108
alloc_pos 306340
alloc_pos 306568
alloc_pos 306808
alloc_pos 307040
alloc_pos 307276
alloc_pos 307388
alloc_pos 307568
alloc_pos 307784
alloc_pos 307912
alloc_pos 308080
alloc_pos 308188
alloc_pos 308280
alloc_pos 308540
alloc_pos 308796
alloc_pos 308896
alloc_pos 309088
alloc_pos 309284
alloc_pos 309360
alloc_pos 309400
alloc_pos 309468
alloc_pos 309524
alloc_pos 309732
alloc_pos 309780
alloc_pos 309900
alloc_pos 309980
alloc_pos 310204
alloc_pos 310272
alloc_pos 310300
alloc_pos 310564
alloc_pos 310628
alloc_pos 310720
alloc_pos 310824
alloc_pos 310944
alloc_pos 311020
alloc_pos 311124
alloc_pos 311196
alloc_pos 311376
alloc_pos 311408
alloc_pos 311500
alloc_pos 311704
alloc_pos 311816
alloc_pos 311844
alloc_pos 312000
alloc_pos 312064
alloc_pos 312284
alloc_pos 312344
alloc_pos 312580
alloc_pos 312764
alloc_pos 312868
alloc_pos 313056
alloc_pos 313104
alloc_pos 313356
alloc_pos 313592
alloc_pos 313628
alloc_pos 313888
alloc_pos 313928
alloc_pos 314028
alloc_pos 314080
alloc_pos 314336
alloc_pos 314428
alloc_pos 314548
alloc_pos 314780
alloc_pos 315008
alloc_pos 315248
alloc_pos 315480
alloc_pos 315716
alloc_pos 315828
alloc_pos 316008
alloc_pos 316224
alloc_pos 316352
alloc_pos 316520
alloc_pos 316628
alloc_pos 316720
alloc_pos 316980
alloc_pos 317236
alloc_pos 317336
alloc_pos 317528
alloc_pos 317724
alloc_pos 317800
alloc_pos 317840
alloc_pos 317908
alloc_pos 317964
alloc_pos 318172
alloc_pos 318220
alloc_pos 318340
alloc_pos 318420
alloc_pos 318644
alloc_pos 318712
alloc_pos 318740
alloc_pos 319004
alloc_pos 319068
alloc_pos 319160
alloc_pos 319264
alloc_pos 319384
alloc_pos 319460
alloc_pos 319564
alloc_pos 319636
alloc_pos 319816
alloc_pos 319848
alloc_pos 319940
alloc_pos 320144
alloc_pos 320256
alloc_pos 320284
alloc_pos 320440
alloc_pos 320504
alloc_pos 320724
alloc_pos 320784
alloc_pos 321020
alloc_pos 321204
alloc_pos 321308
alloc_pos 321496
alloc_pos 321544
alloc_pos 321796
alloc_pos 322032
alloc_pos 322068
alloc_pos 322328
alloc_pos 322368
alloc_pos 322468
alloc_pos 322520
alloc_pos 322776
alloc_pos 322868
alloc_pos 322988
alloc_pos 323220
alloc_pos 323448
alloc_pos 323688
alloc_pos 323920
alloc_pos 324156
alloc_pos 324268
alloc_pos 324448
alloc_pos 324664
alloc_pos 324792
alloc_pos 324960
alloc_pos 325068
alloc_pos 325160
alloc_pos 325420
alloc_pos 325676
alloc_pos 325776
alloc_pos 325968
alloc_pos 326164
alloc_pos 326240
alloc_pos 326280
alloc_pos 326348
alloc_pos 326404
alloc_pos 326612
alloc_pos 326660
alloc_pos 326780
alloc_pos 326860
alloc_pos 327084
alloc_pos 327152
alloc_pos 327180
alloc_pos 327444
alloc_pos 327508
alloc_pos 327600
alloc_pos 327704
alloc_pos 327824
alloc_pos 327900
alloc_pos 328004
alloc_pos 328076
alloc_pos 328256
alloc_pos 328288
alloc_pos 328380
alloc_pos 328584
alloc_pos 328696
alloc_pos 328724
alloc_pos 328880
alloc_pos 328944
alloc_pos 329164
alloc_pos 329224
alloc_pos 329460
alloc_pos 329644
alloc_pos 329748
alloc_pos 329936
alloc_pos 329984
alloc_pos 330236
alloc_pos 330472
alloc_pos 330508
alloc_pos 330768
alloc_pos 330808
alloc_pos 330908
alloc_pos 330960
alloc_pos 331216
alloc_pos 331308
alloc_pos 331428
alloc_pos 331660
alloc_pos 331888
alloc_pos 332128
alloc_pos 332360
alloc_pos 332596
alloc_pos 332708
alloc_pos 332888
alloc_pos 333104
alloc_pos 333232
alloc_pos 333400
alloc_pos 333508
alloc_pos 333600
alloc_pos 333860
alloc_pos 334116
alloc_pos 334216
alloc_pos 334408
alloc_pos 334604
alloc_pos 334680
alloc_pos 334720
alloc_pos 334788
alloc_pos 334844
alloc_pos 335052
alloc_pos 335100
alloc_pos 335220
alloc_pos 335300
alloc_pos 335524
alloc_pos 335592
alloc_pos 335620
alloc_pos 335884
alloc_pos 335948
alloc_pos 336040
alloc_pos 336144
alloc_pos 336264
alloc_pos 336340
alloc_pos 336444
alloc_pos 336516
alloc_pos 336696
alloc_pos 336728
alloc_pos 336820
alloc_pos 337024
alloc_pos 337136
alloc_pos 337164
alloc_pos 337320
alloc_pos 337384
alloc_pos 337604
alloc_pos 337664
alloc_pos 337900
alloc_pos 338084
alloc_pos 338188
alloc_pos 338376
alloc_pos 338424
alloc_pos 338676
alloc_pos 338912
alloc_pos 338948
alloc_pos 339208
alloc_pos 339248
alloc_pos 339348
alloc_pos 339400
alloc_pos 339656
alloc_pos 339748
alloc_pos 339868
alloc_pos 340100
alloc_pos 340328
alloc_pos 340568
alloc_pos 340800
alloc_pos 341036
alloc_pos 341148
alloc_pos 341328
alloc_pos 341544
alloc_pos 341672
alloc_pos 341840
alloc_pos 341948
alloc_pos 342040
alloc_pos 342300
alloc_pos 342556
alloc_pos 342656
alloc_pos 342848
alloc_pos 343044
alloc_pos 343120
alloc_pos 343160
alloc_pos 343228
alloc_pos 343284
alloc_pos 343492
alloc_pos 343540
alloc_pos 343660
alloc_pos 343740
alloc_pos 343964
alloc_pos 344032
alloc_pos 344060
alloc_pos 344324
alloc_pos 344388
alloc_pos 344480
alloc_pos 344584
alloc_pos 344704
alloc_pos 344780
alloc_pos 344884
alloc_pos 344956
alloc_pos 345136
alloc_pos 345168
alloc_pos 345260
alloc_pos 345464
alloc_pos 345576
alloc_pos 345604
alloc_pos 345760
alloc_pos 345824
alloc_pos 346044
alloc_pos 346104
alloc_pos 346340
alloc_pos 346524
alloc_pos 346628
alloc_pos 346816
alloc_pos 346864
alloc_pos 347116
alloc_pos 347352
alloc_pos 347388
alloc_pos 347648
alloc_pos 347688
alloc_pos 347788
alloc_pos 347840
alloc_pos 348096
alloc_pos 348188
alloc_pos 348308
alloc_pos 348540
alloc_pos 348768
alloc_pos 349008
alloc_pos 349240
alloc_pos 349476
alloc_pos 349588
alloc_pos 349768
alloc_pos 349984
alloc_pos 350112
alloc_pos 350280
alloc_pos 350388
alloc_pos 350480
alloc_pos 350740
alloc_pos 350996
alloc_pos 351096
alloc_pos 351288
alloc_pos 351484
alloc_pos 351560
alloc_pos 351600
alloc_pos 351668
alloc_pos 351724
alloc_pos 351932
alloc_pos 351980
alloc_pos 352100
alloc_pos 352180
alloc_pos 352404
alloc_pos 352472
alloc_pos 352500
alloc_pos 352764
alloc_pos 352828
alloc_pos 352920
alloc_pos 353024
alloc_pos 353144
alloc_pos 353220
alloc_pos 353324
alloc_pos 353396
alloc_pos 353576
alloc_pos 353608
alloc_pos 353700
alloc_pos 353904
alloc_pos 354016
alloc_pos 354044
alloc_pos 354200
alloc_pos 354264
alloc_pos 354484
alloc_pos 354544
alloc_pos 354780
alloc_pos 354964
alloc_pos 355068
alloc_pos 355256
alloc_pos 355304
alloc_pos 355556
alloc_pos 355792
alloc_pos 355828
alloc_pos 356088
alloc_pos 356128
alloc_pos 356228
alloc_pos 356280
alloc_pos 356536
alloc_pos 356628
alloc_pos 356748
alloc_pos 356980
alloc_pos 357208
alloc_pos 357448
alloc_pos 357680
alloc_pos 357916
alloc_pos 358028
alloc_pos 358208
alloc_pos 358424
alloc_pos 358552
alloc_pos 358720
alloc_pos 358828
alloc_pos 358920
alloc_pos 359180
alloc_pos 359436
alloc_pos 359536
alloc_pos 359728
alloc_pos 359924
alloc_pos 360000
alloc_pos 360040
alloc_pos 360108
alloc_pos 360164
alloc_pos 360372
alloc_pos 360420
alloc_pos 360540
alloc_pos 360620
alloc_pos 360844
alloc_pos 360912
alloc_pos 360940
alloc_pos 361204
alloc_pos 361268
alloc_pos 361360
alloc_pos 361464
alloc_pos 361584
alloc_pos 361660
alloc_pos 361764
alloc_pos 361836
alloc_pos 362016
alloc_pos 362048
alloc_pos 362140
alloc_pos 362344
alloc_pos 362456
alloc_pos 362484
alloc_pos 362640
alloc_pos 362704
alloc_pos 362924
alloc_pos 362984
alloc_pos 363220
alloc_pos 363404
alloc_pos 363508
alloc_pos 363696
alloc_pos 363744
alloc_pos 363996
alloc_pos 364232
alloc_pos 364268
alloc_pos 364528
alloc_pos 364568
alloc_pos 364668
alloc_pos 364720
alloc_pos 364976
alloc_pos 365068
alloc_pos 365188
alloc_pos 365420
alloc_pos 365648
alloc_pos 365888
alloc_pos 366120
alloc_pos 366356
alloc_pos 366468
alloc_pos 366648
alloc_pos 366864
alloc_pos 366992
alloc_pos 367160
alloc_pos 367268
alloc_pos 367360
alloc_pos 367620
alloc_pos 367876
alloc_pos 367976
alloc_pos 368168
alloc_pos 368364
alloc_pos 368440
alloc_pos 368480
alloc_pos 368548
alloc_pos 368604
alloc_pos 368812
alloc_pos 368860
alloc_pos 368980
alloc_pos 369060
alloc_pos 369284
alloc_pos 369352
alloc_pos 369380
alloc_pos 369644
alloc_pos 369708
alloc_pos 369800
alloc_pos 369904
alloc_pos 370024
alloc_pos 370100
alloc_pos 370204
alloc_pos 370276
alloc_pos 370456
alloc_pos 370488
alloc_pos 370580
alloc_pos 370784
alloc_pos 370896
alloc_pos 370924
alloc_pos 371080
alloc_pos 371144
alloc_pos 371364
alloc_pos 371424
alloc_pos 371660
alloc_pos 371844
alloc_pos 371948
alloc_pos 372136
alloc_pos 372184
alloc_pos 372436
alloc_pos 372672
alloc_pos 372708
alloc_pos 372968
alloc_pos 373008
alloc_pos 373108
alloc_pos 373160
alloc_pos 373416
alloc_pos 373508
alloc_pos 373628
alloc_pos 373860
alloc_pos 374088
alloc_pos 374328
alloc_pos 374560
alloc_pos 374796
alloc_pos 374908
alloc_pos 375088
alloc_pos 375304
alloc_pos 375432
alloc_pos 375600
alloc_pos 375708
alloc_pos 375800
alloc_pos 376060
alloc_pos 376316
alloc_pos 376416
alloc_pos 376608
alloc_pos 376804
alloc_pos 376880
alloc_pos 376920
alloc_pos 376988
alloc_pos 377044
alloc_pos 377252
alloc_pos 377300
alloc_pos 377420
alloc_pos 377500
alloc_pos 377724
alloc_pos 377792
alloc_pos 377820
alloc_pos 378084
alloc_pos 378148
alloc_pos 378240
alloc_pos 378344
alloc_pos 378464
alloc_pos 378540
alloc_pos 378644
alloc_pos 378716
alloc_pos 378896
alloc_pos 378928
alloc_pos 379020
alloc_pos 379224
alloc_pos 379336
alloc_pos 379364
alloc_pos 379520
alloc_pos 379584
alloc_pos 379804
alloc_pos 379864
alloc_pos 380100
alloc_pos 380284
alloc_pos 380388
alloc_pos 380576
alloc_pos 380624
alloc_pos 380876
alloc_pos 381112
alloc_pos 381148
alloc_pos 381408
alloc_pos 381448
alloc_pos 381548
alloc_pos 381600
alloc_pos 381856
alloc_pos 381948
alloc_pos 382068
alloc_pos 382300
alloc_pos 382528
alloc_pos 382768
alloc_pos 383000
alloc_pos 383236
alloc_pos 383348
alloc_pos 383528
alloc_pos 383744
alloc_pos 383872
alloc_pos 384040
alloc_pos 384148
alloc_pos 384240
alloc_pos 384500
alloc_pos 384756
alloc_pos 384856
alloc_pos 385048
alloc_pos 385244
alloc_pos 385320
alloc_pos 385360
alloc_pos 385428
alloc_pos 385484
alloc_pos 385692
alloc_pos 385740
alloc_pos 385860
alloc_pos 385940
alloc_pos 386164
alloc_pos 386232
alloc_pos 386260
alloc_pos 386524
alloc_pos 386588
alloc_pos 386680
alloc_pos 386784
alloc_pos 386904
alloc_pos 386980
alloc_pos 387084
alloc_pos 387156
alloc_pos 387336
alloc_pos 387368
alloc_pos 387460
alloc_pos 387664
alloc_pos 387776
alloc_pos 387804
alloc_pos 387960
alloc_pos 388024
alloc_pos 388244
alloc_pos 388304
alloc_pos 388540
alloc_pos 388724
alloc_pos 388828
alloc_pos 389016
alloc_pos 389064
alloc_pos 389316
alloc_pos 389552
alloc_pos 389588
alloc_pos 389848
alloc_pos 389888
alloc_pos 389988
alloc_pos 390040
alloc_pos 390296
alloc_pos 390388
alloc_pos 390508
alloc_pos 390740
alloc_pos 390968
alloc_pos 391208
alloc_pos 391440
alloc_pos 391676
alloc_pos 391788
alloc_pos 391968
alloc_pos 392184
alloc_pos 392312
alloc_pos 392480
alloc_pos 392588
alloc_pos 392680
alloc_pos 392940
alloc_pos 393196
alloc_pos 393296
alloc_pos 393488
alloc_pos 393684
alloc_pos 393760
alloc_pos 393800
alloc_pos 393868
alloc_pos 393924
alloc_pos 394132
alloc_pos 394180
alloc_pos 394300
alloc_pos 394380
alloc_pos 394604
alloc_pos 394672
alloc_pos 394700
alloc_pos 394964
alloc_pos 395028
alloc_pos 395120
alloc_pos 395224
alloc_pos 395344
alloc_pos 395420
alloc_pos 395524
alloc_pos 395596
alloc_pos 395776
alloc_pos 395808
alloc_pos 395900
alloc_pos 396104
alloc_pos 396216
alloc_pos 396244
alloc_pos 396400
alloc_pos 396464
alloc_pos 396684
alloc_pos 396744
alloc_pos 396980
alloc_pos 397164
alloc_pos 397268
alloc_pos 397456
alloc_pos 397504
alloc_pos 397756
alloc_pos 397992
alloc_pos 398028
alloc_pos 398288
alloc_pos 398328
alloc_pos 398428
alloc_pos 398480
alloc_pos 398736
alloc_pos 398828
alloc_pos 398948
alloc_pos 399180
alloc_pos 399408
alloc_pos 399648
alloc_pos 399880
alloc_pos 400116
alloc_pos 400228
alloc_pos 400408
alloc_pos 400624
alloc_pos 400752
alloc_pos 400920
alloc_pos 401028
alloc_pos 401120
alloc_pos 401380
alloc_pos 401636
alloc_pos 401736
alloc_pos 401928
alloc_pos 402124
alloc_pos 402200
alloc_pos 402240
alloc_pos 402308
alloc_pos 402364
alloc_pos 402572
alloc_pos 402620
alloc_pos 402740
alloc_pos 402820
alloc_pos 403044
alloc_pos 403112
alloc_pos 403140
alloc_pos 403404
alloc_pos 403468
alloc_pos 403560
alloc_pos 403664
alloc_pos 403784
alloc_pos 403860
alloc_pos 403964
alloc_pos 404036
alloc_pos 404216
alloc_pos 404248
alloc_pos 404340
alloc_pos 404544
alloc_pos 404656
alloc_pos 404684
alloc_pos 404840
alloc_pos 404904
alloc_pos 405124
alloc_pos 405184
alloc_pos 405420
alloc_pos 405604
alloc_pos 405708
alloc_pos 405896
alloc_pos 405944
alloc_pos 406196
alloc_pos 406432
alloc_pos 406468
alloc_pos 406728
alloc_pos 406768
alloc_pos 406868
alloc_pos 406920
alloc_pos 407176
alloc_pos 407268
alloc_pos 407388
alloc_pos 407620
alloc_pos 407848
alloc_pos 408088
alloc_pos 408320
alloc_pos 408556
alloc_pos 408668
alloc_pos 408848
alloc_pos 409064
alloc_pos 409192
alloc_pos 409360
alloc_pos 409468
alloc_pos 409560
alloc_pos 409820
alloc_pos 410076
alloc_pos 410176
alloc_pos 410368
alloc_pos 410564
alloc_pos 410640
alloc_pos 410680
alloc_pos 410748
alloc_pos 410804
alloc_pos 411012
alloc_pos 411060
alloc_pos 411180
alloc_pos 411260
alloc_pos 411484
alloc_pos 411552
alloc_pos 411580
alloc_pos 411844
alloc_pos 411908
alloc_pos 412000
alloc_pos 412104
alloc_pos 412224
alloc_pos 412300
alloc_pos 412404
alloc_pos 412476
alloc_pos 412656
alloc_pos 412688
alloc_pos 412780
alloc_pos 412984
alloc_pos 413096
alloc_pos 413124
alloc_pos 413280
alloc_pos 413344
alloc_pos 413564
alloc_pos 413624
alloc_pos 413860
alloc_pos 414044
alloc_pos 414148
alloc_pos 414336
alloc_pos 414384
alloc_pos 414636
alloc_pos 414872
alloc_pos 414908
alloc_pos 415168
alloc_pos 415208
alloc_pos 415308
alloc_pos 415360
alloc_pos 415616
alloc_pos 415708
alloc_pos 415828
alloc_pos 416060
alloc_pos 416288
alloc_pos 416528
alloc_pos 416760
alloc_pos 416996
alloc_pos 417108
alloc_pos 417288
alloc_pos 417504
alloc_pos 417632
alloc_pos 417800
alloc_pos 417908
alloc_pos 418000
alloc_pos 418260
alloc_pos 418516
alloc_pos 418616
alloc_pos 418808
alloc_pos 419004
alloc_pos 419080
alloc_pos 419120
alloc_pos 419188
alloc_pos 419244
alloc_pos 419452
alloc_pos 419500
alloc_pos 419620
alloc_pos 419700
alloc_pos 419924
alloc_pos 419992
alloc_pos 420020
alloc_pos 420284
alloc_pos 420348
alloc_pos 420440
alloc_pos 420544
alloc_pos 420664
alloc_pos 420740
alloc_pos 420844
alloc_pos 420916
alloc_pos 421096
alloc_pos 421128
alloc_pos 421220
alloc_pos 421424
alloc_pos 421536
alloc_pos 421564
alloc_pos 421720
alloc_pos 421784
alloc_pos 422004
alloc_pos 422064
alloc_pos 422300
alloc_pos 422484
alloc_pos 422588
alloc_pos 422776
alloc_pos 422824
alloc_pos 423076
alloc_pos 423312
alloc_pos 423348
alloc_pos 423608
alloc_pos 423648
alloc_pos 423748
alloc_pos 423800
alloc_pos 424056
alloc_pos 424148
alloc_pos 424268
alloc_pos 424500
alloc_pos 424728
alloc_pos 424968
alloc_pos 425200
alloc_pos 425436
alloc_pos 425548
alloc_pos 425728
alloc_pos 425944
alloc_pos 426072
alloc_pos 426240
alloc_pos 426348
alloc_pos 426440
alloc_pos 426700
alloc_pos 426956
alloc_pos 427056
alloc_pos 427248
alloc_pos 427444
alloc_pos 427520
alloc_pos 427560
alloc_pos 427628
alloc_pos 427684
alloc_pos 427892
alloc_pos 427940
alloc_pos 428060
alloc_pos 428140
alloc_pos 428364
alloc_pos 428432
alloc_pos 428460
alloc_pos 428724
alloc_pos 428788
alloc_pos 428880
alloc_pos 428984
alloc_pos 429104
alloc_pos 429180
alloc_pos 429284
alloc_pos 429356
alloc_pos 429536
alloc_pos 429568
alloc_pos 429660
alloc_pos 429864
alloc_pos 429976
alloc_pos 430004
alloc_pos 430160
alloc_pos 430224
alloc_pos 430444
alloc_pos 430504
alloc_pos 430740
alloc_pos 430924
alloc_pos 431028
alloc_pos 431216
alloc_pos 431264
alloc_pos 431516
alloc_pos 431752
alloc_pos 431788
alloc_pos 432048
alloc_pos 432088
alloc_pos 432188
alloc_pos 432240
alloc_pos 432496
alloc_pos 432588
alloc_pos 432708
alloc_pos 432940
alloc_pos 433168
alloc_pos 433408
alloc_pos 433640
alloc_pos 433876
alloc_pos 433988
alloc_pos 434168
alloc_pos 434384
alloc_pos 434512
alloc_pos 434680
alloc_pos 434788
alloc_pos 434880
alloc_pos 435140
alloc_pos 435396
alloc_pos 435496
alloc_pos 435688
alloc_pos 435884
alloc_pos 435960
alloc_pos 436000
alloc_pos 436068
alloc_pos 436124
alloc_pos 436332
alloc_pos 436380
alloc_pos 436500
alloc_pos 436580
alloc_pos 436804
alloc_pos 436872
alloc_pos 436900
alloc_pos 437164
alloc_pos 437228
alloc_pos 437320
alloc_pos 437424
alloc_pos 437544
alloc_pos 437620
alloc_pos 437724
alloc_pos 437796
alloc_pos 437976
alloc_pos 438008
alloc_pos 438100
alloc_pos 438304
alloc_pos 438416
alloc_pos 438444
alloc_pos 438600
alloc_pos 438664
alloc_pos 438884
alloc_pos 438944
alloc_pos 439180
alloc_pos 439364
alloc_pos 439468
alloc_pos 439656
alloc_pos 439704
alloc_pos 439956
alloc_pos 440192
alloc_pos 440228
alloc_pos 440488
alloc_pos 440528
alloc_pos 440628
alloc_pos 440680
alloc_pos 440936
alloc_pos 441028
alloc_pos 441148
alloc_pos 441380
alloc_pos 441608
alloc_pos 441848
alloc_pos 442080
alloc_pos 442316
alloc_pos 442428
alloc_pos 442608
alloc_pos 442824
alloc_pos 442952
alloc_pos 443120
alloc_pos 443228
alloc_pos 443320
alloc_pos 443580
alloc_pos 443836
alloc_pos 443936
alloc_pos 444128
alloc_pos 444324
alloc_pos 444400
alloc_pos 444440
alloc_pos 444508
alloc_pos 444564
alloc_pos 444772
alloc_pos 444820
alloc_pos 444940
alloc_pos 445020
alloc_pos 445244
alloc_pos 445312
alloc_pos 445340
alloc_pos 445604
alloc_pos 445668
alloc_pos 445760
alloc_pos 445864
alloc_pos 445984
alloc_pos 446060
alloc_pos 446164
alloc_pos 446236
alloc_pos 446416
alloc_pos 446448
alloc_pos 446540
alloc_pos 446744
alloc_pos 446856
alloc_pos 446884
alloc_pos 447040
alloc_pos 447104
alloc_pos 447324
alloc_pos 447384
alloc_pos 447620
alloc_pos 447804
alloc_pos 447908
alloc_pos 448096
alloc_pos 448144
alloc_pos 448396
alloc_pos 448632
alloc_pos 448668
alloc_pos 448928
alloc_pos 448968
alloc_pos 449068
alloc_pos 449120
alloc_pos 449376
alloc_pos 449468
alloc_pos 449588
alloc_pos 449820
alloc_pos 450048
alloc_pos 450288
alloc_pos 450520
alloc_pos 450756
alloc_pos 450868
alloc_pos 451048
alloc_pos 451264
alloc_pos 451392
alloc_pos 451560
alloc_pos 451668
alloc_pos 451760
alloc_pos 452020
alloc_pos 452276
alloc_pos 452376
alloc_pos 452568
alloc_pos 452764
alloc_pos 452840
alloc_pos 452880
alloc_pos 452948
alloc_pos 453004
alloc_pos 453212
alloc_pos 453260
alloc_pos 453380
alloc_pos 453460
alloc_pos 453684
alloc_pos 453752
alloc_pos 453780
alloc_pos 454044
alloc_pos 454108
alloc_pos 454200
alloc_pos 454304
alloc_pos 454424
alloc_pos 454500
alloc_pos 454604
alloc_pos 454676
alloc_pos 454856
alloc_pos 454888
alloc_pos 454980
alloc_pos 455184
alloc_pos 455296
alloc_pos 455324
alloc_pos 455480
alloc_pos 455544
alloc_pos 455764
alloc_pos 455824
alloc_pos 456060
alloc_pos 456244
alloc_pos 456348
alloc_pos 456536
alloc_pos 456584
alloc_pos 456836
alloc_pos 457072
alloc_pos 457108
alloc_pos 457368
alloc_pos 457408
alloc_pos 457508
alloc_pos 457560
alloc_pos 457816
alloc_pos 457908
alloc_pos 458028
alloc_pos 458260
alloc_pos 458488
alloc_pos 458728
alloc_pos 458960
alloc_pos 459196
alloc_pos 459308
alloc_pos 459488
alloc_pos 459704
alloc_pos 459832
alloc_pos 460000
alloc_pos 460108
alloc_pos 460200
alloc_pos 460460
alloc_pos 460716
alloc_pos 460816
alloc_pos 461008
alloc_pos 461204
alloc_pos 461280
alloc_pos 461320
alloc_pos 461388
alloc_pos 461444
alloc_pos 461652
alloc_pos 461700
alloc_pos 461820
alloc_pos 461900
alloc_pos 462124
alloc_pos 462192
alloc_pos 462220
alloc_pos 462484
alloc_pos 462548
alloc_pos 462640
alloc_pos 462744
alloc_pos 462864
alloc_pos 462940
alloc_pos 463044
alloc_pos 463116
alloc_pos 463296
alloc_pos 463328
alloc_pos 463420
alloc_pos 463624
alloc_pos 463736
alloc_pos 463764
alloc_pos 463920
alloc_pos 463984
alloc_pos 464204
alloc_pos 464264
alloc_pos 464500
alloc_pos 464684
alloc_pos 464788
alloc_pos 464976
alloc_pos 465024
alloc_pos 465276
alloc_pos 465512
alloc_pos 465548
alloc_pos 465808
alloc_pos 465848
alloc_pos 465948
alloc_pos 466000
alloc_pos 466256
alloc_pos 466348
alloc_pos 466468
alloc_pos 466700
alloc_pos 466928
alloc_pos 467168
alloc_pos 467400
alloc_pos 467636
alloc_pos 467748
alloc_pos 467928
alloc_pos 468144
alloc_pos 468272
alloc_pos 468440
alloc_pos 468548
alloc_pos 468640
alloc_pos 468900
alloc_pos 469156
alloc_pos 469256
alloc_pos 469448
alloc_pos 469644
alloc_pos 469720
alloc_pos 469760
alloc_pos 469828
alloc_pos 469884
alloc_pos 470092
alloc_pos 470140
alloc_pos 470260
alloc_pos 470340
alloc_pos 470564
alloc_pos 470632
alloc_pos 470660
alloc_pos 470924
alloc_pos 470988
alloc_pos 471080
alloc_pos 471184
alloc_pos 471304
alloc_pos 471380
alloc_pos 471484
alloc_pos 471556
alloc_pos 471736
alloc_pos 471768
alloc_pos 471860
alloc_pos 472064
alloc_pos 472176
alloc_pos 472204
alloc_pos 472360
alloc_pos 472424
alloc_pos 472644
alloc_pos 472704
alloc_pos 472940
alloc_pos 473124
alloc_pos 473228
alloc_pos 473416
alloc_pos 473464
alloc_pos 473716
alloc_pos 473952
alloc_pos 473988
alloc_pos 474248
alloc_pos 474288
alloc_pos 474388
alloc_pos 474440
alloc_pos 474696
alloc_pos 474788
alloc_pos 474908
alloc_pos 475140
alloc_pos 475368
alloc_pos 475608
alloc_pos 475840
alloc_pos 476076
alloc_pos 476188
alloc_pos 476368
alloc_pos 476584
alloc_pos 476712
alloc_pos 476880
alloc_pos 476988
alloc_pos 477080
alloc_pos 477340
alloc_pos 477596
alloc_pos 477696
alloc_pos 477888
alloc_pos 478084
alloc_pos 478160
alloc_pos 478200
alloc_pos 478268
alloc_pos 478324
alloc_pos 478532
alloc_pos 478580
alloc_pos 478700
alloc_pos 478780
alloc_pos 479004
alloc_pos 479072
alloc_pos 479100
alloc_pos 479364
alloc_pos 479428
alloc_pos 479520
alloc_pos 479624
alloc_pos 479744
alloc_pos 479820
alloc_pos 479924
alloc_pos 479996
alloc_pos 480176
alloc_pos 480208
alloc_pos 480300
alloc_pos 480504
alloc_pos 480616
alloc_pos 480644
alloc_pos 480800
alloc_pos 480864
alloc_pos 481084
alloc_pos 481144
alloc_pos 481380
alloc_pos 481564
alloc_pos 481668
alloc_pos 481856
alloc_pos 481904
alloc_pos 482156
alloc_pos 482392
alloc_pos 482428
alloc_pos 482688
alloc_pos 482728
alloc_pos 482828
alloc_pos 482880
alloc_pos 483136
alloc_pos 483228
alloc_pos 483348
alloc_pos 483580
alloc_pos 483808
alloc_pos 484048
alloc_pos 484280
alloc_pos 484516
alloc_pos 484628
alloc_pos 484808
alloc_pos 485024
alloc_pos 485152
alloc_pos 485320
alloc_pos 485428
alloc_pos 485520
alloc_pos 485780
alloc_pos 486036
alloc_pos 486136
alloc_pos 486328
alloc_pos 486524
alloc_pos 486600
alloc_pos 486640
alloc_pos 486708
alloc_pos 486764
alloc_pos 486972
alloc_pos 487020
alloc_pos 487140
alloc_pos 487220
alloc_pos 487444
alloc_pos 487512
alloc_pos 487540
alloc_pos 487804
alloc_pos 487868
alloc_pos 487960
alloc_pos 488064
alloc_pos 488184
alloc_pos 488260
alloc_pos 488364
alloc_pos 488436
alloc_pos 488616
alloc_pos 488648
alloc_pos 488740
alloc_pos 488944
alloc_pos 489056
alloc_pos 489084
alloc_pos 489240
alloc_pos 489304
alloc_pos 489524
alloc_pos 489584
alloc_pos 489820
alloc_pos 490004
alloc_pos 490108
alloc_pos 490296
alloc_pos 490344
alloc_pos 490596
alloc_pos 490832
alloc_pos 490868
alloc_pos 491128
alloc_pos 491168
alloc_pos 491268
alloc_pos 491320
alloc_pos 491576
alloc_pos 491668
alloc_pos 491788
alloc_pos 492020
alloc_pos 492248
alloc_pos 492488
alloc_pos 492720
alloc_pos 492956
alloc_pos 493068
alloc_pos 493248
alloc_pos 493464
alloc_pos 493592
alloc_pos 493760
alloc_pos 493868
alloc_pos 493960
alloc_pos 494220
alloc_pos 494476
alloc_pos 494576
alloc_pos 494768
alloc_pos 494964
alloc_pos 495040
alloc_pos 495080
alloc_pos 495148
alloc_pos 495204
alloc_pos 495412
alloc_pos 495460
alloc_pos 495580
alloc_pos 495660
alloc_pos 495884
alloc_pos 495952
alloc_pos 495980
alloc_pos 496244
alloc_pos 496308
alloc_pos 496400
alloc_pos 496504
alloc_pos 496624
alloc_pos 496700
alloc_pos 496804
alloc_pos 496876
alloc_pos 497056
alloc_pos 497088
alloc_pos 497180
alloc_pos 497384
alloc_pos 497496
alloc_pos 497524
alloc_pos 497680
alloc_pos 497744
alloc_pos 497964
alloc_pos 498024
alloc_pos 498260
alloc_pos 498444
alloc_pos 498548
alloc_pos 498736
alloc_pos 498784
alloc_pos 499036
alloc_pos 499272
alloc_pos 499308
alloc_pos 499568
alloc_pos 499608
alloc_pos 499708
alloc_pos 499760
alloc_pos 500016
alloc_pos 500108
alloc_pos 500228
alloc_pos 500460
alloc_pos 500688
alloc_pos 500928
alloc_pos 501160
alloc_pos 501396
alloc_pos 501508
alloc_pos 501688
alloc_pos 501904
alloc_pos 502032
alloc_pos 502200
alloc_pos 502308
alloc_pos 502400
alloc_pos 502660
alloc_pos 502916
alloc_pos 503016
alloc_pos 503208
alloc_pos 503404
alloc_pos 503480
alloc_pos 503520
alloc_pos 503588
alloc_pos 503644
alloc_pos 503852
alloc_pos 503900
alloc_pos 504020
alloc_pos 504100
alloc_pos 504324
alloc_pos 504392
alloc_pos 504420
alloc_pos 504684
alloc_pos 504748
alloc_pos 504840
alloc_pos 504944
alloc_pos 505064
alloc_pos 505140
alloc_pos 505244
alloc_pos 505316
alloc_pos 505496
alloc_pos 505528
alloc_pos 505620
alloc_pos 505824
alloc_pos 505936
alloc_pos 505964
alloc_pos 506120
alloc_pos 506184
alloc_pos 506404
alloc_pos 506464
alloc_pos 506700
alloc_pos 506884
alloc_pos 506988
alloc_pos 507176
alloc_pos 507224
alloc_pos 507476
alloc_pos 507712
alloc_pos 507748
alloc_pos 508008
alloc_pos 508048
alloc_pos 508148
alloc_pos 508200
alloc_pos 508456
alloc_pos 508548
alloc_pos 508668
alloc_pos 508900
alloc_pos 509128
alloc_pos 509368
alloc_pos 509600
alloc_pos 509836
alloc_pos 509948
alloc_pos 510128
alloc_pos 510344
alloc_pos 510472
alloc_pos 510640
alloc_pos 510748
alloc_pos 510840
alloc_pos 511100
alloc_pos 511356
alloc_pos 511456
alloc_pos 511648
alloc_pos 511844
alloc_pos 511920
alloc_pos 511960
alloc_pos 512028
alloc_pos 512084
alloc_pos 512292
alloc_pos 512340
alloc_pos 512460
alloc_pos 512540
alloc_pos 512764
alloc_pos 512832
alloc_pos 512860
alloc_pos 513124
alloc_pos 513188
alloc_pos 513280
alloc_pos 513384
alloc_pos 513504
alloc_pos 513580
alloc_pos 513684
alloc_pos 513756
alloc_pos 513936
alloc_pos 513968
alloc_pos 514060
alloc_pos 514264
alloc_pos 514376
alloc_pos 514404
alloc_pos 514560
alloc_pos 514624
alloc_pos 514844
alloc_pos 514904
alloc_pos 515140
alloc_pos 515324
alloc_pos 515428
alloc_pos 515616
alloc_pos 515664
alloc_pos 515916
alloc_pos 516152
alloc_pos 516188
alloc_pos 516448
alloc_pos 516488
alloc_pos 516588
alloc_pos 516640
alloc_pos 516896
alloc_pos 516988
alloc_pos 517108
alloc_pos 517340
alloc_pos 517568
alloc_pos 517808
alloc_pos 518040
alloc_pos 518276
alloc_pos 518388
alloc_pos 518568
alloc_pos 518784
alloc_pos 518912
alloc_pos 519080
alloc_pos 519188
alloc_pos 519280
alloc_pos 519540
alloc_pos 519796
alloc_pos 519896
alloc_pos 520088
alloc_pos 520284
alloc_pos 520360
alloc_pos 520400
alloc_pos 520468
alloc_pos 520524
alloc_pos 520732
alloc_pos 520780
alloc_pos 520900
alloc_pos 520980
alloc_pos 521204
alloc_pos 521272
alloc_pos 521300
alloc_pos 521564
alloc_pos 521628
alloc_pos 521720
alloc_pos 521824
alloc_pos 521944
alloc_pos 522020
alloc_pos 522124
alloc_pos 522196
alloc_pos 522376
alloc_pos 522408
alloc_pos 522500
alloc_pos 522704
alloc_pos 522816
alloc_pos 522844
alloc_pos 523000
alloc_pos 523064
alloc_pos 523284
alloc_pos 523344
alloc_pos 523580
alloc_pos 523764
alloc_pos 523868
alloc_pos 524056
alloc_pos -1

