reason: unexpected exit code -6
--- stdout ---
CHENEY GENERATOR!
--- stderr ---
alloc_pos 8
alloc_pos 1040
alloc_pos 2072
alloc_pos 3104
alloc_pos 4136
alloc_pos 5168
alloc_pos 5432
alloc_pos 5576
alloc_pos 5764
alloc_pos 5876
alloc_pos 5984
alloc_pos 6180
alloc_pos 6248
alloc_pos 6364
alloc_pos 6520
alloc_pos 6684
alloc_pos 6940
alloc_pos 7132
alloc_pos 7276
alloc_pos 7512
alloc_pos 7560
alloc_pos 7600
alloc_pos 7792
alloc_pos 8020
alloc_pos 8148
alloc_pos 8196
alloc_pos 8428
alloc_pos 8556
alloc_pos 8740
alloc_pos 8952
alloc_pos 9216
alloc_pos 9268
alloc_pos 9500
alloc_pos 9744
alloc_pos 9968
alloc_pos 10080
alloc_pos 10300
alloc_pos 10432
alloc_pos 10476
alloc_pos 10580
alloc_pos 10680
alloc_pos 10740
alloc_pos 10920
alloc_pos 11128
alloc_pos 11272
alloc_pos 11308
alloc_pos 11544
alloc_pos 11780
alloc_pos 11924
alloc_pos 12016
alloc_pos 12272
alloc_pos 12304
alloc_pos 12532
alloc_pos 12696
alloc_pos 12756
alloc_pos 12880
alloc_pos 12924
alloc_pos 12968
alloc_pos 13228
alloc_pos 13432
alloc_pos 13492
alloc_pos 13548
alloc_pos 13780
alloc_pos 13988
alloc_pos 14240
alloc_pos 14380
alloc_pos 14456
alloc_pos 14640
alloc_pos 14800
alloc_pos 14872
alloc_pos 14964
alloc_pos 15184
alloc_pos 15272
alloc_pos 15460
alloc_pos 15688
alloc_pos 15944
alloc_pos 15992
alloc_pos 16176
alloc_pos 16200
alloc_pos 16444
alloc_pos 16616
alloc_pos 16692
alloc_pos 16852
alloc_pos 17084
alloc_pos 17176
alloc_pos 17424
alloc_pos 17680
alloc_pos 17736
alloc_pos 17864
alloc_pos 17964
alloc_pos 18140
alloc_pos 18332
alloc_pos 18524
alloc_pos 18564
alloc_pos 18616
alloc_pos 18856
alloc_pos 19092
alloc_pos 19284
alloc_pos 19344
alloc_pos 19544
alloc_pos 19632
alloc_pos 19776
alloc_pos 19860
alloc_pos 19996
alloc_pos 20140
alloc_pos 20264
alloc_pos 20324
alloc_pos 20504
alloc_pos 20564
alloc_pos 20684
alloc_pos 20720
alloc_pos 20760
alloc_pos 20972
alloc_pos 21172
alloc_pos 21340
alloc_pos 21496
alloc_pos 21760
alloc_pos 22008
alloc_pos 22120
alloc_pos 22348
alloc_pos 22476
alloc_pos 22732
alloc_pos 22956
alloc_pos 23052
alloc_pos 23092
alloc_pos 23208
alloc_pos 23364
alloc_pos 23616
alloc_pos 23692
alloc_pos 23956
alloc_pos 24088
alloc_pos 24248
alloc_pos 24424
alloc_pos 24556
alloc_pos 24684
alloc_pos 24944
alloc_pos 25152
alloc_pos 25196
alloc_pos 25404
alloc_pos 25544
alloc_pos 25716
alloc_pos 25908
alloc_pos 25948
alloc_pos 26136
alloc_pos 26224
alloc_pos 26260
alloc_pos 26328
alloc_pos 26560
alloc_pos 26768
alloc_pos 26924
alloc_pos 27176
alloc_pos 27340
alloc_pos 27376
alloc_pos 27536
alloc_pos 27708
alloc_pos 27876
alloc_pos 27936
alloc_pos 27996
alloc_pos 28024
alloc_pos 28280
alloc_pos 28452
alloc_pos 28700
alloc_pos 28944
alloc_pos 29188
alloc_pos 29388
alloc_pos 29496
alloc_pos 29592
alloc_pos 29700
alloc_pos 29764
alloc_pos 29884
alloc_pos 30124
alloc_pos 30256
alloc_pos 30400
alloc_pos 30528
alloc_pos 30688
alloc_pos 30804
alloc_pos 30956
alloc_pos 31188
alloc_pos 31444
alloc_pos 31512
alloc_pos 31764
alloc_pos 31832
alloc_pos 31944
alloc_pos 32032
alloc_pos 32140
alloc_pos 32252
alloc_pos 32388
alloc_pos 32580
alloc_pos 32620
alloc_pos 32728
alloc_pos 32972
alloc_pos 33208
alloc_pos 33436
alloc_pos 33664
alloc_pos 33860
alloc_pos 34108
alloc_pos 34324
alloc_pos 34468
alloc_pos 34508
alloc_pos 34728
alloc_pos 34988
alloc_pos 35056
alloc_pos 35200
alloc_pos 35372
alloc_pos 35560
alloc_pos 35640
alloc_pos 35676
alloc_pos 35736
alloc_pos 35960
alloc_pos 36028
alloc_pos 36196
alloc_pos 36380
alloc_pos 36452
alloc_pos 36684
alloc_pos 36816
alloc_pos 36968
alloc_pos 37196
alloc_pos 37384
alloc_pos 37436
alloc_pos 37468
alloc_pos 37620
alloc_pos 37784
alloc_pos 37960
alloc_pos 38036
alloc_pos 38076
alloc_pos 38108
alloc_pos 38136
alloc_pos 38352
alloc_pos 38452
alloc_pos 38660
alloc_pos 38824
alloc_pos 38912
alloc_pos 39044
alloc_pos 39084
alloc_pos 39180
alloc_pos 39436
alloc_pos 39600
alloc_pos 39772
alloc_pos 39956
alloc_pos 40056
alloc_pos 40088
alloc_pos 40312
alloc_pos 40520
alloc_pos 40560
alloc_pos 40716
alloc_pos 40824
alloc_pos 40860
alloc_pos 40932
alloc_pos 40992
alloc_pos 41140
alloc_pos 41272
alloc_pos 41536
alloc_pos 41724
alloc_pos 41892
alloc_pos 41988
alloc_pos 42176
alloc_pos 42376
alloc_pos 42412
alloc_pos 42592
alloc_pos 42656
alloc_pos 42860
alloc_pos 42896
alloc_pos 42956
alloc_pos 43100
alloc_pos 43288
alloc_pos 43400
alloc_pos 43508
alloc_pos 43704
alloc_pos 43772
alloc_pos 43888
alloc_pos 44044
alloc_pos 44208
alloc_pos 44464
alloc_pos 44656
alloc_pos 44800
alloc_pos 45036
alloc_pos 45084
alloc_pos 45124
alloc_pos 45316
alloc_pos 45544
alloc_pos 45672
alloc_pos 45720
alloc_pos 45952
alloc_pos 46080
alloc_pos 46264
alloc_pos 46476
alloc_pos 46740
alloc_pos 46792
alloc_pos 47024
alloc_pos 47268
alloc_pos 47492
alloc_pos 47604
alloc_pos 47824
alloc_pos 47956
alloc_pos 48000
alloc_pos 48104
alloc_pos 48204
alloc_pos 48264
alloc_pos 48444
alloc_pos 48652
alloc_pos 48796
alloc_pos 48832
alloc_pos 49068
alloc_pos 49304
alloc_pos 49448
alloc_pos 49540
alloc_pos 49796
alloc_pos 49828
alloc_pos 50056
alloc_pos 50220
alloc_pos 50280
alloc_pos 50404
alloc_pos 50448
alloc_pos 50492
alloc_pos 50752
alloc_pos 50956
alloc_pos 51016
alloc_pos 51072
alloc_pos 51304
alloc_pos 51512
alloc_pos 51764
alloc_pos 51904
alloc_pos 51980
alloc_pos 52164
alloc_pos 52324
alloc_pos 52396
alloc_pos 52488
alloc_pos 52708
alloc_pos 52796
alloc_pos 52984
alloc_pos 53212
alloc_pos 53468
alloc_pos 53516
alloc_pos 53700
alloc_pos 53724
alloc_pos 53968
alloc_pos 54140
alloc_pos 54216
alloc_pos 54376
alloc_pos 54608
alloc_pos 54700
alloc_pos 54948
alloc_pos 55204
alloc_pos 55260
alloc_pos 55388
alloc_pos 55488
alloc_pos 55664
alloc_pos 55856
alloc_pos 56048
alloc_pos 56088
alloc_pos 56140
alloc_pos 56380
alloc_pos 56616
alloc_pos 56808
alloc_pos 56868
alloc_pos 57068
alloc_pos 57156
alloc_pos 57300
alloc_pos 57384
alloc_pos 57520
alloc_pos 57664
alloc_pos 57788
alloc_pos 57848
alloc_pos 58028
alloc_pos 58088
alloc_pos 58208
alloc_pos 58244
alloc_pos 58284
alloc_pos 58496
alloc_pos 58696
alloc_pos 58864
alloc_pos 59020
alloc_pos 59284
alloc_pos 59532
alloc_pos 59644
alloc_pos 59872
alloc_pos 60000
alloc_pos 60256
alloc_pos 60480
alloc_pos 60576
alloc_pos 60616
alloc_pos 60732
alloc_pos 60888
alloc_pos 61140
alloc_pos 61216
alloc_pos 61480
alloc_pos 61612
alloc_pos 61772
alloc_pos 61948
alloc_pos 62080
alloc_pos 62208
alloc_pos 62468
alloc_pos 62676
alloc_pos 62720
alloc_pos 62928
alloc_pos 63068
alloc_pos 63240
alloc_pos 63432
alloc_pos 63472
alloc_pos 63660
alloc_pos 63748
alloc_pos 63784
alloc_pos 63852
alloc_pos 64084
alloc_pos 64292
alloc_pos 64448
alloc_pos 64700
alloc_pos 64864
alloc_pos 64900
alloc_pos 65060
alloc_pos 65232
alloc_pos 65400
alloc_pos 65460
alloc_pos 65520
alloc_pos 65548
alloc_pos 65804
alloc_pos 65976
alloc_pos 66224
alloc_pos 66468
alloc_pos 66712
alloc_pos 66912
alloc_pos 67020
alloc_pos 67116
alloc_pos 67224
alloc_pos 67288
alloc_pos 67408
alloc_pos 67648
alloc_pos 67780
alloc_pos 67924
alloc_pos 68052
alloc_pos 68212
alloc_pos 68328
alloc_pos 68480
alloc_pos 68712
alloc_pos 68968
alloc_pos 69036
alloc_pos 69288
alloc_pos 69356
alloc_pos 69468
alloc_pos 69556
alloc_pos 69664
alloc_pos 69776
alloc_pos 69912
alloc_pos 70104
alloc_pos 70144
alloc_pos 70252
alloc_pos 70496
alloc_pos 70732
alloc_pos 70960
alloc_pos 71188
alloc_pos 71384
alloc_pos 71632
alloc_pos 71848
alloc_pos 71992
alloc_pos 72032
alloc_pos 72252
alloc_pos 72512
alloc_pos 72580
alloc_pos 72724
alloc_pos 72896
alloc_pos 73084
alloc_pos 73164
alloc_pos 73200
alloc_pos 73260
alloc_pos 73484
alloc_pos 73552
alloc_pos 73720
alloc_pos 73904
alloc_pos 73976
alloc_pos 74208
alloc_pos 74340
alloc_pos 74492
alloc_pos 74720
alloc_pos 74908
alloc_pos 74960
alloc_pos 74992
alloc_pos 75144
alloc_pos 75308
alloc_pos 75484
alloc_pos 75560
alloc_pos 75600
alloc_pos 75632
alloc_pos 75660
alloc_pos 75876
alloc_pos 75976
alloc_pos 76184
alloc_pos 76348
alloc_pos 76436
alloc_pos 76568
alloc_pos 76608
alloc_pos 76704
alloc_pos 76960
alloc_pos 77124
alloc_pos 77296
alloc_pos 77480
alloc_pos 77580
alloc_pos 77612
alloc_pos 77836
alloc_pos 78044
alloc_pos 78084
alloc_pos 78240
alloc_pos 78348
alloc_pos 78384
alloc_pos 78456
alloc_pos 78516
alloc_pos 78664
alloc_pos 78796
alloc_pos 79060
alloc_pos 79248
alloc_pos 79416
alloc_pos 79512
alloc_pos 79700
alloc_pos 79900
alloc_pos 79936
alloc_pos 80116
alloc_pos 80180
alloc_pos 80384
alloc_pos 80420
alloc_pos 80480
alloc_pos 80624
alloc_pos 80812
alloc_pos 80924
alloc_pos 81032
alloc_pos 81228
alloc_pos 81296
alloc_pos 81412
alloc_pos 81568
alloc_pos 81732
alloc_pos 81988
alloc_pos 82180
alloc_pos 82324
alloc_pos 82560
alloc_pos 82608
alloc_pos 82648
alloc_pos 82840
alloc_pos 83068
alloc_pos 83196
alloc_pos 83244
alloc_pos 83476
alloc_pos 83604
alloc_pos 83788
alloc_pos 84000
alloc_pos 84264
alloc_pos 84316
alloc_pos 84548
alloc_pos 84792
alloc_pos 85016
alloc_pos 85128
alloc_pos 85348
alloc_pos 85480
alloc_pos 85524
alloc_pos 85628
alloc_pos 85728
alloc_pos 85788
alloc_pos 85968
alloc_pos 86176
alloc_pos 86320
alloc_pos 86356
alloc_pos 86592
alloc_pos 86828
alloc_pos 86972
alloc_pos 87064
alloc_pos 87320
alloc_pos 87352
alloc_pos 87580
alloc_pos 87744
alloc_pos 87804
alloc_pos 87928
alloc_pos 87972
alloc_pos 88016
alloc_pos 88276
alloc_pos 88480
alloc_pos 88540
alloc_pos 88596
alloc_pos 88828
alloc_pos 89036
alloc_pos 89288
alloc_pos 89428
alloc_pos 89504
alloc_pos 89688
alloc_pos 89848
alloc_pos 89920
alloc_pos 90012
alloc_pos 90232
alloc_pos 90320
alloc_pos 90508
alloc_pos 90736
alloc_pos 90992
alloc_pos 91040
alloc_pos 91224
alloc_pos 91248
alloc_pos 91492
alloc_pos 91664
alloc_pos 91740
alloc_pos 91900
alloc_pos 92132
alloc_pos 92224
alloc_pos 92472
alloc_pos 92728
alloc_pos 92784
alloc_pos 92912
alloc_pos 93012
alloc_pos 93188
alloc_pos 93380
alloc_pos 93572
alloc_pos 93612
alloc_pos 93664
alloc_pos 93904
alloc_pos 94140
alloc_pos 94332
alloc_pos 94392
alloc_pos 94592
alloc_pos 94680
alloc_pos 94824
alloc_pos 94908
alloc_pos 95044
alloc_pos 95188
alloc_pos 95312
alloc_pos 95372
alloc_pos 95552
alloc_pos 95612
alloc_pos 95732
alloc_pos 95768
alloc_pos 95808
alloc_pos 96020
alloc_pos 96220
alloc_pos 96388
alloc_pos 96544
alloc_pos 96808
alloc_pos 97056
alloc_pos 97168
alloc_pos 97396
alloc_pos 97524
alloc_pos 97780
alloc_pos 98004
alloc_pos 98100
alloc_pos 98140
alloc_pos 98256
alloc_pos 98412
alloc_pos 98664
alloc_pos 98740
alloc_pos 99004
alloc_pos 99136
alloc_pos 99296
alloc_pos 99472
alloc_pos 99604
alloc_pos 99732
alloc_pos 99992
alloc_pos 100200
alloc_pos 100244
alloc_pos 100452
alloc_pos 100592
alloc_pos 100764
alloc_pos 100956
alloc_pos 100996
alloc_pos 101184
alloc_pos 101272
alloc_pos 101308
alloc_pos 101376
alloc_pos 101608
alloc_pos 101816
alloc_pos 101972
alloc_pos 102224
alloc_pos 102388
alloc_pos 102424
alloc_pos 102584
alloc_pos 102756
alloc_pos 102924
alloc_pos 102984
alloc_pos 103044
alloc_pos 103072
alloc_pos 103328
alloc_pos 103500
alloc_pos 103748
alloc_pos 103992
alloc_pos 104236
alloc_pos 104436
alloc_pos 104544
alloc_pos 104640
alloc_pos 104748
alloc_pos 104812
alloc_pos 104932
alloc_pos 105172
alloc_pos 105304
alloc_pos 105448
alloc_pos 105576
alloc_pos 105736
alloc_pos 105852
alloc_pos 106004
alloc_pos 106236
alloc_pos 106492
alloc_pos 106560
alloc_pos 106812
alloc_pos 106880
alloc_pos 106992
alloc_pos 107080
alloc_pos 107188
alloc_pos 107300
alloc_pos 107436
alloc_pos 107628
alloc_pos 107668
alloc_pos 107776
alloc_pos 108020
alloc_pos 108256
alloc_pos 108484
alloc_pos 108712
alloc_pos 108908
alloc_pos 109156
alloc_pos 109372
alloc_pos 109516
alloc_pos 109556
alloc_pos 109776
alloc_pos 110036
alloc_pos 110104
alloc_pos 110248
alloc_pos 110420
alloc_pos 110608
alloc_pos 110688
alloc_pos 110724
alloc_pos 110784
alloc_pos 111008
alloc_pos 111076
alloc_pos 111244
alloc_pos 111428
alloc_pos 111500
alloc_pos 111732
alloc_pos 111864
alloc_pos 112016
alloc_pos 112244
alloc_pos 112432
alloc_pos 112484
alloc_pos 112516
alloc_pos 112668
alloc_pos 112832
alloc_pos 113008
alloc_pos 113084
alloc_pos 113124
alloc_pos 113156
alloc_pos 113184
alloc_pos 113400
alloc_pos 113500
alloc_pos 113708
alloc_pos 113872
alloc_pos 113960
alloc_pos 114092
alloc_pos 114132
alloc_pos 114228
alloc_pos 114484
alloc_pos 114648
alloc_pos 114820
alloc_pos 115004
alloc_pos 115104
alloc_pos 115136
alloc_pos 115360
alloc_pos 115568
alloc_pos 115608
alloc_pos 115764
alloc_pos 115872
alloc_pos 115908
alloc_pos 115980
alloc_pos 116040
alloc_pos 116188
alloc_pos 116320
alloc_pos 116584
alloc_pos 116772
alloc_pos 116940
alloc_pos 117036
alloc_pos 117224
alloc_pos 117424
alloc_pos 117460
alloc_pos 117640
alloc_pos 117704
alloc_pos 117908
alloc_pos 117944
alloc_pos 118004
alloc_pos 118148
alloc_pos 118336
alloc_pos 118448
alloc_pos 118556
alloc_pos 118752
alloc_pos 118820
alloc_pos 118936
alloc_pos 119092
alloc_pos 119256
alloc_pos 119512
alloc_pos 119704
alloc_pos 119848
alloc_pos 120084
alloc_pos 120132
alloc_pos 120172
alloc_pos 120364
alloc_pos 120592
alloc_pos 120720
alloc_pos 120768
alloc_pos 121000
alloc_pos 121128
alloc_pos 121312
alloc_pos 121524
alloc_pos 121788
alloc_pos 121840
alloc_pos 122072
alloc_pos 122316
alloc_pos 122540
alloc_pos 122652
alloc_pos 122872
alloc_pos 123004
alloc_pos 123048
alloc_pos 123152
alloc_pos 123252
alloc_pos 123312
alloc_pos 123492
alloc_pos 123700
alloc_pos 123844
alloc_pos 123880
alloc_pos 124116
alloc_pos 124352
alloc_pos 124496
alloc_pos 124588
alloc_pos 124844
alloc_pos 124876
alloc_pos 125104
alloc_pos 125268
alloc_pos 125328
alloc_pos 125452
alloc_pos 125496
alloc_pos 125540
alloc_pos 125800
alloc_pos 126004
alloc_pos 126064
alloc_pos 126120
alloc_pos 126352
alloc_pos 126560
alloc_pos 126812
alloc_pos 126952
alloc_pos 127028
alloc_pos 127212
alloc_pos 127372
alloc_pos 127444
alloc_pos 127536
alloc_pos 127756
alloc_pos 127844
alloc_pos 128032
alloc_pos 128260
alloc_pos 128516
alloc_pos 128564
alloc_pos 128748
alloc_pos 128772
alloc_pos 129016
alloc_pos 129188
alloc_pos 129264
alloc_pos 129424
alloc_pos 129656
alloc_pos 129748
alloc_pos 129996
alloc_pos 130252
alloc_pos 130308
alloc_pos 130436
alloc_pos 130536
alloc_pos 130712
alloc_pos 130904
alloc_pos 131096
alloc_pos 131136
alloc_pos 131188
alloc_pos 131428
alloc_pos 131664
alloc_pos 131856
alloc_pos 131916
alloc_pos 132116
alloc_pos 132204
alloc_pos 132348
alloc_pos 132432
alloc_pos 132568
alloc_pos 132712
alloc_pos 132836
alloc_pos 132896
alloc_pos 133076
alloc_pos 133136
alloc_pos 133256
alloc_pos 133292
alloc_pos 133332
alloc_pos 133544
alloc_pos 133744
alloc_pos 133912
alloc_pos 134068
alloc_pos 134332
alloc_pos 134580
alloc_pos 134692
alloc_pos 134920
alloc_pos 135048
alloc_pos 135304
alloc_pos 135528
alloc_pos 135624
alloc_pos 135664
alloc_pos 135780
alloc_pos 135936
alloc_pos 136188
alloc_pos 136264
alloc_pos 136528
alloc_pos 136660
alloc_pos 136820
alloc_pos 136996
alloc_pos 137128
alloc_pos 137256
alloc_pos 137516
alloc_pos 137724
alloc_pos 137768
alloc_pos 137976
alloc_pos 138116
alloc_pos 138288
alloc_pos 138480
alloc_pos 138520
alloc_pos 138708
alloc_pos 138796
alloc_pos 138832
alloc_pos 138900
alloc_pos 139132
alloc_pos 139340
alloc_pos 139496
alloc_pos 139748
alloc_pos 139912
alloc_pos 139948
alloc_pos 140108
alloc_pos 140280
alloc_pos 140448
alloc_pos 140508
alloc_pos 140568
alloc_pos 140596
alloc_pos 140852
alloc_pos 141024
alloc_pos 141272
alloc_pos 141516
alloc_pos 141760
alloc_pos 141960
alloc_pos 142068
alloc_pos 142164
alloc_pos 142272
alloc_pos 142336
alloc_pos 142456
alloc_pos 142696
alloc_pos 142828
alloc_pos 142972
alloc_pos 143100
alloc_pos 143260
alloc_pos 143376
alloc_pos 143528
alloc_pos 143760
alloc_pos 144016
alloc_pos 144084
alloc_pos 144336
alloc_pos 144404
alloc_pos 144516
alloc_pos 144604
alloc_pos 144712
alloc_pos 144824
alloc_pos 144960
alloc_pos 145152
alloc_pos 145192
alloc_pos 145300
alloc_pos 145544
alloc_pos 145780
alloc_pos 146008
alloc_pos 146236
alloc_pos 146432
alloc_pos 146680
alloc_pos 146896
alloc_pos 147040
alloc_pos 147080
alloc_pos 147300
alloc_pos 147560
alloc_pos 147628
alloc_pos 147772
alloc_pos 147944
alloc_pos 148132
alloc_pos 148212
alloc_pos 148248
alloc_pos 148308
alloc_pos 148532
alloc_pos 148600
alloc_pos 148768
alloc_pos 148952
alloc_pos 149024
alloc_pos 149256
alloc_pos 149388
alloc_pos 149540
alloc_pos 149768
alloc_pos 149956
alloc_pos 150008
alloc_pos 150040
alloc_pos 150192
alloc_pos 150356
alloc_pos 150532
alloc_pos 150608
alloc_pos 150648
alloc_pos 150680
alloc_pos 150708
alloc_pos 150924
alloc_pos 151024
alloc_pos 151232
alloc_pos 151396
alloc_pos 151484
alloc_pos 151616
alloc_pos 151656
alloc_pos 151752
alloc_pos 152008
alloc_pos 152172
alloc_pos 152344
alloc_pos 152528
alloc_pos 152628
alloc_pos 152660
alloc_pos 152884
alloc_pos 153092
alloc_pos 153132
alloc_pos 153288
alloc_pos 153396
alloc_pos 153432
alloc_pos 153504
alloc_pos 153564
alloc_pos 153712
alloc_pos 153844
alloc_pos 154108
alloc_pos 154296
alloc_pos 154464
alloc_pos 154560
alloc_pos 154748
alloc_pos 154948
alloc_pos 154984
alloc_pos 155164
alloc_pos 155228
alloc_pos 155432
alloc_pos 155468
alloc_pos 155528
alloc_pos 155672
alloc_pos 155860
alloc_pos 155972
alloc_pos 156080
alloc_pos 156276
alloc_pos 156344
alloc_pos 156460
alloc_pos 156616
alloc_pos 156780
alloc_pos 157036
alloc_pos 157228
alloc_pos 157372
alloc_pos 157608
alloc_pos 157656
alloc_pos 157696
alloc_pos 157888
alloc_pos 158116
alloc_pos 158244
alloc_pos 158292
alloc_pos 158524
alloc_pos 158652
alloc_pos 158836
alloc_pos 159048
alloc_pos 159312
alloc_pos 159364
alloc_pos 159596
alloc_pos 159840
alloc_pos 160064
alloc_pos 160176
alloc_pos 160396
alloc_pos 160528
alloc_pos 160572
alloc_pos 160676
alloc_pos 160776
alloc_pos 160836
alloc_pos 161016
alloc_pos 161224
alloc_pos 161368
alloc_pos 161404
alloc_pos 161640
alloc_pos 161876
alloc_pos 162020
alloc_pos 162112
alloc_pos 162368
alloc_pos 162400
alloc_pos 162628
alloc_pos 162792
alloc_pos 162852
alloc_pos 162976
alloc_pos 163020
alloc_pos 163064
alloc_pos 163324
alloc_pos 163528
alloc_pos 163588
alloc_pos 163644
alloc_pos 163876
alloc_pos 164084
alloc_pos 164336
alloc_pos 164476
alloc_pos 164552
alloc_pos 164736
alloc_pos 164896
alloc_pos 164968
alloc_pos 165060
alloc_pos 165280
alloc_pos 165368
alloc_pos 165556
alloc_pos 165784
alloc_pos 166040
alloc_pos 166088
alloc_pos 166272
alloc_pos 166296
alloc_pos 166540
alloc_pos 166712
alloc_pos 166788
alloc_pos 166948
alloc_pos 167180
alloc_pos 167272
alloc_pos 167520
alloc_pos 167776
alloc_pos 167832
alloc_pos 167960
alloc_pos 168060
alloc_pos 168236
alloc_pos 168428
alloc_pos 168620
alloc_pos 168660
alloc_pos 168712
alloc_pos 168952
alloc_pos 169188
alloc_pos 169380
alloc_pos 169440
alloc_pos 169640
alloc_pos 169728
alloc_pos 169872
alloc_pos 169956
alloc_pos 170092
alloc_pos 170236
alloc_pos 170360
alloc_pos 170420
alloc_pos 170600
alloc_pos 170660
alloc_pos 170780
alloc_pos 170816
alloc_pos 170856
alloc_pos 171068
alloc_pos 171268
alloc_pos 171436
alloc_pos 171592
alloc_pos 171856
alloc_pos 172104
alloc_pos 172216
alloc_pos 172444
alloc_pos 172572
alloc_pos 172828
alloc_pos 173052
alloc_pos 173148
alloc_pos 173188
alloc_pos 173304
alloc_pos 173460
alloc_pos 173712
alloc_pos 173788
alloc_pos 174052
alloc_pos 174184
alloc_pos 174344
alloc_pos 174520
alloc_pos 174652
alloc_pos 174780
alloc_pos 175040
alloc_pos 175248
alloc_pos 175292
alloc_pos 175500
alloc_pos 175640
alloc_pos 175812
alloc_pos 176004
alloc_pos 176044
alloc_pos 176232
alloc_pos 176320
alloc_pos 176356
alloc_pos 176424
alloc_pos 176656
alloc_pos 176864
alloc_pos 177020
alloc_pos 177272
alloc_pos 177436
alloc_pos 177472
alloc_pos 177632
alloc_pos 177804
alloc_pos 177972
alloc_pos 178032
alloc_pos 178092
alloc_pos 178120
alloc_pos 178376
alloc_pos 178548
alloc_pos 178796
alloc_pos 179040
alloc_pos 179284
alloc_pos 179484
alloc_pos 179592
alloc_pos 179688
alloc_pos 179796
alloc_pos 179860
alloc_pos 179980
alloc_pos 180220
alloc_pos 180352
alloc_pos 180496
alloc_pos 180624
alloc_pos 180784
alloc_pos 180900
alloc_pos 181052
alloc_pos 181284
alloc_pos 181540
alloc_pos 181608
alloc_pos 181860
alloc_pos 181928
alloc_pos 182040
alloc_pos 182128
alloc_pos 182236
alloc_pos 182348
alloc_pos 182484
alloc_pos 182676
alloc_pos 182716
alloc_pos 182824
alloc_pos 183068
alloc_pos 183304
alloc_pos 183532
alloc_pos 183760
alloc_pos 183956
alloc_pos 184204
alloc_pos 184420
alloc_pos 184564
alloc_pos 184604
alloc_pos 184824
alloc_pos 185084
alloc_pos 185152
alloc_pos 185296
alloc_pos 185468
alloc_pos 185656
alloc_pos 185736
alloc_pos 185772
alloc_pos 185832
alloc_pos 186056
alloc_pos 186124
alloc_pos 186292
alloc_pos 186476
alloc_pos 186548
alloc_pos 186780
alloc_pos 186912
alloc_pos 187064
alloc_pos 187292
alloc_pos 187480
alloc_pos 187532
alloc_pos 187564
alloc_pos 187716
alloc_pos 187880
alloc_pos 188056
alloc_pos 188132
alloc_pos 188172
alloc_pos 188204
alloc_pos 188232
alloc_pos 188448
alloc_pos 188548
alloc_pos 188756
alloc_pos 188920
alloc_pos 189008
alloc_pos 189140
alloc_pos 189180
alloc_pos 189276
alloc_pos 189532
alloc_pos 189696
alloc_pos 189868
alloc_pos 190052
alloc_pos 190152
alloc_pos 190184
alloc_pos 190408
alloc_pos 190616
alloc_pos 190656
alloc_pos 190812
alloc_pos 190920
alloc_pos 190956
alloc_pos 191028
alloc_pos 191088
alloc_pos 191236
alloc_pos 191368
alloc_pos 191632
alloc_pos 191820
alloc_pos 191988
alloc_pos 192084
alloc_pos 192272
alloc_pos 192472
alloc_pos 192508
alloc_pos 192688
alloc_pos 192752
alloc_pos 192956
alloc_pos 192992
alloc_pos 193052
alloc_pos 193196
alloc_pos 193384
alloc_pos 193496
alloc_pos 193604
alloc_pos 193800
alloc_pos 193868
alloc_pos 193984
alloc_pos 194140
alloc_pos 194304
alloc_pos 194560
alloc_pos 194752
alloc_pos 194896
alloc_pos 195132
alloc_pos 195180
alloc_pos 195220
alloc_pos 195412
alloc_pos 195640
alloc_pos 195768
alloc_pos 195816
alloc_pos 196048
alloc_pos 196176
alloc_pos 196360
alloc_pos 196572
alloc_pos 196836
alloc_pos 196888
alloc_pos 197120
alloc_pos 197364
alloc_pos 197588
alloc_pos 197700
alloc_pos 197920
alloc_pos 198052
alloc_pos 198096
alloc_pos 198200
alloc_pos 198300
alloc_pos 198360
alloc_pos 198540
alloc_pos 198748
alloc_pos 198892
alloc_pos 198928
alloc_pos 199164
alloc_pos 199400
alloc_pos 199544
alloc_pos 199636
alloc_pos 199892
alloc_pos 199924
alloc_pos 200152
alloc_pos 200316
alloc_pos 200376
alloc_pos 200500
alloc_pos 200544
alloc_pos 200588
alloc_pos 200848
alloc_pos 201052
alloc_pos 201112
alloc_pos 201168
alloc_pos 201400
alloc_pos 201608
alloc_pos 201860
alloc_pos 202000
alloc_pos 202076
alloc_pos 202260
alloc_pos 202420
alloc_pos 202492
alloc_pos 202584
alloc_pos 202804
alloc_pos 202892
alloc_pos 203080
alloc_pos 203308
alloc_pos 203564
alloc_pos 203612
alloc_pos 203796
alloc_pos 203820
alloc_pos 204064
alloc_pos 204236
alloc_pos 204312
alloc_pos 204472
alloc_pos 204704
alloc_pos 204796
alloc_pos 205044
alloc_pos 205300
alloc_pos 205356
alloc_pos 205484
alloc_pos 205584
alloc_pos 205760
alloc_pos 205952
alloc_pos 206144
alloc_pos 206184
alloc_pos 206236
alloc_pos 206476
alloc_pos 206712
alloc_pos 206904
alloc_pos 206964
alloc_pos 207164
alloc_pos 207252
alloc_pos 207396
alloc_pos 207480
alloc_pos 207616
alloc_pos 207760
alloc_pos 207884
alloc_pos 207944
alloc_pos 208124
alloc_pos 208184
alloc_pos 208304
alloc_pos 208340
alloc_pos 208380
alloc_pos 208592
alloc_pos 208792
alloc_pos 208960
alloc_pos 209116
alloc_pos 209380
alloc_pos 209628
alloc_pos 209740
alloc_pos 209968
alloc_pos 210096
alloc_pos 210352
alloc_pos 210576
alloc_pos 210672
alloc_pos 210712
alloc_pos 210828
alloc_pos 210984
alloc_pos 211236
alloc_pos 211312
alloc_pos 211576
alloc_pos 211708
alloc_pos 211868
alloc_pos 212044
alloc_pos 212176
alloc_pos 212304
alloc_pos 212564
alloc_pos 212772
alloc_pos 212816
alloc_pos 213024
alloc_pos 213164
alloc_pos 213336
alloc_pos 213528
alloc_pos 213568
alloc_pos 213756
alloc_pos 213844
alloc_pos 213880
alloc_pos 213948
alloc_pos 214180
alloc_pos 214388
alloc_pos 214544
alloc_pos 214796
alloc_pos 214960
alloc_pos 214996
alloc_pos 215156
alloc_pos 215328
alloc_pos 215496
alloc_pos 215556
alloc_pos 215616
alloc_pos 215644
alloc_pos 215900
alloc_pos 216072
alloc_pos 216320
alloc_pos 216564
alloc_pos 216808
alloc_pos 217008
alloc_pos 217116
alloc_pos 217212
alloc_pos 217320
alloc_pos 217384
alloc_pos 217504
alloc_pos 217744
alloc_pos 217876
alloc_pos 218020
alloc_pos 218148
alloc_pos 218308
alloc_pos 218424
alloc_pos 218576
alloc_pos 218808
alloc_pos 219064
alloc_pos 219132
alloc_pos 219384
alloc_pos 219452
alloc_pos 219564
alloc_pos 219652
alloc_pos 219760
alloc_pos 219872
alloc_pos 220008
alloc_pos 220200
alloc_pos 220240
alloc_pos 220348
alloc_pos 220592
alloc_pos 220828
alloc_pos 221056
alloc_pos 221284
alloc_pos 221480
alloc_pos 221728
alloc_pos 221944
alloc_pos 222088
alloc_pos 222128
alloc_pos 222348
alloc_pos 222608
alloc_pos 222676
alloc_pos 222820
alloc_pos 222992
alloc_pos 223180
alloc_pos 223260
alloc_pos 223296
alloc_pos 223356
alloc_pos 223580
alloc_pos 223648
alloc_pos 223816
alloc_pos 224000
alloc_pos 224072
alloc_pos 224304
alloc_pos 224436
alloc_pos 224588
alloc_pos 224816
alloc_pos 225004
alloc_pos 225056
alloc_pos 225088
alloc_pos 225240
alloc_pos 225404
alloc_pos 225580
alloc_pos 225656
alloc_pos 225696
alloc_pos 225728
alloc_pos 225756
alloc_pos 225972
alloc_pos 226072
alloc_pos 226280
alloc_pos 226444
alloc_pos 226532
alloc_pos 226664
alloc_pos 226704
alloc_pos 226800
alloc_pos 227056
alloc_pos 227220
alloc_pos 227392
alloc_pos 227576
alloc_pos 227676
alloc_pos 227708
alloc_pos 227932
alloc_pos 228140
alloc_pos 228180
alloc_pos 228336
alloc_pos 228444
alloc_pos 228480
alloc_pos 228552
alloc_pos 228612
alloc_pos 228760
alloc_pos 228892
alloc_pos 229156
alloc_pos 229344
alloc_pos 229512
alloc_pos 229608
alloc_pos 229796
alloc_pos 229996
alloc_pos 230032
alloc_pos 230212
alloc_pos 230276
alloc_pos 230480
alloc_pos 230516
alloc_pos 230576
alloc_pos 230720
alloc_pos 230908
alloc_pos 231020
alloc_pos 231128
alloc_pos 231324
alloc_pos 231392
alloc_pos 231508
alloc_pos 231664
alloc_pos 231828
alloc_pos 232084
alloc_pos 232276
alloc_pos 232420
alloc_pos 232656
alloc_pos 232704
alloc_pos 232744
alloc_pos 232936
alloc_pos 233164
alloc_pos 233292
alloc_pos 233340
alloc_pos 233572
alloc_pos 233700
alloc_pos 233884
alloc_pos 234096
alloc_pos 234360
alloc_pos 234412
alloc_pos 234644
alloc_pos 234888
alloc_pos 235112
alloc_pos 235224
alloc_pos 235444
alloc_pos 235576
alloc_pos 235620
alloc_pos 235724
alloc_pos 235824
alloc_pos 235884
alloc_pos 236064
alloc_pos 236272
alloc_pos 236416
alloc_pos 236452
alloc_pos 236688
alloc_pos 236924
alloc_pos 237068
alloc_pos 237160
alloc_pos 237416
alloc_pos 237448
alloc_pos 237676
alloc_pos 237840
alloc_pos 237900
alloc_pos 238024
alloc_pos 238068
alloc_pos 238112
alloc_pos 238372
alloc_pos 238576
alloc_pos 238636
alloc_pos 238692
alloc_pos 238924
alloc_pos 239132
alloc_pos 239384
alloc_pos 239524
alloc_pos 239600
alloc_pos 239784
alloc_pos 239944
alloc_pos 240016
alloc_pos 240108
alloc_pos 240328
alloc_pos 240416
alloc_pos 240604
alloc_pos 240832
alloc_pos 241088
alloc_pos 241136
alloc_pos 241320
alloc_pos 241344
alloc_pos 241588
alloc_pos 241760
alloc_pos 241836
alloc_pos 241996
alloc_pos 242228
alloc_pos 242320
alloc_pos 242568
alloc_pos 242824
alloc_pos 242880
alloc_pos 243008
alloc_pos 243108
alloc_pos 243284
alloc_pos 243476
alloc_pos 243668
alloc_pos 243708
alloc_pos 243760
alloc_pos 244000
alloc_pos 244236
alloc_pos 244428
alloc_pos 244488
alloc_pos 244688
alloc_pos 244776
alloc_pos 244920
alloc_pos 245004
alloc_pos 245140
alloc_pos 245284
alloc_pos 245408
alloc_pos 245468
alloc_pos 245648
alloc_pos 245708
alloc_pos 245828
alloc_pos 245864
alloc_pos 245904
alloc_pos 246116
alloc_pos 246316
alloc_pos 246484
alloc_pos 246640
alloc_pos 246904
alloc_pos 247152
alloc_pos 247264
alloc_pos 247492
alloc_pos 247620
alloc_pos 247876
alloc_pos 248100
alloc_pos 248196
alloc_pos 248236
alloc_pos 248352
alloc_pos 248508
alloc_pos 248760
alloc_pos 248836
alloc_pos 249100
alloc_pos 249232
alloc_pos 249392
alloc_pos 249568
alloc_pos 249700
alloc_pos 249828
alloc_pos 250088
alloc_pos 250296
alloc_pos 250340
alloc_pos 250548
alloc_pos 250688
alloc_pos 250860
alloc_pos 251052
alloc_pos 251092
alloc_pos 251280
alloc_pos 251368
alloc_pos 251404
alloc_pos 251472
alloc_pos 251704
alloc_pos 251912
alloc_pos 252068
alloc_pos 252320
alloc_pos 252484
alloc_pos 252520
alloc_pos 252680
alloc_pos 252852
alloc_pos 253020
alloc_pos 253080
alloc_pos 253140
alloc_pos 253168
alloc_pos 253424
alloc_pos 253596
alloc_pos 253844
alloc_pos 254088
alloc_pos 254332
alloc_pos 254532
alloc_pos 254640
alloc_pos 254736
alloc_pos 254844
alloc_pos 254908
alloc_pos 255028
alloc_pos 255268
alloc_pos 255400
alloc_pos 255544
alloc_pos 255672
alloc_pos 255832
alloc_pos 255948
alloc_pos 256100
alloc_pos 256332
alloc_pos 256588
alloc_pos 256656
alloc_pos 256908
alloc_pos 256976
alloc_pos 257088
alloc_pos 257176
alloc_pos 257284
alloc_pos 257396
alloc_pos 257532
alloc_pos 257724
alloc_pos 257764
alloc_pos 257872
alloc_pos 258116
alloc_pos 258352
alloc_pos 258580
alloc_pos 258808
alloc_pos 259004
alloc_pos 259252
alloc_pos 259468
alloc_pos 259612
alloc_pos 259652
alloc_pos 259872
alloc_pos 260132
alloc_pos 260200
alloc_pos 260344
alloc_pos 260516
alloc_pos 260704
alloc_pos 260784
alloc_pos 260820
alloc_pos 260880
alloc_pos 261104
alloc_pos 261172
alloc_pos 261340
alloc_pos 261524
alloc_pos 261596
alloc_pos 261828
alloc_pos 261960
alloc_pos 262112
alloc_pos 262340
alloc_pos 262528
alloc_pos 262580
alloc_pos 262612
alloc_pos 262764
alloc_pos 262928
alloc_pos 263104
alloc_pos 263180
alloc_pos 263220
alloc_pos 263252
alloc_pos 263280
alloc_pos 263496
alloc_pos 263596
alloc_pos 263804
alloc_pos 263968
alloc_pos 264056
alloc_pos 264188
alloc_pos 264228
alloc_pos 264324
alloc_pos 264580
alloc_pos 264744
alloc_pos 264916
alloc_pos 265100
alloc_pos 265200
alloc_pos 265232
alloc_pos 265456
alloc_pos 265664
alloc_pos 265704
alloc_pos 265860
alloc_pos 265968
alloc_pos 266004
alloc_pos 266076
alloc_pos 266136
alloc_pos 266284
alloc_pos 266416
alloc_pos 266680
alloc_pos 266868
alloc_pos 267036
alloc_pos 267132
alloc_pos 267320
alloc_pos 267520
alloc_pos 267556
alloc_pos 267736
alloc_pos 267800
alloc_pos 268004
alloc_pos 268040
alloc_pos 268100
alloc_pos 268244
alloc_pos 268432
alloc_pos 268544
alloc_pos 268652
alloc_pos 268848
alloc_pos 268916
alloc_pos 269032
alloc_pos 269188
alloc_pos 269352
alloc_pos 269608
alloc_pos 269800
alloc_pos 269944
alloc_pos 270180
alloc_pos 270228
alloc_pos 270268
alloc_pos 270460
alloc_pos 270688
alloc_pos 270816
alloc_pos 270864
alloc_pos 271096
alloc_pos 271224
alloc_pos 271408
alloc_pos 271620
alloc_pos 271884
alloc_pos 271936
alloc_pos 272168
alloc_pos 272412
alloc_pos 272636
alloc_pos 272748
alloc_pos 272968
alloc_pos 273100
alloc_pos 273144
alloc_pos 273248
alloc_pos 273348
alloc_pos 273408
alloc_pos 273588
alloc_pos 273796
alloc_pos 273940
alloc_pos 273976
alloc_pos 274212
alloc_pos 274448
alloc_pos 274592
alloc_pos 274684
alloc_pos 274940
alloc_pos 274972
alloc_pos 275200
alloc_pos 275364
alloc_pos 275424
alloc_pos 275548
alloc_pos 275592
alloc_pos 275636
alloc_pos 275896
alloc_pos 276100
alloc_pos 276160
alloc_pos 276216
alloc_pos 276448
alloc_pos 276656
alloc_pos 276908
alloc_pos 277048
alloc_pos 277124
alloc_pos 277308
alloc_pos 277468
alloc_pos 277540
alloc_pos 277632
alloc_pos 277852
alloc_pos 277940
alloc_pos 278128
alloc_pos 278356
alloc_pos 278612
alloc_pos 278660
alloc_pos 278844
alloc_pos 278868
alloc_pos 279112
alloc_pos 279284
alloc_pos 279360
alloc_pos 279520
alloc_pos 279752
alloc_pos 279844
alloc_pos 280092
alloc_pos 280348
alloc_pos 280404
alloc_pos 280532
alloc_pos 280632
alloc_pos 280808
alloc_pos 281000
alloc_pos 281192
alloc_pos 281232
alloc_pos 281284
alloc_pos 281524
alloc_pos 281760
alloc_pos 281952
alloc_pos 282012
alloc_pos 282212
alloc_pos 282300
alloc_pos 282444
alloc_pos 282528
alloc_pos 282664
alloc_pos 282808
alloc_pos 282932
alloc_pos 282992
alloc_pos 283172
alloc_pos 283232
alloc_pos 283352
alloc_pos 283388
alloc_pos 283428
alloc_pos 283640
alloc_pos 283840
alloc_pos 284008
alloc_pos 284164
alloc_pos 284428
alloc_pos 284676
alloc_pos 284788
alloc_pos 285016
alloc_pos 285144
alloc_pos 285400
alloc_pos 285624
alloc_pos 285720
alloc_pos 285760
alloc_pos 285876
alloc_pos 286032
alloc_pos 286284
alloc_pos 286360
alloc_pos 286624
alloc_pos 286756
alloc_pos 286916
alloc_pos 287092
alloc_pos 287224
alloc_pos 287352
alloc_pos 287612
alloc_pos 287820
alloc_pos 287864
alloc_pos 288072
alloc_pos 288212
alloc_pos 288384
alloc_pos 288576
alloc_pos 288616
alloc_pos 288804
alloc_pos 288892
alloc_pos 288928
alloc_pos 288996
alloc_pos 289228
alloc_pos 289436
alloc_pos 289592
alloc_pos 289844
alloc_pos 290008
alloc_pos 290044
alloc_pos 290204
alloc_pos 290376
alloc_pos 290544
alloc_pos 290604
alloc_pos 290664
alloc_pos 290692
alloc_pos 290948
alloc_pos 291120
alloc_pos 291368
alloc_pos 291612
alloc_pos 291856
alloc_pos 292056
alloc_pos 292164
alloc_pos 292260
alloc_pos 292368
alloc_pos 292432
alloc_pos 292552
alloc_pos 292792
alloc_pos 292924
alloc_pos 293068
alloc_pos 293196
alloc_pos 293356
alloc_pos 293472
alloc_pos 293624
alloc_pos 293856
alloc_pos 294112
alloc_pos 294180
alloc_pos 294432
alloc_pos 294500
alloc_pos 294612
alloc_pos 294700
alloc_pos 294808
alloc_pos 294920
alloc_pos 295056
alloc_pos 295248
alloc_pos 295288
alloc_pos 295396
alloc_pos 295640
alloc_pos 295876
alloc_pos 296104
alloc_pos 296332
alloc_pos 296528
alloc_pos 296776
alloc_pos 296992
alloc_pos 297136
alloc_pos 297176
alloc_pos 297396
alloc_pos 297656
alloc_pos 297724
alloc_pos 297868
alloc_pos 298040
alloc_pos 298228
alloc_pos 298308
alloc_pos 298344
alloc_pos 298404
alloc_pos 298628
alloc_pos 298696
alloc_pos 298864
alloc_pos 299048
alloc_pos 299120
alloc_pos 299352
alloc_pos 299484
alloc_pos 299636
alloc_pos 299864
alloc_pos 300052
alloc_pos 300104
alloc_pos 300136
alloc_pos 300288
alloc_pos 300452
alloc_pos 300628
alloc_pos 300704
alloc_pos 300744
alloc_pos 300776
alloc_pos 300804
alloc_pos 301020
alloc_pos 301120
alloc_pos 301328
alloc_pos 301492
alloc_pos 301580
alloc_pos 301712
alloc_pos 301752
alloc_pos 301848
alloc_pos 302104
alloc_pos 302268
alloc_pos 302440
alloc_pos 302624
alloc_pos 302724
alloc_pos 302756
alloc_pos 302980
alloc_pos 303188
alloc_pos 303228
alloc_pos 303384
alloc_pos 303492
alloc_pos 303528
alloc_pos 303600
alloc_pos 303660
alloc_pos 303808
alloc_pos 303940
alloc_pos 304204
alloc_pos 304392
alloc_pos 304560
alloc_pos 304656
alloc_pos 304844
alloc_pos 305044
alloc_pos 305080
alloc_pos 305260
alloc_pos 305324
alloc_pos 305528
alloc_pos 305564
alloc_pos 305624
alloc_pos 305768
alloc_pos 305956
alloc_pos 306068
alloc_pos 306176
alloc_pos 306372
alloc_pos 306440
alloc_pos 306556
alloc_pos 306712
alloc_pos 306876
alloc_pos 307132
alloc_pos 307324
alloc_pos 307468
alloc_pos 307704
alloc_pos 307752
alloc_pos 307792
alloc_pos 307984
alloc_pos 308212
alloc_pos 308340
alloc_pos 308388
alloc_pos 308620
alloc_pos 308748
alloc_pos 308932
alloc_pos 309144
alloc_pos 309408
alloc_pos 309460
alloc_pos 309692
alloc_pos 309936
alloc_pos 310160
alloc_pos 310272
alloc_pos 310492
alloc_pos 310624
alloc_pos 310668
alloc_pos 310772
alloc_pos 310872
alloc_pos 310932
alloc_pos 311112
alloc_pos 311320
alloc_pos 311464
alloc_pos 311500
alloc_pos 311736
alloc_pos 311972
alloc_pos 312116
alloc_pos 312208
alloc_pos 312464
alloc_pos 312496
alloc_pos 312724
alloc_pos 312888
alloc_pos 312948
alloc_pos 313072
alloc_pos 313116
alloc_pos 313160
alloc_pos 313420
alloc_pos 313624
alloc_pos 313684
alloc_pos 313740
alloc_pos 313972
alloc_pos 314180
alloc_pos 314432
alloc_pos 314572
alloc_pos 314648
alloc_pos 314832
alloc_pos 314992
alloc_pos 315064
alloc_pos 315156
alloc_pos 315376
alloc_pos 315464
alloc_pos 315652
alloc_pos 315880
alloc_pos 316136
alloc_pos 316184
alloc_pos 316368
alloc_pos 316392
alloc_pos 316636
alloc_pos 316808
alloc_pos 316884
alloc_pos 317044
alloc_pos 317276
alloc_pos 317368
alloc_pos 317616
alloc_pos 317872
alloc_pos 317928
alloc_pos 318056
alloc_pos 318156
alloc_pos 318332
alloc_pos 318524
alloc_pos 318716
alloc_pos 318756
alloc_pos 318808
alloc_pos 319048
alloc_pos 319284
alloc_pos 319476
alloc_pos 319536
alloc_pos 319736
alloc_pos 319824
alloc_pos 319968
alloc_pos 320052
alloc_pos 320188
alloc_pos 320332
alloc_pos 320456
alloc_pos 320516
alloc_pos 320696
alloc_pos 320756
alloc_pos 320876
alloc_pos 320912
alloc_pos 320952
alloc_pos 321164
alloc_pos 321364
alloc_pos 321532
alloc_pos 321688
alloc_pos 321952
alloc_pos 322200
alloc_pos 322312
alloc_pos 322540
alloc_pos 322668
alloc_pos 322924
alloc_pos 323148
alloc_pos 323244
alloc_pos 323284
alloc_pos 323400
alloc_pos 323556
alloc_pos 323808
alloc_pos 323884
alloc_pos 324148
alloc_pos 324280
alloc_pos 324440
alloc_pos 324616
alloc_pos 324748
alloc_pos 324876
alloc_pos 325136
alloc_pos 325344
alloc_pos 325388
alloc_pos 325596
alloc_pos 325736
alloc_pos 325908
alloc_pos 326100
alloc_pos 326140
alloc_pos 326328
alloc_pos 326416
alloc_pos 326452
alloc_pos 326520
alloc_pos 326752
alloc_pos 326960
alloc_pos 327116
alloc_pos 327368
alloc_pos 327532
alloc_pos 327568
alloc_pos 327728
alloc_pos 327900
alloc_pos 328068
alloc_pos 328128
alloc_pos 328188
alloc_pos 328216
alloc_pos 328472
alloc_pos 328644
alloc_pos 328892
alloc_pos 329136
alloc_pos 329380
alloc_pos 329580
alloc_pos 329688
alloc_pos 329784
alloc_pos 329892
alloc_pos 329956
alloc_pos 330076
alloc_pos 330316
alloc_pos 330448
alloc_pos 330592
alloc_pos 330720
alloc_pos 330880
alloc_pos 330996
alloc_pos 331148
alloc_pos 331380
alloc_pos 331636
alloc_pos 331704
alloc_pos 331956
alloc_pos 332024
alloc_pos 332136
alloc_pos 332224
alloc_pos 332332
alloc_pos 332444
alloc_pos 332580
alloc_pos 332772
alloc_pos 332812
alloc_pos 332920
alloc_pos 333164
alloc_pos 333400
alloc_pos 333628
alloc_pos 333856
alloc_pos 334052
alloc_pos 334300
alloc_pos 334516
alloc_pos 334660
alloc_pos 334700
alloc_pos 334920
alloc_pos 335180
alloc_pos 335248
alloc_pos 335392
alloc_pos 335564
alloc_pos 335752
alloc_pos 335832
alloc_pos 335868
alloc_pos 335928
alloc_pos 336152
alloc_pos 336220
alloc_pos 336388
alloc_pos 336572
alloc_pos 336644
alloc_pos 336876
alloc_pos 337008
alloc_pos 337160
alloc_pos 337388
alloc_pos 337576
alloc_pos 337628
alloc_pos 337660
alloc_pos 337812
alloc_pos 337976
alloc_pos 338152
alloc_pos 338228
alloc_pos 338268
alloc_pos 338300
alloc_pos 338328
alloc_pos 338544
alloc_pos 338644
alloc_pos 338852
alloc_pos 339016
alloc_pos 339104
alloc_pos 339236
alloc_pos 339276
alloc_pos 339372
alloc_pos 339628
alloc_pos 339792
alloc_pos 339964
alloc_pos 340148
alloc_pos 340248
alloc_pos 340280
alloc_pos 340504
alloc_pos 340712
alloc_pos 340752
alloc_pos 340908
alloc_pos 341016
alloc_pos 341052
alloc_pos 341124
alloc_pos 341184
alloc_pos 341332
alloc_pos 341464
alloc_pos 341728
alloc_pos 341916
alloc_pos 342084
alloc_pos 342180
alloc_pos 342368
alloc_pos 342568
alloc_pos 342604
alloc_pos 342784
alloc_pos 342848
alloc_pos 343052
alloc_pos 343088
alloc_pos 343148
alloc_pos 343292
alloc_pos 343480
alloc_pos 343592
alloc_pos 343700
alloc_pos 343896
alloc_pos 343964
alloc_pos 344080
alloc_pos 344236
alloc_pos 344400
alloc_pos 344656
alloc_pos 344848
alloc_pos 344992
alloc_pos 345228
alloc_pos 345276
alloc_pos 345316
alloc_pos 345508
alloc_pos 345736
alloc_pos 345864
alloc_pos 345912
alloc_pos 346144
alloc_pos 346272
alloc_pos 346456
alloc_pos 346668
alloc_pos 346932
alloc_pos 346984
alloc_pos 347216
alloc_pos 347460
alloc_pos 347684
alloc_pos 347796
alloc_pos 348016
alloc_pos 348148
alloc_pos 348192
alloc_pos 348296
alloc_pos 348396
alloc_pos 348456
alloc_pos 348636
alloc_pos 348844
alloc_pos 348988
alloc_pos 349024
alloc_pos 349260
alloc_pos 349496
alloc_pos 349640
alloc_pos 349732
alloc_pos 349988
alloc_pos 350020
alloc_pos 350248
alloc_pos 350412
alloc_pos 350472
alloc_pos 350596
alloc_pos 350640
alloc_pos 350684
alloc_pos 350944
alloc_pos 351148
alloc_pos 351208
alloc_pos 351264
alloc_pos 351496
alloc_pos 351704
alloc_pos 351956
alloc_pos 352096
alloc_pos 352172
alloc_pos 352356
alloc_pos 352516
alloc_pos 352588
alloc_pos 352680
alloc_pos 352900
alloc_pos 352988
alloc_pos 353176
alloc_pos 353404
alloc_pos 353660
alloc_pos 353708
alloc_pos 353892
alloc_pos 353916
alloc_pos 354160
alloc_pos 354332
alloc_pos 354408
alloc_pos 354568
alloc_pos 354800
alloc_pos 354892
alloc_pos 355140
alloc_pos 355396
alloc_pos 355452
alloc_pos 355580
alloc_pos 355680
alloc_pos 355856
alloc_pos 356048
alloc_pos 356240
alloc_pos 356280
alloc_pos 356332
alloc_pos 356572
alloc_pos 356808
alloc_pos 357000
alloc_pos 357060
alloc_pos 357260
alloc_pos 357348
alloc_pos 357492
alloc_pos 357576
alloc_pos 357712
alloc_pos 357856
alloc_pos 357980
alloc_pos 358040
alloc_pos 358220
alloc_pos 358280
alloc_pos 358400
alloc_pos 358436
alloc_pos 358476
alloc_pos 358688
alloc_pos 358888
alloc_pos 359056
alloc_pos 359212
alloc_pos 359476
alloc_pos 359724
alloc_pos 359836
alloc_pos 360064
alloc_pos 360192
alloc_pos 360448
alloc_pos 360672
alloc_pos 360768
alloc_pos 360808
alloc_pos 360924
alloc_pos 361080
alloc_pos 361332
alloc_pos 361408
alloc_pos 361672
alloc_pos 361804
alloc_pos 361964
alloc_pos 362140
alloc_pos 362272
alloc_pos 362400
alloc_pos 362660
alloc_pos 362868
alloc_pos 362912
alloc_pos 363120
alloc_pos 363260
alloc_pos 363432
alloc_pos 363624
alloc_pos 363664
alloc_pos 363852
alloc_pos 363940
alloc_pos 363976
alloc_pos 364044
alloc_pos 364276
alloc_pos 364484
alloc_pos 364640
alloc_pos 364892
alloc_pos 365056
alloc_pos 365092
alloc_pos 365252
alloc_pos 365424
alloc_pos 365592
alloc_pos 365652
alloc_pos 365712
alloc_pos 365740
alloc_pos 365996
alloc_pos 366168
alloc_pos 366416
alloc_pos 366660
alloc_pos 366904
alloc_pos 367104
alloc_pos 367212
alloc_pos 367308
alloc_pos 367416
alloc_pos 367480
alloc_pos 367600
alloc_pos 367840
alloc_pos 367972
alloc_pos 368116
alloc_pos 368244
alloc_pos 368404
alloc_pos 368520
alloc_pos 368672
alloc_pos 368904
alloc_pos 369160
alloc_pos 369228
alloc_pos 369480
alloc_pos 369548
alloc_pos 369660
alloc_pos 369748
alloc_pos 369856
alloc_pos 369968
alloc_pos 370104
alloc_pos 370296
alloc_pos 370336
alloc_pos 370444
alloc_pos 370688
alloc_pos 370924
alloc_pos 371152
alloc_pos 371380
alloc_pos 371576
alloc_pos 371824
alloc_pos 372040
alloc_pos 372184
alloc_pos 372224
alloc_pos 372444
alloc_pos 372704
alloc_pos 372772
alloc_pos 372916
alloc_pos 373088
alloc_pos 373276
alloc_pos 373356
alloc_pos 373392
alloc_pos 373452
alloc_pos 373676
alloc_pos 373744
alloc_pos 373912
alloc_pos 374096
alloc_pos 374168
alloc_pos 374400
alloc_pos 374532
alloc_pos 374684
alloc_pos 374912
alloc_pos 375100
alloc_pos 375152
alloc_pos 375184
alloc_pos 375336
alloc_pos 375500
alloc_pos 375676
alloc_pos 375752
alloc_pos 375792
alloc_pos 375824
alloc_pos 375852
alloc_pos 376068
alloc_pos 376168
alloc_pos 376376
alloc_pos 376540
alloc_pos 376628
alloc_pos 376760
alloc_pos 376800
alloc_pos 376896
alloc_pos 377152
alloc_pos 377316
alloc_pos 377488
alloc_pos 377672
alloc_pos 377772
alloc_pos 377804
alloc_pos 378028
alloc_pos 378236
alloc_pos 378276
alloc_pos 378432
alloc_pos 378540
alloc_pos 378576
alloc_pos 378648
alloc_pos 378708
alloc_pos 378856
alloc_pos 378988
alloc_pos 379252
alloc_pos 379440
alloc_pos 379608
alloc_pos 379704
alloc_pos 379892
alloc_pos 380092
alloc_pos 380128
alloc_pos 380308
alloc_pos 380372
alloc_pos 380576
alloc_pos 380612
alloc_pos 380672
alloc_pos 380816
alloc_pos 381004
alloc_pos 381116
alloc_pos 381224
alloc_pos 381420
alloc_pos 381488
alloc_pos 381604
alloc_pos 381760
alloc_pos 381924
alloc_pos 382180
alloc_pos 382372
alloc_pos 382516
alloc_pos 382752
alloc_pos 382800
alloc_pos 382840
alloc_pos 383032
alloc_pos 383260
alloc_pos 383388
alloc_pos 383436
alloc_pos 383668
alloc_pos 383796
alloc_pos 383980
alloc_pos 384192
alloc_pos 384456
alloc_pos 384508
alloc_pos 384740
alloc_pos 384984
alloc_pos 385208
alloc_pos 385320
alloc_pos 385540
alloc_pos 385672
alloc_pos 385716
alloc_pos 385820
alloc_pos 385920
alloc_pos 385980
alloc_pos 386160
alloc_pos 386368
alloc_pos 386512
alloc_pos 386548
alloc_pos 386784
alloc_pos 387020
alloc_pos 387164
alloc_pos 387256
alloc_pos 387512
alloc_pos 387544
alloc_pos 387772
alloc_pos 387936
alloc_pos 387996
alloc_pos 388120
alloc_pos 388164
alloc_pos 388208
alloc_pos 388468
alloc_pos 388672
alloc_pos 388732
alloc_pos 388788
alloc_pos 389020
alloc_pos 389228
alloc_pos 389480
alloc_pos 389620
alloc_pos 389696
alloc_pos 389880
alloc_pos 390040
alloc_pos 390112
alloc_pos 390204
alloc_pos 390424
alloc_pos 390512
alloc_pos 390700
alloc_pos 390928
alloc_pos 391184
alloc_pos 391232
alloc_pos 391416
alloc_pos 391440
alloc_pos 391684
alloc_pos 391856
alloc_pos 391932
alloc_pos 392092
alloc_pos 392324
alloc_pos 392416
alloc_pos 392664
alloc_pos 392920
alloc_pos 392976
alloc_pos 393104
alloc_pos 393204
alloc_pos 393380
alloc_pos 393572
alloc_pos 393764
alloc_pos 393804
alloc_pos 393856
alloc_pos 394096
alloc_pos 394332
alloc_pos 394524
alloc_pos 394584
alloc_pos 394784
alloc_pos 394872
alloc_pos 395016
alloc_pos 395100
alloc_pos 395236
alloc_pos 395380
alloc_pos 395504
alloc_pos 395564
alloc_pos 395744
alloc_pos 395804
alloc_pos 395924
alloc_pos 395960
alloc_pos 396000
alloc_pos 396212
alloc_pos 396412
alloc_pos 396580
alloc_pos 396736
alloc_pos 397000
alloc_pos 397248
alloc_pos 397360
alloc_pos 397588
alloc_pos 397716
alloc_pos 397972
alloc_pos 398196
alloc_pos 398292
alloc_pos 398332
alloc_pos 398448
alloc_pos 398604
alloc_pos 398856
alloc_pos 398932
alloc_pos 399196
alloc_pos 399328
alloc_pos 399488
alloc_pos 399664
alloc_pos 399796
alloc_pos 399924
alloc_pos 400184
alloc_pos 400392
alloc_pos 400436
alloc_pos 400644
alloc_pos 400784
alloc_pos 400956
alloc_pos 401148
alloc_pos 401188
alloc_pos 401376
alloc_pos 401464
alloc_pos 401500
alloc_pos 401568
alloc_pos 401800
alloc_pos 402008
alloc_pos 402164
alloc_pos 402416
alloc_pos 402580
alloc_pos 402616
alloc_pos 402776
alloc_pos 402948
alloc_pos 403116
alloc_pos 403176
alloc_pos 403236
alloc_pos 403264
alloc_pos 403520
alloc_pos 403692
alloc_pos 403940
alloc_pos 404184
alloc_pos 404428
alloc_pos 404628
alloc_pos 404736
alloc_pos 404832
alloc_pos 404940
alloc_pos 405004
alloc_pos 405124
alloc_pos 405364
alloc_pos 405496
alloc_pos 405640
alloc_pos 405768
alloc_pos 405928
alloc_pos 406044
alloc_pos 406196
alloc_pos 406428
alloc_pos 406684
alloc_pos 406752
alloc_pos 407004
alloc_pos 407072
alloc_pos 407184
alloc_pos 407272
alloc_pos 407380
alloc_pos 407492
alloc_pos 407628
alloc_pos 407820
alloc_pos 407860
alloc_pos 407968
alloc_pos 408212
alloc_pos 408448
alloc_pos 408676
alloc_pos 408904
alloc_pos 409100
alloc_pos 409348
alloc_pos 409564
alloc_pos 409708
alloc_pos 409748
alloc_pos 409968
alloc_pos 410228
alloc_pos 410296
alloc_pos 410440
alloc_pos 410612
alloc_pos 410800
alloc_pos 410880
alloc_pos 410916
alloc_pos 410976
alloc_pos 411200
alloc_pos 411268
alloc_pos 411436
alloc_pos 411620
alloc_pos 411692
alloc_pos 411924
alloc_pos 412056
alloc_pos 412208
alloc_pos 412436
alloc_pos 412624
alloc_pos 412676
alloc_pos 412708
alloc_pos 412860
alloc_pos 413024
alloc_pos 413200
alloc_pos 413276
alloc_pos 413316
alloc_pos 413348
alloc_pos 413376
alloc_pos 413592
alloc_pos 413692
alloc_pos 413900
alloc_pos 414064
alloc_pos 414152
alloc_pos 414284
alloc_pos 414324
alloc_pos 414420
alloc_pos 414676
alloc_pos 414840
alloc_pos 415012
alloc_pos 415196
alloc_pos 415296
alloc_pos 415328
alloc_pos 415552
alloc_pos 415760
alloc_pos 415800
alloc_pos 415956
alloc_pos 416064
alloc_pos 416100
alloc_pos 416172
alloc_pos 416232
alloc_pos 416380
alloc_pos 416512
alloc_pos 416776
alloc_pos 416964
alloc_pos 417132
alloc_pos 417228
alloc_pos 417416
alloc_pos 417616
alloc_pos 417652
alloc_pos 417832
alloc_pos 417896
alloc_pos 418100
alloc_pos 418136
alloc_pos 418196
alloc_pos 418340
alloc_pos 418528
alloc_pos 418640
alloc_pos 418748
alloc_pos 418944
alloc_pos 419012
alloc_pos 419128
alloc_pos 419284
alloc_pos 419448
alloc_pos 419704
alloc_pos 419896
alloc_pos 420040
alloc_pos 420276
alloc_pos 420324
alloc_pos 420364
alloc_pos 420556
alloc_pos 420784
alloc_pos 420912
alloc_pos 420960
alloc_pos 421192
alloc_pos 421320
alloc_pos 421504
alloc_pos 421716
alloc_pos 421980
alloc_pos 422032
alloc_pos 422264
alloc_pos 422508
alloc_pos 422732
alloc_pos 422844
alloc_pos 423064
alloc_pos 423196
alloc_pos 423240
alloc_pos 423344
alloc_pos 423444
alloc_pos 423504
alloc_pos 423684
alloc_pos 423892
alloc_pos 424036
alloc_pos 424072
alloc_pos 424308
alloc_pos 424544
alloc_pos 424688
alloc_pos 424780
alloc_pos 425036
alloc_pos 425068
alloc_pos 425296
alloc_pos 425460
alloc_pos 425520
alloc_pos 425644
alloc_pos 425688
alloc_pos 425732
alloc_pos 425992
alloc_pos 426196
alloc_pos 426256
alloc_pos 426312
alloc_pos 426544
alloc_pos 426752
alloc_pos 427004
alloc_pos 427144
alloc_pos 427220
alloc_pos 427404
alloc_pos 427564
alloc_pos 427636
alloc_pos 427728
alloc_pos 427948
alloc_pos 428036
alloc_pos 428224
alloc_pos 428452
alloc_pos 428708
alloc_pos 428756
alloc_pos 428940
alloc_pos 428964
alloc_pos 429208
alloc_pos 429380
alloc_pos 429456
alloc_pos 429616
alloc_pos 429848
alloc_pos 429940
alloc_pos 430188
alloc_pos 430444
alloc_pos 430500
alloc_pos 430628
alloc_pos 430728
alloc_pos 430904
alloc_pos 431096
alloc_pos 431288
alloc_pos 431328
alloc_pos 431380
alloc_pos 431620
alloc_pos 431856
alloc_pos 432048
alloc_pos 432108
alloc_pos 432308
alloc_pos 432396
alloc_pos 432540
alloc_pos 432624
alloc_pos 432760
alloc_pos 432904
alloc_pos 433028
alloc_pos 433088
alloc_pos 433268
alloc_pos 433328
alloc_pos 433448
alloc_pos 433484
alloc_pos 433524
alloc_pos 433736
alloc_pos 433936
alloc_pos 434104
alloc_pos 434260
alloc_pos 434524
alloc_pos 434772
alloc_pos 434884
alloc_pos 435112
alloc_pos 435240
alloc_pos 435496
alloc_pos 435720
alloc_pos 435816
alloc_pos 435856
alloc_pos 435972
alloc_pos 436128
alloc_pos 436380
alloc_pos 436456
alloc_pos 436720
alloc_pos 436852
alloc_pos 437012
alloc_pos 437188
alloc_pos 437320
alloc_pos 437448
alloc_pos 437708
alloc_pos 437916
alloc_pos 437960
alloc_pos 438168
alloc_pos 438308
alloc_pos 438480
alloc_pos 438672
alloc_pos 438712
alloc_pos 438900
alloc_pos 438988
alloc_pos 439024
alloc_pos 439092
alloc_pos 439324
alloc_pos 439532
alloc_pos 439688
alloc_pos 439940
alloc_pos 440104
alloc_pos 440140
alloc_pos 440300
alloc_pos 440472
alloc_pos 440640
alloc_pos 440700
alloc_pos 440760
alloc_pos 440788
alloc_pos 441044
alloc_pos 441216
alloc_pos 441464
alloc_pos 441708
alloc_pos 441952
alloc_pos 442152
alloc_pos 442260
alloc_pos 442356
alloc_pos 442464
alloc_pos 442528
alloc_pos 442648
alloc_pos 442888
alloc_pos 443020
alloc_pos 443164
alloc_pos 443292
alloc_pos 443452
alloc_pos 443568
alloc_pos 443720
alloc_pos 443952
alloc_pos 444208
alloc_pos 444276
alloc_pos 444528
alloc_pos 444596
alloc_pos 444708
alloc_pos 444796
alloc_pos 444904
alloc_pos 445016
alloc_pos 445152
alloc_pos 445344
alloc_pos 445384
alloc_pos 445492
alloc_pos 445736
alloc_pos 445972
alloc_pos 446200
alloc_pos 446428
alloc_pos 446624
alloc_pos 446872
alloc_pos 447088
alloc_pos 447232
alloc_pos 447272
alloc_pos 447492
alloc_pos 447752
alloc_pos 447820
alloc_pos 447964
alloc_pos 448136
alloc_pos 448324
alloc_pos 448404
alloc_pos 448440
alloc_pos 448500
alloc_pos 448724
alloc_pos 448792
alloc_pos 448960
alloc_pos 449144
alloc_pos 449216
alloc_pos 449448
alloc_pos 449580
alloc_pos 449732
alloc_pos 449960
alloc_pos 450148
alloc_pos 450200
alloc_pos 450232
alloc_pos 450384
alloc_pos 450548
alloc_pos 450724
alloc_pos 450800
alloc_pos 450840
alloc_pos 450872
alloc_pos 450900
alloc_pos 451116
alloc_pos 451216
alloc_pos 451424
alloc_pos 451588
alloc_pos 451676
alloc_pos 451808
alloc_pos 451848
alloc_pos 451944
alloc_pos 452200
alloc_pos 452364
alloc_pos 452536
alloc_pos 452720
alloc_pos 452820
alloc_pos 452852
alloc_pos 453076
alloc_pos 453284
alloc_pos 453324
alloc_pos 453480
alloc_pos 453588
alloc_pos 453624
alloc_pos 453696
alloc_pos 453756
alloc_pos 453904
alloc_pos 454036
alloc_pos 454300
alloc_pos 454488
alloc_pos 454656
alloc_pos 454752
alloc_pos 454940
alloc_pos 455140
alloc_pos 455176
alloc_pos 455356
alloc_pos 455420
alloc_pos 455624
alloc_pos 455660
alloc_pos 455720
alloc_pos 455864
alloc_pos 456052
alloc_pos 456164
alloc_pos 456272
alloc_pos 456468
alloc_pos 456536
alloc_pos 456652
alloc_pos 456808
alloc_pos 456972
alloc_pos 457228
alloc_pos 457420
alloc_pos 457564
alloc_pos 457800
alloc_pos 457848
alloc_pos 457888
alloc_pos 458080
alloc_pos 458308
alloc_pos 458436
alloc_pos 458484
alloc_pos 458716
alloc_pos 458844
alloc_pos 459028
alloc_pos 459240
alloc_pos 459504
alloc_pos 459556
alloc_pos 459788
alloc_pos 460032
alloc_pos 460256
alloc_pos 460368
alloc_pos 460588
alloc_pos 460720
alloc_pos 460764
alloc_pos 460868
alloc_pos 460968
alloc_pos 461028
alloc_pos 461208
alloc_pos 461416
alloc_pos 461560
alloc_pos 461596
alloc_pos 461832
alloc_pos 462068
alloc_pos 462212
alloc_pos 462304
alloc_pos 462560
alloc_pos 462592
alloc_pos 462820
alloc_pos 462984
alloc_pos 463044
alloc_pos 463168
alloc_pos 463212
alloc_pos 463256
alloc_pos 463516
alloc_pos 463720
alloc_pos 463780
alloc_pos 463836
alloc_pos 464068
alloc_pos 464276
alloc_pos 464528
alloc_pos 464668
alloc_pos 464744
alloc_pos 464928
alloc_pos 465088
alloc_pos 465160
alloc_pos 465252
alloc_pos 465472
alloc_pos 465560
alloc_pos 465748
alloc_pos 465976
alloc_pos 466232
alloc_pos 466280
alloc_pos 466464
alloc_pos 466488
alloc_pos 466732
alloc_pos 466904
alloc_pos 466980
alloc_pos 467140
alloc_pos 467372
alloc_pos 467464
alloc_pos 467712
alloc_pos 467968
alloc_pos 468024
alloc_pos 468152
alloc_pos 468252
alloc_pos 468428
alloc_pos 468620
alloc_pos 468812
alloc_pos 468852
alloc_pos 468904
alloc_pos 469144
alloc_pos 469380
alloc_pos 469572
alloc_pos 469632
alloc_pos 469832
alloc_pos 469920
alloc_pos 470064
alloc_pos 470148
alloc_pos 470284
alloc_pos 470428
alloc_pos 470552
alloc_pos 470612
alloc_pos 470792
alloc_pos 470852
alloc_pos 470972
alloc_pos 471008
alloc_pos 471048
alloc_pos 471260
alloc_pos 471460
alloc_pos 471628
alloc_pos 471784
alloc_pos 472048
alloc_pos 472296
alloc_pos 472408
alloc_pos 472636
alloc_pos 472764
alloc_pos 473020
alloc_pos 473244
alloc_pos 473340
alloc_pos 473380
alloc_pos 473496
alloc_pos 473652
alloc_pos 473904
alloc_pos 473980
alloc_pos 474244
alloc_pos 474376
alloc_pos 474536
alloc_pos 474712
alloc_pos 474844
alloc_pos 474972
alloc_pos 475232
alloc_pos 475440
alloc_pos 475484
alloc_pos 475692
alloc_pos 475832
alloc_pos 476004
alloc_pos 476196
alloc_pos 476236
alloc_pos 476424
alloc_pos 476512
alloc_pos 476548
alloc_pos 476616
alloc_pos 476848
alloc_pos 477056
alloc_pos 477212
alloc_pos 477464
alloc_pos 477628
alloc_pos 477664
alloc_pos 477824
alloc_pos 477996
alloc_pos 478164
alloc_pos 478224
alloc_pos 478284
alloc_pos 478312
alloc_pos 478568
alloc_pos 478740
alloc_pos 478988
alloc_pos 479232
alloc_pos 479476
alloc_pos 479676
alloc_pos 479784
alloc_pos 479880
alloc_pos 479988
alloc_pos 480052
alloc_pos 480172
alloc_pos 480412
alloc_pos 480544
alloc_pos 480688
alloc_pos 480816
alloc_pos 480976
alloc_pos 481092
alloc_pos 481244
alloc_pos 481476
alloc_pos 481732
alloc_pos 481800
alloc_pos 482052
alloc_pos 482120
alloc_pos 482232
alloc_pos 482320
alloc_pos 482428
alloc_pos 482540
alloc_pos 482676
alloc_pos 482868
alloc_pos 482908
alloc_pos 483016
alloc_pos 483260
alloc_pos 483496
alloc_pos 483724
alloc_pos 483952
alloc_pos 484148
alloc_pos 484396
alloc_pos 484612
alloc_pos 484756
alloc_pos 484796
alloc_pos 485016
alloc_pos 485276
alloc_pos 485344
alloc_pos 485488
alloc_pos 485660
alloc_pos 485848
alloc_pos 485928
alloc_pos 485964
alloc_pos 486024
alloc_pos 486248
alloc_pos 486316
alloc_pos 486484
alloc_pos 486668
alloc_pos 486740
alloc_pos 486972
alloc_pos 487104
alloc_pos 487256
alloc_pos 487484
alloc_pos 487672
alloc_pos 487724
alloc_pos 487756
alloc_pos 487908
alloc_pos 488072
alloc_pos 488248
alloc_pos 488324
alloc_pos 488364
alloc_pos 488396
alloc_pos 488424
alloc_pos 488640
alloc_pos 488740
alloc_pos 488948
alloc_pos 489112
alloc_pos 489200
alloc_pos 489332
alloc_pos 489372
alloc_pos 489468
alloc_pos 489724
alloc_pos 489888
alloc_pos 490060
alloc_pos 490244
alloc_pos 490344
alloc_pos 490376
alloc_pos 490600
alloc_pos 490808
alloc_pos 490848
alloc_pos 491004
alloc_pos 491112
alloc_pos 491148
alloc_pos 491220
alloc_pos 491280
alloc_pos 491428
alloc_pos 491560
alloc_pos 491824
alloc_pos 492012
alloc_pos 492180
alloc_pos 492276
alloc_pos 492464
alloc_pos 492664
alloc_pos 492700
alloc_pos 492880
alloc_pos 492944
alloc_pos 493148
alloc_pos 493184
alloc_pos 493244
alloc_pos 493388
alloc_pos 493576
alloc_pos 493688
alloc_pos 493796
alloc_pos 493992
alloc_pos 494060
alloc_pos 494176
alloc_pos 494332
alloc_pos 494496
alloc_pos 494752
alloc_pos 494944
alloc_pos 495088
alloc_pos 495324
alloc_pos 495372
alloc_pos 495412
alloc_pos 495604
alloc_pos 495832
alloc_pos 495960
alloc_pos 496008
alloc_pos 496240
alloc_pos 496368
alloc_pos 496552
alloc_pos 496764
alloc_pos 497028
alloc_pos 497080
alloc_pos 497312
alloc_pos 497556
alloc_pos 497780
alloc_pos 497892
alloc_pos 498112
alloc_pos 498244
alloc_pos 498288
alloc_pos 498392
alloc_pos 498492
alloc_pos 498552
alloc_pos 498732
alloc_pos 498940
alloc_pos 499084
alloc_pos 499120
alloc_pos 499356
alloc_pos 499592
alloc_pos 499736
alloc_pos 499828
alloc_pos 500084
alloc_pos 500116
alloc_pos 500344
alloc_pos 500508
alloc_pos 500568
alloc_pos 500692
alloc_pos 500736
alloc_pos 500780
alloc_pos 501040
alloc_pos 501244
alloc_pos 501304
alloc_pos 501360
alloc_pos 501592
alloc_pos 501800
alloc_pos 502052
alloc_pos 502192
alloc_pos 502268
alloc_pos 502452
alloc_pos 502612
alloc_pos 502684
alloc_pos 502776
alloc_pos 502996
alloc_pos 503084
alloc_pos 503272
alloc_pos 503500
alloc_pos 503756
alloc_pos 503804
alloc_pos 503988
alloc_pos 504012
alloc_pos 504256
alloc_pos 504428
alloc_pos 504504
alloc_pos 504664
alloc_pos 504896
alloc_pos 504988
alloc_pos 505236
alloc_pos 505492
alloc_pos 505548
alloc_pos 505676
alloc_pos 505776
alloc_pos 505952
alloc_pos 506144
alloc_pos 506336
alloc_pos 506376
alloc_pos 506428
alloc_pos 506668
alloc_pos 506904
alloc_pos 507096
alloc_pos 507156
alloc_pos 507356
alloc_pos 507444
alloc_pos 507588
alloc_pos 507672
alloc_pos 507808
alloc_pos 507952
alloc_pos 508076
alloc_pos 508136
alloc_pos 508316
alloc_pos 508376
alloc_pos 508496
alloc_pos 508532
alloc_pos 508572
alloc_pos 508784
alloc_pos 508984
alloc_pos 509152
alloc_pos 509308
alloc_pos 509572
alloc_pos 509820
alloc_pos 509932
alloc_pos 510160
alloc_pos 510288
alloc_pos 510544
alloc_pos 510768
alloc_pos 510864
alloc_pos 510904
alloc_pos 511020
alloc_pos 511176
alloc_pos 511428
alloc_pos 511504
alloc_pos 511768
alloc_pos 511900
alloc_pos 512060
alloc_pos 512236
alloc_pos 512368
alloc_pos 512496
alloc_pos 512756
alloc_pos 512964
alloc_pos 513008
alloc_pos 513216
alloc_pos 513356
alloc_pos 513528
alloc_pos 513720
alloc_pos 513760
alloc_pos 513948
alloc_pos 514036
alloc_pos 514072
alloc_pos 514140
alloc_pos 514372
alloc_pos 514580
alloc_pos 514736
alloc_pos 514988
alloc_pos 515152
alloc_pos 515188
alloc_pos 515348
alloc_pos 515520
alloc_pos 515688
alloc_pos 515748
alloc_pos 515808
alloc_pos 515836
alloc_pos 516092
alloc_pos 516264
alloc_pos 516512
alloc_pos 516756
alloc_pos 517000
alloc_pos 517200
alloc_pos 517308
alloc_pos 517404
alloc_pos 517512
alloc_pos 517576
alloc_pos 517696
alloc_pos 517936
alloc_pos 518068
alloc_pos 518212
alloc_pos 518340
alloc_pos 518500
alloc_pos 518616
alloc_pos 518768
alloc_pos 519000
alloc_pos 519256
alloc_pos 519324
alloc_pos 519576
alloc_pos 519644
alloc_pos 519756
alloc_pos 519844
alloc_pos 519952
alloc_pos 520064
alloc_pos 520200
alloc_pos 520392
alloc_pos 520432
alloc_pos 520540
alloc_pos 520784
alloc_pos 521020
alloc_pos 521248
alloc_pos 521476
alloc_pos 521672
alloc_pos 521920
alloc_pos 522136
alloc_pos 522280
alloc_pos 522320
alloc_pos 522540
alloc_pos 522800
alloc_pos 522868
alloc_pos 523012
alloc_pos 523184
alloc_pos 523372
alloc_pos 523452
alloc_pos 523488
alloc_pos 523548
alloc_pos 523772
alloc_pos 523840
alloc_pos 524008
alloc_pos 524192
alloc_pos -1

