reason: unexpected exit code -6
--- stdout ---
CHENEY GENERATOR!
--- stderr ---
alloc_pos 8
alloc_pos 1040
alloc_pos 2072
alloc_pos 3104
alloc_pos 4136
alloc_pos 5168
alloc_pos 5432
alloc_pos 5536
alloc_pos 5800
alloc_pos 5860
alloc_pos 5984
alloc_pos 6172
alloc_pos 6208
alloc_pos 6248
alloc_pos 6480
alloc_pos 6640
alloc_pos 6688
alloc_pos 6804
alloc_pos 6976
alloc_pos 7012
alloc_pos 7268
alloc_pos 7420
alloc_pos 7496
alloc_pos 7528
alloc_pos 7572
alloc_pos 7704
alloc_pos 7832
alloc_pos 7872
alloc_pos 7956
alloc_pos 8000
alloc_pos 8164
alloc_pos 8296
alloc_pos 8332
alloc_pos 8564
alloc_pos 8732
alloc_pos 8784
alloc_pos 9048
alloc_pos 9128
alloc_pos 9312
alloc_pos 9496
alloc_pos 9668
alloc_pos 9932
alloc_pos 9968
alloc_pos 10136
alloc_pos 10308
alloc_pos 10432
alloc_pos 10468
alloc_pos 10548
alloc_pos 10580
alloc_pos 10744
alloc_pos 10984
alloc_pos 11040
alloc_pos 11136
alloc_pos 11264
alloc_pos 11324
alloc_pos 11484
alloc_pos 11536
alloc_pos 11704
alloc_pos 11804
alloc_pos 11968
alloc_pos 12200
alloc_pos 12396
alloc_pos 12464
alloc_pos 12512
alloc_pos 12684
alloc_pos 12852
alloc_pos 13036
alloc_pos 13108
alloc_pos 13224
alloc_pos 13272
alloc_pos 13436
alloc_pos 13640
alloc_pos 13680
alloc_pos 13848
alloc_pos 13884
alloc_pos 14064
alloc_pos 14140
alloc_pos 14288
alloc_pos 14484
alloc_pos 14644
alloc_pos 14776
alloc_pos 14996
alloc_pos 15100
alloc_pos 15240
alloc_pos 15412
alloc_pos 15672
alloc_pos 15812
alloc_pos 15928
alloc_pos 16028
alloc_pos 16112
alloc_pos 16336
alloc_pos 16404
alloc_pos 16604
alloc_pos 16824
alloc_pos 16908
alloc_pos 16952
alloc_pos 17120
alloc_pos 17220
alloc_pos 17376
alloc_pos 17524
alloc_pos 17772
alloc_pos 17880
alloc_pos 18088
alloc_pos 18224
alloc_pos 18320
alloc_pos 18496
alloc_pos 18536
alloc_pos 18588
alloc_pos 18740
alloc_pos 18868
alloc_pos 18932
alloc_pos 19148
alloc_pos 19256
alloc_pos 19316
alloc_pos 19576
alloc_pos 19724
alloc_pos 19852
alloc_pos 19884
alloc_pos 20076
alloc_pos 20116
alloc_pos 20332
alloc_pos 20496
alloc_pos 20664
alloc_pos 20888
alloc_pos 21136
alloc_pos 21368
alloc_pos 21472
alloc_pos 21580
alloc_pos 21780
alloc_pos 21892
alloc_pos 22068
alloc_pos 22216
alloc_pos 22388
alloc_pos 22616
alloc_pos 22756
alloc_pos 22796
alloc_pos 23032
alloc_pos 23076
alloc_pos 23340
alloc_pos 23432
alloc_pos 23576
alloc_pos 23776
alloc_pos 23968
alloc_pos 24008
alloc_pos 24044
alloc_pos 24252
alloc_pos 24452
alloc_pos 24552
alloc_pos 24740
alloc_pos 24908
alloc_pos 25104
alloc_pos 25336
alloc_pos 25472
alloc_pos 25568
alloc_pos 25772
alloc_pos 25892
alloc_pos 26140
alloc_pos 26332
alloc_pos 26444
alloc_pos 26472
alloc_pos 26736
alloc_pos 26876
alloc_pos 26988
alloc_pos 27052
alloc_pos 27232
alloc_pos 27284
alloc_pos 27432
alloc_pos 27468
alloc_pos 27544
alloc_pos 27764
alloc_pos 27860
alloc_pos 27916
alloc_pos 28128
alloc_pos 28212
alloc_pos 28336
alloc_pos 28460
alloc_pos 28716
alloc_pos 28960
alloc_pos 29108
alloc_pos 29152
alloc_pos 29216
alloc_pos 29352
alloc_pos 29476
alloc_pos 29640
alloc_pos 29732
alloc_pos 29980
alloc_pos 30036
alloc_pos 30268
alloc_pos 30400
alloc_pos 30644
alloc_pos 30808
alloc_pos 30900
alloc_pos 31104
alloc_pos 31232
alloc_pos 31344
alloc_pos 31540
alloc_pos 31788
alloc_pos 31908
alloc_pos 31988
alloc_pos 32048
alloc_pos 32092
alloc_pos 32160
alloc_pos 32220
alloc_pos 32300
alloc_pos 32492
alloc_pos 32572
alloc_pos 32596
alloc_pos 32744
alloc_pos 32980
alloc_pos 33152
alloc_pos 33220
alloc_pos 33308
alloc_pos 33404
alloc_pos 33428
alloc_pos 33488
alloc_pos 33616
alloc_pos 33776
alloc_pos 33892
alloc_pos 34072
alloc_pos 34240
alloc_pos 34344
alloc_pos 34608
alloc_pos 34664
alloc_pos 34864
alloc_pos 35104
alloc_pos 35256
alloc_pos 35520
alloc_pos 35700
alloc_pos 35888
alloc_pos 36084
alloc_pos 36296
alloc_pos 36332
alloc_pos 36472
alloc_pos 36724
alloc_pos 36968
alloc_pos 37188
alloc_pos 37452
alloc_pos 37696
alloc_pos 37892
alloc_pos 38120
alloc_pos 38284
alloc_pos 38408
alloc_pos 38532
alloc_pos 38656
alloc_pos 38780
alloc_pos 38828
alloc_pos 38972
alloc_pos 39156
alloc_pos 39280
alloc_pos 39316
alloc_pos 39388
alloc_pos 39428
alloc_pos 39504
alloc_pos 39640
alloc_pos 39704
alloc_pos 39756
alloc_pos 39864
alloc_pos 40040
alloc_pos 40076
alloc_pos 40124
alloc_pos 40148
alloc_pos 40316
alloc_pos 40376
alloc_pos 40480
alloc_pos 40744
alloc_pos 40804
alloc_pos 40928
alloc_pos 41116
alloc_pos 41152
alloc_pos 41192
alloc_pos 41424
alloc_pos 41584
alloc_pos 41632
alloc_pos 41748
alloc_pos 41920
alloc_pos 41956
alloc_pos 42212
alloc_pos 42364
alloc_pos 42440
alloc_pos 42472
alloc_pos 42516
alloc_pos 42648
alloc_pos 42776
alloc_pos 42816
alloc_pos 42900
alloc_pos 42944
alloc_pos 43108
alloc_pos 43240
alloc_pos 43276
alloc_pos 43508
alloc_pos 43676
alloc_pos 43728
alloc_pos 43992
alloc_pos 44072
alloc_pos 44256
alloc_pos 44440
alloc_pos 44612
alloc_pos 44876
alloc_pos 44912
alloc_pos 45080
alloc_pos 45252
alloc_pos 45376
alloc_pos 45412
alloc_pos 45492
alloc_pos 45524
alloc_pos 45688
alloc_pos 45928
alloc_pos 45984
alloc_pos 46080
alloc_pos 46208
alloc_pos 46268
alloc_pos 46428
alloc_pos 46480
alloc_pos 46648
alloc_pos 46748
alloc_pos 46912
alloc_pos 47144
alloc_pos 47340
alloc_pos 47408
alloc_pos 47456
alloc_pos 47628
alloc_pos 47796
alloc_pos 47980
alloc_pos 48052
alloc_pos 48168
alloc_pos 48216
alloc_pos 48380
alloc_pos 48584
alloc_pos 48624
alloc_pos 48792
alloc_pos 48828
alloc_pos 49008
alloc_pos 49084
alloc_pos 49232
alloc_pos 49428
alloc_pos 49588
alloc_pos 49720
alloc_pos 49940
alloc_pos 50044
alloc_pos 50184
alloc_pos 50356
alloc_pos 50616
alloc_pos 50756
alloc_pos 50872
alloc_pos 50972
alloc_pos 51056
alloc_pos 51280
alloc_pos 51348
alloc_pos 51548
alloc_pos 51768
alloc_pos 51852
alloc_pos 51896
alloc_pos 52064
alloc_pos 52164
alloc_pos 52320
alloc_pos 52468
alloc_pos 52716
alloc_pos 52824
alloc_pos 53032
alloc_pos 53168
alloc_pos 53264
alloc_pos 53440
alloc_pos 53480
alloc_pos 53532
alloc_pos 53684
alloc_pos 53812
alloc_pos 53876
alloc_pos 54092
alloc_pos 54200
alloc_pos 54260
alloc_pos 54520
alloc_pos 54668
alloc_pos 54796
alloc_pos 54828
alloc_pos 55020
alloc_pos 55060
alloc_pos 55276
alloc_pos 55440
alloc_pos 55608
alloc_pos 55832
alloc_pos 56080
alloc_pos 56312
alloc_pos 56416
alloc_pos 56524
alloc_pos 56724
alloc_pos 56836
alloc_pos 57012
alloc_pos 57160
alloc_pos 57332
alloc_pos 57560
alloc_pos 57700
alloc_pos 57740
alloc_pos 57976
alloc_pos 58020
alloc_pos 58284
alloc_pos 58376
alloc_pos 58520
alloc_pos 58720
alloc_pos 58912
alloc_pos 58952
alloc_pos 58988
alloc_pos 59196
alloc_pos 59396
alloc_pos 59496
alloc_pos 59684
alloc_pos 59852
alloc_pos 60048
alloc_pos 60280
alloc_pos 60416
alloc_pos 60512
alloc_pos 60716
alloc_pos 60836
alloc_pos 61084
alloc_pos 61276
alloc_pos 61388
alloc_pos 61416
alloc_pos 61680
alloc_pos 61820
alloc_pos 61932
alloc_pos 61996
alloc_pos 62176
alloc_pos 62228
alloc_pos 62376
alloc_pos 62412
alloc_pos 62488
alloc_pos 62708
alloc_pos 62804
alloc_pos 62860
alloc_pos 63072
alloc_pos 63156
alloc_pos 63280
alloc_pos 63404
alloc_pos 63660
alloc_pos 63904
alloc_pos 64052
alloc_pos 64096
alloc_pos 64160
alloc_pos 64296
alloc_pos 64420
alloc_pos 64584
alloc_pos 64676
alloc_pos 64924
alloc_pos 64980
alloc_pos 65212
alloc_pos 65344
alloc_pos 65588
alloc_pos 65752
alloc_pos 65844
alloc_pos 66048
alloc_pos 66176
alloc_pos 66288
alloc_pos 66484
alloc_pos 66732
alloc_pos 66852
alloc_pos 66932
alloc_pos 66992
alloc_pos 67036
alloc_pos 67104
alloc_pos 67164
alloc_pos 67244
alloc_pos 67436
alloc_pos 67516
alloc_pos 67540
alloc_pos 67688
alloc_pos 67924
alloc_pos 68096
alloc_pos 68164
alloc_pos 68252
alloc_pos 68348
alloc_pos 68372
alloc_pos 68432
alloc_pos 68560
alloc_pos 68720
alloc_pos 68836
alloc_pos 69016
alloc_pos 69184
alloc_pos 69288
alloc_pos 69552
alloc_pos 69608
alloc_pos 69808
alloc_pos 70048
alloc_pos 70200
alloc_pos 70464
alloc_pos 70644
alloc_pos 70832
alloc_pos 71028
alloc_pos 71240
alloc_pos 71276
alloc_pos 71416
alloc_pos 71668
alloc_pos 71912
alloc_pos 72132
alloc_pos 72396
alloc_pos 72640
alloc_pos 72836
alloc_pos 73064
alloc_pos 73228
alloc_pos 73352
alloc_pos 73476
alloc_pos 73600
alloc_pos 73724
alloc_pos 73772
alloc_pos 73916
alloc_pos 74100
alloc_pos 74224
alloc_pos 74260
alloc_pos 74332
alloc_pos 74372
alloc_pos 74448
alloc_pos 74584
alloc_pos 74648
alloc_pos 74700
alloc_pos 74808
alloc_pos 74984
alloc_pos 75020
alloc_pos 75068
alloc_pos 75092
alloc_pos 75260
alloc_pos 75320
alloc_pos 75424
alloc_pos 75688
alloc_pos 75748
alloc_pos 75872
alloc_pos 76060
alloc_pos 76096
alloc_pos 76136
alloc_pos 76368
alloc_pos 76528
alloc_pos 76576
alloc_pos 76692
alloc_pos 76864
alloc_pos 76900
alloc_pos 77156
alloc_pos 77308
alloc_pos 77384
alloc_pos 77416
alloc_pos 77460
alloc_pos 77592
alloc_pos 77720
alloc_pos 77760
alloc_pos 77844
alloc_pos 77888
alloc_pos 78052
alloc_pos 78184
alloc_pos 78220
alloc_pos 78452
alloc_pos 78620
alloc_pos 78672
alloc_pos 78936
alloc_pos 79016
alloc_pos 79200
alloc_pos 79384
alloc_pos 79556
alloc_pos 79820
alloc_pos 79856
alloc_pos 80024
alloc_pos 80196
alloc_pos 80320
alloc_pos 80356
alloc_pos 80436
alloc_pos 80468
alloc_pos 80632
alloc_pos 80872
alloc_pos 80928
alloc_pos 81024
alloc_pos 81152
alloc_pos 81212
alloc_pos 81372
alloc_pos 81424
alloc_pos 81592
alloc_pos 81692
alloc_pos 81856
alloc_pos 82088
alloc_pos 82284
alloc_pos 82352
alloc_pos 82400
alloc_pos 82572
alloc_pos 82740
alloc_pos 82924
alloc_pos 82996
alloc_pos 83112
alloc_pos 83160
alloc_pos 83324
alloc_pos 83528
alloc_pos 83568
alloc_pos 83736
alloc_pos 83772
alloc_pos 83952
alloc_pos 84028
alloc_pos 84176
alloc_pos 84372
alloc_pos 84532
alloc_pos 84664
alloc_pos 84884
alloc_pos 84988
alloc_pos 85128
alloc_pos 85300
alloc_pos 85560
alloc_pos 85700
alloc_pos 85816
alloc_pos 85916
alloc_pos 86000
alloc_pos 86224
alloc_pos 86292
alloc_pos 86492
alloc_pos 86712
alloc_pos 86796
alloc_pos 86840
alloc_pos 87008
alloc_pos 87108
alloc_pos 87264
alloc_pos 87412
alloc_pos 87660
alloc_pos 87768
alloc_pos 87976
alloc_pos 88112
alloc_pos 88208
alloc_pos 88384
alloc_pos 88424
alloc_pos 88476
alloc_pos 88628
alloc_pos 88756
alloc_pos 88820
alloc_pos 89036
alloc_pos 89144
alloc_pos 89204
alloc_pos 89464
alloc_pos 89612
alloc_pos 89740
alloc_pos 89772
alloc_pos 89964
alloc_pos 90004
alloc_pos 90220
alloc_pos 90384
alloc_pos 90552
alloc_pos 90776
alloc_pos 91024
alloc_pos 91256
alloc_pos 91360
alloc_pos 91468
alloc_pos 91668
alloc_pos 91780
alloc_pos 91956
alloc_pos 92104
alloc_pos 92276
alloc_pos 92504
alloc_pos 92644
alloc_pos 92684
alloc_pos 92920
alloc_pos 92964
alloc_pos 93228
alloc_pos 93320
alloc_pos 93464
alloc_pos 93664
alloc_pos 93856
alloc_pos 93896
alloc_pos 93932
alloc_pos 94140
alloc_pos 94340
alloc_pos 94440
alloc_pos 94628
alloc_pos 94796
alloc_pos 94992
alloc_pos 95224
alloc_pos 95360
alloc_pos 95456
alloc_pos 95660
alloc_pos 95780
alloc_pos 96028
alloc_pos 96220
alloc_pos 96332
alloc_pos 96360
alloc_pos 96624
alloc_pos 96764
alloc_pos 96876
alloc_pos 96940
alloc_pos 97120
alloc_pos 97172
alloc_pos 97320
alloc_pos 97356
alloc_pos 97432
alloc_pos 97652
alloc_pos 97748
alloc_pos 97804
alloc_pos 98016
alloc_pos 98100
alloc_pos 98224
alloc_pos 98348
alloc_pos 98604
alloc_pos 98848
alloc_pos 98996
alloc_pos 99040
alloc_pos 99104
alloc_pos 99240
alloc_pos 99364
alloc_pos 99528
alloc_pos 99620
alloc_pos 99868
alloc_pos 99924
alloc_pos 100156
alloc_pos 100288
alloc_pos 100532
alloc_pos 100696
alloc_pos 100788
alloc_pos 100992
alloc_pos 101120
alloc_pos 101232
alloc_pos 101428
alloc_pos 101676
alloc_pos 101796
alloc_pos 101876
alloc_pos 101936
alloc_pos 101980
alloc_pos 102048
alloc_pos 102108
alloc_pos 102188
alloc_pos 102380
alloc_pos 102460
alloc_pos 102484
alloc_pos 102632
alloc_pos 102868
alloc_pos 103040
alloc_pos 103108
alloc_pos 103196
alloc_pos 103292
alloc_pos 103316
alloc_pos 103376
alloc_pos 103504
alloc_pos 103664
alloc_pos 103780
alloc_pos 103960
alloc_pos 104128
alloc_pos 104232
alloc_pos 104496
alloc_pos 104552
alloc_pos 104752
alloc_pos 104992
alloc_pos 105144
alloc_pos 105408
alloc_pos 105588
alloc_pos 105776
alloc_pos 105972
alloc_pos 106184
alloc_pos 106220
alloc_pos 106360
alloc_pos 106612
alloc_pos 106856
alloc_pos 107076
alloc_pos 107340
alloc_pos 107584
alloc_pos 107780
alloc_pos 108008
alloc_pos 108172
alloc_pos 108296
alloc_pos 108420
alloc_pos 108544
alloc_pos 108668
alloc_pos 108716
alloc_pos 108860
alloc_pos 109044
alloc_pos 109168
alloc_pos 109204
alloc_pos 109276
alloc_pos 109316
alloc_pos 109392
alloc_pos 109528
alloc_pos 109592
alloc_pos 109644
alloc_pos 109752
alloc_pos 109928
alloc_pos 109964
alloc_pos 110012
alloc_pos 110036
alloc_pos 110204
alloc_pos 110264
alloc_pos 110368
alloc_pos 110632
alloc_pos 110692
alloc_pos 110816
alloc_pos 111004
alloc_pos 111040
alloc_pos 111080
alloc_pos 111312
alloc_pos 111472
alloc_pos 111520
alloc_pos 111636
alloc_pos 111808
alloc_pos 111844
alloc_pos 112100
alloc_pos 112252
alloc_pos 112328
alloc_pos 112360
alloc_pos 112404
alloc_pos 112536
alloc_pos 112664
alloc_pos 112704
alloc_pos 112788
alloc_pos 112832
alloc_pos 112996
alloc_pos 113128
alloc_pos 113164
alloc_pos 113396
alloc_pos 113564
alloc_pos 113616
alloc_pos 113880
alloc_pos 113960
alloc_pos 114144
alloc_pos 114328
alloc_pos 114500
alloc_pos 114764
alloc_pos 114800
alloc_pos 114968
alloc_pos 115140
alloc_pos 115264
alloc_pos 115300
alloc_pos 115380
alloc_pos 115412
alloc_pos 115576
alloc_pos 115816
alloc_pos 115872
alloc_pos 115968
alloc_pos 116096
alloc_pos 116156
alloc_pos 116316
alloc_pos 116368
alloc_pos 116536
alloc_pos 116636
alloc_pos 116800
alloc_pos 117032
alloc_pos 117228
alloc_pos 117296
alloc_pos 117344
alloc_pos 117516
alloc_pos 117684
alloc_pos 117868
alloc_pos 117940
alloc_pos 118056
alloc_pos 118104
alloc_pos 118268
alloc_pos 118472
alloc_pos 118512
alloc_pos 118680
alloc_pos 118716
alloc_pos 118896
alloc_pos 118972
alloc_pos 119120
alloc_pos 119316
alloc_pos 119476
alloc_pos 119608
alloc_pos 119828
alloc_pos 119932
alloc_pos 120072
alloc_pos 120244
alloc_pos 120504
alloc_pos 120644
alloc_pos 120760
alloc_pos 120860
alloc_pos 120944
alloc_pos 121168
alloc_pos 121236
alloc_pos 121436
alloc_pos 121656
alloc_pos 121740
alloc_pos 121784
alloc_pos 121952
alloc_pos 122052
alloc_pos 122208
alloc_pos 122356
alloc_pos 122604
alloc_pos 122712
alloc_pos 122920
alloc_pos 123056
alloc_pos 123152
alloc_pos 123328
alloc_pos 123368
alloc_pos 123420
alloc_pos 123572
alloc_pos 123700
alloc_pos 123764
alloc_pos 123980
alloc_pos 124088
alloc_pos 124148
alloc_pos 124408
alloc_pos 124556
alloc_pos 124684
alloc_pos 124716
alloc_pos 124908
alloc_pos 124948
alloc_pos 125164
alloc_pos 125328
alloc_pos 125496
alloc_pos 125720
alloc_pos 125968
alloc_pos 126200
alloc_pos 126304
alloc_pos 126412
alloc_pos 126612
alloc_pos 126724
alloc_pos 126900
alloc_pos 127048
alloc_pos 127220
alloc_pos 127448
alloc_pos 127588
alloc_pos 127628
alloc_pos 127864
alloc_pos 127908
alloc_pos 128172
alloc_pos 128264
alloc_pos 128408
alloc_pos 128608
alloc_pos 128800
alloc_pos 128840
alloc_pos 128876
alloc_pos 129084
alloc_pos 129284
alloc_pos 129384
alloc_pos 129572
alloc_pos 129740
alloc_pos 129936
alloc_pos 130168
alloc_pos 130304
alloc_pos 130400
alloc_pos 130604
alloc_pos 130724
alloc_pos 130972
alloc_pos 131164
alloc_pos 131276
alloc_pos 131304
alloc_pos 131568
alloc_pos 131708
alloc_pos 131820
alloc_pos 131884
alloc_pos 132064
alloc_pos 132116
alloc_pos 132264
alloc_pos 132300
alloc_pos 132376
alloc_pos 132596
alloc_pos 132692
alloc_pos 132748
alloc_pos 132960
alloc_pos 133044
alloc_pos 133168
alloc_pos 133292
alloc_pos 133548
alloc_pos 133792
alloc_pos 133940
alloc_pos 133984
alloc_pos 134048
alloc_pos 134184
alloc_pos 134308
alloc_pos 134472
alloc_pos 134564
alloc_pos 134812
alloc_pos 134868
alloc_pos 135100
alloc_pos 135232
alloc_pos 135476
alloc_pos 135640
alloc_pos 135732
alloc_pos 135936
alloc_pos 136064
alloc_pos 136176
alloc_pos 136372
alloc_pos 136620
alloc_pos 136740
alloc_pos 136820
alloc_pos 136880
alloc_pos 136924
alloc_pos 136992
alloc_pos 137052
alloc_pos 137132
alloc_pos 137324
alloc_pos 137404
alloc_pos 137428
alloc_pos 137576
alloc_pos 137812
alloc_pos 137984
alloc_pos 138052
alloc_pos 138140
alloc_pos 138236
alloc_pos 138260
alloc_pos 138320
alloc_pos 138448
alloc_pos 138608
alloc_pos 138724
alloc_pos 138904
alloc_pos 139072
alloc_pos 139176
alloc_pos 139440
alloc_pos 139496
alloc_pos 139696
alloc_pos 139936
alloc_pos 140088
alloc_pos 140352
alloc_pos 140532
alloc_pos 140720
alloc_pos 140916
alloc_pos 141128
alloc_pos 141164
alloc_pos 141304
alloc_pos 141556
alloc_pos 141800
alloc_pos 142020
alloc_pos 142284
alloc_pos 142528
alloc_pos 142724
alloc_pos 142952
alloc_pos 143116
alloc_pos 143240
alloc_pos 143364
alloc_pos 143488
alloc_pos 143612
alloc_pos 143660
alloc_pos 143804
alloc_pos 143988
alloc_pos 144112
alloc_pos 144148
alloc_pos 144220
alloc_pos 144260
alloc_pos 144336
alloc_pos 144472
alloc_pos 144536
alloc_pos 144588
alloc_pos 144696
alloc_pos 144872
alloc_pos 144908
alloc_pos 144956
alloc_pos 144980
alloc_pos 145148
alloc_pos 145208
alloc_pos 145312
alloc_pos 145576
alloc_pos 145636
alloc_pos 145760
alloc_pos 145948
alloc_pos 145984
alloc_pos 146024
alloc_pos 146256
alloc_pos 146416
alloc_pos 146464
alloc_pos 146580
alloc_pos 146752
alloc_pos 146788
alloc_pos 147044
alloc_pos 147196
alloc_pos 147272
alloc_pos 147304
alloc_pos 147348
alloc_pos 147480
alloc_pos 147608
alloc_pos 147648
alloc_pos 147732
alloc_pos 147776
alloc_pos 147940
alloc_pos 148072
alloc_pos 148108
alloc_pos 148340
alloc_pos 148508
alloc_pos 148560
alloc_pos 148824
alloc_pos 148904
alloc_pos 149088
alloc_pos 149272
alloc_pos 149444
alloc_pos 149708
alloc_pos 149744
alloc_pos 149912
alloc_pos 150084
alloc_pos 150208
alloc_pos 150244
alloc_pos 150324
alloc_pos 150356
alloc_pos 150520
alloc_pos 150760
alloc_pos 150816
alloc_pos 150912
alloc_pos 151040
alloc_pos 151100
alloc_pos 151260
alloc_pos 151312
alloc_pos 151480
alloc_pos 151580
alloc_pos 151744
alloc_pos 151976
alloc_pos 152172
alloc_pos 152240
alloc_pos 152288
alloc_pos 152460
alloc_pos 152628
alloc_pos 152812
alloc_pos 152884
alloc_pos 153000
alloc_pos 153048
alloc_pos 153212
alloc_pos 153416
alloc_pos 153456
alloc_pos 153624
alloc_pos 153660
alloc_pos 153840
alloc_pos 153916
alloc_pos 154064
alloc_pos 154260
alloc_pos 154420
alloc_pos 154552
alloc_pos 154772
alloc_pos 154876
alloc_pos 155016
alloc_pos 155188
alloc_pos 155448
alloc_pos 155588
alloc_pos 155704
alloc_pos 155804
alloc_pos 155888
alloc_pos 156112
alloc_pos 156180
alloc_pos 156380
alloc_pos 156600
alloc_pos 156684
alloc_pos 156728
alloc_pos 156896
alloc_pos 156996
alloc_pos 157152
alloc_pos 157300
alloc_pos 157548
alloc_pos 157656
alloc_pos 157864
alloc_pos 158000
alloc_pos 158096
alloc_pos 158272
alloc_pos 158312
alloc_pos 158364
alloc_pos 158516
alloc_pos 158644
alloc_pos 158708
alloc_pos 158924
alloc_pos 159032
alloc_pos 159092
alloc_pos 159352
alloc_pos 159500
alloc_pos 159628
alloc_pos 159660
alloc_pos 159852
alloc_pos 159892
alloc_pos 160108
alloc_pos 160272
alloc_pos 160440
alloc_pos 160664
alloc_pos 160912
alloc_pos 161144
alloc_pos 161248
alloc_pos 161356
alloc_pos 161556
alloc_pos 161668
alloc_pos 161844
alloc_pos 161992
alloc_pos 162164
alloc_pos 162392
alloc_pos 162532
alloc_pos 162572
alloc_pos 162808
alloc_pos 162852
alloc_pos 163116
alloc_pos 163208
alloc_pos 163352
alloc_pos 163552
alloc_pos 163744
alloc_pos 163784
alloc_pos 163820
alloc_pos 164028
alloc_pos 164228
alloc_pos 164328
alloc_pos 164516
alloc_pos 164684
alloc_pos 164880
alloc_pos 165112
alloc_pos 165248
alloc_pos 165344
alloc_pos 165548
alloc_pos 165668
alloc_pos 165916
alloc_pos 166108
alloc_pos 166220
alloc_pos 166248
alloc_pos 166512
alloc_pos 166652
alloc_pos 166764
alloc_pos 166828
alloc_pos 167008
alloc_pos 167060
alloc_pos 167208
alloc_pos 167244
alloc_pos 167320
alloc_pos 167540
alloc_pos 167636
alloc_pos 167692
alloc_pos 167904
alloc_pos 167988
alloc_pos 168112
alloc_pos 168236
alloc_pos 168492
alloc_pos 168736
alloc_pos 168884
alloc_pos 168928
alloc_pos 168992
alloc_pos 169128
alloc_pos 169252
alloc_pos 169416
alloc_pos 169508
alloc_pos 169756
alloc_pos 169812
alloc_pos 170044
alloc_pos 170176
alloc_pos 170420
alloc_pos 170584
alloc_pos 170676
alloc_pos 170880
alloc_pos 171008
alloc_pos 171120
alloc_pos 171316
alloc_pos 171564
alloc_pos 171684
alloc_pos 171764
alloc_pos 171824
alloc_pos 171868
alloc_pos 171936
alloc_pos 171996
alloc_pos 172076
alloc_pos 172268
alloc_pos 172348
alloc_pos 172372
alloc_pos 172520
alloc_pos 172756
alloc_pos 172928
alloc_pos 172996
alloc_pos 173084
alloc_pos 173180
alloc_pos 173204
alloc_pos 173264
alloc_pos 173392
alloc_pos 173552
alloc_pos 173668
alloc_pos 173848
alloc_pos 174016
alloc_pos 174120
alloc_pos 174384
alloc_pos 174440
alloc_pos 174640
alloc_pos 174880
alloc_pos 175032
alloc_pos 175296
alloc_pos 175476
alloc_pos 175664
alloc_pos 175860
alloc_pos 176072
alloc_pos 176108
alloc_pos 176248
alloc_pos 176500
alloc_pos 176744
alloc_pos 176964
alloc_pos 177228
alloc_pos 177472
alloc_pos 177668
alloc_pos 177896
alloc_pos 178060
alloc_pos 178184
alloc_pos 178308
alloc_pos 178432
alloc_pos 178556
alloc_pos 178604
alloc_pos 178748
alloc_pos 178932
alloc_pos 179056
alloc_pos 179092
alloc_pos 179164
alloc_pos 179204
alloc_pos 179280
alloc_pos 179416
alloc_pos 179480
alloc_pos 179532
alloc_pos 179640
alloc_pos 179816
alloc_pos 179852
alloc_pos 179900
alloc_pos 179924
alloc_pos 180092
alloc_pos 180152
alloc_pos 180256
alloc_pos 180520
alloc_pos 180580
alloc_pos 180704
alloc_pos 180892
alloc_pos 180928
alloc_pos 180968
alloc_pos 181200
alloc_pos 181360
alloc_pos 181408
alloc_pos 181524
alloc_pos 181696
alloc_pos 181732
alloc_pos 181988
alloc_pos 182140
alloc_pos 182216
alloc_pos 182248
alloc_pos 182292
alloc_pos 182424
alloc_pos 182552
alloc_pos 182592
alloc_pos 182676
alloc_pos 182720
alloc_pos 182884
alloc_pos 183016
alloc_pos 183052
alloc_pos 183284
alloc_pos 183452
alloc_pos 183504
alloc_pos 183768
alloc_pos 183848
alloc_pos 184032
alloc_pos 184216
alloc_pos 184388
alloc_pos 184652
alloc_pos 184688
alloc_pos 184856
alloc_pos 185028
alloc_pos 185152
alloc_pos 185188
alloc_pos 185268
alloc_pos 185300
alloc_pos 185464
alloc_pos 185704
alloc_pos 185760
alloc_pos 185856
alloc_pos 185984
alloc_pos 186044
alloc_pos 186204
alloc_pos 186256
alloc_pos 186424
alloc_pos 186524
alloc_pos 186688
alloc_pos 186920
alloc_pos 187116
alloc_pos 187184
alloc_pos 187232
alloc_pos 187404
alloc_pos 187572
alloc_pos 187756
alloc_pos 187828
alloc_pos 187944
alloc_pos 187992
alloc_pos 188156
alloc_pos 188360
alloc_pos 188400
alloc_pos 188568
alloc_pos 188604
alloc_pos 188784
alloc_pos 188860
alloc_pos 189008
alloc_pos 189204
alloc_pos 189364
alloc_pos 189496
alloc_pos 189716
alloc_pos 189820
alloc_pos 189960
alloc_pos 190132
alloc_pos 190392
alloc_pos 190532
alloc_pos 190648
alloc_pos 190748
alloc_pos 190832
alloc_pos 191056
alloc_pos 191124
alloc_pos 191324
alloc_pos 191544
alloc_pos 191628
alloc_pos 191672
alloc_pos 191840
alloc_pos 191940
alloc_pos 192096
alloc_pos 192244
alloc_pos 192492
alloc_pos 192600
alloc_pos 192808
alloc_pos 192944
alloc_pos 193040
alloc_pos 193216
alloc_pos 193256
alloc_pos 193308
alloc_pos 193460
alloc_pos 193588
alloc_pos 193652
alloc_pos 193868
alloc_pos 193976
alloc_pos 194036
alloc_pos 194296
alloc_pos 194444
alloc_pos 194572
alloc_pos 194604
alloc_pos 194796
alloc_pos 194836
alloc_pos 195052
alloc_pos 195216
alloc_pos 195384
alloc_pos 195608
alloc_pos 195856
alloc_pos 196088
alloc_pos 196192
alloc_pos 196300
alloc_pos 196500
alloc_pos 196612
alloc_pos 196788
alloc_pos 196936
alloc_pos 197108
alloc_pos 197336
alloc_pos 197476
alloc_pos 197516
alloc_pos 197752
alloc_pos 197796
alloc_pos 198060
alloc_pos 198152
alloc_pos 198296
alloc_pos 198496
alloc_pos 198688
alloc_pos 198728
alloc_pos 198764
alloc_pos 198972
alloc_pos 199172
alloc_pos 199272
alloc_pos 199460
alloc_pos 199628
alloc_pos 199824
alloc_pos 200056
alloc_pos 200192
alloc_pos 200288
alloc_pos 200492
alloc_pos 200612
alloc_pos 200860
alloc_pos 201052
alloc_pos 201164
alloc_pos 201192
alloc_pos 201456
alloc_pos 201596
alloc_pos 201708
alloc_pos 201772
alloc_pos 201952
alloc_pos 202004
alloc_pos 202152
alloc_pos 202188
alloc_pos 202264
alloc_pos 202484
alloc_pos 202580
alloc_pos 202636
alloc_pos 202848
alloc_pos 202932
alloc_pos 203056
alloc_pos 203180
alloc_pos 203436
alloc_pos 203680
alloc_pos 203828
alloc_pos 203872
alloc_pos 203936
alloc_pos 204072
alloc_pos 204196
alloc_pos 204360
alloc_pos 204452
alloc_pos 204700
alloc_pos 204756
alloc_pos 204988
alloc_pos 205120
alloc_pos 205364
alloc_pos 205528
alloc_pos 205620
alloc_pos 205824
alloc_pos 205952
alloc_pos 206064
alloc_pos 206260
alloc_pos 206508
alloc_pos 206628
alloc_pos 206708
alloc_pos 206768
alloc_pos 206812
alloc_pos 206880
alloc_pos 206940
alloc_pos 207020
alloc_pos 207212
alloc_pos 207292
alloc_pos 207316
alloc_pos 207464
alloc_pos 207700
alloc_pos 207872
alloc_pos 207940
alloc_pos 208028
alloc_pos 208124
alloc_pos 208148
alloc_pos 208208
alloc_pos 208336
alloc_pos 208496
alloc_pos 208612
alloc_pos 208792
alloc_pos 208960
alloc_pos 209064
alloc_pos 209328
alloc_pos 209384
alloc_pos 209584
alloc_pos 209824
alloc_pos 209976
alloc_pos 210240
alloc_pos 210420
alloc_pos 210608
alloc_pos 210804
alloc_pos 211016
alloc_pos 211052
alloc_pos 211192
alloc_pos 211444
alloc_pos 211688
alloc_pos 211908
alloc_pos 212172
alloc_pos 212416
alloc_pos 212612
alloc_pos 212840
alloc_pos 213004
alloc_pos 213128
alloc_pos 213252
alloc_pos 213376
alloc_pos 213500
alloc_pos 213548
alloc_pos 213692
alloc_pos 213876
alloc_pos 214000
alloc_pos 214036
alloc_pos 214108
alloc_pos 214148
alloc_pos 214224
alloc_pos 214360
alloc_pos 214424
alloc_pos 214476
alloc_pos 214584
alloc_pos 214760
alloc_pos 214796
alloc_pos 214844
alloc_pos 214868
alloc_pos 215036
alloc_pos 215096
alloc_pos 215200
alloc_pos 215464
alloc_pos 215524
alloc_pos 215648
alloc_pos 215836
alloc_pos 215872
alloc_pos 215912
alloc_pos 216144
alloc_pos 216304
alloc_pos 216352
alloc_pos 216468
alloc_pos 216640
alloc_pos 216676
alloc_pos 216932
alloc_pos 217084
alloc_pos 217160
alloc_pos 217192
alloc_pos 217236
alloc_pos 217368
alloc_pos 217496
alloc_pos 217536
alloc_pos 217620
alloc_pos 217664
alloc_pos 217828
alloc_pos 217960
alloc_pos 217996
alloc_pos 218228
alloc_pos 218396
alloc_pos 218448
alloc_pos 218712
alloc_pos 218792
alloc_pos 218976
alloc_pos 219160
alloc_pos 219332
alloc_pos 219596
alloc_pos 219632
alloc_pos 219800
alloc_pos 219972
alloc_pos 220096
alloc_pos 220132
alloc_pos 220212
alloc_pos 220244
alloc_pos 220408
alloc_pos 220648
alloc_pos 220704
alloc_pos 220800
alloc_pos 220928
alloc_pos 220988
alloc_pos 221148
alloc_pos 221200
alloc_pos 221368
alloc_pos 221468
alloc_pos 221632
alloc_pos 221864
alloc_pos 222060
alloc_pos 222128
alloc_pos 222176
alloc_pos 222348
alloc_pos 222516
alloc_pos 222700
alloc_pos 222772
alloc_pos 222888
alloc_pos 222936
alloc_pos 223100
alloc_pos 223304
alloc_pos 223344
alloc_pos 223512
alloc_pos 223548
alloc_pos 223728
alloc_pos 223804
alloc_pos 223952
alloc_pos 224148
alloc_pos 224308
alloc_pos 224440
alloc_pos 224660
alloc_pos 224764
alloc_pos 224904
alloc_pos 225076
alloc_pos 225336
alloc_pos 225476
alloc_pos 225592
alloc_pos 225692
alloc_pos 225776
alloc_pos 226000
alloc_pos 226068
alloc_pos 226268
alloc_pos 226488
alloc_pos 226572
alloc_pos 226616
alloc_pos 226784
alloc_pos 226884
alloc_pos 227040
alloc_pos 227188
alloc_pos 227436
alloc_pos 227544
alloc_pos 227752
alloc_pos 227888
alloc_pos 227984
alloc_pos 228160
alloc_pos 228200
alloc_pos 228252
alloc_pos 228404
alloc_pos 228532
alloc_pos 228596
alloc_pos 228812
alloc_pos 228920
alloc_pos 228980
alloc_pos 229240
alloc_pos 229388
alloc_pos 229516
alloc_pos 229548
alloc_pos 229740
alloc_pos 229780
alloc_pos 229996
alloc_pos 230160
alloc_pos 230328
alloc_pos 230552
alloc_pos 230800
alloc_pos 231032
alloc_pos 231136
alloc_pos 231244
alloc_pos 231444
alloc_pos 231556
alloc_pos 231732
alloc_pos 231880
alloc_pos 232052
alloc_pos 232280
alloc_pos 232420
alloc_pos 232460
alloc_pos 232696
alloc_pos 232740
alloc_pos 233004
alloc_pos 233096
alloc_pos 233240
alloc_pos 233440
alloc_pos 233632
alloc_pos 233672
alloc_pos 233708
alloc_pos 233916
alloc_pos 234116
alloc_pos 234216
alloc_pos 234404
alloc_pos 234572
alloc_pos 234768
alloc_pos 235000
alloc_pos 235136
alloc_pos 235232
alloc_pos 235436
alloc_pos 235556
alloc_pos 235804
alloc_pos 235996
alloc_pos 236108
alloc_pos 236136
alloc_pos 236400
alloc_pos 236540
alloc_pos 236652
alloc_pos 236716
alloc_pos 236896
alloc_pos 236948
alloc_pos 237096
alloc_pos 237132
alloc_pos 237208
alloc_pos 237428
alloc_pos 237524
alloc_pos 237580
alloc_pos 237792
alloc_pos 237876
alloc_pos 238000
alloc_pos 238124
alloc_pos 238380
alloc_pos 238624
alloc_pos 238772
alloc_pos 238816
alloc_pos 238880
alloc_pos 239016
alloc_pos 239140
alloc_pos 239304
alloc_pos 239396
alloc_pos 239644
alloc_pos 239700
alloc_pos 239932
alloc_pos 240064
alloc_pos 240308
alloc_pos 240472
alloc_pos 240564
alloc_pos 240768
alloc_pos 240896
alloc_pos 241008
alloc_pos 241204
alloc_pos 241452
alloc_pos 241572
alloc_pos 241652
alloc_pos 241712
alloc_pos 241756
alloc_pos 241824
alloc_pos 241884
alloc_pos 241964
alloc_pos 242156
alloc_pos 242236
alloc_pos 242260
alloc_pos 242408
alloc_pos 242644
alloc_pos 242816
alloc_pos 242884
alloc_pos 242972
alloc_pos 243068
alloc_pos 243092
alloc_pos 243152
alloc_pos 243280
alloc_pos 243440
alloc_pos 243556
alloc_pos 243736
alloc_pos 243904
alloc_pos 244008
alloc_pos 244272
alloc_pos 244328
alloc_pos 244528
alloc_pos 244768
alloc_pos 244920
alloc_pos 245184
alloc_pos 245364
alloc_pos 245552
alloc_pos 245748
alloc_pos 245960
alloc_pos 245996
alloc_pos 246136
alloc_pos 246388
alloc_pos 246632
alloc_pos 246852
alloc_pos 247116
alloc_pos 247360
alloc_pos 247556
alloc_pos 247784
alloc_pos 247948
alloc_pos 248072
alloc_pos 248196
alloc_pos 248320
alloc_pos 248444
alloc_pos 248492
alloc_pos 248636
alloc_pos 248820
alloc_pos 248944
alloc_pos 248980
alloc_pos 249052
alloc_pos 249092
alloc_pos 249168
alloc_pos 249304
alloc_pos 249368
alloc_pos 249420
alloc_pos 249528
alloc_pos 249704
alloc_pos 249740
alloc_pos 249788
alloc_pos 249812
alloc_pos 249980
alloc_pos 250040
alloc_pos 250144
alloc_pos 250408
alloc_pos 250468
alloc_pos 250592
alloc_pos 250780
alloc_pos 250816
alloc_pos 250856
alloc_pos 251088
alloc_pos 251248
alloc_pos 251296
alloc_pos 251412
alloc_pos 251584
alloc_pos 251620
alloc_pos 251876
alloc_pos 252028
alloc_pos 252104
alloc_pos 252136
alloc_pos 252180
alloc_pos 252312
alloc_pos 252440
alloc_pos 252480
alloc_pos 252564
alloc_pos 252608
alloc_pos 252772
alloc_pos 252904
alloc_pos 252940
alloc_pos 253172
alloc_pos 253340
alloc_pos 253392
alloc_pos 253656
alloc_pos 253736
alloc_pos 253920
alloc_pos 254104
alloc_pos 254276
alloc_pos 254540
alloc_pos 254576
alloc_pos 254744
alloc_pos 254916
alloc_pos 255040
alloc_pos 255076
alloc_pos 255156
alloc_pos 255188
alloc_pos 255352
alloc_pos 255592
alloc_pos 255648
alloc_pos 255744
alloc_pos 255872
alloc_pos 255932
alloc_pos 256092
alloc_pos 256144
alloc_pos 256312
alloc_pos 256412
alloc_pos 256576
alloc_pos 256808
alloc_pos 257004
alloc_pos 257072
alloc_pos 257120
alloc_pos 257292
alloc_pos 257460
alloc_pos 257644
alloc_pos 257716
alloc_pos 257832
alloc_pos 257880
alloc_pos 258044
alloc_pos 258248
alloc_pos 258288
alloc_pos 258456
alloc_pos 258492
alloc_pos 258672
alloc_pos 258748
alloc_pos 258896
alloc_pos 259092
alloc_pos 259252
alloc_pos 259384
alloc_pos 259604
alloc_pos 259708
alloc_pos 259848
alloc_pos 260020
alloc_pos 260280
alloc_pos 260420
alloc_pos 260536
alloc_pos 260636
alloc_pos 260720
alloc_pos 260944
alloc_pos 261012
alloc_pos 261212
alloc_pos 261432
alloc_pos 261516
alloc_pos 261560
alloc_pos 261728
alloc_pos 261828
alloc_pos 261984
alloc_pos 262132
alloc_pos 262380
alloc_pos 262488
alloc_pos 262696
alloc_pos 262832
alloc_pos 262928
alloc_pos 263104
alloc_pos 263144
alloc_pos 263196
alloc_pos 263348
alloc_pos 263476
alloc_pos 263540
alloc_pos 263756
alloc_pos 263864
alloc_pos 263924
alloc_pos 264184
alloc_pos 264332
alloc_pos 264460
alloc_pos 264492
alloc_pos 264684
alloc_pos 264724
alloc_pos 264940
alloc_pos 265104
alloc_pos 265272
alloc_pos 265496
alloc_pos 265744
alloc_pos 265976
alloc_pos 266080
alloc_pos 266188
alloc_pos 266388
alloc_pos 266500
alloc_pos 266676
alloc_pos 266824
alloc_pos 266996
alloc_pos 267224
alloc_pos 267364
alloc_pos 267404
alloc_pos 267640
alloc_pos 267684
alloc_pos 267948
alloc_pos 268040
alloc_pos 268184
alloc_pos 268384
alloc_pos 268576
alloc_pos 268616
alloc_pos 268652
alloc_pos 268860
alloc_pos 269060
alloc_pos 269160
alloc_pos 269348
alloc_pos 269516
alloc_pos 269712
alloc_pos 269944
alloc_pos 270080
alloc_pos 270176
alloc_pos 270380
alloc_pos 270500
alloc_pos 270748
alloc_pos 270940
alloc_pos 271052
alloc_pos 271080
alloc_pos 271344
alloc_pos 271484
alloc_pos 271596
alloc_pos 271660
alloc_pos 271840
alloc_pos 271892
alloc_pos 272040
alloc_pos 272076
alloc_pos 272152
alloc_pos 272372
alloc_pos 272468
alloc_pos 272524
alloc_pos 272736
alloc_pos 272820
alloc_pos 272944
alloc_pos 273068
alloc_pos 273324
alloc_pos 273568
alloc_pos 273716
alloc_pos 273760
alloc_pos 273824
alloc_pos 273960
alloc_pos 274084
alloc_pos 274248
alloc_pos 274340
alloc_pos 274588
alloc_pos 274644
alloc_pos 274876
alloc_pos 275008
alloc_pos 275252
alloc_pos 275416
alloc_pos 275508
alloc_pos 275712
alloc_pos 275840
alloc_pos 275952
alloc_pos 276148
alloc_pos 276396
alloc_pos 276516
alloc_pos 276596
alloc_pos 276656
alloc_pos 276700
alloc_pos 276768
alloc_pos 276828
alloc_pos 276908
alloc_pos 277100
alloc_pos 277180
alloc_pos 277204
alloc_pos 277352
alloc_pos 277588
alloc_pos 277760
alloc_pos 277828
alloc_pos 277916
alloc_pos 278012
alloc_pos 278036
alloc_pos 278096
alloc_pos 278224
alloc_pos 278384
alloc_pos 278500
alloc_pos 278680
alloc_pos 278848
alloc_pos 278952
alloc_pos 279216
alloc_pos 279272
alloc_pos 279472
alloc_pos 279712
alloc_pos 279864
alloc_pos 280128
alloc_pos 280308
alloc_pos 280496
alloc_pos 280692
alloc_pos 280904
alloc_pos 280940
alloc_pos 281080
alloc_pos 281332
alloc_pos 281576
alloc_pos 281796
alloc_pos 282060
alloc_pos 282304
alloc_pos 282500
alloc_pos 282728
alloc_pos 282892
alloc_pos 283016
alloc_pos 283140
alloc_pos 283264
alloc_pos 283388
alloc_pos 283436
alloc_pos 283580
alloc_pos 283764
alloc_pos 283888
alloc_pos 283924
alloc_pos 283996
alloc_pos 284036
alloc_pos 284112
alloc_pos 284248
alloc_pos 284312
alloc_pos 284364
alloc_pos 284472
alloc_pos 284648
alloc_pos 284684
alloc_pos 284732
alloc_pos 284756
alloc_pos 284924
alloc_pos 284984
alloc_pos 285088
alloc_pos 285352
alloc_pos 285412
alloc_pos 285536
alloc_pos 285724
alloc_pos 285760
alloc_pos 285800
alloc_pos 286032
alloc_pos 286192
alloc_pos 286240
alloc_pos 286356
alloc_pos 286528
alloc_pos 286564
alloc_pos 286820
alloc_pos 286972
alloc_pos 287048
alloc_pos 287080
alloc_pos 287124
alloc_pos 287256
alloc_pos 287384
alloc_pos 287424
alloc_pos 287508
alloc_pos 287552
alloc_pos 287716
alloc_pos 287848
alloc_pos 287884
alloc_pos 288116
alloc_pos 288284
alloc_pos 288336
alloc_pos 288600
alloc_pos 288680
alloc_pos 288864
alloc_pos 289048
alloc_pos 289220
alloc_pos 289484
alloc_pos 289520
alloc_pos 289688
alloc_pos 289860
alloc_pos 289984
alloc_pos 290020
alloc_pos 290100
alloc_pos 290132
alloc_pos 290296
alloc_pos 290536
alloc_pos 290592
alloc_pos 290688
alloc_pos 290816
alloc_pos 290876
alloc_pos 291036
alloc_pos 291088
alloc_pos 291256
alloc_pos 291356
alloc_pos 291520
alloc_pos 291752
alloc_pos 291948
alloc_pos 292016
alloc_pos 292064
alloc_pos 292236
alloc_pos 292404
alloc_pos 292588
alloc_pos 292660
alloc_pos 292776
alloc_pos 292824
alloc_pos 292988
alloc_pos 293192
alloc_pos 293232
alloc_pos 293400
alloc_pos 293436
alloc_pos 293616
alloc_pos 293692
alloc_pos 293840
alloc_pos 294036
alloc_pos 294196
alloc_pos 294328
alloc_pos 294548
alloc_pos 294652
alloc_pos 294792
alloc_pos 294964
alloc_pos 295224
alloc_pos 295364
alloc_pos 295480
alloc_pos 295580
alloc_pos 295664
alloc_pos 295888
alloc_pos 295956
alloc_pos 296156
alloc_pos 296376
alloc_pos 296460
alloc_pos 296504
alloc_pos 296672
alloc_pos 296772
alloc_pos 296928
alloc_pos 297076
alloc_pos 297324
alloc_pos 297432
alloc_pos 297640
alloc_pos 297776
alloc_pos 297872
alloc_pos 298048
alloc_pos 298088
alloc_pos 298140
alloc_pos 298292
alloc_pos 298420
alloc_pos 298484
alloc_pos 298700
alloc_pos 298808
alloc_pos 298868
alloc_pos 299128
alloc_pos 299276
alloc_pos 299404
alloc_pos 299436
alloc_pos 299628
alloc_pos 299668
alloc_pos 299884
alloc_pos 300048
alloc_pos 300216
alloc_pos 300440
alloc_pos 300688
alloc_pos 300920
alloc_pos 301024
alloc_pos 301132
alloc_pos 301332
alloc_pos 301444
alloc_pos 301620
alloc_pos 301768
alloc_pos 301940
alloc_pos 302168
alloc_pos 302308
alloc_pos 302348
alloc_pos 302584
alloc_pos 302628
alloc_pos 302892
alloc_pos 302984
alloc_pos 303128
alloc_pos 303328
alloc_pos 303520
alloc_pos 303560
alloc_pos 303596
alloc_pos 303804
alloc_pos 304004
alloc_pos 304104
alloc_pos 304292
alloc_pos 304460
alloc_pos 304656
alloc_pos 304888
alloc_pos 305024
alloc_pos 305120
alloc_pos 305324
alloc_pos 305444
alloc_pos 305692
alloc_pos 305884
alloc_pos 305996
alloc_pos 306024
alloc_pos 306288
alloc_pos 306428
alloc_pos 306540
alloc_pos 306604
alloc_pos 306784
alloc_pos 306836
alloc_pos 306984
alloc_pos 307020
alloc_pos 307096
alloc_pos 307316
alloc_pos 307412
alloc_pos 307468
alloc_pos 307680
alloc_pos 307764
alloc_pos 307888
alloc_pos 308012
alloc_pos 308268
alloc_pos 308512
alloc_pos 308660
alloc_pos 308704
alloc_pos 308768
alloc_pos 308904
alloc_pos 309028
alloc_pos 309192
alloc_pos 309284
alloc_pos 309532
alloc_pos 309588
alloc_pos 309820
alloc_pos 309952
alloc_pos 310196
alloc_pos 310360
alloc_pos 310452
alloc_pos 310656
alloc_pos 310784
alloc_pos 310896
alloc_pos 311092
alloc_pos 311340
alloc_pos 311460
alloc_pos 311540
alloc_pos 311600
alloc_pos 311644
alloc_pos 311712
alloc_pos 311772
alloc_pos 311852
alloc_pos 312044
alloc_pos 312124
alloc_pos 312148
alloc_pos 312296
alloc_pos 312532
alloc_pos 312704
alloc_pos 312772
alloc_pos 312860
alloc_pos 312956
alloc_pos 312980
alloc_pos 313040
alloc_pos 313168
alloc_pos 313328
alloc_pos 313444
alloc_pos 313624
alloc_pos 313792
alloc_pos 313896
alloc_pos 314160
alloc_pos 314216
alloc_pos 314416
alloc_pos 314656
alloc_pos 314808
alloc_pos 315072
alloc_pos 315252
alloc_pos 315440
alloc_pos 315636
alloc_pos 315848
alloc_pos 315884
alloc_pos 316024
alloc_pos 316276
alloc_pos 316520
alloc_pos 316740
alloc_pos 317004
alloc_pos 317248
alloc_pos 317444
alloc_pos 317672
alloc_pos 317836
alloc_pos 317960
alloc_pos 318084
alloc_pos 318208
alloc_pos 318332
alloc_pos 318380
alloc_pos 318524
alloc_pos 318708
alloc_pos 318832
alloc_pos 318868
alloc_pos 318940
alloc_pos 318980
alloc_pos 319056
alloc_pos 319192
alloc_pos 319256
alloc_pos 319308
alloc_pos 319416
alloc_pos 319592
alloc_pos 319628
alloc_pos 319676
alloc_pos 319700
alloc_pos 319868
alloc_pos 319928
alloc_pos 320032
alloc_pos 320296
alloc_pos 320356
alloc_pos 320480
alloc_pos 320668
alloc_pos 320704
alloc_pos 320744
alloc_pos 320976
alloc_pos 321136
alloc_pos 321184
alloc_pos 321300
alloc_pos 321472
alloc_pos 321508
alloc_pos 321764
alloc_pos 321916
alloc_pos 321992
alloc_pos 322024
alloc_pos 322068
alloc_pos 322200
alloc_pos 322328
alloc_pos 322368
alloc_pos 322452
alloc_pos 322496
alloc_pos 322660
alloc_pos 322792
alloc_pos 322828
alloc_pos 323060
alloc_pos 323228
alloc_pos 323280
alloc_pos 323544
alloc_pos 323624
alloc_pos 323808
alloc_pos 323992
alloc_pos 324164
alloc_pos 324428
alloc_pos 324464
alloc_pos 324632
alloc_pos 324804
alloc_pos 324928
alloc_pos 324964
alloc_pos 325044
alloc_pos 325076
alloc_pos 325240
alloc_pos 325480
alloc_pos 325536
alloc_pos 325632
alloc_pos 325760
alloc_pos 325820
alloc_pos 325980
alloc_pos 326032
alloc_pos 326200
alloc_pos 326300
alloc_pos 326464
alloc_pos 326696
alloc_pos 326892
alloc_pos 326960
alloc_pos 327008
alloc_pos 327180
alloc_pos 327348
alloc_pos 327532
alloc_pos 327604
alloc_pos 327720
alloc_pos 327768
alloc_pos 327932
alloc_pos 328136
alloc_pos 328176
alloc_pos 328344
alloc_pos 328380
alloc_pos 328560
alloc_pos 328636
alloc_pos 328784
alloc_pos 328980
alloc_pos 329140
alloc_pos 329272
alloc_pos 329492
alloc_pos 329596
alloc_pos 329736
alloc_pos 329908
alloc_pos 330168
alloc_pos 330308
alloc_pos 330424
alloc_pos 330524
alloc_pos 330608
alloc_pos 330832
alloc_pos 330900
alloc_pos 331100
alloc_pos 331320
alloc_pos 331404
alloc_pos 331448
alloc_pos 331616
alloc_pos 331716
alloc_pos 331872
alloc_pos 332020
alloc_pos 332268
alloc_pos 332376
alloc_pos 332584
alloc_pos 332720
alloc_pos 332816
alloc_pos 332992
alloc_pos 333032
alloc_pos 333084
alloc_pos 333236
alloc_pos 333364
alloc_pos 333428
alloc_pos 333644
alloc_pos 333752
alloc_pos 333812
alloc_pos 334072
alloc_pos 334220
alloc_pos 334348
alloc_pos 334380
alloc_pos 334572
alloc_pos 334612
alloc_pos 334828
alloc_pos 334992
alloc_pos 335160
alloc_pos 335384
alloc_pos 335632
alloc_pos 335864
alloc_pos 335968
alloc_pos 336076
alloc_pos 336276
alloc_pos 336388
alloc_pos 336564
alloc_pos 336712
alloc_pos 336884
alloc_pos 337112
alloc_pos 337252
alloc_pos 337292
alloc_pos 337528
alloc_pos 337572
alloc_pos 337836
alloc_pos 337928
alloc_pos 338072
alloc_pos 338272
alloc_pos 338464
alloc_pos 338504
alloc_pos 338540
alloc_pos 338748
alloc_pos 338948
alloc_pos 339048
alloc_pos 339236
alloc_pos 339404
alloc_pos 339600
alloc_pos 339832
alloc_pos 339968
alloc_pos 340064
alloc_pos 340268
alloc_pos 340388
alloc_pos 340636
alloc_pos 340828
alloc_pos 340940
alloc_pos 340968
alloc_pos 341232
alloc_pos 341372
alloc_pos 341484
alloc_pos 341548
alloc_pos 341728
alloc_pos 341780
alloc_pos 341928
alloc_pos 341964
alloc_pos 342040
alloc_pos 342260
alloc_pos 342356
alloc_pos 342412
alloc_pos 342624
alloc_pos 342708
alloc_pos 342832
alloc_pos 342956
alloc_pos 343212
alloc_pos 343456
alloc_pos 343604
alloc_pos 343648
alloc_pos 343712
alloc_pos 343848
alloc_pos 343972
alloc_pos 344136
alloc_pos 344228
alloc_pos 344476
alloc_pos 344532
alloc_pos 344764
alloc_pos 344896
alloc_pos 345140
alloc_pos 345304
alloc_pos 345396
alloc_pos 345600
alloc_pos 345728
alloc_pos 345840
alloc_pos 346036
alloc_pos 346284
alloc_pos 346404
alloc_pos 346484
alloc_pos 346544
alloc_pos 346588
alloc_pos 346656
alloc_pos 346716
alloc_pos 346796
alloc_pos 346988
alloc_pos 347068
alloc_pos 347092
alloc_pos 347240
alloc_pos 347476
alloc_pos 347648
alloc_pos 347716
alloc_pos 347804
alloc_pos 347900
alloc_pos 347924
alloc_pos 347984
alloc_pos 348112
alloc_pos 348272
alloc_pos 348388
alloc_pos 348568
alloc_pos 348736
alloc_pos 348840
alloc_pos 349104
alloc_pos 349160
alloc_pos 349360
alloc_pos 349600
alloc_pos 349752
alloc_pos 350016
alloc_pos 350196
alloc_pos 350384
alloc_pos 350580
alloc_pos 350792
alloc_pos 350828
alloc_pos 350968
alloc_pos 351220
alloc_pos 351464
alloc_pos 351684
alloc_pos 351948
alloc_pos 352192
alloc_pos 352388
alloc_pos 352616
alloc_pos 352780
alloc_pos 352904
alloc_pos 353028
alloc_pos 353152
alloc_pos 353276
alloc_pos 353324
alloc_pos 353468
alloc_pos 353652
alloc_pos 353776
alloc_pos 353812
alloc_pos 353884
alloc_pos 353924
alloc_pos 354000
alloc_pos 354136
alloc_pos 354200
alloc_pos 354252
alloc_pos 354360
alloc_pos 354536
alloc_pos 354572
alloc_pos 354620
alloc_pos 354644
alloc_pos 354812
alloc_pos 354872
alloc_pos 354976
alloc_pos 355240
alloc_pos 355300
alloc_pos 355424
alloc_pos 355612
alloc_pos 355648
alloc_pos 355688
alloc_pos 355920
alloc_pos 356080
alloc_pos 356128
alloc_pos 356244
alloc_pos 356416
alloc_pos 356452
alloc_pos 356708
alloc_pos 356860
alloc_pos 356936
alloc_pos 356968
alloc_pos 357012
alloc_pos 357144
alloc_pos 357272
alloc_pos 357312
alloc_pos 357396
alloc_pos 357440
alloc_pos 357604
alloc_pos 357736
alloc_pos 357772
alloc_pos 358004
alloc_pos 358172
alloc_pos 358224
alloc_pos 358488
alloc_pos 358568
alloc_pos 358752
alloc_pos 358936
alloc_pos 359108
alloc_pos 359372
alloc_pos 359408
alloc_pos 359576
alloc_pos 359748
alloc_pos 359872
alloc_pos 359908
alloc_pos 359988
alloc_pos 360020
alloc_pos 360184
alloc_pos 360424
alloc_pos 360480
alloc_pos 360576
alloc_pos 360704
alloc_pos 360764
alloc_pos 360924
alloc_pos 360976
alloc_pos 361144
alloc_pos 361244
alloc_pos 361408
alloc_pos 361640
alloc_pos 361836
alloc_pos 361904
alloc_pos 361952
alloc_pos 362124
alloc_pos 362292
alloc_pos 362476
alloc_pos 362548
alloc_pos 362664
alloc_pos 362712
alloc_pos 362876
alloc_pos 363080
alloc_pos 363120
alloc_pos 363288
alloc_pos 363324
alloc_pos 363504
alloc_pos 363580
alloc_pos 363728
alloc_pos 363924
alloc_pos 364084
alloc_pos 364216
alloc_pos 364436
alloc_pos 364540
alloc_pos 364680
alloc_pos 364852
alloc_pos 365112
alloc_pos 365252
alloc_pos 365368
alloc_pos 365468
alloc_pos 365552
alloc_pos 365776
alloc_pos 365844
alloc_pos 366044
alloc_pos 366264
alloc_pos 366348
alloc_pos 366392
alloc_pos 366560
alloc_pos 366660
alloc_pos 366816
alloc_pos 366964
alloc_pos 367212
alloc_pos 367320
alloc_pos 367528
alloc_pos 367664
alloc_pos 367760
alloc_pos 367936
alloc_pos 367976
alloc_pos 368028
alloc_pos 368180
alloc_pos 368308
alloc_pos 368372
alloc_pos 368588
alloc_pos 368696
alloc_pos 368756
alloc_pos 369016
alloc_pos 369164
alloc_pos 369292
alloc_pos 369324
alloc_pos 369516
alloc_pos 369556
alloc_pos 369772
alloc_pos 369936
alloc_pos 370104
alloc_pos 370328
alloc_pos 370576
alloc_pos 370808
alloc_pos 370912
alloc_pos 371020
alloc_pos 371220
alloc_pos 371332
alloc_pos 371508
alloc_pos 371656
alloc_pos 371828
alloc_pos 372056
alloc_pos 372196
alloc_pos 372236
alloc_pos 372472
alloc_pos 372516
alloc_pos 372780
alloc_pos 372872
alloc_pos 373016
alloc_pos 373216
alloc_pos 373408
alloc_pos 373448
alloc_pos 373484
alloc_pos 373692
alloc_pos 373892
alloc_pos 373992
alloc_pos 374180
alloc_pos 374348
alloc_pos 374544
alloc_pos 374776
alloc_pos 374912
alloc_pos 375008
alloc_pos 375212
alloc_pos 375332
alloc_pos 375580
alloc_pos 375772
alloc_pos 375884
alloc_pos 375912
alloc_pos 376176
alloc_pos 376316
alloc_pos 376428
alloc_pos 376492
alloc_pos 376672
alloc_pos 376724
alloc_pos 376872
alloc_pos 376908
alloc_pos 376984
alloc_pos 377204
alloc_pos 377300
alloc_pos 377356
alloc_pos 377568
alloc_pos 377652
alloc_pos 377776
alloc_pos 377900
alloc_pos 378156
alloc_pos 378400
alloc_pos 378548
alloc_pos 378592
alloc_pos 378656
alloc_pos 378792
alloc_pos 378916
alloc_pos 379080
alloc_pos 379172
alloc_pos 379420
alloc_pos 379476
alloc_pos 379708
alloc_pos 379840
alloc_pos 380084
alloc_pos 380248
alloc_pos 380340
alloc_pos 380544
alloc_pos 380672
alloc_pos 380784
alloc_pos 380980
alloc_pos 381228
alloc_pos 381348
alloc_pos 381428
alloc_pos 381488
alloc_pos 381532
alloc_pos 381600
alloc_pos 381660
alloc_pos 381740
alloc_pos 381932
alloc_pos 382012
alloc_pos 382036
alloc_pos 382184
alloc_pos 382420
alloc_pos 382592
alloc_pos 382660
alloc_pos 382748
alloc_pos 382844
alloc_pos 382868
alloc_pos 382928
alloc_pos 383056
alloc_pos 383216
alloc_pos 383332
alloc_pos 383512
alloc_pos 383680
alloc_pos 383784
alloc_pos 384048
alloc_pos 384104
alloc_pos 384304
alloc_pos 384544
alloc_pos 384696
alloc_pos 384960
alloc_pos 385140
alloc_pos 385328
alloc_pos 385524
alloc_pos 385736
alloc_pos 385772
alloc_pos 385912
alloc_pos 386164
alloc_pos 386408
alloc_pos 386628
alloc_pos 386892
alloc_pos 387136
alloc_pos 387332
alloc_pos 387560
alloc_pos 387724
alloc_pos 387848
alloc_pos 387972
alloc_pos 388096
alloc_pos 388220
alloc_pos 388268
alloc_pos 388412
alloc_pos 388596
alloc_pos 388720
alloc_pos 388756
alloc_pos 388828
alloc_pos 388868
alloc_pos 388944
alloc_pos 389080
alloc_pos 389144
alloc_pos 389196
alloc_pos 389304
alloc_pos 389480
alloc_pos 389516
alloc_pos 389564
alloc_pos 389588
alloc_pos 389756
alloc_pos 389816
alloc_pos 389920
alloc_pos 390184
alloc_pos 390244
alloc_pos 390368
alloc_pos 390556
alloc_pos 390592
alloc_pos 390632
alloc_pos 390864
alloc_pos 391024
alloc_pos 391072
alloc_pos 391188
alloc_pos 391360
alloc_pos 391396
alloc_pos 391652
alloc_pos 391804
alloc_pos 391880
alloc_pos 391912
alloc_pos 391956
alloc_pos 392088
alloc_pos 392216
alloc_pos 392256
alloc_pos 392340
alloc_pos 392384
alloc_pos 392548
alloc_pos 392680
alloc_pos 392716
alloc_pos 392948
alloc_pos 393116
alloc_pos 393168
alloc_pos 393432
alloc_pos 393512
alloc_pos 393696
alloc_pos 393880
alloc_pos 394052
alloc_pos 394316
alloc_pos 394352
alloc_pos 394520
alloc_pos 394692
alloc_pos 394816
alloc_pos 394852
alloc_pos 394932
alloc_pos 394964
alloc_pos 395128
alloc_pos 395368
alloc_pos 395424
alloc_pos 395520
alloc_pos 395648
alloc_pos 395708
alloc_pos 395868
alloc_pos 395920
alloc_pos 396088
alloc_pos 396188
alloc_pos 396352
alloc_pos 396584
alloc_pos 396780
alloc_pos 396848
alloc_pos 396896
alloc_pos 397068
alloc_pos 397236
alloc_pos 397420
alloc_pos 397492
alloc_pos 397608
alloc_pos 397656
alloc_pos 397820
alloc_pos 398024
alloc_pos 398064
alloc_pos 398232
alloc_pos 398268
alloc_pos 398448
alloc_pos 398524
alloc_pos 398672
alloc_pos 398868
alloc_pos 399028
alloc_pos 399160
alloc_pos 399380
alloc_pos 399484
alloc_pos 399624
alloc_pos 399796
alloc_pos 400056
alloc_pos 400196
alloc_pos 400312
alloc_pos 400412
alloc_pos 400496
alloc_pos 400720
alloc_pos 400788
alloc_pos 400988
alloc_pos 401208
alloc_pos 401292
alloc_pos 401336
alloc_pos 401504
alloc_pos 401604
alloc_pos 401760
alloc_pos 401908
alloc_pos 402156
alloc_pos 402264
alloc_pos 402472
alloc_pos 402608
alloc_pos 402704
alloc_pos 402880
alloc_pos 402920
alloc_pos 402972
alloc_pos 403124
alloc_pos 403252
alloc_pos 403316
alloc_pos 403532
alloc_pos 403640
alloc_pos 403700
alloc_pos 403960
alloc_pos 404108
alloc_pos 404236
alloc_pos 404268
alloc_pos 404460
alloc_pos 404500
alloc_pos 404716
alloc_pos 404880
alloc_pos 405048
alloc_pos 405272
alloc_pos 405520
alloc_pos 405752
alloc_pos 405856
alloc_pos 405964
alloc_pos 406164
alloc_pos 406276
alloc_pos 406452
alloc_pos 406600
alloc_pos 406772
alloc_pos 407000
alloc_pos 407140
alloc_pos 407180
alloc_pos 407416
alloc_pos 407460
alloc_pos 407724
alloc_pos 407816
alloc_pos 407960
alloc_pos 408160
alloc_pos 408352
alloc_pos 408392
alloc_pos 408428
alloc_pos 408636
alloc_pos 408836
alloc_pos 408936
alloc_pos 409124
alloc_pos 409292
alloc_pos 409488
alloc_pos 409720
alloc_pos 409856
alloc_pos 409952
alloc_pos 410156
alloc_pos 410276
alloc_pos 410524
alloc_pos 410716
alloc_pos 410828
alloc_pos 410856
alloc_pos 411120
alloc_pos 411260
alloc_pos 411372
alloc_pos 411436
alloc_pos 411616
alloc_pos 411668
alloc_pos 411816
alloc_pos 411852
alloc_pos 411928
alloc_pos 412148
alloc_pos 412244
alloc_pos 412300
alloc_pos 412512
alloc_pos 412596
alloc_pos 412720
alloc_pos 412844
alloc_pos 413100
alloc_pos 413344
alloc_pos 413492
alloc_pos 413536
alloc_pos 413600
alloc_pos 413736
alloc_pos 413860
alloc_pos 414024
alloc_pos 414116
alloc_pos 414364
alloc_pos 414420
alloc_pos 414652
alloc_pos 414784
alloc_pos 415028
alloc_pos 415192
alloc_pos 415284
alloc_pos 415488
alloc_pos 415616
alloc_pos 415728
alloc_pos 415924
alloc_pos 416172
alloc_pos 416292
alloc_pos 416372
alloc_pos 416432
alloc_pos 416476
alloc_pos 416544
alloc_pos 416604
alloc_pos 416684
alloc_pos 416876
alloc_pos 416956
alloc_pos 416980
alloc_pos 417128
alloc_pos 417364
alloc_pos 417536
alloc_pos 417604
alloc_pos 417692
alloc_pos 417788
alloc_pos 417812
alloc_pos 417872
alloc_pos 418000
alloc_pos 418160
alloc_pos 418276
alloc_pos 418456
alloc_pos 418624
alloc_pos 418728
alloc_pos 418992
alloc_pos 419048
alloc_pos 419248
alloc_pos 419488
alloc_pos 419640
alloc_pos 419904
alloc_pos 420084
alloc_pos 420272
alloc_pos 420468
alloc_pos 420680
alloc_pos 420716
alloc_pos 420856
alloc_pos 421108
alloc_pos 421352
alloc_pos 421572
alloc_pos 421836
alloc_pos 422080
alloc_pos 422276
alloc_pos 422504
alloc_pos 422668
alloc_pos 422792
alloc_pos 422916
alloc_pos 423040
alloc_pos 423164
alloc_pos 423212
alloc_pos 423356
alloc_pos 423540
alloc_pos 423664
alloc_pos 423700
alloc_pos 423772
alloc_pos 423812
alloc_pos 423888
alloc_pos 424024
alloc_pos 424088
alloc_pos 424140
alloc_pos 424248
alloc_pos 424424
alloc_pos 424460
alloc_pos 424508
alloc_pos 424532
alloc_pos 424700
alloc_pos 424760
alloc_pos 424864
alloc_pos 425128
alloc_pos 425188
alloc_pos 425312
alloc_pos 425500
alloc_pos 425536
alloc_pos 425576
alloc_pos 425808
alloc_pos 425968
alloc_pos 426016
alloc_pos 426132
alloc_pos 426304
alloc_pos 426340
alloc_pos 426596
alloc_pos 426748
alloc_pos 426824
alloc_pos 426856
alloc_pos 426900
alloc_pos 427032
alloc_pos 427160
alloc_pos 427200
alloc_pos 427284
alloc_pos 427328
alloc_pos 427492
alloc_pos 427624
alloc_pos 427660
alloc_pos 427892
alloc_pos 428060
alloc_pos 428112
alloc_pos 428376
alloc_pos 428456
alloc_pos 428640
alloc_pos 428824
alloc_pos 428996
alloc_pos 429260
alloc_pos 429296
alloc_pos 429464
alloc_pos 429636
alloc_pos 429760
alloc_pos 429796
alloc_pos 429876
alloc_pos 429908
alloc_pos 430072
alloc_pos 430312
alloc_pos 430368
alloc_pos 430464
alloc_pos 430592
alloc_pos 430652
alloc_pos 430812
alloc_pos 430864
alloc_pos 431032
alloc_pos 431132
alloc_pos 431296
alloc_pos 431528
alloc_pos 431724
alloc_pos 431792
alloc_pos 431840
alloc_pos 432012
alloc_pos 432180
alloc_pos 432364
alloc_pos 432436
alloc_pos 432552
alloc_pos 432600
alloc_pos 432764
alloc_pos 432968
alloc_pos 433008
alloc_pos 433176
alloc_pos 433212
alloc_pos 433392
alloc_pos 433468
alloc_pos 433616
alloc_pos 433812
alloc_pos 433972
alloc_pos 434104
alloc_pos 434324
alloc_pos 434428
alloc_pos 434568
alloc_pos 434740
alloc_pos 435000
alloc_pos 435140
alloc_pos 435256
alloc_pos 435356
alloc_pos 435440
alloc_pos 435664
alloc_pos 435732
alloc_pos 435932
alloc_pos 436152
alloc_pos 436236
alloc_pos 436280
alloc_pos 436448
alloc_pos 436548
alloc_pos 436704
alloc_pos 436852
alloc_pos 437100
alloc_pos 437208
alloc_pos 437416
alloc_pos 437552
alloc_pos 437648
alloc_pos 437824
alloc_pos 437864
alloc_pos 437916
alloc_pos 438068
alloc_pos 438196
alloc_pos 438260
alloc_pos 438476
alloc_pos 438584
alloc_pos 438644
alloc_pos 438904
alloc_pos 439052
alloc_pos 439180
alloc_pos 439212
alloc_pos 439404
alloc_pos 439444
alloc_pos 439660
alloc_pos 439824
alloc_pos 439992
alloc_pos 440216
alloc_pos 440464
alloc_pos 440696
alloc_pos 440800
alloc_pos 440908
alloc_pos 441108
alloc_pos 441220
alloc_pos 441396
alloc_pos 441544
alloc_pos 441716
alloc_pos 441944
alloc_pos 442084
alloc_pos 442124
alloc_pos 442360
alloc_pos 442404
alloc_pos 442668
alloc_pos 442760
alloc_pos 442904
alloc_pos 443104
alloc_pos 443296
alloc_pos 443336
alloc_pos 443372
alloc_pos 443580
alloc_pos 443780
alloc_pos 443880
alloc_pos 444068
alloc_pos 444236
alloc_pos 444432
alloc_pos 444664
alloc_pos 444800
alloc_pos 444896
alloc_pos 445100
alloc_pos 445220
alloc_pos 445468
alloc_pos 445660
alloc_pos 445772
alloc_pos 445800
alloc_pos 446064
alloc_pos 446204
alloc_pos 446316
alloc_pos 446380
alloc_pos 446560
alloc_pos 446612
alloc_pos 446760
alloc_pos 446796
alloc_pos 446872
alloc_pos 447092
alloc_pos 447188
alloc_pos 447244
alloc_pos 447456
alloc_pos 447540
alloc_pos 447664
alloc_pos 447788
alloc_pos 448044
alloc_pos 448288
alloc_pos 448436
alloc_pos 448480
alloc_pos 448544
alloc_pos 448680
alloc_pos 448804
alloc_pos 448968
alloc_pos 449060
alloc_pos 449308
alloc_pos 449364
alloc_pos 449596
alloc_pos 449728
alloc_pos 449972
alloc_pos 450136
alloc_pos 450228
alloc_pos 450432
alloc_pos 450560
alloc_pos 450672
alloc_pos 450868
alloc_pos 451116
alloc_pos 451236
alloc_pos 451316
alloc_pos 451376
alloc_pos 451420
alloc_pos 451488
alloc_pos 451548
alloc_pos 451628
alloc_pos 451820
alloc_pos 451900
alloc_pos 451924
alloc_pos 452072
alloc_pos 452308
alloc_pos 452480
alloc_pos 452548
alloc_pos 452636
alloc_pos 452732
alloc_pos 452756
alloc_pos 452816
alloc_pos 452944
alloc_pos 453104
alloc_pos 453220
alloc_pos 453400
alloc_pos 453568
alloc_pos 453672
alloc_pos 453936
alloc_pos 453992
alloc_pos 454192
alloc_pos 454432
alloc_pos 454584
alloc_pos 454848
alloc_pos 455028
alloc_pos 455216
alloc_pos 455412
alloc_pos 455624
alloc_pos 455660
alloc_pos 455800
alloc_pos 456052
alloc_pos 456296
alloc_pos 456516
alloc_pos 456780
alloc_pos 457024
alloc_pos 457220
alloc_pos 457448
alloc_pos 457612
alloc_pos 457736
alloc_pos 457860
alloc_pos 457984
alloc_pos 458108
alloc_pos 458156
alloc_pos 458300
alloc_pos 458484
alloc_pos 458608
alloc_pos 458644
alloc_pos 458716
alloc_pos 458756
alloc_pos 458832
alloc_pos 458968
alloc_pos 459032
alloc_pos 459084
alloc_pos 459192
alloc_pos 459368
alloc_pos 459404
alloc_pos 459452
alloc_pos 459476
alloc_pos 459644
alloc_pos 459704
alloc_pos 459808
alloc_pos 460072
alloc_pos 460132
alloc_pos 460256
alloc_pos 460444
alloc_pos 460480
alloc_pos 460520
alloc_pos 460752
alloc_pos 460912
alloc_pos 460960
alloc_pos 461076
alloc_pos 461248
alloc_pos 461284
alloc_pos 461540
alloc_pos 461692
alloc_pos 461768
alloc_pos 461800
alloc_pos 461844
alloc_pos 461976
alloc_pos 462104
alloc_pos 462144
alloc_pos 462228
alloc_pos 462272
alloc_pos 462436
alloc_pos 462568
alloc_pos 462604
alloc_pos 462836
alloc_pos 463004
alloc_pos 463056
alloc_pos 463320
alloc_pos 463400
alloc_pos 463584
alloc_pos 463768
alloc_pos 463940
alloc_pos 464204
alloc_pos 464240
alloc_pos 464408
alloc_pos 464580
alloc_pos 464704
alloc_pos 464740
alloc_pos 464820
alloc_pos 464852
alloc_pos 465016
alloc_pos 465256
alloc_pos 465312
alloc_pos 465408
alloc_pos 465536
alloc_pos 465596
alloc_pos 465756
alloc_pos 465808
alloc_pos 465976
alloc_pos 466076
alloc_pos 466240
alloc_pos 466472
alloc_pos 466668
alloc_pos 466736
alloc_pos 466784
alloc_pos 466956
alloc_pos 467124
alloc_pos 467308
alloc_pos 467380
alloc_pos 467496
alloc_pos 467544
alloc_pos 467708
alloc_pos 467912
alloc_pos 467952
alloc_pos 468120
alloc_pos 468156
alloc_pos 468336
alloc_pos 468412
alloc_pos 468560
alloc_pos 468756
alloc_pos 468916
alloc_pos 469048
alloc_pos 469268
alloc_pos 469372
alloc_pos 469512
alloc_pos 469684
alloc_pos 469944
alloc_pos 470084
alloc_pos 470200
alloc_pos 470300
alloc_pos 470384
alloc_pos 470608
alloc_pos 470676
alloc_pos 470876
alloc_pos 471096
alloc_pos 471180
alloc_pos 471224
alloc_pos 471392
alloc_pos 471492
alloc_pos 471648
alloc_pos 471796
alloc_pos 472044
alloc_pos 472152
alloc_pos 472360
alloc_pos 472496
alloc_pos 472592
alloc_pos 472768
alloc_pos 472808
alloc_pos 472860
alloc_pos 473012
alloc_pos 473140
alloc_pos 473204
alloc_pos 473420
alloc_pos 473528
alloc_pos 473588
alloc_pos 473848
alloc_pos 473996
alloc_pos 474124
alloc_pos 474156
alloc_pos 474348
alloc_pos 474388
alloc_pos 474604
alloc_pos 474768
alloc_pos 474936
alloc_pos 475160
alloc_pos 475408
alloc_pos 475640
alloc_pos 475744
alloc_pos 475852
alloc_pos 476052
alloc_pos 476164
alloc_pos 476340
alloc_pos 476488
alloc_pos 476660
alloc_pos 476888
alloc_pos 477028
alloc_pos 477068
alloc_pos 477304
alloc_pos 477348
alloc_pos 477612
alloc_pos 477704
alloc_pos 477848
alloc_pos 478048
alloc_pos 478240
alloc_pos 478280
alloc_pos 478316
alloc_pos 478524
alloc_pos 478724
alloc_pos 478824
alloc_pos 479012
alloc_pos 479180
alloc_pos 479376
alloc_pos 479608
alloc_pos 479744
alloc_pos 479840
alloc_pos 480044
alloc_pos 480164
alloc_pos 480412
alloc_pos 480604
alloc_pos 480716
alloc_pos 480744
alloc_pos 481008
alloc_pos 481148
alloc_pos 481260
alloc_pos 481324
alloc_pos 481504
alloc_pos 481556
alloc_pos 481704
alloc_pos 481740
alloc_pos 481816
alloc_pos 482036
alloc_pos 482132
alloc_pos 482188
alloc_pos 482400
alloc_pos 482484
alloc_pos 482608
alloc_pos 482732
alloc_pos 482988
alloc_pos 483232
alloc_pos 483380
alloc_pos 483424
alloc_pos 483488
alloc_pos 483624
alloc_pos 483748
alloc_pos 483912
alloc_pos 484004
alloc_pos 484252
alloc_pos 484308
alloc_pos 484540
alloc_pos 484672
alloc_pos 484916
alloc_pos 485080
alloc_pos 485172
alloc_pos 485376
alloc_pos 485504
alloc_pos 485616
alloc_pos 485812
alloc_pos 486060
alloc_pos 486180
alloc_pos 486260
alloc_pos 486320
alloc_pos 486364
alloc_pos 486432
alloc_pos 486492
alloc_pos 486572
alloc_pos 486764
alloc_pos 486844
alloc_pos 486868
alloc_pos 487016
alloc_pos 487252
alloc_pos 487424
alloc_pos 487492
alloc_pos 487580
alloc_pos 487676
alloc_pos 487700
alloc_pos 487760
alloc_pos 487888
alloc_pos 488048
alloc_pos 488164
alloc_pos 488344
alloc_pos 488512
alloc_pos 488616
alloc_pos 488880
alloc_pos 488936
alloc_pos 489136
alloc_pos 489376
alloc_pos 489528
alloc_pos 489792
alloc_pos 489972
alloc_pos 490160
alloc_pos 490356
alloc_pos 490568
alloc_pos 490604
alloc_pos 490744
alloc_pos 490996
alloc_pos 491240
alloc_pos 491460
alloc_pos 491724
alloc_pos 491968
alloc_pos 492164
alloc_pos 492392
alloc_pos 492556
alloc_pos 492680
alloc_pos 492804
alloc_pos 492928
alloc_pos 493052
alloc_pos 493100
alloc_pos 493244
alloc_pos 493428
alloc_pos 493552
alloc_pos 493588
alloc_pos 493660
alloc_pos 493700
alloc_pos 493776
alloc_pos 493912
alloc_pos 493976
alloc_pos 494028
alloc_pos 494136
alloc_pos 494312
alloc_pos 494348
alloc_pos 494396
alloc_pos 494420
alloc_pos 494588
alloc_pos 494648
alloc_pos 494752
alloc_pos 495016
alloc_pos 495076
alloc_pos 495200
alloc_pos 495388
alloc_pos 495424
alloc_pos 495464
alloc_pos 495696
alloc_pos 495856
alloc_pos 495904
alloc_pos 496020
alloc_pos 496192
alloc_pos 496228
alloc_pos 496484
alloc_pos 496636
alloc_pos 496712
alloc_pos 496744
alloc_pos 496788
alloc_pos 496920
alloc_pos 497048
alloc_pos 497088
alloc_pos 497172
alloc_pos 497216
alloc_pos 497380
alloc_pos 497512
alloc_pos 497548
alloc_pos 497780
alloc_pos 497948
alloc_pos 498000
alloc_pos 498264
alloc_pos 498344
alloc_pos 498528
alloc_pos 498712
alloc_pos 498884
alloc_pos 499148
alloc_pos 499184
alloc_pos 499352
alloc_pos 499524
alloc_pos 499648
alloc_pos 499684
alloc_pos 499764
alloc_pos 499796
alloc_pos 499960
alloc_pos 500200
alloc_pos 500256
alloc_pos 500352
alloc_pos 500480
alloc_pos 500540
alloc_pos 500700
alloc_pos 500752
alloc_pos 500920
alloc_pos 501020
alloc_pos 501184
alloc_pos 501416
alloc_pos 501612
alloc_pos 501680
alloc_pos 501728
alloc_pos 501900
alloc_pos 502068
alloc_pos 502252
alloc_pos 502324
alloc_pos 502440
alloc_pos 502488
alloc_pos 502652
alloc_pos 502856
alloc_pos 502896
alloc_pos 503064
alloc_pos 503100
alloc_pos 503280
alloc_pos 503356
alloc_pos 503504
alloc_pos 503700
alloc_pos 503860
alloc_pos 503992
alloc_pos 504212
alloc_pos 504316
alloc_pos 504456
alloc_pos 504628
alloc_pos 504888
alloc_pos 505028
alloc_pos 505144
alloc_pos 505244
alloc_pos 505328
alloc_pos 505552
alloc_pos 505620
alloc_pos 505820
alloc_pos 506040
alloc_pos 506124
alloc_pos 506168
alloc_pos 506336
alloc_pos 506436
alloc_pos 506592
alloc_pos 506740
alloc_pos 506988
alloc_pos 507096
alloc_pos 507304
alloc_pos 507440
alloc_pos 507536
alloc_pos 507712
alloc_pos 507752
alloc_pos 507804
alloc_pos 507956
alloc_pos 508084
alloc_pos 508148
alloc_pos 508364
alloc_pos 508472
alloc_pos 508532
alloc_pos 508792
alloc_pos 508940
alloc_pos 509068
alloc_pos 509100
alloc_pos 509292
alloc_pos 509332
alloc_pos 509548
alloc_pos 509712
alloc_pos 509880
alloc_pos 510104
alloc_pos 510352
alloc_pos 510584
alloc_pos 510688
alloc_pos 510796
alloc_pos 510996
alloc_pos 511108
alloc_pos 511284
alloc_pos 511432
alloc_pos 511604
alloc_pos 511832
alloc_pos 511972
alloc_pos 512012
alloc_pos 512248
alloc_pos 512292
alloc_pos 512556
alloc_pos 512648
alloc_pos 512792
alloc_pos 512992
alloc_pos 513184
alloc_pos 513224
alloc_pos 513260
alloc_pos 513468
alloc_pos 513668
alloc_pos 513768
alloc_pos 513956
alloc_pos 514124
alloc_pos 514320
alloc_pos 514552
alloc_pos 514688
alloc_pos 514784
alloc_pos 514988
alloc_pos 515108
alloc_pos 515356
alloc_pos 515548
alloc_pos 515660
alloc_pos 515688
alloc_pos 515952
alloc_pos 516092
alloc_pos 516204
alloc_pos 516268
alloc_pos 516448
alloc_pos 516500
alloc_pos 516648
alloc_pos 516684
alloc_pos 516760
alloc_pos 516980
alloc_pos 517076
alloc_pos 517132
alloc_pos 517344
alloc_pos 517428
alloc_pos 517552
alloc_pos 517676
alloc_pos 517932
alloc_pos 518176
alloc_pos 518324
alloc_pos 518368
alloc_pos 518432
alloc_pos 518568
alloc_pos 518692
alloc_pos 518856
alloc_pos 518948
alloc_pos 519196
alloc_pos 519252
alloc_pos 519484
alloc_pos 519616
alloc_pos 519860
alloc_pos 520024
alloc_pos 520116
alloc_pos 520320
alloc_pos 520448
alloc_pos 520560
alloc_pos 520756
alloc_pos 521004
alloc_pos 521124
alloc_pos 521204
alloc_pos 521264
alloc_pos 521308
alloc_pos 521376
alloc_pos 521436
alloc_pos 521516
alloc_pos 521708
alloc_pos 521788
alloc_pos 521812
alloc_pos 521960
alloc_pos 522196
alloc_pos 522368
alloc_pos 522436
alloc_pos 522524
alloc_pos 522620
alloc_pos 522644
alloc_pos 522704
alloc_pos 522832
alloc_pos 522992
alloc_pos 523108
alloc_pos 523288
alloc_pos 523456
alloc_pos 523560
alloc_pos 523824
alloc_pos 523880
alloc_pos -1

