reason: unexpected exit code -6
--- stdout ---
CHENEY GENERATOR!
--- stderr ---
alloc_pos 8
alloc_pos 1040
alloc_pos 2072
alloc_pos 3104
alloc_pos 4136
alloc_pos 5168
alloc_pos 5184
alloc_pos 5200
alloc_pos 5216
alloc_pos 5232
alloc_pos 5248
alloc_pos 5264
alloc_pos 5280
alloc_pos 5296
alloc_pos 5312
alloc_pos 5328
alloc_pos 5344
alloc_pos 5360
alloc_pos 5376
alloc_pos 5392
alloc_pos 5408
alloc_pos 5424
alloc_pos 5440
alloc_pos 5456
alloc_pos 5472
alloc_pos 5488
alloc_pos 5504
alloc_pos 5520
alloc_pos 5536
alloc_pos 5552
alloc_pos 5568
alloc_pos 5584
alloc_pos 5600
alloc_pos 5616
alloc_pos 5632
alloc_pos 5648
alloc_pos 5664
alloc_pos 5680
alloc_pos 5696
alloc_pos 5712
alloc_pos 5728
alloc_pos 5744
alloc_pos 5760
alloc_pos 5776
alloc_pos 5792
alloc_pos 5808
alloc_pos 5824
alloc_pos 5840
alloc_pos 5856
alloc_pos 5872
alloc_pos 5888
alloc_pos 5904
alloc_pos 5920
alloc_pos 5936
alloc_pos 5952
alloc_pos 5968
alloc_pos 5984
alloc_pos 6000
alloc_pos 6016
alloc_pos 6032
alloc_pos 6048
alloc_pos 6064
alloc_pos 6080
alloc_pos 6096
alloc_pos 6112
alloc_pos 6128
alloc_pos 6144
alloc_pos 6160
alloc_pos 6176
alloc_pos 6192
alloc_pos 6208
alloc_pos 6224
alloc_pos 6240
alloc_pos 6256
alloc_pos 6272
alloc_pos 6288
alloc_pos 6304
alloc_pos 6320
alloc_pos 6336
alloc_pos 6352
alloc_pos 6368
alloc_pos 6384
alloc_pos 6400
alloc_pos 6416
alloc_pos 6432
alloc_pos 6448
alloc_pos 6464
alloc_pos 6480
alloc_pos 6496
alloc_pos 6512
alloc_pos 6528
alloc_pos 6544
alloc_pos 6560
alloc_pos 6576
alloc_pos 6592
alloc_pos 6608
alloc_pos 6624
alloc_pos 6640
alloc_pos 6656
alloc_pos 6672
alloc_pos 6688
alloc_pos 6704
alloc_pos 6720
alloc_pos 6736
alloc_pos 6752
alloc_pos 6768
alloc_pos 6784
alloc_pos 6800
alloc_pos 6816
alloc_pos 6832
alloc_pos 6848
alloc_pos 6864
alloc_pos 6880
alloc_pos 6896
alloc_pos 6912
alloc_pos 6928
alloc_pos 6944
alloc_pos 6960
alloc_pos 6976
alloc_pos 6992
alloc_pos 7008
alloc_pos 7024
alloc_pos 7040
alloc_pos 7056
alloc_pos 7072
alloc_pos 7088
alloc_pos 7104
alloc_pos 7120
alloc_pos 7136
alloc_pos 7152
alloc_pos 7168
alloc_pos 7184
alloc_pos 7200
alloc_pos 7216
alloc_pos 7232
alloc_pos 7248
alloc_pos 7264
alloc_pos 7280
alloc_pos 7296
alloc_pos 7312
alloc_pos 7328
alloc_pos 7344
alloc_pos 7360
alloc_pos 7376
alloc_pos 7392
alloc_pos 7408
alloc_pos 7424
alloc_pos 7440
alloc_pos 7456
alloc_pos 7472
alloc_pos 7488
alloc_pos 7504
alloc_pos 7520
alloc_pos 7536
alloc_pos 7552
alloc_pos 7568
alloc_pos 7584
alloc_pos 7600
alloc_pos 7616
alloc_pos 7632
alloc_pos 7648
alloc_pos 7664
alloc_pos 7680
alloc_pos 7696
alloc_pos 7712
alloc_pos 7728
alloc_pos 7744
alloc_pos 7760
alloc_pos 7776
alloc_pos 7792
alloc_pos 7808
alloc_pos 7824
alloc_pos 7840
alloc_pos 7856
alloc_pos 7872
alloc_pos 7888
alloc_pos 7904
alloc_pos 7920
alloc_pos 7936
alloc_pos 7952
alloc_pos 7968
alloc_pos 7984
alloc_pos 8000
alloc_pos 8016
alloc_pos 8032
alloc_pos 8048
alloc_pos 8064
alloc_pos 8080
alloc_pos 8096
alloc_pos 8112
alloc_pos 8128
alloc_pos 8144
alloc_pos 8160
alloc_pos 8176
alloc_pos 8192
alloc_pos 8208
alloc_pos 8224
alloc_pos 8240
alloc_pos 8256
alloc_pos 8272
alloc_pos 8288
alloc_pos 8304
alloc_pos 8320
alloc_pos 8336
alloc_pos 8352
alloc_pos 8368
alloc_pos 8384
alloc_pos 8400
alloc_pos 8416
alloc_pos 8432
alloc_pos 8448
alloc_pos 8464
alloc_pos 8480
alloc_pos 8496
alloc_pos 8512
alloc_pos 8528
alloc_pos 8544
alloc_pos 8560
alloc_pos 8576
alloc_pos 8592
alloc_pos 8608
alloc_pos 8624
alloc_pos 8640
alloc_pos 8656
alloc_pos 8672
alloc_pos 8688
alloc_pos 8704
alloc_pos 8720
alloc_pos 8736
alloc_pos 8752
alloc_pos 8768
alloc_pos 8784
alloc_pos 8800
alloc_pos 8816
alloc_pos 8832
alloc_pos 8848
alloc_pos 8864
alloc_pos 8880
alloc_pos 8896
alloc_pos 8912
alloc_pos 8928
alloc_pos 8944
alloc_pos 8960
alloc_pos 8976
alloc_pos 8992
alloc_pos 9008
alloc_pos 9024
alloc_pos 9040
alloc_pos 9056
alloc_pos 9072
alloc_pos 9088
alloc_pos 9104
alloc_pos 9120
alloc_pos 9136
alloc_pos 9152
alloc_pos 9168
alloc_pos 9184
alloc_pos 9200
alloc_pos 9216
alloc_pos 9232
alloc_pos 9248
alloc_pos 9264
alloc_pos 9428
alloc_pos 9472
alloc_pos 9552
alloc_pos 9808
alloc_pos 9860
alloc_pos 10000
alloc_pos 10188
alloc_pos 10248
alloc_pos 10484
alloc_pos 10556
alloc_pos 10708
alloc_pos 10928
alloc_pos 11056
alloc_pos 11316
alloc_pos 11524
alloc_pos 11624
alloc_pos 11768
alloc_pos 11988
alloc_pos 12116
alloc_pos 12328
alloc_pos 12556
alloc_pos 12748
alloc_pos 12856
alloc_pos 12904
alloc_pos 13048
alloc_pos 13272
alloc_pos 13360
alloc_pos 13548
alloc_pos 13592
alloc_pos 13712
alloc_pos 13816
alloc_pos 14032
alloc_pos 14192
alloc_pos 14224
alloc_pos 14272
alloc_pos 14456
alloc_pos 14592
alloc_pos 14656
alloc_pos 14756
alloc_pos 14860
alloc_pos 14972
alloc_pos 15088
alloc_pos 15216
alloc_pos 15384
alloc_pos 15580
alloc_pos 15804
alloc_pos 15868
alloc_pos 15936
alloc_pos 16076
alloc_pos 16164
alloc_pos 16392
alloc_pos 16552
alloc_pos 16640
alloc_pos 16780
alloc_pos 16924
alloc_pos 16972
alloc_pos 17092
alloc_pos 17188
alloc_pos 17216
alloc_pos 17240
alloc_pos 17484
alloc_pos 17520
alloc_pos 17684
alloc_pos 17728
alloc_pos 17808
alloc_pos 18064
alloc_pos 18116
alloc_pos 18256
alloc_pos 18444
alloc_pos 18504
alloc_pos 18740
alloc_pos 18812
alloc_pos 18964
alloc_pos 19184
alloc_pos 19312
alloc_pos 19572
alloc_pos 19780
alloc_pos 19880
alloc_pos 20024
alloc_pos 20244
alloc_pos 20372
alloc_pos 20584
alloc_pos 20812
alloc_pos 21004
alloc_pos 21112
alloc_pos 21160
alloc_pos 21304
alloc_pos 21528
alloc_pos 21616
alloc_pos 21804
alloc_pos 21848
alloc_pos 21968
alloc_pos 22072
alloc_pos 22288
alloc_pos 22448
alloc_pos 22480
alloc_pos 22528
alloc_pos 22712
alloc_pos 22848
alloc_pos 22912
alloc_pos 23012
alloc_pos 23116
alloc_pos 23228
alloc_pos 23344
alloc_pos 23472
alloc_pos 23640
alloc_pos 23836
alloc_pos 24060
alloc_pos 24124
alloc_pos 24192
alloc_pos 24332
alloc_pos 24420
alloc_pos 24648
alloc_pos 24808
alloc_pos 24896
alloc_pos 25036
alloc_pos 25180
alloc_pos 25228
alloc_pos 25348
alloc_pos 25444
alloc_pos 25472
alloc_pos 25496
alloc_pos 25740
alloc_pos 25776
alloc_pos 25940
alloc_pos 25984
alloc_pos 26064
alloc_pos 26320
alloc_pos 26372
alloc_pos 26512
alloc_pos 26700
alloc_pos 26760
alloc_pos 26996
alloc_pos 27068
alloc_pos 27220
alloc_pos 27440
alloc_pos 27568
alloc_pos 27828
alloc_pos 28036
alloc_pos 28136
alloc_pos 28280
alloc_pos 28500
alloc_pos 28628
alloc_pos 28840
alloc_pos 29068
alloc_pos 29260
alloc_pos 29368
alloc_pos 29416
alloc_pos 29560
alloc_pos 29784
alloc_pos 29872
alloc_pos 30060
alloc_pos 30104
alloc_pos 30224
alloc_pos 30328
alloc_pos 30544
alloc_pos 30704
alloc_pos 30736
alloc_pos 30784
alloc_pos 30968
alloc_pos 31104
alloc_pos 31168
alloc_pos 31268
alloc_pos 31372
alloc_pos 31484
alloc_pos 31600
alloc_pos 31728
alloc_pos 31896
alloc_pos 32092
alloc_pos 32316
alloc_pos 32380
alloc_pos 32448
alloc_pos 32588
alloc_pos 32676
alloc_pos 32904
alloc_pos 33064
alloc_pos 33152
alloc_pos 33292
alloc_pos 33436
alloc_pos 33484
alloc_pos 33604
alloc_pos 33700
alloc_pos 33728
alloc_pos 33752
alloc_pos 33996
alloc_pos 34032
alloc_pos 34196
alloc_pos 34240
alloc_pos 34320
alloc_pos 34576
alloc_pos 34628
alloc_pos 34768
alloc_pos 34956
alloc_pos 35016
alloc_pos 35252
alloc_pos 35324
alloc_pos 35476
alloc_pos 35696
alloc_pos 35824
alloc_pos 36084
alloc_pos 36292
alloc_pos 36392
alloc_pos 36536
alloc_pos 36756
alloc_pos 36884
alloc_pos 37096
alloc_pos 37324
alloc_pos 37516
alloc_pos 37624
alloc_pos 37672
alloc_pos 37816
alloc_pos 38040
alloc_pos 38128
alloc_pos 38316
alloc_pos 38360
alloc_pos 38480
alloc_pos 38584
alloc_pos 38800
alloc_pos 38960
alloc_pos 38992
alloc_pos 39040
alloc_pos 39224
alloc_pos 39360
alloc_pos 39424
alloc_pos 39524
alloc_pos 39628
alloc_pos 39740
alloc_pos 39856
alloc_pos 39984
alloc_pos 40152
alloc_pos 40348
alloc_pos 40572
alloc_pos 40636
alloc_pos 40704
alloc_pos 40844
alloc_pos 40932
alloc_pos 41160
alloc_pos 41320
alloc_pos 41408
alloc_pos 41548
alloc_pos 41692
alloc_pos 41740
alloc_pos 41860
alloc_pos 41956
alloc_pos 41984
alloc_pos 42008
alloc_pos 42252
alloc_pos 42288
alloc_pos 42452
alloc_pos 42496
alloc_pos 42576
alloc_pos 42832
alloc_pos 42884
alloc_pos 43024
alloc_pos 43212
alloc_pos 43272
alloc_pos 43508
alloc_pos 43580
alloc_pos 43732
alloc_pos 43952
alloc_pos 44080
alloc_pos 44340
alloc_pos 44548
alloc_pos 44648
alloc_pos 44792
alloc_pos 45012
alloc_pos 45140
alloc_pos 45352
alloc_pos 45580
alloc_pos 45772
alloc_pos 45880
alloc_pos 45928
alloc_pos 46072
alloc_pos 46296
alloc_pos 46384
alloc_pos 46572
alloc_pos 46616
alloc_pos 46736
alloc_pos 46840
alloc_pos 47056
alloc_pos 47216
alloc_pos 47248
alloc_pos 47296
alloc_pos 47480
alloc_pos 47616
alloc_pos 47680
alloc_pos 47780
alloc_pos 47884
alloc_pos 47996
alloc_pos 48112
alloc_pos 48240
alloc_pos 48408
alloc_pos 48604
alloc_pos 48828
alloc_pos 48892
alloc_pos 48960
alloc_pos 49100
alloc_pos 49188
alloc_pos 49416
alloc_pos 49576
alloc_pos 49664
alloc_pos 49804
alloc_pos 49948
alloc_pos 49996
alloc_pos 50116
alloc_pos 50212
alloc_pos 50240
alloc_pos 50264
alloc_pos 50508
alloc_pos 50544
alloc_pos 50708
alloc_pos 50752
alloc_pos 50832
alloc_pos 51088
alloc_pos 51140
alloc_pos 51280
alloc_pos 51468
alloc_pos 51528
alloc_pos 51764
alloc_pos 51836
alloc_pos 51988
alloc_pos 52208
alloc_pos 52336
alloc_pos 52596
alloc_pos 52804
alloc_pos 52904
alloc_pos 53048
alloc_pos 53268
alloc_pos 53396
alloc_pos 53608
alloc_pos 53836
alloc_pos 54028
alloc_pos 54136
alloc_pos 54184
alloc_pos 54328
alloc_pos 54552
alloc_pos 54640
alloc_pos 54828
alloc_pos 54872
alloc_pos 54992
alloc_pos 55096
alloc_pos 55312
alloc_pos 55472
alloc_pos 55504
alloc_pos 55552
alloc_pos 55736
alloc_pos 55872
alloc_pos 55936
alloc_pos 56036
alloc_pos 56140
alloc_pos 56252
alloc_pos 56368
alloc_pos 56496
alloc_pos 56664
alloc_pos 56860
alloc_pos 57084
alloc_pos 57148
alloc_pos 57216
alloc_pos 57356
alloc_pos 57444
alloc_pos 57672
alloc_pos 57832
alloc_pos 57920
alloc_pos 58060
alloc_pos 58204
alloc_pos 58252
alloc_pos 58372
alloc_pos 58468
alloc_pos 58496
alloc_pos 58520
alloc_pos 58764
alloc_pos 58800
alloc_pos 58964
alloc_pos 59008
alloc_pos 59088
alloc_pos 59344
alloc_pos 59396
alloc_pos 59536
alloc_pos 59724
alloc_pos 59784
alloc_pos 60020
alloc_pos 60092
alloc_pos 60244
alloc_pos 60464
alloc_pos 60592
alloc_pos 60852
alloc_pos 61060
alloc_pos 61160
alloc_pos 61304
alloc_pos 61524
alloc_pos 61652
alloc_pos 61864
alloc_pos 62092
alloc_pos 62284
alloc_pos 62392
alloc_pos 62440
alloc_pos 62584
alloc_pos 62808
alloc_pos 62896
alloc_pos 63084
alloc_pos 63128
alloc_pos 63248
alloc_pos 63352
alloc_pos 63568
alloc_pos 63728
alloc_pos 63760
alloc_pos 63808
alloc_pos 63992
alloc_pos 64128
alloc_pos 64192
alloc_pos 64292
alloc_pos 64396
alloc_pos 64508
alloc_pos 64624
alloc_pos 64752
alloc_pos 64920
alloc_pos 65116
alloc_pos 65340
alloc_pos 65404
alloc_pos 65472
alloc_pos 65612
alloc_pos 65700
alloc_pos 65928
alloc_pos 66088
alloc_pos 66176
alloc_pos 66316
alloc_pos 66460
alloc_pos 66508
alloc_pos 66628
alloc_pos 66724
alloc_pos 66752
alloc_pos 66776
alloc_pos 67020
alloc_pos 67056
alloc_pos 67220
alloc_pos 67264
alloc_pos 67344
alloc_pos 67600
alloc_pos 67652
alloc_pos 67792
alloc_pos 67980
alloc_pos 68040
alloc_pos 68276
alloc_pos 68348
alloc_pos 68500
alloc_pos 68720
alloc_pos 68848
alloc_pos 69108
alloc_pos 69316
alloc_pos 69416
alloc_pos 69560
alloc_pos 69780
alloc_pos 69908
alloc_pos 70120
alloc_pos 70348
alloc_pos 70540
alloc_pos 70648
alloc_pos 70696
alloc_pos 70840
alloc_pos 71064
alloc_pos 71152
alloc_pos 71340
alloc_pos 71384
alloc_pos 71504
alloc_pos 71608
alloc_pos 71824
alloc_pos 71984
alloc_pos 72016
alloc_pos 72064
alloc_pos 72248
alloc_pos 72384
alloc_pos 72448
alloc_pos 72548
alloc_pos 72652
alloc_pos 72764
alloc_pos 72880
alloc_pos 73008
alloc_pos 73176
alloc_pos 73372
alloc_pos 73596
alloc_pos 73660
alloc_pos 73728
alloc_pos 73868
alloc_pos 73956
alloc_pos 74184
alloc_pos 74344
alloc_pos 74432
alloc_pos 74572
alloc_pos 74716
alloc_pos 74764
alloc_pos 74884
alloc_pos 74980
alloc_pos 75008
alloc_pos 75032
alloc_pos 75276
alloc_pos 75312
alloc_pos 75476
alloc_pos 75520
alloc_pos 75600
alloc_pos 75856
alloc_pos 75908
alloc_pos 76048
alloc_pos 76236
alloc_pos 76296
alloc_pos 76532
alloc_pos 76604
alloc_pos 76756
alloc_pos 76976
alloc_pos 77104
alloc_pos 77364
alloc_pos 77572
alloc_pos 77672
alloc_pos 77816
alloc_pos 78036
alloc_pos 78164
alloc_pos 78376
alloc_pos 78604
alloc_pos 78796
alloc_pos 78904
alloc_pos 78952
alloc_pos 79096
alloc_pos 79320
alloc_pos 79408
alloc_pos 79596
alloc_pos 79640
alloc_pos 79760
alloc_pos 79864
alloc_pos 80080
alloc_pos 80240
alloc_pos 80272
alloc_pos 80320
alloc_pos 80504
alloc_pos 80640
alloc_pos 80704
alloc_pos 80804
alloc_pos 80908
alloc_pos 81020
alloc_pos 81136
alloc_pos 81264
alloc_pos 81432
alloc_pos 81628
alloc_pos 81852
alloc_pos 81916
alloc_pos 81984
alloc_pos 82124
alloc_pos 82212
alloc_pos 82440
alloc_pos 82600
alloc_pos 82688
alloc_pos 82828
alloc_pos 82972
alloc_pos 83020
alloc_pos 83140
alloc_pos 83236
alloc_pos 83264
alloc_pos 83288
alloc_pos 83532
alloc_pos 83568
alloc_pos 83732
alloc_pos 83776
alloc_pos 83856
alloc_pos 84112
alloc_pos 84164
alloc_pos 84304
alloc_pos 84492
alloc_pos 84552
alloc_pos 84788
alloc_pos 84860
alloc_pos 85012
alloc_pos 85232
alloc_pos 85360
alloc_pos 85620
alloc_pos 85828
alloc_pos 85928
alloc_pos 86072
alloc_pos 86292
alloc_pos 86420
alloc_pos 86632
alloc_pos 86860
alloc_pos 87052
alloc_pos 87160
alloc_pos 87208
alloc_pos 87352
alloc_pos 87576
alloc_pos 87664
alloc_pos 87852
alloc_pos 87896
alloc_pos 88016
alloc_pos 88120
alloc_pos 88336
alloc_pos 88496
alloc_pos 88528
alloc_pos 88576
alloc_pos 88760
alloc_pos 88896
alloc_pos 88960
alloc_pos 89060
alloc_pos 89164
alloc_pos 89276
alloc_pos 89392
alloc_pos 89520
alloc_pos 89688
alloc_pos 89884
alloc_pos 90108
alloc_pos 90172
alloc_pos 90240
alloc_pos 90380
alloc_pos 90468
alloc_pos 90696
alloc_pos 90856
alloc_pos 90944
alloc_pos 91084
alloc_pos 91228
alloc_pos 91276
alloc_pos 91396
alloc_pos 91492
alloc_pos 91520
alloc_pos 91544
alloc_pos 91788
alloc_pos 91824
alloc_pos 91988
alloc_pos 92032
alloc_pos 92112
alloc_pos 92368
alloc_pos 92420
alloc_pos 92560
alloc_pos 92748
alloc_pos 92808
alloc_pos 93044
alloc_pos 93116
alloc_pos 93268
alloc_pos 93488
alloc_pos 93616
alloc_pos 93876
alloc_pos 94084
alloc_pos 94184
alloc_pos 94328
alloc_pos 94548
alloc_pos 94676
alloc_pos 94888
alloc_pos 95116
alloc_pos 95308
alloc_pos 95416
alloc_pos 95464
alloc_pos 95608
alloc_pos 95832
alloc_pos 95920
alloc_pos 96108
alloc_pos 96152
alloc_pos 96272
alloc_pos 96376
alloc_pos 96592
alloc_pos 96752
alloc_pos 96784
alloc_pos 96832
alloc_pos 97016
alloc_pos 97152
alloc_pos 97216
alloc_pos 97316
alloc_pos 97420
alloc_pos 97532
alloc_pos 97648
alloc_pos 97776
alloc_pos 97944
alloc_pos 98140
alloc_pos 98364
alloc_pos 98428
alloc_pos 98496
alloc_pos 98636
alloc_pos 98724
alloc_pos 98952
alloc_pos 99112
alloc_pos 99200
alloc_pos 99340
alloc_pos 99484
alloc_pos 99532
alloc_pos 99652
alloc_pos 99748
alloc_pos 99776
alloc_pos 99800
alloc_pos 100044
alloc_pos 100080
alloc_pos 100244
alloc_pos 100288
alloc_pos 100368
alloc_pos 100624
alloc_pos 100676
alloc_pos 100816
alloc_pos 101004
alloc_pos 101064
alloc_pos 101300
alloc_pos 101372
alloc_pos 101524
alloc_pos 101744
alloc_pos 101872
alloc_pos 102132
alloc_pos 102340
alloc_pos 102440
alloc_pos 102584
alloc_pos 102804
alloc_pos 102932
alloc_pos 103144
alloc_pos 103372
alloc_pos 103564
alloc_pos 103672
alloc_pos 103720
alloc_pos 103864
alloc_pos 104088
alloc_pos 104176
alloc_pos 104364
alloc_pos 104408
alloc_pos 104528
alloc_pos 104632
alloc_pos 104848
alloc_pos 105008
alloc_pos 105040
alloc_pos 105088
alloc_pos 105272
alloc_pos 105408
alloc_pos 105472
alloc_pos 105572
alloc_pos 105676
alloc_pos 105788
alloc_pos 105904
alloc_pos 106032
alloc_pos 106200
alloc_pos 106396
alloc_pos 106620
alloc_pos 106684
alloc_pos 106752
alloc_pos 106892
alloc_pos 106980
alloc_pos 107208
alloc_pos 107368
alloc_pos 107456
alloc_pos 107596
alloc_pos 107740
alloc_pos 107788
alloc_pos 107908
alloc_pos 108004
alloc_pos 108032
alloc_pos 108056
alloc_pos 108300
alloc_pos 108336
alloc_pos 108500
alloc_pos 108544
alloc_pos 108624
alloc_pos 108880
alloc_pos 108932
alloc_pos 109072
alloc_pos 109260
alloc_pos 109320
alloc_pos 109556
alloc_pos 109628
alloc_pos 109780
alloc_pos 110000
alloc_pos 110128
alloc_pos 110388
alloc_pos 110596
alloc_pos 110696
alloc_pos 110840
alloc_pos 111060
alloc_pos 111188
alloc_pos 111400
alloc_pos 111628
alloc_pos 111820
alloc_pos 111928
alloc_pos 111976
alloc_pos 112120
alloc_pos 112344
alloc_pos 112432
alloc_pos 112620
alloc_pos 112664
alloc_pos 112784
alloc_pos 112888
alloc_pos 113104
alloc_pos 113264
alloc_pos 113296
alloc_pos 113344
alloc_pos 113528
alloc_pos 113664
alloc_pos 113728
alloc_pos 113828
alloc_pos 113932
alloc_pos 114044
alloc_pos 114160
alloc_pos 114288
alloc_pos 114456
alloc_pos 114652
alloc_pos 114876
alloc_pos 114940
alloc_pos 115008
alloc_pos 115148
alloc_pos 115236
alloc_pos 115464
alloc_pos 115624
alloc_pos 115712
alloc_pos 115852
alloc_pos 115996
alloc_pos 116044
alloc_pos 116164
alloc_pos 116260
alloc_pos 116288
alloc_pos 116312
alloc_pos 116556
alloc_pos 116592
alloc_pos 116756
alloc_pos 116800
alloc_pos 116880
alloc_pos 117136
alloc_pos 117188
alloc_pos 117328
alloc_pos 117516
alloc_pos 117576
alloc_pos 117812
alloc_pos 117884
alloc_pos 118036
alloc_pos 118256
alloc_pos 118384
alloc_pos 118644
alloc_pos 118852
alloc_pos 118952
alloc_pos 119096
alloc_pos 119316
alloc_pos 119444
alloc_pos 119656
alloc_pos 119884
alloc_pos 120076
alloc_pos 120184
alloc_pos 120232
alloc_pos 120376
alloc_pos 120600
alloc_pos 120688
alloc_pos 120876
alloc_pos 120920
alloc_pos 121040
alloc_pos 121144
alloc_pos 121360
alloc_pos 121520
alloc_pos 121552
alloc_pos 121600
alloc_pos 121784
alloc_pos 121920
alloc_pos 121984
alloc_pos 122084
alloc_pos 122188
alloc_pos 122300
alloc_pos 122416
alloc_pos 122544
alloc_pos 122712
alloc_pos 122908
alloc_pos 123132
alloc_pos 123196
alloc_pos 123264
alloc_pos 123404
alloc_pos 123492
alloc_pos 123720
alloc_pos 123880
alloc_pos 123968
alloc_pos 124108
alloc_pos 124252
alloc_pos 124300
alloc_pos 124420
alloc_pos 124516
alloc_pos 124544
alloc_pos 124568
alloc_pos 124812
alloc_pos 124848
alloc_pos 125012
alloc_pos 125056
alloc_pos 125136
alloc_pos 125392
alloc_pos 125444
alloc_pos 125584
alloc_pos 125772
alloc_pos 125832
alloc_pos 126068
alloc_pos 126140
alloc_pos 126292
alloc_pos 126512
alloc_pos 126640
alloc_pos 126900
alloc_pos 127108
alloc_pos 127208
alloc_pos 127352
alloc_pos 127572
alloc_pos 127700
alloc_pos 127912
alloc_pos 128140
alloc_pos 128332
alloc_pos 128440
alloc_pos 128488
alloc_pos 128632
alloc_pos 128856
alloc_pos 128944
alloc_pos 129132
alloc_pos 129176
alloc_pos 129296
alloc_pos 129400
alloc_pos 129616
alloc_pos 129776
alloc_pos 129808
alloc_pos 129856
alloc_pos 130040
alloc_pos 130176
alloc_pos 130240
alloc_pos 130340
alloc_pos 130444
alloc_pos 130556
alloc_pos 130672
alloc_pos 130800
alloc_pos 130968
alloc_pos 131164
alloc_pos 131388
alloc_pos 131452
alloc_pos 131520
alloc_pos 131660
alloc_pos 131748
alloc_pos 131976
alloc_pos 132136
alloc_pos 132224
alloc_pos 132364
alloc_pos 132508
alloc_pos 132556
alloc_pos 132676
alloc_pos 132772
alloc_pos 132800
alloc_pos 132824
alloc_pos 133068
alloc_pos 133104
alloc_pos 133268
alloc_pos 133312
alloc_pos 133392
alloc_pos 133648
alloc_pos 133700
alloc_pos 133840
alloc_pos 134028
alloc_pos 134088
alloc_pos 134324
alloc_pos 134396
alloc_pos 134548
alloc_pos 134768
alloc_pos 134896
alloc_pos 135156
alloc_pos 135364
alloc_pos 135464
alloc_pos 135608
alloc_pos 135828
alloc_pos 135956
alloc_pos 136168
alloc_pos 136396
alloc_pos 136588
alloc_pos 136696
alloc_pos 136744
alloc_pos 136888
alloc_pos 137112
alloc_pos 137200
alloc_pos 137388
alloc_pos 137432
alloc_pos 137552
alloc_pos 137656
alloc_pos 137872
alloc_pos 138032
alloc_pos 138064
alloc_pos 138112
alloc_pos 138296
alloc_pos 138432
alloc_pos 138496
alloc_pos 138596
alloc_pos 138700
alloc_pos 138812
alloc_pos 138928
alloc_pos 139056
alloc_pos 139224
alloc_pos 139420
alloc_pos 139644
alloc_pos 139708
alloc_pos 139776
alloc_pos 139916
alloc_pos 140004
alloc_pos 140232
alloc_pos 140392
alloc_pos 140480
alloc_pos 140620
alloc_pos 140764
alloc_pos 140812
alloc_pos 140932
alloc_pos 141028
alloc_pos 141056
alloc_pos 141080
alloc_pos 141324
alloc_pos 141360
alloc_pos 141524
alloc_pos 141568
alloc_pos 141648
alloc_pos 141904
alloc_pos 141956
alloc_pos 142096
alloc_pos 142284
alloc_pos 142344
alloc_pos 142580
alloc_pos 142652
alloc_pos 142804
alloc_pos 143024
alloc_pos 143152
alloc_pos 143412
alloc_pos 143620
alloc_pos 143720
alloc_pos 143864
alloc_pos 144084
alloc_pos 144212
alloc_pos 144424
alloc_pos 144652
alloc_pos 144844
alloc_pos 144952
alloc_pos 145000
alloc_pos 145144
alloc_pos 145368
alloc_pos 145456
alloc_pos 145644
alloc_pos 145688
alloc_pos 145808
alloc_pos 145912
alloc_pos 146128
alloc_pos 146288
alloc_pos 146320
alloc_pos 146368
alloc_pos 146552
alloc_pos 146688
alloc_pos 146752
alloc_pos 146852
alloc_pos 146956
alloc_pos 147068
alloc_pos 147184
alloc_pos 147312
alloc_pos 147480
alloc_pos 147676
alloc_pos 147900
alloc_pos 147964
alloc_pos 148032
alloc_pos 148172
alloc_pos 148260
alloc_pos 148488
alloc_pos 148648
alloc_pos 148736
alloc_pos 148876
alloc_pos 149020
alloc_pos 149068
alloc_pos 149188
alloc_pos 149284
alloc_pos 149312
alloc_pos 149336
alloc_pos 149580
alloc_pos 149616
alloc_pos 149780
alloc_pos 149824
alloc_pos 149904
alloc_pos 150160
alloc_pos 150212
alloc_pos 150352
alloc_pos 150540
alloc_pos 150600
alloc_pos 150836
alloc_pos 150908
alloc_pos 151060
alloc_pos 151280
alloc_pos 151408
alloc_pos 151668
alloc_pos 151876
alloc_pos 151976
alloc_pos 152120
alloc_pos 152340
alloc_pos 152468
alloc_pos 152680
alloc_pos 152908
alloc_pos 153100
alloc_pos 153208
alloc_pos 153256
alloc_pos 153400
alloc_pos 153624
alloc_pos 153712
alloc_pos 153900
alloc_pos 153944
alloc_pos 154064
alloc_pos 154168
alloc_pos 154384
alloc_pos 154544
alloc_pos 154576
alloc_pos 154624
alloc_pos 154808
alloc_pos 154944
alloc_pos 155008
alloc_pos 155108
alloc_pos 155212
alloc_pos 155324
alloc_pos 155440
alloc_pos 155568
alloc_pos 155736
alloc_pos 155932
alloc_pos 156156
alloc_pos 156220
alloc_pos 156288
alloc_pos 156428
alloc_pos 156516
alloc_pos 156744
alloc_pos 156904
alloc_pos 156992
alloc_pos 157132
alloc_pos 157276
alloc_pos 157324
alloc_pos 157444
alloc_pos 157540
alloc_pos 157568
alloc_pos 157592
alloc_pos 157836
alloc_pos 157872
alloc_pos 158036
alloc_pos 158080
alloc_pos 158160
alloc_pos 158416
alloc_pos 158468
alloc_pos 158608
alloc_pos 158796
alloc_pos 158856
alloc_pos 159092
alloc_pos 159164
alloc_pos 159316
alloc_pos 159536
alloc_pos 159664
alloc_pos 159924
alloc_pos 160132
alloc_pos 160232
alloc_pos 160376
alloc_pos 160596
alloc_pos 160724
alloc_pos 160936
alloc_pos 161164
alloc_pos 161356
alloc_pos 161464
alloc_pos 161512
alloc_pos 161656
alloc_pos 161880
alloc_pos 161968
alloc_pos 162156
alloc_pos 162200
alloc_pos 162320
alloc_pos 162424
alloc_pos 162640
alloc_pos 162800
alloc_pos 162832
alloc_pos 162880
alloc_pos 163064
alloc_pos 163200
alloc_pos 163264
alloc_pos 163364
alloc_pos 163468
alloc_pos 163580
alloc_pos 163696
alloc_pos 163824
alloc_pos 163992
alloc_pos 164188
alloc_pos 164412
alloc_pos 164476
alloc_pos 164544
alloc_pos 164684
alloc_pos 164772
alloc_pos 165000
alloc_pos 165160
alloc_pos 165248
alloc_pos 165388
alloc_pos 165532
alloc_pos 165580
alloc_pos 165700
alloc_pos 165796
alloc_pos 165824
alloc_pos 165848
alloc_pos 166092
alloc_pos 166128
alloc_pos 166292
alloc_pos 166336
alloc_pos 166416
alloc_pos 166672
alloc_pos 166724
alloc_pos 166864
alloc_pos 167052
alloc_pos 167112
alloc_pos 167348
alloc_pos 167420
alloc_pos 167572
alloc_pos 167792
alloc_pos 167920
alloc_pos 168180
alloc_pos 168388
alloc_pos 168488
alloc_pos 168632
alloc_pos 168852
alloc_pos 168980
alloc_pos 169192
alloc_pos 169420
alloc_pos 169612
alloc_pos 169720
alloc_pos 169768
alloc_pos 169912
alloc_pos 170136
alloc_pos 170224
alloc_pos 170412
alloc_pos 170456
alloc_pos 170576
alloc_pos 170680
alloc_pos 170896
alloc_pos 171056
alloc_pos 171088
alloc_pos 171136
alloc_pos 171320
alloc_pos 171456
alloc_pos 171520
alloc_pos 171620
alloc_pos 171724
alloc_pos 171836
alloc_pos 171952
alloc_pos 172080
alloc_pos 172248
alloc_pos 172444
alloc_pos 172668
alloc_pos 172732
alloc_pos 172800
alloc_pos 172940
alloc_pos 173028
alloc_pos 173256
alloc_pos 173416
alloc_pos 173504
alloc_pos 173644
alloc_pos 173788
alloc_pos 173836
alloc_pos 173956
alloc_pos 174052
alloc_pos 174080
alloc_pos 174104
alloc_pos 174348
alloc_pos 174384
alloc_pos 174548
alloc_pos 174592
alloc_pos 174672
alloc_pos 174928
alloc_pos 174980
alloc_pos 175120
alloc_pos 175308
alloc_pos 175368
alloc_pos 175604
alloc_pos 175676
alloc_pos 175828
alloc_pos 176048
alloc_pos 176176
alloc_pos 176436
alloc_pos 176644
alloc_pos 176744
alloc_pos 176888
alloc_pos 177108
alloc_pos 177236
alloc_pos 177448
alloc_pos 177676
alloc_pos 177868
alloc_pos 177976
alloc_pos 178024
alloc_pos 178168
alloc_pos 178392
alloc_pos 178480
alloc_pos 178668
alloc_pos 178712
alloc_pos 178832
alloc_pos 178936
alloc_pos 179152
alloc_pos 179312
alloc_pos 179344
alloc_pos 179392
alloc_pos 179576
alloc_pos 179712
alloc_pos 179776
alloc_pos 179876
alloc_pos 179980
alloc_pos 180092
alloc_pos 180208
alloc_pos 180336
alloc_pos 180504
alloc_pos 180700
alloc_pos 180924
alloc_pos 180988
alloc_pos 181056
alloc_pos 181196
alloc_pos 181284
alloc_pos 181512
alloc_pos 181672
alloc_pos 181760
alloc_pos 181900
alloc_pos 182044
alloc_pos 182092
alloc_pos 182212
alloc_pos 182308
alloc_pos 182336
alloc_pos 182360
alloc_pos 182604
alloc_pos 182640
alloc_pos 182804
alloc_pos 182848
alloc_pos 182928
alloc_pos 183184
alloc_pos 183236
alloc_pos 183376
alloc_pos 183564
alloc_pos 183624
alloc_pos 183860
alloc_pos 183932
alloc_pos 184084
alloc_pos 184304
alloc_pos 184432
alloc_pos 184692
alloc_pos 184900
alloc_pos 185000
alloc_pos 185144
alloc_pos 185364
alloc_pos 185492
alloc_pos 185704
alloc_pos 185932
alloc_pos 186124
alloc_pos 186232
alloc_pos 186280
alloc_pos 186424
alloc_pos 186648
alloc_pos 186736
alloc_pos 186924
alloc_pos 186968
alloc_pos 187088
alloc_pos 187192
alloc_pos 187408
alloc_pos 187568
alloc_pos 187600
alloc_pos 187648
alloc_pos 187832
alloc_pos 187968
alloc_pos 188032
alloc_pos 188132
alloc_pos 188236
alloc_pos 188348
alloc_pos 188464
alloc_pos 188592
alloc_pos 188760
alloc_pos 188956
alloc_pos 189180
alloc_pos 189244
alloc_pos 189312
alloc_pos 189452
alloc_pos 189540
alloc_pos 189768
alloc_pos 189928
alloc_pos 190016
alloc_pos 190156
alloc_pos 190300
alloc_pos 190348
alloc_pos 190468
alloc_pos 190564
alloc_pos 190592
alloc_pos 190616
alloc_pos 190860
alloc_pos 190896
alloc_pos 191060
alloc_pos 191104
alloc_pos 191184
alloc_pos 191440
alloc_pos 191492
alloc_pos 191632
alloc_pos 191820
alloc_pos 191880
alloc_pos 192116
alloc_pos 192188
alloc_pos 192340
alloc_pos 192560
alloc_pos 192688
alloc_pos 192948
alloc_pos 193156
alloc_pos 193256
alloc_pos 193400
alloc_pos 193620
alloc_pos 193748
alloc_pos 193960
alloc_pos 194188
alloc_pos 194380
alloc_pos 194488
alloc_pos 194536
alloc_pos 194680
alloc_pos 194904
alloc_pos 194992
alloc_pos 195180
alloc_pos 195224
alloc_pos 195344
alloc_pos 195448
alloc_pos 195664
alloc_pos 195824
alloc_pos 195856
alloc_pos 195904
alloc_pos 196088
alloc_pos 196224
alloc_pos 196288
alloc_pos 196388
alloc_pos 196492
alloc_pos 196604
alloc_pos 196720
alloc_pos 196848
alloc_pos 197016
alloc_pos 197212
alloc_pos 197436
alloc_pos 197500
alloc_pos 197568
alloc_pos 197708
alloc_pos 197796
alloc_pos 198024
alloc_pos 198184
alloc_pos 198272
alloc_pos 198412
alloc_pos 198556
alloc_pos 198604
alloc_pos 198724
alloc_pos 198820
alloc_pos 198848
alloc_pos 198872
alloc_pos 199116
alloc_pos 199152
alloc_pos 199316
alloc_pos 199360
alloc_pos 199440
alloc_pos 199696
alloc_pos 199748
alloc_pos 199888
alloc_pos 200076
alloc_pos 200136
alloc_pos 200372
alloc_pos 200444
alloc_pos 200596
alloc_pos 200816
alloc_pos 200944
alloc_pos 201204
alloc_pos 201412
alloc_pos 201512
alloc_pos 201656
alloc_pos 201876
alloc_pos 202004
alloc_pos 202216
alloc_pos 202444
alloc_pos 202636
alloc_pos 202744
alloc_pos 202792
alloc_pos 202936
alloc_pos 203160
alloc_pos 203248
alloc_pos 203436
alloc_pos 203480
alloc_pos 203600
alloc_pos 203704
alloc_pos 203920
alloc_pos 204080
alloc_pos 204112
alloc_pos 204160
alloc_pos 204344
alloc_pos 204480
alloc_pos 204544
alloc_pos 204644
alloc_pos 204748
alloc_pos 204860
alloc_pos 204976
alloc_pos 205104
alloc_pos 205272
alloc_pos 205468
alloc_pos 205692
alloc_pos 205756
alloc_pos 205824
alloc_pos 205964
alloc_pos 206052
alloc_pos 206280
alloc_pos 206440
alloc_pos 206528
alloc_pos 206668
alloc_pos 206812
alloc_pos 206860
alloc_pos 206980
alloc_pos 207076
alloc_pos 207104
alloc_pos 207128
alloc_pos 207372
alloc_pos 207408
alloc_pos 207572
alloc_pos 207616
alloc_pos 207696
alloc_pos 207952
alloc_pos 208004
alloc_pos 208144
alloc_pos 208332
alloc_pos 208392
alloc_pos 208628
alloc_pos 208700
alloc_pos 208852
alloc_pos 209072
alloc_pos 209200
alloc_pos 209460
alloc_pos 209668
alloc_pos 209768
alloc_pos 209912
alloc_pos 210132
alloc_pos 210260
alloc_pos 210472
alloc_pos 210700
alloc_pos 210892
alloc_pos 211000
alloc_pos 211048
alloc_pos 211192
alloc_pos 211416
alloc_pos 211504
alloc_pos 211692
alloc_pos 211736
alloc_pos 211856
alloc_pos 211960
alloc_pos 212176
alloc_pos 212336
alloc_pos 212368
alloc_pos 212416
alloc_pos 212600
alloc_pos 212736
alloc_pos 212800
alloc_pos 212900
alloc_pos 213004
alloc_pos 213116
alloc_pos 213232
alloc_pos 213360
alloc_pos 213528
alloc_pos 213724
alloc_pos 213948
alloc_pos 214012
alloc_pos 214080
alloc_pos 214220
alloc_pos 214308
alloc_pos 214536
alloc_pos 214696
alloc_pos 214784
alloc_pos 214924
alloc_pos 215068
alloc_pos 215116
alloc_pos 215236
alloc_pos 215332
alloc_pos 215360
alloc_pos 215384
alloc_pos 215628
alloc_pos 215664
alloc_pos 215828
alloc_pos 215872
alloc_pos 215952
alloc_pos 216208
alloc_pos 216260
alloc_pos 216400
alloc_pos 216588
alloc_pos 216648
alloc_pos 216884
alloc_pos 216956
alloc_pos 217108
alloc_pos 217328
alloc_pos 217456
alloc_pos 217716
alloc_pos 217924
alloc_pos 218024
alloc_pos 218168
alloc_pos 218388
alloc_pos 218516
alloc_pos 218728
alloc_pos 218956
alloc_pos 219148
alloc_pos 219256
alloc_pos 219304
alloc_pos 219448
alloc_pos 219672
alloc_pos 219760
alloc_pos 219948
alloc_pos 219992
alloc_pos 220112
alloc_pos 220216
alloc_pos 220432
alloc_pos 220592
alloc_pos 220624
alloc_pos 220672
alloc_pos 220856
alloc_pos 220992
alloc_pos 221056
alloc_pos 221156
alloc_pos 221260
alloc_pos 221372
alloc_pos 221488
alloc_pos 221616
alloc_pos 221784
alloc_pos 221980
alloc_pos 222204
alloc_pos 222268
alloc_pos 222336
alloc_pos 222476
alloc_pos 222564
alloc_pos 222792
alloc_pos 222952
alloc_pos 223040
alloc_pos 223180
alloc_pos 223324
alloc_pos 223372
alloc_pos 223492
alloc_pos 223588
alloc_pos 223616
alloc_pos 223640
alloc_pos 223884
alloc_pos 223920
alloc_pos 224084
alloc_pos 224128
alloc_pos 224208
alloc_pos 224464
alloc_pos 224516
alloc_pos 224656
alloc_pos 224844
alloc_pos 224904
alloc_pos 225140
alloc_pos 225212
alloc_pos 225364
alloc_pos 225584
alloc_pos 225712
alloc_pos 225972
alloc_pos 226180
alloc_pos 226280
alloc_pos 226424
alloc_pos 226644
alloc_pos 226772
alloc_pos 226984
alloc_pos 227212
alloc_pos 227404
alloc_pos 227512
alloc_pos 227560
alloc_pos 227704
alloc_pos 227928
alloc_pos 228016
alloc_pos 228204
alloc_pos 228248
alloc_pos 228368
alloc_pos 228472
alloc_pos 228688
alloc_pos 228848
alloc_pos 228880
alloc_pos 228928
alloc_pos 229112
alloc_pos 229248
alloc_pos 229312
alloc_pos 229412
alloc_pos 229516
alloc_pos 229628
alloc_pos 229744
alloc_pos 229872
alloc_pos 230040
alloc_pos 230236
alloc_pos 230460
alloc_pos 230524
alloc_pos 230592
alloc_pos 230732
alloc_pos 230820
alloc_pos 231048
alloc_pos 231208
alloc_pos 231296
alloc_pos 231436
alloc_pos 231580
alloc_pos 231628
alloc_pos 231748
alloc_pos 231844
alloc_pos 231872
alloc_pos 231896
alloc_pos 232140
alloc_pos 232176
alloc_pos 232340
alloc_pos 232384
alloc_pos 232464
alloc_pos 232720
alloc_pos 232772
alloc_pos 232912
alloc_pos 233100
alloc_pos 233160
alloc_pos 233396
alloc_pos 233468
alloc_pos 233620
alloc_pos 233840
alloc_pos 233968
alloc_pos 234228
alloc_pos 234436
alloc_pos 234536
alloc_pos 234680
alloc_pos 234900
alloc_pos 235028
alloc_pos 235240
alloc_pos 235468
alloc_pos 235660
alloc_pos 235768
alloc_pos 235816
alloc_pos 235960
alloc_pos 236184
alloc_pos 236272
alloc_pos 236460
alloc_pos 236504
alloc_pos 236624
alloc_pos 236728
alloc_pos 236944
alloc_pos 237104
alloc_pos 237136
alloc_pos 237184
alloc_pos 237368
alloc_pos 237504
alloc_pos 237568
alloc_pos 237668
alloc_pos 237772
alloc_pos 237884
alloc_pos 238000
alloc_pos 238128
alloc_pos 238296
alloc_pos 238492
alloc_pos 238716
alloc_pos 238780
alloc_pos 238848
alloc_pos 238988
alloc_pos 239076
alloc_pos 239304
alloc_pos 239464
alloc_pos 239552
alloc_pos 239692
alloc_pos 239836
alloc_pos 239884
alloc_pos 240004
alloc_pos 240100
alloc_pos 240128
alloc_pos 240152
alloc_pos 240396
alloc_pos 240432
alloc_pos 240596
alloc_pos 240640
alloc_pos 240720
alloc_pos 240976
alloc_pos 241028
alloc_pos 241168
alloc_pos 241356
alloc_pos 241416
alloc_pos 241652
alloc_pos 241724
alloc_pos 241876
alloc_pos 242096
alloc_pos 242224
alloc_pos 242484
alloc_pos 242692
alloc_pos 242792
alloc_pos 242936
alloc_pos 243156
alloc_pos 243284
alloc_pos 243496
alloc_pos 243724
alloc_pos 243916
alloc_pos 244024
alloc_pos 244072
alloc_pos 244216
alloc_pos 244440
alloc_pos 244528
alloc_pos 244716
alloc_pos 244760
alloc_pos 244880
alloc_pos 244984
alloc_pos 245200
alloc_pos 245360
alloc_pos 245392
alloc_pos 245440
alloc_pos 245624
alloc_pos 245760
alloc_pos 245824
alloc_pos 245924
alloc_pos 246028
alloc_pos 246140
alloc_pos 246256
alloc_pos 246384
alloc_pos 246552
alloc_pos 246748
alloc_pos 246972
alloc_pos 247036
alloc_pos 247104
alloc_pos 247244
alloc_pos 247332
alloc_pos 247560
alloc_pos 247720
alloc_pos 247808
alloc_pos 247948
alloc_pos 248092
alloc_pos 248140
alloc_pos 248260
alloc_pos 248356
alloc_pos 248384
alloc_pos 248408
alloc_pos 248652
alloc_pos 248688
alloc_pos 248852
alloc_pos 248896
alloc_pos 248976
alloc_pos 249232
alloc_pos 249284
alloc_pos 249424
alloc_pos 249612
alloc_pos 249672
alloc_pos 249908
alloc_pos 249980
alloc_pos 250132
alloc_pos 250352
alloc_pos 250480
alloc_pos 250740
alloc_pos 250948
alloc_pos 251048
alloc_pos 251192
alloc_pos 251412
alloc_pos 251540
alloc_pos 251752
alloc_pos 251980
alloc_pos 252172
alloc_pos 252280
alloc_pos 252328
alloc_pos 252472
alloc_pos 252696
alloc_pos 252784
alloc_pos 252972
alloc_pos 253016
alloc_pos 253136
alloc_pos 253240
alloc_pos 253456
alloc_pos 253616
alloc_pos 253648
alloc_pos 253696
alloc_pos 253880
alloc_pos 254016
alloc_pos 254080
alloc_pos 254180
alloc_pos 254284
alloc_pos 254396
alloc_pos 254512
alloc_pos 254640
alloc_pos 254808
alloc_pos 255004
alloc_pos 255228
alloc_pos 255292
alloc_pos 255360
alloc_pos 255500
alloc_pos 255588
alloc_pos 255816
alloc_pos 255976
alloc_pos 256064
alloc_pos 256204
alloc_pos 256348
alloc_pos 256396
alloc_pos 256516
alloc_pos 256612
alloc_pos 256640
alloc_pos 256664
alloc_pos 256908
alloc_pos 256944
alloc_pos 257108
alloc_pos 257152
alloc_pos 257232
alloc_pos 257488
alloc_pos 257540
alloc_pos 257680
alloc_pos 257868
alloc_pos 257928
alloc_pos 258164
alloc_pos 258236
alloc_pos 258388
alloc_pos 258608
alloc_pos 258736
alloc_pos 258996
alloc_pos 259204
alloc_pos 259304
alloc_pos 259448
alloc_pos 259668
alloc_pos 259796
alloc_pos 260008
alloc_pos 260236
alloc_pos 260428
alloc_pos 260536
alloc_pos 260584
alloc_pos 260728
alloc_pos 260952
alloc_pos 261040
alloc_pos 261228
alloc_pos 261272
alloc_pos 261392
alloc_pos 261496
alloc_pos 261712
alloc_pos 261872
alloc_pos 261904
alloc_pos 261952
alloc_pos -1

