reason: unexpected exit code -6
--- stdout ---
CHENEY GENERATOR!
--- stderr ---
alloc_pos 8
alloc_pos 1040
alloc_pos 1056
alloc_pos 1200
alloc_pos 1216
alloc_pos 1404
alloc_pos 1420
alloc_pos 1532
alloc_pos 1548
alloc_pos 1656
alloc_pos 1672
alloc_pos 1868
alloc_pos 1884
alloc_pos 1952
alloc_pos 1968
alloc_pos 2084
alloc_pos 2100
alloc_pos 2256
alloc_pos 2272
alloc_pos 2436
alloc_pos 2452
alloc_pos 2708
alloc_pos 2724
alloc_pos 2916
alloc_pos 2932
alloc_pos 3076
alloc_pos 3092
alloc_pos 3328
alloc_pos 3344
alloc_pos 3392
alloc_pos 3408
alloc_pos 3448
alloc_pos 3464
alloc_pos 3656
alloc_pos 3672
alloc_pos 3900
alloc_pos 3916
alloc_pos 4044
alloc_pos 4060
alloc_pos 4108
alloc_pos 4124
alloc_pos 4356
alloc_pos 4372
alloc_pos 4500
alloc_pos 4516
alloc_pos 4700
alloc_pos 4716
alloc_pos 4928
alloc_pos 4944
alloc_pos 5208
alloc_pos 5224
alloc_pos 5276
alloc_pos 5292
alloc_pos 5524
alloc_pos 5540
alloc_pos 5784
alloc_pos 5800
alloc_pos 6024
alloc_pos 6040
alloc_pos 6152
alloc_pos 6168
alloc_pos 6388
alloc_pos 6404
alloc_pos 6536
alloc_pos 6552
alloc_pos 6596
alloc_pos 6612
alloc_pos 6716
alloc_pos 6732
alloc_pos 6832
alloc_pos 6848
alloc_pos 6908
alloc_pos 6924
alloc_pos 7104
alloc_pos 7120
alloc_pos 7328
alloc_pos 7344
alloc_pos 7488
alloc_pos 7504
alloc_pos 7540
alloc_pos 7556
alloc_pos 7792
alloc_pos 7808
alloc_pos 8044
alloc_pos 8060
alloc_pos 8204
alloc_pos 8220
alloc_pos 8312
alloc_pos 8328
alloc_pos 8584
alloc_pos 8600
alloc_pos 8632
alloc_pos 8648
alloc_pos 8876
alloc_pos 8892
alloc_pos 9056
alloc_pos 9072
alloc_pos 9132
alloc_pos 9148
alloc_pos 9272
alloc_pos 9288
alloc_pos 9332
alloc_pos 9348
alloc_pos 9392
alloc_pos 9408
alloc_pos 9668
alloc_pos 9684
alloc_pos 9888
alloc_pos 9904
alloc_pos 9964
alloc_pos 9980
alloc_pos 10036
alloc_pos 10052
alloc_pos 10284
alloc_pos 10300
alloc_pos 10508
alloc_pos 10524
alloc_pos 10776
alloc_pos 10792
alloc_pos 10932
alloc_pos 10948
alloc_pos 11024
alloc_pos 11040
alloc_pos 11224
alloc_pos 11240
alloc_pos 11400
alloc_pos 11416
alloc_pos 11488
alloc_pos 11504
alloc_pos 11596
alloc_pos 11612
alloc_pos 11832
alloc_pos 11848
alloc_pos 11936
alloc_pos 11952
alloc_pos 12140
alloc_pos 12156
alloc_pos 12384
alloc_pos 12400
alloc_pos 12656
alloc_pos 12672
alloc_pos 12720
alloc_pos 12736
alloc_pos 12920
alloc_pos 12936
alloc_pos 12960
alloc_pos 12976
alloc_pos 13220
alloc_pos 13236
alloc_pos 13408
alloc_pos 13424
alloc_pos 13500
alloc_pos 13516
alloc_pos 13676
alloc_pos 13692
alloc_pos 13924
alloc_pos 13940
alloc_pos 14032
alloc_pos 14048
alloc_pos 14296
alloc_pos 14312
alloc_pos 14568
alloc_pos 14584
alloc_pos 14640
alloc_pos 14656
alloc_pos 14784
alloc_pos 14800
alloc_pos 14900
alloc_pos 14916
alloc_pos 15092
alloc_pos 15108
alloc_pos 15300
alloc_pos 15316
alloc_pos 15508
alloc_pos 15524
alloc_pos 15564
alloc_pos 15580
alloc_pos 15632
alloc_pos 15648
alloc_pos 15888
alloc_pos 15904
alloc_pos 16140
alloc_pos 16156
alloc_pos 16348
alloc_pos 16364
alloc_pos 16424
alloc_pos 16440
alloc_pos 16640
alloc_pos 16656
alloc_pos 16744
alloc_pos 16760
alloc_pos 16904
alloc_pos 16920
alloc_pos 17004
alloc_pos 17020
alloc_pos 17156
alloc_pos 17172
alloc_pos 17316
alloc_pos 17332
alloc_pos 17456
alloc_pos 17472
alloc_pos 17532
alloc_pos 17548
alloc_pos 17728
alloc_pos 17744
alloc_pos 17804
alloc_pos 17820
alloc_pos 17940
alloc_pos 17956
alloc_pos 17992
alloc_pos 18008
alloc_pos 18048
alloc_pos 18064
alloc_pos 18276
alloc_pos 18292
alloc_pos 18492
alloc_pos 18508
alloc_pos 18676
alloc_pos 18692
alloc_pos 18848
alloc_pos 18864
alloc_pos 19128
alloc_pos 19144
alloc_pos 19392
alloc_pos 19408
alloc_pos 19520
alloc_pos 19536
alloc_pos 19764
alloc_pos 19780
alloc_pos 19908
alloc_pos 19924
alloc_pos 20180
alloc_pos 20196
alloc_pos 20420
alloc_pos 20436
alloc_pos 20532
alloc_pos 20548
alloc_pos 20588
alloc_pos 20604
alloc_pos 20720
alloc_pos 20736
alloc_pos 20892
alloc_pos 20908
alloc_pos 21160
alloc_pos 21176
alloc_pos 21252
alloc_pos 21268
alloc_pos 21532
alloc_pos 21548
alloc_pos 21680
alloc_pos 21696
alloc_pos 21856
alloc_pos 21872
alloc_pos 22048
alloc_pos 22064
alloc_pos 22196
alloc_pos 22212
alloc_pos 22340
alloc_pos 22356
alloc_pos 22616
alloc_pos 22632
alloc_pos 22840
alloc_pos 22856
alloc_pos 22900
alloc_pos 22916
alloc_pos 23124
alloc_pos 23140
alloc_pos 23280
alloc_pos 23296
alloc_pos 23468
alloc_pos 23484
alloc_pos 23676
alloc_pos 23692
alloc_pos 23732
alloc_pos 23748
alloc_pos 23936
alloc_pos 23952
alloc_pos 24040
alloc_pos 24056
alloc_pos 24092
alloc_pos 24108
alloc_pos 24176
alloc_pos 24192
alloc_pos 24424
alloc_pos 24440
alloc_pos 24648
alloc_pos 24664
alloc_pos 24820
alloc_pos 24836
alloc_pos 25088
alloc_pos 25104
alloc_pos 25268
alloc_pos 25284
alloc_pos 25320
alloc_pos 25336
alloc_pos 25496
alloc_pos 25512
alloc_pos 25684
alloc_pos 25700
alloc_pos 25868
alloc_pos 25884
alloc_pos 25944
alloc_pos 25960
alloc_pos 26020
alloc_pos 26036
alloc_pos 26064
alloc_pos 26080
alloc_pos 26336
alloc_pos 26352
alloc_pos 26524
alloc_pos 26540
alloc_pos 26788
alloc_pos 26804
alloc_pos 27048
alloc_pos 27064
alloc_pos 27308
alloc_pos 27324
alloc_pos 27524
alloc_pos 27540
alloc_pos 27648
alloc_pos 27664
alloc_pos 27760
alloc_pos 27776
alloc_pos 27884
alloc_pos 27900
alloc_pos 27964
alloc_pos 27980
alloc_pos 28100
alloc_pos 28116
alloc_pos 28356
alloc_pos 28372
alloc_pos 28504
alloc_pos 28520
alloc_pos 28664
alloc_pos 28680
alloc_pos 28808
alloc_pos 28824
alloc_pos 28984
alloc_pos 29000
alloc_pos 29116
alloc_pos 29132
alloc_pos 29284
alloc_pos 29300
alloc_pos 29532
alloc_pos 29548
alloc_pos 29804
alloc_pos 29820
alloc_pos 29888
alloc_pos 29904
alloc_pos 30156
alloc_pos 30172
alloc_pos 30240
alloc_pos 30256
alloc_pos 30368
alloc_pos 30384
alloc_pos 30472
alloc_pos 30488
alloc_pos 30596
alloc_pos 30612
alloc_pos 30724
alloc_pos 30740
alloc_pos 30876
alloc_pos 30892
alloc_pos 31084
alloc_pos 31100
alloc_pos 31140
alloc_pos 31156
alloc_pos 31264
alloc_pos 31280
alloc_pos 31524
alloc_pos 31540
alloc_pos 31776
alloc_pos 31792
alloc_pos 32020
alloc_pos 32036
alloc_pos 32264
alloc_pos 32280
alloc_pos 32476
alloc_pos 32492
alloc_pos 32740
alloc_pos 32756
alloc_pos 32972
alloc_pos 32988
alloc_pos 33132
alloc_pos 33148
alloc_pos 33188
alloc_pos 33204
alloc_pos 33424
alloc_pos 33440
alloc_pos 33700
alloc_pos 33716
alloc_pos 33784
alloc_pos 33800
alloc_pos 33944
alloc_pos 33960
alloc_pos 34132
alloc_pos 34148
alloc_pos 34336
alloc_pos 34352
alloc_pos 34432
alloc_pos 34448
alloc_pos 34484
alloc_pos 34500
alloc_pos 34560
alloc_pos 34576
alloc_pos 34800
alloc_pos 34816
alloc_pos 34884
alloc_pos 34900
alloc_pos 35068
alloc_pos 35084
alloc_pos 35268
alloc_pos 35284
alloc_pos 35356
alloc_pos 35372
alloc_pos 35604
alloc_pos 35620
alloc_pos 35752
alloc_pos 35768
alloc_pos 35920
alloc_pos 35936
alloc_pos 36164
alloc_pos 36180
alloc_pos 36368
alloc_pos 36384
alloc_pos 36436
alloc_pos 36452
alloc_pos 36484
alloc_pos 36500
alloc_pos 36652
alloc_pos 36668
alloc_pos 36832
alloc_pos 36848
alloc_pos 37024
alloc_pos 37040
alloc_pos 37116
alloc_pos 37132
alloc_pos 37172
alloc_pos 37188
alloc_pos 37220
alloc_pos 37236
alloc_pos 37264
alloc_pos 37280
alloc_pos 37496
alloc_pos 37512
alloc_pos 37612
alloc_pos 37628
alloc_pos 37836
alloc_pos 37852
alloc_pos 38016
alloc_pos 38032
alloc_pos 38120
alloc_pos 38136
alloc_pos 38268
alloc_pos 38284
alloc_pos 38324
alloc_pos 38340
alloc_pos 38436
alloc_pos 38452
alloc_pos 38708
alloc_pos 38724
alloc_pos 38888
alloc_pos 38904
alloc_pos 39076
alloc_pos 39092
alloc_pos 39276
alloc_pos 39292
alloc_pos 39392
alloc_pos 39408
alloc_pos 39440
alloc_pos 39456
alloc_pos 39680
alloc_pos 39696
alloc_pos 39904
alloc_pos 39920
alloc_pos 39960
alloc_pos 39976
alloc_pos 40132
alloc_pos 40148
alloc_pos 40256
alloc_pos 40272
alloc_pos 40308
alloc_pos 40324
alloc_pos 40396
alloc_pos 40412
alloc_pos 40472
alloc_pos 40488
alloc_pos 40636
alloc_pos 40652
alloc_pos 40784
alloc_pos 40800
alloc_pos 41064
alloc_pos 41080
alloc_pos 41268
alloc_pos 41284
alloc_pos 41452
alloc_pos 41468
alloc_pos 41564
alloc_pos 41580
alloc_pos 41768
alloc_pos 41784
alloc_pos 41984
alloc_pos 42000
alloc_pos 42036
alloc_pos 42052
alloc_pos 42232
alloc_pos 42248
alloc_pos 42312
alloc_pos 42328
alloc_pos 42532
alloc_pos 42548
alloc_pos 42584
alloc_pos 42600
alloc_pos 42660
alloc_pos 42804
alloc_pos 42992
alloc_pos 43104
alloc_pos 43212
alloc_pos 43408
alloc_pos 43476
alloc_pos 43592
alloc_pos 43748
alloc_pos 43912
alloc_pos 44168
alloc_pos 44360
alloc_pos 44504
alloc_pos 44740
alloc_pos 44788
alloc_pos 44828
alloc_pos 45020
alloc_pos 45248
alloc_pos 45376
alloc_pos 45424
alloc_pos 45656
alloc_pos 45784
alloc_pos 45968
alloc_pos 46180
alloc_pos 46444
alloc_pos 46496
alloc_pos 46728
alloc_pos 46972
alloc_pos 47196
alloc_pos 47308
alloc_pos 47528
alloc_pos 47660
alloc_pos 47704
alloc_pos 47808
alloc_pos 47908
alloc_pos 47968
alloc_pos 48148
alloc_pos 48356
alloc_pos 48500
alloc_pos 48536
alloc_pos 48772
alloc_pos 49008
alloc_pos 49152
alloc_pos 49244
alloc_pos 49500
alloc_pos 49532
alloc_pos 49760
alloc_pos 49924
alloc_pos 49984
alloc_pos 50108
alloc_pos 50152
alloc_pos 50196
alloc_pos 50456
alloc_pos 50660
alloc_pos 50720
alloc_pos 50776
alloc_pos 51008
alloc_pos 51216
alloc_pos 51468
alloc_pos 51608
alloc_pos 51684
alloc_pos 51868
alloc_pos 52028
alloc_pos 52100
alloc_pos 52192
alloc_pos 52412
alloc_pos 52500
alloc_pos 52688
alloc_pos 52916
alloc_pos 53172
alloc_pos 53220
alloc_pos 53404
alloc_pos 53428
alloc_pos 53672
alloc_pos 53844
alloc_pos 53920
alloc_pos 54080
alloc_pos 54312
alloc_pos 54404
alloc_pos 54652
alloc_pos 54908
alloc_pos 54964
alloc_pos 55092
alloc_pos 55192
alloc_pos 55368
alloc_pos 55560
alloc_pos 55752
alloc_pos 55792
alloc_pos 55844
alloc_pos 56084
alloc_pos 56320
alloc_pos 56512
alloc_pos 56572
alloc_pos 56772
alloc_pos 56860
alloc_pos 57004
alloc_pos 57088
alloc_pos 57224
alloc_pos 57368
alloc_pos 57492
alloc_pos 57552
alloc_pos 57732
alloc_pos 57792
alloc_pos 57912
alloc_pos 57948
alloc_pos 57988
alloc_pos 58200
alloc_pos 58400
alloc_pos 58568
alloc_pos 58724
alloc_pos 58988
alloc_pos 59236
alloc_pos 59348
alloc_pos 59576
alloc_pos 59704
alloc_pos 59960
alloc_pos 60184
alloc_pos 60280
alloc_pos 60320
alloc_pos 60436
alloc_pos 60592
alloc_pos 60844
alloc_pos 60920
alloc_pos 61184
alloc_pos 61316
alloc_pos 61476
alloc_pos 61652
alloc_pos 61784
alloc_pos 61912
alloc_pos 62172
alloc_pos 62380
alloc_pos 62424
alloc_pos 62632
alloc_pos 62772
alloc_pos 62944
alloc_pos 63136
alloc_pos 63176
alloc_pos 63364
alloc_pos 63452
alloc_pos 63488
alloc_pos 63556
alloc_pos 63788
alloc_pos 63996
alloc_pos 64152
alloc_pos 64404
alloc_pos 64568
alloc_pos 64604
alloc_pos 64764
alloc_pos 64936
alloc_pos 65104
alloc_pos 65164
alloc_pos 65224
alloc_pos 65252
alloc_pos 65508
alloc_pos 65680
alloc_pos 65928
alloc_pos 66172
alloc_pos 66416
alloc_pos 66616
alloc_pos 66724
alloc_pos 66820
alloc_pos 66928
alloc_pos 66992
alloc_pos 67112
alloc_pos 67352
alloc_pos 67484
alloc_pos 67628
alloc_pos 67756
alloc_pos 67916
alloc_pos 68032
alloc_pos 68184
alloc_pos 68416
alloc_pos 68672
alloc_pos 68740
alloc_pos 68992
alloc_pos 69060
alloc_pos 69172
alloc_pos 69260
alloc_pos 69368
alloc_pos 69480
alloc_pos 69616
alloc_pos 69808
alloc_pos 69848
alloc_pos 69956
alloc_pos 70200
alloc_pos 70436
alloc_pos 70664
alloc_pos 70892
alloc_pos 71088
alloc_pos 71336
alloc_pos 71552
alloc_pos 71696
alloc_pos 71736
alloc_pos 71956
alloc_pos 72216
alloc_pos 72284
alloc_pos 72428
alloc_pos 72600
alloc_pos 72788
alloc_pos 72868
alloc_pos 72904
alloc_pos 72964
alloc_pos 73188
alloc_pos 73256
alloc_pos 73424
alloc_pos 73608
alloc_pos 73680
alloc_pos 73912
alloc_pos 74044
alloc_pos 74196
alloc_pos 74424
alloc_pos 74612
alloc_pos 74664
alloc_pos 74696
alloc_pos 74848
alloc_pos 75012
alloc_pos 75188
alloc_pos 75264
alloc_pos 75304
alloc_pos 75336
alloc_pos 75364
alloc_pos 75580
alloc_pos 75680
alloc_pos 75888
alloc_pos 76052
alloc_pos 76140
alloc_pos 76272
alloc_pos 76312
alloc_pos 76408
alloc_pos 76664
alloc_pos 76828
alloc_pos 77000
alloc_pos 77184
alloc_pos 77284
alloc_pos 77316
alloc_pos 77540
alloc_pos 77748
alloc_pos 77788
alloc_pos 77944
alloc_pos 78052
alloc_pos 78088
alloc_pos 78160
alloc_pos 78220
alloc_pos 78368
alloc_pos 78500
alloc_pos 78764
alloc_pos 78952
alloc_pos 79120
alloc_pos 79216
alloc_pos 79404
alloc_pos 79604
alloc_pos 79640
alloc_pos 79820
alloc_pos 79884
alloc_pos 80088
alloc_pos 80124
alloc_pos 80184
alloc_pos 80328
alloc_pos 80516
alloc_pos 80628
alloc_pos 80736
alloc_pos 80932
alloc_pos 81000
alloc_pos 81116
alloc_pos 81272
alloc_pos 81436
alloc_pos 81692
alloc_pos 81884
alloc_pos 82028
alloc_pos 82264
alloc_pos 82312
alloc_pos 82352
alloc_pos 82544
alloc_pos 82772
alloc_pos 82900
alloc_pos 82948
alloc_pos 83180
alloc_pos 83308
alloc_pos 83492
alloc_pos 83704
alloc_pos 83968
alloc_pos 84020
alloc_pos 84252
alloc_pos 84496
alloc_pos 84720
alloc_pos 84832
alloc_pos 85052
alloc_pos 85184
alloc_pos 85228
alloc_pos 85332
alloc_pos 85432
alloc_pos 85492
alloc_pos 85672
alloc_pos 85880
alloc_pos 86024
alloc_pos 86060
alloc_pos 86296
alloc_pos 86532
alloc_pos 86676
alloc_pos 86768
alloc_pos 87024
alloc_pos 87056
alloc_pos 87284
alloc_pos 87448
alloc_pos 87508
alloc_pos 87632
alloc_pos 87676
alloc_pos 87720
alloc_pos 87980
alloc_pos 88184
alloc_pos 88244
alloc_pos 88300
alloc_pos 88532
alloc_pos 88740
alloc_pos 88992
alloc_pos 89132
alloc_pos 89208
alloc_pos 89392
alloc_pos 89552
alloc_pos 89624
alloc_pos 89716
alloc_pos 89936
alloc_pos 90024
alloc_pos 90212
alloc_pos 90440
alloc_pos 90696
alloc_pos 90744
alloc_pos 90928
alloc_pos 90952
alloc_pos 91196
alloc_pos 91368
alloc_pos 91444
alloc_pos 91604
alloc_pos 91836
alloc_pos 91928
alloc_pos 92176
alloc_pos 92432
alloc_pos 92488
alloc_pos 92616
alloc_pos 92716
alloc_pos 92892
alloc_pos 93084
alloc_pos 93276
alloc_pos 93316
alloc_pos 93368
alloc_pos 93608
alloc_pos 93844
alloc_pos 94036
alloc_pos 94096
alloc_pos 94296
alloc_pos 94384
alloc_pos 94528
alloc_pos 94612
alloc_pos 94748
alloc_pos 94892
alloc_pos 95016
alloc_pos 95076
alloc_pos 95256
alloc_pos 95316
alloc_pos 95436
alloc_pos 95472
alloc_pos 95512
alloc_pos 95724
alloc_pos 95924
alloc_pos 96092
alloc_pos 96248
alloc_pos 96512
alloc_pos 96760
alloc_pos 96872
alloc_pos 97100
alloc_pos 97228
alloc_pos 97484
alloc_pos 97708
alloc_pos 97804
alloc_pos 97844
alloc_pos 97960
alloc_pos 98116
alloc_pos 98368
alloc_pos 98444
alloc_pos 98708
alloc_pos 98840
alloc_pos 99000
alloc_pos 99176
alloc_pos 99308
alloc_pos 99436
alloc_pos 99696
alloc_pos 99904
alloc_pos 99948
alloc_pos 100156
alloc_pos 100296
alloc_pos 100468
alloc_pos 100660
alloc_pos 100700
alloc_pos 100888
alloc_pos 100976
alloc_pos 101012
alloc_pos 101080
alloc_pos 101312
alloc_pos 101520
alloc_pos 101676
alloc_pos 101928
alloc_pos 102092
alloc_pos 102128
alloc_pos 102288
alloc_pos 102460
alloc_pos 102628
alloc_pos 102688
alloc_pos 102748
alloc_pos 102776
alloc_pos 103032
alloc_pos 103204
alloc_pos 103452
alloc_pos 103696
alloc_pos 103940
alloc_pos 104140
alloc_pos 104248
alloc_pos 104344
alloc_pos 104452
alloc_pos 104516
alloc_pos 104636
alloc_pos 104876
alloc_pos 105008
alloc_pos 105152
alloc_pos 105280
alloc_pos 105440
alloc_pos 105556
alloc_pos 105708
alloc_pos 105940
alloc_pos 106196
alloc_pos 106264
alloc_pos 106516
alloc_pos 106584
alloc_pos 106696
alloc_pos 106784
alloc_pos 106892
alloc_pos 107004
alloc_pos 107140
alloc_pos 107332
alloc_pos 107372
alloc_pos 107480
alloc_pos 107724
alloc_pos 107960
alloc_pos 108188
alloc_pos 108416
alloc_pos 108612
alloc_pos 108860
alloc_pos 109076
alloc_pos 109220
alloc_pos 109260
alloc_pos 109480
alloc_pos 109740
alloc_pos 109808
alloc_pos 109952
alloc_pos 110124
alloc_pos 110312
alloc_pos 110392
alloc_pos 110428
alloc_pos 110488
alloc_pos 110712
alloc_pos 110780
alloc_pos 110948
alloc_pos 111132
alloc_pos 111204
alloc_pos 111436
alloc_pos 111568
alloc_pos 111720
alloc_pos 111948
alloc_pos 112136
alloc_pos 112188
alloc_pos 112220
alloc_pos 112372
alloc_pos 112536
alloc_pos 112712
alloc_pos 112788
alloc_pos 112828
alloc_pos 112860
alloc_pos 112888
alloc_pos 113104
alloc_pos 113204
alloc_pos 113412
alloc_pos 113576
alloc_pos 113664
alloc_pos 113796
alloc_pos 113836
alloc_pos 113932
alloc_pos 114188
alloc_pos 114352
alloc_pos 114524
alloc_pos 114708
alloc_pos 114808
alloc_pos 114840
alloc_pos 115064
alloc_pos 115272
alloc_pos 115312
alloc_pos 115468
alloc_pos 115576
alloc_pos 115612
alloc_pos 115684
alloc_pos 115744
alloc_pos 115892
alloc_pos 116024
alloc_pos 116288
alloc_pos 116476
alloc_pos 116644
alloc_pos 116740
alloc_pos 116928
alloc_pos 117128
alloc_pos 117164
alloc_pos 117344
alloc_pos 117408
alloc_pos 117612
alloc_pos 117648
alloc_pos 117708
alloc_pos 117852
alloc_pos 118040
alloc_pos 118152
alloc_pos 118260
alloc_pos 118456
alloc_pos 118524
alloc_pos 118640
alloc_pos 118796
alloc_pos 118960
alloc_pos 119216
alloc_pos 119408
alloc_pos 119552
alloc_pos 119788
alloc_pos 119836
alloc_pos 119876
alloc_pos 120068
alloc_pos 120296
alloc_pos 120424
alloc_pos 120472
alloc_pos 120704
alloc_pos 120832
alloc_pos 121016
alloc_pos 121228
alloc_pos 121492
alloc_pos 121544
alloc_pos 121776
alloc_pos 122020
alloc_pos 122244
alloc_pos 122356
alloc_pos 122576
alloc_pos 122708
alloc_pos 122752
alloc_pos 122856
alloc_pos 122956
alloc_pos 123016
alloc_pos 123196
alloc_pos 123404
alloc_pos 123548
alloc_pos 123584
alloc_pos 123820
alloc_pos 124056
alloc_pos 124200
alloc_pos 124292
alloc_pos 124548
alloc_pos 124580
alloc_pos 124808
alloc_pos 124972
alloc_pos 125032
alloc_pos 125156
alloc_pos 125200
alloc_pos 125244
alloc_pos 125504
alloc_pos 125708
alloc_pos 125768
alloc_pos 125824
alloc_pos 126056
alloc_pos 126264
alloc_pos 126516
alloc_pos 126656
alloc_pos 126732
alloc_pos 126916
alloc_pos 127076
alloc_pos 127148
alloc_pos 127240
alloc_pos 127460
alloc_pos 127548
alloc_pos 127736
alloc_pos 127964
alloc_pos 128220
alloc_pos 128268
alloc_pos 128452
alloc_pos 128476
alloc_pos 128720
alloc_pos 128892
alloc_pos 128968
alloc_pos 129128
alloc_pos 129360
alloc_pos 129452
alloc_pos 129700
alloc_pos 129956
alloc_pos 130012
alloc_pos 130140
alloc_pos 130240
alloc_pos 130416
alloc_pos 130608
alloc_pos 130800
alloc_pos 130840
alloc_pos 130892
alloc_pos 131132
alloc_pos 131368
alloc_pos 131560
alloc_pos 131620
alloc_pos 131820
alloc_pos 131908
alloc_pos 132052
alloc_pos 132136
alloc_pos 132272
alloc_pos 132416
alloc_pos 132540
alloc_pos 132600
alloc_pos 132780
alloc_pos 132840
alloc_pos 132960
alloc_pos 132996
alloc_pos 133036
alloc_pos 133248
alloc_pos 133448
alloc_pos 133616
alloc_pos 133772
alloc_pos 134036
alloc_pos 134284
alloc_pos 134396
alloc_pos 134624
alloc_pos 134752
alloc_pos 135008
alloc_pos 135232
alloc_pos 135328
alloc_pos 135368
alloc_pos 135484
alloc_pos 135640
alloc_pos 135892
alloc_pos 135968
alloc_pos 136232
alloc_pos 136364
alloc_pos 136524
alloc_pos 136700
alloc_pos 136832
alloc_pos 136960
alloc_pos 137220
alloc_pos 137428
alloc_pos 137472
alloc_pos 137680
alloc_pos 137820
alloc_pos 137992
alloc_pos 138184
alloc_pos 138224
alloc_pos 138412
alloc_pos 138500
alloc_pos 138536
alloc_pos 138604
alloc_pos 138836
alloc_pos 139044
alloc_pos 139200
alloc_pos 139452
alloc_pos 139616
alloc_pos 139652
alloc_pos 139812
alloc_pos 139984
alloc_pos 140152
alloc_pos 140212
alloc_pos 140272
alloc_pos 140300
alloc_pos 140556
alloc_pos 140728
alloc_pos 140976
alloc_pos 141220
alloc_pos 141464
alloc_pos 141664
alloc_pos 141772
alloc_pos 141868
alloc_pos 141976
alloc_pos 142040
alloc_pos 142160
alloc_pos 142400
alloc_pos 142532
alloc_pos 142676
alloc_pos 142804
alloc_pos 142964
alloc_pos 143080
alloc_pos 143232
alloc_pos 143464
alloc_pos 143720
alloc_pos 143788
alloc_pos 144040
alloc_pos 144108
alloc_pos 144220
alloc_pos 144308
alloc_pos 144416
alloc_pos 144528
alloc_pos 144664
alloc_pos 144856
alloc_pos 144896
alloc_pos 145004
alloc_pos 145248
alloc_pos 145484
alloc_pos 145712
alloc_pos 145940
alloc_pos 146136
alloc_pos 146384
alloc_pos 146600
alloc_pos 146744
alloc_pos 146784
alloc_pos 147004
alloc_pos 147264
alloc_pos 147332
alloc_pos 147476
alloc_pos 147648
alloc_pos 147836
alloc_pos 147916
alloc_pos 147952
alloc_pos 148012
alloc_pos 148236
alloc_pos 148304
alloc_pos 148472
alloc_pos 148656
alloc_pos 148728
alloc_pos 148960
alloc_pos 149092
alloc_pos 149244
alloc_pos 149472
alloc_pos 149660
alloc_pos 149712
alloc_pos 149744
alloc_pos 149896
alloc_pos 150060
alloc_pos 150236
alloc_pos 150312
alloc_pos 150352
alloc_pos 150384
alloc_pos 150412
alloc_pos 150628
alloc_pos 150728
alloc_pos 150936
alloc_pos 151100
alloc_pos 151188
alloc_pos 151320
alloc_pos 151360
alloc_pos 151456
alloc_pos 151712
alloc_pos 151876
alloc_pos 152048
alloc_pos 152232
alloc_pos 152332
alloc_pos 152364
alloc_pos 152588
alloc_pos 152796
alloc_pos 152836
alloc_pos 152992
alloc_pos 153100
alloc_pos 153136
alloc_pos 153208
alloc_pos 153268
alloc_pos 153416
alloc_pos 153548
alloc_pos 153812
alloc_pos 154000
alloc_pos 154168
alloc_pos 154264
alloc_pos 154452
alloc_pos 154652
alloc_pos 154688
alloc_pos 154868
alloc_pos 154932
alloc_pos 155136
alloc_pos 155172
alloc_pos 155232
alloc_pos 155376
alloc_pos 155564
alloc_pos 155676
alloc_pos 155784
alloc_pos 155980
alloc_pos 156048
alloc_pos 156164
alloc_pos 156320
alloc_pos 156484
alloc_pos 156740
alloc_pos 156932
alloc_pos 157076
alloc_pos 157312
alloc_pos 157360
alloc_pos 157400
alloc_pos 157592
alloc_pos 157820
alloc_pos 157948
alloc_pos 157996
alloc_pos 158228
alloc_pos 158356
alloc_pos 158540
alloc_pos 158752
alloc_pos 159016
alloc_pos 159068
alloc_pos 159300
alloc_pos 159544
alloc_pos 159768
alloc_pos 159880
alloc_pos 160100
alloc_pos 160232
alloc_pos 160276
alloc_pos 160380
alloc_pos 160480
alloc_pos 160540
alloc_pos 160720
alloc_pos 160928
alloc_pos 161072
alloc_pos 161108
alloc_pos 161344
alloc_pos 161580
alloc_pos 161724
alloc_pos 161816
alloc_pos 162072
alloc_pos 162104
alloc_pos 162332
alloc_pos 162496
alloc_pos 162556
alloc_pos 162680
alloc_pos 162724
alloc_pos 162768
alloc_pos 163028
alloc_pos 163232
alloc_pos 163292
alloc_pos 163348
alloc_pos 163580
alloc_pos 163788
alloc_pos 164040
alloc_pos 164180
alloc_pos 164256
alloc_pos 164440
alloc_pos 164600
alloc_pos 164672
alloc_pos 164764
alloc_pos 164984
alloc_pos 165072
alloc_pos 165260
alloc_pos 165488
alloc_pos 165744
alloc_pos 165792
alloc_pos 165976
alloc_pos 166000
alloc_pos 166244
alloc_pos 166416
alloc_pos 166492
alloc_pos 166652
alloc_pos 166884
alloc_pos 166976
alloc_pos 167224
alloc_pos 167480
alloc_pos 167536
alloc_pos 167664
alloc_pos 167764
alloc_pos 167940
alloc_pos 168132
alloc_pos 168324
alloc_pos 168364
alloc_pos 168416
alloc_pos 168656
alloc_pos 168892
alloc_pos 169084
alloc_pos 169144
alloc_pos 169344
alloc_pos 169432
alloc_pos 169576
alloc_pos 169660
alloc_pos 169796
alloc_pos 169940
alloc_pos 170064
alloc_pos 170124
alloc_pos 170304
alloc_pos 170364
alloc_pos 170484
alloc_pos 170520
alloc_pos 170560
alloc_pos 170772
alloc_pos 170972
alloc_pos 171140
alloc_pos 171296
alloc_pos 171560
alloc_pos 171808
alloc_pos 171920
alloc_pos 172148
alloc_pos 172276
alloc_pos 172532
alloc_pos 172756
alloc_pos 172852
alloc_pos 172892
alloc_pos 173008
alloc_pos 173164
alloc_pos 173416
alloc_pos 173492
alloc_pos 173756
alloc_pos 173888
alloc_pos 174048
alloc_pos 174224
alloc_pos 174356
alloc_pos 174484
alloc_pos 174744
alloc_pos 174952
alloc_pos 174996
alloc_pos 175204
alloc_pos 175344
alloc_pos 175516
alloc_pos 175708
alloc_pos 175748
alloc_pos 175936
alloc_pos 176024
alloc_pos 176060
alloc_pos 176128
alloc_pos 176360
alloc_pos 176568
alloc_pos 176724
alloc_pos 176976
alloc_pos 177140
alloc_pos 177176
alloc_pos 177336
alloc_pos 177508
alloc_pos 177676
alloc_pos 177736
alloc_pos 177796
alloc_pos 177824
alloc_pos 178080
alloc_pos 178252
alloc_pos 178500
alloc_pos 178744
alloc_pos 178988
alloc_pos 179188
alloc_pos 179296
alloc_pos 179392
alloc_pos 179500
alloc_pos 179564
alloc_pos 179684
alloc_pos 179924
alloc_pos 180056
alloc_pos 180200
alloc_pos 180328
alloc_pos 180488
alloc_pos 180604
alloc_pos 180756
alloc_pos 180988
alloc_pos 181244
alloc_pos 181312
alloc_pos 181564
alloc_pos 181632
alloc_pos 181744
alloc_pos 181832
alloc_pos 181940
alloc_pos 182052
alloc_pos 182188
alloc_pos 182380
alloc_pos 182420
alloc_pos 182528
alloc_pos 182772
alloc_pos 183008
alloc_pos 183236
alloc_pos 183464
alloc_pos 183660
alloc_pos 183908
alloc_pos 184124
alloc_pos 184268
alloc_pos 184308
alloc_pos 184528
alloc_pos 184788
alloc_pos 184856
alloc_pos 185000
alloc_pos 185172
alloc_pos 185360
alloc_pos 185440
alloc_pos 185476
alloc_pos 185536
alloc_pos 185760
alloc_pos 185828
alloc_pos 185996
alloc_pos 186180
alloc_pos 186252
alloc_pos 186484
alloc_pos 186616
alloc_pos 186768
alloc_pos 186996
alloc_pos 187184
alloc_pos 187236
alloc_pos 187268
alloc_pos 187420
alloc_pos 187584
alloc_pos 187760
alloc_pos 187836
alloc_pos 187876
alloc_pos 187908
alloc_pos 187936
alloc_pos 188152
alloc_pos 188252
alloc_pos 188460
alloc_pos 188624
alloc_pos 188712
alloc_pos 188844
alloc_pos 188884
alloc_pos 188980
alloc_pos 189236
alloc_pos 189400
alloc_pos 189572
alloc_pos 189756
alloc_pos 189856
alloc_pos 189888
alloc_pos 190112
alloc_pos 190320
alloc_pos 190360
alloc_pos 190516
alloc_pos 190624
alloc_pos 190660
alloc_pos 190732
alloc_pos 190792
alloc_pos 190940
alloc_pos 191072
alloc_pos 191336
alloc_pos 191524
alloc_pos 191692
alloc_pos 191788
alloc_pos 191976
alloc_pos 192176
alloc_pos 192212
alloc_pos 192392
alloc_pos 192456
alloc_pos 192660
alloc_pos 192696
alloc_pos 192756
alloc_pos 192900
alloc_pos 193088
alloc_pos 193200
alloc_pos 193308
alloc_pos 193504
alloc_pos 193572
alloc_pos 193688
alloc_pos 193844
alloc_pos 194008
alloc_pos 194264
alloc_pos 194456
alloc_pos 194600
alloc_pos 194836
alloc_pos 194884
alloc_pos 194924
alloc_pos 195116
alloc_pos 195344
alloc_pos 195472
alloc_pos 195520
alloc_pos 195752
alloc_pos 195880
alloc_pos 196064
alloc_pos 196276
alloc_pos 196540
alloc_pos 196592
alloc_pos 196824
alloc_pos 197068
alloc_pos 197292
alloc_pos 197404
alloc_pos 197624
alloc_pos 197756
alloc_pos 197800
alloc_pos 197904
alloc_pos 198004
alloc_pos 198064
alloc_pos 198244
alloc_pos 198452
alloc_pos 198596
alloc_pos 198632
alloc_pos 198868
alloc_pos 199104
alloc_pos 199248
alloc_pos 199340
alloc_pos 199596
alloc_pos 199628
alloc_pos 199856
alloc_pos 200020
alloc_pos 200080
alloc_pos 200204
alloc_pos 200248
alloc_pos 200292
alloc_pos 200552
alloc_pos 200756
alloc_pos 200816
alloc_pos 200872
alloc_pos 201104
alloc_pos 201312
alloc_pos 201564
alloc_pos 201704
alloc_pos 201780
alloc_pos 201964
alloc_pos 202124
alloc_pos 202196
alloc_pos 202288
alloc_pos 202508
alloc_pos 202596
alloc_pos 202784
alloc_pos 203012
alloc_pos 203268
alloc_pos 203316
alloc_pos 203500
alloc_pos 203524
alloc_pos 203768
alloc_pos 203940
alloc_pos 204016
alloc_pos 204176
alloc_pos 204408
alloc_pos 204500
alloc_pos 204748
alloc_pos 205004
alloc_pos 205060
alloc_pos 205188
alloc_pos 205288
alloc_pos 205464
alloc_pos 205656
alloc_pos 205848
alloc_pos 205888
alloc_pos 205940
alloc_pos 206180
alloc_pos 206416
alloc_pos 206608
alloc_pos 206668
alloc_pos 206868
alloc_pos 206956
alloc_pos 207100
alloc_pos 207184
alloc_pos 207320
alloc_pos 207464
alloc_pos 207588
alloc_pos 207648
alloc_pos 207828
alloc_pos 207888
alloc_pos 208008
alloc_pos 208044
alloc_pos 208084
alloc_pos 208296
alloc_pos 208496
alloc_pos 208664
alloc_pos 208820
alloc_pos 209084
alloc_pos 209332
alloc_pos 209444
alloc_pos 209672
alloc_pos 209800
alloc_pos 210056
alloc_pos 210280
alloc_pos 210376
alloc_pos 210416
alloc_pos 210532
alloc_pos 210688
alloc_pos 210940
alloc_pos 211016
alloc_pos 211280
alloc_pos 211412
alloc_pos 211572
alloc_pos 211748
alloc_pos 211880
alloc_pos 212008
alloc_pos 212268
alloc_pos 212476
alloc_pos 212520
alloc_pos 212728
alloc_pos 212868
alloc_pos 213040
alloc_pos 213232
alloc_pos 213272
alloc_pos 213460
alloc_pos 213548
alloc_pos 213584
alloc_pos 213652
alloc_pos 213884
alloc_pos 214092
alloc_pos 214248
alloc_pos 214500
alloc_pos 214664
alloc_pos 214700
alloc_pos 214860
alloc_pos 215032
alloc_pos 215200
alloc_pos 215260
alloc_pos 215320
alloc_pos 215348
alloc_pos 215604
alloc_pos 215776
alloc_pos 216024
alloc_pos 216268
alloc_pos 216512
alloc_pos 216712
alloc_pos 216820
alloc_pos 216916
alloc_pos 217024
alloc_pos 217088
alloc_pos 217208
alloc_pos 217448
alloc_pos 217580
alloc_pos 217724
alloc_pos 217852
alloc_pos 218012
alloc_pos 218128
alloc_pos 218280
alloc_pos 218512
alloc_pos 218768
alloc_pos 218836
alloc_pos 219088
alloc_pos 219156
alloc_pos 219268
alloc_pos 219356
alloc_pos 219464
alloc_pos 219576
alloc_pos 219712
alloc_pos 219904
alloc_pos 219944
alloc_pos 220052
alloc_pos 220296
alloc_pos 220532
alloc_pos 220760
alloc_pos 220988
alloc_pos 221184
alloc_pos 221432
alloc_pos 221648
alloc_pos 221792
alloc_pos 221832
alloc_pos 222052
alloc_pos 222312
alloc_pos 222380
alloc_pos 222524
alloc_pos 222696
alloc_pos 222884
alloc_pos 222964
alloc_pos 223000
alloc_pos 223060
alloc_pos 223284
alloc_pos 223352
alloc_pos 223520
alloc_pos 223704
alloc_pos 223776
alloc_pos 224008
alloc_pos 224140
alloc_pos 224292
alloc_pos 224520
alloc_pos 224708
alloc_pos 224760
alloc_pos 224792
alloc_pos 224944
alloc_pos 225108
alloc_pos 225284
alloc_pos 225360
alloc_pos 225400
alloc_pos 225432
alloc_pos 225460
alloc_pos 225676
alloc_pos 225776
alloc_pos 225984
alloc_pos 226148
alloc_pos 226236
alloc_pos 226368
alloc_pos 226408
alloc_pos 226504
alloc_pos 226760
alloc_pos 226924
alloc_pos 227096
alloc_pos 227280
alloc_pos 227380
alloc_pos 227412
alloc_pos 227636
alloc_pos 227844
alloc_pos 227884
alloc_pos 228040
alloc_pos 228148
alloc_pos 228184
alloc_pos 228256
alloc_pos 228316
alloc_pos 228464
alloc_pos 228596
alloc_pos 228860
alloc_pos 229048
alloc_pos 229216
alloc_pos 229312
alloc_pos 229500
alloc_pos 229700
alloc_pos 229736
alloc_pos 229916
alloc_pos 229980
alloc_pos 230184
alloc_pos 230220
alloc_pos 230280
alloc_pos 230424
alloc_pos 230612
alloc_pos 230724
alloc_pos 230832
alloc_pos 231028
alloc_pos 231096
alloc_pos 231212
alloc_pos 231368
alloc_pos 231532
alloc_pos 231788
alloc_pos 231980
alloc_pos 232124
alloc_pos 232360
alloc_pos 232408
alloc_pos 232448
alloc_pos 232640
alloc_pos 232868
alloc_pos 232996
alloc_pos 233044
alloc_pos 233276
alloc_pos 233404
alloc_pos 233588
alloc_pos 233800
alloc_pos 234064
alloc_pos 234116
alloc_pos 234348
alloc_pos 234592
alloc_pos 234816
alloc_pos 234928
alloc_pos 235148
alloc_pos 235280
alloc_pos 235324
alloc_pos 235428
alloc_pos 235528
alloc_pos 235588
alloc_pos 235768
alloc_pos 235976
alloc_pos 236120
alloc_pos 236156
alloc_pos 236392
alloc_pos 236628
alloc_pos 236772
alloc_pos 236864
alloc_pos 237120
alloc_pos 237152
alloc_pos 237380
alloc_pos 237544
alloc_pos 237604
alloc_pos 237728
alloc_pos 237772
alloc_pos 237816
alloc_pos 238076
alloc_pos 238280
alloc_pos 238340
alloc_pos 238396
alloc_pos 238628
alloc_pos 238836
alloc_pos 239088
alloc_pos 239228
alloc_pos 239304
alloc_pos 239488
alloc_pos 239648
alloc_pos 239720
alloc_pos 239812
alloc_pos 240032
alloc_pos 240120
alloc_pos 240308
alloc_pos 240536
alloc_pos 240792
alloc_pos 240840
alloc_pos 241024
alloc_pos 241048
alloc_pos 241292
alloc_pos 241464
alloc_pos 241540
alloc_pos 241700
alloc_pos 241932
alloc_pos 242024
alloc_pos 242272
alloc_pos 242528
alloc_pos 242584
alloc_pos 242712
alloc_pos 242812
alloc_pos 242988
alloc_pos 243180
alloc_pos 243372
alloc_pos 243412
alloc_pos 243464
alloc_pos 243704
alloc_pos 243940
alloc_pos 244132
alloc_pos 244192
alloc_pos 244392
alloc_pos 244480
alloc_pos 244624
alloc_pos 244708
alloc_pos 244844
alloc_pos 244988
alloc_pos 245112
alloc_pos 245172
alloc_pos 245352
alloc_pos 245412
alloc_pos 245532
alloc_pos 245568
alloc_pos 245608
alloc_pos 245820
alloc_pos 246020
alloc_pos 246188
alloc_pos 246344
alloc_pos 246608
alloc_pos 246856
alloc_pos 246968
alloc_pos 247196
alloc_pos 247324
alloc_pos 247580
alloc_pos 247804
alloc_pos 247900
alloc_pos 247940
alloc_pos 248056
alloc_pos 248212
alloc_pos 248464
alloc_pos 248540
alloc_pos 248804
alloc_pos 248936
alloc_pos 249096
alloc_pos 249272
alloc_pos 249404
alloc_pos 249532
alloc_pos 249792
alloc_pos 250000
alloc_pos 250044
alloc_pos 250252
alloc_pos 250392
alloc_pos 250564
alloc_pos 250756
alloc_pos 250796
alloc_pos 250984
alloc_pos 251072
alloc_pos 251108
alloc_pos 251176
alloc_pos 251408
alloc_pos 251616
alloc_pos 251772
alloc_pos 252024
alloc_pos 252188
alloc_pos 252224
alloc_pos 252384
alloc_pos 252556
alloc_pos 252724
alloc_pos 252784
alloc_pos 252844
alloc_pos 252872
alloc_pos 253128
alloc_pos 253300
alloc_pos 253548
alloc_pos 253792
alloc_pos 254036
alloc_pos 254236
alloc_pos 254344
alloc_pos 254440
alloc_pos 254548
alloc_pos 254612
alloc_pos 254732
alloc_pos 254972
alloc_pos 255104
alloc_pos 255248
alloc_pos 255376
alloc_pos 255536
alloc_pos 255652
alloc_pos 255804
alloc_pos 256036
alloc_pos 256292
alloc_pos 256360
alloc_pos 256612
alloc_pos 256680
alloc_pos 256792
alloc_pos 256880
alloc_pos 256988
alloc_pos 257100
alloc_pos 257236
alloc_pos 257428
alloc_pos 257468
alloc_pos 257576
alloc_pos 257820
alloc_pos 258056
alloc_pos 258284
alloc_pos 258512
alloc_pos 258708
alloc_pos 258956
alloc_pos 259172
alloc_pos 259316
alloc_pos 259356
alloc_pos 259576
alloc_pos 259836
alloc_pos 259904
alloc_pos 260048
alloc_pos 260220
alloc_pos 260408
alloc_pos 260488
alloc_pos 260524
alloc_pos 260584
alloc_pos 260808
alloc_pos 260876
alloc_pos 261044
alloc_pos 261228
alloc_pos 261300
alloc_pos 261532
alloc_pos 261664
alloc_pos 261816
alloc_pos -1

