reason: unexpected exit code -6
--- stdout ---
CHENEY GENERATOR!
--- stderr ---
alloc_pos 8
alloc_pos 1040
alloc_pos 1056
alloc_pos 1228
alloc_pos 1244
alloc_pos 1484
alloc_pos 1500
alloc_pos 1572
alloc_pos 1588
alloc_pos 1844
alloc_pos 1860
alloc_pos 2020
alloc_pos 2036
alloc_pos 2296
alloc_pos 2312
alloc_pos 2424
alloc_pos 2440
alloc_pos 2580
alloc_pos 2596
alloc_pos 2632
alloc_pos 2648
alloc_pos 2840
alloc_pos 2856
alloc_pos 3008
alloc_pos 3024
alloc_pos 3100
alloc_pos 3116
alloc_pos 3292
alloc_pos 3308
alloc_pos 3388
alloc_pos 3404
alloc_pos 3660
alloc_pos 3676
alloc_pos 3772
alloc_pos 3788
alloc_pos 3936
alloc_pos 3952
alloc_pos 4152
alloc_pos 4168
alloc_pos 4392
alloc_pos 4408
alloc_pos 4484
alloc_pos 4500
alloc_pos 4608
alloc_pos 4624
alloc_pos 4760
alloc_pos 4776
alloc_pos 4816
alloc_pos 4832
alloc_pos 4920
alloc_pos 4936
alloc_pos 5008
alloc_pos 5024
alloc_pos 5088
alloc_pos 5104
alloc_pos 5148
alloc_pos 5164
alloc_pos 5300
alloc_pos 5316
alloc_pos 5536
alloc_pos 5552
alloc_pos 5712
alloc_pos 5728
alloc_pos 5844
alloc_pos 5860
alloc_pos 5932
alloc_pos 5948
alloc_pos 6092
alloc_pos 6108
alloc_pos 6332
alloc_pos 6348
alloc_pos 6452
alloc_pos 6468
alloc_pos 6552
alloc_pos 6568
alloc_pos 6752
alloc_pos 6768
alloc_pos 6992
alloc_pos 7008
alloc_pos 7132
alloc_pos 7148
alloc_pos 7280
alloc_pos 7296
alloc_pos 7372
alloc_pos 7388
alloc_pos 7428
alloc_pos 7444
alloc_pos 7576
alloc_pos 7592
alloc_pos 7732
alloc_pos 7748
alloc_pos 7848
alloc_pos 7864
alloc_pos 7940
alloc_pos 7956
alloc_pos 8008
alloc_pos 8024
alloc_pos 8212
alloc_pos 8228
alloc_pos 8460
alloc_pos 8476
alloc_pos 8656
alloc_pos 8672
alloc_pos 8868
alloc_pos 8884
alloc_pos 8992
alloc_pos 9008
alloc_pos 9200
alloc_pos 9216
alloc_pos 9456
alloc_pos 9472
alloc_pos 9720
alloc_pos 9736
alloc_pos 9828
alloc_pos 9844
alloc_pos 9968
alloc_pos 9984
alloc_pos 10208
alloc_pos 10224
alloc_pos 10344
alloc_pos 10360
alloc_pos 10440
alloc_pos 10456
alloc_pos 10588
alloc_pos 10604
alloc_pos 10644
alloc_pos 10660
alloc_pos 10784
alloc_pos 10800
alloc_pos 11012
alloc_pos 11028
alloc_pos 11220
alloc_pos 11236
alloc_pos 11364
alloc_pos 11380
alloc_pos 11404
alloc_pos 11420
alloc_pos 11664
alloc_pos 11680
alloc_pos 11820
alloc_pos 11836
alloc_pos 11912
alloc_pos 11928
alloc_pos 12088
alloc_pos 12104
alloc_pos 12152
alloc_pos 12168
alloc_pos 12280
alloc_pos 12296
alloc_pos 12520
alloc_pos 12536
alloc_pos 12564
alloc_pos 12580
alloc_pos 12696
alloc_pos 12712
alloc_pos 12916
alloc_pos 12932
alloc_pos 13048
alloc_pos 13064
alloc_pos 13088
alloc_pos 13104
alloc_pos 13192
alloc_pos 13208
alloc_pos 13376
alloc_pos 13392
alloc_pos 13624
alloc_pos 13640
alloc_pos 13700
alloc_pos 13716
alloc_pos 13748
alloc_pos 13764
alloc_pos 13896
alloc_pos 13912
alloc_pos 13980
alloc_pos 13996
alloc_pos 14088
alloc_pos 14104
alloc_pos 14144
alloc_pos 14160
alloc_pos 14376
alloc_pos 14392
alloc_pos 14452
alloc_pos 14468
alloc_pos 14592
alloc_pos 14608
alloc_pos 14804
alloc_pos 14820
alloc_pos 15028
alloc_pos 15044
alloc_pos 15276
alloc_pos 15292
alloc_pos 15408
alloc_pos 15424
alloc_pos 15676
alloc_pos 15692
alloc_pos 15880
alloc_pos 15896
alloc_pos 16064
alloc_pos 16080
alloc_pos 16224
alloc_pos 16240
alloc_pos 16304
alloc_pos 16320
alloc_pos 16468
alloc_pos 16484
alloc_pos 16724
alloc_pos 16740
alloc_pos 16988
alloc_pos 17004
alloc_pos 17156
alloc_pos 17172
alloc_pos 17272
alloc_pos 17288
alloc_pos 17532
alloc_pos 17548
alloc_pos 17792
alloc_pos 17808
alloc_pos 17876
alloc_pos 17892
alloc_pos 18092
alloc_pos 18108
alloc_pos 18264
alloc_pos 18280
alloc_pos 18476
alloc_pos 18492
alloc_pos 18736
alloc_pos 18752
alloc_pos 18776
alloc_pos 18792
alloc_pos 18836
alloc_pos 18852
alloc_pos 18892
alloc_pos 18908
alloc_pos 18940
alloc_pos 18956
alloc_pos 19124
alloc_pos 19140
alloc_pos 19252
alloc_pos 19268
alloc_pos 19428
alloc_pos 19444
alloc_pos 19708
alloc_pos 19724
alloc_pos 19924
alloc_pos 19940
alloc_pos 20188
alloc_pos 20204
alloc_pos 20340
alloc_pos 20356
alloc_pos 20592
alloc_pos 20608
alloc_pos 20840
alloc_pos 20856
alloc_pos 20908
alloc_pos 20924
alloc_pos 21120
alloc_pos 21136
alloc_pos 21340
alloc_pos 21356
alloc_pos 21536
alloc_pos 21552
alloc_pos 21772
alloc_pos 21788
alloc_pos 21964
alloc_pos 21980
alloc_pos 22208
alloc_pos 22224
alloc_pos 22364
alloc_pos 22380
alloc_pos 22604
alloc_pos 22620
alloc_pos 22804
alloc_pos 22820
alloc_pos 22876
alloc_pos 22892
alloc_pos 23088
alloc_pos 23104
alloc_pos 23172
alloc_pos 23188
alloc_pos 23448
alloc_pos 23464
alloc_pos 23688
alloc_pos 23704
alloc_pos 23776
alloc_pos 23792
alloc_pos 24004
alloc_pos 24020
alloc_pos 24280
alloc_pos 24296
alloc_pos 24548
alloc_pos 24564
alloc_pos 24728
alloc_pos 24744
alloc_pos 24880
alloc_pos 24896
alloc_pos 25144
alloc_pos 25160
alloc_pos 25216
alloc_pos 25232
alloc_pos 25276
alloc_pos 25292
alloc_pos 25352
alloc_pos 25368
alloc_pos 25616
alloc_pos 25632
alloc_pos 25732
alloc_pos 25748
alloc_pos 25856
alloc_pos 25872
alloc_pos 25992
alloc_pos 26008
alloc_pos 26048
alloc_pos 26064
alloc_pos 26100
alloc_pos 26116
alloc_pos 26280
alloc_pos 26296
alloc_pos 26460
alloc_pos 26476
alloc_pos 26676
alloc_pos 26692
alloc_pos 26804
alloc_pos 26820
alloc_pos 26960
alloc_pos 26976
alloc_pos 27012
alloc_pos 27028
alloc_pos 27100
alloc_pos 27116
alloc_pos 27208
alloc_pos 27224
alloc_pos 27420
alloc_pos 27436
alloc_pos 27668
alloc_pos 27684
alloc_pos 27788
alloc_pos 27804
alloc_pos 27848
alloc_pos 27864
alloc_pos 27956
alloc_pos 27972
alloc_pos 28232
alloc_pos 28248
alloc_pos 28308
alloc_pos 28324
alloc_pos 28412
alloc_pos 28428
alloc_pos 28568
alloc_pos 28584
alloc_pos 28660
alloc_pos 28676
alloc_pos 28808
alloc_pos 28824
alloc_pos 28876
alloc_pos 28892
alloc_pos 29048
alloc_pos 29064
alloc_pos 29292
alloc_pos 29308
alloc_pos 29560
alloc_pos 29576
alloc_pos 29680
alloc_pos 29696
alloc_pos 29780
alloc_pos 29796
alloc_pos 29844
alloc_pos 29860
alloc_pos 29952
alloc_pos 29968
alloc_pos 30156
alloc_pos 30172
alloc_pos 30420
alloc_pos 30436
alloc_pos 30504
alloc_pos 30520
alloc_pos 30544
alloc_pos 30560
alloc_pos 30584
alloc_pos 30600
alloc_pos 30784
alloc_pos 30800
alloc_pos 30924
alloc_pos 30940
alloc_pos 31180
alloc_pos 31196
alloc_pos 31376
alloc_pos 31392
alloc_pos 31532
alloc_pos 31548
alloc_pos 31736
alloc_pos 31752
alloc_pos 31920
alloc_pos 31936
alloc_pos 31968
alloc_pos 31984
alloc_pos 32212
alloc_pos 32228
alloc_pos 32336
alloc_pos 32352
alloc_pos 32436
alloc_pos 32452
alloc_pos 32676
alloc_pos 32692
alloc_pos 32784
alloc_pos 32800
alloc_pos 32944
alloc_pos 32960
alloc_pos 33152
alloc_pos 33168
alloc_pos 33240
alloc_pos 33256
alloc_pos 33420
alloc_pos 33436
alloc_pos 33608
alloc_pos 33624
alloc_pos 33784
alloc_pos 33800
alloc_pos 33904
alloc_pos 33920
alloc_pos 34028
alloc_pos 34044
alloc_pos 34072
alloc_pos 34088
alloc_pos 34348
alloc_pos 34364
alloc_pos 34420
alloc_pos 34436
alloc_pos 34532
alloc_pos 34548
alloc_pos 34660
alloc_pos 34676
alloc_pos 34872
alloc_pos 34888
alloc_pos 35004
alloc_pos 35020
alloc_pos 35272
alloc_pos 35288
alloc_pos 35412
alloc_pos 35428
alloc_pos 35552
alloc_pos 35568
alloc_pos 35752
alloc_pos 35768
alloc_pos 35804
alloc_pos 35820
alloc_pos 36032
alloc_pos 36048
alloc_pos 36128
alloc_pos 36144
alloc_pos 36300
alloc_pos 36316
alloc_pos 36356
alloc_pos 36372
alloc_pos 36448
alloc_pos 36464
alloc_pos 36524
alloc_pos 36540
alloc_pos 36732
alloc_pos 36748
alloc_pos 36800
alloc_pos 36816
alloc_pos 36876
alloc_pos 36892
alloc_pos 37000
alloc_pos 37016
alloc_pos 37068
alloc_pos 37084
alloc_pos 37200
alloc_pos 37216
alloc_pos 37244
alloc_pos 37260
alloc_pos 37396
alloc_pos 37412
alloc_pos 37656
alloc_pos 37672
alloc_pos 37864
alloc_pos 37880
alloc_pos 37952
alloc_pos 37968
alloc_pos 38164
alloc_pos 38180
alloc_pos 38372
alloc_pos 38388
alloc_pos 38584
alloc_pos 38600
alloc_pos 38832
alloc_pos 38848
alloc_pos 38964
alloc_pos 38980
alloc_pos 39132
alloc_pos 39148
alloc_pos 39340
alloc_pos 39356
alloc_pos 39540
alloc_pos 39556
alloc_pos 39720
alloc_pos 39736
alloc_pos 39812
alloc_pos 39828
alloc_pos 39884
alloc_pos 39900
alloc_pos 40040
alloc_pos 40056
alloc_pos 40216
alloc_pos 40232
alloc_pos 40396
alloc_pos 40412
alloc_pos 40516
alloc_pos 40532
alloc_pos 40632
alloc_pos 40648
alloc_pos 40844
alloc_pos 40860
alloc_pos 40960
alloc_pos 41132
alloc_pos 41372
alloc_pos 41444
alloc_pos 41700
alloc_pos 41860
alloc_pos 42120
alloc_pos 42232
alloc_pos 42372
alloc_pos 42408
alloc_pos 42600
alloc_pos 42752
alloc_pos 42828
alloc_pos 43004
alloc_pos 43084
alloc_pos 43340
alloc_pos 43436
alloc_pos 43584
alloc_pos 43784
alloc_pos 44008
alloc_pos 44084
alloc_pos 44192
alloc_pos 44328
alloc_pos 44368
alloc_pos 44456
alloc_pos 44528
alloc_pos 44592
alloc_pos 44636
alloc_pos 44772
alloc_pos 44992
alloc_pos 45152
alloc_pos 45268
alloc_pos 45340
alloc_pos 45484
alloc_pos 45708
alloc_pos 45812
alloc_pos 45896
alloc_pos 46080
alloc_pos 46304
alloc_pos 46428
alloc_pos 46560
alloc_pos 46636
alloc_pos 46676
alloc_pos 46808
alloc_pos 46948
alloc_pos 47048
alloc_pos 47124
alloc_pos 47176
alloc_pos 47364
alloc_pos 47596
alloc_pos 47776
alloc_pos 47972
alloc_pos 48080
alloc_pos 48272
alloc_pos 48512
alloc_pos 48760
alloc_pos 48852
alloc_pos 48976
alloc_pos 49200
alloc_pos 49320
alloc_pos 49400
alloc_pos 49532
alloc_pos 49572
alloc_pos 49696
alloc_pos 49908
alloc_pos 50100
alloc_pos 50228
alloc_pos 50252
alloc_pos 50496
alloc_pos 50636
alloc_pos 50712
alloc_pos 50872
alloc_pos 50920
alloc_pos 51032
alloc_pos 51256
alloc_pos 51284
alloc_pos 51400
alloc_pos 51604
alloc_pos 51720
alloc_pos 51744
alloc_pos 51832
alloc_pos 52000
alloc_pos 52232
alloc_pos 52292
alloc_pos 52324
alloc_pos 52456
alloc_pos 52524
alloc_pos 52616
alloc_pos 52656
alloc_pos 52872
alloc_pos 52932
alloc_pos 53056
alloc_pos 53252
alloc_pos 53460
alloc_pos 53692
alloc_pos 53808
alloc_pos 54060
alloc_pos 54248
alloc_pos 54416
alloc_pos 54560
alloc_pos 54624
alloc_pos 54772
alloc_pos 55012
alloc_pos 55260
alloc_pos 55412
alloc_pos 55512
alloc_pos 55756
alloc_pos 56000
alloc_pos 56068
alloc_pos 56268
alloc_pos 56424
alloc_pos 56620
alloc_pos 56864
alloc_pos 56888
alloc_pos 56932
alloc_pos 56972
alloc_pos 57004
alloc_pos 57172
alloc_pos 57284
alloc_pos 57444
alloc_pos 57708
alloc_pos 57908
alloc_pos 58156
alloc_pos 58292
alloc_pos 58528
alloc_pos 58760
alloc_pos 58812
alloc_pos 59008
alloc_pos 59212
alloc_pos 59392
alloc_pos 59612
alloc_pos 59788
alloc_pos 60016
alloc_pos 60156
alloc_pos 60380
alloc_pos 60564
alloc_pos 60620
alloc_pos 60816
alloc_pos 60884
alloc_pos 61144
alloc_pos 61368
alloc_pos 61440
alloc_pos 61652
alloc_pos 61912
alloc_pos 62164
alloc_pos 62328
alloc_pos 62464
alloc_pos 62712
alloc_pos 62768
alloc_pos 62812
alloc_pos 62872
alloc_pos 63120
alloc_pos 63220
alloc_pos 63328
alloc_pos 63448
alloc_pos 63488
alloc_pos 63524
alloc_pos 63688
alloc_pos 63852
alloc_pos 64052
alloc_pos 64164
alloc_pos 64304
alloc_pos 64340
alloc_pos 64412
alloc_pos 64504
alloc_pos 64700
alloc_pos 64932
alloc_pos 65036
alloc_pos 65080
alloc_pos 65172
alloc_pos 65432
alloc_pos -1

