reason: unexpected exit code -6
--- stdout ---
CHENEY GENERATOR!
--- stderr ---
alloc_pos 8
alloc_pos 1040
alloc_pos 2072
alloc_pos 3104
alloc_pos 3368
alloc_pos 3512
alloc_pos 3700
alloc_pos 3812
alloc_pos 3920
alloc_pos 4116
alloc_pos 4184
alloc_pos 4300
alloc_pos 4456
alloc_pos 4620
alloc_pos 4876
alloc_pos 5068
alloc_pos 5212
alloc_pos 5448
alloc_pos 5496
alloc_pos 5536
alloc_pos 5728
alloc_pos 5956
alloc_pos 6084
alloc_pos 6132
alloc_pos 6364
alloc_pos 6492
alloc_pos 6676
alloc_pos 6888
alloc_pos 7152
alloc_pos 7204
alloc_pos 7436
alloc_pos 7680
alloc_pos 7904
alloc_pos 8016
alloc_pos 8236
alloc_pos 8368
alloc_pos 8412
alloc_pos 8516
alloc_pos 8616
alloc_pos 8676
alloc_pos 8856
alloc_pos 9064
alloc_pos 9208
alloc_pos 9244
alloc_pos 9480
alloc_pos 9716
alloc_pos 9860
alloc_pos 9952
alloc_pos 10208
alloc_pos 10240
alloc_pos 10468
alloc_pos 10632
alloc_pos 10692
alloc_pos 10816
alloc_pos 10860
alloc_pos 10904
alloc_pos 11164
alloc_pos 11368
alloc_pos 11428
alloc_pos 11484
alloc_pos 11716
alloc_pos 11924
alloc_pos 12176
alloc_pos 12316
alloc_pos 12392
alloc_pos 12576
alloc_pos 12736
alloc_pos 12808
alloc_pos 12900
alloc_pos 13120
alloc_pos 13208
alloc_pos 13396
alloc_pos 13624
alloc_pos 13880
alloc_pos 13928
alloc_pos 14112
alloc_pos 14136
alloc_pos 14380
alloc_pos 14552
alloc_pos 14628
alloc_pos 14788
alloc_pos 15020
alloc_pos 15112
alloc_pos 15360
alloc_pos 15616
alloc_pos 15672
alloc_pos 15800
alloc_pos 15900
alloc_pos 16076
alloc_pos 16268
alloc_pos 16460
alloc_pos 16500
alloc_pos 16552
alloc_pos 16792
alloc_pos 17028
alloc_pos 17220
alloc_pos 17280
alloc_pos 17480
alloc_pos 17568
alloc_pos 17712
alloc_pos 17796
alloc_pos 17932
alloc_pos 18076
alloc_pos 18200
alloc_pos 18260
alloc_pos 18440
alloc_pos 18500
alloc_pos 18620
alloc_pos 18656
alloc_pos 18696
alloc_pos 18908
alloc_pos 19108
alloc_pos 19276
alloc_pos 19432
alloc_pos 19696
alloc_pos 19944
alloc_pos 20056
alloc_pos 20284
alloc_pos 20412
alloc_pos 20668
alloc_pos 20892
alloc_pos 20988
alloc_pos 21028
alloc_pos 21144
alloc_pos 21300
alloc_pos 21552
alloc_pos 21628
alloc_pos 21892
alloc_pos 22024
alloc_pos 22184
alloc_pos 22360
alloc_pos 22492
alloc_pos 22620
alloc_pos 22880
alloc_pos 23088
alloc_pos 23132
alloc_pos 23340
alloc_pos 23480
alloc_pos 23652
alloc_pos 23844
alloc_pos 23884
alloc_pos 24072
alloc_pos 24160
alloc_pos 24196
alloc_pos 24264
alloc_pos 24496
alloc_pos 24704
alloc_pos 24860
alloc_pos 25112
alloc_pos 25276
alloc_pos 25312
alloc_pos 25472
alloc_pos 25644
alloc_pos 25812
alloc_pos 25872
alloc_pos 25932
alloc_pos 25960
alloc_pos 26216
alloc_pos 26388
alloc_pos 26636
alloc_pos 26880
alloc_pos 27124
alloc_pos 27324
alloc_pos 27432
alloc_pos 27528
alloc_pos 27636
alloc_pos 27700
alloc_pos 27820
alloc_pos 28060
alloc_pos 28192
alloc_pos 28336
alloc_pos 28464
alloc_pos 28624
alloc_pos 28740
alloc_pos 28892
alloc_pos 29124
alloc_pos 29380
alloc_pos 29448
alloc_pos 29700
alloc_pos 29768
alloc_pos 29880
alloc_pos 29968
alloc_pos 30076
alloc_pos 30188
alloc_pos 30324
alloc_pos 30516
alloc_pos 30556
alloc_pos 30664
alloc_pos 30908
alloc_pos 31144
alloc_pos 31372
alloc_pos 31600
alloc_pos 31796
alloc_pos 32044
alloc_pos 32260
alloc_pos 32404
alloc_pos 32444
alloc_pos 32664
alloc_pos 32924
alloc_pos 32992
alloc_pos 33136
alloc_pos 33308
alloc_pos 33496
alloc_pos 33576
alloc_pos 33612
alloc_pos 33672
alloc_pos 33896
alloc_pos 33964
alloc_pos 34132
alloc_pos 34316
alloc_pos 34388
alloc_pos 34620
alloc_pos 34752
alloc_pos 34904
alloc_pos 35132
alloc_pos 35320
alloc_pos 35372
alloc_pos 35404
alloc_pos 35556
alloc_pos 35720
alloc_pos 35896
alloc_pos 35972
alloc_pos 36012
alloc_pos 36044
alloc_pos 36072
alloc_pos 36288
alloc_pos 36388
alloc_pos 36596
alloc_pos 36760
alloc_pos 36848
alloc_pos 36980
alloc_pos 37020
alloc_pos 37116
alloc_pos 37372
alloc_pos 37536
alloc_pos 37708
alloc_pos 37892
alloc_pos 37992
alloc_pos 38024
alloc_pos 38248
alloc_pos 38456
alloc_pos 38496
alloc_pos 38652
alloc_pos 38760
alloc_pos 38796
alloc_pos 38868
alloc_pos 38928
alloc_pos 39076
alloc_pos 39208
alloc_pos 39472
alloc_pos 39660
alloc_pos 39828
alloc_pos 39924
alloc_pos 40112
alloc_pos 40312
alloc_pos 40348
alloc_pos 40528
alloc_pos 40592
alloc_pos 40796
alloc_pos 40832
alloc_pos 40892
alloc_pos 41036
alloc_pos 41224
alloc_pos 41336
alloc_pos 41444
alloc_pos 41640
alloc_pos 41708
alloc_pos 41824
alloc_pos 41980
alloc_pos 42144
alloc_pos 42400
alloc_pos 42592
alloc_pos 42736
alloc_pos 42972
alloc_pos 43020
alloc_pos 43060
alloc_pos 43252
alloc_pos 43480
alloc_pos 43608
alloc_pos 43656
alloc_pos 43888
alloc_pos 44016
alloc_pos 44200
alloc_pos 44412
alloc_pos 44676
alloc_pos 44728
alloc_pos 44960
alloc_pos 45204
alloc_pos 45428
alloc_pos 45540
alloc_pos 45760
alloc_pos 45892
alloc_pos 45936
alloc_pos 46040
alloc_pos 46140
alloc_pos 46200
alloc_pos 46380
alloc_pos 46588
alloc_pos 46732
alloc_pos 46768
alloc_pos 47004
alloc_pos 47240
alloc_pos 47384
alloc_pos 47476
alloc_pos 47732
alloc_pos 47764
alloc_pos 47992
alloc_pos 48156
alloc_pos 48216
alloc_pos 48340
alloc_pos 48384
alloc_pos 48428
alloc_pos 48688
alloc_pos 48892
alloc_pos 48952
alloc_pos 49008
alloc_pos 49240
alloc_pos 49448
alloc_pos 49700
alloc_pos 49840
alloc_pos 49916
alloc_pos 50100
alloc_pos 50260
alloc_pos 50332
alloc_pos 50424
alloc_pos 50644
alloc_pos 50732
alloc_pos 50920
alloc_pos 51148
alloc_pos 51404
alloc_pos 51452
alloc_pos 51636
alloc_pos 51660
alloc_pos 51904
alloc_pos 52076
alloc_pos 52152
alloc_pos 52312
alloc_pos 52544
alloc_pos 52636
alloc_pos 52884
alloc_pos 53140
alloc_pos 53196
alloc_pos 53324
alloc_pos 53424
alloc_pos 53600
alloc_pos 53792
alloc_pos 53984
alloc_pos 54024
alloc_pos 54076
alloc_pos 54316
alloc_pos 54552
alloc_pos 54744
alloc_pos 54804
alloc_pos 55004
alloc_pos 55092
alloc_pos 55236
alloc_pos 55320
alloc_pos 55456
alloc_pos 55600
alloc_pos 55724
alloc_pos 55784
alloc_pos 55964
alloc_pos 56024
alloc_pos 56144
alloc_pos 56180
alloc_pos 56220
alloc_pos 56432
alloc_pos 56632
alloc_pos 56800
alloc_pos 56956
alloc_pos 57220
alloc_pos 57468
alloc_pos 57580
alloc_pos 57808
alloc_pos 57936
alloc_pos 58192
alloc_pos 58416
alloc_pos 58512
alloc_pos 58552
alloc_pos 58668
alloc_pos 58824
alloc_pos 59076
alloc_pos 59152
alloc_pos 59416
alloc_pos 59548
alloc_pos 59708
alloc_pos 59884
alloc_pos 60016
alloc_pos 60144
alloc_pos 60404
alloc_pos 60612
alloc_pos 60656
alloc_pos 60864
alloc_pos 61004
alloc_pos 61176
alloc_pos 61368
alloc_pos 61408
alloc_pos 61596
alloc_pos 61684
alloc_pos 61720
alloc_pos 61788
alloc_pos 62020
alloc_pos 62228
alloc_pos 62384
alloc_pos 62636
alloc_pos 62800
alloc_pos 62836
alloc_pos 62996
alloc_pos 63168
alloc_pos 63336
alloc_pos 63396
alloc_pos 63456
alloc_pos 63484
alloc_pos 63740
alloc_pos 63912
alloc_pos 64160
alloc_pos 64404
alloc_pos 64648
alloc_pos 64848
alloc_pos 64956
alloc_pos 65052
alloc_pos 65160
alloc_pos 65224
alloc_pos -1

