reason: unexpected exit code -6
--- stdout ---
CHENEY GENERATOR!
--- stderr ---
alloc_pos 8
alloc_pos 1040
alloc_pos 1056
alloc_pos 1124
alloc_pos 1140
alloc_pos 1164
alloc_pos 1180
alloc_pos 1328
alloc_pos 1344
alloc_pos 1384
alloc_pos 1400
alloc_pos 1612
alloc_pos 1628
alloc_pos 1784
alloc_pos 1800
alloc_pos 1944
alloc_pos 1960
alloc_pos 2216
alloc_pos 2232
alloc_pos 2476
alloc_pos 2492
alloc_pos 2740
alloc_pos 2756
alloc_pos 2820
alloc_pos 2836
alloc_pos 2988
alloc_pos 3004
alloc_pos 3224
alloc_pos 3240
alloc_pos 3472
alloc_pos 3488
alloc_pos 3708
alloc_pos 3724
alloc_pos 3952
alloc_pos 3968
alloc_pos 4052
alloc_pos 4068
alloc_pos 4144
alloc_pos 4160
alloc_pos 4252
alloc_pos 4268
alloc_pos 4312
alloc_pos 4328
alloc_pos 4360
alloc_pos 4376
alloc_pos 4452
alloc_pos 4468
alloc_pos 4540
alloc_pos 4556
alloc_pos 4728
alloc_pos 4744
alloc_pos 4784
alloc_pos 4800
alloc_pos 4996
alloc_pos 5012
alloc_pos 5160
alloc_pos 5176
alloc_pos 5240
alloc_pos 5256
alloc_pos 5408
alloc_pos 5424
alloc_pos 5636
alloc_pos 5652
alloc_pos 5700
alloc_pos 5716
alloc_pos 5884
alloc_pos 5900
alloc_pos 6008
alloc_pos 6024
alloc_pos 6164
alloc_pos 6180
alloc_pos 6204
alloc_pos 6220
alloc_pos 6372
alloc_pos 6388
alloc_pos 6444
alloc_pos 6460
alloc_pos 6704
alloc_pos 6720
alloc_pos 6896
alloc_pos 6912
alloc_pos 7024
alloc_pos 7040
alloc_pos 7224
alloc_pos 7240
alloc_pos 7296
alloc_pos 7312
alloc_pos 7368
alloc_pos 7384
alloc_pos 7584
alloc_pos 7600
alloc_pos 7784
alloc_pos 7800
alloc_pos 7940
alloc_pos 7956
alloc_pos 8200
alloc_pos 8216
alloc_pos 8436
alloc_pos 8452
alloc_pos 8528
alloc_pos 8544
alloc_pos 8676
alloc_pos 8692
alloc_pos 8720
alloc_pos 8736
alloc_pos 8960
alloc_pos 8976
alloc_pos 9040
alloc_pos 9056
alloc_pos 9196
alloc_pos 9212
alloc_pos 9352
alloc_pos 9368
alloc_pos 9468
alloc_pos 9484
alloc_pos 9584
alloc_pos 9600
alloc_pos 9692
alloc_pos 9708
alloc_pos 9784
alloc_pos 9800
alloc_pos 9928
alloc_pos 9944
alloc_pos 10060
alloc_pos 10076
alloc_pos 10328
alloc_pos 10344
alloc_pos 10452
alloc_pos 10468
alloc_pos 10576
alloc_pos 10592
alloc_pos 10624
alloc_pos 10640
alloc_pos 10776
alloc_pos 10792
alloc_pos 10952
alloc_pos 10968
alloc_pos 11060
alloc_pos 11076
alloc_pos 11180
alloc_pos 11196
alloc_pos 11268
alloc_pos 11284
alloc_pos 11480
alloc_pos 11496
alloc_pos 11732
alloc_pos 11748
alloc_pos 11804
alloc_pos 11820
alloc_pos 11876
alloc_pos 11892
alloc_pos 12112
alloc_pos 12128
alloc_pos 12288
alloc_pos 12304
alloc_pos 12412
alloc_pos 12428
alloc_pos 12628
alloc_pos 12644
alloc_pos 12896
alloc_pos 12912
alloc_pos 13016
alloc_pos 13032
alloc_pos 13264
alloc_pos 13280
alloc_pos 13504
alloc_pos 13520
alloc_pos 13760
alloc_pos 13776
alloc_pos 13988
alloc_pos 14004
alloc_pos 14204
alloc_pos 14220
alloc_pos 14260
alloc_pos 14276
alloc_pos 14300
alloc_pos 14316
alloc_pos 14532
alloc_pos 14548
alloc_pos 14792
alloc_pos 14808
alloc_pos 15044
alloc_pos 15060
alloc_pos 15144
alloc_pos 15160
alloc_pos 15412
alloc_pos 15428
alloc_pos 15564
alloc_pos 15580
alloc_pos 15712
alloc_pos 15728
alloc_pos 15956
alloc_pos 15972
alloc_pos 16072
alloc_pos 16088
alloc_pos 16160
alloc_pos 16176
alloc_pos 16248
alloc_pos 16264
alloc_pos 16424
alloc_pos 16440
alloc_pos 16648
alloc_pos 16664
alloc_pos 16904
alloc_pos 16920
alloc_pos 17012
alloc_pos 17028
alloc_pos 17076
alloc_pos 17092
alloc_pos 17248
alloc_pos 17264
alloc_pos 17420
alloc_pos 17436
alloc_pos 17680
alloc_pos 17696
alloc_pos 17812
alloc_pos 17828
alloc_pos 17920
alloc_pos 17936
alloc_pos 17996
alloc_pos 18012
alloc_pos 18136
alloc_pos 18152
alloc_pos 18408
alloc_pos 18424
alloc_pos 18660
alloc_pos 18676
alloc_pos 18836
alloc_pos 18852
alloc_pos 18880
alloc_pos 18896
alloc_pos 19024
alloc_pos 19040
alloc_pos 19136
alloc_pos 19152
alloc_pos 19384
alloc_pos 19400
alloc_pos 19656
alloc_pos 19672
alloc_pos 19912
alloc_pos 19928
alloc_pos 20032
alloc_pos 20048
alloc_pos 20264
alloc_pos 20280
alloc_pos 20420
alloc_pos 20436
alloc_pos 20684
alloc_pos 20700
alloc_pos 20960
alloc_pos 20976
alloc_pos 21032
alloc_pos 21048
alloc_pos 21108
alloc_pos 21124
alloc_pos 21328
alloc_pos 21344
alloc_pos 21412
alloc_pos 21428
alloc_pos 21552
alloc_pos 21568
alloc_pos 21672
alloc_pos 21688
alloc_pos 21904
alloc_pos 21920
alloc_pos 22100
alloc_pos 22116
alloc_pos 22292
alloc_pos 22308
alloc_pos 22572
alloc_pos 22588
alloc_pos 22712
alloc_pos 22728
alloc_pos 22808
alloc_pos 22824
alloc_pos 23040
alloc_pos 23056
alloc_pos 23136
alloc_pos 23152
alloc_pos 23240
alloc_pos 23256
alloc_pos 23360
alloc_pos 23376
alloc_pos 23640
alloc_pos 23656
alloc_pos 23748
alloc_pos 23764
alloc_pos 23804
alloc_pos 23820
alloc_pos 23876
alloc_pos 23892
alloc_pos 24052
alloc_pos 24068
alloc_pos 24328
alloc_pos 24344
alloc_pos 24380
alloc_pos 24396
alloc_pos 24544
alloc_pos 24560
alloc_pos 24596
alloc_pos 24612
alloc_pos 24648
alloc_pos 24664
alloc_pos 24808
alloc_pos 24824
alloc_pos 24868
alloc_pos 24884
alloc_pos 25116
alloc_pos 25132
alloc_pos 25272
alloc_pos 25288
alloc_pos 25448
alloc_pos 25464
alloc_pos 25624
alloc_pos 25640
alloc_pos 25676
alloc_pos 25692
alloc_pos 25852
alloc_pos 25868
alloc_pos 26004
alloc_pos 26020
alloc_pos 26252
alloc_pos 26268
alloc_pos 26416
alloc_pos 26432
alloc_pos 26624
alloc_pos 26640
alloc_pos 26740
alloc_pos 26756
alloc_pos 26788
alloc_pos 26804
alloc_pos 27008
alloc_pos 27024
alloc_pos 27128
alloc_pos 27144
alloc_pos 27372
alloc_pos 27388
alloc_pos 27588
alloc_pos 27604
alloc_pos 27772
alloc_pos 27788
alloc_pos 28028
alloc_pos 28044
alloc_pos 28284
alloc_pos 28300
alloc_pos 28332
alloc_pos 28348
alloc_pos 28608
alloc_pos 28624
alloc_pos 28788
alloc_pos 28804
alloc_pos 28996
alloc_pos 29012
alloc_pos 29156
alloc_pos 29172
alloc_pos 29248
alloc_pos 29264
alloc_pos 29464
alloc_pos 29480
alloc_pos 29664
alloc_pos 29680
alloc_pos 29860
alloc_pos 29876
alloc_pos 30028
alloc_pos 30044
alloc_pos 30244
alloc_pos 30260
alloc_pos 30292
alloc_pos 30308
alloc_pos 30564
alloc_pos 30580
alloc_pos 30816
alloc_pos 30832
alloc_pos 30940
alloc_pos 30956
alloc_pos 31076
alloc_pos 31092
alloc_pos 31336
alloc_pos 31352
alloc_pos 31512
alloc_pos 31528
alloc_pos 31764
alloc_pos 31780
alloc_pos 31996
alloc_pos 32012
alloc_pos 32156
alloc_pos 32172
alloc_pos 32412
alloc_pos 32428
alloc_pos 32460
alloc_pos 32476
alloc_pos 32552
alloc_pos 32568
alloc_pos 32648
alloc_pos 32664
alloc_pos 32840
alloc_pos 32856
alloc_pos 32880
alloc_pos 32896
alloc_pos 33132
alloc_pos 33148
alloc_pos 33360
alloc_pos 33376
alloc_pos 33532
alloc_pos 33548
alloc_pos 33604
alloc_pos 33620
alloc_pos 33664
alloc_pos 33680
alloc_pos 33900
alloc_pos 33916
alloc_pos 34120
alloc_pos 34136
alloc_pos 34396
alloc_pos 34412
alloc_pos 34580
alloc_pos 34596
alloc_pos 34848
alloc_pos 34864
alloc_pos 35100
alloc_pos 35116
alloc_pos 35160
alloc_pos 35176
alloc_pos 35420
alloc_pos 35436
alloc_pos 35516
alloc_pos 35532
alloc_pos 35768
alloc_pos 35784
alloc_pos 35864
alloc_pos 35880
alloc_pos 36064
alloc_pos 36080
alloc_pos 36272
alloc_pos 36288
alloc_pos 36528
alloc_pos 36544
alloc_pos 36576
alloc_pos 36592
alloc_pos 36744
alloc_pos 36760
alloc_pos 36804
alloc_pos 36820
alloc_pos 36952
alloc_pos 36968
alloc_pos 37088
alloc_pos 37104
alloc_pos 37144
alloc_pos 37160
alloc_pos 37384
alloc_pos 37400
alloc_pos 37452
alloc_pos 37468
alloc_pos 37644
alloc_pos 37660
alloc_pos 37700
alloc_pos 37716
alloc_pos 37772
alloc_pos 37788
alloc_pos 38028
alloc_pos 38044
alloc_pos 38180
alloc_pos 38196
alloc_pos 38424
alloc_pos 38440
alloc_pos 38604
alloc_pos 38620
alloc_pos 38700
alloc_pos 38716
alloc_pos 38740
alloc_pos 38756
alloc_pos 38920
alloc_pos 38936
alloc_pos 39048
alloc_pos 39064
alloc_pos 39172
alloc_pos 39188
alloc_pos 39240
alloc_pos 39256
alloc_pos 39440
alloc_pos 39456
alloc_pos 39640
alloc_pos 39656
alloc_pos 39884
alloc_pos 39900
alloc_pos 39928
alloc_pos 39944
alloc_pos 39996
alloc_pos 40012
alloc_pos 40040
alloc_pos 40056
alloc_pos 40148
alloc_pos 40164
alloc_pos 40244
alloc_pos 40260
alloc_pos 40460
alloc_pos 40476
alloc_pos 40708
alloc_pos 40724
alloc_pos 40960
alloc_pos 40976
alloc_pos 41196
alloc_pos 41212
alloc_pos 41364
alloc_pos 41380
alloc_pos 41572
alloc_pos 41588
alloc_pos 41684
alloc_pos 41700
alloc_pos 41728
alloc_pos 41744
alloc_pos 41776
alloc_pos 41792
alloc_pos 41840
alloc_pos 41908
alloc_pos 41932
alloc_pos 42080
alloc_pos 42120
alloc_pos 42332
alloc_pos 42488
alloc_pos 42632
alloc_pos 42888
alloc_pos 43132
alloc_pos 43380
alloc_pos 43444
alloc_pos 43596
alloc_pos 43816
alloc_pos 44048
alloc_pos 44268
alloc_pos 44496
alloc_pos 44580
alloc_pos 44656
alloc_pos 44748
alloc_pos 44792
alloc_pos 44824
alloc_pos 44900
alloc_pos 44972
alloc_pos 45144
alloc_pos 45184
alloc_pos 45380
alloc_pos 45528
alloc_pos 45592
alloc_pos 45744
alloc_pos 45956
alloc_pos 46004
alloc_pos 46172
alloc_pos 46280
alloc_pos 46420
alloc_pos 46444
alloc_pos 46596
alloc_pos 46652
alloc_pos 46896
alloc_pos 47072
alloc_pos 47184
alloc_pos 47368
alloc_pos 47424
alloc_pos 47480
alloc_pos 47680
alloc_pos 47864
alloc_pos 48004
alloc_pos 48248
alloc_pos 48468
alloc_pos 48544
alloc_pos 48676
alloc_pos 48704
alloc_pos 48928
alloc_pos 48992
alloc_pos 49132
alloc_pos 49272
alloc_pos 49372
alloc_pos 49472
alloc_pos 49564
alloc_pos 49640
alloc_pos 49768
alloc_pos 49884
alloc_pos 50136
alloc_pos 50244
alloc_pos 50352
alloc_pos 50384
alloc_pos 50520
alloc_pos 50680
alloc_pos 50772
alloc_pos 50876
alloc_pos 50948
alloc_pos 51144
alloc_pos 51380
alloc_pos 51436
alloc_pos 51492
alloc_pos 51712
alloc_pos 51872
alloc_pos 51980
alloc_pos 52180
alloc_pos 52432
alloc_pos 52536
alloc_pos 52768
alloc_pos 52992
alloc_pos 53232
alloc_pos 53444
alloc_pos 53644
alloc_pos 53684
alloc_pos 53708
alloc_pos 53924
alloc_pos 54168
alloc_pos 54404
alloc_pos 54488
alloc_pos 54740
alloc_pos 54876
alloc_pos 55008
alloc_pos 55236
alloc_pos 55336
alloc_pos 55408
alloc_pos 55480
alloc_pos 55640
alloc_pos 55848
alloc_pos 56088
alloc_pos 56180
alloc_pos 56228
alloc_pos 56384
alloc_pos 56540
alloc_pos 56784
alloc_pos 56900
alloc_pos 56992
alloc_pos 57052
alloc_pos 57176
alloc_pos 57432
alloc_pos 57668
alloc_pos 57828
alloc_pos 57856
alloc_pos 57984
alloc_pos 58080
alloc_pos 58312
alloc_pos 58568
alloc_pos 58808
alloc_pos 58912
alloc_pos 59128
alloc_pos 59268
alloc_pos 59516
alloc_pos 59776
alloc_pos 59832
alloc_pos 59892
alloc_pos 60096
alloc_pos 60164
alloc_pos 60288
alloc_pos 60392
alloc_pos 60608
alloc_pos 60788
alloc_pos 60964
alloc_pos 61228
alloc_pos 61352
alloc_pos 61432
alloc_pos 61648
alloc_pos 61728
alloc_pos 61816
alloc_pos 61920
alloc_pos 62184
alloc_pos 62276
alloc_pos 62316
alloc_pos 62372
alloc_pos 62532
alloc_pos 62792
alloc_pos 62828
alloc_pos 62976
alloc_pos 63012
alloc_pos 63048
alloc_pos 63192
alloc_pos 63236
alloc_pos 63468
alloc_pos 63608
alloc_pos 63768
alloc_pos 63928
alloc_pos 63964
alloc_pos 64124
alloc_pos 64260
alloc_pos 64492
alloc_pos 64640
alloc_pos 64832
alloc_pos 64932
alloc_pos 64964
alloc_pos 65168
alloc_pos 65272
alloc_pos 65500
alloc_pos 65700
alloc_pos 65868
alloc_pos 66108
alloc_pos 66348
alloc_pos 66380
alloc_pos 66640
alloc_pos 66804
alloc_pos 66996
alloc_pos 67140
alloc_pos 67216
alloc_pos 67416
alloc_pos 67600
alloc_pos 67780
alloc_pos 67932
alloc_pos 68132
alloc_pos 68164
alloc_pos 68420
alloc_pos 68656
alloc_pos 68764
alloc_pos 68884
alloc_pos 69128
alloc_pos 69288
alloc_pos 69524
alloc_pos 69740
alloc_pos 69884
alloc_pos 70124
alloc_pos 70156
alloc_pos 70232
alloc_pos 70312
alloc_pos 70488
alloc_pos 70512
alloc_pos 70748
alloc_pos 70960
alloc_pos 71116
alloc_pos 71172
alloc_pos 71216
alloc_pos 71436
alloc_pos 71640
alloc_pos 71900
alloc_pos 72068
alloc_pos 72320
alloc_pos 72556
alloc_pos 72600
alloc_pos 72844
alloc_pos 72924
alloc_pos 73160
alloc_pos 73240
alloc_pos 73424
alloc_pos 73616
alloc_pos 73856
alloc_pos 73888
alloc_pos 74040
alloc_pos 74084
alloc_pos 74216
alloc_pos 74336
alloc_pos 74376
alloc_pos 74600
alloc_pos 74652
alloc_pos 74828
alloc_pos 74868
alloc_pos 74924
alloc_pos 75164
alloc_pos 75300
alloc_pos 75528
alloc_pos 75692
alloc_pos 75772
alloc_pos 75796
alloc_pos 75960
alloc_pos 76072
alloc_pos 76180
alloc_pos 76232
alloc_pos 76416
alloc_pos 76600
alloc_pos 76828
alloc_pos 76856
alloc_pos 76908
alloc_pos 76936
alloc_pos 77028
alloc_pos 77108
alloc_pos 77308
alloc_pos 77540
alloc_pos 77776
alloc_pos 77996
alloc_pos 78148
alloc_pos 78340
alloc_pos 78436
alloc_pos 78464
alloc_pos 78496
alloc_pos 78544
alloc_pos 78612
alloc_pos 78636
alloc_pos 78784
alloc_pos 78824
alloc_pos 79036
alloc_pos 79192
alloc_pos 79336
alloc_pos 79592
alloc_pos 79836
alloc_pos 80084
alloc_pos 80148
alloc_pos 80300
alloc_pos 80520
alloc_pos 80752
alloc_pos 80972
alloc_pos 81200
alloc_pos 81284
alloc_pos 81360
alloc_pos 81452
alloc_pos 81496
alloc_pos 81528
alloc_pos 81604
alloc_pos 81676
alloc_pos 81848
alloc_pos 81888
alloc_pos 82084
alloc_pos 82232
alloc_pos 82296
alloc_pos 82448
alloc_pos 82660
alloc_pos 82708
alloc_pos 82876
alloc_pos 82984
alloc_pos 83124
alloc_pos 83148
alloc_pos 83300
alloc_pos 83356
alloc_pos 83600
alloc_pos 83776
alloc_pos 83888
alloc_pos 84072
alloc_pos 84128
alloc_pos 84184
alloc_pos 84384
alloc_pos 84568
alloc_pos 84708
alloc_pos 84952
alloc_pos 85172
alloc_pos 85248
alloc_pos 85380
alloc_pos 85408
alloc_pos 85632
alloc_pos 85696
alloc_pos 85836
alloc_pos 85976
alloc_pos 86076
alloc_pos 86176
alloc_pos 86268
alloc_pos 86344
alloc_pos 86472
alloc_pos 86588
alloc_pos 86840
alloc_pos 86948
alloc_pos 87056
alloc_pos 87088
alloc_pos 87224
alloc_pos 87384
alloc_pos 87476
alloc_pos 87580
alloc_pos 87652
alloc_pos 87848
alloc_pos 88084
alloc_pos 88140
alloc_pos 88196
alloc_pos 88416
alloc_pos 88576
alloc_pos 88684
alloc_pos 88884
alloc_pos 89136
alloc_pos 89240
alloc_pos 89472
alloc_pos 89696
alloc_pos 89936
alloc_pos 90148
alloc_pos 90348
alloc_pos 90388
alloc_pos 90412
alloc_pos 90628
alloc_pos 90872
alloc_pos 91108
alloc_pos 91192
alloc_pos 91444
alloc_pos 91580
alloc_pos 91712
alloc_pos 91940
alloc_pos 92040
alloc_pos 92112
alloc_pos 92184
alloc_pos 92344
alloc_pos 92552
alloc_pos 92792
alloc_pos 92884
alloc_pos 92932
alloc_pos 93088
alloc_pos 93244
alloc_pos 93488
alloc_pos 93604
alloc_pos 93696
alloc_pos 93756
alloc_pos 93880
alloc_pos 94136
alloc_pos 94372
alloc_pos 94532
alloc_pos 94560
alloc_pos 94688
alloc_pos 94784
alloc_pos 95016
alloc_pos 95272
alloc_pos 95512
alloc_pos 95616
alloc_pos 95832
alloc_pos 95972
alloc_pos 96220
alloc_pos 96480
alloc_pos 96536
alloc_pos 96596
alloc_pos 96800
alloc_pos 96868
alloc_pos 96992
alloc_pos 97096
alloc_pos 97312
alloc_pos 97492
alloc_pos 97668
alloc_pos 97932
alloc_pos 98056
alloc_pos 98136
alloc_pos 98352
alloc_pos 98432
alloc_pos 98520
alloc_pos 98624
alloc_pos 98888
alloc_pos 98980
alloc_pos 99020
alloc_pos 99076
alloc_pos 99236
alloc_pos 99496
alloc_pos 99532
alloc_pos 99680
alloc_pos 99716
alloc_pos 99752
alloc_pos 99896
alloc_pos 99940
alloc_pos 100172
alloc_pos 100312
alloc_pos 100472
alloc_pos 100632
alloc_pos 100668
alloc_pos 100828
alloc_pos 100964
alloc_pos 101196
alloc_pos 101344
alloc_pos 101536
alloc_pos 101636
alloc_pos 101668
alloc_pos 101872
alloc_pos 101976
alloc_pos 102204
alloc_pos 102404
alloc_pos 102572
alloc_pos 102812
alloc_pos 103052
alloc_pos 103084
alloc_pos 103344
alloc_pos 103508
alloc_pos 103700
alloc_pos 103844
alloc_pos 103920
alloc_pos 104120
alloc_pos 104304
alloc_pos 104484
alloc_pos 104636
alloc_pos 104836
alloc_pos 104868
alloc_pos 105124
alloc_pos 105360
alloc_pos 105468
alloc_pos 105588
alloc_pos 105832
alloc_pos 105992
alloc_pos 106228
alloc_pos 106444
alloc_pos 106588
alloc_pos 106828
alloc_pos 106860
alloc_pos 106936
alloc_pos 107016
alloc_pos 107192
alloc_pos 107216
alloc_pos 107452
alloc_pos 107664
alloc_pos 107820
alloc_pos 107876
alloc_pos 107920
alloc_pos 108140
alloc_pos 108344
alloc_pos 108604
alloc_pos 108772
alloc_pos 109024
alloc_pos 109260
alloc_pos 109304
alloc_pos 109548
alloc_pos 109628
alloc_pos 109864
alloc_pos 109944
alloc_pos 110128
alloc_pos 110320
alloc_pos 110560
alloc_pos 110592
alloc_pos 110744
alloc_pos 110788
alloc_pos 110920
alloc_pos 111040
alloc_pos 111080
alloc_pos 111304
alloc_pos 111356
alloc_pos 111532
alloc_pos 111572
alloc_pos 111628
alloc_pos 111868
alloc_pos 112004
alloc_pos 112232
alloc_pos 112396
alloc_pos 112476
alloc_pos 112500
alloc_pos 112664
alloc_pos 112776
alloc_pos 112884
alloc_pos 112936
alloc_pos 113120
alloc_pos 113304
alloc_pos 113532
alloc_pos 113560
alloc_pos 113612
alloc_pos 113640
alloc_pos 113732
alloc_pos 113812
alloc_pos 114012
alloc_pos 114244
alloc_pos 114480
alloc_pos 114700
alloc_pos 114852
alloc_pos 115044
alloc_pos 115140
alloc_pos 115168
alloc_pos 115200
alloc_pos 115248
alloc_pos 115316
alloc_pos 115340
alloc_pos 115488
alloc_pos 115528
alloc_pos 115740
alloc_pos 115896
alloc_pos 116040
alloc_pos 116296
alloc_pos 116540
alloc_pos 116788
alloc_pos 116852
alloc_pos 117004
alloc_pos 117224
alloc_pos 117456
alloc_pos 117676
alloc_pos 117904
alloc_pos 117988
alloc_pos 118064
alloc_pos 118156
alloc_pos 118200
alloc_pos 118232
alloc_pos 118308
alloc_pos 118380
alloc_pos 118552
alloc_pos 118592
alloc_pos 118788
alloc_pos 118936
alloc_pos 119000
alloc_pos 119152
alloc_pos 119364
alloc_pos 119412
alloc_pos 119580
alloc_pos 119688
alloc_pos 119828
alloc_pos 119852
alloc_pos 120004
alloc_pos 120060
alloc_pos 120304
alloc_pos 120480
alloc_pos 120592
alloc_pos 120776
alloc_pos 120832
alloc_pos 120888
alloc_pos 121088
alloc_pos 121272
alloc_pos 121412
alloc_pos 121656
alloc_pos 121876
alloc_pos 121952
alloc_pos 122084
alloc_pos 122112
alloc_pos 122336
alloc_pos 122400
alloc_pos 122540
alloc_pos 122680
alloc_pos 122780
alloc_pos 122880
alloc_pos 122972
alloc_pos 123048
alloc_pos 123176
alloc_pos 123292
alloc_pos 123544
alloc_pos 123652
alloc_pos 123760
alloc_pos 123792
alloc_pos 123928
alloc_pos 124088
alloc_pos 124180
alloc_pos 124284
alloc_pos 124356
alloc_pos 124552
alloc_pos 124788
alloc_pos 124844
alloc_pos 124900
alloc_pos 125120
alloc_pos 125280
alloc_pos 125388
alloc_pos 125588
alloc_pos 125840
alloc_pos 125944
alloc_pos 126176
alloc_pos 126400
alloc_pos 126640
alloc_pos 126852
alloc_pos 127052
alloc_pos 127092
alloc_pos 127116
alloc_pos 127332
alloc_pos 127576
alloc_pos 127812
alloc_pos 127896
alloc_pos 128148
alloc_pos 128284
alloc_pos 128416
alloc_pos 128644
alloc_pos 128744
alloc_pos 128816
alloc_pos 128888
alloc_pos 129048
alloc_pos 129256
alloc_pos 129496
alloc_pos 129588
alloc_pos 129636
alloc_pos 129792
alloc_pos 129948
alloc_pos 130192
alloc_pos 130308
alloc_pos 130400
alloc_pos 130460
alloc_pos 130584
alloc_pos 130840
alloc_pos 131076
alloc_pos 131236
alloc_pos 131264
alloc_pos 131392
alloc_pos 131488
alloc_pos 131720
alloc_pos 131976
alloc_pos 132216
alloc_pos 132320
alloc_pos 132536
alloc_pos 132676
alloc_pos 132924
alloc_pos 133184
alloc_pos 133240
alloc_pos 133300
alloc_pos 133504
alloc_pos 133572
alloc_pos 133696
alloc_pos 133800
alloc_pos 134016
alloc_pos 134196
alloc_pos 134372
alloc_pos 134636
alloc_pos 134760
alloc_pos 134840
alloc_pos 135056
alloc_pos 135136
alloc_pos 135224
alloc_pos 135328
alloc_pos 135592
alloc_pos 135684
alloc_pos 135724
alloc_pos 135780
alloc_pos 135940
alloc_pos 136200
alloc_pos 136236
alloc_pos 136384
alloc_pos 136420
alloc_pos 136456
alloc_pos 136600
alloc_pos 136644
alloc_pos 136876
alloc_pos 137016
alloc_pos 137176
alloc_pos 137336
alloc_pos 137372
alloc_pos 137532
alloc_pos 137668
alloc_pos 137900
alloc_pos 138048
alloc_pos 138240
alloc_pos 138340
alloc_pos 138372
alloc_pos 138576
alloc_pos 138680
alloc_pos 138908
alloc_pos 139108
alloc_pos 139276
alloc_pos 139516
alloc_pos 139756
alloc_pos 139788
alloc_pos 140048
alloc_pos 140212
alloc_pos 140404
alloc_pos 140548
alloc_pos 140624
alloc_pos 140824
alloc_pos 141008
alloc_pos 141188
alloc_pos 141340
alloc_pos 141540
alloc_pos 141572
alloc_pos 141828
alloc_pos 142064
alloc_pos 142172
alloc_pos 142292
alloc_pos 142536
alloc_pos 142696
alloc_pos 142932
alloc_pos 143148
alloc_pos 143292
alloc_pos 143532
alloc_pos 143564
alloc_pos 143640
alloc_pos 143720
alloc_pos 143896
alloc_pos 143920
alloc_pos 144156
alloc_pos 144368
alloc_pos 144524
alloc_pos 144580
alloc_pos 144624
alloc_pos 144844
alloc_pos 145048
alloc_pos 145308
alloc_pos 145476
alloc_pos 145728
alloc_pos 145964
alloc_pos 146008
alloc_pos 146252
alloc_pos 146332
alloc_pos 146568
alloc_pos 146648
alloc_pos 146832
alloc_pos 147024
alloc_pos 147264
alloc_pos 147296
alloc_pos 147448
alloc_pos 147492
alloc_pos 147624
alloc_pos 147744
alloc_pos 147784
alloc_pos 148008
alloc_pos 148060
alloc_pos 148236
alloc_pos 148276
alloc_pos 148332
alloc_pos 148572
alloc_pos 148708
alloc_pos 148936
alloc_pos 149100
alloc_pos 149180
alloc_pos 149204
alloc_pos 149368
alloc_pos 149480
alloc_pos 149588
alloc_pos 149640
alloc_pos 149824
alloc_pos 150008
alloc_pos 150236
alloc_pos 150264
alloc_pos 150316
alloc_pos 150344
alloc_pos 150436
alloc_pos 150516
alloc_pos 150716
alloc_pos 150948
alloc_pos 151184
alloc_pos 151404
alloc_pos 151556
alloc_pos 151748
alloc_pos 151844
alloc_pos 151872
alloc_pos 151904
alloc_pos 151952
alloc_pos 152020
alloc_pos 152044
alloc_pos 152192
alloc_pos 152232
alloc_pos 152444
alloc_pos 152600
alloc_pos 152744
alloc_pos 153000
alloc_pos 153244
alloc_pos 153492
alloc_pos 153556
alloc_pos 153708
alloc_pos 153928
alloc_pos 154160
alloc_pos 154380
alloc_pos 154608
alloc_pos 154692
alloc_pos 154768
alloc_pos 154860
alloc_pos 154904
alloc_pos 154936
alloc_pos 155012
alloc_pos 155084
alloc_pos 155256
alloc_pos 155296
alloc_pos 155492
alloc_pos 155640
alloc_pos 155704
alloc_pos 155856
alloc_pos 156068
alloc_pos 156116
alloc_pos 156284
alloc_pos 156392
alloc_pos 156532
alloc_pos 156556
alloc_pos 156708
alloc_pos 156764
alloc_pos 157008
alloc_pos 157184
alloc_pos 157296
alloc_pos 157480
alloc_pos 157536
alloc_pos 157592
alloc_pos 157792
alloc_pos 157976
alloc_pos 158116
alloc_pos 158360
alloc_pos 158580
alloc_pos 158656
alloc_pos 158788
alloc_pos 158816
alloc_pos 159040
alloc_pos 159104
alloc_pos 159244
alloc_pos 159384
alloc_pos 159484
alloc_pos 159584
alloc_pos 159676
alloc_pos 159752
alloc_pos 159880
alloc_pos 159996
alloc_pos 160248
alloc_pos 160356
alloc_pos 160464
alloc_pos 160496
alloc_pos 160632
alloc_pos 160792
alloc_pos 160884
alloc_pos 160988
alloc_pos 161060
alloc_pos 161256
alloc_pos 161492
alloc_pos 161548
alloc_pos 161604
alloc_pos 161824
alloc_pos 161984
alloc_pos 162092
alloc_pos 162292
alloc_pos 162544
alloc_pos 162648
alloc_pos 162880
alloc_pos 163104
alloc_pos 163344
alloc_pos 163556
alloc_pos 163756
alloc_pos 163796
alloc_pos 163820
alloc_pos 164036
alloc_pos 164280
alloc_pos 164516
alloc_pos 164600
alloc_pos 164852
alloc_pos 164988
alloc_pos 165120
alloc_pos 165348
alloc_pos 165448
alloc_pos 165520
alloc_pos 165592
alloc_pos 165752
alloc_pos 165960
alloc_pos 166200
alloc_pos 166292
alloc_pos 166340
alloc_pos 166496
alloc_pos 166652
alloc_pos 166896
alloc_pos 167012
alloc_pos 167104
alloc_pos 167164
alloc_pos 167288
alloc_pos 167544
alloc_pos 167780
alloc_pos 167940
alloc_pos 167968
alloc_pos 168096
alloc_pos 168192
alloc_pos 168424
alloc_pos 168680
alloc_pos 168920
alloc_pos 169024
alloc_pos 169240
alloc_pos 169380
alloc_pos 169628
alloc_pos 169888
alloc_pos 169944
alloc_pos 170004
alloc_pos 170208
alloc_pos 170276
alloc_pos 170400
alloc_pos 170504
alloc_pos 170720
alloc_pos 170900
alloc_pos 171076
alloc_pos 171340
alloc_pos 171464
alloc_pos 171544
alloc_pos 171760
alloc_pos 171840
alloc_pos 171928
alloc_pos 172032
alloc_pos 172296
alloc_pos 172388
alloc_pos 172428
alloc_pos 172484
alloc_pos 172644
alloc_pos 172904
alloc_pos 172940
alloc_pos 173088
alloc_pos 173124
alloc_pos 173160
alloc_pos 173304
alloc_pos 173348
alloc_pos 173580
alloc_pos 173720
alloc_pos 173880
alloc_pos 174040
alloc_pos 174076
alloc_pos 174236
alloc_pos 174372
alloc_pos 174604
alloc_pos 174752
alloc_pos 174944
alloc_pos 175044
alloc_pos 175076
alloc_pos 175280
alloc_pos 175384
alloc_pos 175612
alloc_pos 175812
alloc_pos 175980
alloc_pos 176220
alloc_pos 176460
alloc_pos 176492
alloc_pos 176752
alloc_pos 176916
alloc_pos 177108
alloc_pos 177252
alloc_pos 177328
alloc_pos 177528
alloc_pos 177712
alloc_pos 177892
alloc_pos 178044
alloc_pos 178244
alloc_pos 178276
alloc_pos 178532
alloc_pos 178768
alloc_pos 178876
alloc_pos 178996
alloc_pos 179240
alloc_pos 179400
alloc_pos 179636
alloc_pos 179852
alloc_pos 179996
alloc_pos 180236
alloc_pos 180268
alloc_pos 180344
alloc_pos 180424
alloc_pos 180600
alloc_pos 180624
alloc_pos 180860
alloc_pos 181072
alloc_pos 181228
alloc_pos 181284
alloc_pos 181328
alloc_pos 181548
alloc_pos 181752
alloc_pos 182012
alloc_pos 182180
alloc_pos 182432
alloc_pos 182668
alloc_pos 182712
alloc_pos 182956
alloc_pos 183036
alloc_pos 183272
alloc_pos 183352
alloc_pos 183536
alloc_pos 183728
alloc_pos 183968
alloc_pos 184000
alloc_pos 184152
alloc_pos 184196
alloc_pos 184328
alloc_pos 184448
alloc_pos 184488
alloc_pos 184712
alloc_pos 184764
alloc_pos 184940
alloc_pos 184980
alloc_pos 185036
alloc_pos 185276
alloc_pos 185412
alloc_pos 185640
alloc_pos 185804
alloc_pos 185884
alloc_pos 185908
alloc_pos 186072
alloc_pos 186184
alloc_pos 186292
alloc_pos 186344
alloc_pos 186528
alloc_pos 186712
alloc_pos 186940
alloc_pos 186968
alloc_pos 187020
alloc_pos 187048
alloc_pos 187140
alloc_pos 187220
alloc_pos 187420
alloc_pos 187652
alloc_pos 187888
alloc_pos 188108
alloc_pos 188260
alloc_pos 188452
alloc_pos 188548
alloc_pos 188576
alloc_pos 188608
alloc_pos 188656
alloc_pos 188724
alloc_pos 188748
alloc_pos 188896
alloc_pos 188936
alloc_pos 189148
alloc_pos 189304
alloc_pos 189448
alloc_pos 189704
alloc_pos 189948
alloc_pos 190196
alloc_pos 190260
alloc_pos 190412
alloc_pos 190632
alloc_pos 190864
alloc_pos 191084
alloc_pos 191312
alloc_pos 191396
alloc_pos 191472
alloc_pos 191564
alloc_pos 191608
alloc_pos 191640
alloc_pos 191716
alloc_pos 191788
alloc_pos 191960
alloc_pos 192000
alloc_pos 192196
alloc_pos 192344
alloc_pos 192408
alloc_pos 192560
alloc_pos 192772
alloc_pos 192820
alloc_pos 192988
alloc_pos 193096
alloc_pos 193236
alloc_pos 193260
alloc_pos 193412
alloc_pos 193468
alloc_pos 193712
alloc_pos 193888
alloc_pos 194000
alloc_pos 194184
alloc_pos 194240
alloc_pos 194296
alloc_pos 194496
alloc_pos 194680
alloc_pos 194820
alloc_pos 195064
alloc_pos 195284
alloc_pos 195360
alloc_pos 195492
alloc_pos 195520
alloc_pos 195744
alloc_pos 195808
alloc_pos 195948
alloc_pos 196088
alloc_pos 196188
alloc_pos 196288
alloc_pos 196380
alloc_pos 196456
alloc_pos 196584
alloc_pos 196700
alloc_pos 196952
alloc_pos 197060
alloc_pos 197168
alloc_pos 197200
alloc_pos 197336
alloc_pos 197496
alloc_pos 197588
alloc_pos 197692
alloc_pos 197764
alloc_pos 197960
alloc_pos 198196
alloc_pos 198252
alloc_pos 198308
alloc_pos 198528
alloc_pos 198688
alloc_pos 198796
alloc_pos 198996
alloc_pos 199248
alloc_pos 199352
alloc_pos 199584
alloc_pos 199808
alloc_pos 200048
alloc_pos 200260
alloc_pos 200460
alloc_pos 200500
alloc_pos 200524
alloc_pos 200740
alloc_pos 200984
alloc_pos 201220
alloc_pos 201304
alloc_pos 201556
alloc_pos 201692
alloc_pos 201824
alloc_pos 202052
alloc_pos 202152
alloc_pos 202224
alloc_pos 202296
alloc_pos 202456
alloc_pos 202664
alloc_pos 202904
alloc_pos 202996
alloc_pos 203044
alloc_pos 203200
alloc_pos 203356
alloc_pos 203600
alloc_pos 203716
alloc_pos 203808
alloc_pos 203868
alloc_pos 203992
alloc_pos 204248
alloc_pos 204484
alloc_pos 204644
alloc_pos 204672
alloc_pos 204800
alloc_pos 204896
alloc_pos 205128
alloc_pos 205384
alloc_pos 205624
alloc_pos 205728
alloc_pos 205944
alloc_pos 206084
alloc_pos 206332
alloc_pos 206592
alloc_pos 206648
alloc_pos 206708
alloc_pos 206912
alloc_pos 206980
alloc_pos 207104
alloc_pos 207208
alloc_pos 207424
alloc_pos 207604
alloc_pos 207780
alloc_pos 208044
alloc_pos 208168
alloc_pos 208248
alloc_pos 208464
alloc_pos 208544
alloc_pos 208632
alloc_pos 208736
alloc_pos 209000
alloc_pos 209092
alloc_pos 209132
alloc_pos 209188
alloc_pos 209348
alloc_pos 209608
alloc_pos 209644
alloc_pos 209792
alloc_pos 209828
alloc_pos 209864
alloc_pos 210008
alloc_pos 210052
alloc_pos 210284
alloc_pos 210424
alloc_pos 210584
alloc_pos 210744
alloc_pos 210780
alloc_pos 210940
alloc_pos 211076
alloc_pos 211308
alloc_pos 211456
alloc_pos 211648
alloc_pos 211748
alloc_pos 211780
alloc_pos 211984
alloc_pos 212088
alloc_pos 212316
alloc_pos 212516
alloc_pos 212684
alloc_pos 212924
alloc_pos 213164
alloc_pos 213196
alloc_pos 213456
alloc_pos 213620
alloc_pos 213812
alloc_pos 213956
alloc_pos 214032
alloc_pos 214232
alloc_pos 214416
alloc_pos 214596
alloc_pos 214748
alloc_pos 214948
alloc_pos 214980
alloc_pos 215236
alloc_pos 215472
alloc_pos 215580
alloc_pos 215700
alloc_pos 215944
alloc_pos 216104
alloc_pos 216340
alloc_pos 216556
alloc_pos 216700
alloc_pos 216940
alloc_pos 216972
alloc_pos 217048
alloc_pos 217128
alloc_pos 217304
alloc_pos 217328
alloc_pos 217564
alloc_pos 217776
alloc_pos 217932
alloc_pos 217988
alloc_pos 218032
alloc_pos 218252
alloc_pos 218456
alloc_pos 218716
alloc_pos 218884
alloc_pos 219136
alloc_pos 219372
alloc_pos 219416
alloc_pos 219660
alloc_pos 219740
alloc_pos 219976
alloc_pos 220056
alloc_pos 220240
alloc_pos 220432
alloc_pos 220672
alloc_pos 220704
alloc_pos 220856
alloc_pos 220900
alloc_pos 221032
alloc_pos 221152
alloc_pos 221192
alloc_pos 221416
alloc_pos 221468
alloc_pos 221644
alloc_pos 221684
alloc_pos 221740
alloc_pos 221980
alloc_pos 222116
alloc_pos 222344
alloc_pos 222508
alloc_pos 222588
alloc_pos 222612
alloc_pos 222776
alloc_pos 222888
alloc_pos 222996
alloc_pos 223048
alloc_pos 223232
alloc_pos 223416
alloc_pos 223644
alloc_pos 223672
alloc_pos 223724
alloc_pos 223752
alloc_pos 223844
alloc_pos 223924
alloc_pos 224124
alloc_pos 224356
alloc_pos 224592
alloc_pos 224812
alloc_pos 224964
alloc_pos 225156
alloc_pos 225252
alloc_pos 225280
alloc_pos 225312
alloc_pos 225360
alloc_pos 225428
alloc_pos 225452
alloc_pos 225600
alloc_pos 225640
alloc_pos 225852
alloc_pos 226008
alloc_pos 226152
alloc_pos 226408
alloc_pos 226652
alloc_pos 226900
alloc_pos 226964
alloc_pos 227116
alloc_pos 227336
alloc_pos 227568
alloc_pos 227788
alloc_pos 228016
alloc_pos 228100
alloc_pos 228176
alloc_pos 228268
alloc_pos 228312
alloc_pos 228344
alloc_pos 228420
alloc_pos 228492
alloc_pos 228664
alloc_pos 228704
alloc_pos 228900
alloc_pos 229048
alloc_pos 229112
alloc_pos 229264
alloc_pos 229476
alloc_pos 229524
alloc_pos 229692
alloc_pos 229800
alloc_pos 229940
alloc_pos 229964
alloc_pos 230116
alloc_pos 230172
alloc_pos 230416
alloc_pos 230592
alloc_pos 230704
alloc_pos 230888
alloc_pos 230944
alloc_pos 231000
alloc_pos 231200
alloc_pos 231384
alloc_pos 231524
alloc_pos 231768
alloc_pos 231988
alloc_pos 232064
alloc_pos 232196
alloc_pos 232224
alloc_pos 232448
alloc_pos 232512
alloc_pos 232652
alloc_pos 232792
alloc_pos 232892
alloc_pos 232992
alloc_pos 233084
alloc_pos 233160
alloc_pos 233288
alloc_pos 233404
alloc_pos 233656
alloc_pos 233764
alloc_pos 233872
alloc_pos 233904
alloc_pos 234040
alloc_pos 234200
alloc_pos 234292
alloc_pos 234396
alloc_pos 234468
alloc_pos 234664
alloc_pos 234900
alloc_pos 234956
alloc_pos 235012
alloc_pos 235232
alloc_pos 235392
alloc_pos 235500
alloc_pos 235700
alloc_pos 235952
alloc_pos 236056
alloc_pos 236288
alloc_pos 236512
alloc_pos 236752
alloc_pos 236964
alloc_pos 237164
alloc_pos 237204
alloc_pos 237228
alloc_pos 237444
alloc_pos 237688
alloc_pos 237924
alloc_pos 238008
alloc_pos 238260
alloc_pos 238396
alloc_pos 238528
alloc_pos 238756
alloc_pos 238856
alloc_pos 238928
alloc_pos 239000
alloc_pos 239160
alloc_pos 239368
alloc_pos 239608
alloc_pos 239700
alloc_pos 239748
alloc_pos 239904
alloc_pos 240060
alloc_pos 240304
alloc_pos 240420
alloc_pos 240512
alloc_pos 240572
alloc_pos 240696
alloc_pos 240952
alloc_pos 241188
alloc_pos 241348
alloc_pos 241376
alloc_pos 241504
alloc_pos 241600
alloc_pos 241832
alloc_pos 242088
alloc_pos 242328
alloc_pos 242432
alloc_pos 242648
alloc_pos 242788
alloc_pos 243036
alloc_pos 243296
alloc_pos 243352
alloc_pos 243412
alloc_pos 243616
alloc_pos 243684
alloc_pos 243808
alloc_pos 243912
alloc_pos 244128
alloc_pos 244308
alloc_pos 244484
alloc_pos 244748
alloc_pos 244872
alloc_pos 244952
alloc_pos 245168
alloc_pos 245248
alloc_pos 245336
alloc_pos 245440
alloc_pos 245704
alloc_pos 245796
alloc_pos 245836
alloc_pos 245892
alloc_pos 246052
alloc_pos 246312
alloc_pos 246348
alloc_pos 246496
alloc_pos 246532
alloc_pos 246568
alloc_pos 246712
alloc_pos 246756
alloc_pos 246988
alloc_pos 247128
alloc_pos 247288
alloc_pos 247448
alloc_pos 247484
alloc_pos 247644
alloc_pos 247780
alloc_pos 248012
alloc_pos 248160
alloc_pos 248352
alloc_pos 248452
alloc_pos 248484
alloc_pos 248688
alloc_pos 248792
alloc_pos 249020
alloc_pos 249220
alloc_pos 249388
alloc_pos 249628
alloc_pos 249868
alloc_pos 249900
alloc_pos 250160
alloc_pos 250324
alloc_pos 250516
alloc_pos 250660
alloc_pos 250736
alloc_pos 250936
alloc_pos 251120
alloc_pos 251300
alloc_pos 251452
alloc_pos 251652
alloc_pos 251684
alloc_pos 251940
alloc_pos 252176
alloc_pos 252284
alloc_pos 252404
alloc_pos 252648
alloc_pos 252808
alloc_pos 253044
alloc_pos 253260
alloc_pos 253404
alloc_pos 253644
alloc_pos 253676
alloc_pos 253752
alloc_pos 253832
alloc_pos 254008
alloc_pos 254032
alloc_pos 254268
alloc_pos 254480
alloc_pos 254636
alloc_pos 254692
alloc_pos 254736
alloc_pos 254956
alloc_pos 255160
alloc_pos 255420
alloc_pos 255588
alloc_pos 255840
alloc_pos 256076
alloc_pos 256120
alloc_pos 256364
alloc_pos 256444
alloc_pos 256680
alloc_pos 256760
alloc_pos 256944
alloc_pos 257136
alloc_pos 257376
alloc_pos 257408
alloc_pos 257560
alloc_pos 257604
alloc_pos 257736
alloc_pos 257856
alloc_pos 257896
alloc_pos 258120
alloc_pos 258172
alloc_pos 258348
alloc_pos 258388
alloc_pos 258444
alloc_pos 258684
alloc_pos 258820
alloc_pos 259048
alloc_pos 259212
alloc_pos 259292
alloc_pos 259316
alloc_pos 259480
alloc_pos 259592
alloc_pos 259700
alloc_pos 259752
alloc_pos 259936
alloc_pos 260120
alloc_pos 260348
alloc_pos 260376
alloc_pos 260428
alloc_pos 260456
alloc_pos 260548
alloc_pos 260628
alloc_pos 260828
alloc_pos 261060
alloc_pos 261296
alloc_pos 261516
alloc_pos 261668
alloc_pos 261860
alloc_pos 261956
alloc_pos 261984
alloc_pos 262016
alloc_pos 262064
alloc_pos 262132
alloc_pos 262156
alloc_pos 262304
alloc_pos 262344
alloc_pos 262556
alloc_pos 262712
alloc_pos 262856
alloc_pos 263112
alloc_pos 263356
alloc_pos 263604
alloc_pos 263668
alloc_pos 263820
alloc_pos 264040
alloc_pos 264272
alloc_pos 264492
alloc_pos 264720
alloc_pos 264804
alloc_pos 264880
alloc_pos 264972
alloc_pos 265016
alloc_pos 265048
alloc_pos 265124
alloc_pos 265196
alloc_pos 265368
alloc_pos 265408
alloc_pos 265604
alloc_pos 265752
alloc_pos 265816
alloc_pos 265968
alloc_pos 266180
alloc_pos 266228
alloc_pos 266396
alloc_pos 266504
alloc_pos 266644
alloc_pos 266668
alloc_pos 266820
alloc_pos 266876
alloc_pos 267120
alloc_pos 267296
alloc_pos 267408
alloc_pos 267592
alloc_pos 267648
alloc_pos 267704
alloc_pos 267904
alloc_pos 268088
alloc_pos 268228
alloc_pos 268472
alloc_pos 268692
alloc_pos 268768
alloc_pos 268900
alloc_pos 268928
alloc_pos 269152
alloc_pos 269216
alloc_pos 269356
alloc_pos 269496
alloc_pos 269596
alloc_pos 269696
alloc_pos 269788
alloc_pos 269864
alloc_pos 269992
alloc_pos 270108
alloc_pos 270360
alloc_pos 270468
alloc_pos 270576
alloc_pos 270608
alloc_pos 270744
alloc_pos 270904
alloc_pos 270996
alloc_pos 271100
alloc_pos 271172
alloc_pos 271368
alloc_pos 271604
alloc_pos 271660
alloc_pos 271716
alloc_pos 271936
alloc_pos 272096
alloc_pos 272204
alloc_pos 272404
alloc_pos 272656
alloc_pos 272760
alloc_pos 272992
alloc_pos 273216
alloc_pos 273456
alloc_pos 273668
alloc_pos 273868
alloc_pos 273908
alloc_pos 273932
alloc_pos 274148
alloc_pos 274392
alloc_pos 274628
alloc_pos 274712
alloc_pos 274964
alloc_pos 275100
alloc_pos 275232
alloc_pos 275460
alloc_pos 275560
alloc_pos 275632
alloc_pos 275704
alloc_pos 275864
alloc_pos 276072
alloc_pos 276312
alloc_pos 276404
alloc_pos 276452
alloc_pos 276608
alloc_pos 276764
alloc_pos 277008
alloc_pos 277124
alloc_pos 277216
alloc_pos 277276
alloc_pos 277400
alloc_pos 277656
alloc_pos 277892
alloc_pos 278052
alloc_pos 278080
alloc_pos 278208
alloc_pos 278304
alloc_pos 278536
alloc_pos 278792
alloc_pos 279032
alloc_pos 279136
alloc_pos 279352
alloc_pos 279492
alloc_pos 279740
alloc_pos 280000
alloc_pos 280056
alloc_pos 280116
alloc_pos 280320
alloc_pos 280388
alloc_pos 280512
alloc_pos 280616
alloc_pos 280832
alloc_pos 281012
alloc_pos 281188
alloc_pos 281452
alloc_pos 281576
alloc_pos 281656
alloc_pos 281872
alloc_pos 281952
alloc_pos 282040
alloc_pos 282144
alloc_pos 282408
alloc_pos 282500
alloc_pos 282540
alloc_pos 282596
alloc_pos 282756
alloc_pos 283016
alloc_pos 283052
alloc_pos 283200
alloc_pos 283236
alloc_pos 283272
alloc_pos 283416
alloc_pos 283460
alloc_pos 283692
alloc_pos 283832
alloc_pos 283992
alloc_pos 284152
alloc_pos 284188
alloc_pos 284348
alloc_pos 284484
alloc_pos 284716
alloc_pos 284864
alloc_pos 285056
alloc_pos 285156
alloc_pos 285188
alloc_pos 285392
alloc_pos 285496
alloc_pos 285724
alloc_pos 285924
alloc_pos 286092
alloc_pos 286332
alloc_pos 286572
alloc_pos 286604
alloc_pos 286864
alloc_pos 287028
alloc_pos 287220
alloc_pos 287364
alloc_pos 287440
alloc_pos 287640
alloc_pos 287824
alloc_pos 288004
alloc_pos 288156
alloc_pos 288356
alloc_pos 288388
alloc_pos 288644
alloc_pos 288880
alloc_pos 288988
alloc_pos 289108
alloc_pos 289352
alloc_pos 289512
alloc_pos 289748
alloc_pos 289964
alloc_pos 290108
alloc_pos 290348
alloc_pos 290380
alloc_pos 290456
alloc_pos 290536
alloc_pos 290712
alloc_pos 290736
alloc_pos 290972
alloc_pos 291184
alloc_pos 291340
alloc_pos 291396
alloc_pos 291440
alloc_pos 291660
alloc_pos 291864
alloc_pos 292124
alloc_pos 292292
alloc_pos 292544
alloc_pos 292780
alloc_pos 292824
alloc_pos 293068
alloc_pos 293148
alloc_pos 293384
alloc_pos 293464
alloc_pos 293648
alloc_pos 293840
alloc_pos 294080
alloc_pos 294112
alloc_pos 294264
alloc_pos 294308
alloc_pos 294440
alloc_pos 294560
alloc_pos 294600
alloc_pos 294824
alloc_pos 294876
alloc_pos 295052
alloc_pos 295092
alloc_pos 295148
alloc_pos 295388
alloc_pos 295524
alloc_pos 295752
alloc_pos 295916
alloc_pos 295996
alloc_pos 296020
alloc_pos 296184
alloc_pos 296296
alloc_pos 296404
alloc_pos 296456
alloc_pos 296640
alloc_pos 296824
alloc_pos 297052
alloc_pos 297080
alloc_pos 297132
alloc_pos 297160
alloc_pos 297252
alloc_pos 297332
alloc_pos 297532
alloc_pos 297764
alloc_pos 298000
alloc_pos 298220
alloc_pos 298372
alloc_pos 298564
alloc_pos 298660
alloc_pos 298688
alloc_pos 298720
alloc_pos 298768
alloc_pos 298836
alloc_pos 298860
alloc_pos 299008
alloc_pos 299048
alloc_pos 299260
alloc_pos 299416
alloc_pos 299560
alloc_pos 299816
alloc_pos 300060
alloc_pos 300308
alloc_pos 300372
alloc_pos 300524
alloc_pos 300744
alloc_pos 300976
alloc_pos 301196
alloc_pos 301424
alloc_pos 301508
alloc_pos 301584
alloc_pos 301676
alloc_pos 301720
alloc_pos 301752
alloc_pos 301828
alloc_pos 301900
alloc_pos 302072
alloc_pos 302112
alloc_pos 302308
alloc_pos 302456
alloc_pos 302520
alloc_pos 302672
alloc_pos 302884
alloc_pos 302932
alloc_pos 303100
alloc_pos 303208
alloc_pos 303348
alloc_pos 303372
alloc_pos 303524
alloc_pos 303580
alloc_pos 303824
alloc_pos 304000
alloc_pos 304112
alloc_pos 304296
alloc_pos 304352
alloc_pos 304408
alloc_pos 304608
alloc_pos 304792
alloc_pos 304932
alloc_pos 305176
alloc_pos 305396
alloc_pos 305472
alloc_pos 305604
alloc_pos 305632
alloc_pos 305856
alloc_pos 305920
alloc_pos 306060
alloc_pos 306200
alloc_pos 306300
alloc_pos 306400
alloc_pos 306492
alloc_pos 306568
alloc_pos 306696
alloc_pos 306812
alloc_pos 307064
alloc_pos 307172
alloc_pos 307280
alloc_pos 307312
alloc_pos 307448
alloc_pos 307608
alloc_pos 307700
alloc_pos 307804
alloc_pos 307876
alloc_pos 308072
alloc_pos 308308
alloc_pos 308364
alloc_pos 308420
alloc_pos 308640
alloc_pos 308800
alloc_pos 308908
alloc_pos 309108
alloc_pos 309360
alloc_pos 309464
alloc_pos 309696
alloc_pos 309920
alloc_pos 310160
alloc_pos 310372
alloc_pos 310572
alloc_pos 310612
alloc_pos 310636
alloc_pos 310852
alloc_pos 311096
alloc_pos 311332
alloc_pos 311416
alloc_pos 311668
alloc_pos 311804
alloc_pos 311936
alloc_pos 312164
alloc_pos 312264
alloc_pos 312336
alloc_pos 312408
alloc_pos 312568
alloc_pos 312776
alloc_pos 313016
alloc_pos 313108
alloc_pos 313156
alloc_pos 313312
alloc_pos 313468
alloc_pos 313712
alloc_pos 313828
alloc_pos 313920
alloc_pos 313980
alloc_pos 314104
alloc_pos 314360
alloc_pos 314596
alloc_pos 314756
alloc_pos 314784
alloc_pos 314912
alloc_pos 315008
alloc_pos 315240
alloc_pos 315496
alloc_pos 315736
alloc_pos 315840
alloc_pos 316056
alloc_pos 316196
alloc_pos 316444
alloc_pos 316704
alloc_pos 316760
alloc_pos 316820
alloc_pos 317024
alloc_pos 317092
alloc_pos 317216
alloc_pos 317320
alloc_pos 317536
alloc_pos 317716
alloc_pos 317892
alloc_pos 318156
alloc_pos 318280
alloc_pos 318360
alloc_pos 318576
alloc_pos 318656
alloc_pos 318744
alloc_pos 318848
alloc_pos 319112
alloc_pos 319204
alloc_pos 319244
alloc_pos 319300
alloc_pos 319460
alloc_pos 319720
alloc_pos 319756
alloc_pos 319904
alloc_pos 319940
alloc_pos 319976
alloc_pos 320120
alloc_pos 320164
alloc_pos 320396
alloc_pos 320536
alloc_pos 320696
alloc_pos 320856
alloc_pos 320892
alloc_pos 321052
alloc_pos 321188
alloc_pos 321420
alloc_pos 321568
alloc_pos 321760
alloc_pos 321860
alloc_pos 321892
alloc_pos 322096
alloc_pos 322200
alloc_pos 322428
alloc_pos 322628
alloc_pos 322796
alloc_pos 323036
alloc_pos 323276
alloc_pos 323308
alloc_pos 323568
alloc_pos 323732
alloc_pos 323924
alloc_pos 324068
alloc_pos 324144
alloc_pos 324344
alloc_pos 324528
alloc_pos 324708
alloc_pos 324860
alloc_pos 325060
alloc_pos 325092
alloc_pos 325348
alloc_pos 325584
alloc_pos 325692
alloc_pos 325812
alloc_pos 326056
alloc_pos 326216
alloc_pos 326452
alloc_pos 326668
alloc_pos 326812
alloc_pos 327052
alloc_pos 327084
alloc_pos 327160
alloc_pos 327240
alloc_pos 327416
alloc_pos 327440
alloc_pos 327676
alloc_pos 327888
alloc_pos 328044
alloc_pos 328100
alloc_pos 328144
alloc_pos 328364
alloc_pos 328568
alloc_pos 328828
alloc_pos 328996
alloc_pos 329248
alloc_pos 329484
alloc_pos 329528
alloc_pos 329772
alloc_pos 329852
alloc_pos 330088
alloc_pos 330168
alloc_pos 330352
alloc_pos 330544
alloc_pos 330784
alloc_pos 330816
alloc_pos 330968
alloc_pos 331012
alloc_pos 331144
alloc_pos 331264
alloc_pos 331304
alloc_pos 331528
alloc_pos 331580
alloc_pos 331756
alloc_pos 331796
alloc_pos 331852
alloc_pos 332092
alloc_pos 332228
alloc_pos 332456
alloc_pos 332620
alloc_pos 332700
alloc_pos 332724
alloc_pos 332888
alloc_pos 333000
alloc_pos 333108
alloc_pos 333160
alloc_pos 333344
alloc_pos 333528
alloc_pos 333756
alloc_pos 333784
alloc_pos 333836
alloc_pos 333864
alloc_pos 333956
alloc_pos 334036
alloc_pos 334236
alloc_pos 334468
alloc_pos 334704
alloc_pos 334924
alloc_pos 335076
alloc_pos 335268
alloc_pos 335364
alloc_pos 335392
alloc_pos 335424
alloc_pos 335472
alloc_pos 335540
alloc_pos 335564
alloc_pos 335712
alloc_pos 335752
alloc_pos 335964
alloc_pos 336120
alloc_pos 336264
alloc_pos 336520
alloc_pos 336764
alloc_pos 337012
alloc_pos 337076
alloc_pos 337228
alloc_pos 337448
alloc_pos 337680
alloc_pos 337900
alloc_pos 338128
alloc_pos 338212
alloc_pos 338288
alloc_pos 338380
alloc_pos 338424
alloc_pos 338456
alloc_pos 338532
alloc_pos 338604
alloc_pos 338776
alloc_pos 338816
alloc_pos 339012
alloc_pos 339160
alloc_pos 339224
alloc_pos 339376
alloc_pos 339588
alloc_pos 339636
alloc_pos 339804
alloc_pos 339912
alloc_pos 340052
alloc_pos 340076
alloc_pos 340228
alloc_pos 340284
alloc_pos 340528
alloc_pos 340704
alloc_pos 340816
alloc_pos 341000
alloc_pos 341056
alloc_pos 341112
alloc_pos 341312
alloc_pos 341496
alloc_pos 341636
alloc_pos 341880
alloc_pos 342100
alloc_pos 342176
alloc_pos 342308
alloc_pos 342336
alloc_pos 342560
alloc_pos 342624
alloc_pos 342764
alloc_pos 342904
alloc_pos 343004
alloc_pos 343104
alloc_pos 343196
alloc_pos 343272
alloc_pos 343400
alloc_pos 343516
alloc_pos 343768
alloc_pos 343876
alloc_pos 343984
alloc_pos 344016
alloc_pos 344152
alloc_pos 344312
alloc_pos 344404
alloc_pos 344508
alloc_pos 344580
alloc_pos 344776
alloc_pos 345012
alloc_pos 345068
alloc_pos 345124
alloc_pos 345344
alloc_pos 345504
alloc_pos 345612
alloc_pos 345812
alloc_pos 346064
alloc_pos 346168
alloc_pos 346400
alloc_pos 346624
alloc_pos 346864
alloc_pos 347076
alloc_pos 347276
alloc_pos 347316
alloc_pos 347340
alloc_pos 347556
alloc_pos 347800
alloc_pos 348036
alloc_pos 348120
alloc_pos 348372
alloc_pos 348508
alloc_pos 348640
alloc_pos 348868
alloc_pos 348968
alloc_pos 349040
alloc_pos 349112
alloc_pos 349272
alloc_pos 349480
alloc_pos 349720
alloc_pos 349812
alloc_pos 349860
alloc_pos 350016
alloc_pos 350172
alloc_pos 350416
alloc_pos 350532
alloc_pos 350624
alloc_pos 350684
alloc_pos 350808
alloc_pos 351064
alloc_pos 351300
alloc_pos 351460
alloc_pos 351488
alloc_pos 351616
alloc_pos 351712
alloc_pos 351944
alloc_pos 352200
alloc_pos 352440
alloc_pos 352544
alloc_pos 352760
alloc_pos 352900
alloc_pos 353148
alloc_pos 353408
alloc_pos 353464
alloc_pos 353524
alloc_pos 353728
alloc_pos 353796
alloc_pos 353920
alloc_pos 354024
alloc_pos 354240
alloc_pos 354420
alloc_pos 354596
alloc_pos 354860
alloc_pos 354984
alloc_pos 355064
alloc_pos 355280
alloc_pos 355360
alloc_pos 355448
alloc_pos 355552
alloc_pos 355816
alloc_pos 355908
alloc_pos 355948
alloc_pos 356004
alloc_pos 356164
alloc_pos 356424
alloc_pos 356460
alloc_pos 356608
alloc_pos 356644
alloc_pos 356680
alloc_pos 356824
alloc_pos 356868
alloc_pos 357100
alloc_pos 357240
alloc_pos 357400
alloc_pos 357560
alloc_pos 357596
alloc_pos 357756
alloc_pos 357892
alloc_pos 358124
alloc_pos 358272
alloc_pos 358464
alloc_pos 358564
alloc_pos 358596
alloc_pos 358800
alloc_pos 358904
alloc_pos 359132
alloc_pos 359332
alloc_pos 359500
alloc_pos 359740
alloc_pos 359980
alloc_pos 360012
alloc_pos 360272
alloc_pos 360436
alloc_pos 360628
alloc_pos 360772
alloc_pos 360848
alloc_pos 361048
alloc_pos 361232
alloc_pos 361412
alloc_pos 361564
alloc_pos 361764
alloc_pos 361796
alloc_pos 362052
alloc_pos 362288
alloc_pos 362396
alloc_pos 362516
alloc_pos 362760
alloc_pos 362920
alloc_pos 363156
alloc_pos 363372
alloc_pos 363516
alloc_pos 363756
alloc_pos 363788
alloc_pos 363864
alloc_pos 363944
alloc_pos 364120
alloc_pos 364144
alloc_pos 364380
alloc_pos 364592
alloc_pos 364748
alloc_pos 364804
alloc_pos 364848
alloc_pos 365068
alloc_pos 365272
alloc_pos 365532
alloc_pos 365700
alloc_pos 365952
alloc_pos 366188
alloc_pos 366232
alloc_pos 366476
alloc_pos 366556
alloc_pos 366792
alloc_pos 366872
alloc_pos 367056
alloc_pos 367248
alloc_pos 367488
alloc_pos 367520
alloc_pos 367672
alloc_pos 367716
alloc_pos 367848
alloc_pos 367968
alloc_pos 368008
alloc_pos 368232
alloc_pos 368284
alloc_pos 368460
alloc_pos 368500
alloc_pos 368556
alloc_pos 368796
alloc_pos 368932
alloc_pos 369160
alloc_pos 369324
alloc_pos 369404
alloc_pos 369428
alloc_pos 369592
alloc_pos 369704
alloc_pos 369812
alloc_pos 369864
alloc_pos 370048
alloc_pos 370232
alloc_pos 370460
alloc_pos 370488
alloc_pos 370540
alloc_pos 370568
alloc_pos 370660
alloc_pos 370740
alloc_pos 370940
alloc_pos 371172
alloc_pos 371408
alloc_pos 371628
alloc_pos 371780
alloc_pos 371972
alloc_pos 372068
alloc_pos 372096
alloc_pos 372128
alloc_pos 372176
alloc_pos 372244
alloc_pos 372268
alloc_pos 372416
alloc_pos 372456
alloc_pos 372668
alloc_pos 372824
alloc_pos 372968
alloc_pos 373224
alloc_pos 373468
alloc_pos 373716
alloc_pos 373780
alloc_pos 373932
alloc_pos 374152
alloc_pos 374384
alloc_pos 374604
alloc_pos 374832
alloc_pos 374916
alloc_pos 374992
alloc_pos 375084
alloc_pos 375128
alloc_pos 375160
alloc_pos 375236
alloc_pos 375308
alloc_pos 375480
alloc_pos 375520
alloc_pos 375716
alloc_pos 375864
alloc_pos 375928
alloc_pos 376080
alloc_pos 376292
alloc_pos 376340
alloc_pos 376508
alloc_pos 376616
alloc_pos 376756
alloc_pos 376780
alloc_pos 376932
alloc_pos 376988
alloc_pos 377232
alloc_pos 377408
alloc_pos 377520
alloc_pos 377704
alloc_pos 377760
alloc_pos 377816
alloc_pos 378016
alloc_pos 378200
alloc_pos 378340
alloc_pos 378584
alloc_pos 378804
alloc_pos 378880
alloc_pos 379012
alloc_pos 379040
alloc_pos 379264
alloc_pos 379328
alloc_pos 379468
alloc_pos 379608
alloc_pos 379708
alloc_pos 379808
alloc_pos 379900
alloc_pos 379976
alloc_pos 380104
alloc_pos 380220
alloc_pos 380472
alloc_pos 380580
alloc_pos 380688
alloc_pos 380720
alloc_pos 380856
alloc_pos 381016
alloc_pos 381108
alloc_pos 381212
alloc_pos 381284
alloc_pos 381480
alloc_pos 381716
alloc_pos 381772
alloc_pos 381828
alloc_pos 382048
alloc_pos 382208
alloc_pos 382316
alloc_pos 382516
alloc_pos 382768
alloc_pos 382872
alloc_pos 383104
alloc_pos 383328
alloc_pos 383568
alloc_pos 383780
alloc_pos 383980
alloc_pos 384020
alloc_pos 384044
alloc_pos 384260
alloc_pos 384504
alloc_pos 384740
alloc_pos 384824
alloc_pos 385076
alloc_pos 385212
alloc_pos 385344
alloc_pos 385572
alloc_pos 385672
alloc_pos 385744
alloc_pos 385816
alloc_pos 385976
alloc_pos 386184
alloc_pos 386424
alloc_pos 386516
alloc_pos 386564
alloc_pos 386720
alloc_pos 386876
alloc_pos 387120
alloc_pos 387236
alloc_pos 387328
alloc_pos 387388
alloc_pos 387512
alloc_pos 387768
alloc_pos 388004
alloc_pos 388164
alloc_pos 388192
alloc_pos 388320
alloc_pos 388416
alloc_pos 388648
alloc_pos 388904
alloc_pos 389144
alloc_pos 389248
alloc_pos 389464
alloc_pos 389604
alloc_pos 389852
alloc_pos 390112
alloc_pos 390168
alloc_pos 390228
alloc_pos 390432
alloc_pos 390500
alloc_pos 390624
alloc_pos 390728
alloc_pos 390944
alloc_pos 391124
alloc_pos 391300
alloc_pos 391564
alloc_pos 391688
alloc_pos 391768
alloc_pos 391984
alloc_pos 392064
alloc_pos 392152
alloc_pos 392256
alloc_pos 392520
alloc_pos 392612
alloc_pos 392652
alloc_pos 392708
alloc_pos 392868
alloc_pos 393128
alloc_pos 393164
alloc_pos 393312
alloc_pos 393348
alloc_pos 393384
alloc_pos 393528
alloc_pos 393572
alloc_pos 393804
alloc_pos 393944
alloc_pos 394104
alloc_pos 394264
alloc_pos 394300
alloc_pos 394460
alloc_pos 394596
alloc_pos 394828
alloc_pos 394976
alloc_pos 395168
alloc_pos 395268
alloc_pos 395300
alloc_pos 395504
alloc_pos 395608
alloc_pos 395836
alloc_pos 396036
alloc_pos 396204
alloc_pos 396444
alloc_pos 396684
alloc_pos 396716
alloc_pos 396976
alloc_pos 397140
alloc_pos 397332
alloc_pos 397476
alloc_pos 397552
alloc_pos 397752
alloc_pos 397936
alloc_pos 398116
alloc_pos 398268
alloc_pos 398468
alloc_pos 398500
alloc_pos 398756
alloc_pos 398992
alloc_pos 399100
alloc_pos 399220
alloc_pos 399464
alloc_pos 399624
alloc_pos 399860
alloc_pos 400076
alloc_pos 400220
alloc_pos 400460
alloc_pos 400492
alloc_pos 400568
alloc_pos 400648
alloc_pos 400824
alloc_pos 400848
alloc_pos 401084
alloc_pos 401296
alloc_pos 401452
alloc_pos 401508
alloc_pos 401552
alloc_pos 401772
alloc_pos 401976
alloc_pos 402236
alloc_pos 402404
alloc_pos 402656
alloc_pos 402892
alloc_pos 402936
alloc_pos 403180
alloc_pos 403260
alloc_pos 403496
alloc_pos 403576
alloc_pos 403760
alloc_pos 403952
alloc_pos 404192
alloc_pos 404224
alloc_pos 404376
alloc_pos 404420
alloc_pos 404552
alloc_pos 404672
alloc_pos 404712
alloc_pos 404936
alloc_pos 404988
alloc_pos 405164
alloc_pos 405204
alloc_pos 405260
alloc_pos 405500
alloc_pos 405636
alloc_pos 405864
alloc_pos 406028
alloc_pos 406108
alloc_pos 406132
alloc_pos 406296
alloc_pos 406408
alloc_pos 406516
alloc_pos 406568
alloc_pos 406752
alloc_pos 406936
alloc_pos 407164
alloc_pos 407192
alloc_pos 407244
alloc_pos 407272
alloc_pos 407364
alloc_pos 407444
alloc_pos 407644
alloc_pos 407876
alloc_pos 408112
alloc_pos 408332
alloc_pos 408484
alloc_pos 408676
alloc_pos 408772
alloc_pos 408800
alloc_pos 408832
alloc_pos 408880
alloc_pos 408948
alloc_pos 408972
alloc_pos 409120
alloc_pos 409160
alloc_pos 409372
alloc_pos 409528
alloc_pos 409672
alloc_pos 409928
alloc_pos 410172
alloc_pos 410420
alloc_pos 410484
alloc_pos 410636
alloc_pos 410856
alloc_pos 411088
alloc_pos 411308
alloc_pos 411536
alloc_pos 411620
alloc_pos 411696
alloc_pos 411788
alloc_pos 411832
alloc_pos 411864
alloc_pos 411940
alloc_pos 412012
alloc_pos 412184
alloc_pos 412224
alloc_pos 412420
alloc_pos 412568
alloc_pos 412632
alloc_pos 412784
alloc_pos 412996
alloc_pos 413044
alloc_pos 413212
alloc_pos 413320
alloc_pos 413460
alloc_pos 413484
alloc_pos 413636
alloc_pos 413692
alloc_pos 413936
alloc_pos 414112
alloc_pos 414224
alloc_pos 414408
alloc_pos 414464
alloc_pos 414520
alloc_pos 414720
alloc_pos 414904
alloc_pos 415044
alloc_pos 415288
alloc_pos 415508
alloc_pos 415584
alloc_pos 415716
alloc_pos 415744
alloc_pos 415968
alloc_pos 416032
alloc_pos 416172
alloc_pos 416312
alloc_pos 416412
alloc_pos 416512
alloc_pos 416604
alloc_pos 416680
alloc_pos 416808
alloc_pos 416924
alloc_pos 417176
alloc_pos 417284
alloc_pos 417392
alloc_pos 417424
alloc_pos 417560
alloc_pos 417720
alloc_pos 417812
alloc_pos 417916
alloc_pos 417988
alloc_pos 418184
alloc_pos 418420
alloc_pos 418476
alloc_pos 418532
alloc_pos 418752
alloc_pos 418912
alloc_pos 419020
alloc_pos 419220
alloc_pos 419472
alloc_pos 419576
alloc_pos 419808
alloc_pos 420032
alloc_pos 420272
alloc_pos 420484
alloc_pos 420684
alloc_pos 420724
alloc_pos 420748
alloc_pos 420964
alloc_pos 421208
alloc_pos 421444
alloc_pos 421528
alloc_pos 421780
alloc_pos 421916
alloc_pos 422048
alloc_pos 422276
alloc_pos 422376
alloc_pos 422448
alloc_pos 422520
alloc_pos 422680
alloc_pos 422888
alloc_pos 423128
alloc_pos 423220
alloc_pos 423268
alloc_pos 423424
alloc_pos 423580
alloc_pos 423824
alloc_pos 423940
alloc_pos 424032
alloc_pos 424092
alloc_pos 424216
alloc_pos 424472
alloc_pos 424708
alloc_pos 424868
alloc_pos 424896
alloc_pos 425024
alloc_pos 425120
alloc_pos 425352
alloc_pos 425608
alloc_pos 425848
alloc_pos 425952
alloc_pos 426168
alloc_pos 426308
alloc_pos 426556
alloc_pos 426816
alloc_pos 426872
alloc_pos 426932
alloc_pos 427136
alloc_pos 427204
alloc_pos 427328
alloc_pos 427432
alloc_pos 427648
alloc_pos 427828
alloc_pos 428004
alloc_pos 428268
alloc_pos 428392
alloc_pos 428472
alloc_pos 428688
alloc_pos 428768
alloc_pos 428856
alloc_pos 428960
alloc_pos 429224
alloc_pos 429316
alloc_pos 429356
alloc_pos 429412
alloc_pos 429572
alloc_pos 429832
alloc_pos 429868
alloc_pos 430016
alloc_pos 430052
alloc_pos 430088
alloc_pos 430232
alloc_pos 430276
alloc_pos 430508
alloc_pos 430648
alloc_pos 430808
alloc_pos 430968
alloc_pos 431004
alloc_pos 431164
alloc_pos 431300
alloc_pos 431532
alloc_pos 431680
alloc_pos 431872
alloc_pos 431972
alloc_pos 432004
alloc_pos 432208
alloc_pos 432312
alloc_pos 432540
alloc_pos 432740
alloc_pos 432908
alloc_pos 433148
alloc_pos 433388
alloc_pos 433420
alloc_pos 433680
alloc_pos 433844
alloc_pos 434036
alloc_pos 434180
alloc_pos 434256
alloc_pos 434456
alloc_pos 434640
alloc_pos 434820
alloc_pos 434972
alloc_pos 435172
alloc_pos 435204
alloc_pos 435460
alloc_pos 435696
alloc_pos 435804
alloc_pos 435924
alloc_pos 436168
alloc_pos 436328
alloc_pos 436564
alloc_pos 436780
alloc_pos 436924
alloc_pos 437164
alloc_pos 437196
alloc_pos 437272
alloc_pos 437352
alloc_pos 437528
alloc_pos 437552
alloc_pos 437788
alloc_pos 438000
alloc_pos 438156
alloc_pos 438212
alloc_pos 438256
alloc_pos 438476
alloc_pos 438680
alloc_pos 438940
alloc_pos 439108
alloc_pos 439360
alloc_pos 439596
alloc_pos 439640
alloc_pos 439884
alloc_pos 439964
alloc_pos 440200
alloc_pos 440280
alloc_pos 440464
alloc_pos 440656
alloc_pos 440896
alloc_pos 440928
alloc_pos 441080
alloc_pos 441124
alloc_pos 441256
alloc_pos 441376
alloc_pos 441416
alloc_pos 441640
alloc_pos 441692
alloc_pos 441868
alloc_pos 441908
alloc_pos 441964
alloc_pos 442204
alloc_pos 442340
alloc_pos 442568
alloc_pos 442732
alloc_pos 442812
alloc_pos 442836
alloc_pos 443000
alloc_pos 443112
alloc_pos 443220
alloc_pos 443272
alloc_pos 443456
alloc_pos 443640
alloc_pos 443868
alloc_pos 443896
alloc_pos 443948
alloc_pos 443976
alloc_pos 444068
alloc_pos 444148
alloc_pos 444348
alloc_pos 444580
alloc_pos 444816
alloc_pos 445036
alloc_pos 445188
alloc_pos 445380
alloc_pos 445476
alloc_pos 445504
alloc_pos 445536
alloc_pos 445584
alloc_pos 445652
alloc_pos 445676
alloc_pos 445824
alloc_pos 445864
alloc_pos 446076
alloc_pos 446232
alloc_pos 446376
alloc_pos 446632
alloc_pos 446876
alloc_pos 447124
alloc_pos 447188
alloc_pos 447340
alloc_pos 447560
alloc_pos 447792
alloc_pos 448012
alloc_pos 448240
alloc_pos 448324
alloc_pos 448400
alloc_pos 448492
alloc_pos 448536
alloc_pos 448568
alloc_pos 448644
alloc_pos 448716
alloc_pos 448888
alloc_pos 448928
alloc_pos 449124
alloc_pos 449272
alloc_pos 449336
alloc_pos 449488
alloc_pos 449700
alloc_pos 449748
alloc_pos 449916
alloc_pos 450024
alloc_pos 450164
alloc_pos 450188
alloc_pos 450340
alloc_pos 450396
alloc_pos 450640
alloc_pos 450816
alloc_pos 450928
alloc_pos 451112
alloc_pos 451168
alloc_pos 451224
alloc_pos 451424
alloc_pos 451608
alloc_pos 451748
alloc_pos 451992
alloc_pos 452212
alloc_pos 452288
alloc_pos 452420
alloc_pos 452448
alloc_pos 452672
alloc_pos 452736
alloc_pos 452876
alloc_pos 453016
alloc_pos 453116
alloc_pos 453216
alloc_pos 453308
alloc_pos 453384
alloc_pos 453512
alloc_pos 453628
alloc_pos 453880
alloc_pos 453988
alloc_pos 454096
alloc_pos 454128
alloc_pos 454264
alloc_pos 454424
alloc_pos 454516
alloc_pos 454620
alloc_pos 454692
alloc_pos 454888
alloc_pos 455124
alloc_pos 455180
alloc_pos 455236
alloc_pos 455456
alloc_pos 455616
alloc_pos 455724
alloc_pos 455924
alloc_pos 456176
alloc_pos 456280
alloc_pos 456512
alloc_pos 456736
alloc_pos 456976
alloc_pos 457188
alloc_pos 457388
alloc_pos 457428
alloc_pos 457452
alloc_pos 457668
alloc_pos 457912
alloc_pos 458148
alloc_pos 458232
alloc_pos 458484
alloc_pos 458620
alloc_pos 458752
alloc_pos 458980
alloc_pos 459080
alloc_pos 459152
alloc_pos 459224
alloc_pos 459384
alloc_pos 459592
alloc_pos 459832
alloc_pos 459924
alloc_pos 459972
alloc_pos 460128
alloc_pos 460284
alloc_pos 460528
alloc_pos 460644
alloc_pos 460736
alloc_pos 460796
alloc_pos 460920
alloc_pos 461176
alloc_pos 461412
alloc_pos 461572
alloc_pos 461600
alloc_pos 461728
alloc_pos 461824
alloc_pos 462056
alloc_pos 462312
alloc_pos 462552
alloc_pos 462656
alloc_pos 462872
alloc_pos 463012
alloc_pos 463260
alloc_pos 463520
alloc_pos 463576
alloc_pos 463636
alloc_pos 463840
alloc_pos 463908
alloc_pos 464032
alloc_pos 464136
alloc_pos 464352
alloc_pos 464532
alloc_pos 464708
alloc_pos 464972
alloc_pos 465096
alloc_pos 465176
alloc_pos 465392
alloc_pos 465472
alloc_pos 465560
alloc_pos 465664
alloc_pos 465928
alloc_pos 466020
alloc_pos 466060
alloc_pos 466116
alloc_pos 466276
alloc_pos 466536
alloc_pos 466572
alloc_pos 466720
alloc_pos 466756
alloc_pos 466792
alloc_pos 466936
alloc_pos 466980
alloc_pos 467212
alloc_pos 467352
alloc_pos 467512
alloc_pos 467672
alloc_pos 467708
alloc_pos 467868
alloc_pos 468004
alloc_pos 468236
alloc_pos 468384
alloc_pos 468576
alloc_pos 468676
alloc_pos 468708
alloc_pos 468912
alloc_pos 469016
alloc_pos 469244
alloc_pos 469444
alloc_pos 469612
alloc_pos 469852
alloc_pos 470092
alloc_pos 470124
alloc_pos 470384
alloc_pos 470548
alloc_pos 470740
alloc_pos 470884
alloc_pos 470960
alloc_pos 471160
alloc_pos 471344
alloc_pos 471524
alloc_pos 471676
alloc_pos 471876
alloc_pos 471908
alloc_pos 472164
alloc_pos 472400
alloc_pos 472508
alloc_pos 472628
alloc_pos 472872
alloc_pos 473032
alloc_pos 473268
alloc_pos 473484
alloc_pos 473628
alloc_pos 473868
alloc_pos 473900
alloc_pos 473976
alloc_pos 474056
alloc_pos 474232
alloc_pos 474256
alloc_pos 474492
alloc_pos 474704
alloc_pos 474860
alloc_pos 474916
alloc_pos 474960
alloc_pos 475180
alloc_pos 475384
alloc_pos 475644
alloc_pos 475812
alloc_pos 476064
alloc_pos 476300
alloc_pos 476344
alloc_pos 476588
alloc_pos 476668
alloc_pos 476904
alloc_pos 476984
alloc_pos 477168
alloc_pos 477360
alloc_pos 477600
alloc_pos 477632
alloc_pos 477784
alloc_pos 477828
alloc_pos 477960
alloc_pos 478080
alloc_pos 478120
alloc_pos 478344
alloc_pos 478396
alloc_pos 478572
alloc_pos 478612
alloc_pos 478668
alloc_pos 478908
alloc_pos 479044
alloc_pos 479272
alloc_pos 479436
alloc_pos 479516
alloc_pos 479540
alloc_pos 479704
alloc_pos 479816
alloc_pos 479924
alloc_pos 479976
alloc_pos 480160
alloc_pos 480344
alloc_pos 480572
alloc_pos 480600
alloc_pos 480652
alloc_pos 480680
alloc_pos 480772
alloc_pos 480852
alloc_pos 481052
alloc_pos 481284
alloc_pos 481520
alloc_pos 481740
alloc_pos 481892
alloc_pos 482084
alloc_pos 482180
alloc_pos 482208
alloc_pos 482240
alloc_pos 482288
alloc_pos 482356
alloc_pos 482380
alloc_pos 482528
alloc_pos 482568
alloc_pos 482780
alloc_pos 482936
alloc_pos 483080
alloc_pos 483336
alloc_pos 483580
alloc_pos 483828
alloc_pos 483892
alloc_pos 484044
alloc_pos 484264
alloc_pos 484496
alloc_pos 484716
alloc_pos 484944
alloc_pos 485028
alloc_pos 485104
alloc_pos 485196
alloc_pos 485240
alloc_pos 485272
alloc_pos 485348
alloc_pos 485420
alloc_pos 485592
alloc_pos 485632
alloc_pos 485828
alloc_pos 485976
alloc_pos 486040
alloc_pos 486192
alloc_pos 486404
alloc_pos 486452
alloc_pos 486620
alloc_pos 486728
alloc_pos 486868
alloc_pos 486892
alloc_pos 487044
alloc_pos 487100
alloc_pos 487344
alloc_pos 487520
alloc_pos 487632
alloc_pos 487816
alloc_pos 487872
alloc_pos 487928
alloc_pos 488128
alloc_pos 488312
alloc_pos 488452
alloc_pos 488696
alloc_pos 488916
alloc_pos 488992
alloc_pos 489124
alloc_pos 489152
alloc_pos 489376
alloc_pos 489440
alloc_pos 489580
alloc_pos 489720
alloc_pos 489820
alloc_pos 489920
alloc_pos 490012
alloc_pos 490088
alloc_pos 490216
alloc_pos 490332
alloc_pos 490584
alloc_pos 490692
alloc_pos 490800
alloc_pos 490832
alloc_pos 490968
alloc_pos 491128
alloc_pos 491220
alloc_pos 491324
alloc_pos 491396
alloc_pos 491592
alloc_pos 491828
alloc_pos 491884
alloc_pos 491940
alloc_pos 492160
alloc_pos 492320
alloc_pos 492428
alloc_pos 492628
alloc_pos 492880
alloc_pos 492984
alloc_pos 493216
alloc_pos 493440
alloc_pos 493680
alloc_pos 493892
alloc_pos 494092
alloc_pos 494132
alloc_pos 494156
alloc_pos 494372
alloc_pos 494616
alloc_pos 494852
alloc_pos 494936
alloc_pos 495188
alloc_pos 495324
alloc_pos 495456
alloc_pos 495684
alloc_pos 495784
alloc_pos 495856
alloc_pos 495928
alloc_pos 496088
alloc_pos 496296
alloc_pos 496536
alloc_pos 496628
alloc_pos 496676
alloc_pos 496832
alloc_pos 496988
alloc_pos 497232
alloc_pos 497348
alloc_pos 497440
alloc_pos 497500
alloc_pos 497624
alloc_pos 497880
alloc_pos 498116
alloc_pos 498276
alloc_pos 498304
alloc_pos 498432
alloc_pos 498528
alloc_pos 498760
alloc_pos 499016
alloc_pos 499256
alloc_pos 499360
alloc_pos 499576
alloc_pos 499716
alloc_pos 499964
alloc_pos 500224
alloc_pos 500280
alloc_pos 500340
alloc_pos 500544
alloc_pos 500612
alloc_pos 500736
alloc_pos 500840
alloc_pos 501056
alloc_pos 501236
alloc_pos 501412
alloc_pos 501676
alloc_pos 501800
alloc_pos 501880
alloc_pos 502096
alloc_pos 502176
alloc_pos 502264
alloc_pos 502368
alloc_pos 502632
alloc_pos 502724
alloc_pos 502764
alloc_pos 502820
alloc_pos 502980
alloc_pos 503240
alloc_pos 503276
alloc_pos 503424
alloc_pos 503460
alloc_pos 503496
alloc_pos 503640
alloc_pos 503684
alloc_pos 503916
alloc_pos 504056
alloc_pos 504216
alloc_pos 504376
alloc_pos 504412
alloc_pos 504572
alloc_pos 504708
alloc_pos 504940
alloc_pos 505088
alloc_pos 505280
alloc_pos 505380
alloc_pos 505412
alloc_pos 505616
alloc_pos 505720
alloc_pos 505948
alloc_pos 506148
alloc_pos 506316
alloc_pos 506556
alloc_pos 506796
alloc_pos 506828
alloc_pos 507088
alloc_pos 507252
alloc_pos 507444
alloc_pos 507588
alloc_pos 507664
alloc_pos 507864
alloc_pos 508048
alloc_pos 508228
alloc_pos 508380
alloc_pos 508580
alloc_pos 508612
alloc_pos 508868
alloc_pos 509104
alloc_pos 509212
alloc_pos 509332
alloc_pos 509576
alloc_pos 509736
alloc_pos 509972
alloc_pos 510188
alloc_pos 510332
alloc_pos 510572
alloc_pos 510604
alloc_pos 510680
alloc_pos 510760
alloc_pos 510936
alloc_pos 510960
alloc_pos 511196
alloc_pos 511408
alloc_pos 511564
alloc_pos 511620
alloc_pos 511664
alloc_pos 511884
alloc_pos 512088
alloc_pos 512348
alloc_pos 512516
alloc_pos 512768
alloc_pos 513004
alloc_pos 513048
alloc_pos 513292
alloc_pos 513372
alloc_pos 513608
alloc_pos 513688
alloc_pos 513872
alloc_pos 514064
alloc_pos 514304
alloc_pos 514336
alloc_pos 514488
alloc_pos 514532
alloc_pos 514664
alloc_pos 514784
alloc_pos 514824
alloc_pos 515048
alloc_pos 515100
alloc_pos 515276
alloc_pos 515316
alloc_pos 515372
alloc_pos 515612
alloc_pos 515748
alloc_pos 515976
alloc_pos 516140
alloc_pos 516220
alloc_pos 516244
alloc_pos 516408
alloc_pos 516520
alloc_pos 516628
alloc_pos 516680
alloc_pos 516864
alloc_pos 517048
alloc_pos 517276
alloc_pos 517304
alloc_pos 517356
alloc_pos 517384
alloc_pos 517476
alloc_pos 517556
alloc_pos 517756
alloc_pos 517988
alloc_pos 518224
alloc_pos 518444
alloc_pos 518596
alloc_pos 518788
alloc_pos 518884
alloc_pos 518912
alloc_pos 518944
alloc_pos 518992
alloc_pos 519060
alloc_pos 519084
alloc_pos 519232
alloc_pos 519272
alloc_pos 519484
alloc_pos 519640
alloc_pos 519784
alloc_pos 520040
alloc_pos 520284
alloc_pos 520532
alloc_pos 520596
alloc_pos 520748
alloc_pos 520968
alloc_pos 521200
alloc_pos 521420
alloc_pos 521648
alloc_pos 521732
alloc_pos 521808
alloc_pos 521900
alloc_pos 521944
alloc_pos 521976
alloc_pos 522052
alloc_pos 522124
alloc_pos 522296
alloc_pos 522336
alloc_pos 522532
alloc_pos 522680
alloc_pos 522744
alloc_pos 522896
alloc_pos 523108
alloc_pos 523156
alloc_pos 523324
alloc_pos 523432
alloc_pos 523572
alloc_pos 523596
alloc_pos 523748
alloc_pos 523804
alloc_pos 524048
alloc_pos -1

