reason: unexpected exit code -6
--- stdout ---
CHENEY GENERATOR!
--- stderr ---
alloc_pos 8
alloc_pos 1040
alloc_pos 2072
alloc_pos 3104
alloc_pos 4136
alloc_pos 5168
alloc_pos 5184
alloc_pos 5200
alloc_pos 5216
alloc_pos 5232
alloc_pos 5248
alloc_pos 5264
alloc_pos 5280
alloc_pos 5296
alloc_pos 5312
alloc_pos 5328
alloc_pos 5344
alloc_pos 5360
alloc_pos 5376
alloc_pos 5392
alloc_pos 5408
alloc_pos 5424
alloc_pos 5440
alloc_pos 5456
alloc_pos 5472
alloc_pos 5488
alloc_pos 5504
alloc_pos 5520
alloc_pos 5536
alloc_pos 5552
alloc_pos 5568
alloc_pos 5584
alloc_pos 5600
alloc_pos 5616
alloc_pos 5632
alloc_pos 5648
alloc_pos 5664
alloc_pos 5680
alloc_pos 5696
alloc_pos 5712
alloc_pos 5728
alloc_pos 5744
alloc_pos 5760
alloc_pos 5776
alloc_pos 5792
alloc_pos 5808
alloc_pos 5824
alloc_pos 5840
alloc_pos 5856
alloc_pos 5872
alloc_pos 5888
alloc_pos 5904
alloc_pos 5920
alloc_pos 5936
alloc_pos 5952
alloc_pos 5968
alloc_pos 5984
alloc_pos 6000
alloc_pos 6016
alloc_pos 6032
alloc_pos 6048
alloc_pos 6064
alloc_pos 6080
alloc_pos 6096
alloc_pos 6112
alloc_pos 6128
alloc_pos 6144
alloc_pos 6160
alloc_pos 6176
alloc_pos 6192
alloc_pos 6208
alloc_pos 6224
alloc_pos 6240
alloc_pos 6256
alloc_pos 6272
alloc_pos 6288
alloc_pos 6304
alloc_pos 6320
alloc_pos 6336
alloc_pos 6352
alloc_pos 6368
alloc_pos 6384
alloc_pos 6400
alloc_pos 6416
alloc_pos 6432
alloc_pos 6448
alloc_pos 6464
alloc_pos 6480
alloc_pos 6496
alloc_pos 6512
alloc_pos 6528
alloc_pos 6544
alloc_pos 6560
alloc_pos 6576
alloc_pos 6592
alloc_pos 6608
alloc_pos 6624
alloc_pos 6640
alloc_pos 6656
alloc_pos 6672
alloc_pos 6688
alloc_pos 6704
alloc_pos 6720
alloc_pos 6736
alloc_pos 6752
alloc_pos 6768
alloc_pos 6784
alloc_pos 6800
alloc_pos 6816
alloc_pos 6832
alloc_pos 6848
alloc_pos 6864
alloc_pos 6880
alloc_pos 6896
alloc_pos 6912
alloc_pos 6928
alloc_pos 6944
alloc_pos 6960
alloc_pos 6976
alloc_pos 6992
alloc_pos 7008
alloc_pos 7024
alloc_pos 7040
alloc_pos 7056
alloc_pos 7072
alloc_pos 7088
alloc_pos 7104
alloc_pos 7120
alloc_pos 7136
alloc_pos 7152
alloc_pos 7168
alloc_pos 7184
alloc_pos 7200
alloc_pos 7216
alloc_pos 7232
alloc_pos 7248
alloc_pos 7264
alloc_pos 7280
alloc_pos 7296
alloc_pos 7312
alloc_pos 7328
alloc_pos 7344
alloc_pos 7360
alloc_pos 7376
alloc_pos 7392
alloc_pos 7408
alloc_pos 7424
alloc_pos 7440
alloc_pos 7456
alloc_pos 7472
alloc_pos 7488
alloc_pos 7504
alloc_pos 7520
alloc_pos 7536
alloc_pos 7552
alloc_pos 7568
alloc_pos 7584
alloc_pos 7600
alloc_pos 7616
alloc_pos 7632
alloc_pos 7648
alloc_pos 7664
alloc_pos 7680
alloc_pos 7696
alloc_pos 7712
alloc_pos 7728
alloc_pos 7744
alloc_pos 7760
alloc_pos 7776
alloc_pos 7792
alloc_pos 7808
alloc_pos 7824
alloc_pos 7840
alloc_pos 7856
alloc_pos 7872
alloc_pos 7888
alloc_pos 7904
alloc_pos 7920
alloc_pos 7936
alloc_pos 7952
alloc_pos 7968
alloc_pos 7984
alloc_pos 8000
alloc_pos 8016
alloc_pos 8032
alloc_pos 8048
alloc_pos 8064
alloc_pos 8080
alloc_pos 8096
alloc_pos 8112
alloc_pos 8128
alloc_pos 8144
alloc_pos 8160
alloc_pos 8176
alloc_pos 8192
alloc_pos 8208
alloc_pos 8224
alloc_pos 8240
alloc_pos 8256
alloc_pos 8272
alloc_pos 8288
alloc_pos 8304
alloc_pos 8320
alloc_pos 8336
alloc_pos 8352
alloc_pos 8368
alloc_pos 8384
alloc_pos 8400
alloc_pos 8416
alloc_pos 8432
alloc_pos 8448
alloc_pos 8464
alloc_pos 8480
alloc_pos 8496
alloc_pos 8512
alloc_pos 8528
alloc_pos 8544
alloc_pos 8560
alloc_pos 8576
alloc_pos 8592
alloc_pos 8608
alloc_pos 8624
alloc_pos 8640
alloc_pos 8656
alloc_pos 8672
alloc_pos 8688
alloc_pos 8704
alloc_pos 8720
alloc_pos 8736
alloc_pos 8752
alloc_pos 8768
alloc_pos 8784
alloc_pos 8800
alloc_pos 8816
alloc_pos 8832
alloc_pos 8848
alloc_pos 8864
alloc_pos 8880
alloc_pos 8896
alloc_pos 8912
alloc_pos 8928
alloc_pos 8944
alloc_pos 8960
alloc_pos 8976
alloc_pos 8992
alloc_pos 9008
alloc_pos 9024
alloc_pos 9040
alloc_pos 9056
alloc_pos 9072
alloc_pos 9088
alloc_pos 9104
alloc_pos 9120
alloc_pos 9136
alloc_pos 9152
alloc_pos 9168
alloc_pos 9184
alloc_pos 9200
alloc_pos 9216
alloc_pos 9232
alloc_pos 9248
alloc_pos 9264
alloc_pos 9520
alloc_pos 9780
alloc_pos 10012
alloc_pos 10272
alloc_pos 10500
alloc_pos 10536
alloc_pos 10572
alloc_pos 10772
alloc_pos 10880
alloc_pos 11144
alloc_pos 11372
alloc_pos 11488
alloc_pos 11588
alloc_pos 11728
alloc_pos 11792
alloc_pos 11852
alloc_pos 12108
alloc_pos 12156
alloc_pos 12344
alloc_pos 12584
alloc_pos 12820
alloc_pos 13064
alloc_pos 13304
alloc_pos 13452
alloc_pos 13680
alloc_pos 13776
alloc_pos 13952
alloc_pos 14196
alloc_pos 14268
alloc_pos 14496
alloc_pos 14640
alloc_pos 14876
alloc_pos 15096
alloc_pos 15216
alloc_pos 15368
alloc_pos 15616
alloc_pos 15764
alloc_pos 15916
alloc_pos 16140
alloc_pos 16172
alloc_pos 16272
alloc_pos 16460
alloc_pos 16512
alloc_pos 16760
alloc_pos 16864
alloc_pos 17052
alloc_pos 17212
alloc_pos 17472
alloc_pos 17608
alloc_pos 17828
alloc_pos 17892
alloc_pos 17980
alloc_pos 18164
alloc_pos 18188
alloc_pos 18400
alloc_pos 18528
alloc_pos 18624
alloc_pos 18884
alloc_pos 19004
alloc_pos 19228
alloc_pos 19412
alloc_pos 19556
alloc_pos 19608
alloc_pos 19676
alloc_pos 19916
alloc_pos 20012
alloc_pos 20276
alloc_pos 20368
alloc_pos 20500
alloc_pos 20756
alloc_pos 21016
alloc_pos 21248
alloc_pos 21508
alloc_pos 21736
alloc_pos 21772
alloc_pos 21808
alloc_pos 22008
alloc_pos 22116
alloc_pos 22380
alloc_pos 22608
alloc_pos 22724
alloc_pos 22824
alloc_pos 22964
alloc_pos 23028
alloc_pos 23088
alloc_pos 23344
alloc_pos 23392
alloc_pos 23580
alloc_pos 23820
alloc_pos 24056
alloc_pos 24300
alloc_pos 24540
alloc_pos 24688
alloc_pos 24916
alloc_pos 25012
alloc_pos 25188
alloc_pos 25432
alloc_pos 25504
alloc_pos 25732
alloc_pos 25876
alloc_pos 26112
alloc_pos 26332
alloc_pos 26452
alloc_pos 26604
alloc_pos 26852
alloc_pos 27000
alloc_pos 27152
alloc_pos 27376
alloc_pos 27408
alloc_pos 27508
alloc_pos 27696
alloc_pos 27748
alloc_pos 27996
alloc_pos 28100
alloc_pos 28288
alloc_pos 28448
alloc_pos 28708
alloc_pos 28844
alloc_pos 29064
alloc_pos 29128
alloc_pos 29216
alloc_pos 29400
alloc_pos 29424
alloc_pos 29636
alloc_pos 29764
alloc_pos 29860
alloc_pos 30120
alloc_pos 30240
alloc_pos 30464
alloc_pos 30648
alloc_pos 30792
alloc_pos 30844
alloc_pos 30912
alloc_pos 31152
alloc_pos 31248
alloc_pos 31512
alloc_pos 31604
alloc_pos 31736
alloc_pos 31992
alloc_pos 32252
alloc_pos 32484
alloc_pos 32744
alloc_pos 32972
alloc_pos 33008
alloc_pos 33044
alloc_pos 33244
alloc_pos 33352
alloc_pos 33616
alloc_pos 33844
alloc_pos 33960
alloc_pos 34060
alloc_pos 34200
alloc_pos 34264
alloc_pos 34324
alloc_pos 34580
alloc_pos 34628
alloc_pos 34816
alloc_pos 35056
alloc_pos 35292
alloc_pos 35536
alloc_pos 35776
alloc_pos 35924
alloc_pos 36152
alloc_pos 36248
alloc_pos 36424
alloc_pos 36668
alloc_pos 36740
alloc_pos 36968
alloc_pos 37112
alloc_pos 37348
alloc_pos 37568
alloc_pos 37688
alloc_pos 37840
alloc_pos 38088
alloc_pos 38236
alloc_pos 38388
alloc_pos 38612
alloc_pos 38644
alloc_pos 38744
alloc_pos 38932
alloc_pos 38984
alloc_pos 39232
alloc_pos 39336
alloc_pos 39524
alloc_pos 39684
alloc_pos 39944
alloc_pos 40080
alloc_pos 40300
alloc_pos 40364
alloc_pos 40452
alloc_pos 40636
alloc_pos 40660
alloc_pos 40872
alloc_pos 41000
alloc_pos 41096
alloc_pos 41356
alloc_pos 41476
alloc_pos 41700
alloc_pos 41884
alloc_pos 42028
alloc_pos 42080
alloc_pos 42148
alloc_pos 42388
alloc_pos 42484
alloc_pos 42748
alloc_pos 42840
alloc_pos 42972
alloc_pos 43228
alloc_pos 43488
alloc_pos 43720
alloc_pos 43980
alloc_pos 44208
alloc_pos 44244
alloc_pos 44280
alloc_pos 44480
alloc_pos 44588
alloc_pos 44852
alloc_pos 45080
alloc_pos 45196
alloc_pos 45296
alloc_pos 45436
alloc_pos 45500
alloc_pos 45560
alloc_pos 45816
alloc_pos 45864
alloc_pos 46052
alloc_pos 46292
alloc_pos 46528
alloc_pos 46772
alloc_pos 47012
alloc_pos 47160
alloc_pos 47388
alloc_pos 47484
alloc_pos 47660
alloc_pos 47904
alloc_pos 47976
alloc_pos 48204
alloc_pos 48348
alloc_pos 48584
alloc_pos 48804
alloc_pos 48924
alloc_pos 49076
alloc_pos 49324
alloc_pos 49472
alloc_pos 49624
alloc_pos 49848
alloc_pos 49880
alloc_pos 49980
alloc_pos 50168
alloc_pos 50220
alloc_pos 50468
alloc_pos 50572
alloc_pos 50760
alloc_pos 50920
alloc_pos 51180
alloc_pos 51316
alloc_pos 51536
alloc_pos 51600
alloc_pos 51688
alloc_pos 51872
alloc_pos 51896
alloc_pos 52108
alloc_pos 52236
alloc_pos 52332
alloc_pos 52592
alloc_pos 52712
alloc_pos 52936
alloc_pos 53120
alloc_pos 53264
alloc_pos 53316
alloc_pos 53384
alloc_pos 53624
alloc_pos 53720
alloc_pos 53984
alloc_pos 54076
alloc_pos 54208
alloc_pos 54464
alloc_pos 54724
alloc_pos 54956
alloc_pos 55216
alloc_pos 55444
alloc_pos 55480
alloc_pos 55516
alloc_pos 55716
alloc_pos 55824
alloc_pos 56088
alloc_pos 56316
alloc_pos 56432
alloc_pos 56532
alloc_pos 56672
alloc_pos 56736
alloc_pos 56796
alloc_pos 57052
alloc_pos 57100
alloc_pos 57288
alloc_pos 57528
alloc_pos 57764
alloc_pos 58008
alloc_pos 58248
alloc_pos 58396
alloc_pos 58624
alloc_pos 58720
alloc_pos 58896
alloc_pos 59140
alloc_pos 59212
alloc_pos 59440
alloc_pos 59584
alloc_pos 59820
alloc_pos 60040
alloc_pos 60160
alloc_pos 60312
alloc_pos 60560
alloc_pos 60708
alloc_pos 60860
alloc_pos 61084
alloc_pos 61116
alloc_pos 61216
alloc_pos 61404
alloc_pos 61456
alloc_pos 61704
alloc_pos 61808
alloc_pos 61996
alloc_pos 62156
alloc_pos 62416
alloc_pos 62552
alloc_pos 62772
alloc_pos 62836
alloc_pos 62924
alloc_pos 63108
alloc_pos 63132
alloc_pos 63344
alloc_pos 63472
alloc_pos 63568
alloc_pos 63828
alloc_pos 63948
alloc_pos 64172
alloc_pos 64356
alloc_pos 64500
alloc_pos 64552
alloc_pos 64620
alloc_pos 64860
alloc_pos 64956
alloc_pos 65220
alloc_pos 65312
alloc_pos 65444
alloc_pos 65700
alloc_pos 65960
alloc_pos 66192
alloc_pos 66452
alloc_pos 66680
alloc_pos 66716
alloc_pos 66752
alloc_pos 66952
alloc_pos 67060
alloc_pos 67324
alloc_pos 67552
alloc_pos 67668
alloc_pos 67768
alloc_pos 67908
alloc_pos 67972
alloc_pos 68032
alloc_pos 68288
alloc_pos 68336
alloc_pos 68524
alloc_pos 68764
alloc_pos 69000
alloc_pos 69244
alloc_pos 69484
alloc_pos 69632
alloc_pos 69860
alloc_pos 69956
alloc_pos 70132
alloc_pos 70376
alloc_pos 70448
alloc_pos 70676
alloc_pos 70820
alloc_pos 71056
alloc_pos 71276
alloc_pos 71396
alloc_pos 71548
alloc_pos 71796
alloc_pos 71944
alloc_pos 72096
alloc_pos 72320
alloc_pos 72352
alloc_pos 72452
alloc_pos 72640
alloc_pos 72692
alloc_pos 72940
alloc_pos 73044
alloc_pos 73232
alloc_pos 73392
alloc_pos 73652
alloc_pos 73788
alloc_pos 74008
alloc_pos 74072
alloc_pos 74160
alloc_pos 74344
alloc_pos 74368
alloc_pos 74580
alloc_pos 74708
alloc_pos 74804
alloc_pos 75064
alloc_pos 75184
alloc_pos 75408
alloc_pos 75592
alloc_pos 75736
alloc_pos 75788
alloc_pos 75856
alloc_pos 76096
alloc_pos 76192
alloc_pos 76456
alloc_pos 76548
alloc_pos 76680
alloc_pos 76936
alloc_pos 77196
alloc_pos 77428
alloc_pos 77688
alloc_pos 77916
alloc_pos 77952
alloc_pos 77988
alloc_pos 78188
alloc_pos 78296
alloc_pos 78560
alloc_pos 78788
alloc_pos 78904
alloc_pos 79004
alloc_pos 79144
alloc_pos 79208
alloc_pos 79268
alloc_pos 79524
alloc_pos 79572
alloc_pos 79760
alloc_pos 80000
alloc_pos 80236
alloc_pos 80480
alloc_pos 80720
alloc_pos 80868
alloc_pos 81096
alloc_pos 81192
alloc_pos 81368
alloc_pos 81612
alloc_pos 81684
alloc_pos 81912
alloc_pos 82056
alloc_pos 82292
alloc_pos 82512
alloc_pos 82632
alloc_pos 82784
alloc_pos 83032
alloc_pos 83180
alloc_pos 83332
alloc_pos 83556
alloc_pos 83588
alloc_pos 83688
alloc_pos 83876
alloc_pos 83928
alloc_pos 84176
alloc_pos 84280
alloc_pos 84468
alloc_pos 84628
alloc_pos 84888
alloc_pos 85024
alloc_pos 85244
alloc_pos 85308
alloc_pos 85396
alloc_pos 85580
alloc_pos 85604
alloc_pos 85816
alloc_pos 85944
alloc_pos 86040
alloc_pos 86300
alloc_pos 86420
alloc_pos 86644
alloc_pos 86828
alloc_pos 86972
alloc_pos 87024
alloc_pos 87092
alloc_pos 87332
alloc_pos 87428
alloc_pos 87692
alloc_pos 87784
alloc_pos 87916
alloc_pos 88172
alloc_pos 88432
alloc_pos 88664
alloc_pos 88924
alloc_pos 89152
alloc_pos 89188
alloc_pos 89224
alloc_pos 89424
alloc_pos 89532
alloc_pos 89796
alloc_pos 90024
alloc_pos 90140
alloc_pos 90240
alloc_pos 90380
alloc_pos 90444
alloc_pos 90504
alloc_pos 90760
alloc_pos 90808
alloc_pos 90996
alloc_pos 91236
alloc_pos 91472
alloc_pos 91716
alloc_pos 91956
alloc_pos 92104
alloc_pos 92332
alloc_pos 92428
alloc_pos 92604
alloc_pos 92848
alloc_pos 92920
alloc_pos 93148
alloc_pos 93292
alloc_pos 93528
alloc_pos 93748
alloc_pos 93868
alloc_pos 94020
alloc_pos 94268
alloc_pos 94416
alloc_pos 94568
alloc_pos 94792
alloc_pos 94824
alloc_pos 94924
alloc_pos 95112
alloc_pos 95164
alloc_pos 95412
alloc_pos 95516
alloc_pos 95704
alloc_pos 95864
alloc_pos 96124
alloc_pos 96260
alloc_pos 96480
alloc_pos 96544
alloc_pos 96632
alloc_pos 96816
alloc_pos 96840
alloc_pos 97052
alloc_pos 97180
alloc_pos 97276
alloc_pos 97536
alloc_pos 97656
alloc_pos 97880
alloc_pos 98064
alloc_pos 98208
alloc_pos 98260
alloc_pos 98328
alloc_pos 98568
alloc_pos 98664
alloc_pos 98928
alloc_pos 99020
alloc_pos 99152
alloc_pos 99408
alloc_pos 99668
alloc_pos 99900
alloc_pos 100160
alloc_pos 100388
alloc_pos 100424
alloc_pos 100460
alloc_pos 100660
alloc_pos 100768
alloc_pos 101032
alloc_pos 101260
alloc_pos 101376
alloc_pos 101476
alloc_pos 101616
alloc_pos 101680
alloc_pos 101740
alloc_pos 101996
alloc_pos 102044
alloc_pos 102232
alloc_pos 102472
alloc_pos 102708
alloc_pos 102952
alloc_pos 103192
alloc_pos 103340
alloc_pos 103568
alloc_pos 103664
alloc_pos 103840
alloc_pos 104084
alloc_pos 104156
alloc_pos 104384
alloc_pos 104528
alloc_pos 104764
alloc_pos 104984
alloc_pos 105104
alloc_pos 105256
alloc_pos 105504
alloc_pos 105652
alloc_pos 105804
alloc_pos 106028
alloc_pos 106060
alloc_pos 106160
alloc_pos 106348
alloc_pos 106400
alloc_pos 106648
alloc_pos 106752
alloc_pos 106940
alloc_pos 107100
alloc_pos 107360
alloc_pos 107496
alloc_pos 107716
alloc_pos 107780
alloc_pos 107868
alloc_pos 108052
alloc_pos 108076
alloc_pos 108288
alloc_pos 108416
alloc_pos 108512
alloc_pos 108772
alloc_pos 108892
alloc_pos 109116
alloc_pos 109300
alloc_pos 109444
alloc_pos 109496
alloc_pos 109564
alloc_pos 109804
alloc_pos 109900
alloc_pos 110164
alloc_pos 110256
alloc_pos 110388
alloc_pos 110644
alloc_pos 110904
alloc_pos 111136
alloc_pos 111396
alloc_pos 111624
alloc_pos 111660
alloc_pos 111696
alloc_pos 111896
alloc_pos 112004
alloc_pos 112268
alloc_pos 112496
alloc_pos 112612
alloc_pos 112712
alloc_pos 112852
alloc_pos 112916
alloc_pos 112976
alloc_pos 113232
alloc_pos 113280
alloc_pos 113468
alloc_pos 113708
alloc_pos 113944
alloc_pos 114188
alloc_pos 114428
alloc_pos 114576
alloc_pos 114804
alloc_pos 114900
alloc_pos 115076
alloc_pos 115320
alloc_pos 115392
alloc_pos 115620
alloc_pos 115764
alloc_pos 116000
alloc_pos 116220
alloc_pos 116340
alloc_pos 116492
alloc_pos 116740
alloc_pos 116888
alloc_pos 117040
alloc_pos 117264
alloc_pos 117296
alloc_pos 117396
alloc_pos 117584
alloc_pos 117636
alloc_pos 117884
alloc_pos 117988
alloc_pos 118176
alloc_pos 118336
alloc_pos 118596
alloc_pos 118732
alloc_pos 118952
alloc_pos 119016
alloc_pos 119104
alloc_pos 119288
alloc_pos 119312
alloc_pos 119524
alloc_pos 119652
alloc_pos 119748
alloc_pos 120008
alloc_pos 120128
alloc_pos 120352
alloc_pos 120536
alloc_pos 120680
alloc_pos 120732
alloc_pos 120800
alloc_pos 121040
alloc_pos 121136
alloc_pos 121400
alloc_pos 121492
alloc_pos 121624
alloc_pos 121880
alloc_pos 122140
alloc_pos 122372
alloc_pos 122632
alloc_pos 122860
alloc_pos 122896
alloc_pos 122932
alloc_pos 123132
alloc_pos 123240
alloc_pos 123504
alloc_pos 123732
alloc_pos 123848
alloc_pos 123948
alloc_pos 124088
alloc_pos 124152
alloc_pos 124212
alloc_pos 124468
alloc_pos 124516
alloc_pos 124704
alloc_pos 124944
alloc_pos 125180
alloc_pos 125424
alloc_pos 125664
alloc_pos 125812
alloc_pos 126040
alloc_pos 126136
alloc_pos 126312
alloc_pos 126556
alloc_pos 126628
alloc_pos 126856
alloc_pos 127000
alloc_pos 127236
alloc_pos 127456
alloc_pos 127576
alloc_pos 127728
alloc_pos 127976
alloc_pos 128124
alloc_pos 128276
alloc_pos 128500
alloc_pos 128532
alloc_pos 128632
alloc_pos 128820
alloc_pos 128872
alloc_pos 129120
alloc_pos 129224
alloc_pos 129412
alloc_pos 129572
alloc_pos 129832
alloc_pos 129968
alloc_pos 130188
alloc_pos 130252
alloc_pos 130340
alloc_pos 130524
alloc_pos 130548
alloc_pos 130760
alloc_pos 130888
alloc_pos 130984
alloc_pos 131244
alloc_pos 131364
alloc_pos 131588
alloc_pos 131772
alloc_pos 131916
alloc_pos 131968
alloc_pos 132036
alloc_pos 132276
alloc_pos 132372
alloc_pos 132636
alloc_pos 132728
alloc_pos 132860
alloc_pos 133116
alloc_pos 133376
alloc_pos 133608
alloc_pos 133868
alloc_pos 134096
alloc_pos 134132
alloc_pos 134168
alloc_pos 134368
alloc_pos 134476
alloc_pos 134740
alloc_pos 134968
alloc_pos 135084
alloc_pos 135184
alloc_pos 135324
alloc_pos 135388
alloc_pos 135448
alloc_pos 135704
alloc_pos 135752
alloc_pos 135940
alloc_pos 136180
alloc_pos 136416
alloc_pos 136660
alloc_pos 136900
alloc_pos 137048
alloc_pos 137276
alloc_pos 137372
alloc_pos 137548
alloc_pos 137792
alloc_pos 137864
alloc_pos 138092
alloc_pos 138236
alloc_pos 138472
alloc_pos 138692
alloc_pos 138812
alloc_pos 138964
alloc_pos 139212
alloc_pos 139360
alloc_pos 139512
alloc_pos 139736
alloc_pos 139768
alloc_pos 139868
alloc_pos 140056
alloc_pos 140108
alloc_pos 140356
alloc_pos 140460
alloc_pos 140648
alloc_pos 140808
alloc_pos 141068
alloc_pos 141204
alloc_pos 141424
alloc_pos 141488
alloc_pos 141576
alloc_pos 141760
alloc_pos 141784
alloc_pos 141996
alloc_pos 142124
alloc_pos 142220
alloc_pos 142480
alloc_pos 142600
alloc_pos 142824
alloc_pos 143008
alloc_pos 143152
alloc_pos 143204
alloc_pos 143272
alloc_pos 143512
alloc_pos 143608
alloc_pos 143872
alloc_pos 143964
alloc_pos 144096
alloc_pos 144352
alloc_pos 144612
alloc_pos 144844
alloc_pos 145104
alloc_pos 145332
alloc_pos 145368
alloc_pos 145404
alloc_pos 145604
alloc_pos 145712
alloc_pos 145976
alloc_pos 146204
alloc_pos 146320
alloc_pos 146420
alloc_pos 146560
alloc_pos 146624
alloc_pos 146684
alloc_pos 146940
alloc_pos 146988
alloc_pos 147176
alloc_pos 147416
alloc_pos 147652
alloc_pos 147896
alloc_pos 148136
alloc_pos 148284
alloc_pos 148512
alloc_pos 148608
alloc_pos 148784
alloc_pos 149028
alloc_pos 149100
alloc_pos 149328
alloc_pos 149472
alloc_pos 149708
alloc_pos 149928
alloc_pos 150048
alloc_pos 150200
alloc_pos 150448
alloc_pos 150596
alloc_pos 150748
alloc_pos 150972
alloc_pos 151004
alloc_pos 151104
alloc_pos 151292
alloc_pos 151344
alloc_pos 151592
alloc_pos 151696
alloc_pos 151884
alloc_pos 152044
alloc_pos 152304
alloc_pos 152440
alloc_pos 152660
alloc_pos 152724
alloc_pos 152812
alloc_pos 152996
alloc_pos 153020
alloc_pos 153232
alloc_pos 153360
alloc_pos 153456
alloc_pos 153716
alloc_pos 153836
alloc_pos 154060
alloc_pos 154244
alloc_pos 154388
alloc_pos 154440
alloc_pos 154508
alloc_pos 154748
alloc_pos 154844
alloc_pos 155108
alloc_pos 155200
alloc_pos 155332
alloc_pos 155588
alloc_pos 155848
alloc_pos 156080
alloc_pos 156340
alloc_pos 156568
alloc_pos 156604
alloc_pos 156640
alloc_pos 156840
alloc_pos 156948
alloc_pos 157212
alloc_pos 157440
alloc_pos 157556
alloc_pos 157656
alloc_pos 157796
alloc_pos 157860
alloc_pos 157920
alloc_pos 158176
alloc_pos 158224
alloc_pos 158412
alloc_pos 158652
alloc_pos 158888
alloc_pos 159132
alloc_pos 159372
alloc_pos 159520
alloc_pos 159748
alloc_pos 159844
alloc_pos 160020
alloc_pos 160264
alloc_pos 160336
alloc_pos 160564
alloc_pos 160708
alloc_pos 160944
alloc_pos 161164
alloc_pos 161284
alloc_pos 161436
alloc_pos 161684
alloc_pos 161832
alloc_pos 161984
alloc_pos 162208
alloc_pos 162240
alloc_pos 162340
alloc_pos 162528
alloc_pos 162580
alloc_pos 162828
alloc_pos 162932
alloc_pos 163120
alloc_pos 163280
alloc_pos 163540
alloc_pos 163676
alloc_pos 163896
alloc_pos 163960
alloc_pos 164048
alloc_pos 164232
alloc_pos 164256
alloc_pos 164468
alloc_pos 164596
alloc_pos 164692
alloc_pos 164952
alloc_pos 165072
alloc_pos 165296
alloc_pos 165480
alloc_pos 165624
alloc_pos 165676
alloc_pos 165744
alloc_pos 165984
alloc_pos 166080
alloc_pos 166344
alloc_pos 166436
alloc_pos 166568
alloc_pos 166824
alloc_pos 167084
alloc_pos 167316
alloc_pos 167576
alloc_pos 167804
alloc_pos 167840
alloc_pos 167876
alloc_pos 168076
alloc_pos 168184
alloc_pos 168448
alloc_pos 168676
alloc_pos 168792
alloc_pos 168892
alloc_pos 169032
alloc_pos 169096
alloc_pos 169156
alloc_pos 169412
alloc_pos 169460
alloc_pos 169648
alloc_pos 169888
alloc_pos 170124
alloc_pos 170368
alloc_pos 170608
alloc_pos 170756
alloc_pos 170984
alloc_pos 171080
alloc_pos 171256
alloc_pos 171500
alloc_pos 171572
alloc_pos 171800
alloc_pos 171944
alloc_pos 172180
alloc_pos 172400
alloc_pos 172520
alloc_pos 172672
alloc_pos 172920
alloc_pos 173068
alloc_pos 173220
alloc_pos 173444
alloc_pos 173476
alloc_pos 173576
alloc_pos 173764
alloc_pos 173816
alloc_pos 174064
alloc_pos 174168
alloc_pos 174356
alloc_pos 174516
alloc_pos 174776
alloc_pos 174912
alloc_pos 175132
alloc_pos 175196
alloc_pos 175284
alloc_pos 175468
alloc_pos 175492
alloc_pos 175704
alloc_pos 175832
alloc_pos 175928
alloc_pos 176188
alloc_pos 176308
alloc_pos 176532
alloc_pos 176716
alloc_pos 176860
alloc_pos 176912
alloc_pos 176980
alloc_pos 177220
alloc_pos 177316
alloc_pos 177580
alloc_pos 177672
alloc_pos 177804
alloc_pos 178060
alloc_pos 178320
alloc_pos 178552
alloc_pos 178812
alloc_pos 179040
alloc_pos 179076
alloc_pos 179112
alloc_pos 179312
alloc_pos 179420
alloc_pos 179684
alloc_pos 179912
alloc_pos 180028
alloc_pos 180128
alloc_pos 180268
alloc_pos 180332
alloc_pos 180392
alloc_pos 180648
alloc_pos 180696
alloc_pos 180884
alloc_pos 181124
alloc_pos 181360
alloc_pos 181604
alloc_pos 181844
alloc_pos 181992
alloc_pos 182220
alloc_pos 182316
alloc_pos 182492
alloc_pos 182736
alloc_pos 182808
alloc_pos 183036
alloc_pos 183180
alloc_pos 183416
alloc_pos 183636
alloc_pos 183756
alloc_pos 183908
alloc_pos 184156
alloc_pos 184304
alloc_pos 184456
alloc_pos 184680
alloc_pos 184712
alloc_pos 184812
alloc_pos 185000
alloc_pos 185052
alloc_pos 185300
alloc_pos 185404
alloc_pos 185592
alloc_pos 185752
alloc_pos 186012
alloc_pos 186148
alloc_pos 186368
alloc_pos 186432
alloc_pos 186520
alloc_pos 186704
alloc_pos 186728
alloc_pos 186940
alloc_pos 187068
alloc_pos 187164
alloc_pos 187424
alloc_pos 187544
alloc_pos 187768
alloc_pos 187952
alloc_pos 188096
alloc_pos 188148
alloc_pos 188216
alloc_pos 188456
alloc_pos 188552
alloc_pos 188816
alloc_pos 188908
alloc_pos 189040
alloc_pos 189296
alloc_pos 189556
alloc_pos 189788
alloc_pos 190048
alloc_pos 190276
alloc_pos 190312
alloc_pos 190348
alloc_pos 190548
alloc_pos 190656
alloc_pos 190920
alloc_pos 191148
alloc_pos 191264
alloc_pos 191364
alloc_pos 191504
alloc_pos 191568
alloc_pos 191628
alloc_pos 191884
alloc_pos 191932
alloc_pos 192120
alloc_pos 192360
alloc_pos 192596
alloc_pos 192840
alloc_pos 193080
alloc_pos 193228
alloc_pos 193456
alloc_pos 193552
alloc_pos 193728
alloc_pos 193972
alloc_pos 194044
alloc_pos 194272
alloc_pos 194416
alloc_pos 194652
alloc_pos 194872
alloc_pos 194992
alloc_pos 195144
alloc_pos 195392
alloc_pos 195540
alloc_pos 195692
alloc_pos 195916
alloc_pos 195948
alloc_pos 196048
alloc_pos 196236
alloc_pos 196288
alloc_pos 196536
alloc_pos 196640
alloc_pos 196828
alloc_pos 196988
alloc_pos 197248
alloc_pos 197384
alloc_pos 197604
alloc_pos 197668
alloc_pos 197756
alloc_pos 197940
alloc_pos 197964
alloc_pos 198176
alloc_pos 198304
alloc_pos 198400
alloc_pos 198660
alloc_pos 198780
alloc_pos 199004
alloc_pos 199188
alloc_pos 199332
alloc_pos 199384
alloc_pos 199452
alloc_pos 199692
alloc_pos 199788
alloc_pos 200052
alloc_pos 200144
alloc_pos 200276
alloc_pos 200532
alloc_pos 200792
alloc_pos 201024
alloc_pos 201284
alloc_pos 201512
alloc_pos 201548
alloc_pos 201584
alloc_pos 201784
alloc_pos 201892
alloc_pos 202156
alloc_pos 202384
alloc_pos 202500
alloc_pos 202600
alloc_pos 202740
alloc_pos 202804
alloc_pos 202864
alloc_pos 203120
alloc_pos 203168
alloc_pos 203356
alloc_pos 203596
alloc_pos 203832
alloc_pos 204076
alloc_pos 204316
alloc_pos 204464
alloc_pos 204692
alloc_pos 204788
alloc_pos 204964
alloc_pos 205208
alloc_pos 205280
alloc_pos 205508
alloc_pos 205652
alloc_pos 205888
alloc_pos 206108
alloc_pos 206228
alloc_pos 206380
alloc_pos 206628
alloc_pos 206776
alloc_pos 206928
alloc_pos 207152
alloc_pos 207184
alloc_pos 207284
alloc_pos 207472
alloc_pos 207524
alloc_pos 207772
alloc_pos 207876
alloc_pos 208064
alloc_pos 208224
alloc_pos 208484
alloc_pos 208620
alloc_pos 208840
alloc_pos 208904
alloc_pos 208992
alloc_pos 209176
alloc_pos 209200
alloc_pos 209412
alloc_pos 209540
alloc_pos 209636
alloc_pos 209896
alloc_pos 210016
alloc_pos 210240
alloc_pos 210424
alloc_pos 210568
alloc_pos 210620
alloc_pos 210688
alloc_pos 210928
alloc_pos 211024
alloc_pos 211288
alloc_pos 211380
alloc_pos 211512
alloc_pos 211768
alloc_pos 212028
alloc_pos 212260
alloc_pos 212520
alloc_pos 212748
alloc_pos 212784
alloc_pos 212820
alloc_pos 213020
alloc_pos 213128
alloc_pos 213392
alloc_pos 213620
alloc_pos 213736
alloc_pos 213836
alloc_pos 213976
alloc_pos 214040
alloc_pos 214100
alloc_pos 214356
alloc_pos 214404
alloc_pos 214592
alloc_pos 214832
alloc_pos 215068
alloc_pos 215312
alloc_pos 215552
alloc_pos 215700
alloc_pos 215928
alloc_pos 216024
alloc_pos 216200
alloc_pos 216444
alloc_pos 216516
alloc_pos 216744
alloc_pos 216888
alloc_pos 217124
alloc_pos 217344
alloc_pos 217464
alloc_pos 217616
alloc_pos 217864
alloc_pos 218012
alloc_pos 218164
alloc_pos 218388
alloc_pos 218420
alloc_pos 218520
alloc_pos 218708
alloc_pos 218760
alloc_pos 219008
alloc_pos 219112
alloc_pos 219300
alloc_pos 219460
alloc_pos 219720
alloc_pos 219856
alloc_pos 220076
alloc_pos 220140
alloc_pos 220228
alloc_pos 220412
alloc_pos 220436
alloc_pos 220648
alloc_pos 220776
alloc_pos 220872
alloc_pos 221132
alloc_pos 221252
alloc_pos 221476
alloc_pos 221660
alloc_pos 221804
alloc_pos 221856
alloc_pos 221924
alloc_pos 222164
alloc_pos 222260
alloc_pos 222524
alloc_pos 222616
alloc_pos 222748
alloc_pos 223004
alloc_pos 223264
alloc_pos 223496
alloc_pos 223756
alloc_pos 223984
alloc_pos 224020
alloc_pos 224056
alloc_pos 224256
alloc_pos 224364
alloc_pos 224628
alloc_pos 224856
alloc_pos 224972
alloc_pos 225072
alloc_pos 225212
alloc_pos 225276
alloc_pos 225336
alloc_pos 225592
alloc_pos 225640
alloc_pos 225828
alloc_pos 226068
alloc_pos 226304
alloc_pos 226548
alloc_pos 226788
alloc_pos 226936
alloc_pos 227164
alloc_pos 227260
alloc_pos 227436
alloc_pos 227680
alloc_pos 227752
alloc_pos 227980
alloc_pos 228124
alloc_pos 228360
alloc_pos 228580
alloc_pos 228700
alloc_pos 228852
alloc_pos 229100
alloc_pos 229248
alloc_pos 229400
alloc_pos 229624
alloc_pos 229656
alloc_pos 229756
alloc_pos 229944
alloc_pos 229996
alloc_pos 230244
alloc_pos 230348
alloc_pos 230536
alloc_pos 230696
alloc_pos 230956
alloc_pos 231092
alloc_pos 231312
alloc_pos 231376
alloc_pos 231464
alloc_pos 231648
alloc_pos 231672
alloc_pos 231884
alloc_pos 232012
alloc_pos 232108
alloc_pos 232368
alloc_pos 232488
alloc_pos 232712
alloc_pos 232896
alloc_pos 233040
alloc_pos 233092
alloc_pos 233160
alloc_pos 233400
alloc_pos 233496
alloc_pos 233760
alloc_pos 233852
alloc_pos 233984
alloc_pos 234240
alloc_pos 234500
alloc_pos 234732
alloc_pos 234992
alloc_pos 235220
alloc_pos 235256
alloc_pos 235292
alloc_pos 235492
alloc_pos 235600
alloc_pos 235864
alloc_pos 236092
alloc_pos 236208
alloc_pos 236308
alloc_pos 236448
alloc_pos 236512
alloc_pos 236572
alloc_pos 236828
alloc_pos 236876
alloc_pos 237064
alloc_pos 237304
alloc_pos 237540
alloc_pos 237784
alloc_pos 238024
alloc_pos 238172
alloc_pos 238400
alloc_pos 238496
alloc_pos 238672
alloc_pos 238916
alloc_pos 238988
alloc_pos 239216
alloc_pos 239360
alloc_pos 239596
alloc_pos 239816
alloc_pos 239936
alloc_pos 240088
alloc_pos 240336
alloc_pos 240484
alloc_pos 240636
alloc_pos 240860
alloc_pos 240892
alloc_pos 240992
alloc_pos 241180
alloc_pos 241232
alloc_pos 241480
alloc_pos 241584
alloc_pos 241772
alloc_pos 241932
alloc_pos 242192
alloc_pos 242328
alloc_pos 242548
alloc_pos 242612
alloc_pos 242700
alloc_pos 242884
alloc_pos 242908
alloc_pos 243120
alloc_pos 243248
alloc_pos 243344
alloc_pos 243604
alloc_pos 243724
alloc_pos 243948
alloc_pos 244132
alloc_pos 244276
alloc_pos 244328
alloc_pos 244396
alloc_pos 244636
alloc_pos 244732
alloc_pos 244996
alloc_pos 245088
alloc_pos 245220
alloc_pos 245476
alloc_pos 245736
alloc_pos 245968
alloc_pos 246228
alloc_pos 246456
alloc_pos 246492
alloc_pos 246528
alloc_pos 246728
alloc_pos 246836
alloc_pos 247100
alloc_pos 247328
alloc_pos 247444
alloc_pos 247544
alloc_pos 247684
alloc_pos 247748
alloc_pos 247808
alloc_pos 248064
alloc_pos 248112
alloc_pos 248300
alloc_pos 248540
alloc_pos 248776
alloc_pos 249020
alloc_pos 249260
alloc_pos 249408
alloc_pos 249636
alloc_pos 249732
alloc_pos 249908
alloc_pos 250152
alloc_pos 250224
alloc_pos 250452
alloc_pos 250596
alloc_pos 250832
alloc_pos 251052
alloc_pos 251172
alloc_pos 251324
alloc_pos 251572
alloc_pos 251720
alloc_pos 251872
alloc_pos 252096
alloc_pos 252128
alloc_pos 252228
alloc_pos 252416
alloc_pos 252468
alloc_pos 252716
alloc_pos 252820
alloc_pos 253008
alloc_pos 253168
alloc_pos 253428
alloc_pos 253564
alloc_pos 253784
alloc_pos 253848
alloc_pos 253936
alloc_pos 254120
alloc_pos 254144
alloc_pos 254356
alloc_pos 254484
alloc_pos 254580
alloc_pos 254840
alloc_pos 254960
alloc_pos 255184
alloc_pos 255368
alloc_pos 255512
alloc_pos 255564
alloc_pos 255632
alloc_pos 255872
alloc_pos 255968
alloc_pos 256232
alloc_pos 256324
alloc_pos 256456
alloc_pos 256712
alloc_pos 256972
alloc_pos 257204
alloc_pos 257464
alloc_pos 257692
alloc_pos 257728
alloc_pos 257764
alloc_pos 257964
alloc_pos 258072
alloc_pos 258336
alloc_pos 258564
alloc_pos 258680
alloc_pos 258780
alloc_pos 258920
alloc_pos 258984
alloc_pos 259044
alloc_pos 259300
alloc_pos 259348
alloc_pos 259536
alloc_pos 259776
alloc_pos 260012
alloc_pos 260256
alloc_pos 260496
alloc_pos 260644
alloc_pos 260872
alloc_pos 260968
alloc_pos 261144
alloc_pos 261388
alloc_pos 261460
alloc_pos 261688
alloc_pos 261832
alloc_pos -1

