reason: unexpected exit code -6
--- stdout ---
CHENEY GENERATOR!
--- stderr ---
alloc_pos 8
alloc_pos 1040
alloc_pos 2072
alloc_pos 3104
alloc_pos 3368
alloc_pos 3540
alloc_pos 3780
alloc_pos 3852
alloc_pos 4108
alloc_pos 4268
alloc_pos 4528
alloc_pos 4640
alloc_pos 4780
alloc_pos 4816
alloc_pos 5008
alloc_pos 5160
alloc_pos 5236
alloc_pos 5412
alloc_pos 5492
alloc_pos 5748
alloc_pos 5844
alloc_pos 5992
alloc_pos 6192
alloc_pos 6416
alloc_pos 6492
alloc_pos 6600
alloc_pos 6736
alloc_pos 6776
alloc_pos 6864
alloc_pos 6936
alloc_pos 7000
alloc_pos 7044
alloc_pos 7180
alloc_pos 7400
alloc_pos 7560
alloc_pos 7676
alloc_pos 7748
alloc_pos 7892
alloc_pos 8116
alloc_pos 8220
alloc_pos 8304
alloc_pos 8488
alloc_pos 8712
alloc_pos 8836
alloc_pos 8968
alloc_pos 9044
alloc_pos 9084
alloc_pos 9216
alloc_pos 9356
alloc_pos 9456
alloc_pos 9532
alloc_pos 9584
alloc_pos 9772
alloc_pos 10004
alloc_pos 10184
alloc_pos 10380
alloc_pos 10488
alloc_pos 10680
alloc_pos 10920
alloc_pos 11168
alloc_pos 11260
alloc_pos 11384
alloc_pos 11608
alloc_pos 11728
alloc_pos 11808
alloc_pos 11940
alloc_pos 11980
alloc_pos 12104
alloc_pos 12316
alloc_pos 12508
alloc_pos 12636
alloc_pos 12660
alloc_pos 12904
alloc_pos 13044
alloc_pos 13120
alloc_pos 13280
alloc_pos 13328
alloc_pos 13440
alloc_pos 13664
alloc_pos 13692
alloc_pos 13808
alloc_pos 14012
alloc_pos 14128
alloc_pos 14152
alloc_pos 14240
alloc_pos 14408
alloc_pos 14640
alloc_pos 14700
alloc_pos 14732
alloc_pos 14864
alloc_pos 14932
alloc_pos 15024
alloc_pos 15064
alloc_pos 15280
alloc_pos 15340
alloc_pos 15464
alloc_pos 15660
alloc_pos 15868
alloc_pos 16100
alloc_pos 16216
alloc_pos 16468
alloc_pos 16656
alloc_pos 16824
alloc_pos 16968
alloc_pos 17032
alloc_pos 17180
alloc_pos 17420
alloc_pos 17668
alloc_pos 17820
alloc_pos 17920
alloc_pos 18164
alloc_pos 18408
alloc_pos 18476
alloc_pos 18676
alloc_pos 18832
alloc_pos 19028
alloc_pos 19272
alloc_pos 19296
alloc_pos 19340
alloc_pos 19380
alloc_pos 19412
alloc_pos 19580
alloc_pos 19692
alloc_pos 19852
alloc_pos 20116
alloc_pos 20316
alloc_pos 20564
alloc_pos 20700
alloc_pos 20936
alloc_pos 21168
alloc_pos 21220
alloc_pos 21416
alloc_pos 21620
alloc_pos 21800
alloc_pos 22020
alloc_pos 22196
alloc_pos 22424
alloc_pos 22564
alloc_pos 22788
alloc_pos 22972
alloc_pos 23028
alloc_pos 23224
alloc_pos 23292
alloc_pos 23552
alloc_pos 23776
alloc_pos 23848
alloc_pos 24060
alloc_pos 24320
alloc_pos 24572
alloc_pos 24736
alloc_pos 24872
alloc_pos 25120
alloc_pos 25176
alloc_pos 25220
alloc_pos 25280
alloc_pos 25528
alloc_pos 25628
alloc_pos 25736
alloc_pos 25856
alloc_pos 25896
alloc_pos 25932
alloc_pos 26096
alloc_pos 26260
alloc_pos 26460
alloc_pos 26572
alloc_pos 26712
alloc_pos 26748
alloc_pos 26820
alloc_pos 26912
alloc_pos 27108
alloc_pos 27340
alloc_pos 27444
alloc_pos 27488
alloc_pos 27580
alloc_pos 27840
alloc_pos 27900
alloc_pos 27988
alloc_pos 28128
alloc_pos 28204
alloc_pos 28336
alloc_pos 28388
alloc_pos 28544
alloc_pos 28772
alloc_pos 29024
alloc_pos 29128
alloc_pos 29212
alloc_pos 29260
alloc_pos 29352
alloc_pos 29540
alloc_pos 29788
alloc_pos 29856
alloc_pos 29880
alloc_pos 29904
alloc_pos 30088
alloc_pos 30212
alloc_pos 30452
alloc_pos 30632
alloc_pos 30772
alloc_pos 30960
alloc_pos 31128
alloc_pos 31160
alloc_pos 31388
alloc_pos 31496
alloc_pos 31580
alloc_pos 31804
alloc_pos 31896
alloc_pos 32040
alloc_pos 32232
alloc_pos 32304
alloc_pos 32468
alloc_pos 32640
alloc_pos 32800
alloc_pos 32904
alloc_pos 33012
alloc_pos 33040
alloc_pos 33300
alloc_pos 33356
alloc_pos 33452
alloc_pos 33564
alloc_pos 33760
alloc_pos 33876
alloc_pos 34128
alloc_pos 34252
alloc_pos 34376
alloc_pos 34560
alloc_pos 34596
alloc_pos 34808
alloc_pos 34888
alloc_pos 35044
alloc_pos 35084
alloc_pos 35160
alloc_pos 35220
alloc_pos 35412
alloc_pos 35464
alloc_pos 35524
alloc_pos 35632
alloc_pos 35684
alloc_pos 35800
alloc_pos 35828
alloc_pos 35964
alloc_pos 36208
alloc_pos 36400
alloc_pos 36472
alloc_pos 36668
alloc_pos 36860
alloc_pos 37056
alloc_pos 37288
alloc_pos 37404
alloc_pos 37556
alloc_pos 37748
alloc_pos 37932
alloc_pos 38096
alloc_pos 38172
alloc_pos 38228
alloc_pos 38368
alloc_pos 38528
alloc_pos 38692
alloc_pos 38796
alloc_pos 38896
alloc_pos 39092
alloc_pos 39192
alloc_pos 39364
alloc_pos 39604
alloc_pos 39676
alloc_pos 39932
alloc_pos 40092
alloc_pos 40352
alloc_pos 40464
alloc_pos 40604
alloc_pos 40640
alloc_pos 40832
alloc_pos 40984
alloc_pos 41060
alloc_pos 41236
alloc_pos 41316
alloc_pos 41572
alloc_pos 41668
alloc_pos 41816
alloc_pos 42016
alloc_pos 42240
alloc_pos 42316
alloc_pos 42424
alloc_pos 42560
alloc_pos 42600
alloc_pos 42688
alloc_pos 42760
alloc_pos 42824
alloc_pos 42868
alloc_pos 43004
alloc_pos 43224
alloc_pos 43384
alloc_pos 43500
alloc_pos 43572
alloc_pos 43716
alloc_pos 43940
alloc_pos 44044
alloc_pos 44128
alloc_pos 44312
alloc_pos 44536
alloc_pos 44660
alloc_pos 44792
alloc_pos 44868
alloc_pos 44908
alloc_pos 45040
alloc_pos 45180
alloc_pos 45280
alloc_pos 45356
alloc_pos 45408
alloc_pos 45596
alloc_pos 45828
alloc_pos 46008
alloc_pos 46204
alloc_pos 46312
alloc_pos 46504
alloc_pos 46744
alloc_pos 46992
alloc_pos 47084
alloc_pos 47208
alloc_pos 47432
alloc_pos 47552
alloc_pos 47632
alloc_pos 47764
alloc_pos 47804
alloc_pos 47928
alloc_pos 48140
alloc_pos 48332
alloc_pos 48460
alloc_pos 48484
alloc_pos 48728
alloc_pos 48868
alloc_pos 48944
alloc_pos 49104
alloc_pos 49152
alloc_pos 49264
alloc_pos 49488
alloc_pos 49516
alloc_pos 49632
alloc_pos 49836
alloc_pos 49952
alloc_pos 49976
alloc_pos 50064
alloc_pos 50232
alloc_pos 50464
alloc_pos 50524
alloc_pos 50556
alloc_pos 50688
alloc_pos 50756
alloc_pos 50848
alloc_pos 50888
alloc_pos 51104
alloc_pos 51164
alloc_pos 51288
alloc_pos 51484
alloc_pos 51692
alloc_pos 51924
alloc_pos 52040
alloc_pos 52292
alloc_pos 52480
alloc_pos 52648
alloc_pos 52792
alloc_pos 52856
alloc_pos 53004
alloc_pos 53244
alloc_pos 53492
alloc_pos 53644
alloc_pos 53744
alloc_pos 53988
alloc_pos 54232
alloc_pos 54300
alloc_pos 54500
alloc_pos 54656
alloc_pos 54852
alloc_pos 55096
alloc_pos 55120
alloc_pos 55164
alloc_pos 55204
alloc_pos 55236
alloc_pos 55404
alloc_pos 55516
alloc_pos 55676
alloc_pos 55940
alloc_pos 56140
alloc_pos 56388
alloc_pos 56524
alloc_pos 56760
alloc_pos 56992
alloc_pos 57044
alloc_pos 57240
alloc_pos 57444
alloc_pos 57624
alloc_pos 57844
alloc_pos 58020
alloc_pos 58248
alloc_pos 58388
alloc_pos 58612
alloc_pos 58796
alloc_pos 58852
alloc_pos 59048
alloc_pos 59116
alloc_pos 59376
alloc_pos 59600
alloc_pos 59672
alloc_pos 59884
alloc_pos 60144
alloc_pos 60396
alloc_pos 60560
alloc_pos 60696
alloc_pos 60944
alloc_pos 61000
alloc_pos 61044
alloc_pos 61104
alloc_pos 61352
alloc_pos 61452
alloc_pos 61560
alloc_pos 61680
alloc_pos 61720
alloc_pos 61756
alloc_pos 61920
alloc_pos 62084
alloc_pos 62284
alloc_pos 62396
alloc_pos 62536
alloc_pos 62572
alloc_pos 62644
alloc_pos 62736
alloc_pos 62932
alloc_pos 63164
alloc_pos 63268
alloc_pos 63312
alloc_pos 63404
alloc_pos 63664
alloc_pos 63724
alloc_pos 63812
alloc_pos 63952
alloc_pos 64028
alloc_pos 64160
alloc_pos 64212
alloc_pos 64368
alloc_pos 64596
alloc_pos 64848
alloc_pos 64952
alloc_pos 65036
alloc_pos 65084
alloc_pos 65176
alloc_pos 65364
alloc_pos 65612
alloc_pos 65680
alloc_pos 65704
alloc_pos 65728
alloc_pos 65912
alloc_pos 66036
alloc_pos 66276
alloc_pos 66456
alloc_pos 66596
alloc_pos 66784
alloc_pos 66952
alloc_pos 66984
alloc_pos 67212
alloc_pos 67320
alloc_pos 67404
alloc_pos 67628
alloc_pos 67720
alloc_pos 67864
alloc_pos 68056
alloc_pos 68128
alloc_pos 68292
alloc_pos 68464
alloc_pos 68624
alloc_pos 68728
alloc_pos 68836
alloc_pos 68864
alloc_pos 69124
alloc_pos 69180
alloc_pos 69276
alloc_pos 69388
alloc_pos 69584
alloc_pos 69700
alloc_pos 69952
alloc_pos 70076
alloc_pos 70200
alloc_pos 70384
alloc_pos 70420
alloc_pos 70632
alloc_pos 70712
alloc_pos 70868
alloc_pos 70908
alloc_pos 70984
alloc_pos 71044
alloc_pos 71236
alloc_pos 71288
alloc_pos 71348
alloc_pos 71456
alloc_pos 71508
alloc_pos 71624
alloc_pos 71652
alloc_pos 71788
alloc_pos 72032
alloc_pos 72224
alloc_pos 72296
alloc_pos 72492
alloc_pos 72684
alloc_pos 72880
alloc_pos 73112
alloc_pos 73228
alloc_pos 73380
alloc_pos 73572
alloc_pos 73756
alloc_pos 73920
alloc_pos 73996
alloc_pos 74052
alloc_pos 74192
alloc_pos 74352
alloc_pos 74516
alloc_pos 74620
alloc_pos 74720
alloc_pos 74916
alloc_pos 75016
alloc_pos 75188
alloc_pos 75428
alloc_pos 75500
alloc_pos 75756
alloc_pos 75916
alloc_pos 76176
alloc_pos 76288
alloc_pos 76428
alloc_pos 76464
alloc_pos 76656
alloc_pos 76808
alloc_pos 76884
alloc_pos 77060
alloc_pos 77140
alloc_pos 77396
alloc_pos 77492
alloc_pos 77640
alloc_pos 77840
alloc_pos 78064
alloc_pos 78140
alloc_pos 78248
alloc_pos 78384
alloc_pos 78424
alloc_pos 78512
alloc_pos 78584
alloc_pos 78648
alloc_pos 78692
alloc_pos 78828
alloc_pos 79048
alloc_pos 79208
alloc_pos 79324
alloc_pos 79396
alloc_pos 79540
alloc_pos 79764
alloc_pos 79868
alloc_pos 79952
alloc_pos 80136
alloc_pos 80360
alloc_pos 80484
alloc_pos 80616
alloc_pos 80692
alloc_pos 80732
alloc_pos 80864
alloc_pos 81004
alloc_pos 81104
alloc_pos 81180
alloc_pos 81232
alloc_pos 81420
alloc_pos 81652
alloc_pos 81832
alloc_pos 82028
alloc_pos 82136
alloc_pos 82328
alloc_pos 82568
alloc_pos 82816
alloc_pos 82908
alloc_pos 83032
alloc_pos 83256
alloc_pos 83376
alloc_pos 83456
alloc_pos 83588
alloc_pos 83628
alloc_pos 83752
alloc_pos 83964
alloc_pos 84156
alloc_pos 84284
alloc_pos 84308
alloc_pos 84552
alloc_pos 84692
alloc_pos 84768
alloc_pos 84928
alloc_pos 84976
alloc_pos 85088
alloc_pos 85312
alloc_pos 85340
alloc_pos 85456
alloc_pos 85660
alloc_pos 85776
alloc_pos 85800
alloc_pos 85888
alloc_pos 86056
alloc_pos 86288
alloc_pos 86348
alloc_pos 86380
alloc_pos 86512
alloc_pos 86580
alloc_pos 86672
alloc_pos 86712
alloc_pos 86928
alloc_pos 86988
alloc_pos 87112
alloc_pos 87308
alloc_pos 87516
alloc_pos 87748
alloc_pos 87864
alloc_pos 88116
alloc_pos 88304
alloc_pos 88472
alloc_pos 88616
alloc_pos 88680
alloc_pos 88828
alloc_pos 89068
alloc_pos 89316
alloc_pos 89468
alloc_pos 89568
alloc_pos 89812
alloc_pos 90056
alloc_pos 90124
alloc_pos 90324
alloc_pos 90480
alloc_pos 90676
alloc_pos 90920
alloc_pos 90944
alloc_pos 90988
alloc_pos 91028
alloc_pos 91060
alloc_pos 91228
alloc_pos 91340
alloc_pos 91500
alloc_pos 91764
alloc_pos 91964
alloc_pos 92212
alloc_pos 92348
alloc_pos 92584
alloc_pos 92816
alloc_pos 92868
alloc_pos 93064
alloc_pos 93268
alloc_pos 93448
alloc_pos 93668
alloc_pos 93844
alloc_pos 94072
alloc_pos 94212
alloc_pos 94436
alloc_pos 94620
alloc_pos 94676
alloc_pos 94872
alloc_pos 94940
alloc_pos 95200
alloc_pos 95424
alloc_pos 95496
alloc_pos 95708
alloc_pos 95968
alloc_pos 96220
alloc_pos 96384
alloc_pos 96520
alloc_pos 96768
alloc_pos 96824
alloc_pos 96868
alloc_pos 96928
alloc_pos 97176
alloc_pos 97276
alloc_pos 97384
alloc_pos 97504
alloc_pos 97544
alloc_pos 97580
alloc_pos 97744
alloc_pos 97908
alloc_pos 98108
alloc_pos 98220
alloc_pos 98360
alloc_pos 98396
alloc_pos 98468
alloc_pos 98560
alloc_pos 98756
alloc_pos 98988
alloc_pos 99092
alloc_pos 99136
alloc_pos 99228
alloc_pos 99488
alloc_pos 99548
alloc_pos 99636
alloc_pos 99776
alloc_pos 99852
alloc_pos 99984
alloc_pos 100036
alloc_pos 100192
alloc_pos 100420
alloc_pos 100672
alloc_pos 100776
alloc_pos 100860
alloc_pos 100908
alloc_pos 101000
alloc_pos 101188
alloc_pos 101436
alloc_pos 101504
alloc_pos 101528
alloc_pos 101552
alloc_pos 101736
alloc_pos 101860
alloc_pos 102100
alloc_pos 102280
alloc_pos 102420
alloc_pos 102608
alloc_pos 102776
alloc_pos 102808
alloc_pos 103036
alloc_pos 103144
alloc_pos 103228
alloc_pos 103452
alloc_pos 103544
alloc_pos 103688
alloc_pos 103880
alloc_pos 103952
alloc_pos 104116
alloc_pos 104288
alloc_pos 104448
alloc_pos 104552
alloc_pos 104660
alloc_pos 104688
alloc_pos 104948
alloc_pos 105004
alloc_pos 105100
alloc_pos 105212
alloc_pos 105408
alloc_pos 105524
alloc_pos 105776
alloc_pos 105900
alloc_pos 106024
alloc_pos 106208
alloc_pos 106244
alloc_pos 106456
alloc_pos 106536
alloc_pos 106692
alloc_pos 106732
alloc_pos 106808
alloc_pos 106868
alloc_pos 107060
alloc_pos 107112
alloc_pos 107172
alloc_pos 107280
alloc_pos 107332
alloc_pos 107448
alloc_pos 107476
alloc_pos 107612
alloc_pos 107856
alloc_pos 108048
alloc_pos 108120
alloc_pos 108316
alloc_pos 108508
alloc_pos 108704
alloc_pos 108936
alloc_pos 109052
alloc_pos 109204
alloc_pos 109396
alloc_pos 109580
alloc_pos 109744
alloc_pos 109820
alloc_pos 109876
alloc_pos 110016
alloc_pos 110176
alloc_pos 110340
alloc_pos 110444
alloc_pos 110544
alloc_pos 110740
alloc_pos 110840
alloc_pos 111012
alloc_pos 111252
alloc_pos 111324
alloc_pos 111580
alloc_pos 111740
alloc_pos 112000
alloc_pos 112112
alloc_pos 112252
alloc_pos 112288
alloc_pos 112480
alloc_pos 112632
alloc_pos 112708
alloc_pos 112884
alloc_pos 112964
alloc_pos 113220
alloc_pos 113316
alloc_pos 113464
alloc_pos 113664
alloc_pos 113888
alloc_pos 113964
alloc_pos 114072
alloc_pos 114208
alloc_pos 114248
alloc_pos 114336
alloc_pos 114408
alloc_pos 114472
alloc_pos 114516
alloc_pos 114652
alloc_pos 114872
alloc_pos 115032
alloc_pos 115148
alloc_pos 115220
alloc_pos 115364
alloc_pos 115588
alloc_pos 115692
alloc_pos 115776
alloc_pos 115960
alloc_pos 116184
alloc_pos 116308
alloc_pos 116440
alloc_pos 116516
alloc_pos 116556
alloc_pos 116688
alloc_pos 116828
alloc_pos 116928
alloc_pos 117004
alloc_pos 117056
alloc_pos 117244
alloc_pos 117476
alloc_pos 117656
alloc_pos 117852
alloc_pos 117960
alloc_pos 118152
alloc_pos 118392
alloc_pos 118640
alloc_pos 118732
alloc_pos 118856
alloc_pos 119080
alloc_pos 119200
alloc_pos 119280
alloc_pos 119412
alloc_pos 119452
alloc_pos 119576
alloc_pos 119788
alloc_pos 119980
alloc_pos 120108
alloc_pos 120132
alloc_pos 120376
alloc_pos 120516
alloc_pos 120592
alloc_pos 120752
alloc_pos 120800
alloc_pos 120912
alloc_pos 121136
alloc_pos 121164
alloc_pos 121280
alloc_pos 121484
alloc_pos 121600
alloc_pos 121624
alloc_pos 121712
alloc_pos 121880
alloc_pos 122112
alloc_pos 122172
alloc_pos 122204
alloc_pos 122336
alloc_pos 122404
alloc_pos 122496
alloc_pos 122536
alloc_pos 122752
alloc_pos 122812
alloc_pos 122936
alloc_pos 123132
alloc_pos 123340
alloc_pos 123572
alloc_pos 123688
alloc_pos 123940
alloc_pos 124128
alloc_pos 124296
alloc_pos 124440
alloc_pos 124504
alloc_pos 124652
alloc_pos 124892
alloc_pos 125140
alloc_pos 125292
alloc_pos 125392
alloc_pos 125636
alloc_pos 125880
alloc_pos 125948
alloc_pos 126148
alloc_pos 126304
alloc_pos 126500
alloc_pos 126744
alloc_pos 126768
alloc_pos 126812
alloc_pos 126852
alloc_pos 126884
alloc_pos 127052
alloc_pos 127164
alloc_pos 127324
alloc_pos 127588
alloc_pos 127788
alloc_pos 128036
alloc_pos 128172
alloc_pos 128408
alloc_pos 128640
alloc_pos 128692
alloc_pos 128888
alloc_pos 129092
alloc_pos 129272
alloc_pos 129492
alloc_pos 129668
alloc_pos 129896
alloc_pos 130036
alloc_pos 130260
alloc_pos 130444
alloc_pos 130500
alloc_pos 130696
alloc_pos 130764
alloc_pos 131024
alloc_pos 131248
alloc_pos 131320
alloc_pos 131532
alloc_pos 131792
alloc_pos 132044
alloc_pos 132208
alloc_pos 132344
alloc_pos 132592
alloc_pos 132648
alloc_pos 132692
alloc_pos 132752
alloc_pos 133000
alloc_pos 133100
alloc_pos 133208
alloc_pos 133328
alloc_pos 133368
alloc_pos 133404
alloc_pos 133568
alloc_pos 133732
alloc_pos 133932
alloc_pos 134044
alloc_pos 134184
alloc_pos 134220
alloc_pos 134292
alloc_pos 134384
alloc_pos 134580
alloc_pos 134812
alloc_pos 134916
alloc_pos 134960
alloc_pos 135052
alloc_pos 135312
alloc_pos 135372
alloc_pos 135460
alloc_pos 135600
alloc_pos 135676
alloc_pos 135808
alloc_pos 135860
alloc_pos 136016
alloc_pos 136244
alloc_pos 136496
alloc_pos 136600
alloc_pos 136684
alloc_pos 136732
alloc_pos 136824
alloc_pos 137012
alloc_pos 137260
alloc_pos 137328
alloc_pos 137352
alloc_pos 137376
alloc_pos 137560
alloc_pos 137684
alloc_pos 137924
alloc_pos 138104
alloc_pos 138244
alloc_pos 138432
alloc_pos 138600
alloc_pos 138632
alloc_pos 138860
alloc_pos 138968
alloc_pos 139052
alloc_pos 139276
alloc_pos 139368
alloc_pos 139512
alloc_pos 139704
alloc_pos 139776
alloc_pos 139940
alloc_pos 140112
alloc_pos 140272
alloc_pos 140376
alloc_pos 140484
alloc_pos 140512
alloc_pos 140772
alloc_pos 140828
alloc_pos 140924
alloc_pos 141036
alloc_pos 141232
alloc_pos 141348
alloc_pos 141600
alloc_pos 141724
alloc_pos 141848
alloc_pos 142032
alloc_pos 142068
alloc_pos 142280
alloc_pos 142360
alloc_pos 142516
alloc_pos 142556
alloc_pos 142632
alloc_pos 142692
alloc_pos 142884
alloc_pos 142936
alloc_pos 142996
alloc_pos 143104
alloc_pos 143156
alloc_pos 143272
alloc_pos 143300
alloc_pos 143436
alloc_pos 143680
alloc_pos 143872
alloc_pos 143944
alloc_pos 144140
alloc_pos 144332
alloc_pos 144528
alloc_pos 144760
alloc_pos 144876
alloc_pos 145028
alloc_pos 145220
alloc_pos 145404
alloc_pos 145568
alloc_pos 145644
alloc_pos 145700
alloc_pos 145840
alloc_pos 146000
alloc_pos 146164
alloc_pos 146268
alloc_pos 146368
alloc_pos 146564
alloc_pos 146664
alloc_pos 146836
alloc_pos 147076
alloc_pos 147148
alloc_pos 147404
alloc_pos 147564
alloc_pos 147824
alloc_pos 147936
alloc_pos 148076
alloc_pos 148112
alloc_pos 148304
alloc_pos 148456
alloc_pos 148532
alloc_pos 148708
alloc_pos 148788
alloc_pos 149044
alloc_pos 149140
alloc_pos 149288
alloc_pos 149488
alloc_pos 149712
alloc_pos 149788
alloc_pos 149896
alloc_pos 150032
alloc_pos 150072
alloc_pos 150160
alloc_pos 150232
alloc_pos 150296
alloc_pos 150340
alloc_pos 150476
alloc_pos 150696
alloc_pos 150856
alloc_pos 150972
alloc_pos 151044
alloc_pos 151188
alloc_pos 151412
alloc_pos 151516
alloc_pos 151600
alloc_pos 151784
alloc_pos 152008
alloc_pos 152132
alloc_pos 152264
alloc_pos 152340
alloc_pos 152380
alloc_pos 152512
alloc_pos 152652
alloc_pos 152752
alloc_pos 152828
alloc_pos 152880
alloc_pos 153068
alloc_pos 153300
alloc_pos 153480
alloc_pos 153676
alloc_pos 153784
alloc_pos 153976
alloc_pos 154216
alloc_pos 154464
alloc_pos 154556
alloc_pos 154680
alloc_pos 154904
alloc_pos 155024
alloc_pos 155104
alloc_pos 155236
alloc_pos 155276
alloc_pos 155400
alloc_pos 155612
alloc_pos 155804
alloc_pos 155932
alloc_pos 155956
alloc_pos 156200
alloc_pos 156340
alloc_pos 156416
alloc_pos 156576
alloc_pos 156624
alloc_pos 156736
alloc_pos 156960
alloc_pos 156988
alloc_pos 157104
alloc_pos 157308
alloc_pos 157424
alloc_pos 157448
alloc_pos 157536
alloc_pos 157704
alloc_pos 157936
alloc_pos 157996
alloc_pos 158028
alloc_pos 158160
alloc_pos 158228
alloc_pos 158320
alloc_pos 158360
alloc_pos 158576
alloc_pos 158636
alloc_pos 158760
alloc_pos 158956
alloc_pos 159164
alloc_pos 159396
alloc_pos 159512
alloc_pos 159764
alloc_pos 159952
alloc_pos 160120
alloc_pos 160264
alloc_pos 160328
alloc_pos 160476
alloc_pos 160716
alloc_pos 160964
alloc_pos 161116
alloc_pos 161216
alloc_pos 161460
alloc_pos 161704
alloc_pos 161772
alloc_pos 161972
alloc_pos 162128
alloc_pos 162324
alloc_pos 162568
alloc_pos 162592
alloc_pos 162636
alloc_pos 162676
alloc_pos 162708
alloc_pos 162876
alloc_pos 162988
alloc_pos 163148
alloc_pos 163412
alloc_pos 163612
alloc_pos 163860
alloc_pos 163996
alloc_pos 164232
alloc_pos 164464
alloc_pos 164516
alloc_pos 164712
alloc_pos 164916
alloc_pos 165096
alloc_pos 165316
alloc_pos 165492
alloc_pos 165720
alloc_pos 165860
alloc_pos 166084
alloc_pos 166268
alloc_pos 166324
alloc_pos 166520
alloc_pos 166588
alloc_pos 166848
alloc_pos 167072
alloc_pos 167144
alloc_pos 167356
alloc_pos 167616
alloc_pos 167868
alloc_pos 168032
alloc_pos 168168
alloc_pos 168416
alloc_pos 168472
alloc_pos 168516
alloc_pos 168576
alloc_pos 168824
alloc_pos 168924
alloc_pos 169032
alloc_pos 169152
alloc_pos 169192
alloc_pos 169228
alloc_pos 169392
alloc_pos 169556
alloc_pos 169756
alloc_pos 169868
alloc_pos 170008
alloc_pos 170044
alloc_pos 170116
alloc_pos 170208
alloc_pos 170404
alloc_pos 170636
alloc_pos 170740
alloc_pos 170784
alloc_pos 170876
alloc_pos 171136
alloc_pos 171196
alloc_pos 171284
alloc_pos 171424
alloc_pos 171500
alloc_pos 171632
alloc_pos 171684
alloc_pos 171840
alloc_pos 172068
alloc_pos 172320
alloc_pos 172424
alloc_pos 172508
alloc_pos 172556
alloc_pos 172648
alloc_pos 172836
alloc_pos 173084
alloc_pos 173152
alloc_pos 173176
alloc_pos 173200
alloc_pos 173384
alloc_pos 173508
alloc_pos 173748
alloc_pos 173928
alloc_pos 174068
alloc_pos 174256
alloc_pos 174424
alloc_pos 174456
alloc_pos 174684
alloc_pos 174792
alloc_pos 174876
alloc_pos 175100
alloc_pos 175192
alloc_pos 175336
alloc_pos 175528
alloc_pos 175600
alloc_pos 175764
alloc_pos 175936
alloc_pos 176096
alloc_pos 176200
alloc_pos 176308
alloc_pos 176336
alloc_pos 176596
alloc_pos 176652
alloc_pos 176748
alloc_pos 176860
alloc_pos 177056
alloc_pos 177172
alloc_pos 177424
alloc_pos 177548
alloc_pos 177672
alloc_pos 177856
alloc_pos 177892
alloc_pos 178104
alloc_pos 178184
alloc_pos 178340
alloc_pos 178380
alloc_pos 178456
alloc_pos 178516
alloc_pos 178708
alloc_pos 178760
alloc_pos 178820
alloc_pos 178928
alloc_pos 178980
alloc_pos 179096
alloc_pos 179124
alloc_pos 179260
alloc_pos 179504
alloc_pos 179696
alloc_pos 179768
alloc_pos 179964
alloc_pos 180156
alloc_pos 180352
alloc_pos 180584
alloc_pos 180700
alloc_pos 180852
alloc_pos 181044
alloc_pos 181228
alloc_pos 181392
alloc_pos 181468
alloc_pos 181524
alloc_pos 181664
alloc_pos 181824
alloc_pos 181988
alloc_pos 182092
alloc_pos 182192
alloc_pos 182388
alloc_pos 182488
alloc_pos 182660
alloc_pos 182900
alloc_pos 182972
alloc_pos 183228
alloc_pos 183388
alloc_pos 183648
alloc_pos 183760
alloc_pos 183900
alloc_pos 183936
alloc_pos 184128
alloc_pos 184280
alloc_pos 184356
alloc_pos 184532
alloc_pos 184612
alloc_pos 184868
alloc_pos 184964
alloc_pos 185112
alloc_pos 185312
alloc_pos 185536
alloc_pos 185612
alloc_pos 185720
alloc_pos 185856
alloc_pos 185896
alloc_pos 185984
alloc_pos 186056
alloc_pos 186120
alloc_pos 186164
alloc_pos 186300
alloc_pos 186520
alloc_pos 186680
alloc_pos 186796
alloc_pos 186868
alloc_pos 187012
alloc_pos 187236
alloc_pos 187340
alloc_pos 187424
alloc_pos 187608
alloc_pos 187832
alloc_pos 187956
alloc_pos 188088
alloc_pos 188164
alloc_pos 188204
alloc_pos 188336
alloc_pos 188476
alloc_pos 188576
alloc_pos 188652
alloc_pos 188704
alloc_pos 188892
alloc_pos 189124
alloc_pos 189304
alloc_pos 189500
alloc_pos 189608
alloc_pos 189800
alloc_pos 190040
alloc_pos 190288
alloc_pos 190380
alloc_pos 190504
alloc_pos 190728
alloc_pos 190848
alloc_pos 190928
alloc_pos 191060
alloc_pos 191100
alloc_pos 191224
alloc_pos 191436
alloc_pos 191628
alloc_pos 191756
alloc_pos 191780
alloc_pos 192024
alloc_pos 192164
alloc_pos 192240
alloc_pos 192400
alloc_pos 192448
alloc_pos 192560
alloc_pos 192784
alloc_pos 192812
alloc_pos 192928
alloc_pos 193132
alloc_pos 193248
alloc_pos 193272
alloc_pos 193360
alloc_pos 193528
alloc_pos 193760
alloc_pos 193820
alloc_pos 193852
alloc_pos 193984
alloc_pos 194052
alloc_pos 194144
alloc_pos 194184
alloc_pos 194400
alloc_pos 194460
alloc_pos 194584
alloc_pos 194780
alloc_pos 194988
alloc_pos 195220
alloc_pos 195336
alloc_pos 195588
alloc_pos 195776
alloc_pos 195944
alloc_pos 196088
alloc_pos 196152
alloc_pos 196300
alloc_pos 196540
alloc_pos 196788
alloc_pos 196940
alloc_pos 197040
alloc_pos 197284
alloc_pos 197528
alloc_pos 197596
alloc_pos 197796
alloc_pos 197952
alloc_pos 198148
alloc_pos 198392
alloc_pos 198416
alloc_pos 198460
alloc_pos 198500
alloc_pos 198532
alloc_pos 198700
alloc_pos 198812
alloc_pos 198972
alloc_pos 199236
alloc_pos 199436
alloc_pos 199684
alloc_pos 199820
alloc_pos 200056
alloc_pos 200288
alloc_pos 200340
alloc_pos 200536
alloc_pos 200740
alloc_pos 200920
alloc_pos 201140
alloc_pos 201316
alloc_pos 201544
alloc_pos 201684
alloc_pos 201908
alloc_pos 202092
alloc_pos 202148
alloc_pos 202344
alloc_pos 202412
alloc_pos 202672
alloc_pos 202896
alloc_pos 202968
alloc_pos 203180
alloc_pos 203440
alloc_pos 203692
alloc_pos 203856
alloc_pos 203992
alloc_pos 204240
alloc_pos 204296
alloc_pos 204340
alloc_pos 204400
alloc_pos 204648
alloc_pos 204748
alloc_pos 204856
alloc_pos 204976
alloc_pos 205016
alloc_pos 205052
alloc_pos 205216
alloc_pos 205380
alloc_pos 205580
alloc_pos 205692
alloc_pos 205832
alloc_pos 205868
alloc_pos 205940
alloc_pos 206032
alloc_pos 206228
alloc_pos 206460
alloc_pos 206564
alloc_pos 206608
alloc_pos 206700
alloc_pos 206960
alloc_pos 207020
alloc_pos 207108
alloc_pos 207248
alloc_pos 207324
alloc_pos 207456
alloc_pos 207508
alloc_pos 207664
alloc_pos 207892
alloc_pos 208144
alloc_pos 208248
alloc_pos 208332
alloc_pos 208380
alloc_pos 208472
alloc_pos 208660
alloc_pos 208908
alloc_pos 208976
alloc_pos 209000
alloc_pos 209024
alloc_pos 209208
alloc_pos 209332
alloc_pos 209572
alloc_pos 209752
alloc_pos 209892
alloc_pos 210080
alloc_pos 210248
alloc_pos 210280
alloc_pos 210508
alloc_pos 210616
alloc_pos 210700
alloc_pos 210924
alloc_pos 211016
alloc_pos 211160
alloc_pos 211352
alloc_pos 211424
alloc_pos 211588
alloc_pos 211760
alloc_pos 211920
alloc_pos 212024
alloc_pos 212132
alloc_pos 212160
alloc_pos 212420
alloc_pos 212476
alloc_pos 212572
alloc_pos 212684
alloc_pos 212880
alloc_pos 212996
alloc_pos 213248
alloc_pos 213372
alloc_pos 213496
alloc_pos 213680
alloc_pos 213716
alloc_pos 213928
alloc_pos 214008
alloc_pos 214164
alloc_pos 214204
alloc_pos 214280
alloc_pos 214340
alloc_pos 214532
alloc_pos 214584
alloc_pos 214644
alloc_pos 214752
alloc_pos 214804
alloc_pos 214920
alloc_pos 214948
alloc_pos 215084
alloc_pos 215328
alloc_pos 215520
alloc_pos 215592
alloc_pos 215788
alloc_pos 215980
alloc_pos 216176
alloc_pos 216408
alloc_pos 216524
alloc_pos 216676
alloc_pos 216868
alloc_pos 217052
alloc_pos 217216
alloc_pos 217292
alloc_pos 217348
alloc_pos 217488
alloc_pos 217648
alloc_pos 217812
alloc_pos 217916
alloc_pos 218016
alloc_pos 218212
alloc_pos 218312
alloc_pos 218484
alloc_pos 218724
alloc_pos 218796
alloc_pos 219052
alloc_pos 219212
alloc_pos 219472
alloc_pos 219584
alloc_pos 219724
alloc_pos 219760
alloc_pos 219952
alloc_pos 220104
alloc_pos 220180
alloc_pos 220356
alloc_pos 220436
alloc_pos 220692
alloc_pos 220788
alloc_pos 220936
alloc_pos 221136
alloc_pos 221360
alloc_pos 221436
alloc_pos 221544
alloc_pos 221680
alloc_pos 221720
alloc_pos 221808
alloc_pos 221880
alloc_pos 221944
alloc_pos 221988
alloc_pos 222124
alloc_pos 222344
alloc_pos 222504
alloc_pos 222620
alloc_pos 222692
alloc_pos 222836
alloc_pos 223060
alloc_pos 223164
alloc_pos 223248
alloc_pos 223432
alloc_pos 223656
alloc_pos 223780
alloc_pos 223912
alloc_pos 223988
alloc_pos 224028
alloc_pos 224160
alloc_pos 224300
alloc_pos 224400
alloc_pos 224476
alloc_pos 224528
alloc_pos 224716
alloc_pos 224948
alloc_pos 225128
alloc_pos 225324
alloc_pos 225432
alloc_pos 225624
alloc_pos 225864
alloc_pos 226112
alloc_pos 226204
alloc_pos 226328
alloc_pos 226552
alloc_pos 226672
alloc_pos 226752
alloc_pos 226884
alloc_pos 226924
alloc_pos 227048
alloc_pos 227260
alloc_pos 227452
alloc_pos 227580
alloc_pos 227604
alloc_pos 227848
alloc_pos 227988
alloc_pos 228064
alloc_pos 228224
alloc_pos 228272
alloc_pos 228384
alloc_pos 228608
alloc_pos 228636
alloc_pos 228752
alloc_pos 228956
alloc_pos 229072
alloc_pos 229096
alloc_pos 229184
alloc_pos 229352
alloc_pos 229584
alloc_pos 229644
alloc_pos 229676
alloc_pos 229808
alloc_pos 229876
alloc_pos 229968
alloc_pos 230008
alloc_pos 230224
alloc_pos 230284
alloc_pos 230408
alloc_pos 230604
alloc_pos 230812
alloc_pos 231044
alloc_pos 231160
alloc_pos 231412
alloc_pos 231600
alloc_pos 231768
alloc_pos 231912
alloc_pos 231976
alloc_pos 232124
alloc_pos 232364
alloc_pos 232612
alloc_pos 232764
alloc_pos 232864
alloc_pos 233108
alloc_pos 233352
alloc_pos 233420
alloc_pos 233620
alloc_pos 233776
alloc_pos 233972
alloc_pos 234216
alloc_pos 234240
alloc_pos 234284
alloc_pos 234324
alloc_pos 234356
alloc_pos 234524
alloc_pos 234636
alloc_pos 234796
alloc_pos 235060
alloc_pos 235260
alloc_pos 235508
alloc_pos 235644
alloc_pos 235880
alloc_pos 236112
alloc_pos 236164
alloc_pos 236360
alloc_pos 236564
alloc_pos 236744
alloc_pos 236964
alloc_pos 237140
alloc_pos 237368
alloc_pos 237508
alloc_pos 237732
alloc_pos 237916
alloc_pos 237972
alloc_pos 238168
alloc_pos 238236
alloc_pos 238496
alloc_pos 238720
alloc_pos 238792
alloc_pos 239004
alloc_pos 239264
alloc_pos 239516
alloc_pos 239680
alloc_pos 239816
alloc_pos 240064
alloc_pos 240120
alloc_pos 240164
alloc_pos 240224
alloc_pos 240472
alloc_pos 240572
alloc_pos 240680
alloc_pos 240800
alloc_pos 240840
alloc_pos 240876
alloc_pos 241040
alloc_pos 241204
alloc_pos 241404
alloc_pos 241516
alloc_pos 241656
alloc_pos 241692
alloc_pos 241764
alloc_pos 241856
alloc_pos 242052
alloc_pos 242284
alloc_pos 242388
alloc_pos 242432
alloc_pos 242524
alloc_pos 242784
alloc_pos 242844
alloc_pos 242932
alloc_pos 243072
alloc_pos 243148
alloc_pos 243280
alloc_pos 243332
alloc_pos 243488
alloc_pos 243716
alloc_pos 243968
alloc_pos 244072
alloc_pos 244156
alloc_pos 244204
alloc_pos 244296
alloc_pos 244484
alloc_pos 244732
alloc_pos 244800
alloc_pos 244824
alloc_pos 244848
alloc_pos 245032
alloc_pos 245156
alloc_pos 245396
alloc_pos 245576
alloc_pos 245716
alloc_pos 245904
alloc_pos 246072
alloc_pos 246104
alloc_pos 246332
alloc_pos 246440
alloc_pos 246524
alloc_pos 246748
alloc_pos 246840
alloc_pos 246984
alloc_pos 247176
alloc_pos 247248
alloc_pos 247412
alloc_pos 247584
alloc_pos 247744
alloc_pos 247848
alloc_pos 247956
alloc_pos 247984
alloc_pos 248244
alloc_pos 248300
alloc_pos 248396
alloc_pos 248508
alloc_pos 248704
alloc_pos 248820
alloc_pos 249072
alloc_pos 249196
alloc_pos 249320
alloc_pos 249504
alloc_pos 249540
alloc_pos 249752
alloc_pos 249832
alloc_pos 249988
alloc_pos 250028
alloc_pos 250104
alloc_pos 250164
alloc_pos 250356
alloc_pos 250408
alloc_pos 250468
alloc_pos 250576
alloc_pos 250628
alloc_pos 250744
alloc_pos 250772
alloc_pos 250908
alloc_pos 251152
alloc_pos 251344
alloc_pos 251416
alloc_pos 251612
alloc_pos 251804
alloc_pos 252000
alloc_pos 252232
alloc_pos 252348
alloc_pos 252500
alloc_pos 252692
alloc_pos 252876
alloc_pos 253040
alloc_pos 253116
alloc_pos 253172
alloc_pos 253312
alloc_pos 253472
alloc_pos 253636
alloc_pos 253740
alloc_pos 253840
alloc_pos 254036
alloc_pos 254136
alloc_pos 254308
alloc_pos 254548
alloc_pos 254620
alloc_pos 254876
alloc_pos 255036
alloc_pos 255296
alloc_pos 255408
alloc_pos 255548
alloc_pos 255584
alloc_pos 255776
alloc_pos 255928
alloc_pos 256004
alloc_pos 256180
alloc_pos 256260
alloc_pos 256516
alloc_pos 256612
alloc_pos 256760
alloc_pos 256960
alloc_pos 257184
alloc_pos 257260
alloc_pos 257368
alloc_pos 257504
alloc_pos 257544
alloc_pos 257632
alloc_pos 257704
alloc_pos 257768
alloc_pos 257812
alloc_pos 257948
alloc_pos 258168
alloc_pos 258328
alloc_pos 258444
alloc_pos 258516
alloc_pos 258660
alloc_pos 258884
alloc_pos 258988
alloc_pos 259072
alloc_pos 259256
alloc_pos 259480
alloc_pos 259604
alloc_pos 259736
alloc_pos 259812
alloc_pos 259852
alloc_pos 259984
alloc_pos 260124
alloc_pos 260224
alloc_pos 260300
alloc_pos 260352
alloc_pos 260540
alloc_pos 260772
alloc_pos 260952
alloc_pos 261148
alloc_pos 261256
alloc_pos 261448
alloc_pos 261688
alloc_pos 261936
alloc_pos 262028
alloc_pos 262152
alloc_pos 262376
alloc_pos 262496
alloc_pos 262576
alloc_pos 262708
alloc_pos 262748
alloc_pos 262872
alloc_pos 263084
alloc_pos 263276
alloc_pos 263404
alloc_pos 263428
alloc_pos 263672
alloc_pos 263812
alloc_pos 263888
alloc_pos 264048
alloc_pos 264096
alloc_pos 264208
alloc_pos 264432
alloc_pos 264460
alloc_pos 264576
alloc_pos 264780
alloc_pos 264896
alloc_pos 264920
alloc_pos 265008
alloc_pos 265176
alloc_pos 265408
alloc_pos 265468
alloc_pos 265500
alloc_pos 265632
alloc_pos 265700
alloc_pos 265792
alloc_pos 265832
alloc_pos 266048
alloc_pos 266108
alloc_pos 266232
alloc_pos 266428
alloc_pos 266636
alloc_pos 266868
alloc_pos 266984
alloc_pos 267236
alloc_pos 267424
alloc_pos 267592
alloc_pos 267736
alloc_pos 267800
alloc_pos 267948
alloc_pos 268188
alloc_pos 268436
alloc_pos 268588
alloc_pos 268688
alloc_pos 268932
alloc_pos 269176
alloc_pos 269244
alloc_pos 269444
alloc_pos 269600
alloc_pos 269796
alloc_pos 270040
alloc_pos 270064
alloc_pos 270108
alloc_pos 270148
alloc_pos 270180
alloc_pos 270348
alloc_pos 270460
alloc_pos 270620
alloc_pos 270884
alloc_pos 271084
alloc_pos 271332
alloc_pos 271468
alloc_pos 271704
alloc_pos 271936
alloc_pos 271988
alloc_pos 272184
alloc_pos 272388
alloc_pos 272568
alloc_pos 272788
alloc_pos 272964
alloc_pos 273192
alloc_pos 273332
alloc_pos 273556
alloc_pos 273740
alloc_pos 273796
alloc_pos 273992
alloc_pos 274060
alloc_pos 274320
alloc_pos 274544
alloc_pos 274616
alloc_pos 274828
alloc_pos 275088
alloc_pos 275340
alloc_pos 275504
alloc_pos 275640
alloc_pos 275888
alloc_pos 275944
alloc_pos 275988
alloc_pos 276048
alloc_pos 276296
alloc_pos 276396
alloc_pos 276504
alloc_pos 276624
alloc_pos 276664
alloc_pos 276700
alloc_pos 276864
alloc_pos 277028
alloc_pos 277228
alloc_pos 277340
alloc_pos 277480
alloc_pos 277516
alloc_pos 277588
alloc_pos 277680
alloc_pos 277876
alloc_pos 278108
alloc_pos 278212
alloc_pos 278256
alloc_pos 278348
alloc_pos 278608
alloc_pos 278668
alloc_pos 278756
alloc_pos 278896
alloc_pos 278972
alloc_pos 279104
alloc_pos 279156
alloc_pos 279312
alloc_pos 279540
alloc_pos 279792
alloc_pos 279896
alloc_pos 279980
alloc_pos 280028
alloc_pos 280120
alloc_pos 280308
alloc_pos 280556
alloc_pos 280624
alloc_pos 280648
alloc_pos 280672
alloc_pos 280856
alloc_pos 280980
alloc_pos 281220
alloc_pos 281400
alloc_pos 281540
alloc_pos 281728
alloc_pos 281896
alloc_pos 281928
alloc_pos 282156
alloc_pos 282264
alloc_pos 282348
alloc_pos 282572
alloc_pos 282664
alloc_pos 282808
alloc_pos 283000
alloc_pos 283072
alloc_pos 283236
alloc_pos 283408
alloc_pos 283568
alloc_pos 283672
alloc_pos 283780
alloc_pos 283808
alloc_pos 284068
alloc_pos 284124
alloc_pos 284220
alloc_pos 284332
alloc_pos 284528
alloc_pos 284644
alloc_pos 284896
alloc_pos 285020
alloc_pos 285144
alloc_pos 285328
alloc_pos 285364
alloc_pos 285576
alloc_pos 285656
alloc_pos 285812
alloc_pos 285852
alloc_pos 285928
alloc_pos 285988
alloc_pos 286180
alloc_pos 286232
alloc_pos 286292
alloc_pos 286400
alloc_pos 286452
alloc_pos 286568
alloc_pos 286596
alloc_pos 286732
alloc_pos 286976
alloc_pos 287168
alloc_pos 287240
alloc_pos 287436
alloc_pos 287628
alloc_pos 287824
alloc_pos 288056
alloc_pos 288172
alloc_pos 288324
alloc_pos 288516
alloc_pos 288700
alloc_pos 288864
alloc_pos 288940
alloc_pos 288996
alloc_pos 289136
alloc_pos 289296
alloc_pos 289460
alloc_pos 289564
alloc_pos 289664
alloc_pos 289860
alloc_pos 289960
alloc_pos 290132
alloc_pos 290372
alloc_pos 290444
alloc_pos 290700
alloc_pos 290860
alloc_pos 291120
alloc_pos 291232
alloc_pos 291372
alloc_pos 291408
alloc_pos 291600
alloc_pos 291752
alloc_pos 291828
alloc_pos 292004
alloc_pos 292084
alloc_pos 292340
alloc_pos 292436
alloc_pos 292584
alloc_pos 292784
alloc_pos 293008
alloc_pos 293084
alloc_pos 293192
alloc_pos 293328
alloc_pos 293368
alloc_pos 293456
alloc_pos 293528
alloc_pos 293592
alloc_pos 293636
alloc_pos 293772
alloc_pos 293992
alloc_pos 294152
alloc_pos 294268
alloc_pos 294340
alloc_pos 294484
alloc_pos 294708
alloc_pos 294812
alloc_pos 294896
alloc_pos 295080
alloc_pos 295304
alloc_pos 295428
alloc_pos 295560
alloc_pos 295636
alloc_pos 295676
alloc_pos 295808
alloc_pos 295948
alloc_pos 296048
alloc_pos 296124
alloc_pos 296176
alloc_pos 296364
alloc_pos 296596
alloc_pos 296776
alloc_pos 296972
alloc_pos 297080
alloc_pos 297272
alloc_pos 297512
alloc_pos 297760
alloc_pos 297852
alloc_pos 297976
alloc_pos 298200
alloc_pos 298320
alloc_pos 298400
alloc_pos 298532
alloc_pos 298572
alloc_pos 298696
alloc_pos 298908
alloc_pos 299100
alloc_pos 299228
alloc_pos 299252
alloc_pos 299496
alloc_pos 299636
alloc_pos 299712
alloc_pos 299872
alloc_pos 299920
alloc_pos 300032
alloc_pos 300256
alloc_pos 300284
alloc_pos 300400
alloc_pos 300604
alloc_pos 300720
alloc_pos 300744
alloc_pos 300832
alloc_pos 301000
alloc_pos 301232
alloc_pos 301292
alloc_pos 301324
alloc_pos 301456
alloc_pos 301524
alloc_pos 301616
alloc_pos 301656
alloc_pos 301872
alloc_pos 301932
alloc_pos 302056
alloc_pos 302252
alloc_pos 302460
alloc_pos 302692
alloc_pos 302808
alloc_pos 303060
alloc_pos 303248
alloc_pos 303416
alloc_pos 303560
alloc_pos 303624
alloc_pos 303772
alloc_pos 304012
alloc_pos 304260
alloc_pos 304412
alloc_pos 304512
alloc_pos 304756
alloc_pos 305000
alloc_pos 305068
alloc_pos 305268
alloc_pos 305424
alloc_pos 305620
alloc_pos 305864
alloc_pos 305888
alloc_pos 305932
alloc_pos 305972
alloc_pos 306004
alloc_pos 306172
alloc_pos 306284
alloc_pos 306444
alloc_pos 306708
alloc_pos 306908
alloc_pos 307156
alloc_pos 307292
alloc_pos 307528
alloc_pos 307760
alloc_pos 307812
alloc_pos 308008
alloc_pos 308212
alloc_pos 308392
alloc_pos 308612
alloc_pos 308788
alloc_pos 309016
alloc_pos 309156
alloc_pos 309380
alloc_pos 309564
alloc_pos 309620
alloc_pos 309816
alloc_pos 309884
alloc_pos 310144
alloc_pos 310368
alloc_pos 310440
alloc_pos 310652
alloc_pos 310912
alloc_pos 311164
alloc_pos 311328
alloc_pos 311464
alloc_pos 311712
alloc_pos 311768
alloc_pos 311812
alloc_pos 311872
alloc_pos 312120
alloc_pos 312220
alloc_pos 312328
alloc_pos 312448
alloc_pos 312488
alloc_pos 312524
alloc_pos 312688
alloc_pos 312852
alloc_pos 313052
alloc_pos 313164
alloc_pos 313304
alloc_pos 313340
alloc_pos 313412
alloc_pos 313504
alloc_pos 313700
alloc_pos 313932
alloc_pos 314036
alloc_pos 314080
alloc_pos 314172
alloc_pos 314432
alloc_pos 314492
alloc_pos 314580
alloc_pos 314720
alloc_pos 314796
alloc_pos 314928
alloc_pos 314980
alloc_pos 315136
alloc_pos 315364
alloc_pos 315616
alloc_pos 315720
alloc_pos 315804
alloc_pos 315852
alloc_pos 315944
alloc_pos 316132
alloc_pos 316380
alloc_pos 316448
alloc_pos 316472
alloc_pos 316496
alloc_pos 316680
alloc_pos 316804
alloc_pos 317044
alloc_pos 317224
alloc_pos 317364
alloc_pos 317552
alloc_pos 317720
alloc_pos 317752
alloc_pos 317980
alloc_pos 318088
alloc_pos 318172
alloc_pos 318396
alloc_pos 318488
alloc_pos 318632
alloc_pos 318824
alloc_pos 318896
alloc_pos 319060
alloc_pos 319232
alloc_pos 319392
alloc_pos 319496
alloc_pos 319604
alloc_pos 319632
alloc_pos 319892
alloc_pos 319948
alloc_pos 320044
alloc_pos 320156
alloc_pos 320352
alloc_pos 320468
alloc_pos 320720
alloc_pos 320844
alloc_pos 320968
alloc_pos 321152
alloc_pos 321188
alloc_pos 321400
alloc_pos 321480
alloc_pos 321636
alloc_pos 321676
alloc_pos 321752
alloc_pos 321812
alloc_pos 322004
alloc_pos 322056
alloc_pos 322116
alloc_pos 322224
alloc_pos 322276
alloc_pos 322392
alloc_pos 322420
alloc_pos 322556
alloc_pos 322800
alloc_pos 322992
alloc_pos 323064
alloc_pos 323260
alloc_pos 323452
alloc_pos 323648
alloc_pos 323880
alloc_pos 323996
alloc_pos 324148
alloc_pos 324340
alloc_pos 324524
alloc_pos 324688
alloc_pos 324764
alloc_pos 324820
alloc_pos 324960
alloc_pos 325120
alloc_pos 325284
alloc_pos 325388
alloc_pos 325488
alloc_pos 325684
alloc_pos 325784
alloc_pos 325956
alloc_pos 326196
alloc_pos 326268
alloc_pos 326524
alloc_pos 326684
alloc_pos 326944
alloc_pos 327056
alloc_pos 327196
alloc_pos 327232
alloc_pos 327424
alloc_pos 327576
alloc_pos 327652
alloc_pos 327828
alloc_pos 327908
alloc_pos 328164
alloc_pos 328260
alloc_pos 328408
alloc_pos 328608
alloc_pos 328832
alloc_pos 328908
alloc_pos 329016
alloc_pos 329152
alloc_pos 329192
alloc_pos 329280
alloc_pos 329352
alloc_pos 329416
alloc_pos 329460
alloc_pos 329596
alloc_pos 329816
alloc_pos 329976
alloc_pos 330092
alloc_pos 330164
alloc_pos 330308
alloc_pos 330532
alloc_pos 330636
alloc_pos 330720
alloc_pos 330904
alloc_pos 331128
alloc_pos 331252
alloc_pos 331384
alloc_pos 331460
alloc_pos 331500
alloc_pos 331632
alloc_pos 331772
alloc_pos 331872
alloc_pos 331948
alloc_pos 332000
alloc_pos 332188
alloc_pos 332420
alloc_pos 332600
alloc_pos 332796
alloc_pos 332904
alloc_pos 333096
alloc_pos 333336
alloc_pos 333584
alloc_pos 333676
alloc_pos 333800
alloc_pos 334024
alloc_pos 334144
alloc_pos 334224
alloc_pos 334356
alloc_pos 334396
alloc_pos 334520
alloc_pos 334732
alloc_pos 334924
alloc_pos 335052
alloc_pos 335076
alloc_pos 335320
alloc_pos 335460
alloc_pos 335536
alloc_pos 335696
alloc_pos 335744
alloc_pos 335856
alloc_pos 336080
alloc_pos 336108
alloc_pos 336224
alloc_pos 336428
alloc_pos 336544
alloc_pos 336568
alloc_pos 336656
alloc_pos 336824
alloc_pos 337056
alloc_pos 337116
alloc_pos 337148
alloc_pos 337280
alloc_pos 337348
alloc_pos 337440
alloc_pos 337480
alloc_pos 337696
alloc_pos 337756
alloc_pos 337880
alloc_pos 338076
alloc_pos 338284
alloc_pos 338516
alloc_pos 338632
alloc_pos 338884
alloc_pos 339072
alloc_pos 339240
alloc_pos 339384
alloc_pos 339448
alloc_pos 339596
alloc_pos 339836
alloc_pos 340084
alloc_pos 340236
alloc_pos 340336
alloc_pos 340580
alloc_pos 340824
alloc_pos 340892
alloc_pos 341092
alloc_pos 341248
alloc_pos 341444
alloc_pos 341688
alloc_pos 341712
alloc_pos 341756
alloc_pos 341796
alloc_pos 341828
alloc_pos 341996
alloc_pos 342108
alloc_pos 342268
alloc_pos 342532
alloc_pos 342732
alloc_pos 342980
alloc_pos 343116
alloc_pos 343352
alloc_pos 343584
alloc_pos 343636
alloc_pos 343832
alloc_pos 344036
alloc_pos 344216
alloc_pos 344436
alloc_pos 344612
alloc_pos 344840
alloc_pos 344980
alloc_pos 345204
alloc_pos 345388
alloc_pos 345444
alloc_pos 345640
alloc_pos 345708
alloc_pos 345968
alloc_pos 346192
alloc_pos 346264
alloc_pos 346476
alloc_pos 346736
alloc_pos 346988
alloc_pos 347152
alloc_pos 347288
alloc_pos 347536
alloc_pos 347592
alloc_pos 347636
alloc_pos 347696
alloc_pos 347944
alloc_pos 348044
alloc_pos 348152
alloc_pos 348272
alloc_pos 348312
alloc_pos 348348
alloc_pos 348512
alloc_pos 348676
alloc_pos 348876
alloc_pos 348988
alloc_pos 349128
alloc_pos 349164
alloc_pos 349236
alloc_pos 349328
alloc_pos 349524
alloc_pos 349756
alloc_pos 349860
alloc_pos 349904
alloc_pos 349996
alloc_pos 350256
alloc_pos 350316
alloc_pos 350404
alloc_pos 350544
alloc_pos 350620
alloc_pos 350752
alloc_pos 350804
alloc_pos 350960
alloc_pos 351188
alloc_pos 351440
alloc_pos 351544
alloc_pos 351628
alloc_pos 351676
alloc_pos 351768
alloc_pos 351956
alloc_pos 352204
alloc_pos 352272
alloc_pos 352296
alloc_pos 352320
alloc_pos 352504
alloc_pos 352628
alloc_pos 352868
alloc_pos 353048
alloc_pos 353188
alloc_pos 353376
alloc_pos 353544
alloc_pos 353576
alloc_pos 353804
alloc_pos 353912
alloc_pos 353996
alloc_pos 354220
alloc_pos 354312
alloc_pos 354456
alloc_pos 354648
alloc_pos 354720
alloc_pos 354884
alloc_pos 355056
alloc_pos 355216
alloc_pos 355320
alloc_pos 355428
alloc_pos 355456
alloc_pos 355716
alloc_pos 355772
alloc_pos 355868
alloc_pos 355980
alloc_pos 356176
alloc_pos 356292
alloc_pos 356544
alloc_pos 356668
alloc_pos 356792
alloc_pos 356976
alloc_pos 357012
alloc_pos 357224
alloc_pos 357304
alloc_pos 357460
alloc_pos 357500
alloc_pos 357576
alloc_pos 357636
alloc_pos 357828
alloc_pos 357880
alloc_pos 357940
alloc_pos 358048
alloc_pos 358100
alloc_pos 358216
alloc_pos 358244
alloc_pos 358380
alloc_pos 358624
alloc_pos 358816
alloc_pos 358888
alloc_pos 359084
alloc_pos 359276
alloc_pos 359472
alloc_pos 359704
alloc_pos 359820
alloc_pos 359972
alloc_pos 360164
alloc_pos 360348
alloc_pos 360512
alloc_pos 360588
alloc_pos 360644
alloc_pos 360784
alloc_pos 360944
alloc_pos 361108
alloc_pos 361212
alloc_pos 361312
alloc_pos 361508
alloc_pos 361608
alloc_pos 361780
alloc_pos 362020
alloc_pos 362092
alloc_pos 362348
alloc_pos 362508
alloc_pos 362768
alloc_pos 362880
alloc_pos 363020
alloc_pos 363056
alloc_pos 363248
alloc_pos 363400
alloc_pos 363476
alloc_pos 363652
alloc_pos 363732
alloc_pos 363988
alloc_pos 364084
alloc_pos 364232
alloc_pos 364432
alloc_pos 364656
alloc_pos 364732
alloc_pos 364840
alloc_pos 364976
alloc_pos 365016
alloc_pos 365104
alloc_pos 365176
alloc_pos 365240
alloc_pos 365284
alloc_pos 365420
alloc_pos 365640
alloc_pos 365800
alloc_pos 365916
alloc_pos 365988
alloc_pos 366132
alloc_pos 366356
alloc_pos 366460
alloc_pos 366544
alloc_pos 366728
alloc_pos 366952
alloc_pos 367076
alloc_pos 367208
alloc_pos 367284
alloc_pos 367324
alloc_pos 367456
alloc_pos 367596
alloc_pos 367696
alloc_pos 367772
alloc_pos 367824
alloc_pos 368012
alloc_pos 368244
alloc_pos 368424
alloc_pos 368620
alloc_pos 368728
alloc_pos 368920
alloc_pos 369160
alloc_pos 369408
alloc_pos 369500
alloc_pos 369624
alloc_pos 369848
alloc_pos 369968
alloc_pos 370048
alloc_pos 370180
alloc_pos 370220
alloc_pos 370344
alloc_pos 370556
alloc_pos 370748
alloc_pos 370876
alloc_pos 370900
alloc_pos 371144
alloc_pos 371284
alloc_pos 371360
alloc_pos 371520
alloc_pos 371568
alloc_pos 371680
alloc_pos 371904
alloc_pos 371932
alloc_pos 372048
alloc_pos 372252
alloc_pos 372368
alloc_pos 372392
alloc_pos 372480
alloc_pos 372648
alloc_pos 372880
alloc_pos 372940
alloc_pos 372972
alloc_pos 373104
alloc_pos 373172
alloc_pos 373264
alloc_pos 373304
alloc_pos 373520
alloc_pos 373580
alloc_pos 373704
alloc_pos 373900
alloc_pos 374108
alloc_pos 374340
alloc_pos 374456
alloc_pos 374708
alloc_pos 374896
alloc_pos 375064
alloc_pos 375208
alloc_pos 375272
alloc_pos 375420
alloc_pos 375660
alloc_pos 375908
alloc_pos 376060
alloc_pos 376160
alloc_pos 376404
alloc_pos 376648
alloc_pos 376716
alloc_pos 376916
alloc_pos 377072
alloc_pos 377268
alloc_pos 377512
alloc_pos 377536
alloc_pos 377580
alloc_pos 377620
alloc_pos 377652
alloc_pos 377820
alloc_pos 377932
alloc_pos 378092
alloc_pos 378356
alloc_pos 378556
alloc_pos 378804
alloc_pos 378940
alloc_pos 379176
alloc_pos 379408
alloc_pos 379460
alloc_pos 379656
alloc_pos 379860
alloc_pos 380040
alloc_pos 380260
alloc_pos 380436
alloc_pos 380664
alloc_pos 380804
alloc_pos 381028
alloc_pos 381212
alloc_pos 381268
alloc_pos 381464
alloc_pos 381532
alloc_pos 381792
alloc_pos 382016
alloc_pos 382088
alloc_pos 382300
alloc_pos 382560
alloc_pos 382812
alloc_pos 382976
alloc_pos 383112
alloc_pos 383360
alloc_pos 383416
alloc_pos 383460
alloc_pos 383520
alloc_pos 383768
alloc_pos 383868
alloc_pos 383976
alloc_pos 384096
alloc_pos 384136
alloc_pos 384172
alloc_pos 384336
alloc_pos 384500
alloc_pos 384700
alloc_pos 384812
alloc_pos 384952
alloc_pos 384988
alloc_pos 385060
alloc_pos 385152
alloc_pos 385348
alloc_pos 385580
alloc_pos 385684
alloc_pos 385728
alloc_pos 385820
alloc_pos 386080
alloc_pos 386140
alloc_pos 386228
alloc_pos 386368
alloc_pos 386444
alloc_pos 386576
alloc_pos 386628
alloc_pos 386784
alloc_pos 387012
alloc_pos 387264
alloc_pos 387368
alloc_pos 387452
alloc_pos 387500
alloc_pos 387592
alloc_pos 387780
alloc_pos 388028
alloc_pos 388096
alloc_pos 388120
alloc_pos 388144
alloc_pos 388328
alloc_pos 388452
alloc_pos 388692
alloc_pos 388872
alloc_pos 389012
alloc_pos 389200
alloc_pos 389368
alloc_pos 389400
alloc_pos 389628
alloc_pos 389736
alloc_pos 389820
alloc_pos 390044
alloc_pos 390136
alloc_pos 390280
alloc_pos 390472
alloc_pos 390544
alloc_pos 390708
alloc_pos 390880
alloc_pos 391040
alloc_pos 391144
alloc_pos 391252
alloc_pos 391280
alloc_pos 391540
alloc_pos 391596
alloc_pos 391692
alloc_pos 391804
alloc_pos 392000
alloc_pos 392116
alloc_pos 392368
alloc_pos 392492
alloc_pos 392616
alloc_pos 392800
alloc_pos 392836
alloc_pos 393048
alloc_pos 393128
alloc_pos 393284
alloc_pos 393324
alloc_pos 393400
alloc_pos 393460
alloc_pos 393652
alloc_pos 393704
alloc_pos 393764
alloc_pos 393872
alloc_pos 393924
alloc_pos 394040
alloc_pos 394068
alloc_pos 394204
alloc_pos 394448
alloc_pos 394640
alloc_pos 394712
alloc_pos 394908
alloc_pos 395100
alloc_pos 395296
alloc_pos 395528
alloc_pos 395644
alloc_pos 395796
alloc_pos 395988
alloc_pos 396172
alloc_pos 396336
alloc_pos 396412
alloc_pos 396468
alloc_pos 396608
alloc_pos 396768
alloc_pos 396932
alloc_pos 397036
alloc_pos 397136
alloc_pos 397332
alloc_pos 397432
alloc_pos 397604
alloc_pos 397844
alloc_pos 397916
alloc_pos 398172
alloc_pos 398332
alloc_pos 398592
alloc_pos 398704
alloc_pos 398844
alloc_pos 398880
alloc_pos 399072
alloc_pos 399224
alloc_pos 399300
alloc_pos 399476
alloc_pos 399556
alloc_pos 399812
alloc_pos 399908
alloc_pos 400056
alloc_pos 400256
alloc_pos 400480
alloc_pos 400556
alloc_pos 400664
alloc_pos 400800
alloc_pos 400840
alloc_pos 400928
alloc_pos 401000
alloc_pos 401064
alloc_pos 401108
alloc_pos 401244
alloc_pos 401464
alloc_pos 401624
alloc_pos 401740
alloc_pos 401812
alloc_pos 401956
alloc_pos 402180
alloc_pos 402284
alloc_pos 402368
alloc_pos 402552
alloc_pos 402776
alloc_pos 402900
alloc_pos 403032
alloc_pos 403108
alloc_pos 403148
alloc_pos 403280
alloc_pos 403420
alloc_pos 403520
alloc_pos 403596
alloc_pos 403648
alloc_pos 403836
alloc_pos 404068
alloc_pos 404248
alloc_pos 404444
alloc_pos 404552
alloc_pos 404744
alloc_pos 404984
alloc_pos 405232
alloc_pos 405324
alloc_pos 405448
alloc_pos 405672
alloc_pos 405792
alloc_pos 405872
alloc_pos 406004
alloc_pos 406044
alloc_pos 406168
alloc_pos 406380
alloc_pos 406572
alloc_pos 406700
alloc_pos 406724
alloc_pos 406968
alloc_pos 407108
alloc_pos 407184
alloc_pos 407344
alloc_pos 407392
alloc_pos 407504
alloc_pos 407728
alloc_pos 407756
alloc_pos 407872
alloc_pos 408076
alloc_pos 408192
alloc_pos 408216
alloc_pos 408304
alloc_pos 408472
alloc_pos 408704
alloc_pos 408764
alloc_pos 408796
alloc_pos 408928
alloc_pos 408996
alloc_pos 409088
alloc_pos 409128
alloc_pos 409344
alloc_pos 409404
alloc_pos 409528
alloc_pos 409724
alloc_pos 409932
alloc_pos 410164
alloc_pos 410280
alloc_pos 410532
alloc_pos 410720
alloc_pos 410888
alloc_pos 411032
alloc_pos 411096
alloc_pos 411244
alloc_pos 411484
alloc_pos 411732
alloc_pos 411884
alloc_pos 411984
alloc_pos 412228
alloc_pos 412472
alloc_pos 412540
alloc_pos 412740
alloc_pos 412896
alloc_pos 413092
alloc_pos 413336
alloc_pos 413360
alloc_pos 413404
alloc_pos 413444
alloc_pos 413476
alloc_pos 413644
alloc_pos 413756
alloc_pos 413916
alloc_pos 414180
alloc_pos 414380
alloc_pos 414628
alloc_pos 414764
alloc_pos 415000
alloc_pos 415232
alloc_pos 415284
alloc_pos 415480
alloc_pos 415684
alloc_pos 415864
alloc_pos 416084
alloc_pos 416260
alloc_pos 416488
alloc_pos 416628
alloc_pos 416852
alloc_pos 417036
alloc_pos 417092
alloc_pos 417288
alloc_pos 417356
alloc_pos 417616
alloc_pos 417840
alloc_pos 417912
alloc_pos 418124
alloc_pos 418384
alloc_pos 418636
alloc_pos 418800
alloc_pos 418936
alloc_pos 419184
alloc_pos 419240
alloc_pos 419284
alloc_pos 419344
alloc_pos 419592
alloc_pos 419692
alloc_pos 419800
alloc_pos 419920
alloc_pos 419960
alloc_pos 419996
alloc_pos 420160
alloc_pos 420324
alloc_pos 420524
alloc_pos 420636
alloc_pos 420776
alloc_pos 420812
alloc_pos 420884
alloc_pos 420976
alloc_pos 421172
alloc_pos 421404
alloc_pos 421508
alloc_pos 421552
alloc_pos 421644
alloc_pos 421904
alloc_pos 421964
alloc_pos 422052
alloc_pos 422192
alloc_pos 422268
alloc_pos 422400
alloc_pos 422452
alloc_pos 422608
alloc_pos 422836
alloc_pos 423088
alloc_pos 423192
alloc_pos 423276
alloc_pos 423324
alloc_pos 423416
alloc_pos 423604
alloc_pos 423852
alloc_pos 423920
alloc_pos 423944
alloc_pos 423968
alloc_pos 424152
alloc_pos 424276
alloc_pos 424516
alloc_pos 424696
alloc_pos 424836
alloc_pos 425024
alloc_pos 425192
alloc_pos 425224
alloc_pos 425452
alloc_pos 425560
alloc_pos 425644
alloc_pos 425868
alloc_pos 425960
alloc_pos 426104
alloc_pos 426296
alloc_pos 426368
alloc_pos 426532
alloc_pos 426704
alloc_pos 426864
alloc_pos 426968
alloc_pos 427076
alloc_pos 427104
alloc_pos 427364
alloc_pos 427420
alloc_pos 427516
alloc_pos 427628
alloc_pos 427824
alloc_pos 427940
alloc_pos 428192
alloc_pos 428316
alloc_pos 428440
alloc_pos 428624
alloc_pos 428660
alloc_pos 428872
alloc_pos 428952
alloc_pos 429108
alloc_pos 429148
alloc_pos 429224
alloc_pos 429284
alloc_pos 429476
alloc_pos 429528
alloc_pos 429588
alloc_pos 429696
alloc_pos 429748
alloc_pos 429864
alloc_pos 429892
alloc_pos 430028
alloc_pos 430272
alloc_pos 430464
alloc_pos 430536
alloc_pos 430732
alloc_pos 430924
alloc_pos 431120
alloc_pos 431352
alloc_pos 431468
alloc_pos 431620
alloc_pos 431812
alloc_pos 431996
alloc_pos 432160
alloc_pos 432236
alloc_pos 432292
alloc_pos 432432
alloc_pos 432592
alloc_pos 432756
alloc_pos 432860
alloc_pos 432960
alloc_pos 433156
alloc_pos 433256
alloc_pos 433428
alloc_pos 433668
alloc_pos 433740
alloc_pos 433996
alloc_pos 434156
alloc_pos 434416
alloc_pos 434528
alloc_pos 434668
alloc_pos 434704
alloc_pos 434896
alloc_pos 435048
alloc_pos 435124
alloc_pos 435300
alloc_pos 435380
alloc_pos 435636
alloc_pos 435732
alloc_pos 435880
alloc_pos 436080
alloc_pos 436304
alloc_pos 436380
alloc_pos 436488
alloc_pos 436624
alloc_pos 436664
alloc_pos 436752
alloc_pos 436824
alloc_pos 436888
alloc_pos 436932
alloc_pos 437068
alloc_pos 437288
alloc_pos 437448
alloc_pos 437564
alloc_pos 437636
alloc_pos 437780
alloc_pos 438004
alloc_pos 438108
alloc_pos 438192
alloc_pos 438376
alloc_pos 438600
alloc_pos 438724
alloc_pos 438856
alloc_pos 438932
alloc_pos 438972
alloc_pos 439104
alloc_pos 439244
alloc_pos 439344
alloc_pos 439420
alloc_pos 439472
alloc_pos 439660
alloc_pos 439892
alloc_pos 440072
alloc_pos 440268
alloc_pos 440376
alloc_pos 440568
alloc_pos 440808
alloc_pos 441056
alloc_pos 441148
alloc_pos 441272
alloc_pos 441496
alloc_pos 441616
alloc_pos 441696
alloc_pos 441828
alloc_pos 441868
alloc_pos 441992
alloc_pos 442204
alloc_pos 442396
alloc_pos 442524
alloc_pos 442548
alloc_pos 442792
alloc_pos 442932
alloc_pos 443008
alloc_pos 443168
alloc_pos 443216
alloc_pos 443328
alloc_pos 443552
alloc_pos 443580
alloc_pos 443696
alloc_pos 443900
alloc_pos 444016
alloc_pos 444040
alloc_pos 444128
alloc_pos 444296
alloc_pos 444528
alloc_pos 444588
alloc_pos 444620
alloc_pos 444752
alloc_pos 444820
alloc_pos 444912
alloc_pos 444952
alloc_pos 445168
alloc_pos 445228
alloc_pos 445352
alloc_pos 445548
alloc_pos 445756
alloc_pos 445988
alloc_pos 446104
alloc_pos 446356
alloc_pos 446544
alloc_pos 446712
alloc_pos 446856
alloc_pos 446920
alloc_pos 447068
alloc_pos 447308
alloc_pos 447556
alloc_pos 447708
alloc_pos 447808
alloc_pos 448052
alloc_pos 448296
alloc_pos 448364
alloc_pos 448564
alloc_pos 448720
alloc_pos 448916
alloc_pos 449160
alloc_pos 449184
alloc_pos 449228
alloc_pos 449268
alloc_pos 449300
alloc_pos 449468
alloc_pos 449580
alloc_pos 449740
alloc_pos 450004
alloc_pos 450204
alloc_pos 450452
alloc_pos 450588
alloc_pos 450824
alloc_pos 451056
alloc_pos 451108
alloc_pos 451304
alloc_pos 451508
alloc_pos 451688
alloc_pos 451908
alloc_pos 452084
alloc_pos 452312
alloc_pos 452452
alloc_pos 452676
alloc_pos 452860
alloc_pos 452916
alloc_pos 453112
alloc_pos 453180
alloc_pos 453440
alloc_pos 453664
alloc_pos 453736
alloc_pos 453948
alloc_pos 454208
alloc_pos 454460
alloc_pos 454624
alloc_pos 454760
alloc_pos 455008
alloc_pos 455064
alloc_pos 455108
alloc_pos 455168
alloc_pos 455416
alloc_pos 455516
alloc_pos 455624
alloc_pos 455744
alloc_pos 455784
alloc_pos 455820
alloc_pos 455984
alloc_pos 456148
alloc_pos 456348
alloc_pos 456460
alloc_pos 456600
alloc_pos 456636
alloc_pos 456708
alloc_pos 456800
alloc_pos 456996
alloc_pos 457228
alloc_pos 457332
alloc_pos 457376
alloc_pos 457468
alloc_pos 457728
alloc_pos 457788
alloc_pos 457876
alloc_pos 458016
alloc_pos 458092
alloc_pos 458224
alloc_pos 458276
alloc_pos 458432
alloc_pos 458660
alloc_pos 458912
alloc_pos 459016
alloc_pos 459100
alloc_pos 459148
alloc_pos 459240
alloc_pos 459428
alloc_pos 459676
alloc_pos 459744
alloc_pos 459768
alloc_pos 459792
alloc_pos 459976
alloc_pos 460100
alloc_pos 460340
alloc_pos 460520
alloc_pos 460660
alloc_pos 460848
alloc_pos 461016
alloc_pos 461048
alloc_pos 461276
alloc_pos 461384
alloc_pos 461468
alloc_pos 461692
alloc_pos 461784
alloc_pos 461928
alloc_pos 462120
alloc_pos 462192
alloc_pos 462356
alloc_pos 462528
alloc_pos 462688
alloc_pos 462792
alloc_pos 462900
alloc_pos 462928
alloc_pos 463188
alloc_pos 463244
alloc_pos 463340
alloc_pos 463452
alloc_pos 463648
alloc_pos 463764
alloc_pos 464016
alloc_pos 464140
alloc_pos 464264
alloc_pos 464448
alloc_pos 464484
alloc_pos 464696
alloc_pos 464776
alloc_pos 464932
alloc_pos 464972
alloc_pos 465048
alloc_pos 465108
alloc_pos 465300
alloc_pos 465352
alloc_pos 465412
alloc_pos 465520
alloc_pos 465572
alloc_pos 465688
alloc_pos 465716
alloc_pos 465852
alloc_pos 466096
alloc_pos 466288
alloc_pos 466360
alloc_pos 466556
alloc_pos 466748
alloc_pos 466944
alloc_pos 467176
alloc_pos 467292
alloc_pos 467444
alloc_pos 467636
alloc_pos 467820
alloc_pos 467984
alloc_pos 468060
alloc_pos 468116
alloc_pos 468256
alloc_pos 468416
alloc_pos 468580
alloc_pos 468684
alloc_pos 468784
alloc_pos 468980
alloc_pos 469080
alloc_pos 469252
alloc_pos 469492
alloc_pos 469564
alloc_pos 469820
alloc_pos 469980
alloc_pos 470240
alloc_pos 470352
alloc_pos 470492
alloc_pos 470528
alloc_pos 470720
alloc_pos 470872
alloc_pos 470948
alloc_pos 471124
alloc_pos 471204
alloc_pos 471460
alloc_pos 471556
alloc_pos 471704
alloc_pos 471904
alloc_pos 472128
alloc_pos 472204
alloc_pos 472312
alloc_pos 472448
alloc_pos 472488
alloc_pos 472576
alloc_pos 472648
alloc_pos 472712
alloc_pos 472756
alloc_pos 472892
alloc_pos 473112
alloc_pos 473272
alloc_pos 473388
alloc_pos 473460
alloc_pos 473604
alloc_pos 473828
alloc_pos 473932
alloc_pos 474016
alloc_pos 474200
alloc_pos 474424
alloc_pos 474548
alloc_pos 474680
alloc_pos 474756
alloc_pos 474796
alloc_pos 474928
alloc_pos 475068
alloc_pos 475168
alloc_pos 475244
alloc_pos 475296
alloc_pos 475484
alloc_pos 475716
alloc_pos 475896
alloc_pos 476092
alloc_pos 476200
alloc_pos 476392
alloc_pos 476632
alloc_pos 476880
alloc_pos 476972
alloc_pos 477096
alloc_pos 477320
alloc_pos 477440
alloc_pos 477520
alloc_pos 477652
alloc_pos 477692
alloc_pos 477816
alloc_pos 478028
alloc_pos 478220
alloc_pos 478348
alloc_pos 478372
alloc_pos 478616
alloc_pos 478756
alloc_pos 478832
alloc_pos 478992
alloc_pos 479040
alloc_pos 479152
alloc_pos 479376
alloc_pos 479404
alloc_pos 479520
alloc_pos 479724
alloc_pos 479840
alloc_pos 479864
alloc_pos 479952
alloc_pos 480120
alloc_pos 480352
alloc_pos 480412
alloc_pos 480444
alloc_pos 480576
alloc_pos 480644
alloc_pos 480736
alloc_pos 480776
alloc_pos 480992
alloc_pos 481052
alloc_pos 481176
alloc_pos 481372
alloc_pos 481580
alloc_pos 481812
alloc_pos 481928
alloc_pos 482180
alloc_pos 482368
alloc_pos 482536
alloc_pos 482680
alloc_pos 482744
alloc_pos 482892
alloc_pos 483132
alloc_pos 483380
alloc_pos 483532
alloc_pos 483632
alloc_pos 483876
alloc_pos 484120
alloc_pos 484188
alloc_pos 484388
alloc_pos 484544
alloc_pos 484740
alloc_pos 484984
alloc_pos 485008
alloc_pos 485052
alloc_pos 485092
alloc_pos 485124
alloc_pos 485292
alloc_pos 485404
alloc_pos 485564
alloc_pos 485828
alloc_pos 486028
alloc_pos 486276
alloc_pos 486412
alloc_pos 486648
alloc_pos 486880
alloc_pos 486932
alloc_pos 487128
alloc_pos 487332
alloc_pos 487512
alloc_pos 487732
alloc_pos 487908
alloc_pos 488136
alloc_pos 488276
alloc_pos 488500
alloc_pos 488684
alloc_pos 488740
alloc_pos 488936
alloc_pos 489004
alloc_pos 489264
alloc_pos 489488
alloc_pos 489560
alloc_pos 489772
alloc_pos 490032
alloc_pos 490284
alloc_pos 490448
alloc_pos 490584
alloc_pos 490832
alloc_pos 490888
alloc_pos 490932
alloc_pos 490992
alloc_pos 491240
alloc_pos 491340
alloc_pos 491448
alloc_pos 491568
alloc_pos 491608
alloc_pos 491644
alloc_pos 491808
alloc_pos 491972
alloc_pos 492172
alloc_pos 492284
alloc_pos 492424
alloc_pos 492460
alloc_pos 492532
alloc_pos 492624
alloc_pos 492820
alloc_pos 493052
alloc_pos 493156
alloc_pos 493200
alloc_pos 493292
alloc_pos 493552
alloc_pos 493612
alloc_pos 493700
alloc_pos 493840
alloc_pos 493916
alloc_pos 494048
alloc_pos 494100
alloc_pos 494256
alloc_pos 494484
alloc_pos 494736
alloc_pos 494840
alloc_pos 494924
alloc_pos 494972
alloc_pos 495064
alloc_pos 495252
alloc_pos 495500
alloc_pos 495568
alloc_pos 495592
alloc_pos 495616
alloc_pos 495800
alloc_pos 495924
alloc_pos 496164
alloc_pos 496344
alloc_pos 496484
alloc_pos 496672
alloc_pos 496840
alloc_pos 496872
alloc_pos 497100
alloc_pos 497208
alloc_pos 497292
alloc_pos 497516
alloc_pos 497608
alloc_pos 497752
alloc_pos 497944
alloc_pos 498016
alloc_pos 498180
alloc_pos 498352
alloc_pos 498512
alloc_pos 498616
alloc_pos 498724
alloc_pos 498752
alloc_pos 499012
alloc_pos 499068
alloc_pos 499164
alloc_pos 499276
alloc_pos 499472
alloc_pos 499588
alloc_pos 499840
alloc_pos 499964
alloc_pos 500088
alloc_pos 500272
alloc_pos 500308
alloc_pos 500520
alloc_pos 500600
alloc_pos 500756
alloc_pos 500796
alloc_pos 500872
alloc_pos 500932
alloc_pos 501124
alloc_pos 501176
alloc_pos 501236
alloc_pos 501344
alloc_pos 501396
alloc_pos 501512
alloc_pos 501540
alloc_pos 501676
alloc_pos 501920
alloc_pos 502112
alloc_pos 502184
alloc_pos 502380
alloc_pos 502572
alloc_pos 502768
alloc_pos 503000
alloc_pos 503116
alloc_pos 503268
alloc_pos 503460
alloc_pos 503644
alloc_pos 503808
alloc_pos 503884
alloc_pos 503940
alloc_pos 504080
alloc_pos 504240
alloc_pos 504404
alloc_pos 504508
alloc_pos 504608
alloc_pos 504804
alloc_pos 504904
alloc_pos 505076
alloc_pos 505316
alloc_pos 505388
alloc_pos 505644
alloc_pos 505804
alloc_pos 506064
alloc_pos 506176
alloc_pos 506316
alloc_pos 506352
alloc_pos 506544
alloc_pos 506696
alloc_pos 506772
alloc_pos 506948
alloc_pos 507028
alloc_pos 507284
alloc_pos 507380
alloc_pos 507528
alloc_pos 507728
alloc_pos 507952
alloc_pos 508028
alloc_pos 508136
alloc_pos 508272
alloc_pos 508312
alloc_pos 508400
alloc_pos 508472
alloc_pos 508536
alloc_pos 508580
alloc_pos 508716
alloc_pos 508936
alloc_pos 509096
alloc_pos 509212
alloc_pos 509284
alloc_pos 509428
alloc_pos 509652
alloc_pos 509756
alloc_pos 509840
alloc_pos 510024
alloc_pos 510248
alloc_pos 510372
alloc_pos 510504
alloc_pos 510580
alloc_pos 510620
alloc_pos 510752
alloc_pos 510892
alloc_pos 510992
alloc_pos 511068
alloc_pos 511120
alloc_pos 511308
alloc_pos 511540
alloc_pos 511720
alloc_pos 511916
alloc_pos 512024
alloc_pos 512216
alloc_pos 512456
alloc_pos 512704
alloc_pos 512796
alloc_pos 512920
alloc_pos 513144
alloc_pos 513264
alloc_pos 513344
alloc_pos 513476
alloc_pos 513516
alloc_pos 513640
alloc_pos 513852
alloc_pos 514044
alloc_pos 514172
alloc_pos 514196
alloc_pos 514440
alloc_pos 514580
alloc_pos 514656
alloc_pos 514816
alloc_pos 514864
alloc_pos 514976
alloc_pos 515200
alloc_pos 515228
alloc_pos 515344
alloc_pos 515548
alloc_pos 515664
alloc_pos 515688
alloc_pos 515776
alloc_pos 515944
alloc_pos 516176
alloc_pos 516236
alloc_pos 516268
alloc_pos 516400
alloc_pos 516468
alloc_pos 516560
alloc_pos 516600
alloc_pos 516816
alloc_pos 516876
alloc_pos 517000
alloc_pos 517196
alloc_pos 517404
alloc_pos 517636
alloc_pos 517752
alloc_pos 518004
alloc_pos 518192
alloc_pos 518360
alloc_pos 518504
alloc_pos 518568
alloc_pos 518716
alloc_pos 518956
alloc_pos 519204
alloc_pos 519356
alloc_pos 519456
alloc_pos 519700
alloc_pos 519944
alloc_pos 520012
alloc_pos 520212
alloc_pos 520368
alloc_pos 520564
alloc_pos 520808
alloc_pos 520832
alloc_pos 520876
alloc_pos 520916
alloc_pos 520948
alloc_pos 521116
alloc_pos 521228
alloc_pos 521388
alloc_pos 521652
alloc_pos 521852
alloc_pos 522100
alloc_pos 522236
alloc_pos 522472
alloc_pos 522704
alloc_pos 522756
alloc_pos 522952
alloc_pos 523156
alloc_pos 523336
alloc_pos 523556
alloc_pos 523732
alloc_pos 523960
alloc_pos -1

