reason: unexpected exit code -6
--- stdout ---
CHENEY GENERATOR!
--- stderr ---
alloc_pos 8
alloc_pos 1040
alloc_pos 1056
alloc_pos 1240
alloc_pos 1256
alloc_pos 1308
alloc_pos 1324
alloc_pos 1352
alloc_pos 1368
alloc_pos 1580
alloc_pos 1596
alloc_pos 1688
alloc_pos 1704
alloc_pos 1788
alloc_pos 1804
alloc_pos 1884
alloc_pos 1900
alloc_pos 1956
alloc_pos 1972
alloc_pos 2184
alloc_pos 2200
alloc_pos 2248
alloc_pos 2264
alloc_pos 2460
alloc_pos 2476
alloc_pos 2688
alloc_pos 2704
alloc_pos 2956
alloc_pos 2972
alloc_pos 3132
alloc_pos 3148
alloc_pos 3192
alloc_pos 3208
alloc_pos 3380
alloc_pos 3396
alloc_pos 3528
alloc_pos 3544
alloc_pos 3576
alloc_pos 3592
alloc_pos 3620
alloc_pos 3636
alloc_pos 3680
alloc_pos 3696
alloc_pos 3772
alloc_pos 3788
alloc_pos 3868
alloc_pos 3884
alloc_pos 4036
alloc_pos 4052
alloc_pos 4228
alloc_pos 4244
alloc_pos 4272
alloc_pos 4288
alloc_pos 4452
alloc_pos 4468
alloc_pos 4540
alloc_pos 4556
alloc_pos 4760
alloc_pos 4776
alloc_pos 4964
alloc_pos 4980
alloc_pos 5180
alloc_pos 5196
alloc_pos 5356
alloc_pos 5372
alloc_pos 5500
alloc_pos 5516
alloc_pos 5596
alloc_pos 5612
alloc_pos 5748
alloc_pos 5764
alloc_pos 5936
alloc_pos 5952
alloc_pos 6044
alloc_pos 6060
alloc_pos 6288
alloc_pos 6304
alloc_pos 6548
alloc_pos 6564
alloc_pos 6588
alloc_pos 6604
alloc_pos 6820
alloc_pos 6836
alloc_pos 7064
alloc_pos 7080
alloc_pos 7144
alloc_pos 7160
alloc_pos 7360
alloc_pos 7376
alloc_pos 7508
alloc_pos 7524
alloc_pos 7632
alloc_pos 7648
alloc_pos 7740
alloc_pos 7756
alloc_pos 7816
alloc_pos 7832
alloc_pos 7908
alloc_pos 7924
alloc_pos 8140
alloc_pos 8156
alloc_pos 8264
alloc_pos 8280
alloc_pos 8328
alloc_pos 8344
alloc_pos 8388
alloc_pos 8404
alloc_pos 8524
alloc_pos 8540
alloc_pos 8588
alloc_pos 8604
alloc_pos 8716
alloc_pos 8732
alloc_pos 8972
alloc_pos 8988
alloc_pos 9100
alloc_pos 9116
alloc_pos 9292
alloc_pos 9308
alloc_pos 9396
alloc_pos 9412
alloc_pos 9640
alloc_pos 9656
alloc_pos 9688
alloc_pos 9704
alloc_pos 9912
alloc_pos 9928
alloc_pos 10068
alloc_pos 10084
alloc_pos 10244
alloc_pos 10260
alloc_pos 10312
alloc_pos 10328
alloc_pos 10588
alloc_pos 10604
alloc_pos 10724
alloc_pos 10740
alloc_pos 10784
alloc_pos 10800
alloc_pos 10964
alloc_pos 10980
alloc_pos 11076
alloc_pos 11092
alloc_pos 11328
alloc_pos 11344
alloc_pos 11528
alloc_pos 11544
alloc_pos 11724
alloc_pos 11740
alloc_pos 11988
alloc_pos 12004
alloc_pos 12248
alloc_pos 12264
alloc_pos 12380
alloc_pos 12396
alloc_pos 12564
alloc_pos 12580
alloc_pos 12652
alloc_pos 12668
alloc_pos 12872
alloc_pos 12888
alloc_pos 12928
alloc_pos 12944
alloc_pos 12976
alloc_pos 12992
alloc_pos 13184
alloc_pos 13200
alloc_pos 13280
alloc_pos 13296
alloc_pos 13516
alloc_pos 13532
alloc_pos 13628
alloc_pos 13644
alloc_pos 13688
alloc_pos 13704
alloc_pos 13944
alloc_pos 13960
alloc_pos 14040
alloc_pos 14056
alloc_pos 14300
alloc_pos 14316
alloc_pos 14364
alloc_pos 14380
alloc_pos 14500
alloc_pos 14516
alloc_pos 14608
alloc_pos 14624
alloc_pos 14764
alloc_pos 14780
alloc_pos 14964
alloc_pos 14980
alloc_pos 15216
alloc_pos 15232
alloc_pos 15348
alloc_pos 15364
alloc_pos 15428
alloc_pos 15444
alloc_pos 15560
alloc_pos 15576
alloc_pos 15688
alloc_pos 15704
alloc_pos 15780
alloc_pos 15796
alloc_pos 15988
alloc_pos 16004
alloc_pos 16096
alloc_pos 16112
alloc_pos 16312
alloc_pos 16328
alloc_pos 16588
alloc_pos 16604
alloc_pos 16800
alloc_pos 16816
alloc_pos 17004
alloc_pos 17020
alloc_pos 17060
alloc_pos 17076
alloc_pos 17252
alloc_pos 17268
alloc_pos 17452
alloc_pos 17468
alloc_pos 17532
alloc_pos 17548
alloc_pos 17708
alloc_pos 17724
alloc_pos 17932
alloc_pos 17948
alloc_pos 18032
alloc_pos 18048
alloc_pos 18112
alloc_pos 18128
alloc_pos 18268
alloc_pos 18284
alloc_pos 18404
alloc_pos 18420
alloc_pos 18512
alloc_pos 18528
alloc_pos 18788
alloc_pos 18804
alloc_pos 18988
alloc_pos 19004
alloc_pos 19204
alloc_pos 19220
alloc_pos 19384
alloc_pos 19400
alloc_pos 19480
alloc_pos 19496
alloc_pos 19692
alloc_pos 19708
alloc_pos 19812
alloc_pos 19828
alloc_pos 20064
alloc_pos 20080
alloc_pos 20300
alloc_pos 20316
alloc_pos 20536
alloc_pos 20552
alloc_pos 20588
alloc_pos 20604
alloc_pos 20684
alloc_pos 20700
alloc_pos 20932
alloc_pos 20948
alloc_pos 20980
alloc_pos 20996
alloc_pos 21224
alloc_pos 21240
alloc_pos 21344
alloc_pos 21360
alloc_pos 21484
alloc_pos 21500
alloc_pos 21592
alloc_pos 21608
alloc_pos 21648
alloc_pos 21664
alloc_pos 21740
alloc_pos 21756
alloc_pos 22012
alloc_pos 22028
alloc_pos 22292
alloc_pos 22308
alloc_pos 22476
alloc_pos 22492
alloc_pos 22740
alloc_pos 22756
alloc_pos 22960
alloc_pos 22976
alloc_pos 23080
alloc_pos 23096
alloc_pos 23172
alloc_pos 23188
alloc_pos 23376
alloc_pos 23392
alloc_pos 23540
alloc_pos 23556
alloc_pos 23680
alloc_pos 23696
alloc_pos 23944
alloc_pos 23960
alloc_pos 24216
alloc_pos 24232
alloc_pos 24420
alloc_pos 24436
alloc_pos 24576
alloc_pos 24592
alloc_pos 24652
alloc_pos 24668
alloc_pos 24756
alloc_pos 24772
alloc_pos 24828
alloc_pos 24844
alloc_pos 24928
alloc_pos 24944
alloc_pos 25156
alloc_pos 25172
alloc_pos 25336
alloc_pos 25352
alloc_pos 25512
alloc_pos 25528
alloc_pos 25616
alloc_pos 25632
alloc_pos 25844
alloc_pos 25860
alloc_pos 26032
alloc_pos 26048
alloc_pos 26180
alloc_pos 26196
alloc_pos 26448
alloc_pos 26464
alloc_pos 26636
alloc_pos 26652
alloc_pos 26776
alloc_pos 26792
alloc_pos 26908
alloc_pos 26924
alloc_pos 27004
alloc_pos 27020
alloc_pos 27076
alloc_pos 27092
alloc_pos 27244
alloc_pos 27260
alloc_pos 27408
alloc_pos 27424
alloc_pos 27468
alloc_pos 27484
alloc_pos 27700
alloc_pos 27716
alloc_pos 27752
alloc_pos 27768
alloc_pos 28012
alloc_pos 28028
alloc_pos 28080
alloc_pos 28096
alloc_pos 28156
alloc_pos 28172
alloc_pos 28356
alloc_pos 28372
alloc_pos 28436
alloc_pos 28452
alloc_pos 28676
alloc_pos 28692
alloc_pos 28888
alloc_pos 28904
alloc_pos 29036
alloc_pos 29052
alloc_pos 29228
alloc_pos 29244
alloc_pos 29284
alloc_pos 29300
alloc_pos 29420
alloc_pos 29436
alloc_pos 29556
alloc_pos 29572
alloc_pos 29748
alloc_pos 29764
alloc_pos 29904
alloc_pos 29920
alloc_pos 30076
alloc_pos 30092
alloc_pos 30180
alloc_pos 30196
alloc_pos 30360
alloc_pos 30376
alloc_pos 30620
alloc_pos 30636
alloc_pos 30900
alloc_pos 30916
alloc_pos 30940
alloc_pos 30956
alloc_pos 31152
alloc_pos 31168
alloc_pos 31376
alloc_pos 31392
alloc_pos 31444
alloc_pos 31460
alloc_pos 31656
alloc_pos 31672
alloc_pos 31920
alloc_pos 31936
alloc_pos 32096
alloc_pos 32112
alloc_pos 32328
alloc_pos 32344
alloc_pos 32436
alloc_pos 32452
alloc_pos 32672
alloc_pos 32688
alloc_pos 32876
alloc_pos 32892
alloc_pos 33000
alloc_pos 33016
alloc_pos 33068
alloc_pos 33084
alloc_pos 33180
alloc_pos 33196
alloc_pos 33328
alloc_pos 33344
alloc_pos 33408
alloc_pos 33424
alloc_pos 33564
alloc_pos 33580
alloc_pos 33604
alloc_pos 33620
alloc_pos 33828
alloc_pos 33844
alloc_pos 34092
alloc_pos 34108
alloc_pos 34316
alloc_pos 34332
alloc_pos 34420
alloc_pos 34436
alloc_pos 34588
alloc_pos 34604
alloc_pos 34820
alloc_pos 34836
alloc_pos 34904
alloc_pos 34920
alloc_pos 35072
alloc_pos 35088
alloc_pos 35344
alloc_pos 35360
alloc_pos 35408
alloc_pos 35424
alloc_pos 35668
alloc_pos 35684
alloc_pos 35868
alloc_pos 35884
alloc_pos 35984
alloc_pos 36000
alloc_pos 36236
alloc_pos 36252
alloc_pos 36436
alloc_pos 36452
alloc_pos 36604
alloc_pos 36620
alloc_pos 36796
alloc_pos 36812
alloc_pos 36884
alloc_pos 36900
alloc_pos 36960
alloc_pos 36976
alloc_pos 37092
alloc_pos 37108
alloc_pos 37324
alloc_pos 37340
alloc_pos 37404
alloc_pos 37420
alloc_pos 37580
alloc_pos 37596
alloc_pos 37816
alloc_pos 37832
alloc_pos 38092
alloc_pos 38108
alloc_pos 38264
alloc_pos 38280
alloc_pos 38536
alloc_pos 38552
alloc_pos 38576
alloc_pos 38592
alloc_pos 38768
alloc_pos 38784
alloc_pos 38888
alloc_pos 38904
alloc_pos 39052
alloc_pos 39068
alloc_pos 39096
alloc_pos 39112
alloc_pos 39164
alloc_pos 39180
alloc_pos 39440
alloc_pos 39456
alloc_pos 39572
alloc_pos 39588
alloc_pos 39836
alloc_pos 39852
alloc_pos 40088
alloc_pos 40104
alloc_pos 40332
alloc_pos 40348
alloc_pos 40448
alloc_pos 40464
alloc_pos 40548
alloc_pos 40564
alloc_pos 40600
alloc_pos 40616
alloc_pos 40700
alloc_pos 40716
alloc_pos 40964
alloc_pos 40980
alloc_pos 41148
alloc_pos 41164
alloc_pos 41428
alloc_pos 41444
alloc_pos 41488
alloc_pos 41672
alloc_pos 41724
alloc_pos 41752
alloc_pos 41964
alloc_pos 42056
alloc_pos 42140
alloc_pos 42220
alloc_pos 42276
alloc_pos 42488
alloc_pos 42536
alloc_pos 42732
alloc_pos 42944
alloc_pos 43196
alloc_pos 43356
alloc_pos 43400
alloc_pos 43572
alloc_pos 43704
alloc_pos 43736
alloc_pos 43764
alloc_pos 43808
alloc_pos 43884
alloc_pos 43964
alloc_pos 44116
alloc_pos 44292
alloc_pos 44320
alloc_pos 44484
alloc_pos 44556
alloc_pos 44760
alloc_pos 44948
alloc_pos 45148
alloc_pos 45308
alloc_pos 45436
alloc_pos 45516
alloc_pos 45652
alloc_pos 45824
alloc_pos 45916
alloc_pos 46144
alloc_pos 46388
alloc_pos 46412
alloc_pos 46628
alloc_pos 46856
alloc_pos 46920
alloc_pos 47120
alloc_pos 47252
alloc_pos 47360
alloc_pos 47452
alloc_pos 47512
alloc_pos 47588
alloc_pos 47804
alloc_pos 47912
alloc_pos 47960
alloc_pos 48004
alloc_pos 48124
alloc_pos 48172
alloc_pos 48284
alloc_pos 48524
alloc_pos 48636
alloc_pos 48812
alloc_pos 48900
alloc_pos 49128
alloc_pos 49160
alloc_pos 49368
alloc_pos 49508
alloc_pos 49668
alloc_pos 49720
alloc_pos 49980
alloc_pos 50100
alloc_pos 50144
alloc_pos 50308
alloc_pos 50404
alloc_pos 50640
alloc_pos 50824
alloc_pos 51004
alloc_pos 51252
alloc_pos 51496
alloc_pos 51612
alloc_pos 51780
alloc_pos 51852
alloc_pos 52056
alloc_pos 52096
alloc_pos 52128
alloc_pos 52320
alloc_pos 52400
alloc_pos 52620
alloc_pos 52716
alloc_pos 52760
alloc_pos 53000
alloc_pos 53080
alloc_pos 53324
alloc_pos 53372
alloc_pos 53492
alloc_pos 53584
alloc_pos 53724
alloc_pos 53908
alloc_pos 54144
alloc_pos 54260
alloc_pos 54324
alloc_pos 54440
alloc_pos 54552
alloc_pos 54628
alloc_pos 54820
alloc_pos 54912
alloc_pos 55112
alloc_pos 55372
alloc_pos 55568
alloc_pos 55756
alloc_pos 55796
alloc_pos 55972
alloc_pos 56156
alloc_pos 56220
alloc_pos 56380
alloc_pos 56588
alloc_pos 56672
alloc_pos 56736
alloc_pos 56876
alloc_pos 56996
alloc_pos 57088
alloc_pos 57348
alloc_pos 57532
alloc_pos 57732
alloc_pos 57896
alloc_pos 57976
alloc_pos 58172
alloc_pos 58276
alloc_pos 58512
alloc_pos 58732
alloc_pos 58952
alloc_pos 58988
alloc_pos 59068
alloc_pos 59300
alloc_pos 59332
alloc_pos 59560
alloc_pos 59664
alloc_pos 59788
alloc_pos 59880
alloc_pos 59920
alloc_pos 59996
alloc_pos 60252
alloc_pos 60516
alloc_pos 60684
alloc_pos 60932
alloc_pos 61136
alloc_pos 61240
alloc_pos 61316
alloc_pos 61504
alloc_pos 61652
alloc_pos 61776
alloc_pos 62024
alloc_pos 62280
alloc_pos 62468
alloc_pos 62608
alloc_pos 62668
alloc_pos 62756
alloc_pos 62812
alloc_pos 62896
alloc_pos 63108
alloc_pos 63272
alloc_pos 63432
alloc_pos 63520
alloc_pos 63732
alloc_pos 63904
alloc_pos 64036
alloc_pos 64288
alloc_pos 64460
alloc_pos 64584
alloc_pos 64700
alloc_pos 64780
alloc_pos 64836
alloc_pos 64988
alloc_pos 65136
alloc_pos 65180
alloc_pos 65396
alloc_pos 65432
alloc_pos 65676
alloc_pos 65728
alloc_pos 65788
alloc_pos 65972
alloc_pos 66036
alloc_pos 66260
alloc_pos 66456
alloc_pos 66588
alloc_pos 66764
alloc_pos 66804
alloc_pos 66924
alloc_pos 67044
alloc_pos 67220
alloc_pos 67360
alloc_pos 67516
alloc_pos 67604
alloc_pos 67768
alloc_pos 68012
alloc_pos 68276
alloc_pos 68300
alloc_pos 68496
alloc_pos 68704
alloc_pos 68756
alloc_pos 68952
alloc_pos 69200
alloc_pos 69360
alloc_pos 69576
alloc_pos 69668
alloc_pos 69888
alloc_pos 70076
alloc_pos 70184
alloc_pos 70236
alloc_pos 70332
alloc_pos 70464
alloc_pos 70528
alloc_pos 70668
alloc_pos 70692
alloc_pos 70900
alloc_pos 71148
alloc_pos 71356
alloc_pos 71444
alloc_pos 71596
alloc_pos 71812
alloc_pos 71880
alloc_pos 72032
alloc_pos 72288
alloc_pos 72336
alloc_pos 72580
alloc_pos 72764
alloc_pos 72864
alloc_pos 73100
alloc_pos 73284
alloc_pos 73436
alloc_pos 73612
alloc_pos 73684
alloc_pos 73744
alloc_pos 73860
alloc_pos 74076
alloc_pos 74140
alloc_pos 74300
alloc_pos 74520
alloc_pos 74780
alloc_pos 74936
alloc_pos 75192
alloc_pos 75216
alloc_pos 75392
alloc_pos 75496
alloc_pos 75644
alloc_pos 75672
alloc_pos 75724
alloc_pos 75984
alloc_pos 76100
alloc_pos 76348
alloc_pos 76584
alloc_pos 76812
alloc_pos 76912
alloc_pos 76996
alloc_pos 77032
alloc_pos 77116
alloc_pos 77364
alloc_pos 77532
alloc_pos 77796
alloc_pos 77840
alloc_pos 78024
alloc_pos 78076
alloc_pos 78104
alloc_pos 78316
alloc_pos 78408
alloc_pos 78492
alloc_pos 78572
alloc_pos 78628
alloc_pos 78840
alloc_pos 78888
alloc_pos 79084
alloc_pos 79296
alloc_pos 79548
alloc_pos 79708
alloc_pos 79752
alloc_pos 79924
alloc_pos 80056
alloc_pos 80088
alloc_pos 80116
alloc_pos 80160
alloc_pos 80236
alloc_pos 80316
alloc_pos 80468
alloc_pos 80644
alloc_pos 80672
alloc_pos 80836
alloc_pos 80908
alloc_pos 81112
alloc_pos 81300
alloc_pos 81500
alloc_pos 81660
alloc_pos 81788
alloc_pos 81868
alloc_pos 82004
alloc_pos 82176
alloc_pos 82268
alloc_pos 82496
alloc_pos 82740
alloc_pos 82764
alloc_pos 82980
alloc_pos 83208
alloc_pos 83272
alloc_pos 83472
alloc_pos 83604
alloc_pos 83712
alloc_pos 83804
alloc_pos 83864
alloc_pos 83940
alloc_pos 84156
alloc_pos 84264
alloc_pos 84312
alloc_pos 84356
alloc_pos 84476
alloc_pos 84524
alloc_pos 84636
alloc_pos 84876
alloc_pos 84988
alloc_pos 85164
alloc_pos 85252
alloc_pos 85480
alloc_pos 85512
alloc_pos 85720
alloc_pos 85860
alloc_pos 86020
alloc_pos 86072
alloc_pos 86332
alloc_pos 86452
alloc_pos 86496
alloc_pos 86660
alloc_pos 86756
alloc_pos 86992
alloc_pos 87176
alloc_pos 87356
alloc_pos 87604
alloc_pos 87848
alloc_pos 87964
alloc_pos 88132
alloc_pos 88204
alloc_pos 88408
alloc_pos 88448
alloc_pos 88480
alloc_pos 88672
alloc_pos 88752
alloc_pos 88972
alloc_pos 89068
alloc_pos 89112
alloc_pos 89352
alloc_pos 89432
alloc_pos 89676
alloc_pos 89724
alloc_pos 89844
alloc_pos 89936
alloc_pos 90076
alloc_pos 90260
alloc_pos 90496
alloc_pos 90612
alloc_pos 90676
alloc_pos 90792
alloc_pos 90904
alloc_pos 90980
alloc_pos 91172
alloc_pos 91264
alloc_pos 91464
alloc_pos 91724
alloc_pos 91920
alloc_pos 92108
alloc_pos 92148
alloc_pos 92324
alloc_pos 92508
alloc_pos 92572
alloc_pos 92732
alloc_pos 92940
alloc_pos 93024
alloc_pos 93088
alloc_pos 93228
alloc_pos 93348
alloc_pos 93440
alloc_pos 93700
alloc_pos 93884
alloc_pos 94084
alloc_pos 94248
alloc_pos 94328
alloc_pos 94524
alloc_pos 94628
alloc_pos 94864
alloc_pos 95084
alloc_pos 95304
alloc_pos 95340
alloc_pos 95420
alloc_pos 95652
alloc_pos 95684
alloc_pos 95912
alloc_pos 96016
alloc_pos 96140
alloc_pos 96232
alloc_pos 96272
alloc_pos 96348
alloc_pos 96604
alloc_pos 96868
alloc_pos 97036
alloc_pos 97284
alloc_pos 97488
alloc_pos 97592
alloc_pos 97668
alloc_pos 97856
alloc_pos 98004
alloc_pos 98128
alloc_pos 98376
alloc_pos 98632
alloc_pos 98820
alloc_pos 98960
alloc_pos 99020
alloc_pos 99108
alloc_pos 99164
alloc_pos 99248
alloc_pos 99460
alloc_pos 99624
alloc_pos 99784
alloc_pos 99872
alloc_pos 100084
alloc_pos 100256
alloc_pos 100388
alloc_pos 100640
alloc_pos 100812
alloc_pos 100936
alloc_pos 101052
alloc_pos 101132
alloc_pos 101188
alloc_pos 101340
alloc_pos 101488
alloc_pos 101532
alloc_pos 101748
alloc_pos 101784
alloc_pos 102028
alloc_pos 102080
alloc_pos 102140
alloc_pos 102324
alloc_pos 102388
alloc_pos 102612
alloc_pos 102808
alloc_pos 102940
alloc_pos 103116
alloc_pos 103156
alloc_pos 103276
alloc_pos 103396
alloc_pos 103572
alloc_pos 103712
alloc_pos 103868
alloc_pos 103956
alloc_pos 104120
alloc_pos 104364
alloc_pos 104628
alloc_pos 104652
alloc_pos 104848
alloc_pos 105056
alloc_pos 105108
alloc_pos 105304
alloc_pos 105552
alloc_pos 105712
alloc_pos 105928
alloc_pos 106020
alloc_pos 106240
alloc_pos 106428
alloc_pos 106536
alloc_pos 106588
alloc_pos 106684
alloc_pos 106816
alloc_pos 106880
alloc_pos 107020
alloc_pos 107044
alloc_pos 107252
alloc_pos 107500
alloc_pos 107708
alloc_pos 107796
alloc_pos 107948
alloc_pos 108164
alloc_pos 108232
alloc_pos 108384
alloc_pos 108640
alloc_pos 108688
alloc_pos 108932
alloc_pos 109116
alloc_pos 109216
alloc_pos 109452
alloc_pos 109636
alloc_pos 109788
alloc_pos 109964
alloc_pos 110036
alloc_pos 110096
alloc_pos 110212
alloc_pos 110428
alloc_pos 110492
alloc_pos 110652
alloc_pos 110872
alloc_pos 111132
alloc_pos 111288
alloc_pos 111544
alloc_pos 111568
alloc_pos 111744
alloc_pos 111848
alloc_pos 111996
alloc_pos 112024
alloc_pos 112076
alloc_pos 112336
alloc_pos 112452
alloc_pos 112700
alloc_pos 112936
alloc_pos 113164
alloc_pos 113264
alloc_pos 113348
alloc_pos 113384
alloc_pos 113468
alloc_pos 113716
alloc_pos 113884
alloc_pos 114148
alloc_pos 114192
alloc_pos 114376
alloc_pos 114428
alloc_pos 114456
alloc_pos 114668
alloc_pos 114760
alloc_pos 114844
alloc_pos 114924
alloc_pos 114980
alloc_pos 115192
alloc_pos 115240
alloc_pos 115436
alloc_pos 115648
alloc_pos 115900
alloc_pos 116060
alloc_pos 116104
alloc_pos 116276
alloc_pos 116408
alloc_pos 116440
alloc_pos 116468
alloc_pos 116512
alloc_pos 116588
alloc_pos 116668
alloc_pos 116820
alloc_pos 116996
alloc_pos 117024
alloc_pos 117188
alloc_pos 117260
alloc_pos 117464
alloc_pos 117652
alloc_pos 117852
alloc_pos 118012
alloc_pos 118140
alloc_pos 118220
alloc_pos 118356
alloc_pos 118528
alloc_pos 118620
alloc_pos 118848
alloc_pos 119092
alloc_pos 119116
alloc_pos 119332
alloc_pos 119560
alloc_pos 119624
alloc_pos 119824
alloc_pos 119956
alloc_pos 120064
alloc_pos 120156
alloc_pos 120216
alloc_pos 120292
alloc_pos 120508
alloc_pos 120616
alloc_pos 120664
alloc_pos 120708
alloc_pos 120828
alloc_pos 120876
alloc_pos 120988
alloc_pos 121228
alloc_pos 121340
alloc_pos 121516
alloc_pos 121604
alloc_pos 121832
alloc_pos 121864
alloc_pos 122072
alloc_pos 122212
alloc_pos 122372
alloc_pos 122424
alloc_pos 122684
alloc_pos 122804
alloc_pos 122848
alloc_pos 123012
alloc_pos 123108
alloc_pos 123344
alloc_pos 123528
alloc_pos 123708
alloc_pos 123956
alloc_pos 124200
alloc_pos 124316
alloc_pos 124484
alloc_pos 124556
alloc_pos 124760
alloc_pos 124800
alloc_pos 124832
alloc_pos 125024
alloc_pos 125104
alloc_pos 125324
alloc_pos 125420
alloc_pos 125464
alloc_pos 125704
alloc_pos 125784
alloc_pos 126028
alloc_pos 126076
alloc_pos 126196
alloc_pos 126288
alloc_pos 126428
alloc_pos 126612
alloc_pos 126848
alloc_pos 126964
alloc_pos 127028
alloc_pos 127144
alloc_pos 127256
alloc_pos 127332
alloc_pos 127524
alloc_pos 127616
alloc_pos 127816
alloc_pos 128076
alloc_pos 128272
alloc_pos 128460
alloc_pos 128500
alloc_pos 128676
alloc_pos 128860
alloc_pos 128924
alloc_pos 129084
alloc_pos 129292
alloc_pos 129376
alloc_pos 129440
alloc_pos 129580
alloc_pos 129700
alloc_pos 129792
alloc_pos 130052
alloc_pos 130236
alloc_pos 130436
alloc_pos 130600
alloc_pos 130680
alloc_pos 130876
alloc_pos 130980
alloc_pos 131216
alloc_pos 131436
alloc_pos 131656
alloc_pos 131692
alloc_pos 131772
alloc_pos 132004
alloc_pos 132036
alloc_pos 132264
alloc_pos 132368
alloc_pos 132492
alloc_pos 132584
alloc_pos 132624
alloc_pos 132700
alloc_pos 132956
alloc_pos 133220
alloc_pos 133388
alloc_pos 133636
alloc_pos 133840
alloc_pos 133944
alloc_pos 134020
alloc_pos 134208
alloc_pos 134356
alloc_pos 134480
alloc_pos 134728
alloc_pos 134984
alloc_pos 135172
alloc_pos 135312
alloc_pos 135372
alloc_pos 135460
alloc_pos 135516
alloc_pos 135600
alloc_pos 135812
alloc_pos 135976
alloc_pos 136136
alloc_pos 136224
alloc_pos 136436
alloc_pos 136608
alloc_pos 136740
alloc_pos 136992
alloc_pos 137164
alloc_pos 137288
alloc_pos 137404
alloc_pos 137484
alloc_pos 137540
alloc_pos 137692
alloc_pos 137840
alloc_pos 137884
alloc_pos 138100
alloc_pos 138136
alloc_pos 138380
alloc_pos 138432
alloc_pos 138492
alloc_pos 138676
alloc_pos 138740
alloc_pos 138964
alloc_pos 139160
alloc_pos 139292
alloc_pos 139468
alloc_pos 139508
alloc_pos 139628
alloc_pos 139748
alloc_pos 139924
alloc_pos 140064
alloc_pos 140220
alloc_pos 140308
alloc_pos 140472
alloc_pos 140716
alloc_pos 140980
alloc_pos 141004
alloc_pos 141200
alloc_pos 141408
alloc_pos 141460
alloc_pos 141656
alloc_pos 141904
alloc_pos 142064
alloc_pos 142280
alloc_pos 142372
alloc_pos 142592
alloc_pos 142780
alloc_pos 142888
alloc_pos 142940
alloc_pos 143036
alloc_pos 143168
alloc_pos 143232
alloc_pos 143372
alloc_pos 143396
alloc_pos 143604
alloc_pos 143852
alloc_pos 144060
alloc_pos 144148
alloc_pos 144300
alloc_pos 144516
alloc_pos 144584
alloc_pos 144736
alloc_pos 144992
alloc_pos 145040
alloc_pos 145284
alloc_pos 145468
alloc_pos 145568
alloc_pos 145804
alloc_pos 145988
alloc_pos 146140
alloc_pos 146316
alloc_pos 146388
alloc_pos 146448
alloc_pos 146564
alloc_pos 146780
alloc_pos 146844
alloc_pos 147004
alloc_pos 147224
alloc_pos 147484
alloc_pos 147640
alloc_pos 147896
alloc_pos 147920
alloc_pos 148096
alloc_pos 148200
alloc_pos 148348
alloc_pos 148376
alloc_pos 148428
alloc_pos 148688
alloc_pos 148804
alloc_pos 149052
alloc_pos 149288
alloc_pos 149516
alloc_pos 149616
alloc_pos 149700
alloc_pos 149736
alloc_pos 149820
alloc_pos 150068
alloc_pos 150236
alloc_pos 150500
alloc_pos 150544
alloc_pos 150728
alloc_pos 150780
alloc_pos 150808
alloc_pos 151020
alloc_pos 151112
alloc_pos 151196
alloc_pos 151276
alloc_pos 151332
alloc_pos 151544
alloc_pos 151592
alloc_pos 151788
alloc_pos 152000
alloc_pos 152252
alloc_pos 152412
alloc_pos 152456
alloc_pos 152628
alloc_pos 152760
alloc_pos 152792
alloc_pos 152820
alloc_pos 152864
alloc_pos 152940
alloc_pos 153020
alloc_pos 153172
alloc_pos 153348
alloc_pos 153376
alloc_pos 153540
alloc_pos 153612
alloc_pos 153816
alloc_pos 154004
alloc_pos 154204
alloc_pos 154364
alloc_pos 154492
alloc_pos 154572
alloc_pos 154708
alloc_pos 154880
alloc_pos 154972
alloc_pos 155200
alloc_pos 155444
alloc_pos 155468
alloc_pos 155684
alloc_pos 155912
alloc_pos 155976
alloc_pos 156176
alloc_pos 156308
alloc_pos 156416
alloc_pos 156508
alloc_pos 156568
alloc_pos 156644
alloc_pos 156860
alloc_pos 156968
alloc_pos 157016
alloc_pos 157060
alloc_pos 157180
alloc_pos 157228
alloc_pos 157340
alloc_pos 157580
alloc_pos 157692
alloc_pos 157868
alloc_pos 157956
alloc_pos 158184
alloc_pos 158216
alloc_pos 158424
alloc_pos 158564
alloc_pos 158724
alloc_pos 158776
alloc_pos 159036
alloc_pos 159156
alloc_pos 159200
alloc_pos 159364
alloc_pos 159460
alloc_pos 159696
alloc_pos 159880
alloc_pos 160060
alloc_pos 160308
alloc_pos 160552
alloc_pos 160668
alloc_pos 160836
alloc_pos 160908
alloc_pos 161112
alloc_pos 161152
alloc_pos 161184
alloc_pos 161376
alloc_pos 161456
alloc_pos 161676
alloc_pos 161772
alloc_pos 161816
alloc_pos 162056
alloc_pos 162136
alloc_pos 162380
alloc_pos 162428
alloc_pos 162548
alloc_pos 162640
alloc_pos 162780
alloc_pos 162964
alloc_pos 163200
alloc_pos 163316
alloc_pos 163380
alloc_pos 163496
alloc_pos 163608
alloc_pos 163684
alloc_pos 163876
alloc_pos 163968
alloc_pos 164168
alloc_pos 164428
alloc_pos 164624
alloc_pos 164812
alloc_pos 164852
alloc_pos 165028
alloc_pos 165212
alloc_pos 165276
alloc_pos 165436
alloc_pos 165644
alloc_pos 165728
alloc_pos 165792
alloc_pos 165932
alloc_pos 166052
alloc_pos 166144
alloc_pos 166404
alloc_pos 166588
alloc_pos 166788
alloc_pos 166952
alloc_pos 167032
alloc_pos 167228
alloc_pos 167332
alloc_pos 167568
alloc_pos 167788
alloc_pos 168008
alloc_pos 168044
alloc_pos 168124
alloc_pos 168356
alloc_pos 168388
alloc_pos 168616
alloc_pos 168720
alloc_pos 168844
alloc_pos 168936
alloc_pos 168976
alloc_pos 169052
alloc_pos 169308
alloc_pos 169572
alloc_pos 169740
alloc_pos 169988
alloc_pos 170192
alloc_pos 170296
alloc_pos 170372
alloc_pos 170560
alloc_pos 170708
alloc_pos 170832
alloc_pos 171080
alloc_pos 171336
alloc_pos 171524
alloc_pos 171664
alloc_pos 171724
alloc_pos 171812
alloc_pos 171868
alloc_pos 171952
alloc_pos 172164
alloc_pos 172328
alloc_pos 172488
alloc_pos 172576
alloc_pos 172788
alloc_pos 172960
alloc_pos 173092
alloc_pos 173344
alloc_pos 173516
alloc_pos 173640
alloc_pos 173756
alloc_pos 173836
alloc_pos 173892
alloc_pos 174044
alloc_pos 174192
alloc_pos 174236
alloc_pos 174452
alloc_pos 174488
alloc_pos 174732
alloc_pos 174784
alloc_pos 174844
alloc_pos 175028
alloc_pos 175092
alloc_pos 175316
alloc_pos 175512
alloc_pos 175644
alloc_pos 175820
alloc_pos 175860
alloc_pos 175980
alloc_pos 176100
alloc_pos 176276
alloc_pos 176416
alloc_pos 176572
alloc_pos 176660
alloc_pos 176824
alloc_pos 177068
alloc_pos 177332
alloc_pos 177356
alloc_pos 177552
alloc_pos 177760
alloc_pos 177812
alloc_pos 178008
alloc_pos 178256
alloc_pos 178416
alloc_pos 178632
alloc_pos 178724
alloc_pos 178944
alloc_pos 179132
alloc_pos 179240
alloc_pos 179292
alloc_pos 179388
alloc_pos 179520
alloc_pos 179584
alloc_pos 179724
alloc_pos 179748
alloc_pos 179956
alloc_pos 180204
alloc_pos 180412
alloc_pos 180500
alloc_pos 180652
alloc_pos 180868
alloc_pos 180936
alloc_pos 181088
alloc_pos 181344
alloc_pos 181392
alloc_pos 181636
alloc_pos 181820
alloc_pos 181920
alloc_pos 182156
alloc_pos 182340
alloc_pos 182492
alloc_pos 182668
alloc_pos 182740
alloc_pos 182800
alloc_pos 182916
alloc_pos 183132
alloc_pos 183196
alloc_pos 183356
alloc_pos 183576
alloc_pos 183836
alloc_pos 183992
alloc_pos 184248
alloc_pos 184272
alloc_pos 184448
alloc_pos 184552
alloc_pos 184700
alloc_pos 184728
alloc_pos 184780
alloc_pos 185040
alloc_pos 185156
alloc_pos 185404
alloc_pos 185640
alloc_pos 185868
alloc_pos 185968
alloc_pos 186052
alloc_pos 186088
alloc_pos 186172
alloc_pos 186420
alloc_pos 186588
alloc_pos 186852
alloc_pos 186896
alloc_pos 187080
alloc_pos 187132
alloc_pos 187160
alloc_pos 187372
alloc_pos 187464
alloc_pos 187548
alloc_pos 187628
alloc_pos 187684
alloc_pos 187896
alloc_pos 187944
alloc_pos 188140
alloc_pos 188352
alloc_pos 188604
alloc_pos 188764
alloc_pos 188808
alloc_pos 188980
alloc_pos 189112
alloc_pos 189144
alloc_pos 189172
alloc_pos 189216
alloc_pos 189292
alloc_pos 189372
alloc_pos 189524
alloc_pos 189700
alloc_pos 189728
alloc_pos 189892
alloc_pos 189964
alloc_pos 190168
alloc_pos 190356
alloc_pos 190556
alloc_pos 190716
alloc_pos 190844
alloc_pos 190924
alloc_pos 191060
alloc_pos 191232
alloc_pos 191324
alloc_pos 191552
alloc_pos 191796
alloc_pos 191820
alloc_pos 192036
alloc_pos 192264
alloc_pos 192328
alloc_pos 192528
alloc_pos 192660
alloc_pos 192768
alloc_pos 192860
alloc_pos 192920
alloc_pos 192996
alloc_pos 193212
alloc_pos 193320
alloc_pos 193368
alloc_pos 193412
alloc_pos 193532
alloc_pos 193580
alloc_pos 193692
alloc_pos 193932
alloc_pos 194044
alloc_pos 194220
alloc_pos 194308
alloc_pos 194536
alloc_pos 194568
alloc_pos 194776
alloc_pos 194916
alloc_pos 195076
alloc_pos 195128
alloc_pos 195388
alloc_pos 195508
alloc_pos 195552
alloc_pos 195716
alloc_pos 195812
alloc_pos 196048
alloc_pos 196232
alloc_pos 196412
alloc_pos 196660
alloc_pos 196904
alloc_pos 197020
alloc_pos 197188
alloc_pos 197260
alloc_pos 197464
alloc_pos 197504
alloc_pos 197536
alloc_pos 197728
alloc_pos 197808
alloc_pos 198028
alloc_pos 198124
alloc_pos 198168
alloc_pos 198408
alloc_pos 198488
alloc_pos 198732
alloc_pos 198780
alloc_pos 198900
alloc_pos 198992
alloc_pos 199132
alloc_pos 199316
alloc_pos 199552
alloc_pos 199668
alloc_pos 199732
alloc_pos 199848
alloc_pos 199960
alloc_pos 200036
alloc_pos 200228
alloc_pos 200320
alloc_pos 200520
alloc_pos 200780
alloc_pos 200976
alloc_pos 201164
alloc_pos 201204
alloc_pos 201380
alloc_pos 201564
alloc_pos 201628
alloc_pos 201788
alloc_pos 201996
alloc_pos 202080
alloc_pos 202144
alloc_pos 202284
alloc_pos 202404
alloc_pos 202496
alloc_pos 202756
alloc_pos 202940
alloc_pos 203140
alloc_pos 203304
alloc_pos 203384
alloc_pos 203580
alloc_pos 203684
alloc_pos 203920
alloc_pos 204140
alloc_pos 204360
alloc_pos 204396
alloc_pos 204476
alloc_pos 204708
alloc_pos 204740
alloc_pos 204968
alloc_pos 205072
alloc_pos 205196
alloc_pos 205288
alloc_pos 205328
alloc_pos 205404
alloc_pos 205660
alloc_pos 205924
alloc_pos 206092
alloc_pos 206340
alloc_pos 206544
alloc_pos 206648
alloc_pos 206724
alloc_pos 206912
alloc_pos 207060
alloc_pos 207184
alloc_pos 207432
alloc_pos 207688
alloc_pos 207876
alloc_pos 208016
alloc_pos 208076
alloc_pos 208164
alloc_pos 208220
alloc_pos 208304
alloc_pos 208516
alloc_pos 208680
alloc_pos 208840
alloc_pos 208928
alloc_pos 209140
alloc_pos 209312
alloc_pos 209444
alloc_pos 209696
alloc_pos 209868
alloc_pos 209992
alloc_pos 210108
alloc_pos 210188
alloc_pos 210244
alloc_pos 210396
alloc_pos 210544
alloc_pos 210588
alloc_pos 210804
alloc_pos 210840
alloc_pos 211084
alloc_pos 211136
alloc_pos 211196
alloc_pos 211380
alloc_pos 211444
alloc_pos 211668
alloc_pos 211864
alloc_pos 211996
alloc_pos 212172
alloc_pos 212212
alloc_pos 212332
alloc_pos 212452
alloc_pos 212628
alloc_pos 212768
alloc_pos 212924
alloc_pos 213012
alloc_pos 213176
alloc_pos 213420
alloc_pos 213684
alloc_pos 213708
alloc_pos 213904
alloc_pos 214112
alloc_pos 214164
alloc_pos 214360
alloc_pos 214608
alloc_pos 214768
alloc_pos 214984
alloc_pos 215076
alloc_pos 215296
alloc_pos 215484
alloc_pos 215592
alloc_pos 215644
alloc_pos 215740
alloc_pos 215872
alloc_pos 215936
alloc_pos 216076
alloc_pos 216100
alloc_pos 216308
alloc_pos 216556
alloc_pos 216764
alloc_pos 216852
alloc_pos 217004
alloc_pos 217220
alloc_pos 217288
alloc_pos 217440
alloc_pos 217696
alloc_pos 217744
alloc_pos 217988
alloc_pos 218172
alloc_pos 218272
alloc_pos 218508
alloc_pos 218692
alloc_pos 218844
alloc_pos 219020
alloc_pos 219092
alloc_pos 219152
alloc_pos 219268
alloc_pos 219484
alloc_pos 219548
alloc_pos 219708
alloc_pos 219928
alloc_pos 220188
alloc_pos 220344
alloc_pos 220600
alloc_pos 220624
alloc_pos 220800
alloc_pos 220904
alloc_pos 221052
alloc_pos 221080
alloc_pos 221132
alloc_pos 221392
alloc_pos 221508
alloc_pos 221756
alloc_pos 221992
alloc_pos 222220
alloc_pos 222320
alloc_pos 222404
alloc_pos 222440
alloc_pos 222524
alloc_pos 222772
alloc_pos 222940
alloc_pos 223204
alloc_pos 223248
alloc_pos 223432
alloc_pos 223484
alloc_pos 223512
alloc_pos 223724
alloc_pos 223816
alloc_pos 223900
alloc_pos 223980
alloc_pos 224036
alloc_pos 224248
alloc_pos 224296
alloc_pos 224492
alloc_pos 224704
alloc_pos 224956
alloc_pos 225116
alloc_pos 225160
alloc_pos 225332
alloc_pos 225464
alloc_pos 225496
alloc_pos 225524
alloc_pos 225568
alloc_pos 225644
alloc_pos 225724
alloc_pos 225876
alloc_pos 226052
alloc_pos 226080
alloc_pos 226244
alloc_pos 226316
alloc_pos 226520
alloc_pos 226708
alloc_pos 226908
alloc_pos 227068
alloc_pos 227196
alloc_pos 227276
alloc_pos 227412
alloc_pos 227584
alloc_pos 227676
alloc_pos 227904
alloc_pos 228148
alloc_pos 228172
alloc_pos 228388
alloc_pos 228616
alloc_pos 228680
alloc_pos 228880
alloc_pos 229012
alloc_pos 229120
alloc_pos 229212
alloc_pos 229272
alloc_pos 229348
alloc_pos 229564
alloc_pos 229672
alloc_pos 229720
alloc_pos 229764
alloc_pos 229884
alloc_pos 229932
alloc_pos 230044
alloc_pos 230284
alloc_pos 230396
alloc_pos 230572
alloc_pos 230660
alloc_pos 230888
alloc_pos 230920
alloc_pos 231128
alloc_pos 231268
alloc_pos 231428
alloc_pos 231480
alloc_pos 231740
alloc_pos 231860
alloc_pos 231904
alloc_pos 232068
alloc_pos 232164
alloc_pos 232400
alloc_pos 232584
alloc_pos 232764
alloc_pos 233012
alloc_pos 233256
alloc_pos 233372
alloc_pos 233540
alloc_pos 233612
alloc_pos 233816
alloc_pos 233856
alloc_pos 233888
alloc_pos 234080
alloc_pos 234160
alloc_pos 234380
alloc_pos 234476
alloc_pos 234520
alloc_pos 234760
alloc_pos 234840
alloc_pos 235084
alloc_pos 235132
alloc_pos 235252
alloc_pos 235344
alloc_pos 235484
alloc_pos 235668
alloc_pos 235904
alloc_pos 236020
alloc_pos 236084
alloc_pos 236200
alloc_pos 236312
alloc_pos 236388
alloc_pos 236580
alloc_pos 236672
alloc_pos 236872
alloc_pos 237132
alloc_pos 237328
alloc_pos 237516
alloc_pos 237556
alloc_pos 237732
alloc_pos 237916
alloc_pos 237980
alloc_pos 238140
alloc_pos 238348
alloc_pos 238432
alloc_pos 238496
alloc_pos 238636
alloc_pos 238756
alloc_pos 238848
alloc_pos 239108
alloc_pos 239292
alloc_pos 239492
alloc_pos 239656
alloc_pos 239736
alloc_pos 239932
alloc_pos 240036
alloc_pos 240272
alloc_pos 240492
alloc_pos 240712
alloc_pos 240748
alloc_pos 240828
alloc_pos 241060
alloc_pos 241092
alloc_pos 241320
alloc_pos 241424
alloc_pos 241548
alloc_pos 241640
alloc_pos 241680
alloc_pos 241756
alloc_pos 242012
alloc_pos 242276
alloc_pos 242444
alloc_pos 242692
alloc_pos 242896
alloc_pos 243000
alloc_pos 243076
alloc_pos 243264
alloc_pos 243412
alloc_pos 243536
alloc_pos 243784
alloc_pos 244040
alloc_pos 244228
alloc_pos 244368
alloc_pos 244428
alloc_pos 244516
alloc_pos 244572
alloc_pos 244656
alloc_pos 244868
alloc_pos 245032
alloc_pos 245192
alloc_pos 245280
alloc_pos 245492
alloc_pos 245664
alloc_pos 245796
alloc_pos 246048
alloc_pos 246220
alloc_pos 246344
alloc_pos 246460
alloc_pos 246540
alloc_pos 246596
alloc_pos 246748
alloc_pos 246896
alloc_pos 246940
alloc_pos 247156
alloc_pos 247192
alloc_pos 247436
alloc_pos 247488
alloc_pos 247548
alloc_pos 247732
alloc_pos 247796
alloc_pos 248020
alloc_pos 248216
alloc_pos 248348
alloc_pos 248524
alloc_pos 248564
alloc_pos 248684
alloc_pos 248804
alloc_pos 248980
alloc_pos 249120
alloc_pos 249276
alloc_pos 249364
alloc_pos 249528
alloc_pos 249772
alloc_pos 250036
alloc_pos 250060
alloc_pos 250256
alloc_pos 250464
alloc_pos 250516
alloc_pos 250712
alloc_pos 250960
alloc_pos 251120
alloc_pos 251336
alloc_pos 251428
alloc_pos 251648
alloc_pos 251836
alloc_pos 251944
alloc_pos 251996
alloc_pos 252092
alloc_pos 252224
alloc_pos 252288
alloc_pos 252428
alloc_pos 252452
alloc_pos 252660
alloc_pos 252908
alloc_pos 253116
alloc_pos 253204
alloc_pos 253356
alloc_pos 253572
alloc_pos 253640
alloc_pos 253792
alloc_pos 254048
alloc_pos 254096
alloc_pos 254340
alloc_pos 254524
alloc_pos 254624
alloc_pos 254860
alloc_pos 255044
alloc_pos 255196
alloc_pos 255372
alloc_pos 255444
alloc_pos 255504
alloc_pos 255620
alloc_pos 255836
alloc_pos 255900
alloc_pos 256060
alloc_pos 256280
alloc_pos 256540
alloc_pos 256696
alloc_pos 256952
alloc_pos 256976
alloc_pos 257152
alloc_pos 257256
alloc_pos 257404
alloc_pos 257432
alloc_pos 257484
alloc_pos 257744
alloc_pos 257860
alloc_pos 258108
alloc_pos 258344
alloc_pos 258572
alloc_pos 258672
alloc_pos 258756
alloc_pos 258792
alloc_pos 258876
alloc_pos 259124
alloc_pos 259292
alloc_pos 259556
alloc_pos 259600
alloc_pos 259784
alloc_pos 259836
alloc_pos 259864
alloc_pos 260076
alloc_pos 260168
alloc_pos 260252
alloc_pos 260332
alloc_pos 260388
alloc_pos 260600
alloc_pos 260648
alloc_pos 260844
alloc_pos 261056
alloc_pos 261308
alloc_pos 261468
alloc_pos 261512
alloc_pos 261684
alloc_pos 261816
alloc_pos 261848
alloc_pos 261876
alloc_pos 261920
alloc_pos 261996
alloc_pos -1

