reason: unexpected exit code -6
--- stdout ---
CHENEY GENERATOR!
--- stderr ---
alloc_pos 8
alloc_pos 1040
alloc_pos 2072
alloc_pos 3104
alloc_pos 4136
alloc_pos 5168
alloc_pos 5432
alloc_pos 5520
alloc_pos 5616
alloc_pos 5812
alloc_pos 6068
alloc_pos 6264
alloc_pos 6492
alloc_pos 6732
alloc_pos 6980
alloc_pos 7048
alloc_pos 7236
alloc_pos 7316
alloc_pos 7508
alloc_pos 7568
alloc_pos 7812
alloc_pos 7892
alloc_pos 8080
alloc_pos 8288
alloc_pos 8356
alloc_pos 8412
alloc_pos 8452
alloc_pos 8612
alloc_pos 8852
alloc_pos 8928
alloc_pos 9140
alloc_pos 9236
alloc_pos 9264
alloc_pos 9396
alloc_pos 9452
alloc_pos 9688
alloc_pos 9884
alloc_pos 10060
alloc_pos 10084
alloc_pos 10176
alloc_pos 10412
alloc_pos 10472
alloc_pos 10516
alloc_pos 10760
alloc_pos 10984
alloc_pos 11212
alloc_pos 11460
alloc_pos 11688
alloc_pos 11776
alloc_pos 12008
alloc_pos 12144
alloc_pos 12356
alloc_pos 12488
alloc_pos 12752
alloc_pos 12808
alloc_pos 13032
alloc_pos 13280
alloc_pos 13368
alloc_pos 13480
alloc_pos 13720
alloc_pos 13800
alloc_pos 13948
alloc_pos 14200
alloc_pos 14416
alloc_pos 14580
alloc_pos 14748
alloc_pos 14880
alloc_pos 15072
alloc_pos 15188
alloc_pos 15436
alloc_pos 15568
alloc_pos 15752
alloc_pos 15856
alloc_pos 16044
alloc_pos 16096
alloc_pos 16208
alloc_pos 16440
alloc_pos 16616
alloc_pos 16844
alloc_pos 17028
alloc_pos 17116
alloc_pos 17316
alloc_pos 17452
alloc_pos 17616
alloc_pos 17796
alloc_pos 18008
alloc_pos 18064
alloc_pos 18200
alloc_pos 18396
alloc_pos 18604
alloc_pos 18740
alloc_pos 18900
alloc_pos 18968
alloc_pos 19064
alloc_pos 19136
alloc_pos 19204
alloc_pos 19360
alloc_pos 19472
alloc_pos 19560
alloc_pos 19676
alloc_pos 19816
alloc_pos 19904
alloc_pos 20080
alloc_pos 20172
alloc_pos 20296
alloc_pos 20544
alloc_pos 20600
alloc_pos 20768
alloc_pos 20916
alloc_pos 21080
alloc_pos 21164
alloc_pos 21332
alloc_pos 21416
alloc_pos 21664
alloc_pos 21736
alloc_pos 21936
alloc_pos 22052
alloc_pos 22108
alloc_pos 22148
alloc_pos 22280
alloc_pos 22468
alloc_pos 22652
alloc_pos 22792
alloc_pos 22912
alloc_pos 22936
alloc_pos 23144
alloc_pos 23276
alloc_pos 23536
alloc_pos 23780
alloc_pos 23812
alloc_pos 23892
alloc_pos 23952
alloc_pos 24100
alloc_pos 24328
alloc_pos 24528
alloc_pos 24764
alloc_pos 24900
alloc_pos 25084
alloc_pos 25172
alloc_pos 25236
alloc_pos 25444
alloc_pos 25572
alloc_pos 25784
alloc_pos 26028
alloc_pos 26116
alloc_pos 26364
alloc_pos 26580
alloc_pos 26808
alloc_pos 26920
alloc_pos 26992
alloc_pos 27196
alloc_pos 27436
alloc_pos 27620
alloc_pos 27736
alloc_pos 27892
alloc_pos 28096
alloc_pos 28288
alloc_pos 28344
alloc_pos 28596
alloc_pos 28800
alloc_pos 28976
alloc_pos 29060
alloc_pos 29268
alloc_pos 29416
alloc_pos 29492
alloc_pos 29736
alloc_pos 29916
alloc_pos 29948
alloc_pos 30120
alloc_pos 30320
alloc_pos 30492
alloc_pos 30524
alloc_pos 30636
alloc_pos 30808
alloc_pos 31016
alloc_pos 31184
alloc_pos 31292
alloc_pos 31360
alloc_pos 31456
alloc_pos 31528
alloc_pos 31592
alloc_pos 31816
alloc_pos 32012
alloc_pos 32176
alloc_pos 32228
alloc_pos 32480
alloc_pos 32560
alloc_pos 32624
alloc_pos 32664
alloc_pos 32796
alloc_pos 32984
alloc_pos 33160
alloc_pos 33324
alloc_pos 33552
alloc_pos 33712
alloc_pos 33912
alloc_pos 33944
alloc_pos 34080
alloc_pos 34312
alloc_pos 34420
alloc_pos 34608
alloc_pos 34652
alloc_pos 34808
alloc_pos 34832
alloc_pos 34888
alloc_pos 34988
alloc_pos 35040
alloc_pos 35168
alloc_pos 35268
alloc_pos 35524
alloc_pos 35616
alloc_pos 35784
alloc_pos 35960
alloc_pos 36160
alloc_pos 36200
alloc_pos 36464
alloc_pos 36608
alloc_pos 36764
alloc_pos 36880
alloc_pos 37120
alloc_pos 37356
alloc_pos 37388
alloc_pos 37412
alloc_pos 37516
alloc_pos 37624
alloc_pos 37684
alloc_pos 37832
alloc_pos 37996
alloc_pos 38156
alloc_pos 38312
alloc_pos 38544
alloc_pos 38688
alloc_pos 38768
alloc_pos 38960
alloc_pos 39036
alloc_pos 39132
alloc_pos 39360
alloc_pos 39392
alloc_pos 39512
alloc_pos 39664
alloc_pos 39868
alloc_pos 40124
alloc_pos 40188
alloc_pos 40400
alloc_pos 40460
alloc_pos 40548
alloc_pos 40680
alloc_pos 40876
alloc_pos 41108
alloc_pos 41348
alloc_pos 41424
alloc_pos 41512
alloc_pos 41644
alloc_pos 41816
alloc_pos 41900
alloc_pos 42012
alloc_pos 42232
alloc_pos 42316
alloc_pos 42488
alloc_pos 42584
alloc_pos 42716
alloc_pos 42792
alloc_pos 42980
alloc_pos 43068
alloc_pos 43164
alloc_pos 43360
alloc_pos 43616
alloc_pos 43812
alloc_pos 44040
alloc_pos 44280
alloc_pos 44528
alloc_pos 44596
alloc_pos 44784
alloc_pos 44864
alloc_pos 45056
alloc_pos 45116
alloc_pos 45360
alloc_pos 45440
alloc_pos 45628
alloc_pos 45836
alloc_pos 45904
alloc_pos 45960
alloc_pos 46000
alloc_pos 46160
alloc_pos 46400
alloc_pos 46476
alloc_pos 46688
alloc_pos 46784
alloc_pos 46812
alloc_pos 46944
alloc_pos 47000
alloc_pos 47236
alloc_pos 47432
alloc_pos 47608
alloc_pos 47632
alloc_pos 47724
alloc_pos 47960
alloc_pos 48020
alloc_pos 48064
alloc_pos 48308
alloc_pos 48532
alloc_pos 48760
alloc_pos 49008
alloc_pos 49236
alloc_pos 49324
alloc_pos 49556
alloc_pos 49692
alloc_pos 49904
alloc_pos 50036
alloc_pos 50300
alloc_pos 50356
alloc_pos 50580
alloc_pos 50828
alloc_pos 50916
alloc_pos 51028
alloc_pos 51268
alloc_pos 51348
alloc_pos 51496
alloc_pos 51748
alloc_pos 51964
alloc_pos 52128
alloc_pos 52296
alloc_pos 52428
alloc_pos 52620
alloc_pos 52736
alloc_pos 52984
alloc_pos 53116
alloc_pos 53300
alloc_pos 53404
alloc_pos 53592
alloc_pos 53644
alloc_pos 53756
alloc_pos 53988
alloc_pos 54164
alloc_pos 54392
alloc_pos 54576
alloc_pos 54664
alloc_pos 54864
alloc_pos 55000
alloc_pos 55164
alloc_pos 55344
alloc_pos 55556
alloc_pos 55612
alloc_pos 55748
alloc_pos 55944
alloc_pos 56152
alloc_pos 56288
alloc_pos 56448
alloc_pos 56516
alloc_pos 56612
alloc_pos 56684
alloc_pos 56752
alloc_pos 56908
alloc_pos 57020
alloc_pos 57108
alloc_pos 57224
alloc_pos 57364
alloc_pos 57452
alloc_pos 57628
alloc_pos 57720
alloc_pos 57844
alloc_pos 58092
alloc_pos 58148
alloc_pos 58316
alloc_pos 58464
alloc_pos 58628
alloc_pos 58712
alloc_pos 58880
alloc_pos 58964
alloc_pos 59212
alloc_pos 59284
alloc_pos 59484
alloc_pos 59600
alloc_pos 59656
alloc_pos 59696
alloc_pos 59828
alloc_pos 60016
alloc_pos 60200
alloc_pos 60340
alloc_pos 60460
alloc_pos 60484
alloc_pos 60692
alloc_pos 60824
alloc_pos 61084
alloc_pos 61328
alloc_pos 61360
alloc_pos 61440
alloc_pos 61500
alloc_pos 61648
alloc_pos 61876
alloc_pos 62076
alloc_pos 62312
alloc_pos 62448
alloc_pos 62632
alloc_pos 62720
alloc_pos 62784
alloc_pos 62992
alloc_pos 63120
alloc_pos 63332
alloc_pos 63576
alloc_pos 63664
alloc_pos 63912
alloc_pos 64128
alloc_pos 64356
alloc_pos 64468
alloc_pos 64540
alloc_pos 64744
alloc_pos 64984
alloc_pos 65168
alloc_pos 65284
alloc_pos 65440
alloc_pos 65644
alloc_pos 65836
alloc_pos 65892
alloc_pos 66144
alloc_pos 66348
alloc_pos 66524
alloc_pos 66608
alloc_pos 66816
alloc_pos 66964
alloc_pos 67040
alloc_pos 67284
alloc_pos 67464
alloc_pos 67496
alloc_pos 67668
alloc_pos 67868
alloc_pos 68040
alloc_pos 68072
alloc_pos 68184
alloc_pos 68356
alloc_pos 68564
alloc_pos 68732
alloc_pos 68840
alloc_pos 68908
alloc_pos 69004
alloc_pos 69076
alloc_pos 69140
alloc_pos 69364
alloc_pos 69560
alloc_pos 69724
alloc_pos 69776
alloc_pos 70028
alloc_pos 70108
alloc_pos 70172
alloc_pos 70212
alloc_pos 70344
alloc_pos 70532
alloc_pos 70708
alloc_pos 70872
alloc_pos 71100
alloc_pos 71260
alloc_pos 71460
alloc_pos 71492
alloc_pos 71628
alloc_pos 71860
alloc_pos 71968
alloc_pos 72156
alloc_pos 72200
alloc_pos 72356
alloc_pos 72380
alloc_pos 72436
alloc_pos 72536
alloc_pos 72588
alloc_pos 72716
alloc_pos 72816
alloc_pos 73072
alloc_pos 73164
alloc_pos 73332
alloc_pos 73508
alloc_pos 73708
alloc_pos 73748
alloc_pos 74012
alloc_pos 74156
alloc_pos 74312
alloc_pos 74428
alloc_pos 74668
alloc_pos 74904
alloc_pos 74936
alloc_pos 74960
alloc_pos 75064
alloc_pos 75172
alloc_pos 75232
alloc_pos 75380
alloc_pos 75544
alloc_pos 75704
alloc_pos 75860
alloc_pos 76092
alloc_pos 76236
alloc_pos 76316
alloc_pos 76508
alloc_pos 76584
alloc_pos 76680
alloc_pos 76908
alloc_pos 76940
alloc_pos 77060
alloc_pos 77212
alloc_pos 77416
alloc_pos 77672
alloc_pos 77736
alloc_pos 77948
alloc_pos 78008
alloc_pos 78096
alloc_pos 78228
alloc_pos 78424
alloc_pos 78656
alloc_pos 78896
alloc_pos 78972
alloc_pos 79060
alloc_pos 79192
alloc_pos 79364
alloc_pos 79448
alloc_pos 79560
alloc_pos 79780
alloc_pos 79864
alloc_pos 80036
alloc_pos 80132
alloc_pos 80264
alloc_pos 80340
alloc_pos 80528
alloc_pos 80616
alloc_pos 80712
alloc_pos 80908
alloc_pos 81164
alloc_pos 81360
alloc_pos 81588
alloc_pos 81828
alloc_pos 82076
alloc_pos 82144
alloc_pos 82332
alloc_pos 82412
alloc_pos 82604
alloc_pos 82664
alloc_pos 82908
alloc_pos 82988
alloc_pos 83176
alloc_pos 83384
alloc_pos 83452
alloc_pos 83508
alloc_pos 83548
alloc_pos 83708
alloc_pos 83948
alloc_pos 84024
alloc_pos 84236
alloc_pos 84332
alloc_pos 84360
alloc_pos 84492
alloc_pos 84548
alloc_pos 84784
alloc_pos 84980
alloc_pos 85156
alloc_pos 85180
alloc_pos 85272
alloc_pos 85508
alloc_pos 85568
alloc_pos 85612
alloc_pos 85856
alloc_pos 86080
alloc_pos 86308
alloc_pos 86556
alloc_pos 86784
alloc_pos 86872
alloc_pos 87104
alloc_pos 87240
alloc_pos 87452
alloc_pos 87584
alloc_pos 87848
alloc_pos 87904
alloc_pos 88128
alloc_pos 88376
alloc_pos 88464
alloc_pos 88576
alloc_pos 88816
alloc_pos 88896
alloc_pos 89044
alloc_pos 89296
alloc_pos 89512
alloc_pos 89676
alloc_pos 89844
alloc_pos 89976
alloc_pos 90168
alloc_pos 90284
alloc_pos 90532
alloc_pos 90664
alloc_pos 90848
alloc_pos 90952
alloc_pos 91140
alloc_pos 91192
alloc_pos 91304
alloc_pos 91536
alloc_pos 91712
alloc_pos 91940
alloc_pos 92124
alloc_pos 92212
alloc_pos 92412
alloc_pos 92548
alloc_pos 92712
alloc_pos 92892
alloc_pos 93104
alloc_pos 93160
alloc_pos 93296
alloc_pos 93492
alloc_pos 93700
alloc_pos 93836
alloc_pos 93996
alloc_pos 94064
alloc_pos 94160
alloc_pos 94232
alloc_pos 94300
alloc_pos 94456
alloc_pos 94568
alloc_pos 94656
alloc_pos 94772
alloc_pos 94912
alloc_pos 95000
alloc_pos 95176
alloc_pos 95268
alloc_pos 95392
alloc_pos 95640
alloc_pos 95696
alloc_pos 95864
alloc_pos 96012
alloc_pos 96176
alloc_pos 96260
alloc_pos 96428
alloc_pos 96512
alloc_pos 96760
alloc_pos 96832
alloc_pos 97032
alloc_pos 97148
alloc_pos 97204
alloc_pos 97244
alloc_pos 97376
alloc_pos 97564
alloc_pos 97748
alloc_pos 97888
alloc_pos 98008
alloc_pos 98032
alloc_pos 98240
alloc_pos 98372
alloc_pos 98632
alloc_pos 98876
alloc_pos 98908
alloc_pos 98988
alloc_pos 99048
alloc_pos 99196
alloc_pos 99424
alloc_pos 99624
alloc_pos 99860
alloc_pos 99996
alloc_pos 100180
alloc_pos 100268
alloc_pos 100332
alloc_pos 100540
alloc_pos 100668
alloc_pos 100880
alloc_pos 101124
alloc_pos 101212
alloc_pos 101460
alloc_pos 101676
alloc_pos 101904
alloc_pos 102016
alloc_pos 102088
alloc_pos 102292
alloc_pos 102532
alloc_pos 102716
alloc_pos 102832
alloc_pos 102988
alloc_pos 103192
alloc_pos 103384
alloc_pos 103440
alloc_pos 103692
alloc_pos 103896
alloc_pos 104072
alloc_pos 104156
alloc_pos 104364
alloc_pos 104512
alloc_pos 104588
alloc_pos 104832
alloc_pos 105012
alloc_pos 105044
alloc_pos 105216
alloc_pos 105416
alloc_pos 105588
alloc_pos 105620
alloc_pos 105732
alloc_pos 105904
alloc_pos 106112
alloc_pos 106280
alloc_pos 106388
alloc_pos 106456
alloc_pos 106552
alloc_pos 106624
alloc_pos 106688
alloc_pos 106912
alloc_pos 107108
alloc_pos 107272
alloc_pos 107324
alloc_pos 107576
alloc_pos 107656
alloc_pos 107720
alloc_pos 107760
alloc_pos 107892
alloc_pos 108080
alloc_pos 108256
alloc_pos 108420
alloc_pos 108648
alloc_pos 108808
alloc_pos 109008
alloc_pos 109040
alloc_pos 109176
alloc_pos 109408
alloc_pos 109516
alloc_pos 109704
alloc_pos 109748
alloc_pos 109904
alloc_pos 109928
alloc_pos 109984
alloc_pos 110084
alloc_pos 110136
alloc_pos 110264
alloc_pos 110364
alloc_pos 110620
alloc_pos 110712
alloc_pos 110880
alloc_pos 111056
alloc_pos 111256
alloc_pos 111296
alloc_pos 111560
alloc_pos 111704
alloc_pos 111860
alloc_pos 111976
alloc_pos 112216
alloc_pos 112452
alloc_pos 112484
alloc_pos 112508
alloc_pos 112612
alloc_pos 112720
alloc_pos 112780
alloc_pos 112928
alloc_pos 113092
alloc_pos 113252
alloc_pos 113408
alloc_pos 113640
alloc_pos 113784
alloc_pos 113864
alloc_pos 114056
alloc_pos 114132
alloc_pos 114228
alloc_pos 114456
alloc_pos 114488
alloc_pos 114608
alloc_pos 114760
alloc_pos 114964
alloc_pos 115220
alloc_pos 115284
alloc_pos 115496
alloc_pos 115556
alloc_pos 115644
alloc_pos 115776
alloc_pos 115972
alloc_pos 116204
alloc_pos 116444
alloc_pos 116520
alloc_pos 116608
alloc_pos 116740
alloc_pos 116912
alloc_pos 116996
alloc_pos 117108
alloc_pos 117328
alloc_pos 117412
alloc_pos 117584
alloc_pos 117680
alloc_pos 117812
alloc_pos 117888
alloc_pos 118076
alloc_pos 118164
alloc_pos 118260
alloc_pos 118456
alloc_pos 118712
alloc_pos 118908
alloc_pos 119136
alloc_pos 119376
alloc_pos 119624
alloc_pos 119692
alloc_pos 119880
alloc_pos 119960
alloc_pos 120152
alloc_pos 120212
alloc_pos 120456
alloc_pos 120536
alloc_pos 120724
alloc_pos 120932
alloc_pos 121000
alloc_pos 121056
alloc_pos 121096
alloc_pos 121256
alloc_pos 121496
alloc_pos 121572
alloc_pos 121784
alloc_pos 121880
alloc_pos 121908
alloc_pos 122040
alloc_pos 122096
alloc_pos 122332
alloc_pos 122528
alloc_pos 122704
alloc_pos 122728
alloc_pos 122820
alloc_pos 123056
alloc_pos 123116
alloc_pos 123160
alloc_pos 123404
alloc_pos 123628
alloc_pos 123856
alloc_pos 124104
alloc_pos 124332
alloc_pos 124420
alloc_pos 124652
alloc_pos 124788
alloc_pos 125000
alloc_pos 125132
alloc_pos 125396
alloc_pos 125452
alloc_pos 125676
alloc_pos 125924
alloc_pos 126012
alloc_pos 126124
alloc_pos 126364
alloc_pos 126444
alloc_pos 126592
alloc_pos 126844
alloc_pos 127060
alloc_pos 127224
alloc_pos 127392
alloc_pos 127524
alloc_pos 127716
alloc_pos 127832
alloc_pos 128080
alloc_pos 128212
alloc_pos 128396
alloc_pos 128500
alloc_pos 128688
alloc_pos 128740
alloc_pos 128852
alloc_pos 129084
alloc_pos 129260
alloc_pos 129488
alloc_pos 129672
alloc_pos 129760
alloc_pos 129960
alloc_pos 130096
alloc_pos 130260
alloc_pos 130440
alloc_pos 130652
alloc_pos 130708
alloc_pos 130844
alloc_pos -1

