reason: unexpected exit code -6
--- stdout ---
CHENEY GENERATOR!
--- stderr ---
alloc_pos 8
alloc_pos 1040
alloc_pos 2072
alloc_pos 3104
alloc_pos 4136
alloc_pos 5168
alloc_pos 5432
alloc_pos 5520
alloc_pos 5616
alloc_pos 5812
alloc_pos 6068
alloc_pos 6264
alloc_pos 6492
alloc_pos 6732
alloc_pos 6980
alloc_pos 7048
alloc_pos 7236
alloc_pos 7316
alloc_pos 7508
alloc_pos 7568
alloc_pos 7812
alloc_pos 7892
alloc_pos 8080
alloc_pos 8288
alloc_pos 8356
alloc_pos 8412
alloc_pos 8452
alloc_pos 8612
alloc_pos 8852
alloc_pos 8928
alloc_pos 9140
alloc_pos 9236
alloc_pos 9264
alloc_pos 9396
alloc_pos 9452
alloc_pos 9688
alloc_pos 9884
alloc_pos 10060
alloc_pos 10084
alloc_pos 10176
alloc_pos 10412
alloc_pos 10472
alloc_pos 10516
alloc_pos 10760
alloc_pos 10984
alloc_pos 11212
alloc_pos 11460
alloc_pos 11688
alloc_pos 11776
alloc_pos 12008
alloc_pos 12144
alloc_pos 12356
alloc_pos 12488
alloc_pos 12752
alloc_pos 12808
alloc_pos 13032
alloc_pos 13280
alloc_pos 13368
alloc_pos 13480
alloc_pos 13720
alloc_pos 13800
alloc_pos 13948
alloc_pos 14200
alloc_pos 14416
alloc_pos 14580
alloc_pos 14748
alloc_pos 14880
alloc_pos 15072
alloc_pos 15188
alloc_pos 15436
alloc_pos 15568
alloc_pos 15752
alloc_pos 15856
alloc_pos 16044
alloc_pos 16096
alloc_pos 16208
alloc_pos 16440
alloc_pos 16616
alloc_pos 16844
alloc_pos 17028
alloc_pos 17116
alloc_pos 17316
alloc_pos 17452
alloc_pos 17616
alloc_pos 17796
alloc_pos 18008
alloc_pos 18064
alloc_pos 18200
alloc_pos 18396
alloc_pos 18604
alloc_pos 18740
alloc_pos 18900
alloc_pos 18968
alloc_pos 19064
alloc_pos 19136
alloc_pos 19204
alloc_pos 19360
alloc_pos 19472
alloc_pos 19560
alloc_pos 19676
alloc_pos 19816
alloc_pos 19904
alloc_pos 20080
alloc_pos 20172
alloc_pos 20296
alloc_pos 20544
alloc_pos 20600
alloc_pos 20768
alloc_pos 20916
alloc_pos 21080
alloc_pos 21164
alloc_pos 21332
alloc_pos 21416
alloc_pos 21664
alloc_pos 21736
alloc_pos 21936
alloc_pos 22052
alloc_pos 22108
alloc_pos 22148
alloc_pos 22280
alloc_pos 22468
alloc_pos 22652
alloc_pos 22792
alloc_pos 22912
alloc_pos 22936
alloc_pos 23144
alloc_pos 23276
alloc_pos 23536
alloc_pos 23780
alloc_pos 23812
alloc_pos 23892
alloc_pos 23952
alloc_pos 24100
alloc_pos 24328
alloc_pos 24528
alloc_pos 24764
alloc_pos 24900
alloc_pos 25084
alloc_pos 25172
alloc_pos 25236
alloc_pos 25444
alloc_pos 25572
alloc_pos 25784
alloc_pos 26028
alloc_pos 26116
alloc_pos 26364
alloc_pos 26580
alloc_pos 26808
alloc_pos 26920
alloc_pos 26992
alloc_pos 27196
alloc_pos 27436
alloc_pos 27620
alloc_pos 27736
alloc_pos 27892
alloc_pos 28096
alloc_pos 28288
alloc_pos 28344
alloc_pos 28596
alloc_pos 28800
alloc_pos 28976
alloc_pos 29060
alloc_pos 29268
alloc_pos 29416
alloc_pos 29492
alloc_pos 29736
alloc_pos 29916
alloc_pos 29948
alloc_pos 30120
alloc_pos 30320
alloc_pos 30492
alloc_pos 30524
alloc_pos 30636
alloc_pos 30808
alloc_pos 31016
alloc_pos 31184
alloc_pos 31292
alloc_pos 31360
alloc_pos 31456
alloc_pos 31528
alloc_pos 31592
alloc_pos 31816
alloc_pos 32012
alloc_pos 32176
alloc_pos 32228
alloc_pos 32480
alloc_pos 32560
alloc_pos 32624
alloc_pos 32664
alloc_pos 32796
alloc_pos 32984
alloc_pos 33160
alloc_pos 33324
alloc_pos 33552
alloc_pos 33712
alloc_pos 33912
alloc_pos 33944
alloc_pos 34080
alloc_pos 34312
alloc_pos 34420
alloc_pos 34608
alloc_pos 34652
alloc_pos 34808
alloc_pos 34832
alloc_pos 34888
alloc_pos 34988
alloc_pos 35040
alloc_pos 35168
alloc_pos 35268
alloc_pos 35524
alloc_pos 35616
alloc_pos 35784
alloc_pos 35960
alloc_pos 36160
alloc_pos 36200
alloc_pos 36464
alloc_pos 36608
alloc_pos 36764
alloc_pos 36880
alloc_pos 37120
alloc_pos 37356
alloc_pos 37388
alloc_pos 37412
alloc_pos 37516
alloc_pos 37624
alloc_pos 37684
alloc_pos 37832
alloc_pos 37996
alloc_pos 38156
alloc_pos 38312
alloc_pos 38544
alloc_pos 38688
alloc_pos 38768
alloc_pos 38960
alloc_pos 39036
alloc_pos 39132
alloc_pos 39360
alloc_pos 39392
alloc_pos 39512
alloc_pos 39664
alloc_pos 39868
alloc_pos 40124
alloc_pos 40188
alloc_pos 40400
alloc_pos 40460
alloc_pos 40548
alloc_pos 40680
alloc_pos 40876
alloc_pos 41108
alloc_pos 41348
alloc_pos 41424
alloc_pos 41512
alloc_pos 41644
alloc_pos 41816
alloc_pos 41900
alloc_pos 42012
alloc_pos 42232
alloc_pos 42316
alloc_pos 42488
alloc_pos 42584
alloc_pos 42716
alloc_pos 42792
alloc_pos 42980
alloc_pos 43068
alloc_pos 43164
alloc_pos 43360
alloc_pos 43616
alloc_pos 43812
alloc_pos 44040
alloc_pos 44280
alloc_pos 44528
alloc_pos 44596
alloc_pos 44784
alloc_pos 44864
alloc_pos 45056
alloc_pos 45116
alloc_pos 45360
alloc_pos 45440
alloc_pos 45628
alloc_pos 45836
alloc_pos 45904
alloc_pos 45960
alloc_pos 46000
alloc_pos 46160
alloc_pos 46400
alloc_pos 46476
alloc_pos 46688
alloc_pos 46784
alloc_pos 46812
alloc_pos 46944
alloc_pos 47000
alloc_pos 47236
alloc_pos 47432
alloc_pos 47608
alloc_pos 47632
alloc_pos 47724
alloc_pos 47960
alloc_pos 48020
alloc_pos 48064
alloc_pos 48308
alloc_pos 48532
alloc_pos 48760
alloc_pos 49008
alloc_pos 49236
alloc_pos 49324
alloc_pos 49556
alloc_pos 49692
alloc_pos 49904
alloc_pos 50036
alloc_pos 50300
alloc_pos 50356
alloc_pos 50580
alloc_pos 50828
alloc_pos 50916
alloc_pos 51028
alloc_pos 51268
alloc_pos 51348
alloc_pos 51496
alloc_pos 51748
alloc_pos 51964
alloc_pos 52128
alloc_pos 52296
alloc_pos 52428
alloc_pos 52620
alloc_pos 52736
alloc_pos 52984
alloc_pos 53116
alloc_pos 53300
alloc_pos 53404
alloc_pos 53592
alloc_pos 53644
alloc_pos 53756
alloc_pos 53988
alloc_pos 54164
alloc_pos 54392
alloc_pos 54576
alloc_pos 54664
alloc_pos 54864
alloc_pos 55000
alloc_pos 55164
alloc_pos 55344
alloc_pos 55556
alloc_pos 55612
alloc_pos 55748
alloc_pos 55944
alloc_pos 56152
alloc_pos 56288
alloc_pos 56448
alloc_pos 56516
alloc_pos 56612
alloc_pos 56684
alloc_pos 56752
alloc_pos 56908
alloc_pos 57020
alloc_pos 57108
alloc_pos 57224
alloc_pos 57364
alloc_pos 57452
alloc_pos 57628
alloc_pos 57720
alloc_pos 57844
alloc_pos 58092
alloc_pos 58148
alloc_pos 58316
alloc_pos 58464
alloc_pos 58628
alloc_pos 58712
alloc_pos 58880
alloc_pos 58964
alloc_pos 59212
alloc_pos 59284
alloc_pos 59484
alloc_pos 59600
alloc_pos 59656
alloc_pos 59696
alloc_pos 59828
alloc_pos 60016
alloc_pos 60200
alloc_pos 60340
alloc_pos 60460
alloc_pos 60484
alloc_pos 60692
alloc_pos 60824
alloc_pos 61084
alloc_pos 61328
alloc_pos 61360
alloc_pos 61440
alloc_pos 61500
alloc_pos 61648
alloc_pos 61876
alloc_pos 62076
alloc_pos 62312
alloc_pos 62448
alloc_pos 62632
alloc_pos 62720
alloc_pos 62784
alloc_pos 62992
alloc_pos 63120
alloc_pos 63332
alloc_pos 63576
alloc_pos 63664
alloc_pos 63912
alloc_pos 64128
alloc_pos 64356
alloc_pos 64468
alloc_pos 64540
alloc_pos 64744
alloc_pos 64984
alloc_pos 65168
alloc_pos 65284
alloc_pos 65440
alloc_pos 65644
alloc_pos 65836
alloc_pos 65892
alloc_pos 66144
alloc_pos 66348
alloc_pos 66524
alloc_pos 66608
alloc_pos 66816
alloc_pos 66964
alloc_pos 67040
alloc_pos 67284
alloc_pos 67464
alloc_pos 67496
alloc_pos 67668
alloc_pos 67868
alloc_pos 68040
alloc_pos 68072
alloc_pos 68184
alloc_pos 68356
alloc_pos 68564
alloc_pos 68732
alloc_pos 68840
alloc_pos 68908
alloc_pos 69004
alloc_pos 69076
alloc_pos 69140
alloc_pos 69364
alloc_pos 69560
alloc_pos 69724
alloc_pos 69776
alloc_pos 70028
alloc_pos 70108
alloc_pos 70172
alloc_pos 70212
alloc_pos 70344
alloc_pos 70532
alloc_pos 70708
alloc_pos 70872
alloc_pos 71100
alloc_pos 71260
alloc_pos 71460
alloc_pos 71492
alloc_pos 71628
alloc_pos 71860
alloc_pos 71968
alloc_pos 72156
alloc_pos 72200
alloc_pos 72356
alloc_pos 72380
alloc_pos 72436
alloc_pos 72536
alloc_pos 72588
alloc_pos 72716
alloc_pos 72816
alloc_pos 73072
alloc_pos 73164
alloc_pos 73332
alloc_pos 73508
alloc_pos 73708
alloc_pos 73748
alloc_pos 74012
alloc_pos 74156
alloc_pos 74312
alloc_pos 74428
alloc_pos 74668
alloc_pos 74904
alloc_pos 74936
alloc_pos 74960
alloc_pos 75064
alloc_pos 75172
alloc_pos 75232
alloc_pos 75380
alloc_pos 75544
alloc_pos 75704
alloc_pos 75860
alloc_pos 76092
alloc_pos 76236
alloc_pos 76316
alloc_pos 76508
alloc_pos 76584
alloc_pos 76680
alloc_pos 76908
alloc_pos 76940
alloc_pos 77060
alloc_pos 77212
alloc_pos 77416
alloc_pos 77672
alloc_pos 77736
alloc_pos 77948
alloc_pos 78008
alloc_pos 78096
alloc_pos 78228
alloc_pos 78424
alloc_pos 78656
alloc_pos 78896
alloc_pos 78972
alloc_pos 79060
alloc_pos 79192
alloc_pos 79364
alloc_pos 79448
alloc_pos 79560
alloc_pos 79780
alloc_pos 79864
alloc_pos 80036
alloc_pos 80132
alloc_pos 80264
alloc_pos 80340
alloc_pos 80528
alloc_pos 80616
alloc_pos 80712
alloc_pos 80908
alloc_pos 81164
alloc_pos 81360
alloc_pos 81588
alloc_pos 81828
alloc_pos 82076
alloc_pos 82144
alloc_pos 82332
alloc_pos 82412
alloc_pos 82604
alloc_pos 82664
alloc_pos 82908
alloc_pos 82988
alloc_pos 83176
alloc_pos 83384
alloc_pos 83452
alloc_pos 83508
alloc_pos 83548
alloc_pos 83708
alloc_pos 83948
alloc_pos 84024
alloc_pos 84236
alloc_pos 84332
alloc_pos 84360
alloc_pos 84492
alloc_pos 84548
alloc_pos 84784
alloc_pos 84980
alloc_pos 85156
alloc_pos 85180
alloc_pos 85272
alloc_pos 85508
alloc_pos 85568
alloc_pos 85612
alloc_pos 85856
alloc_pos 86080
alloc_pos 86308
alloc_pos 86556
alloc_pos 86784
alloc_pos 86872
alloc_pos 87104
alloc_pos 87240
alloc_pos 87452
alloc_pos 87584
alloc_pos 87848
alloc_pos 87904
alloc_pos 88128
alloc_pos 88376
alloc_pos 88464
alloc_pos 88576
alloc_pos 88816
alloc_pos 88896
alloc_pos 89044
alloc_pos 89296
alloc_pos 89512
alloc_pos 89676
alloc_pos 89844
alloc_pos 89976
alloc_pos 90168
alloc_pos 90284
alloc_pos 90532
alloc_pos 90664
alloc_pos 90848
alloc_pos 90952
alloc_pos 91140
alloc_pos 91192
alloc_pos 91304
alloc_pos 91536
alloc_pos 91712
alloc_pos 91940
alloc_pos 92124
alloc_pos 92212
alloc_pos 92412
alloc_pos 92548
alloc_pos 92712
alloc_pos 92892
alloc_pos 93104
alloc_pos 93160
alloc_pos 93296
alloc_pos 93492
alloc_pos 93700
alloc_pos 93836
alloc_pos 93996
alloc_pos 94064
alloc_pos 94160
alloc_pos 94232
alloc_pos 94300
alloc_pos 94456
alloc_pos 94568
alloc_pos 94656
alloc_pos 94772
alloc_pos 94912
alloc_pos 95000
alloc_pos 95176
alloc_pos 95268
alloc_pos 95392
alloc_pos 95640
alloc_pos 95696
alloc_pos 95864
alloc_pos 96012
alloc_pos 96176
alloc_pos 96260
alloc_pos 96428
alloc_pos 96512
alloc_pos 96760
alloc_pos 96832
alloc_pos 97032
alloc_pos 97148
alloc_pos 97204
alloc_pos 97244
alloc_pos 97376
alloc_pos 97564
alloc_pos 97748
alloc_pos 97888
alloc_pos 98008
alloc_pos 98032
alloc_pos 98240
alloc_pos 98372
alloc_pos 98632
alloc_pos 98876
alloc_pos 98908
alloc_pos 98988
alloc_pos 99048
alloc_pos 99196
alloc_pos 99424
alloc_pos 99624
alloc_pos 99860
alloc_pos 99996
alloc_pos 100180
alloc_pos 100268
alloc_pos 100332
alloc_pos 100540
alloc_pos 100668
alloc_pos 100880
alloc_pos 101124
alloc_pos 101212
alloc_pos 101460
alloc_pos 101676
alloc_pos 101904
alloc_pos 102016
alloc_pos 102088
alloc_pos 102292
alloc_pos 102532
alloc_pos 102716
alloc_pos 102832
alloc_pos 102988
alloc_pos 103192
alloc_pos 103384
alloc_pos 103440
alloc_pos 103692
alloc_pos 103896
alloc_pos 104072
alloc_pos 104156
alloc_pos 104364
alloc_pos 104512
alloc_pos 104588
alloc_pos 104832
alloc_pos 105012
alloc_pos 105044
alloc_pos 105216
alloc_pos 105416
alloc_pos 105588
alloc_pos 105620
alloc_pos 105732
alloc_pos 105904
alloc_pos 106112
alloc_pos 106280
alloc_pos 106388
alloc_pos 106456
alloc_pos 106552
alloc_pos 106624
alloc_pos 106688
alloc_pos 106912
alloc_pos 107108
alloc_pos 107272
alloc_pos 107324
alloc_pos 107576
alloc_pos 107656
alloc_pos 107720
alloc_pos 107760
alloc_pos 107892
alloc_pos 108080
alloc_pos 108256
alloc_pos 108420
alloc_pos 108648
alloc_pos 108808
alloc_pos 109008
alloc_pos 109040
alloc_pos 109176
alloc_pos 109408
alloc_pos 109516
alloc_pos 109704
alloc_pos 109748
alloc_pos 109904
alloc_pos 109928
alloc_pos 109984
alloc_pos 110084
alloc_pos 110136
alloc_pos 110264
alloc_pos 110364
alloc_pos 110620
alloc_pos 110712
alloc_pos 110880
alloc_pos 111056
alloc_pos 111256
alloc_pos 111296
alloc_pos 111560
alloc_pos 111704
alloc_pos 111860
alloc_pos 111976
alloc_pos 112216
alloc_pos 112452
alloc_pos 112484
alloc_pos 112508
alloc_pos 112612
alloc_pos 112720
alloc_pos 112780
alloc_pos 112928
alloc_pos 113092
alloc_pos 113252
alloc_pos 113408
alloc_pos 113640
alloc_pos 113784
alloc_pos 113864
alloc_pos 114056
alloc_pos 114132
alloc_pos 114228
alloc_pos 114456
alloc_pos 114488
alloc_pos 114608
alloc_pos 114760
alloc_pos 114964
alloc_pos 115220
alloc_pos 115284
alloc_pos 115496
alloc_pos 115556
alloc_pos 115644
alloc_pos 115776
alloc_pos 115972
alloc_pos 116204
alloc_pos 116444
alloc_pos 116520
alloc_pos 116608
alloc_pos 116740
alloc_pos 116912
alloc_pos 116996
alloc_pos 117108
alloc_pos 117328
alloc_pos 117412
alloc_pos 117584
alloc_pos 117680
alloc_pos 117812
alloc_pos 117888
alloc_pos 118076
alloc_pos 118164
alloc_pos 118260
alloc_pos 118456
alloc_pos 118712
alloc_pos 118908
alloc_pos 119136
alloc_pos 119376
alloc_pos 119624
alloc_pos 119692
alloc_pos 119880
alloc_pos 119960
alloc_pos 120152
alloc_pos 120212
alloc_pos 120456
alloc_pos 120536
alloc_pos 120724
alloc_pos 120932
alloc_pos 121000
alloc_pos 121056
alloc_pos 121096
alloc_pos 121256
alloc_pos 121496
alloc_pos 121572
alloc_pos 121784
alloc_pos 121880
alloc_pos 121908
alloc_pos 122040
alloc_pos 122096
alloc_pos 122332
alloc_pos 122528
alloc_pos 122704
alloc_pos 122728
alloc_pos 122820
alloc_pos 123056
alloc_pos 123116
alloc_pos 123160
alloc_pos 123404
alloc_pos 123628
alloc_pos 123856
alloc_pos 124104
alloc_pos 124332
alloc_pos 124420
alloc_pos 124652
alloc_pos 124788
alloc_pos 125000
alloc_pos 125132
alloc_pos 125396
alloc_pos 125452
alloc_pos 125676
alloc_pos 125924
alloc_pos 126012
alloc_pos 126124
alloc_pos 126364
alloc_pos 126444
alloc_pos 126592
alloc_pos 126844
alloc_pos 127060
alloc_pos 127224
alloc_pos 127392
alloc_pos 127524
alloc_pos 127716
alloc_pos 127832
alloc_pos 128080
alloc_pos 128212
alloc_pos 128396
alloc_pos 128500
alloc_pos 128688
alloc_pos 128740
alloc_pos 128852
alloc_pos 129084
alloc_pos 129260
alloc_pos 129488
alloc_pos 129672
alloc_pos 129760
alloc_pos 129960
alloc_pos 130096
alloc_pos 130260
alloc_pos 130440
alloc_pos 130652
alloc_pos 130708
alloc_pos 130844
alloc_pos 131040
alloc_pos 131248
alloc_pos 131384
alloc_pos 131544
alloc_pos 131612
alloc_pos 131708
alloc_pos 131780
alloc_pos 131848
alloc_pos 132004
alloc_pos 132116
alloc_pos 132204
alloc_pos 132320
alloc_pos 132460
alloc_pos 132548
alloc_pos 132724
alloc_pos 132816
alloc_pos 132940
alloc_pos 133188
alloc_pos 133244
alloc_pos 133412
alloc_pos 133560
alloc_pos 133724
alloc_pos 133808
alloc_pos 133976
alloc_pos 134060
alloc_pos 134308
alloc_pos 134380
alloc_pos 134580
alloc_pos 134696
alloc_pos 134752
alloc_pos 134792
alloc_pos 134924
alloc_pos 135112
alloc_pos 135296
alloc_pos 135436
alloc_pos 135556
alloc_pos 135580
alloc_pos 135788
alloc_pos 135920
alloc_pos 136180
alloc_pos 136424
alloc_pos 136456
alloc_pos 136536
alloc_pos 136596
alloc_pos 136744
alloc_pos 136972
alloc_pos 137172
alloc_pos 137408
alloc_pos 137544
alloc_pos 137728
alloc_pos 137816
alloc_pos 137880
alloc_pos 138088
alloc_pos 138216
alloc_pos 138428
alloc_pos 138672
alloc_pos 138760
alloc_pos 139008
alloc_pos 139224
alloc_pos 139452
alloc_pos 139564
alloc_pos 139636
alloc_pos 139840
alloc_pos 140080
alloc_pos 140264
alloc_pos 140380
alloc_pos 140536
alloc_pos 140740
alloc_pos 140932
alloc_pos 140988
alloc_pos 141240
alloc_pos 141444
alloc_pos 141620
alloc_pos 141704
alloc_pos 141912
alloc_pos 142060
alloc_pos 142136
alloc_pos 142380
alloc_pos 142560
alloc_pos 142592
alloc_pos 142764
alloc_pos 142964
alloc_pos 143136
alloc_pos 143168
alloc_pos 143280
alloc_pos 143452
alloc_pos 143660
alloc_pos 143828
alloc_pos 143936
alloc_pos 144004
alloc_pos 144100
alloc_pos 144172
alloc_pos 144236
alloc_pos 144460
alloc_pos 144656
alloc_pos 144820
alloc_pos 144872
alloc_pos 145124
alloc_pos 145204
alloc_pos 145268
alloc_pos 145308
alloc_pos 145440
alloc_pos 145628
alloc_pos 145804
alloc_pos 145968
alloc_pos 146196
alloc_pos 146356
alloc_pos 146556
alloc_pos 146588
alloc_pos 146724
alloc_pos 146956
alloc_pos 147064
alloc_pos 147252
alloc_pos 147296
alloc_pos 147452
alloc_pos 147476
alloc_pos 147532
alloc_pos 147632
alloc_pos 147684
alloc_pos 147812
alloc_pos 147912
alloc_pos 148168
alloc_pos 148260
alloc_pos 148428
alloc_pos 148604
alloc_pos 148804
alloc_pos 148844
alloc_pos 149108
alloc_pos 149252
alloc_pos 149408
alloc_pos 149524
alloc_pos 149764
alloc_pos 150000
alloc_pos 150032
alloc_pos 150056
alloc_pos 150160
alloc_pos 150268
alloc_pos 150328
alloc_pos 150476
alloc_pos 150640
alloc_pos 150800
alloc_pos 150956
alloc_pos 151188
alloc_pos 151332
alloc_pos 151412
alloc_pos 151604
alloc_pos 151680
alloc_pos 151776
alloc_pos 152004
alloc_pos 152036
alloc_pos 152156
alloc_pos 152308
alloc_pos 152512
alloc_pos 152768
alloc_pos 152832
alloc_pos 153044
alloc_pos 153104
alloc_pos 153192
alloc_pos 153324
alloc_pos 153520
alloc_pos 153752
alloc_pos 153992
alloc_pos 154068
alloc_pos 154156
alloc_pos 154288
alloc_pos 154460
alloc_pos 154544
alloc_pos 154656
alloc_pos 154876
alloc_pos 154960
alloc_pos 155132
alloc_pos 155228
alloc_pos 155360
alloc_pos 155436
alloc_pos 155624
alloc_pos 155712
alloc_pos 155808
alloc_pos 156004
alloc_pos 156260
alloc_pos 156456
alloc_pos 156684
alloc_pos 156924
alloc_pos 157172
alloc_pos 157240
alloc_pos 157428
alloc_pos 157508
alloc_pos 157700
alloc_pos 157760
alloc_pos 158004
alloc_pos 158084
alloc_pos 158272
alloc_pos 158480
alloc_pos 158548
alloc_pos 158604
alloc_pos 158644
alloc_pos 158804
alloc_pos 159044
alloc_pos 159120
alloc_pos 159332
alloc_pos 159428
alloc_pos 159456
alloc_pos 159588
alloc_pos 159644
alloc_pos 159880
alloc_pos 160076
alloc_pos 160252
alloc_pos 160276
alloc_pos 160368
alloc_pos 160604
alloc_pos 160664
alloc_pos 160708
alloc_pos 160952
alloc_pos 161176
alloc_pos 161404
alloc_pos 161652
alloc_pos 161880
alloc_pos 161968
alloc_pos 162200
alloc_pos 162336
alloc_pos 162548
alloc_pos 162680
alloc_pos 162944
alloc_pos 163000
alloc_pos 163224
alloc_pos 163472
alloc_pos 163560
alloc_pos 163672
alloc_pos 163912
alloc_pos 163992
alloc_pos 164140
alloc_pos 164392
alloc_pos 164608
alloc_pos 164772
alloc_pos 164940
alloc_pos 165072
alloc_pos 165264
alloc_pos 165380
alloc_pos 165628
alloc_pos 165760
alloc_pos 165944
alloc_pos 166048
alloc_pos 166236
alloc_pos 166288
alloc_pos 166400
alloc_pos 166632
alloc_pos 166808
alloc_pos 167036
alloc_pos 167220
alloc_pos 167308
alloc_pos 167508
alloc_pos 167644
alloc_pos 167808
alloc_pos 167988
alloc_pos 168200
alloc_pos 168256
alloc_pos 168392
alloc_pos 168588
alloc_pos 168796
alloc_pos 168932
alloc_pos 169092
alloc_pos 169160
alloc_pos 169256
alloc_pos 169328
alloc_pos 169396
alloc_pos 169552
alloc_pos 169664
alloc_pos 169752
alloc_pos 169868
alloc_pos 170008
alloc_pos 170096
alloc_pos 170272
alloc_pos 170364
alloc_pos 170488
alloc_pos 170736
alloc_pos 170792
alloc_pos 170960
alloc_pos 171108
alloc_pos 171272
alloc_pos 171356
alloc_pos 171524
alloc_pos 171608
alloc_pos 171856
alloc_pos 171928
alloc_pos 172128
alloc_pos 172244
alloc_pos 172300
alloc_pos 172340
alloc_pos 172472
alloc_pos 172660
alloc_pos 172844
alloc_pos 172984
alloc_pos 173104
alloc_pos 173128
alloc_pos 173336
alloc_pos 173468
alloc_pos 173728
alloc_pos 173972
alloc_pos 174004
alloc_pos 174084
alloc_pos 174144
alloc_pos 174292
alloc_pos 174520
alloc_pos 174720
alloc_pos 174956
alloc_pos 175092
alloc_pos 175276
alloc_pos 175364
alloc_pos 175428
alloc_pos 175636
alloc_pos 175764
alloc_pos 175976
alloc_pos 176220
alloc_pos 176308
alloc_pos 176556
alloc_pos 176772
alloc_pos 177000
alloc_pos 177112
alloc_pos 177184
alloc_pos 177388
alloc_pos 177628
alloc_pos 177812
alloc_pos 177928
alloc_pos 178084
alloc_pos 178288
alloc_pos 178480
alloc_pos 178536
alloc_pos 178788
alloc_pos 178992
alloc_pos 179168
alloc_pos 179252
alloc_pos 179460
alloc_pos 179608
alloc_pos 179684
alloc_pos 179928
alloc_pos 180108
alloc_pos 180140
alloc_pos 180312
alloc_pos 180512
alloc_pos 180684
alloc_pos 180716
alloc_pos 180828
alloc_pos 181000
alloc_pos 181208
alloc_pos 181376
alloc_pos 181484
alloc_pos 181552
alloc_pos 181648
alloc_pos 181720
alloc_pos 181784
alloc_pos 182008
alloc_pos 182204
alloc_pos 182368
alloc_pos 182420
alloc_pos 182672
alloc_pos 182752
alloc_pos 182816
alloc_pos 182856
alloc_pos 182988
alloc_pos 183176
alloc_pos 183352
alloc_pos 183516
alloc_pos 183744
alloc_pos 183904
alloc_pos 184104
alloc_pos 184136
alloc_pos 184272
alloc_pos 184504
alloc_pos 184612
alloc_pos 184800
alloc_pos 184844
alloc_pos 185000
alloc_pos 185024
alloc_pos 185080
alloc_pos 185180
alloc_pos 185232
alloc_pos 185360
alloc_pos 185460
alloc_pos 185716
alloc_pos 185808
alloc_pos 185976
alloc_pos 186152
alloc_pos 186352
alloc_pos 186392
alloc_pos 186656
alloc_pos 186800
alloc_pos 186956
alloc_pos 187072
alloc_pos 187312
alloc_pos 187548
alloc_pos 187580
alloc_pos 187604
alloc_pos 187708
alloc_pos 187816
alloc_pos 187876
alloc_pos 188024
alloc_pos 188188
alloc_pos 188348
alloc_pos 188504
alloc_pos 188736
alloc_pos 188880
alloc_pos 188960
alloc_pos 189152
alloc_pos 189228
alloc_pos 189324
alloc_pos 189552
alloc_pos 189584
alloc_pos 189704
alloc_pos 189856
alloc_pos 190060
alloc_pos 190316
alloc_pos 190380
alloc_pos 190592
alloc_pos 190652
alloc_pos 190740
alloc_pos 190872
alloc_pos 191068
alloc_pos 191300
alloc_pos 191540
alloc_pos 191616
alloc_pos 191704
alloc_pos 191836
alloc_pos 192008
alloc_pos 192092
alloc_pos 192204
alloc_pos 192424
alloc_pos 192508
alloc_pos 192680
alloc_pos 192776
alloc_pos 192908
alloc_pos 192984
alloc_pos 193172
alloc_pos 193260
alloc_pos 193356
alloc_pos 193552
alloc_pos 193808
alloc_pos 194004
alloc_pos 194232
alloc_pos 194472
alloc_pos 194720
alloc_pos 194788
alloc_pos 194976
alloc_pos 195056
alloc_pos 195248
alloc_pos 195308
alloc_pos 195552
alloc_pos 195632
alloc_pos 195820
alloc_pos 196028
alloc_pos 196096
alloc_pos 196152
alloc_pos 196192
alloc_pos 196352
alloc_pos 196592
alloc_pos 196668
alloc_pos 196880
alloc_pos 196976
alloc_pos 197004
alloc_pos 197136
alloc_pos 197192
alloc_pos 197428
alloc_pos 197624
alloc_pos 197800
alloc_pos 197824
alloc_pos 197916
alloc_pos 198152
alloc_pos 198212
alloc_pos 198256
alloc_pos 198500
alloc_pos 198724
alloc_pos 198952
alloc_pos 199200
alloc_pos 199428
alloc_pos 199516
alloc_pos 199748
alloc_pos 199884
alloc_pos 200096
alloc_pos 200228
alloc_pos 200492
alloc_pos 200548
alloc_pos 200772
alloc_pos 201020
alloc_pos 201108
alloc_pos 201220
alloc_pos 201460
alloc_pos 201540
alloc_pos 201688
alloc_pos 201940
alloc_pos 202156
alloc_pos 202320
alloc_pos 202488
alloc_pos 202620
alloc_pos 202812
alloc_pos 202928
alloc_pos 203176
alloc_pos 203308
alloc_pos 203492
alloc_pos 203596
alloc_pos 203784
alloc_pos 203836
alloc_pos 203948
alloc_pos 204180
alloc_pos 204356
alloc_pos 204584
alloc_pos 204768
alloc_pos 204856
alloc_pos 205056
alloc_pos 205192
alloc_pos 205356
alloc_pos 205536
alloc_pos 205748
alloc_pos 205804
alloc_pos 205940
alloc_pos 206136
alloc_pos 206344
alloc_pos 206480
alloc_pos 206640
alloc_pos 206708
alloc_pos 206804
alloc_pos 206876
alloc_pos 206944
alloc_pos 207100
alloc_pos 207212
alloc_pos 207300
alloc_pos 207416
alloc_pos 207556
alloc_pos 207644
alloc_pos 207820
alloc_pos 207912
alloc_pos 208036
alloc_pos 208284
alloc_pos 208340
alloc_pos 208508
alloc_pos 208656
alloc_pos 208820
alloc_pos 208904
alloc_pos 209072
alloc_pos 209156
alloc_pos 209404
alloc_pos 209476
alloc_pos 209676
alloc_pos 209792
alloc_pos 209848
alloc_pos 209888
alloc_pos 210020
alloc_pos 210208
alloc_pos 210392
alloc_pos 210532
alloc_pos 210652
alloc_pos 210676
alloc_pos 210884
alloc_pos 211016
alloc_pos 211276
alloc_pos 211520
alloc_pos 211552
alloc_pos 211632
alloc_pos 211692
alloc_pos 211840
alloc_pos 212068
alloc_pos 212268
alloc_pos 212504
alloc_pos 212640
alloc_pos 212824
alloc_pos 212912
alloc_pos 212976
alloc_pos 213184
alloc_pos 213312
alloc_pos 213524
alloc_pos 213768
alloc_pos 213856
alloc_pos 214104
alloc_pos 214320
alloc_pos 214548
alloc_pos 214660
alloc_pos 214732
alloc_pos 214936
alloc_pos 215176
alloc_pos 215360
alloc_pos 215476
alloc_pos 215632
alloc_pos 215836
alloc_pos 216028
alloc_pos 216084
alloc_pos 216336
alloc_pos 216540
alloc_pos 216716
alloc_pos 216800
alloc_pos 217008
alloc_pos 217156
alloc_pos 217232
alloc_pos 217476
alloc_pos 217656
alloc_pos 217688
alloc_pos 217860
alloc_pos 218060
alloc_pos 218232
alloc_pos 218264
alloc_pos 218376
alloc_pos 218548
alloc_pos 218756
alloc_pos 218924
alloc_pos 219032
alloc_pos 219100
alloc_pos 219196
alloc_pos 219268
alloc_pos 219332
alloc_pos 219556
alloc_pos 219752
alloc_pos 219916
alloc_pos 219968
alloc_pos 220220
alloc_pos 220300
alloc_pos 220364
alloc_pos 220404
alloc_pos 220536
alloc_pos 220724
alloc_pos 220900
alloc_pos 221064
alloc_pos 221292
alloc_pos 221452
alloc_pos 221652
alloc_pos 221684
alloc_pos 221820
alloc_pos 222052
alloc_pos 222160
alloc_pos 222348
alloc_pos 222392
alloc_pos 222548
alloc_pos 222572
alloc_pos 222628
alloc_pos 222728
alloc_pos 222780
alloc_pos 222908
alloc_pos 223008
alloc_pos 223264
alloc_pos 223356
alloc_pos 223524
alloc_pos 223700
alloc_pos 223900
alloc_pos 223940
alloc_pos 224204
alloc_pos 224348
alloc_pos 224504
alloc_pos 224620
alloc_pos 224860
alloc_pos 225096
alloc_pos 225128
alloc_pos 225152
alloc_pos 225256
alloc_pos 225364
alloc_pos 225424
alloc_pos 225572
alloc_pos 225736
alloc_pos 225896
alloc_pos 226052
alloc_pos 226284
alloc_pos 226428
alloc_pos 226508
alloc_pos 226700
alloc_pos 226776
alloc_pos 226872
alloc_pos 227100
alloc_pos 227132
alloc_pos 227252
alloc_pos 227404
alloc_pos 227608
alloc_pos 227864
alloc_pos 227928
alloc_pos 228140
alloc_pos 228200
alloc_pos 228288
alloc_pos 228420
alloc_pos 228616
alloc_pos 228848
alloc_pos 229088
alloc_pos 229164
alloc_pos 229252
alloc_pos 229384
alloc_pos 229556
alloc_pos 229640
alloc_pos 229752
alloc_pos 229972
alloc_pos 230056
alloc_pos 230228
alloc_pos 230324
alloc_pos 230456
alloc_pos 230532
alloc_pos 230720
alloc_pos 230808
alloc_pos 230904
alloc_pos 231100
alloc_pos 231356
alloc_pos 231552
alloc_pos 231780
alloc_pos 232020
alloc_pos 232268
alloc_pos 232336
alloc_pos 232524
alloc_pos 232604
alloc_pos 232796
alloc_pos 232856
alloc_pos 233100
alloc_pos 233180
alloc_pos 233368
alloc_pos 233576
alloc_pos 233644
alloc_pos 233700
alloc_pos 233740
alloc_pos 233900
alloc_pos 234140
alloc_pos 234216
alloc_pos 234428
alloc_pos 234524
alloc_pos 234552
alloc_pos 234684
alloc_pos 234740
alloc_pos 234976
alloc_pos 235172
alloc_pos 235348
alloc_pos 235372
alloc_pos 235464
alloc_pos 235700
alloc_pos 235760
alloc_pos 235804
alloc_pos 236048
alloc_pos 236272
alloc_pos 236500
alloc_pos 236748
alloc_pos 236976
alloc_pos 237064
alloc_pos 237296
alloc_pos 237432
alloc_pos 237644
alloc_pos 237776
alloc_pos 238040
alloc_pos 238096
alloc_pos 238320
alloc_pos 238568
alloc_pos 238656
alloc_pos 238768
alloc_pos 239008
alloc_pos 239088
alloc_pos 239236
alloc_pos 239488
alloc_pos 239704
alloc_pos 239868
alloc_pos 240036
alloc_pos 240168
alloc_pos 240360
alloc_pos 240476
alloc_pos 240724
alloc_pos 240856
alloc_pos 241040
alloc_pos 241144
alloc_pos 241332
alloc_pos 241384
alloc_pos 241496
alloc_pos 241728
alloc_pos 241904
alloc_pos 242132
alloc_pos 242316
alloc_pos 242404
alloc_pos 242604
alloc_pos 242740
alloc_pos 242904
alloc_pos 243084
alloc_pos 243296
alloc_pos 243352
alloc_pos 243488
alloc_pos 243684
alloc_pos 243892
alloc_pos 244028
alloc_pos 244188
alloc_pos 244256
alloc_pos 244352
alloc_pos 244424
alloc_pos 244492
alloc_pos 244648
alloc_pos 244760
alloc_pos 244848
alloc_pos 244964
alloc_pos 245104
alloc_pos 245192
alloc_pos 245368
alloc_pos 245460
alloc_pos 245584
alloc_pos 245832
alloc_pos 245888
alloc_pos 246056
alloc_pos 246204
alloc_pos 246368
alloc_pos 246452
alloc_pos 246620
alloc_pos 246704
alloc_pos 246952
alloc_pos 247024
alloc_pos 247224
alloc_pos 247340
alloc_pos 247396
alloc_pos 247436
alloc_pos 247568
alloc_pos 247756
alloc_pos 247940
alloc_pos 248080
alloc_pos 248200
alloc_pos 248224
alloc_pos 248432
alloc_pos 248564
alloc_pos 248824
alloc_pos 249068
alloc_pos 249100
alloc_pos 249180
alloc_pos 249240
alloc_pos 249388
alloc_pos 249616
alloc_pos 249816
alloc_pos 250052
alloc_pos 250188
alloc_pos 250372
alloc_pos 250460
alloc_pos 250524
alloc_pos 250732
alloc_pos 250860
alloc_pos 251072
alloc_pos 251316
alloc_pos 251404
alloc_pos 251652
alloc_pos 251868
alloc_pos 252096
alloc_pos 252208
alloc_pos 252280
alloc_pos 252484
alloc_pos 252724
alloc_pos 252908
alloc_pos 253024
alloc_pos 253180
alloc_pos 253384
alloc_pos 253576
alloc_pos 253632
alloc_pos 253884
alloc_pos 254088
alloc_pos 254264
alloc_pos 254348
alloc_pos 254556
alloc_pos 254704
alloc_pos 254780
alloc_pos 255024
alloc_pos 255204
alloc_pos 255236
alloc_pos 255408
alloc_pos 255608
alloc_pos 255780
alloc_pos 255812
alloc_pos 255924
alloc_pos 256096
alloc_pos 256304
alloc_pos 256472
alloc_pos 256580
alloc_pos 256648
alloc_pos 256744
alloc_pos 256816
alloc_pos 256880
alloc_pos 257104
alloc_pos 257300
alloc_pos 257464
alloc_pos 257516
alloc_pos 257768
alloc_pos 257848
alloc_pos 257912
alloc_pos 257952
alloc_pos 258084
alloc_pos 258272
alloc_pos 258448
alloc_pos 258612
alloc_pos 258840
alloc_pos 259000
alloc_pos 259200
alloc_pos 259232
alloc_pos 259368
alloc_pos 259600
alloc_pos 259708
alloc_pos 259896
alloc_pos 259940
alloc_pos 260096
alloc_pos 260120
alloc_pos 260176
alloc_pos 260276
alloc_pos 260328
alloc_pos 260456
alloc_pos 260556
alloc_pos 260812
alloc_pos 260904
alloc_pos 261072
alloc_pos 261248
alloc_pos 261448
alloc_pos 261488
alloc_pos 261752
alloc_pos 261896
alloc_pos 262052
alloc_pos 262168
alloc_pos 262408
alloc_pos 262644
alloc_pos 262676
alloc_pos 262700
alloc_pos 262804
alloc_pos 262912
alloc_pos 262972
alloc_pos 263120
alloc_pos 263284
alloc_pos 263444
alloc_pos 263600
alloc_pos 263832
alloc_pos 263976
alloc_pos 264056
alloc_pos 264248
alloc_pos 264324
alloc_pos 264420
alloc_pos 264648
alloc_pos 264680
alloc_pos 264800
alloc_pos 264952
alloc_pos 265156
alloc_pos 265412
alloc_pos 265476
alloc_pos 265688
alloc_pos 265748
alloc_pos 265836
alloc_pos 265968
alloc_pos 266164
alloc_pos 266396
alloc_pos 266636
alloc_pos 266712
alloc_pos 266800
alloc_pos 266932
alloc_pos 267104
alloc_pos 267188
alloc_pos 267300
alloc_pos 267520
alloc_pos 267604
alloc_pos 267776
alloc_pos 267872
alloc_pos 268004
alloc_pos 268080
alloc_pos 268268
alloc_pos 268356
alloc_pos 268452
alloc_pos 268648
alloc_pos 268904
alloc_pos 269100
alloc_pos 269328
alloc_pos 269568
alloc_pos 269816
alloc_pos 269884
alloc_pos 270072
alloc_pos 270152
alloc_pos 270344
alloc_pos 270404
alloc_pos 270648
alloc_pos 270728
alloc_pos 270916
alloc_pos 271124
alloc_pos 271192
alloc_pos 271248
alloc_pos 271288
alloc_pos 271448
alloc_pos 271688
alloc_pos 271764
alloc_pos 271976
alloc_pos 272072
alloc_pos 272100
alloc_pos 272232
alloc_pos 272288
alloc_pos 272524
alloc_pos 272720
alloc_pos 272896
alloc_pos 272920
alloc_pos 273012
alloc_pos 273248
alloc_pos 273308
alloc_pos 273352
alloc_pos 273596
alloc_pos 273820
alloc_pos 274048
alloc_pos 274296
alloc_pos 274524
alloc_pos 274612
alloc_pos 274844
alloc_pos 274980
alloc_pos 275192
alloc_pos 275324
alloc_pos 275588
alloc_pos 275644
alloc_pos 275868
alloc_pos 276116
alloc_pos 276204
alloc_pos 276316
alloc_pos 276556
alloc_pos 276636
alloc_pos 276784
alloc_pos 277036
alloc_pos 277252
alloc_pos 277416
alloc_pos 277584
alloc_pos 277716
alloc_pos 277908
alloc_pos 278024
alloc_pos 278272
alloc_pos 278404
alloc_pos 278588
alloc_pos 278692
alloc_pos 278880
alloc_pos 278932
alloc_pos 279044
alloc_pos 279276
alloc_pos 279452
alloc_pos 279680
alloc_pos 279864
alloc_pos 279952
alloc_pos 280152
alloc_pos 280288
alloc_pos 280452
alloc_pos 280632
alloc_pos 280844
alloc_pos 280900
alloc_pos 281036
alloc_pos 281232
alloc_pos 281440
alloc_pos 281576
alloc_pos 281736
alloc_pos 281804
alloc_pos 281900
alloc_pos 281972
alloc_pos 282040
alloc_pos 282196
alloc_pos 282308
alloc_pos 282396
alloc_pos 282512
alloc_pos 282652
alloc_pos 282740
alloc_pos 282916
alloc_pos 283008
alloc_pos 283132
alloc_pos 283380
alloc_pos 283436
alloc_pos 283604
alloc_pos 283752
alloc_pos 283916
alloc_pos 284000
alloc_pos 284168
alloc_pos 284252
alloc_pos 284500
alloc_pos 284572
alloc_pos 284772
alloc_pos 284888
alloc_pos 284944
alloc_pos 284984
alloc_pos 285116
alloc_pos 285304
alloc_pos 285488
alloc_pos 285628
alloc_pos 285748
alloc_pos 285772
alloc_pos 285980
alloc_pos 286112
alloc_pos 286372
alloc_pos 286616
alloc_pos 286648
alloc_pos 286728
alloc_pos 286788
alloc_pos 286936
alloc_pos 287164
alloc_pos 287364
alloc_pos 287600
alloc_pos 287736
alloc_pos 287920
alloc_pos 288008
alloc_pos 288072
alloc_pos 288280
alloc_pos 288408
alloc_pos 288620
alloc_pos 288864
alloc_pos 288952
alloc_pos 289200
alloc_pos 289416
alloc_pos 289644
alloc_pos 289756
alloc_pos 289828
alloc_pos 290032
alloc_pos 290272
alloc_pos 290456
alloc_pos 290572
alloc_pos 290728
alloc_pos 290932
alloc_pos 291124
alloc_pos 291180
alloc_pos 291432
alloc_pos 291636
alloc_pos 291812
alloc_pos 291896
alloc_pos 292104
alloc_pos 292252
alloc_pos 292328
alloc_pos 292572
alloc_pos 292752
alloc_pos 292784
alloc_pos 292956
alloc_pos 293156
alloc_pos 293328
alloc_pos 293360
alloc_pos 293472
alloc_pos 293644
alloc_pos 293852
alloc_pos 294020
alloc_pos 294128
alloc_pos 294196
alloc_pos 294292
alloc_pos 294364
alloc_pos 294428
alloc_pos 294652
alloc_pos 294848
alloc_pos 295012
alloc_pos 295064
alloc_pos 295316
alloc_pos 295396
alloc_pos 295460
alloc_pos 295500
alloc_pos 295632
alloc_pos 295820
alloc_pos 295996
alloc_pos 296160
alloc_pos 296388
alloc_pos 296548
alloc_pos 296748
alloc_pos 296780
alloc_pos 296916
alloc_pos 297148
alloc_pos 297256
alloc_pos 297444
alloc_pos 297488
alloc_pos 297644
alloc_pos 297668
alloc_pos 297724
alloc_pos 297824
alloc_pos 297876
alloc_pos 298004
alloc_pos 298104
alloc_pos 298360
alloc_pos 298452
alloc_pos 298620
alloc_pos 298796
alloc_pos 298996
alloc_pos 299036
alloc_pos 299300
alloc_pos 299444
alloc_pos 299600
alloc_pos 299716
alloc_pos 299956
alloc_pos 300192
alloc_pos 300224
alloc_pos 300248
alloc_pos 300352
alloc_pos 300460
alloc_pos 300520
alloc_pos 300668
alloc_pos 300832
alloc_pos 300992
alloc_pos 301148
alloc_pos 301380
alloc_pos 301524
alloc_pos 301604
alloc_pos 301796
alloc_pos 301872
alloc_pos 301968
alloc_pos 302196
alloc_pos 302228
alloc_pos 302348
alloc_pos 302500
alloc_pos 302704
alloc_pos 302960
alloc_pos 303024
alloc_pos 303236
alloc_pos 303296
alloc_pos 303384
alloc_pos 303516
alloc_pos 303712
alloc_pos 303944
alloc_pos 304184
alloc_pos 304260
alloc_pos 304348
alloc_pos 304480
alloc_pos 304652
alloc_pos 304736
alloc_pos 304848
alloc_pos 305068
alloc_pos 305152
alloc_pos 305324
alloc_pos 305420
alloc_pos 305552
alloc_pos 305628
alloc_pos 305816
alloc_pos 305904
alloc_pos 306000
alloc_pos 306196
alloc_pos 306452
alloc_pos 306648
alloc_pos 306876
alloc_pos 307116
alloc_pos 307364
alloc_pos 307432
alloc_pos 307620
alloc_pos 307700
alloc_pos 307892
alloc_pos 307952
alloc_pos 308196
alloc_pos 308276
alloc_pos 308464
alloc_pos 308672
alloc_pos 308740
alloc_pos 308796
alloc_pos 308836
alloc_pos 308996
alloc_pos 309236
alloc_pos 309312
alloc_pos 309524
alloc_pos 309620
alloc_pos 309648
alloc_pos 309780
alloc_pos 309836
alloc_pos 310072
alloc_pos 310268
alloc_pos 310444
alloc_pos 310468
alloc_pos 310560
alloc_pos 310796
alloc_pos 310856
alloc_pos 310900
alloc_pos 311144
alloc_pos 311368
alloc_pos 311596
alloc_pos 311844
alloc_pos 312072
alloc_pos 312160
alloc_pos 312392
alloc_pos 312528
alloc_pos 312740
alloc_pos 312872
alloc_pos 313136
alloc_pos 313192
alloc_pos 313416
alloc_pos 313664
alloc_pos 313752
alloc_pos 313864
alloc_pos 314104
alloc_pos 314184
alloc_pos 314332
alloc_pos 314584
alloc_pos 314800
alloc_pos 314964
alloc_pos 315132
alloc_pos 315264
alloc_pos 315456
alloc_pos 315572
alloc_pos 315820
alloc_pos 315952
alloc_pos 316136
alloc_pos 316240
alloc_pos 316428
alloc_pos 316480
alloc_pos 316592
alloc_pos 316824
alloc_pos 317000
alloc_pos 317228
alloc_pos 317412
alloc_pos 317500
alloc_pos 317700
alloc_pos 317836
alloc_pos 318000
alloc_pos 318180
alloc_pos 318392
alloc_pos 318448
alloc_pos 318584
alloc_pos 318780
alloc_pos 318988
alloc_pos 319124
alloc_pos 319284
alloc_pos 319352
alloc_pos 319448
alloc_pos 319520
alloc_pos 319588
alloc_pos 319744
alloc_pos 319856
alloc_pos 319944
alloc_pos 320060
alloc_pos 320200
alloc_pos 320288
alloc_pos 320464
alloc_pos 320556
alloc_pos 320680
alloc_pos 320928
alloc_pos 320984
alloc_pos 321152
alloc_pos 321300
alloc_pos 321464
alloc_pos 321548
alloc_pos 321716
alloc_pos 321800
alloc_pos 322048
alloc_pos 322120
alloc_pos 322320
alloc_pos 322436
alloc_pos 322492
alloc_pos 322532
alloc_pos 322664
alloc_pos 322852
alloc_pos 323036
alloc_pos 323176
alloc_pos 323296
alloc_pos 323320
alloc_pos 323528
alloc_pos 323660
alloc_pos 323920
alloc_pos 324164
alloc_pos 324196
alloc_pos 324276
alloc_pos 324336
alloc_pos 324484
alloc_pos 324712
alloc_pos 324912
alloc_pos 325148
alloc_pos 325284
alloc_pos 325468
alloc_pos 325556
alloc_pos 325620
alloc_pos 325828
alloc_pos 325956
alloc_pos 326168
alloc_pos 326412
alloc_pos 326500
alloc_pos 326748
alloc_pos 326964
alloc_pos 327192
alloc_pos 327304
alloc_pos 327376
alloc_pos 327580
alloc_pos 327820
alloc_pos 328004
alloc_pos 328120
alloc_pos 328276
alloc_pos 328480
alloc_pos 328672
alloc_pos 328728
alloc_pos 328980
alloc_pos 329184
alloc_pos 329360
alloc_pos 329444
alloc_pos 329652
alloc_pos 329800
alloc_pos 329876
alloc_pos 330120
alloc_pos 330300
alloc_pos 330332
alloc_pos 330504
alloc_pos 330704
alloc_pos 330876
alloc_pos 330908
alloc_pos 331020
alloc_pos 331192
alloc_pos 331400
alloc_pos 331568
alloc_pos 331676
alloc_pos 331744
alloc_pos 331840
alloc_pos 331912
alloc_pos 331976
alloc_pos 332200
alloc_pos 332396
alloc_pos 332560
alloc_pos 332612
alloc_pos 332864
alloc_pos 332944
alloc_pos 333008
alloc_pos 333048
alloc_pos 333180
alloc_pos 333368
alloc_pos 333544
alloc_pos 333708
alloc_pos 333936
alloc_pos 334096
alloc_pos 334296
alloc_pos 334328
alloc_pos 334464
alloc_pos 334696
alloc_pos 334804
alloc_pos 334992
alloc_pos 335036
alloc_pos 335192
alloc_pos 335216
alloc_pos 335272
alloc_pos 335372
alloc_pos 335424
alloc_pos 335552
alloc_pos 335652
alloc_pos 335908
alloc_pos 336000
alloc_pos 336168
alloc_pos 336344
alloc_pos 336544
alloc_pos 336584
alloc_pos 336848
alloc_pos 336992
alloc_pos 337148
alloc_pos 337264
alloc_pos 337504
alloc_pos 337740
alloc_pos 337772
alloc_pos 337796
alloc_pos 337900
alloc_pos 338008
alloc_pos 338068
alloc_pos 338216
alloc_pos 338380
alloc_pos 338540
alloc_pos 338696
alloc_pos 338928
alloc_pos 339072
alloc_pos 339152
alloc_pos 339344
alloc_pos 339420
alloc_pos 339516
alloc_pos 339744
alloc_pos 339776
alloc_pos 339896
alloc_pos 340048
alloc_pos 340252
alloc_pos 340508
alloc_pos 340572
alloc_pos 340784
alloc_pos 340844
alloc_pos 340932
alloc_pos 341064
alloc_pos 341260
alloc_pos 341492
alloc_pos 341732
alloc_pos 341808
alloc_pos 341896
alloc_pos 342028
alloc_pos 342200
alloc_pos 342284
alloc_pos 342396
alloc_pos 342616
alloc_pos 342700
alloc_pos 342872
alloc_pos 342968
alloc_pos 343100
alloc_pos 343176
alloc_pos 343364
alloc_pos 343452
alloc_pos 343548
alloc_pos 343744
alloc_pos 344000
alloc_pos 344196
alloc_pos 344424
alloc_pos 344664
alloc_pos 344912
alloc_pos 344980
alloc_pos 345168
alloc_pos 345248
alloc_pos 345440
alloc_pos 345500
alloc_pos 345744
alloc_pos 345824
alloc_pos 346012
alloc_pos 346220
alloc_pos 346288
alloc_pos 346344
alloc_pos 346384
alloc_pos 346544
alloc_pos 346784
alloc_pos 346860
alloc_pos 347072
alloc_pos 347168
alloc_pos 347196
alloc_pos 347328
alloc_pos 347384
alloc_pos 347620
alloc_pos 347816
alloc_pos 347992
alloc_pos 348016
alloc_pos 348108
alloc_pos 348344
alloc_pos 348404
alloc_pos 348448
alloc_pos 348692
alloc_pos 348916
alloc_pos 349144
alloc_pos 349392
alloc_pos 349620
alloc_pos 349708
alloc_pos 349940
alloc_pos 350076
alloc_pos 350288
alloc_pos 350420
alloc_pos 350684
alloc_pos 350740
alloc_pos 350964
alloc_pos 351212
alloc_pos 351300
alloc_pos 351412
alloc_pos 351652
alloc_pos 351732
alloc_pos 351880
alloc_pos 352132
alloc_pos 352348
alloc_pos 352512
alloc_pos 352680
alloc_pos 352812
alloc_pos 353004
alloc_pos 353120
alloc_pos 353368
alloc_pos 353500
alloc_pos 353684
alloc_pos 353788
alloc_pos 353976
alloc_pos 354028
alloc_pos 354140
alloc_pos 354372
alloc_pos 354548
alloc_pos 354776
alloc_pos 354960
alloc_pos 355048
alloc_pos 355248
alloc_pos 355384
alloc_pos 355548
alloc_pos 355728
alloc_pos 355940
alloc_pos 355996
alloc_pos 356132
alloc_pos 356328
alloc_pos 356536
alloc_pos 356672
alloc_pos 356832
alloc_pos 356900
alloc_pos 356996
alloc_pos 357068
alloc_pos 357136
alloc_pos 357292
alloc_pos 357404
alloc_pos 357492
alloc_pos 357608
alloc_pos 357748
alloc_pos 357836
alloc_pos 358012
alloc_pos 358104
alloc_pos 358228
alloc_pos 358476
alloc_pos 358532
alloc_pos 358700
alloc_pos 358848
alloc_pos 359012
alloc_pos 359096
alloc_pos 359264
alloc_pos 359348
alloc_pos 359596
alloc_pos 359668
alloc_pos 359868
alloc_pos 359984
alloc_pos 360040
alloc_pos 360080
alloc_pos 360212
alloc_pos 360400
alloc_pos 360584
alloc_pos 360724
alloc_pos 360844
alloc_pos 360868
alloc_pos 361076
alloc_pos 361208
alloc_pos 361468
alloc_pos 361712
alloc_pos 361744
alloc_pos 361824
alloc_pos 361884
alloc_pos 362032
alloc_pos 362260
alloc_pos 362460
alloc_pos 362696
alloc_pos 362832
alloc_pos 363016
alloc_pos 363104
alloc_pos 363168
alloc_pos 363376
alloc_pos 363504
alloc_pos 363716
alloc_pos 363960
alloc_pos 364048
alloc_pos 364296
alloc_pos 364512
alloc_pos 364740
alloc_pos 364852
alloc_pos 364924
alloc_pos 365128
alloc_pos 365368
alloc_pos 365552
alloc_pos 365668
alloc_pos 365824
alloc_pos 366028
alloc_pos 366220
alloc_pos 366276
alloc_pos 366528
alloc_pos 366732
alloc_pos 366908
alloc_pos 366992
alloc_pos 367200
alloc_pos 367348
alloc_pos 367424
alloc_pos 367668
alloc_pos 367848
alloc_pos 367880
alloc_pos 368052
alloc_pos 368252
alloc_pos 368424
alloc_pos 368456
alloc_pos 368568
alloc_pos 368740
alloc_pos 368948
alloc_pos 369116
alloc_pos 369224
alloc_pos 369292
alloc_pos 369388
alloc_pos 369460
alloc_pos 369524
alloc_pos 369748
alloc_pos 369944
alloc_pos 370108
alloc_pos 370160
alloc_pos 370412
alloc_pos 370492
alloc_pos 370556
alloc_pos 370596
alloc_pos 370728
alloc_pos 370916
alloc_pos 371092
alloc_pos 371256
alloc_pos 371484
alloc_pos 371644
alloc_pos 371844
alloc_pos 371876
alloc_pos 372012
alloc_pos 372244
alloc_pos 372352
alloc_pos 372540
alloc_pos 372584
alloc_pos 372740
alloc_pos 372764
alloc_pos 372820
alloc_pos 372920
alloc_pos 372972
alloc_pos 373100
alloc_pos 373200
alloc_pos 373456
alloc_pos 373548
alloc_pos 373716
alloc_pos 373892
alloc_pos 374092
alloc_pos 374132
alloc_pos 374396
alloc_pos 374540
alloc_pos 374696
alloc_pos 374812
alloc_pos 375052
alloc_pos 375288
alloc_pos 375320
alloc_pos 375344
alloc_pos 375448
alloc_pos 375556
alloc_pos 375616
alloc_pos 375764
alloc_pos 375928
alloc_pos 376088
alloc_pos 376244
alloc_pos 376476
alloc_pos 376620
alloc_pos 376700
alloc_pos 376892
alloc_pos 376968
alloc_pos 377064
alloc_pos 377292
alloc_pos 377324
alloc_pos 377444
alloc_pos 377596
alloc_pos 377800
alloc_pos 378056
alloc_pos 378120
alloc_pos 378332
alloc_pos 378392
alloc_pos 378480
alloc_pos 378612
alloc_pos 378808
alloc_pos 379040
alloc_pos 379280
alloc_pos 379356
alloc_pos 379444
alloc_pos 379576
alloc_pos 379748
alloc_pos 379832
alloc_pos 379944
alloc_pos 380164
alloc_pos 380248
alloc_pos 380420
alloc_pos 380516
alloc_pos 380648
alloc_pos 380724
alloc_pos 380912
alloc_pos 381000
alloc_pos 381096
alloc_pos 381292
alloc_pos 381548
alloc_pos 381744
alloc_pos 381972
alloc_pos 382212
alloc_pos 382460
alloc_pos 382528
alloc_pos 382716
alloc_pos 382796
alloc_pos 382988
alloc_pos 383048
alloc_pos 383292
alloc_pos 383372
alloc_pos 383560
alloc_pos 383768
alloc_pos 383836
alloc_pos 383892
alloc_pos 383932
alloc_pos 384092
alloc_pos 384332
alloc_pos 384408
alloc_pos 384620
alloc_pos 384716
alloc_pos 384744
alloc_pos 384876
alloc_pos 384932
alloc_pos 385168
alloc_pos 385364
alloc_pos 385540
alloc_pos 385564
alloc_pos 385656
alloc_pos 385892
alloc_pos 385952
alloc_pos 385996
alloc_pos 386240
alloc_pos 386464
alloc_pos 386692
alloc_pos 386940
alloc_pos 387168
alloc_pos 387256
alloc_pos 387488
alloc_pos 387624
alloc_pos 387836
alloc_pos 387968
alloc_pos 388232
alloc_pos 388288
alloc_pos 388512
alloc_pos 388760
alloc_pos 388848
alloc_pos 388960
alloc_pos 389200
alloc_pos 389280
alloc_pos 389428
alloc_pos 389680
alloc_pos 389896
alloc_pos 390060
alloc_pos 390228
alloc_pos 390360
alloc_pos 390552
alloc_pos 390668
alloc_pos 390916
alloc_pos 391048
alloc_pos 391232
alloc_pos 391336
alloc_pos 391524
alloc_pos 391576
alloc_pos 391688
alloc_pos 391920
alloc_pos 392096
alloc_pos 392324
alloc_pos 392508
alloc_pos 392596
alloc_pos 392796
alloc_pos 392932
alloc_pos 393096
alloc_pos 393276
alloc_pos 393488
alloc_pos 393544
alloc_pos 393680
alloc_pos 393876
alloc_pos 394084
alloc_pos 394220
alloc_pos 394380
alloc_pos 394448
alloc_pos 394544
alloc_pos 394616
alloc_pos 394684
alloc_pos 394840
alloc_pos 394952
alloc_pos 395040
alloc_pos 395156
alloc_pos 395296
alloc_pos 395384
alloc_pos 395560
alloc_pos 395652
alloc_pos 395776
alloc_pos 396024
alloc_pos 396080
alloc_pos 396248
alloc_pos 396396
alloc_pos 396560
alloc_pos 396644
alloc_pos 396812
alloc_pos 396896
alloc_pos 397144
alloc_pos 397216
alloc_pos 397416
alloc_pos 397532
alloc_pos 397588
alloc_pos 397628
alloc_pos 397760
alloc_pos 397948
alloc_pos 398132
alloc_pos 398272
alloc_pos 398392
alloc_pos 398416
alloc_pos 398624
alloc_pos 398756
alloc_pos 399016
alloc_pos 399260
alloc_pos 399292
alloc_pos 399372
alloc_pos 399432
alloc_pos 399580
alloc_pos 399808
alloc_pos 400008
alloc_pos 400244
alloc_pos 400380
alloc_pos 400564
alloc_pos 400652
alloc_pos 400716
alloc_pos 400924
alloc_pos 401052
alloc_pos 401264
alloc_pos 401508
alloc_pos 401596
alloc_pos 401844
alloc_pos 402060
alloc_pos 402288
alloc_pos 402400
alloc_pos 402472
alloc_pos 402676
alloc_pos 402916
alloc_pos 403100
alloc_pos 403216
alloc_pos 403372
alloc_pos 403576
alloc_pos 403768
alloc_pos 403824
alloc_pos 404076
alloc_pos 404280
alloc_pos 404456
alloc_pos 404540
alloc_pos 404748
alloc_pos 404896
alloc_pos 404972
alloc_pos 405216
alloc_pos 405396
alloc_pos 405428
alloc_pos 405600
alloc_pos 405800
alloc_pos 405972
alloc_pos 406004
alloc_pos 406116
alloc_pos 406288
alloc_pos 406496
alloc_pos 406664
alloc_pos 406772
alloc_pos 406840
alloc_pos 406936
alloc_pos 407008
alloc_pos 407072
alloc_pos 407296
alloc_pos 407492
alloc_pos 407656
alloc_pos 407708
alloc_pos 407960
alloc_pos 408040
alloc_pos 408104
alloc_pos 408144
alloc_pos 408276
alloc_pos 408464
alloc_pos 408640
alloc_pos 408804
alloc_pos 409032
alloc_pos 409192
alloc_pos 409392
alloc_pos 409424
alloc_pos 409560
alloc_pos 409792
alloc_pos 409900
alloc_pos 410088
alloc_pos 410132
alloc_pos 410288
alloc_pos 410312
alloc_pos 410368
alloc_pos 410468
alloc_pos 410520
alloc_pos 410648
alloc_pos 410748
alloc_pos 411004
alloc_pos 411096
alloc_pos 411264
alloc_pos 411440
alloc_pos 411640
alloc_pos 411680
alloc_pos 411944
alloc_pos 412088
alloc_pos 412244
alloc_pos 412360
alloc_pos 412600
alloc_pos 412836
alloc_pos 412868
alloc_pos 412892
alloc_pos 412996
alloc_pos 413104
alloc_pos 413164
alloc_pos 413312
alloc_pos 413476
alloc_pos 413636
alloc_pos 413792
alloc_pos 414024
alloc_pos 414168
alloc_pos 414248
alloc_pos 414440
alloc_pos 414516
alloc_pos 414612
alloc_pos 414840
alloc_pos 414872
alloc_pos 414992
alloc_pos 415144
alloc_pos 415348
alloc_pos 415604
alloc_pos 415668
alloc_pos 415880
alloc_pos 415940
alloc_pos 416028
alloc_pos 416160
alloc_pos 416356
alloc_pos 416588
alloc_pos 416828
alloc_pos 416904
alloc_pos 416992
alloc_pos 417124
alloc_pos 417296
alloc_pos 417380
alloc_pos 417492
alloc_pos 417712
alloc_pos 417796
alloc_pos 417968
alloc_pos 418064
alloc_pos 418196
alloc_pos 418272
alloc_pos 418460
alloc_pos 418548
alloc_pos 418644
alloc_pos 418840
alloc_pos 419096
alloc_pos 419292
alloc_pos 419520
alloc_pos 419760
alloc_pos 420008
alloc_pos 420076
alloc_pos 420264
alloc_pos 420344
alloc_pos 420536
alloc_pos 420596
alloc_pos 420840
alloc_pos 420920
alloc_pos 421108
alloc_pos 421316
alloc_pos 421384
alloc_pos 421440
alloc_pos 421480
alloc_pos 421640
alloc_pos 421880
alloc_pos 421956
alloc_pos 422168
alloc_pos 422264
alloc_pos 422292
alloc_pos 422424
alloc_pos 422480
alloc_pos 422716
alloc_pos 422912
alloc_pos 423088
alloc_pos 423112
alloc_pos 423204
alloc_pos 423440
alloc_pos 423500
alloc_pos 423544
alloc_pos 423788
alloc_pos 424012
alloc_pos 424240
alloc_pos 424488
alloc_pos 424716
alloc_pos 424804
alloc_pos 425036
alloc_pos 425172
alloc_pos 425384
alloc_pos 425516
alloc_pos 425780
alloc_pos 425836
alloc_pos 426060
alloc_pos 426308
alloc_pos 426396
alloc_pos 426508
alloc_pos 426748
alloc_pos 426828
alloc_pos 426976
alloc_pos 427228
alloc_pos 427444
alloc_pos 427608
alloc_pos 427776
alloc_pos 427908
alloc_pos 428100
alloc_pos 428216
alloc_pos 428464
alloc_pos 428596
alloc_pos 428780
alloc_pos 428884
alloc_pos 429072
alloc_pos 429124
alloc_pos 429236
alloc_pos 429468
alloc_pos 429644
alloc_pos 429872
alloc_pos 430056
alloc_pos 430144
alloc_pos 430344
alloc_pos 430480
alloc_pos 430644
alloc_pos 430824
alloc_pos 431036
alloc_pos 431092
alloc_pos 431228
alloc_pos 431424
alloc_pos 431632
alloc_pos 431768
alloc_pos 431928
alloc_pos 431996
alloc_pos 432092
alloc_pos 432164
alloc_pos 432232
alloc_pos 432388
alloc_pos 432500
alloc_pos 432588
alloc_pos 432704
alloc_pos 432844
alloc_pos 432932
alloc_pos 433108
alloc_pos 433200
alloc_pos 433324
alloc_pos 433572
alloc_pos 433628
alloc_pos 433796
alloc_pos 433944
alloc_pos 434108
alloc_pos 434192
alloc_pos 434360
alloc_pos 434444
alloc_pos 434692
alloc_pos 434764
alloc_pos 434964
alloc_pos 435080
alloc_pos 435136
alloc_pos 435176
alloc_pos 435308
alloc_pos 435496
alloc_pos 435680
alloc_pos 435820
alloc_pos 435940
alloc_pos 435964
alloc_pos 436172
alloc_pos 436304
alloc_pos 436564
alloc_pos 436808
alloc_pos 436840
alloc_pos 436920
alloc_pos 436980
alloc_pos 437128
alloc_pos 437356
alloc_pos 437556
alloc_pos 437792
alloc_pos 437928
alloc_pos 438112
alloc_pos 438200
alloc_pos 438264
alloc_pos 438472
alloc_pos 438600
alloc_pos 438812
alloc_pos 439056
alloc_pos 439144
alloc_pos 439392
alloc_pos 439608
alloc_pos 439836
alloc_pos 439948
alloc_pos 440020
alloc_pos 440224
alloc_pos 440464
alloc_pos 440648
alloc_pos 440764
alloc_pos 440920
alloc_pos 441124
alloc_pos 441316
alloc_pos 441372
alloc_pos 441624
alloc_pos 441828
alloc_pos 442004
alloc_pos 442088
alloc_pos 442296
alloc_pos 442444
alloc_pos 442520
alloc_pos 442764
alloc_pos 442944
alloc_pos 442976
alloc_pos 443148
alloc_pos 443348
alloc_pos 443520
alloc_pos 443552
alloc_pos 443664
alloc_pos 443836
alloc_pos 444044
alloc_pos 444212
alloc_pos 444320
alloc_pos 444388
alloc_pos 444484
alloc_pos 444556
alloc_pos 444620
alloc_pos 444844
alloc_pos 445040
alloc_pos 445204
alloc_pos 445256
alloc_pos 445508
alloc_pos 445588
alloc_pos 445652
alloc_pos 445692
alloc_pos 445824
alloc_pos 446012
alloc_pos 446188
alloc_pos 446352
alloc_pos 446580
alloc_pos 446740
alloc_pos 446940
alloc_pos 446972
alloc_pos 447108
alloc_pos 447340
alloc_pos 447448
alloc_pos 447636
alloc_pos 447680
alloc_pos 447836
alloc_pos 447860
alloc_pos 447916
alloc_pos 448016
alloc_pos 448068
alloc_pos 448196
alloc_pos 448296
alloc_pos 448552
alloc_pos 448644
alloc_pos 448812
alloc_pos 448988
alloc_pos 449188
alloc_pos 449228
alloc_pos 449492
alloc_pos 449636
alloc_pos 449792
alloc_pos 449908
alloc_pos 450148
alloc_pos 450384
alloc_pos 450416
alloc_pos 450440
alloc_pos 450544
alloc_pos 450652
alloc_pos 450712
alloc_pos 450860
alloc_pos 451024
alloc_pos 451184
alloc_pos 451340
alloc_pos 451572
alloc_pos 451716
alloc_pos 451796
alloc_pos 451988
alloc_pos 452064
alloc_pos 452160
alloc_pos 452388
alloc_pos 452420
alloc_pos 452540
alloc_pos 452692
alloc_pos 452896
alloc_pos 453152
alloc_pos 453216
alloc_pos 453428
alloc_pos 453488
alloc_pos 453576
alloc_pos 453708
alloc_pos 453904
alloc_pos 454136
alloc_pos 454376
alloc_pos 454452
alloc_pos 454540
alloc_pos 454672
alloc_pos 454844
alloc_pos 454928
alloc_pos 455040
alloc_pos 455260
alloc_pos 455344
alloc_pos 455516
alloc_pos 455612
alloc_pos 455744
alloc_pos 455820
alloc_pos 456008
alloc_pos 456096
alloc_pos 456192
alloc_pos 456388
alloc_pos 456644
alloc_pos 456840
alloc_pos 457068
alloc_pos 457308
alloc_pos 457556
alloc_pos 457624
alloc_pos 457812
alloc_pos 457892
alloc_pos 458084
alloc_pos 458144
alloc_pos 458388
alloc_pos 458468
alloc_pos 458656
alloc_pos 458864
alloc_pos 458932
alloc_pos 458988
alloc_pos 459028
alloc_pos 459188
alloc_pos 459428
alloc_pos 459504
alloc_pos 459716
alloc_pos 459812
alloc_pos 459840
alloc_pos 459972
alloc_pos 460028
alloc_pos 460264
alloc_pos 460460
alloc_pos 460636
alloc_pos 460660
alloc_pos 460752
alloc_pos 460988
alloc_pos 461048
alloc_pos 461092
alloc_pos 461336
alloc_pos 461560
alloc_pos 461788
alloc_pos 462036
alloc_pos 462264
alloc_pos 462352
alloc_pos 462584
alloc_pos 462720
alloc_pos 462932
alloc_pos 463064
alloc_pos 463328
alloc_pos 463384
alloc_pos 463608
alloc_pos 463856
alloc_pos 463944
alloc_pos 464056
alloc_pos 464296
alloc_pos 464376
alloc_pos 464524
alloc_pos 464776
alloc_pos 464992
alloc_pos 465156
alloc_pos 465324
alloc_pos 465456
alloc_pos 465648
alloc_pos 465764
alloc_pos 466012
alloc_pos 466144
alloc_pos 466328
alloc_pos 466432
alloc_pos 466620
alloc_pos 466672
alloc_pos 466784
alloc_pos 467016
alloc_pos 467192
alloc_pos 467420
alloc_pos 467604
alloc_pos 467692
alloc_pos 467892
alloc_pos 468028
alloc_pos 468192
alloc_pos 468372
alloc_pos 468584
alloc_pos 468640
alloc_pos 468776
alloc_pos 468972
alloc_pos 469180
alloc_pos 469316
alloc_pos 469476
alloc_pos 469544
alloc_pos 469640
alloc_pos 469712
alloc_pos 469780
alloc_pos 469936
alloc_pos 470048
alloc_pos 470136
alloc_pos 470252
alloc_pos 470392
alloc_pos 470480
alloc_pos 470656
alloc_pos 470748
alloc_pos 470872
alloc_pos 471120
alloc_pos 471176
alloc_pos 471344
alloc_pos 471492
alloc_pos 471656
alloc_pos 471740
alloc_pos 471908
alloc_pos 471992
alloc_pos 472240
alloc_pos 472312
alloc_pos 472512
alloc_pos 472628
alloc_pos 472684
alloc_pos 472724
alloc_pos 472856
alloc_pos 473044
alloc_pos 473228
alloc_pos 473368
alloc_pos 473488
alloc_pos 473512
alloc_pos 473720
alloc_pos 473852
alloc_pos 474112
alloc_pos 474356
alloc_pos 474388
alloc_pos 474468
alloc_pos 474528
alloc_pos 474676
alloc_pos 474904
alloc_pos 475104
alloc_pos 475340
alloc_pos 475476
alloc_pos 475660
alloc_pos 475748
alloc_pos 475812
alloc_pos 476020
alloc_pos 476148
alloc_pos 476360
alloc_pos 476604
alloc_pos 476692
alloc_pos 476940
alloc_pos 477156
alloc_pos 477384
alloc_pos 477496
alloc_pos 477568
alloc_pos 477772
alloc_pos 478012
alloc_pos 478196
alloc_pos 478312
alloc_pos 478468
alloc_pos 478672
alloc_pos 478864
alloc_pos 478920
alloc_pos 479172
alloc_pos 479376
alloc_pos 479552
alloc_pos 479636
alloc_pos 479844
alloc_pos 479992
alloc_pos 480068
alloc_pos 480312
alloc_pos 480492
alloc_pos 480524
alloc_pos 480696
alloc_pos 480896
alloc_pos 481068
alloc_pos 481100
alloc_pos 481212
alloc_pos 481384
alloc_pos 481592
alloc_pos 481760
alloc_pos 481868
alloc_pos 481936
alloc_pos 482032
alloc_pos 482104
alloc_pos 482168
alloc_pos 482392
alloc_pos 482588
alloc_pos 482752
alloc_pos 482804
alloc_pos 483056
alloc_pos 483136
alloc_pos 483200
alloc_pos 483240
alloc_pos 483372
alloc_pos 483560
alloc_pos 483736
alloc_pos 483900
alloc_pos 484128
alloc_pos 484288
alloc_pos 484488
alloc_pos 484520
alloc_pos 484656
alloc_pos 484888
alloc_pos 484996
alloc_pos 485184
alloc_pos 485228
alloc_pos 485384
alloc_pos 485408
alloc_pos 485464
alloc_pos 485564
alloc_pos 485616
alloc_pos 485744
alloc_pos 485844
alloc_pos 486100
alloc_pos 486192
alloc_pos 486360
alloc_pos 486536
alloc_pos 486736
alloc_pos 486776
alloc_pos 487040
alloc_pos 487184
alloc_pos 487340
alloc_pos 487456
alloc_pos 487696
alloc_pos 487932
alloc_pos 487964
alloc_pos 487988
alloc_pos 488092
alloc_pos 488200
alloc_pos 488260
alloc_pos 488408
alloc_pos 488572
alloc_pos 488732
alloc_pos 488888
alloc_pos 489120
alloc_pos 489264
alloc_pos 489344
alloc_pos 489536
alloc_pos 489612
alloc_pos 489708
alloc_pos 489936
alloc_pos 489968
alloc_pos 490088
alloc_pos 490240
alloc_pos 490444
alloc_pos 490700
alloc_pos 490764
alloc_pos 490976
alloc_pos 491036
alloc_pos 491124
alloc_pos 491256
alloc_pos 491452
alloc_pos 491684
alloc_pos 491924
alloc_pos 492000
alloc_pos 492088
alloc_pos 492220
alloc_pos 492392
alloc_pos 492476
alloc_pos 492588
alloc_pos 492808
alloc_pos 492892
alloc_pos 493064
alloc_pos 493160
alloc_pos 493292
alloc_pos 493368
alloc_pos 493556
alloc_pos 493644
alloc_pos 493740
alloc_pos 493936
alloc_pos 494192
alloc_pos 494388
alloc_pos 494616
alloc_pos 494856
alloc_pos 495104
alloc_pos 495172
alloc_pos 495360
alloc_pos 495440
alloc_pos 495632
alloc_pos 495692
alloc_pos 495936
alloc_pos 496016
alloc_pos 496204
alloc_pos 496412
alloc_pos 496480
alloc_pos 496536
alloc_pos 496576
alloc_pos 496736
alloc_pos 496976
alloc_pos 497052
alloc_pos 497264
alloc_pos 497360
alloc_pos 497388
alloc_pos 497520
alloc_pos 497576
alloc_pos 497812
alloc_pos 498008
alloc_pos 498184
alloc_pos 498208
alloc_pos 498300
alloc_pos 498536
alloc_pos 498596
alloc_pos 498640
alloc_pos 498884
alloc_pos 499108
alloc_pos 499336
alloc_pos 499584
alloc_pos 499812
alloc_pos 499900
alloc_pos 500132
alloc_pos 500268
alloc_pos 500480
alloc_pos 500612
alloc_pos 500876
alloc_pos 500932
alloc_pos 501156
alloc_pos 501404
alloc_pos 501492
alloc_pos 501604
alloc_pos 501844
alloc_pos 501924
alloc_pos 502072
alloc_pos 502324
alloc_pos 502540
alloc_pos 502704
alloc_pos 502872
alloc_pos 503004
alloc_pos 503196
alloc_pos 503312
alloc_pos 503560
alloc_pos 503692
alloc_pos 503876
alloc_pos 503980
alloc_pos 504168
alloc_pos 504220
alloc_pos 504332
alloc_pos 504564
alloc_pos 504740
alloc_pos 504968
alloc_pos 505152
alloc_pos 505240
alloc_pos 505440
alloc_pos 505576
alloc_pos 505740
alloc_pos 505920
alloc_pos 506132
alloc_pos 506188
alloc_pos 506324
alloc_pos 506520
alloc_pos 506728
alloc_pos 506864
alloc_pos 507024
alloc_pos 507092
alloc_pos 507188
alloc_pos 507260
alloc_pos 507328
alloc_pos 507484
alloc_pos 507596
alloc_pos 507684
alloc_pos 507800
alloc_pos 507940
alloc_pos 508028
alloc_pos 508204
alloc_pos 508296
alloc_pos 508420
alloc_pos 508668
alloc_pos 508724
alloc_pos 508892
alloc_pos 509040
alloc_pos 509204
alloc_pos 509288
alloc_pos 509456
alloc_pos 509540
alloc_pos 509788
alloc_pos 509860
alloc_pos 510060
alloc_pos 510176
alloc_pos 510232
alloc_pos 510272
alloc_pos 510404
alloc_pos 510592
alloc_pos 510776
alloc_pos 510916
alloc_pos 511036
alloc_pos 511060
alloc_pos 511268
alloc_pos 511400
alloc_pos 511660
alloc_pos 511904
alloc_pos 511936
alloc_pos 512016
alloc_pos 512076
alloc_pos 512224
alloc_pos 512452
alloc_pos 512652
alloc_pos 512888
alloc_pos 513024
alloc_pos 513208
alloc_pos 513296
alloc_pos 513360
alloc_pos 513568
alloc_pos 513696
alloc_pos 513908
alloc_pos 514152
alloc_pos 514240
alloc_pos 514488
alloc_pos 514704
alloc_pos 514932
alloc_pos 515044
alloc_pos 515116
alloc_pos 515320
alloc_pos 515560
alloc_pos 515744
alloc_pos 515860
alloc_pos 516016
alloc_pos 516220
alloc_pos 516412
alloc_pos 516468
alloc_pos 516720
alloc_pos 516924
alloc_pos 517100
alloc_pos 517184
alloc_pos 517392
alloc_pos 517540
alloc_pos 517616
alloc_pos 517860
alloc_pos 518040
alloc_pos 518072
alloc_pos 518244
alloc_pos 518444
alloc_pos 518616
alloc_pos 518648
alloc_pos 518760
alloc_pos 518932
alloc_pos 519140
alloc_pos 519308
alloc_pos 519416
alloc_pos 519484
alloc_pos 519580
alloc_pos 519652
alloc_pos 519716
alloc_pos 519940
alloc_pos 520136
alloc_pos 520300
alloc_pos 520352
alloc_pos 520604
alloc_pos 520684
alloc_pos 520748
alloc_pos 520788
alloc_pos 520920
alloc_pos 521108
alloc_pos 521284
alloc_pos 521448
alloc_pos 521676
alloc_pos 521836
alloc_pos 522036
alloc_pos 522068
alloc_pos 522204
alloc_pos 522436
alloc_pos 522544
alloc_pos 522732
alloc_pos 522776
alloc_pos 522932
alloc_pos 522956
alloc_pos 523012
alloc_pos 523112
alloc_pos 523164
alloc_pos 523292
alloc_pos 523392
alloc_pos 523648
alloc_pos 523740
alloc_pos 523908
alloc_pos 524084
alloc_pos -1

