reason: unexpected exit code -6
--- stdout ---
CHENEY GENERATOR!
--- stderr ---
alloc_pos 8
alloc_pos 1040
alloc_pos 2072
alloc_pos 3104
alloc_pos 4136
alloc_pos 5168
alloc_pos 5432
alloc_pos 5488
alloc_pos 5656
alloc_pos 5896
alloc_pos 6124
alloc_pos 6340
alloc_pos 6380
alloc_pos 6468
alloc_pos 6520
alloc_pos 6668
alloc_pos 6884
alloc_pos 7020
alloc_pos 7164
alloc_pos 7352
alloc_pos 7472
alloc_pos 7696
alloc_pos 7772
alloc_pos 7820
alloc_pos 7968
alloc_pos 7996
alloc_pos 8248
alloc_pos 8484
alloc_pos 8604
alloc_pos 8736
alloc_pos 8912
alloc_pos 9128
alloc_pos 9348
alloc_pos 9372
alloc_pos 9572
alloc_pos 9708
alloc_pos 9800
alloc_pos 10008
alloc_pos 10236
alloc_pos 10316
alloc_pos 10488
alloc_pos 10752
alloc_pos 10800
alloc_pos 11052
alloc_pos 11156
alloc_pos 11184
alloc_pos 11212
alloc_pos 11240
alloc_pos 11428
alloc_pos 11588
alloc_pos 11612
alloc_pos 11876
alloc_pos 12124
alloc_pos 12244
alloc_pos 12440
alloc_pos 12516
alloc_pos 12648
alloc_pos 12856
alloc_pos 12884
alloc_pos 13040
alloc_pos 13120
alloc_pos 13336
alloc_pos 13472
alloc_pos 13736
alloc_pos 13884
alloc_pos 14048
alloc_pos 14128
alloc_pos 14240
alloc_pos 14320
alloc_pos 14516
alloc_pos 14596
alloc_pos 14812
alloc_pos 14952
alloc_pos 15216
alloc_pos 15312
alloc_pos 15572
alloc_pos 15600
alloc_pos 15728
alloc_pos 15964
alloc_pos 16220
alloc_pos 16384
alloc_pos 16644
alloc_pos 16832
alloc_pos 16880
alloc_pos 16948
alloc_pos 17132
alloc_pos 17340
alloc_pos 17584
alloc_pos 17680
alloc_pos 17732
alloc_pos 17944
alloc_pos 18052
alloc_pos 18304
alloc_pos 18512
alloc_pos 18716
alloc_pos 18868
alloc_pos 19128
alloc_pos 19260
alloc_pos 19412
alloc_pos 19648
alloc_pos 19904
alloc_pos 20096
alloc_pos 20168
alloc_pos 20268
alloc_pos 20364
alloc_pos 20536
alloc_pos 20784
alloc_pos 20932
alloc_pos 21172
alloc_pos 21436
alloc_pos 21588
alloc_pos 21712
alloc_pos 21884
alloc_pos 22124
alloc_pos 22156
alloc_pos 22300
alloc_pos 22384
alloc_pos 22596
alloc_pos 22824
alloc_pos 22948
alloc_pos 23076
alloc_pos 23268
alloc_pos 23336
alloc_pos 23452
alloc_pos 23616
alloc_pos 23864
alloc_pos 24064
alloc_pos 24284
alloc_pos 24480
alloc_pos 24692
alloc_pos 24808
alloc_pos 24852
alloc_pos 24988
alloc_pos 25180
alloc_pos 25332
alloc_pos 25380
alloc_pos 25600
alloc_pos 25664
alloc_pos 25820
alloc_pos 26056
alloc_pos 26180
alloc_pos 26296
alloc_pos 26444
alloc_pos 26652
alloc_pos 26680
alloc_pos 26824
alloc_pos 26856
alloc_pos 26956
alloc_pos 27160
alloc_pos 27400
alloc_pos 27580
alloc_pos 27752
alloc_pos 27924
alloc_pos 28048
alloc_pos 28236
alloc_pos 28300
alloc_pos 28364
alloc_pos 28516
alloc_pos 28596
alloc_pos 28620
alloc_pos 28840
alloc_pos 28912
alloc_pos 29072
alloc_pos 29328
alloc_pos 29572
alloc_pos 29736
alloc_pos 29816
alloc_pos 29940
alloc_pos 30092
alloc_pos 30204
alloc_pos 30468
alloc_pos 30708
alloc_pos 30876
alloc_pos 30988
alloc_pos 31128
alloc_pos 31384
alloc_pos 31476
alloc_pos 31668
alloc_pos 31832
alloc_pos 32008
alloc_pos 32216
alloc_pos 32240
alloc_pos 32360
alloc_pos 32584
alloc_pos 32824
alloc_pos 33056
alloc_pos 33304
alloc_pos 33568
alloc_pos 33780
alloc_pos 33932
alloc_pos 34160
alloc_pos 34216
alloc_pos 34372
alloc_pos 34592
alloc_pos 34756
alloc_pos 34832
alloc_pos 34964
alloc_pos 35228
alloc_pos 35264
alloc_pos 35408
alloc_pos 35652
alloc_pos 35768
alloc_pos 35936
alloc_pos 36100
alloc_pos 36172
alloc_pos 36436
alloc_pos 36588
alloc_pos 36716
alloc_pos 36864
alloc_pos 37096
alloc_pos 37208
alloc_pos 37336
alloc_pos 37448
alloc_pos 37472
alloc_pos 37632
alloc_pos 37792
alloc_pos 37972
alloc_pos 38196
alloc_pos 38376
alloc_pos 38484
alloc_pos 38624
alloc_pos 38800
alloc_pos 38828
alloc_pos 39056
alloc_pos 39136
alloc_pos 39320
alloc_pos 39388
alloc_pos 39552
alloc_pos 39724
alloc_pos 39792
alloc_pos 40036
alloc_pos 40080
alloc_pos 40308
alloc_pos 40472
alloc_pos 40700
alloc_pos 40940
alloc_pos 41172
alloc_pos 41432
alloc_pos 41520
alloc_pos 41552
alloc_pos 41788
alloc_pos 42052
alloc_pos 42248
alloc_pos 42288
alloc_pos 42332
alloc_pos 42576
alloc_pos 42604
alloc_pos 42740
alloc_pos 42764
alloc_pos 42980
alloc_pos 43196
alloc_pos 43288
alloc_pos 43372
alloc_pos 43464
alloc_pos 43516
alloc_pos 43744
alloc_pos 43924
alloc_pos 43992
alloc_pos 44104
alloc_pos 44200
alloc_pos 44240
alloc_pos 44304
alloc_pos 44368
alloc_pos 44424
alloc_pos 44592
alloc_pos 44832
alloc_pos 45060
alloc_pos 45276
alloc_pos 45316
alloc_pos 45404
alloc_pos 45456
alloc_pos 45604
alloc_pos 45820
alloc_pos 45956
alloc_pos 46100
alloc_pos 46288
alloc_pos 46408
alloc_pos 46632
alloc_pos 46708
alloc_pos 46756
alloc_pos 46904
alloc_pos 46932
alloc_pos 47184
alloc_pos 47420
alloc_pos 47540
alloc_pos 47672
alloc_pos 47848
alloc_pos 48064
alloc_pos 48284
alloc_pos 48308
alloc_pos 48508
alloc_pos 48644
alloc_pos 48736
alloc_pos 48944
alloc_pos 49172
alloc_pos 49252
alloc_pos 49424
alloc_pos 49688
alloc_pos 49736
alloc_pos 49988
alloc_pos 50092
alloc_pos 50120
alloc_pos 50148
alloc_pos 50176
alloc_pos 50364
alloc_pos 50524
alloc_pos 50548
alloc_pos 50812
alloc_pos 51060
alloc_pos 51180
alloc_pos 51376
alloc_pos 51452
alloc_pos 51584
alloc_pos 51792
alloc_pos 51820
alloc_pos 51976
alloc_pos 52056
alloc_pos 52272
alloc_pos 52408
alloc_pos 52672
alloc_pos 52820
alloc_pos 52984
alloc_pos 53064
alloc_pos 53176
alloc_pos 53256
alloc_pos 53452
alloc_pos 53532
alloc_pos 53748
alloc_pos 53888
alloc_pos 54152
alloc_pos 54248
alloc_pos 54508
alloc_pos 54536
alloc_pos 54664
alloc_pos 54900
alloc_pos 55156
alloc_pos 55320
alloc_pos 55580
alloc_pos 55768
alloc_pos 55816
alloc_pos 55884
alloc_pos 56068
alloc_pos 56276
alloc_pos 56520
alloc_pos 56616
alloc_pos 56668
alloc_pos 56880
alloc_pos 56988
alloc_pos 57240
alloc_pos 57448
alloc_pos 57652
alloc_pos 57804
alloc_pos 58064
alloc_pos 58196
alloc_pos 58348
alloc_pos 58584
alloc_pos 58840
alloc_pos 59032
alloc_pos 59104
alloc_pos 59204
alloc_pos 59300
alloc_pos 59472
alloc_pos 59720
alloc_pos 59868
alloc_pos 60108
alloc_pos 60372
alloc_pos 60524
alloc_pos 60648
alloc_pos 60820
alloc_pos 61060
alloc_pos 61092
alloc_pos 61236
alloc_pos 61320
alloc_pos 61532
alloc_pos 61760
alloc_pos 61884
alloc_pos 62012
alloc_pos 62204
alloc_pos 62272
alloc_pos 62388
alloc_pos 62552
alloc_pos 62800
alloc_pos 63000
alloc_pos 63220
alloc_pos 63416
alloc_pos 63628
alloc_pos 63744
alloc_pos 63788
alloc_pos 63924
alloc_pos 64116
alloc_pos 64268
alloc_pos 64316
alloc_pos 64536
alloc_pos 64600
alloc_pos 64756
alloc_pos 64992
alloc_pos 65116
alloc_pos 65232
alloc_pos 65380
alloc_pos 65588
alloc_pos 65616
alloc_pos 65760
alloc_pos 65792
alloc_pos 65892
alloc_pos 66096
alloc_pos 66336
alloc_pos 66516
alloc_pos 66688
alloc_pos 66860
alloc_pos 66984
alloc_pos 67172
alloc_pos 67236
alloc_pos 67300
alloc_pos 67452
alloc_pos 67532
alloc_pos 67556
alloc_pos 67776
alloc_pos 67848
alloc_pos 68008
alloc_pos 68264
alloc_pos 68508
alloc_pos 68672
alloc_pos 68752
alloc_pos 68876
alloc_pos 69028
alloc_pos 69140
alloc_pos 69404
alloc_pos 69644
alloc_pos 69812
alloc_pos 69924
alloc_pos 70064
alloc_pos 70320
alloc_pos 70412
alloc_pos 70604
alloc_pos 70768
alloc_pos 70944
alloc_pos 71152
alloc_pos 71176
alloc_pos 71296
alloc_pos 71520
alloc_pos 71760
alloc_pos 71992
alloc_pos 72240
alloc_pos 72504
alloc_pos 72716
alloc_pos 72868
alloc_pos 73096
alloc_pos 73152
alloc_pos 73308
alloc_pos 73528
alloc_pos 73692
alloc_pos 73768
alloc_pos 73900
alloc_pos 74164
alloc_pos 74200
alloc_pos 74344
alloc_pos 74588
alloc_pos 74704
alloc_pos 74872
alloc_pos 75036
alloc_pos 75108
alloc_pos 75372
alloc_pos 75524
alloc_pos 75652
alloc_pos 75800
alloc_pos 76032
alloc_pos 76144
alloc_pos 76272
alloc_pos 76384
alloc_pos 76408
alloc_pos 76568
alloc_pos 76728
alloc_pos 76908
alloc_pos 77132
alloc_pos 77312
alloc_pos 77420
alloc_pos 77560
alloc_pos 77736
alloc_pos 77764
alloc_pos 77992
alloc_pos 78072
alloc_pos 78256
alloc_pos 78324
alloc_pos 78488
alloc_pos 78660
alloc_pos 78728
alloc_pos 78972
alloc_pos 79016
alloc_pos 79244
alloc_pos 79408
alloc_pos 79636
alloc_pos 79876
alloc_pos 80108
alloc_pos 80368
alloc_pos 80456
alloc_pos 80488
alloc_pos 80724
alloc_pos 80988
alloc_pos 81184
alloc_pos 81224
alloc_pos 81268
alloc_pos 81512
alloc_pos 81540
alloc_pos 81676
alloc_pos 81700
alloc_pos 81916
alloc_pos 82132
alloc_pos 82224
alloc_pos 82308
alloc_pos 82400
alloc_pos 82452
alloc_pos 82680
alloc_pos 82860
alloc_pos 82928
alloc_pos 83040
alloc_pos 83136
alloc_pos 83176
alloc_pos 83240
alloc_pos 83304
alloc_pos 83360
alloc_pos 83528
alloc_pos 83768
alloc_pos 83996
alloc_pos 84212
alloc_pos 84252
alloc_pos 84340
alloc_pos 84392
alloc_pos 84540
alloc_pos 84756
alloc_pos 84892
alloc_pos 85036
alloc_pos 85224
alloc_pos 85344
alloc_pos 85568
alloc_pos 85644
alloc_pos 85692
alloc_pos 85840
alloc_pos 85868
alloc_pos 86120
alloc_pos 86356
alloc_pos 86476
alloc_pos 86608
alloc_pos 86784
alloc_pos 87000
alloc_pos 87220
alloc_pos 87244
alloc_pos 87444
alloc_pos 87580
alloc_pos 87672
alloc_pos 87880
alloc_pos 88108
alloc_pos 88188
alloc_pos 88360
alloc_pos 88624
alloc_pos 88672
alloc_pos 88924
alloc_pos 89028
alloc_pos 89056
alloc_pos 89084
alloc_pos 89112
alloc_pos 89300
alloc_pos 89460
alloc_pos 89484
alloc_pos 89748
alloc_pos 89996
alloc_pos 90116
alloc_pos 90312
alloc_pos 90388
alloc_pos 90520
alloc_pos 90728
alloc_pos 90756
alloc_pos 90912
alloc_pos 90992
alloc_pos 91208
alloc_pos 91344
alloc_pos 91608
alloc_pos 91756
alloc_pos 91920
alloc_pos 92000
alloc_pos 92112
alloc_pos 92192
alloc_pos 92388
alloc_pos 92468
alloc_pos 92684
alloc_pos 92824
alloc_pos 93088
alloc_pos 93184
alloc_pos 93444
alloc_pos 93472
alloc_pos 93600
alloc_pos 93836
alloc_pos 94092
alloc_pos 94256
alloc_pos 94516
alloc_pos 94704
alloc_pos 94752
alloc_pos 94820
alloc_pos 95004
alloc_pos 95212
alloc_pos 95456
alloc_pos 95552
alloc_pos 95604
alloc_pos 95816
alloc_pos 95924
alloc_pos 96176
alloc_pos 96384
alloc_pos 96588
alloc_pos 96740
alloc_pos 97000
alloc_pos 97132
alloc_pos 97284
alloc_pos 97520
alloc_pos 97776
alloc_pos 97968
alloc_pos 98040
alloc_pos 98140
alloc_pos 98236
alloc_pos 98408
alloc_pos 98656
alloc_pos 98804
alloc_pos 99044
alloc_pos 99308
alloc_pos 99460
alloc_pos 99584
alloc_pos 99756
alloc_pos 99996
alloc_pos 100028
alloc_pos 100172
alloc_pos 100256
alloc_pos 100468
alloc_pos 100696
alloc_pos 100820
alloc_pos 100948
alloc_pos 101140
alloc_pos 101208
alloc_pos 101324
alloc_pos 101488
alloc_pos 101736
alloc_pos 101936
alloc_pos 102156
alloc_pos 102352
alloc_pos 102564
alloc_pos 102680
alloc_pos 102724
alloc_pos 102860
alloc_pos 103052
alloc_pos 103204
alloc_pos 103252
alloc_pos 103472
alloc_pos 103536
alloc_pos 103692
alloc_pos 103928
alloc_pos 104052
alloc_pos 104168
alloc_pos 104316
alloc_pos 104524
alloc_pos 104552
alloc_pos 104696
alloc_pos 104728
alloc_pos 104828
alloc_pos 105032
alloc_pos 105272
alloc_pos 105452
alloc_pos 105624
alloc_pos 105796
alloc_pos 105920
alloc_pos 106108
alloc_pos 106172
alloc_pos 106236
alloc_pos 106388
alloc_pos 106468
alloc_pos 106492
alloc_pos 106712
alloc_pos 106784
alloc_pos 106944
alloc_pos 107200
alloc_pos 107444
alloc_pos 107608
alloc_pos 107688
alloc_pos 107812
alloc_pos 107964
alloc_pos 108076
alloc_pos 108340
alloc_pos 108580
alloc_pos 108748
alloc_pos 108860
alloc_pos 109000
alloc_pos 109256
alloc_pos 109348
alloc_pos 109540
alloc_pos 109704
alloc_pos 109880
alloc_pos 110088
alloc_pos 110112
alloc_pos 110232
alloc_pos 110456
alloc_pos 110696
alloc_pos 110928
alloc_pos 111176
alloc_pos 111440
alloc_pos 111652
alloc_pos 111804
alloc_pos 112032
alloc_pos 112088
alloc_pos 112244
alloc_pos 112464
alloc_pos 112628
alloc_pos 112704
alloc_pos 112836
alloc_pos 113100
alloc_pos 113136
alloc_pos 113280
alloc_pos 113524
alloc_pos 113640
alloc_pos 113808
alloc_pos 113972
alloc_pos 114044
alloc_pos 114308
alloc_pos 114460
alloc_pos 114588
alloc_pos 114736
alloc_pos 114968
alloc_pos 115080
alloc_pos 115208
alloc_pos 115320
alloc_pos 115344
alloc_pos 115504
alloc_pos 115664
alloc_pos 115844
alloc_pos 116068
alloc_pos 116248
alloc_pos 116356
alloc_pos 116496
alloc_pos 116672
alloc_pos 116700
alloc_pos 116928
alloc_pos 117008
alloc_pos 117192
alloc_pos 117260
alloc_pos 117424
alloc_pos 117596
alloc_pos 117664
alloc_pos 117908
alloc_pos 117952
alloc_pos 118180
alloc_pos 118344
alloc_pos 118572
alloc_pos 118812
alloc_pos 119044
alloc_pos 119304
alloc_pos 119392
alloc_pos 119424
alloc_pos 119660
alloc_pos 119924
alloc_pos 120120
alloc_pos 120160
alloc_pos 120204
alloc_pos 120448
alloc_pos 120476
alloc_pos 120612
alloc_pos 120636
alloc_pos 120852
alloc_pos 121068
alloc_pos 121160
alloc_pos 121244
alloc_pos 121336
alloc_pos 121388
alloc_pos 121616
alloc_pos 121796
alloc_pos 121864
alloc_pos 121976
alloc_pos 122072
alloc_pos 122112
alloc_pos 122176
alloc_pos 122240
alloc_pos 122296
alloc_pos 122464
alloc_pos 122704
alloc_pos 122932
alloc_pos 123148
alloc_pos 123188
alloc_pos 123276
alloc_pos 123328
alloc_pos 123476
alloc_pos 123692
alloc_pos 123828
alloc_pos 123972
alloc_pos 124160
alloc_pos 124280
alloc_pos 124504
alloc_pos 124580
alloc_pos 124628
alloc_pos 124776
alloc_pos 124804
alloc_pos 125056
alloc_pos 125292
alloc_pos 125412
alloc_pos 125544
alloc_pos 125720
alloc_pos 125936
alloc_pos 126156
alloc_pos 126180
alloc_pos 126380
alloc_pos 126516
alloc_pos 126608
alloc_pos 126816
alloc_pos 127044
alloc_pos 127124
alloc_pos 127296
alloc_pos 127560
alloc_pos 127608
alloc_pos 127860
alloc_pos 127964
alloc_pos 127992
alloc_pos 128020
alloc_pos 128048
alloc_pos 128236
alloc_pos 128396
alloc_pos 128420
alloc_pos 128684
alloc_pos 128932
alloc_pos 129052
alloc_pos 129248
alloc_pos 129324
alloc_pos 129456
alloc_pos 129664
alloc_pos 129692
alloc_pos 129848
alloc_pos 129928
alloc_pos 130144
alloc_pos 130280
alloc_pos 130544
alloc_pos 130692
alloc_pos 130856
alloc_pos 130936
alloc_pos 131048
alloc_pos 131128
alloc_pos 131324
alloc_pos 131404
alloc_pos 131620
alloc_pos 131760
alloc_pos 132024
alloc_pos 132120
alloc_pos 132380
alloc_pos 132408
alloc_pos 132536
alloc_pos 132772
alloc_pos 133028
alloc_pos 133192
alloc_pos 133452
alloc_pos 133640
alloc_pos 133688
alloc_pos 133756
alloc_pos 133940
alloc_pos 134148
alloc_pos 134392
alloc_pos 134488
alloc_pos 134540
alloc_pos 134752
alloc_pos 134860
alloc_pos 135112
alloc_pos 135320
alloc_pos 135524
alloc_pos 135676
alloc_pos 135936
alloc_pos 136068
alloc_pos 136220
alloc_pos 136456
alloc_pos 136712
alloc_pos 136904
alloc_pos 136976
alloc_pos 137076
alloc_pos 137172
alloc_pos 137344
alloc_pos 137592
alloc_pos 137740
alloc_pos 137980
alloc_pos 138244
alloc_pos 138396
alloc_pos 138520
alloc_pos 138692
alloc_pos 138932
alloc_pos 138964
alloc_pos 139108
alloc_pos 139192
alloc_pos 139404
alloc_pos 139632
alloc_pos 139756
alloc_pos 139884
alloc_pos 140076
alloc_pos 140144
alloc_pos 140260
alloc_pos 140424
alloc_pos 140672
alloc_pos 140872
alloc_pos 141092
alloc_pos 141288
alloc_pos 141500
alloc_pos 141616
alloc_pos 141660
alloc_pos 141796
alloc_pos 141988
alloc_pos 142140
alloc_pos 142188
alloc_pos 142408
alloc_pos 142472
alloc_pos 142628
alloc_pos 142864
alloc_pos 142988
alloc_pos 143104
alloc_pos 143252
alloc_pos 143460
alloc_pos 143488
alloc_pos 143632
alloc_pos 143664
alloc_pos 143764
alloc_pos 143968
alloc_pos 144208
alloc_pos 144388
alloc_pos 144560
alloc_pos 144732
alloc_pos 144856
alloc_pos 145044
alloc_pos 145108
alloc_pos 145172
alloc_pos 145324
alloc_pos 145404
alloc_pos 145428
alloc_pos 145648
alloc_pos 145720
alloc_pos 145880
alloc_pos 146136
alloc_pos 146380
alloc_pos 146544
alloc_pos 146624
alloc_pos 146748
alloc_pos 146900
alloc_pos 147012
alloc_pos 147276
alloc_pos 147516
alloc_pos 147684
alloc_pos 147796
alloc_pos 147936
alloc_pos 148192
alloc_pos 148284
alloc_pos 148476
alloc_pos 148640
alloc_pos 148816
alloc_pos 149024
alloc_pos 149048
alloc_pos 149168
alloc_pos 149392
alloc_pos 149632
alloc_pos 149864
alloc_pos 150112
alloc_pos 150376
alloc_pos 150588
alloc_pos 150740
alloc_pos 150968
alloc_pos 151024
alloc_pos 151180
alloc_pos 151400
alloc_pos 151564
alloc_pos 151640
alloc_pos 151772
alloc_pos 152036
alloc_pos 152072
alloc_pos 152216
alloc_pos 152460
alloc_pos 152576
alloc_pos 152744
alloc_pos 152908
alloc_pos 152980
alloc_pos 153244
alloc_pos 153396
alloc_pos 153524
alloc_pos 153672
alloc_pos 153904
alloc_pos 154016
alloc_pos 154144
alloc_pos 154256
alloc_pos 154280
alloc_pos 154440
alloc_pos 154600
alloc_pos 154780
alloc_pos 155004
alloc_pos 155184
alloc_pos 155292
alloc_pos 155432
alloc_pos 155608
alloc_pos 155636
alloc_pos 155864
alloc_pos 155944
alloc_pos 156128
alloc_pos 156196
alloc_pos 156360
alloc_pos 156532
alloc_pos 156600
alloc_pos 156844
alloc_pos 156888
alloc_pos 157116
alloc_pos 157280
alloc_pos 157508
alloc_pos 157748
alloc_pos 157980
alloc_pos 158240
alloc_pos 158328
alloc_pos 158360
alloc_pos 158596
alloc_pos 158860
alloc_pos 159056
alloc_pos 159096
alloc_pos 159140
alloc_pos 159384
alloc_pos 159412
alloc_pos 159548
alloc_pos 159572
alloc_pos 159788
alloc_pos 160004
alloc_pos 160096
alloc_pos 160180
alloc_pos 160272
alloc_pos 160324
alloc_pos 160552
alloc_pos 160732
alloc_pos 160800
alloc_pos 160912
alloc_pos 161008
alloc_pos 161048
alloc_pos 161112
alloc_pos 161176
alloc_pos 161232
alloc_pos 161400
alloc_pos 161640
alloc_pos 161868
alloc_pos 162084
alloc_pos 162124
alloc_pos 162212
alloc_pos 162264
alloc_pos 162412
alloc_pos 162628
alloc_pos 162764
alloc_pos 162908
alloc_pos 163096
alloc_pos 163216
alloc_pos 163440
alloc_pos 163516
alloc_pos 163564
alloc_pos 163712
alloc_pos 163740
alloc_pos 163992
alloc_pos 164228
alloc_pos 164348
alloc_pos 164480
alloc_pos 164656
alloc_pos 164872
alloc_pos 165092
alloc_pos 165116
alloc_pos 165316
alloc_pos 165452
alloc_pos 165544
alloc_pos 165752
alloc_pos 165980
alloc_pos 166060
alloc_pos 166232
alloc_pos 166496
alloc_pos 166544
alloc_pos 166796
alloc_pos 166900
alloc_pos 166928
alloc_pos 166956
alloc_pos 166984
alloc_pos 167172
alloc_pos 167332
alloc_pos 167356
alloc_pos 167620
alloc_pos 167868
alloc_pos 167988
alloc_pos 168184
alloc_pos 168260
alloc_pos 168392
alloc_pos 168600
alloc_pos 168628
alloc_pos 168784
alloc_pos 168864
alloc_pos 169080
alloc_pos 169216
alloc_pos 169480
alloc_pos 169628
alloc_pos 169792
alloc_pos 169872
alloc_pos 169984
alloc_pos 170064
alloc_pos 170260
alloc_pos 170340
alloc_pos 170556
alloc_pos 170696
alloc_pos 170960
alloc_pos 171056
alloc_pos 171316
alloc_pos 171344
alloc_pos 171472
alloc_pos 171708
alloc_pos 171964
alloc_pos 172128
alloc_pos 172388
alloc_pos 172576
alloc_pos 172624
alloc_pos 172692
alloc_pos 172876
alloc_pos 173084
alloc_pos 173328
alloc_pos 173424
alloc_pos 173476
alloc_pos 173688
alloc_pos 173796
alloc_pos 174048
alloc_pos 174256
alloc_pos 174460
alloc_pos 174612
alloc_pos 174872
alloc_pos 175004
alloc_pos 175156
alloc_pos 175392
alloc_pos 175648
alloc_pos 175840
alloc_pos 175912
alloc_pos 176012
alloc_pos 176108
alloc_pos 176280
alloc_pos 176528
alloc_pos 176676
alloc_pos 176916
alloc_pos 177180
alloc_pos 177332
alloc_pos 177456
alloc_pos 177628
alloc_pos 177868
alloc_pos 177900
alloc_pos 178044
alloc_pos 178128
alloc_pos 178340
alloc_pos 178568
alloc_pos 178692
alloc_pos 178820
alloc_pos 179012
alloc_pos 179080
alloc_pos 179196
alloc_pos 179360
alloc_pos 179608
alloc_pos 179808
alloc_pos 180028
alloc_pos 180224
alloc_pos 180436
alloc_pos 180552
alloc_pos 180596
alloc_pos 180732
alloc_pos 180924
alloc_pos 181076
alloc_pos 181124
alloc_pos 181344
alloc_pos 181408
alloc_pos 181564
alloc_pos 181800
alloc_pos 181924
alloc_pos 182040
alloc_pos 182188
alloc_pos 182396
alloc_pos 182424
alloc_pos 182568
alloc_pos 182600
alloc_pos 182700
alloc_pos 182904
alloc_pos 183144
alloc_pos 183324
alloc_pos 183496
alloc_pos 183668
alloc_pos 183792
alloc_pos 183980
alloc_pos 184044
alloc_pos 184108
alloc_pos 184260
alloc_pos 184340
alloc_pos 184364
alloc_pos 184584
alloc_pos 184656
alloc_pos 184816
alloc_pos 185072
alloc_pos 185316
alloc_pos 185480
alloc_pos 185560
alloc_pos 185684
alloc_pos 185836
alloc_pos 185948
alloc_pos 186212
alloc_pos 186452
alloc_pos 186620
alloc_pos 186732
alloc_pos 186872
alloc_pos 187128
alloc_pos 187220
alloc_pos 187412
alloc_pos 187576
alloc_pos 187752
alloc_pos 187960
alloc_pos 187984
alloc_pos 188104
alloc_pos 188328
alloc_pos 188568
alloc_pos 188800
alloc_pos 189048
alloc_pos 189312
alloc_pos 189524
alloc_pos 189676
alloc_pos 189904
alloc_pos 189960
alloc_pos 190116
alloc_pos 190336
alloc_pos 190500
alloc_pos 190576
alloc_pos 190708
alloc_pos 190972
alloc_pos 191008
alloc_pos 191152
alloc_pos 191396
alloc_pos 191512
alloc_pos 191680
alloc_pos 191844
alloc_pos 191916
alloc_pos 192180
alloc_pos 192332
alloc_pos 192460
alloc_pos 192608
alloc_pos 192840
alloc_pos 192952
alloc_pos 193080
alloc_pos 193192
alloc_pos 193216
alloc_pos 193376
alloc_pos 193536
alloc_pos 193716
alloc_pos 193940
alloc_pos 194120
alloc_pos 194228
alloc_pos 194368
alloc_pos 194544
alloc_pos 194572
alloc_pos 194800
alloc_pos 194880
alloc_pos 195064
alloc_pos 195132
alloc_pos 195296
alloc_pos 195468
alloc_pos 195536
alloc_pos 195780
alloc_pos 195824
alloc_pos 196052
alloc_pos 196216
alloc_pos 196444
alloc_pos 196684
alloc_pos 196916
alloc_pos 197176
alloc_pos 197264
alloc_pos 197296
alloc_pos 197532
alloc_pos 197796
alloc_pos 197992
alloc_pos 198032
alloc_pos 198076
alloc_pos 198320
alloc_pos 198348
alloc_pos 198484
alloc_pos 198508
alloc_pos 198724
alloc_pos 198940
alloc_pos 199032
alloc_pos 199116
alloc_pos 199208
alloc_pos 199260
alloc_pos 199488
alloc_pos 199668
alloc_pos 199736
alloc_pos 199848
alloc_pos 199944
alloc_pos 199984
alloc_pos 200048
alloc_pos 200112
alloc_pos 200168
alloc_pos 200336
alloc_pos 200576
alloc_pos 200804
alloc_pos 201020
alloc_pos 201060
alloc_pos 201148
alloc_pos 201200
alloc_pos 201348
alloc_pos 201564
alloc_pos 201700
alloc_pos 201844
alloc_pos 202032
alloc_pos 202152
alloc_pos 202376
alloc_pos 202452
alloc_pos 202500
alloc_pos 202648
alloc_pos 202676
alloc_pos 202928
alloc_pos 203164
alloc_pos 203284
alloc_pos 203416
alloc_pos 203592
alloc_pos 203808
alloc_pos 204028
alloc_pos 204052
alloc_pos 204252
alloc_pos 204388
alloc_pos 204480
alloc_pos 204688
alloc_pos 204916
alloc_pos 204996
alloc_pos 205168
alloc_pos 205432
alloc_pos 205480
alloc_pos 205732
alloc_pos 205836
alloc_pos 205864
alloc_pos 205892
alloc_pos 205920
alloc_pos 206108
alloc_pos 206268
alloc_pos 206292
alloc_pos 206556
alloc_pos 206804
alloc_pos 206924
alloc_pos 207120
alloc_pos 207196
alloc_pos 207328
alloc_pos 207536
alloc_pos 207564
alloc_pos 207720
alloc_pos 207800
alloc_pos 208016
alloc_pos 208152
alloc_pos 208416
alloc_pos 208564
alloc_pos 208728
alloc_pos 208808
alloc_pos 208920
alloc_pos 209000
alloc_pos 209196
alloc_pos 209276
alloc_pos 209492
alloc_pos 209632
alloc_pos 209896
alloc_pos 209992
alloc_pos 210252
alloc_pos 210280
alloc_pos 210408
alloc_pos 210644
alloc_pos 210900
alloc_pos 211064
alloc_pos 211324
alloc_pos 211512
alloc_pos 211560
alloc_pos 211628
alloc_pos 211812
alloc_pos 212020
alloc_pos 212264
alloc_pos 212360
alloc_pos 212412
alloc_pos 212624
alloc_pos 212732
alloc_pos 212984
alloc_pos 213192
alloc_pos 213396
alloc_pos 213548
alloc_pos 213808
alloc_pos 213940
alloc_pos 214092
alloc_pos 214328
alloc_pos 214584
alloc_pos 214776
alloc_pos 214848
alloc_pos 214948
alloc_pos 215044
alloc_pos 215216
alloc_pos 215464
alloc_pos 215612
alloc_pos 215852
alloc_pos 216116
alloc_pos 216268
alloc_pos 216392
alloc_pos 216564
alloc_pos 216804
alloc_pos 216836
alloc_pos 216980
alloc_pos 217064
alloc_pos 217276
alloc_pos 217504
alloc_pos 217628
alloc_pos 217756
alloc_pos 217948
alloc_pos 218016
alloc_pos 218132
alloc_pos 218296
alloc_pos 218544
alloc_pos 218744
alloc_pos 218964
alloc_pos 219160
alloc_pos 219372
alloc_pos 219488
alloc_pos 219532
alloc_pos 219668
alloc_pos 219860
alloc_pos 220012
alloc_pos 220060
alloc_pos 220280
alloc_pos 220344
alloc_pos 220500
alloc_pos 220736
alloc_pos 220860
alloc_pos 220976
alloc_pos 221124
alloc_pos 221332
alloc_pos 221360
alloc_pos 221504
alloc_pos 221536
alloc_pos 221636
alloc_pos 221840
alloc_pos 222080
alloc_pos 222260
alloc_pos 222432
alloc_pos 222604
alloc_pos 222728
alloc_pos 222916
alloc_pos 222980
alloc_pos 223044
alloc_pos 223196
alloc_pos 223276
alloc_pos 223300
alloc_pos 223520
alloc_pos 223592
alloc_pos 223752
alloc_pos 224008
alloc_pos 224252
alloc_pos 224416
alloc_pos 224496
alloc_pos 224620
alloc_pos 224772
alloc_pos 224884
alloc_pos 225148
alloc_pos 225388
alloc_pos 225556
alloc_pos 225668
alloc_pos 225808
alloc_pos 226064
alloc_pos 226156
alloc_pos 226348
alloc_pos 226512
alloc_pos 226688
alloc_pos 226896
alloc_pos 226920
alloc_pos 227040
alloc_pos 227264
alloc_pos 227504
alloc_pos 227736
alloc_pos 227984
alloc_pos 228248
alloc_pos 228460
alloc_pos 228612
alloc_pos 228840
alloc_pos 228896
alloc_pos 229052
alloc_pos 229272
alloc_pos 229436
alloc_pos 229512
alloc_pos 229644
alloc_pos 229908
alloc_pos 229944
alloc_pos 230088
alloc_pos 230332
alloc_pos 230448
alloc_pos 230616
alloc_pos 230780
alloc_pos 230852
alloc_pos 231116
alloc_pos 231268
alloc_pos 231396
alloc_pos 231544
alloc_pos 231776
alloc_pos 231888
alloc_pos 232016
alloc_pos 232128
alloc_pos 232152
alloc_pos 232312
alloc_pos 232472
alloc_pos 232652
alloc_pos 232876
alloc_pos 233056
alloc_pos 233164
alloc_pos 233304
alloc_pos 233480
alloc_pos 233508
alloc_pos 233736
alloc_pos 233816
alloc_pos 234000
alloc_pos 234068
alloc_pos 234232
alloc_pos 234404
alloc_pos 234472
alloc_pos 234716
alloc_pos 234760
alloc_pos 234988
alloc_pos 235152
alloc_pos 235380
alloc_pos 235620
alloc_pos 235852
alloc_pos 236112
alloc_pos 236200
alloc_pos 236232
alloc_pos 236468
alloc_pos 236732
alloc_pos 236928
alloc_pos 236968
alloc_pos 237012
alloc_pos 237256
alloc_pos 237284
alloc_pos 237420
alloc_pos 237444
alloc_pos 237660
alloc_pos 237876
alloc_pos 237968
alloc_pos 238052
alloc_pos 238144
alloc_pos 238196
alloc_pos 238424
alloc_pos 238604
alloc_pos 238672
alloc_pos 238784
alloc_pos 238880
alloc_pos 238920
alloc_pos 238984
alloc_pos 239048
alloc_pos 239104
alloc_pos 239272
alloc_pos 239512
alloc_pos 239740
alloc_pos 239956
alloc_pos 239996
alloc_pos 240084
alloc_pos 240136
alloc_pos 240284
alloc_pos 240500
alloc_pos 240636
alloc_pos 240780
alloc_pos 240968
alloc_pos 241088
alloc_pos 241312
alloc_pos 241388
alloc_pos 241436
alloc_pos 241584
alloc_pos 241612
alloc_pos 241864
alloc_pos 242100
alloc_pos 242220
alloc_pos 242352
alloc_pos 242528
alloc_pos 242744
alloc_pos 242964
alloc_pos 242988
alloc_pos 243188
alloc_pos 243324
alloc_pos 243416
alloc_pos 243624
alloc_pos 243852
alloc_pos 243932
alloc_pos 244104
alloc_pos 244368
alloc_pos 244416
alloc_pos 244668
alloc_pos 244772
alloc_pos 244800
alloc_pos 244828
alloc_pos 244856
alloc_pos 245044
alloc_pos 245204
alloc_pos 245228
alloc_pos 245492
alloc_pos 245740
alloc_pos 245860
alloc_pos 246056
alloc_pos 246132
alloc_pos 246264
alloc_pos 246472
alloc_pos 246500
alloc_pos 246656
alloc_pos 246736
alloc_pos 246952
alloc_pos 247088
alloc_pos 247352
alloc_pos 247500
alloc_pos 247664
alloc_pos 247744
alloc_pos 247856
alloc_pos 247936
alloc_pos 248132
alloc_pos 248212
alloc_pos 248428
alloc_pos 248568
alloc_pos 248832
alloc_pos 248928
alloc_pos 249188
alloc_pos 249216
alloc_pos 249344
alloc_pos 249580
alloc_pos 249836
alloc_pos 250000
alloc_pos 250260
alloc_pos 250448
alloc_pos 250496
alloc_pos 250564
alloc_pos 250748
alloc_pos 250956
alloc_pos 251200
alloc_pos 251296
alloc_pos 251348
alloc_pos 251560
alloc_pos 251668
alloc_pos 251920
alloc_pos 252128
alloc_pos 252332
alloc_pos 252484
alloc_pos 252744
alloc_pos 252876
alloc_pos 253028
alloc_pos 253264
alloc_pos 253520
alloc_pos 253712
alloc_pos 253784
alloc_pos 253884
alloc_pos 253980
alloc_pos 254152
alloc_pos 254400
alloc_pos 254548
alloc_pos 254788
alloc_pos 255052
alloc_pos 255204
alloc_pos 255328
alloc_pos 255500
alloc_pos 255740
alloc_pos 255772
alloc_pos 255916
alloc_pos 256000
alloc_pos 256212
alloc_pos 256440
alloc_pos 256564
alloc_pos 256692
alloc_pos 256884
alloc_pos 256952
alloc_pos 257068
alloc_pos 257232
alloc_pos 257480
alloc_pos 257680
alloc_pos 257900
alloc_pos 258096
alloc_pos 258308
alloc_pos 258424
alloc_pos 258468
alloc_pos 258604
alloc_pos 258796
alloc_pos 258948
alloc_pos 258996
alloc_pos 259216
alloc_pos 259280
alloc_pos 259436
alloc_pos 259672
alloc_pos 259796
alloc_pos 259912
alloc_pos 260060
alloc_pos 260268
alloc_pos 260296
alloc_pos 260440
alloc_pos 260472
alloc_pos 260572
alloc_pos 260776
alloc_pos 261016
alloc_pos 261196
alloc_pos 261368
alloc_pos 261540
alloc_pos 261664
alloc_pos 261852
alloc_pos 261916
alloc_pos 261980
alloc_pos 262132
alloc_pos 262212
alloc_pos 262236
alloc_pos 262456
alloc_pos 262528
alloc_pos 262688
alloc_pos 262944
alloc_pos 263188
alloc_pos 263352
alloc_pos 263432
alloc_pos 263556
alloc_pos 263708
alloc_pos 263820
alloc_pos 264084
alloc_pos 264324
alloc_pos 264492
alloc_pos 264604
alloc_pos 264744
alloc_pos 265000
alloc_pos 265092
alloc_pos 265284
alloc_pos 265448
alloc_pos 265624
alloc_pos 265832
alloc_pos 265856
alloc_pos 265976
alloc_pos 266200
alloc_pos 266440
alloc_pos 266672
alloc_pos 266920
alloc_pos 267184
alloc_pos 267396
alloc_pos 267548
alloc_pos 267776
alloc_pos 267832
alloc_pos 267988
alloc_pos 268208
alloc_pos 268372
alloc_pos 268448
alloc_pos 268580
alloc_pos 268844
alloc_pos 268880
alloc_pos 269024
alloc_pos 269268
alloc_pos 269384
alloc_pos 269552
alloc_pos 269716
alloc_pos 269788
alloc_pos 270052
alloc_pos 270204
alloc_pos 270332
alloc_pos 270480
alloc_pos 270712
alloc_pos 270824
alloc_pos 270952
alloc_pos 271064
alloc_pos 271088
alloc_pos 271248
alloc_pos 271408
alloc_pos 271588
alloc_pos 271812
alloc_pos 271992
alloc_pos 272100
alloc_pos 272240
alloc_pos 272416
alloc_pos 272444
alloc_pos 272672
alloc_pos 272752
alloc_pos 272936
alloc_pos 273004
alloc_pos 273168
alloc_pos 273340
alloc_pos 273408
alloc_pos 273652
alloc_pos 273696
alloc_pos 273924
alloc_pos 274088
alloc_pos 274316
alloc_pos 274556
alloc_pos 274788
alloc_pos 275048
alloc_pos 275136
alloc_pos 275168
alloc_pos 275404
alloc_pos 275668
alloc_pos 275864
alloc_pos 275904
alloc_pos 275948
alloc_pos 276192
alloc_pos 276220
alloc_pos 276356
alloc_pos 276380
alloc_pos 276596
alloc_pos 276812
alloc_pos 276904
alloc_pos 276988
alloc_pos 277080
alloc_pos 277132
alloc_pos 277360
alloc_pos 277540
alloc_pos 277608
alloc_pos 277720
alloc_pos 277816
alloc_pos 277856
alloc_pos 277920
alloc_pos 277984
alloc_pos 278040
alloc_pos 278208
alloc_pos 278448
alloc_pos 278676
alloc_pos 278892
alloc_pos 278932
alloc_pos 279020
alloc_pos 279072
alloc_pos 279220
alloc_pos 279436
alloc_pos 279572
alloc_pos 279716
alloc_pos 279904
alloc_pos 280024
alloc_pos 280248
alloc_pos 280324
alloc_pos 280372
alloc_pos 280520
alloc_pos 280548
alloc_pos 280800
alloc_pos 281036
alloc_pos 281156
alloc_pos 281288
alloc_pos 281464
alloc_pos 281680
alloc_pos 281900
alloc_pos 281924
alloc_pos 282124
alloc_pos 282260
alloc_pos 282352
alloc_pos 282560
alloc_pos 282788
alloc_pos 282868
alloc_pos 283040
alloc_pos 283304
alloc_pos 283352
alloc_pos 283604
alloc_pos 283708
alloc_pos 283736
alloc_pos 283764
alloc_pos 283792
alloc_pos 283980
alloc_pos 284140
alloc_pos 284164
alloc_pos 284428
alloc_pos 284676
alloc_pos 284796
alloc_pos 284992
alloc_pos 285068
alloc_pos 285200
alloc_pos 285408
alloc_pos 285436
alloc_pos 285592
alloc_pos 285672
alloc_pos 285888
alloc_pos 286024
alloc_pos 286288
alloc_pos 286436
alloc_pos 286600
alloc_pos 286680
alloc_pos 286792
alloc_pos 286872
alloc_pos 287068
alloc_pos 287148
alloc_pos 287364
alloc_pos 287504
alloc_pos 287768
alloc_pos 287864
alloc_pos 288124
alloc_pos 288152
alloc_pos 288280
alloc_pos 288516
alloc_pos 288772
alloc_pos 288936
alloc_pos 289196
alloc_pos 289384
alloc_pos 289432
alloc_pos 289500
alloc_pos 289684
alloc_pos 289892
alloc_pos 290136
alloc_pos 290232
alloc_pos 290284
alloc_pos 290496
alloc_pos 290604
alloc_pos 290856
alloc_pos 291064
alloc_pos 291268
alloc_pos 291420
alloc_pos 291680
alloc_pos 291812
alloc_pos 291964
alloc_pos 292200
alloc_pos 292456
alloc_pos 292648
alloc_pos 292720
alloc_pos 292820
alloc_pos 292916
alloc_pos 293088
alloc_pos 293336
alloc_pos 293484
alloc_pos 293724
alloc_pos 293988
alloc_pos 294140
alloc_pos 294264
alloc_pos 294436
alloc_pos 294676
alloc_pos 294708
alloc_pos 294852
alloc_pos 294936
alloc_pos 295148
alloc_pos 295376
alloc_pos 295500
alloc_pos 295628
alloc_pos 295820
alloc_pos 295888
alloc_pos 296004
alloc_pos 296168
alloc_pos 296416
alloc_pos 296616
alloc_pos 296836
alloc_pos 297032
alloc_pos 297244
alloc_pos 297360
alloc_pos 297404
alloc_pos 297540
alloc_pos 297732
alloc_pos 297884
alloc_pos 297932
alloc_pos 298152
alloc_pos 298216
alloc_pos 298372
alloc_pos 298608
alloc_pos 298732
alloc_pos 298848
alloc_pos 298996
alloc_pos 299204
alloc_pos 299232
alloc_pos 299376
alloc_pos 299408
alloc_pos 299508
alloc_pos 299712
alloc_pos 299952
alloc_pos 300132
alloc_pos 300304
alloc_pos 300476
alloc_pos 300600
alloc_pos 300788
alloc_pos 300852
alloc_pos 300916
alloc_pos 301068
alloc_pos 301148
alloc_pos 301172
alloc_pos 301392
alloc_pos 301464
alloc_pos 301624
alloc_pos 301880
alloc_pos 302124
alloc_pos 302288
alloc_pos 302368
alloc_pos 302492
alloc_pos 302644
alloc_pos 302756
alloc_pos 303020
alloc_pos 303260
alloc_pos 303428
alloc_pos 303540
alloc_pos 303680
alloc_pos 303936
alloc_pos 304028
alloc_pos 304220
alloc_pos 304384
alloc_pos 304560
alloc_pos 304768
alloc_pos 304792
alloc_pos 304912
alloc_pos 305136
alloc_pos 305376
alloc_pos 305608
alloc_pos 305856
alloc_pos 306120
alloc_pos 306332
alloc_pos 306484
alloc_pos 306712
alloc_pos 306768
alloc_pos 306924
alloc_pos 307144
alloc_pos 307308
alloc_pos 307384
alloc_pos 307516
alloc_pos 307780
alloc_pos 307816
alloc_pos 307960
alloc_pos 308204
alloc_pos 308320
alloc_pos 308488
alloc_pos 308652
alloc_pos 308724
alloc_pos 308988
alloc_pos 309140
alloc_pos 309268
alloc_pos 309416
alloc_pos 309648
alloc_pos 309760
alloc_pos 309888
alloc_pos 310000
alloc_pos 310024
alloc_pos 310184
alloc_pos 310344
alloc_pos 310524
alloc_pos 310748
alloc_pos 310928
alloc_pos 311036
alloc_pos 311176
alloc_pos 311352
alloc_pos 311380
alloc_pos 311608
alloc_pos 311688
alloc_pos 311872
alloc_pos 311940
alloc_pos 312104
alloc_pos 312276
alloc_pos 312344
alloc_pos 312588
alloc_pos 312632
alloc_pos 312860
alloc_pos 313024
alloc_pos 313252
alloc_pos 313492
alloc_pos 313724
alloc_pos 313984
alloc_pos 314072
alloc_pos 314104
alloc_pos 314340
alloc_pos 314604
alloc_pos 314800
alloc_pos 314840
alloc_pos 314884
alloc_pos 315128
alloc_pos 315156
alloc_pos 315292
alloc_pos 315316
alloc_pos 315532
alloc_pos 315748
alloc_pos 315840
alloc_pos 315924
alloc_pos 316016
alloc_pos 316068
alloc_pos 316296
alloc_pos 316476
alloc_pos 316544
alloc_pos 316656
alloc_pos 316752
alloc_pos 316792
alloc_pos 316856
alloc_pos 316920
alloc_pos 316976
alloc_pos 317144
alloc_pos 317384
alloc_pos 317612
alloc_pos 317828
alloc_pos 317868
alloc_pos 317956
alloc_pos 318008
alloc_pos 318156
alloc_pos 318372
alloc_pos 318508
alloc_pos 318652
alloc_pos 318840
alloc_pos 318960
alloc_pos 319184
alloc_pos 319260
alloc_pos 319308
alloc_pos 319456
alloc_pos 319484
alloc_pos 319736
alloc_pos 319972
alloc_pos 320092
alloc_pos 320224
alloc_pos 320400
alloc_pos 320616
alloc_pos 320836
alloc_pos 320860
alloc_pos 321060
alloc_pos 321196
alloc_pos 321288
alloc_pos 321496
alloc_pos 321724
alloc_pos 321804
alloc_pos 321976
alloc_pos 322240
alloc_pos 322288
alloc_pos 322540
alloc_pos 322644
alloc_pos 322672
alloc_pos 322700
alloc_pos 322728
alloc_pos 322916
alloc_pos 323076
alloc_pos 323100
alloc_pos 323364
alloc_pos 323612
alloc_pos 323732
alloc_pos 323928
alloc_pos 324004
alloc_pos 324136
alloc_pos 324344
alloc_pos 324372
alloc_pos 324528
alloc_pos 324608
alloc_pos 324824
alloc_pos 324960
alloc_pos 325224
alloc_pos 325372
alloc_pos 325536
alloc_pos 325616
alloc_pos 325728
alloc_pos 325808
alloc_pos 326004
alloc_pos 326084
alloc_pos 326300
alloc_pos 326440
alloc_pos 326704
alloc_pos 326800
alloc_pos 327060
alloc_pos 327088
alloc_pos 327216
alloc_pos 327452
alloc_pos 327708
alloc_pos 327872
alloc_pos 328132
alloc_pos 328320
alloc_pos 328368
alloc_pos 328436
alloc_pos 328620
alloc_pos 328828
alloc_pos 329072
alloc_pos 329168
alloc_pos 329220
alloc_pos 329432
alloc_pos 329540
alloc_pos 329792
alloc_pos 330000
alloc_pos 330204
alloc_pos 330356
alloc_pos 330616
alloc_pos 330748
alloc_pos 330900
alloc_pos 331136
alloc_pos 331392
alloc_pos 331584
alloc_pos 331656
alloc_pos 331756
alloc_pos 331852
alloc_pos 332024
alloc_pos 332272
alloc_pos 332420
alloc_pos 332660
alloc_pos 332924
alloc_pos 333076
alloc_pos 333200
alloc_pos 333372
alloc_pos 333612
alloc_pos 333644
alloc_pos 333788
alloc_pos 333872
alloc_pos 334084
alloc_pos 334312
alloc_pos 334436
alloc_pos 334564
alloc_pos 334756
alloc_pos 334824
alloc_pos 334940
alloc_pos 335104
alloc_pos 335352
alloc_pos 335552
alloc_pos 335772
alloc_pos 335968
alloc_pos 336180
alloc_pos 336296
alloc_pos 336340
alloc_pos 336476
alloc_pos 336668
alloc_pos 336820
alloc_pos 336868
alloc_pos 337088
alloc_pos 337152
alloc_pos 337308
alloc_pos 337544
alloc_pos 337668
alloc_pos 337784
alloc_pos 337932
alloc_pos 338140
alloc_pos 338168
alloc_pos 338312
alloc_pos 338344
alloc_pos 338444
alloc_pos 338648
alloc_pos 338888
alloc_pos 339068
alloc_pos 339240
alloc_pos 339412
alloc_pos 339536
alloc_pos 339724
alloc_pos 339788
alloc_pos 339852
alloc_pos 340004
alloc_pos 340084
alloc_pos 340108
alloc_pos 340328
alloc_pos 340400
alloc_pos 340560
alloc_pos 340816
alloc_pos 341060
alloc_pos 341224
alloc_pos 341304
alloc_pos 341428
alloc_pos 341580
alloc_pos 341692
alloc_pos 341956
alloc_pos 342196
alloc_pos 342364
alloc_pos 342476
alloc_pos 342616
alloc_pos 342872
alloc_pos 342964
alloc_pos 343156
alloc_pos 343320
alloc_pos 343496
alloc_pos 343704
alloc_pos 343728
alloc_pos 343848
alloc_pos 344072
alloc_pos 344312
alloc_pos 344544
alloc_pos 344792
alloc_pos 345056
alloc_pos 345268
alloc_pos 345420
alloc_pos 345648
alloc_pos 345704
alloc_pos 345860
alloc_pos 346080
alloc_pos 346244
alloc_pos 346320
alloc_pos 346452
alloc_pos 346716
alloc_pos 346752
alloc_pos 346896
alloc_pos 347140
alloc_pos 347256
alloc_pos 347424
alloc_pos 347588
alloc_pos 347660
alloc_pos 347924
alloc_pos 348076
alloc_pos 348204
alloc_pos 348352
alloc_pos 348584
alloc_pos 348696
alloc_pos 348824
alloc_pos 348936
alloc_pos 348960
alloc_pos 349120
alloc_pos 349280
alloc_pos 349460
alloc_pos 349684
alloc_pos 349864
alloc_pos 349972
alloc_pos 350112
alloc_pos 350288
alloc_pos 350316
alloc_pos 350544
alloc_pos 350624
alloc_pos 350808
alloc_pos 350876
alloc_pos 351040
alloc_pos 351212
alloc_pos 351280
alloc_pos 351524
alloc_pos 351568
alloc_pos 351796
alloc_pos 351960
alloc_pos 352188
alloc_pos 352428
alloc_pos 352660
alloc_pos 352920
alloc_pos 353008
alloc_pos 353040
alloc_pos 353276
alloc_pos 353540
alloc_pos 353736
alloc_pos 353776
alloc_pos 353820
alloc_pos 354064
alloc_pos 354092
alloc_pos 354228
alloc_pos 354252
alloc_pos 354468
alloc_pos 354684
alloc_pos 354776
alloc_pos 354860
alloc_pos 354952
alloc_pos 355004
alloc_pos 355232
alloc_pos 355412
alloc_pos 355480
alloc_pos 355592
alloc_pos 355688
alloc_pos 355728
alloc_pos 355792
alloc_pos 355856
alloc_pos 355912
alloc_pos 356080
alloc_pos 356320
alloc_pos 356548
alloc_pos 356764
alloc_pos 356804
alloc_pos 356892
alloc_pos 356944
alloc_pos 357092
alloc_pos 357308
alloc_pos 357444
alloc_pos 357588
alloc_pos 357776
alloc_pos 357896
alloc_pos 358120
alloc_pos 358196
alloc_pos 358244
alloc_pos 358392
alloc_pos 358420
alloc_pos 358672
alloc_pos 358908
alloc_pos 359028
alloc_pos 359160
alloc_pos 359336
alloc_pos 359552
alloc_pos 359772
alloc_pos 359796
alloc_pos 359996
alloc_pos 360132
alloc_pos 360224
alloc_pos 360432
alloc_pos 360660
alloc_pos 360740
alloc_pos 360912
alloc_pos 361176
alloc_pos 361224
alloc_pos 361476
alloc_pos 361580
alloc_pos 361608
alloc_pos 361636
alloc_pos 361664
alloc_pos 361852
alloc_pos 362012
alloc_pos 362036
alloc_pos 362300
alloc_pos 362548
alloc_pos 362668
alloc_pos 362864
alloc_pos 362940
alloc_pos 363072
alloc_pos 363280
alloc_pos 363308
alloc_pos 363464
alloc_pos 363544
alloc_pos 363760
alloc_pos 363896
alloc_pos 364160
alloc_pos 364308
alloc_pos 364472
alloc_pos 364552
alloc_pos 364664
alloc_pos 364744
alloc_pos 364940
alloc_pos 365020
alloc_pos 365236
alloc_pos 365376
alloc_pos 365640
alloc_pos 365736
alloc_pos 365996
alloc_pos 366024
alloc_pos 366152
alloc_pos 366388
alloc_pos 366644
alloc_pos 366808
alloc_pos 367068
alloc_pos 367256
alloc_pos 367304
alloc_pos 367372
alloc_pos 367556
alloc_pos 367764
alloc_pos 368008
alloc_pos 368104
alloc_pos 368156
alloc_pos 368368
alloc_pos 368476
alloc_pos 368728
alloc_pos 368936
alloc_pos 369140
alloc_pos 369292
alloc_pos 369552
alloc_pos 369684
alloc_pos 369836
alloc_pos 370072
alloc_pos 370328
alloc_pos 370520
alloc_pos 370592
alloc_pos 370692
alloc_pos 370788
alloc_pos 370960
alloc_pos 371208
alloc_pos 371356
alloc_pos 371596
alloc_pos 371860
alloc_pos 372012
alloc_pos 372136
alloc_pos 372308
alloc_pos 372548
alloc_pos 372580
alloc_pos 372724
alloc_pos 372808
alloc_pos 373020
alloc_pos 373248
alloc_pos 373372
alloc_pos 373500
alloc_pos 373692
alloc_pos 373760
alloc_pos 373876
alloc_pos 374040
alloc_pos 374288
alloc_pos 374488
alloc_pos 374708
alloc_pos 374904
alloc_pos 375116
alloc_pos 375232
alloc_pos 375276
alloc_pos 375412
alloc_pos 375604
alloc_pos 375756
alloc_pos 375804
alloc_pos 376024
alloc_pos 376088
alloc_pos 376244
alloc_pos 376480
alloc_pos 376604
alloc_pos 376720
alloc_pos 376868
alloc_pos 377076
alloc_pos 377104
alloc_pos 377248
alloc_pos 377280
alloc_pos 377380
alloc_pos 377584
alloc_pos 377824
alloc_pos 378004
alloc_pos 378176
alloc_pos 378348
alloc_pos 378472
alloc_pos 378660
alloc_pos 378724
alloc_pos 378788
alloc_pos 378940
alloc_pos 379020
alloc_pos 379044
alloc_pos 379264
alloc_pos 379336
alloc_pos 379496
alloc_pos 379752
alloc_pos 379996
alloc_pos 380160
alloc_pos 380240
alloc_pos 380364
alloc_pos 380516
alloc_pos 380628
alloc_pos 380892
alloc_pos 381132
alloc_pos 381300
alloc_pos 381412
alloc_pos 381552
alloc_pos 381808
alloc_pos 381900
alloc_pos 382092
alloc_pos 382256
alloc_pos 382432
alloc_pos 382640
alloc_pos 382664
alloc_pos 382784
alloc_pos 383008
alloc_pos 383248
alloc_pos 383480
alloc_pos 383728
alloc_pos 383992
alloc_pos 384204
alloc_pos 384356
alloc_pos 384584
alloc_pos 384640
alloc_pos 384796
alloc_pos 385016
alloc_pos 385180
alloc_pos 385256
alloc_pos 385388
alloc_pos 385652
alloc_pos 385688
alloc_pos 385832
alloc_pos 386076
alloc_pos 386192
alloc_pos 386360
alloc_pos 386524
alloc_pos 386596
alloc_pos 386860
alloc_pos 387012
alloc_pos 387140
alloc_pos 387288
alloc_pos 387520
alloc_pos 387632
alloc_pos 387760
alloc_pos 387872
alloc_pos 387896
alloc_pos 388056
alloc_pos 388216
alloc_pos 388396
alloc_pos 388620
alloc_pos 388800
alloc_pos 388908
alloc_pos 389048
alloc_pos 389224
alloc_pos 389252
alloc_pos 389480
alloc_pos 389560
alloc_pos 389744
alloc_pos 389812
alloc_pos 389976
alloc_pos 390148
alloc_pos 390216
alloc_pos 390460
alloc_pos 390504
alloc_pos 390732
alloc_pos 390896
alloc_pos 391124
alloc_pos 391364
alloc_pos 391596
alloc_pos 391856
alloc_pos 391944
alloc_pos 391976
alloc_pos 392212
alloc_pos 392476
alloc_pos 392672
alloc_pos 392712
alloc_pos 392756
alloc_pos 393000
alloc_pos 393028
alloc_pos 393164
alloc_pos 393188
alloc_pos 393404
alloc_pos 393620
alloc_pos 393712
alloc_pos 393796
alloc_pos 393888
alloc_pos 393940
alloc_pos 394168
alloc_pos 394348
alloc_pos 394416
alloc_pos 394528
alloc_pos 394624
alloc_pos 394664
alloc_pos 394728
alloc_pos 394792
alloc_pos 394848
alloc_pos 395016
alloc_pos 395256
alloc_pos 395484
alloc_pos 395700
alloc_pos 395740
alloc_pos 395828
alloc_pos 395880
alloc_pos 396028
alloc_pos 396244
alloc_pos 396380
alloc_pos 396524
alloc_pos 396712
alloc_pos 396832
alloc_pos 397056
alloc_pos 397132
alloc_pos 397180
alloc_pos 397328
alloc_pos 397356
alloc_pos 397608
alloc_pos 397844
alloc_pos 397964
alloc_pos 398096
alloc_pos 398272
alloc_pos 398488
alloc_pos 398708
alloc_pos 398732
alloc_pos 398932
alloc_pos 399068
alloc_pos 399160
alloc_pos 399368
alloc_pos 399596
alloc_pos 399676
alloc_pos 399848
alloc_pos 400112
alloc_pos 400160
alloc_pos 400412
alloc_pos 400516
alloc_pos 400544
alloc_pos 400572
alloc_pos 400600
alloc_pos 400788
alloc_pos 400948
alloc_pos 400972
alloc_pos 401236
alloc_pos 401484
alloc_pos 401604
alloc_pos 401800
alloc_pos 401876
alloc_pos 402008
alloc_pos 402216
alloc_pos 402244
alloc_pos 402400
alloc_pos 402480
alloc_pos 402696
alloc_pos 402832
alloc_pos 403096
alloc_pos 403244
alloc_pos 403408
alloc_pos 403488
alloc_pos 403600
alloc_pos 403680
alloc_pos 403876
alloc_pos 403956
alloc_pos 404172
alloc_pos 404312
alloc_pos 404576
alloc_pos 404672
alloc_pos 404932
alloc_pos 404960
alloc_pos 405088
alloc_pos 405324
alloc_pos 405580
alloc_pos 405744
alloc_pos 406004
alloc_pos 406192
alloc_pos 406240
alloc_pos 406308
alloc_pos 406492
alloc_pos 406700
alloc_pos 406944
alloc_pos 407040
alloc_pos 407092
alloc_pos 407304
alloc_pos 407412
alloc_pos 407664
alloc_pos 407872
alloc_pos 408076
alloc_pos 408228
alloc_pos 408488
alloc_pos 408620
alloc_pos 408772
alloc_pos 409008
alloc_pos 409264
alloc_pos 409456
alloc_pos 409528
alloc_pos 409628
alloc_pos 409724
alloc_pos 409896
alloc_pos 410144
alloc_pos 410292
alloc_pos 410532
alloc_pos 410796
alloc_pos 410948
alloc_pos 411072
alloc_pos 411244
alloc_pos 411484
alloc_pos 411516
alloc_pos 411660
alloc_pos 411744
alloc_pos 411956
alloc_pos 412184
alloc_pos 412308
alloc_pos 412436
alloc_pos 412628
alloc_pos 412696
alloc_pos 412812
alloc_pos 412976
alloc_pos 413224
alloc_pos 413424
alloc_pos 413644
alloc_pos 413840
alloc_pos 414052
alloc_pos 414168
alloc_pos 414212
alloc_pos 414348
alloc_pos 414540
alloc_pos 414692
alloc_pos 414740
alloc_pos 414960
alloc_pos 415024
alloc_pos 415180
alloc_pos 415416
alloc_pos 415540
alloc_pos 415656
alloc_pos 415804
alloc_pos 416012
alloc_pos 416040
alloc_pos 416184
alloc_pos 416216
alloc_pos 416316
alloc_pos 416520
alloc_pos 416760
alloc_pos 416940
alloc_pos 417112
alloc_pos 417284
alloc_pos 417408
alloc_pos 417596
alloc_pos 417660
alloc_pos 417724
alloc_pos 417876
alloc_pos 417956
alloc_pos 417980
alloc_pos 418200
alloc_pos 418272
alloc_pos 418432
alloc_pos 418688
alloc_pos 418932
alloc_pos 419096
alloc_pos 419176
alloc_pos 419300
alloc_pos 419452
alloc_pos 419564
alloc_pos 419828
alloc_pos 420068
alloc_pos 420236
alloc_pos 420348
alloc_pos 420488
alloc_pos 420744
alloc_pos 420836
alloc_pos 421028
alloc_pos 421192
alloc_pos 421368
alloc_pos 421576
alloc_pos 421600
alloc_pos 421720
alloc_pos 421944
alloc_pos 422184
alloc_pos 422416
alloc_pos 422664
alloc_pos 422928
alloc_pos 423140
alloc_pos 423292
alloc_pos 423520
alloc_pos 423576
alloc_pos 423732
alloc_pos 423952
alloc_pos 424116
alloc_pos 424192
alloc_pos 424324
alloc_pos 424588
alloc_pos 424624
alloc_pos 424768
alloc_pos 425012
alloc_pos 425128
alloc_pos 425296
alloc_pos 425460
alloc_pos 425532
alloc_pos 425796
alloc_pos 425948
alloc_pos 426076
alloc_pos 426224
alloc_pos 426456
alloc_pos 426568
alloc_pos 426696
alloc_pos 426808
alloc_pos 426832
alloc_pos 426992
alloc_pos 427152
alloc_pos 427332
alloc_pos 427556
alloc_pos 427736
alloc_pos 427844
alloc_pos 427984
alloc_pos 428160
alloc_pos 428188
alloc_pos 428416
alloc_pos 428496
alloc_pos 428680
alloc_pos 428748
alloc_pos 428912
alloc_pos 429084
alloc_pos 429152
alloc_pos 429396
alloc_pos 429440
alloc_pos 429668
alloc_pos 429832
alloc_pos 430060
alloc_pos 430300
alloc_pos 430532
alloc_pos 430792
alloc_pos 430880
alloc_pos 430912
alloc_pos 431148
alloc_pos 431412
alloc_pos 431608
alloc_pos 431648
alloc_pos 431692
alloc_pos 431936
alloc_pos 431964
alloc_pos 432100
alloc_pos 432124
alloc_pos 432340
alloc_pos 432556
alloc_pos 432648
alloc_pos 432732
alloc_pos 432824
alloc_pos 432876
alloc_pos 433104
alloc_pos 433284
alloc_pos 433352
alloc_pos 433464
alloc_pos 433560
alloc_pos 433600
alloc_pos 433664
alloc_pos 433728
alloc_pos 433784
alloc_pos 433952
alloc_pos 434192
alloc_pos 434420
alloc_pos 434636
alloc_pos 434676
alloc_pos 434764
alloc_pos 434816
alloc_pos 434964
alloc_pos 435180
alloc_pos 435316
alloc_pos 435460
alloc_pos 435648
alloc_pos 435768
alloc_pos 435992
alloc_pos 436068
alloc_pos 436116
alloc_pos 436264
alloc_pos 436292
alloc_pos 436544
alloc_pos 436780
alloc_pos 436900
alloc_pos 437032
alloc_pos 437208
alloc_pos 437424
alloc_pos 437644
alloc_pos 437668
alloc_pos 437868
alloc_pos 438004
alloc_pos 438096
alloc_pos 438304
alloc_pos 438532
alloc_pos 438612
alloc_pos 438784
alloc_pos 439048
alloc_pos 439096
alloc_pos 439348
alloc_pos 439452
alloc_pos 439480
alloc_pos 439508
alloc_pos 439536
alloc_pos 439724
alloc_pos 439884
alloc_pos 439908
alloc_pos 440172
alloc_pos 440420
alloc_pos 440540
alloc_pos 440736
alloc_pos 440812
alloc_pos 440944
alloc_pos 441152
alloc_pos 441180
alloc_pos 441336
alloc_pos 441416
alloc_pos 441632
alloc_pos 441768
alloc_pos 442032
alloc_pos 442180
alloc_pos 442344
alloc_pos 442424
alloc_pos 442536
alloc_pos 442616
alloc_pos 442812
alloc_pos 442892
alloc_pos 443108
alloc_pos 443248
alloc_pos 443512
alloc_pos 443608
alloc_pos 443868
alloc_pos 443896
alloc_pos 444024
alloc_pos 444260
alloc_pos 444516
alloc_pos 444680
alloc_pos 444940
alloc_pos 445128
alloc_pos 445176
alloc_pos 445244
alloc_pos 445428
alloc_pos 445636
alloc_pos 445880
alloc_pos 445976
alloc_pos 446028
alloc_pos 446240
alloc_pos 446348
alloc_pos 446600
alloc_pos 446808
alloc_pos 447012
alloc_pos 447164
alloc_pos 447424
alloc_pos 447556
alloc_pos 447708
alloc_pos 447944
alloc_pos 448200
alloc_pos 448392
alloc_pos 448464
alloc_pos 448564
alloc_pos 448660
alloc_pos 448832
alloc_pos 449080
alloc_pos 449228
alloc_pos 449468
alloc_pos 449732
alloc_pos 449884
alloc_pos 450008
alloc_pos 450180
alloc_pos 450420
alloc_pos 450452
alloc_pos 450596
alloc_pos 450680
alloc_pos 450892
alloc_pos 451120
alloc_pos 451244
alloc_pos 451372
alloc_pos 451564
alloc_pos 451632
alloc_pos 451748
alloc_pos 451912
alloc_pos 452160
alloc_pos 452360
alloc_pos 452580
alloc_pos 452776
alloc_pos 452988
alloc_pos 453104
alloc_pos 453148
alloc_pos 453284
alloc_pos 453476
alloc_pos 453628
alloc_pos 453676
alloc_pos 453896
alloc_pos 453960
alloc_pos 454116
alloc_pos 454352
alloc_pos 454476
alloc_pos 454592
alloc_pos 454740
alloc_pos 454948
alloc_pos 454976
alloc_pos 455120
alloc_pos 455152
alloc_pos 455252
alloc_pos 455456
alloc_pos 455696
alloc_pos 455876
alloc_pos 456048
alloc_pos 456220
alloc_pos 456344
alloc_pos 456532
alloc_pos 456596
alloc_pos 456660
alloc_pos 456812
alloc_pos 456892
alloc_pos 456916
alloc_pos 457136
alloc_pos 457208
alloc_pos 457368
alloc_pos 457624
alloc_pos 457868
alloc_pos 458032
alloc_pos 458112
alloc_pos 458236
alloc_pos 458388
alloc_pos 458500
alloc_pos 458764
alloc_pos 459004
alloc_pos 459172
alloc_pos 459284
alloc_pos 459424
alloc_pos 459680
alloc_pos 459772
alloc_pos 459964
alloc_pos 460128
alloc_pos 460304
alloc_pos 460512
alloc_pos 460536
alloc_pos 460656
alloc_pos 460880
alloc_pos 461120
alloc_pos 461352
alloc_pos 461600
alloc_pos 461864
alloc_pos 462076
alloc_pos 462228
alloc_pos 462456
alloc_pos 462512
alloc_pos 462668
alloc_pos 462888
alloc_pos 463052
alloc_pos 463128
alloc_pos 463260
alloc_pos 463524
alloc_pos 463560
alloc_pos 463704
alloc_pos 463948
alloc_pos 464064
alloc_pos 464232
alloc_pos 464396
alloc_pos 464468
alloc_pos 464732
alloc_pos 464884
alloc_pos 465012
alloc_pos 465160
alloc_pos 465392
alloc_pos 465504
alloc_pos 465632
alloc_pos 465744
alloc_pos 465768
alloc_pos 465928
alloc_pos 466088
alloc_pos 466268
alloc_pos 466492
alloc_pos 466672
alloc_pos 466780
alloc_pos 466920
alloc_pos 467096
alloc_pos 467124
alloc_pos 467352
alloc_pos 467432
alloc_pos 467616
alloc_pos 467684
alloc_pos 467848
alloc_pos 468020
alloc_pos 468088
alloc_pos 468332
alloc_pos 468376
alloc_pos 468604
alloc_pos 468768
alloc_pos 468996
alloc_pos 469236
alloc_pos 469468
alloc_pos 469728
alloc_pos 469816
alloc_pos 469848
alloc_pos 470084
alloc_pos 470348
alloc_pos 470544
alloc_pos 470584
alloc_pos 470628
alloc_pos 470872
alloc_pos 470900
alloc_pos 471036
alloc_pos 471060
alloc_pos 471276
alloc_pos 471492
alloc_pos 471584
alloc_pos 471668
alloc_pos 471760
alloc_pos 471812
alloc_pos 472040
alloc_pos 472220
alloc_pos 472288
alloc_pos 472400
alloc_pos 472496
alloc_pos 472536
alloc_pos 472600
alloc_pos 472664
alloc_pos 472720
alloc_pos 472888
alloc_pos 473128
alloc_pos 473356
alloc_pos 473572
alloc_pos 473612
alloc_pos 473700
alloc_pos 473752
alloc_pos 473900
alloc_pos 474116
alloc_pos 474252
alloc_pos 474396
alloc_pos 474584
alloc_pos 474704
alloc_pos 474928
alloc_pos 475004
alloc_pos 475052
alloc_pos 475200
alloc_pos 475228
alloc_pos 475480
alloc_pos 475716
alloc_pos 475836
alloc_pos 475968
alloc_pos 476144
alloc_pos 476360
alloc_pos 476580
alloc_pos 476604
alloc_pos 476804
alloc_pos 476940
alloc_pos 477032
alloc_pos 477240
alloc_pos 477468
alloc_pos 477548
alloc_pos 477720
alloc_pos 477984
alloc_pos 478032
alloc_pos 478284
alloc_pos 478388
alloc_pos 478416
alloc_pos 478444
alloc_pos 478472
alloc_pos 478660
alloc_pos 478820
alloc_pos 478844
alloc_pos 479108
alloc_pos 479356
alloc_pos 479476
alloc_pos 479672
alloc_pos 479748
alloc_pos 479880
alloc_pos 480088
alloc_pos 480116
alloc_pos 480272
alloc_pos 480352
alloc_pos 480568
alloc_pos 480704
alloc_pos 480968
alloc_pos 481116
alloc_pos 481280
alloc_pos 481360
alloc_pos 481472
alloc_pos 481552
alloc_pos 481748
alloc_pos 481828
alloc_pos 482044
alloc_pos 482184
alloc_pos 482448
alloc_pos 482544
alloc_pos 482804
alloc_pos 482832
alloc_pos 482960
alloc_pos 483196
alloc_pos 483452
alloc_pos 483616
alloc_pos 483876
alloc_pos 484064
alloc_pos 484112
alloc_pos 484180
alloc_pos 484364
alloc_pos 484572
alloc_pos 484816
alloc_pos 484912
alloc_pos 484964
alloc_pos 485176
alloc_pos 485284
alloc_pos 485536
alloc_pos 485744
alloc_pos 485948
alloc_pos 486100
alloc_pos 486360
alloc_pos 486492
alloc_pos 486644
alloc_pos 486880
alloc_pos 487136
alloc_pos 487328
alloc_pos 487400
alloc_pos 487500
alloc_pos 487596
alloc_pos 487768
alloc_pos 488016
alloc_pos 488164
alloc_pos 488404
alloc_pos 488668
alloc_pos 488820
alloc_pos 488944
alloc_pos 489116
alloc_pos 489356
alloc_pos 489388
alloc_pos 489532
alloc_pos 489616
alloc_pos 489828
alloc_pos 490056
alloc_pos 490180
alloc_pos 490308
alloc_pos 490500
alloc_pos 490568
alloc_pos 490684
alloc_pos 490848
alloc_pos 491096
alloc_pos 491296
alloc_pos 491516
alloc_pos 491712
alloc_pos 491924
alloc_pos 492040
alloc_pos 492084
alloc_pos 492220
alloc_pos 492412
alloc_pos 492564
alloc_pos 492612
alloc_pos 492832
alloc_pos 492896
alloc_pos 493052
alloc_pos 493288
alloc_pos 493412
alloc_pos 493528
alloc_pos 493676
alloc_pos 493884
alloc_pos 493912
alloc_pos 494056
alloc_pos 494088
alloc_pos 494188
alloc_pos 494392
alloc_pos 494632
alloc_pos 494812
alloc_pos 494984
alloc_pos 495156
alloc_pos 495280
alloc_pos 495468
alloc_pos 495532
alloc_pos 495596
alloc_pos 495748
alloc_pos 495828
alloc_pos 495852
alloc_pos 496072
alloc_pos 496144
alloc_pos 496304
alloc_pos 496560
alloc_pos 496804
alloc_pos 496968
alloc_pos 497048
alloc_pos 497172
alloc_pos 497324
alloc_pos 497436
alloc_pos 497700
alloc_pos 497940
alloc_pos 498108
alloc_pos 498220
alloc_pos 498360
alloc_pos 498616
alloc_pos 498708
alloc_pos 498900
alloc_pos 499064
alloc_pos 499240
alloc_pos 499448
alloc_pos 499472
alloc_pos 499592
alloc_pos 499816
alloc_pos 500056
alloc_pos 500288
alloc_pos 500536
alloc_pos 500800
alloc_pos 501012
alloc_pos 501164
alloc_pos 501392
alloc_pos 501448
alloc_pos 501604
alloc_pos 501824
alloc_pos 501988
alloc_pos 502064
alloc_pos 502196
alloc_pos 502460
alloc_pos 502496
alloc_pos 502640
alloc_pos 502884
alloc_pos 503000
alloc_pos 503168
alloc_pos 503332
alloc_pos 503404
alloc_pos 503668
alloc_pos 503820
alloc_pos 503948
alloc_pos 504096
alloc_pos 504328
alloc_pos 504440
alloc_pos 504568
alloc_pos 504680
alloc_pos 504704
alloc_pos 504864
alloc_pos 505024
alloc_pos 505204
alloc_pos 505428
alloc_pos 505608
alloc_pos 505716
alloc_pos 505856
alloc_pos 506032
alloc_pos 506060
alloc_pos 506288
alloc_pos 506368
alloc_pos 506552
alloc_pos 506620
alloc_pos 506784
alloc_pos 506956
alloc_pos 507024
alloc_pos 507268
alloc_pos 507312
alloc_pos 507540
alloc_pos 507704
alloc_pos 507932
alloc_pos 508172
alloc_pos 508404
alloc_pos 508664
alloc_pos 508752
alloc_pos 508784
alloc_pos 509020
alloc_pos 509284
alloc_pos 509480
alloc_pos 509520
alloc_pos 509564
alloc_pos 509808
alloc_pos 509836
alloc_pos 509972
alloc_pos 509996
alloc_pos 510212
alloc_pos 510428
alloc_pos 510520
alloc_pos 510604
alloc_pos 510696
alloc_pos 510748
alloc_pos 510976
alloc_pos 511156
alloc_pos 511224
alloc_pos 511336
alloc_pos 511432
alloc_pos 511472
alloc_pos 511536
alloc_pos 511600
alloc_pos 511656
alloc_pos 511824
alloc_pos 512064
alloc_pos 512292
alloc_pos 512508
alloc_pos 512548
alloc_pos 512636
alloc_pos 512688
alloc_pos 512836
alloc_pos 513052
alloc_pos 513188
alloc_pos 513332
alloc_pos 513520
alloc_pos 513640
alloc_pos 513864
alloc_pos 513940
alloc_pos 513988
alloc_pos 514136
alloc_pos 514164
alloc_pos 514416
alloc_pos 514652
alloc_pos 514772
alloc_pos 514904
alloc_pos 515080
alloc_pos 515296
alloc_pos 515516
alloc_pos 515540
alloc_pos 515740
alloc_pos 515876
alloc_pos 515968
alloc_pos 516176
alloc_pos 516404
alloc_pos 516484
alloc_pos 516656
alloc_pos 516920
alloc_pos 516968
alloc_pos 517220
alloc_pos 517324
alloc_pos 517352
alloc_pos 517380
alloc_pos 517408
alloc_pos 517596
alloc_pos 517756
alloc_pos 517780
alloc_pos 518044
alloc_pos 518292
alloc_pos 518412
alloc_pos 518608
alloc_pos 518684
alloc_pos 518816
alloc_pos 519024
alloc_pos 519052
alloc_pos 519208
alloc_pos 519288
alloc_pos 519504
alloc_pos 519640
alloc_pos 519904
alloc_pos 520052
alloc_pos 520216
alloc_pos 520296
alloc_pos 520408
alloc_pos 520488
alloc_pos 520684
alloc_pos 520764
alloc_pos 520980
alloc_pos 521120
alloc_pos 521384
alloc_pos 521480
alloc_pos 521740
alloc_pos 521768
alloc_pos 521896
alloc_pos 522132
alloc_pos 522388
alloc_pos 522552
alloc_pos 522812
alloc_pos 523000
alloc_pos 523048
alloc_pos 523116
alloc_pos 523300
alloc_pos 523508
alloc_pos 523752
alloc_pos 523848
alloc_pos 523900
alloc_pos 524112
alloc_pos -1

