reason: unexpected exit code -6
--- stdout ---
CHENEY GENERATOR!
--- stderr ---
alloc_pos 8
alloc_pos 1040
alloc_pos 2072
alloc_pos 3104
alloc_pos 3368
alloc_pos 3472
alloc_pos 3736
alloc_pos 3796
alloc_pos 3920
alloc_pos 4108
alloc_pos 4144
alloc_pos 4184
alloc_pos 4416
alloc_pos 4576
alloc_pos 4624
alloc_pos 4740
alloc_pos 4912
alloc_pos 4948
alloc_pos 5204
alloc_pos 5356
alloc_pos 5432
alloc_pos 5464
alloc_pos 5508
alloc_pos 5640
alloc_pos 5768
alloc_pos 5808
alloc_pos 5892
alloc_pos 5936
alloc_pos 6100
alloc_pos 6232
alloc_pos 6268
alloc_pos 6500
alloc_pos 6668
alloc_pos 6720
alloc_pos 6984
alloc_pos 7064
alloc_pos 7248
alloc_pos 7432
alloc_pos 7604
alloc_pos 7868
alloc_pos 7904
alloc_pos 8072
alloc_pos 8244
alloc_pos 8368
alloc_pos 8404
alloc_pos 8484
alloc_pos 8516
alloc_pos 8680
alloc_pos 8920
alloc_pos 8976
alloc_pos 9072
alloc_pos 9200
alloc_pos 9260
alloc_pos 9420
alloc_pos 9472
alloc_pos 9640
alloc_pos 9740
alloc_pos 9904
alloc_pos 10136
alloc_pos 10332
alloc_pos 10400
alloc_pos 10448
alloc_pos 10620
alloc_pos 10788
alloc_pos 10972
alloc_pos 11044
alloc_pos 11160
alloc_pos 11208
alloc_pos 11372
alloc_pos 11576
alloc_pos 11616
alloc_pos 11784
alloc_pos 11820
alloc_pos 12000
alloc_pos 12076
alloc_pos 12224
alloc_pos 12420
alloc_pos 12580
alloc_pos 12712
alloc_pos 12932
alloc_pos 13036
alloc_pos 13176
alloc_pos 13348
alloc_pos 13608
alloc_pos 13748
alloc_pos 13864
alloc_pos 13964
alloc_pos 14048
alloc_pos 14272
alloc_pos 14340
alloc_pos 14540
alloc_pos 14760
alloc_pos 14844
alloc_pos 14888
alloc_pos 15056
alloc_pos 15156
alloc_pos 15312
alloc_pos 15460
alloc_pos 15708
alloc_pos 15816
alloc_pos 16024
alloc_pos 16160
alloc_pos 16256
alloc_pos 16432
alloc_pos 16472
alloc_pos 16524
alloc_pos 16676
alloc_pos 16804
alloc_pos 16868
alloc_pos 17084
alloc_pos 17192
alloc_pos 17252
alloc_pos 17512
alloc_pos 17660
alloc_pos 17788
alloc_pos 17820
alloc_pos 18012
alloc_pos 18052
alloc_pos 18268
alloc_pos 18432
alloc_pos 18600
alloc_pos 18824
alloc_pos 19072
alloc_pos 19304
alloc_pos 19408
alloc_pos 19516
alloc_pos 19716
alloc_pos 19828
alloc_pos 20004
alloc_pos 20152
alloc_pos 20324
alloc_pos 20552
alloc_pos 20692
alloc_pos 20732
alloc_pos 20968
alloc_pos 21012
alloc_pos 21276
alloc_pos 21368
alloc_pos 21512
alloc_pos 21712
alloc_pos 21904
alloc_pos 21944
alloc_pos 21980
alloc_pos 22188
alloc_pos 22388
alloc_pos 22488
alloc_pos 22676
alloc_pos 22844
alloc_pos 23040
alloc_pos 23272
alloc_pos 23408
alloc_pos 23504
alloc_pos 23708
alloc_pos 23828
alloc_pos 24076
alloc_pos 24268
alloc_pos 24380
alloc_pos 24408
alloc_pos 24672
alloc_pos 24812
alloc_pos 24924
alloc_pos 24988
alloc_pos 25168
alloc_pos 25220
alloc_pos 25368
alloc_pos 25404
alloc_pos 25480
alloc_pos 25700
alloc_pos 25796
alloc_pos 25852
alloc_pos 26064
alloc_pos 26148
alloc_pos 26272
alloc_pos 26396
alloc_pos 26652
alloc_pos 26896
alloc_pos 27044
alloc_pos 27088
alloc_pos 27152
alloc_pos 27288
alloc_pos 27412
alloc_pos 27576
alloc_pos 27668
alloc_pos 27916
alloc_pos 27972
alloc_pos 28204
alloc_pos 28336
alloc_pos 28580
alloc_pos 28744
alloc_pos 28836
alloc_pos 29040
alloc_pos 29168
alloc_pos 29280
alloc_pos 29476
alloc_pos 29724
alloc_pos 29844
alloc_pos 29924
alloc_pos 29984
alloc_pos 30028
alloc_pos 30096
alloc_pos 30156
alloc_pos 30236
alloc_pos 30428
alloc_pos 30508
alloc_pos 30532
alloc_pos 30680
alloc_pos 30916
alloc_pos 31088
alloc_pos 31156
alloc_pos 31244
alloc_pos 31340
alloc_pos 31364
alloc_pos 31424
alloc_pos 31552
alloc_pos 31712
alloc_pos 31828
alloc_pos 32008
alloc_pos 32176
alloc_pos 32280
alloc_pos 32544
alloc_pos 32600
alloc_pos 32800
alloc_pos 33040
alloc_pos 33192
alloc_pos 33456
alloc_pos 33636
alloc_pos 33824
alloc_pos 34020
alloc_pos 34232
alloc_pos 34268
alloc_pos 34408
alloc_pos 34660
alloc_pos 34904
alloc_pos 35124
alloc_pos 35388
alloc_pos 35632
alloc_pos 35828
alloc_pos 36056
alloc_pos 36220
alloc_pos 36344
alloc_pos 36468
alloc_pos 36592
alloc_pos 36716
alloc_pos 36764
alloc_pos 36908
alloc_pos 37092
alloc_pos 37216
alloc_pos 37252
alloc_pos 37324
alloc_pos 37364
alloc_pos 37440
alloc_pos 37576
alloc_pos 37640
alloc_pos 37692
alloc_pos 37800
alloc_pos 37976
alloc_pos 38012
alloc_pos 38060
alloc_pos 38084
alloc_pos 38252
alloc_pos 38312
alloc_pos 38416
alloc_pos 38680
alloc_pos 38740
alloc_pos 38864
alloc_pos 39052
alloc_pos 39088
alloc_pos 39128
alloc_pos 39360
alloc_pos 39520
alloc_pos 39568
alloc_pos 39684
alloc_pos 39856
alloc_pos 39892
alloc_pos 40148
alloc_pos 40300
alloc_pos 40376
alloc_pos 40408
alloc_pos 40452
alloc_pos 40584
alloc_pos 40712
alloc_pos 40752
alloc_pos 40836
alloc_pos 40880
alloc_pos 41044
alloc_pos 41176
alloc_pos 41212
alloc_pos 41444
alloc_pos 41612
alloc_pos 41664
alloc_pos 41928
alloc_pos 42008
alloc_pos 42192
alloc_pos 42376
alloc_pos 42548
alloc_pos 42812
alloc_pos 42848
alloc_pos 43016
alloc_pos 43188
alloc_pos 43312
alloc_pos 43348
alloc_pos 43428
alloc_pos 43460
alloc_pos 43624
alloc_pos 43864
alloc_pos 43920
alloc_pos 44016
alloc_pos 44144
alloc_pos 44204
alloc_pos 44364
alloc_pos 44416
alloc_pos 44584
alloc_pos 44684
alloc_pos 44848
alloc_pos 45080
alloc_pos 45276
alloc_pos 45344
alloc_pos 45392
alloc_pos 45564
alloc_pos 45732
alloc_pos 45916
alloc_pos 45988
alloc_pos 46104
alloc_pos 46152
alloc_pos 46316
alloc_pos 46520
alloc_pos 46560
alloc_pos 46728
alloc_pos 46764
alloc_pos 46944
alloc_pos 47020
alloc_pos 47168
alloc_pos 47364
alloc_pos 47524
alloc_pos 47656
alloc_pos 47876
alloc_pos 47980
alloc_pos 48120
alloc_pos 48292
alloc_pos 48552
alloc_pos 48692
alloc_pos 48808
alloc_pos 48908
alloc_pos 48992
alloc_pos 49216
alloc_pos 49284
alloc_pos 49484
alloc_pos 49704
alloc_pos 49788
alloc_pos 49832
alloc_pos 50000
alloc_pos 50100
alloc_pos 50256
alloc_pos 50404
alloc_pos 50652
alloc_pos 50760
alloc_pos 50968
alloc_pos 51104
alloc_pos 51200
alloc_pos 51376
alloc_pos 51416
alloc_pos 51468
alloc_pos 51620
alloc_pos 51748
alloc_pos 51812
alloc_pos 52028
alloc_pos 52136
alloc_pos 52196
alloc_pos 52456
alloc_pos 52604
alloc_pos 52732
alloc_pos 52764
alloc_pos 52956
alloc_pos 52996
alloc_pos 53212
alloc_pos 53376
alloc_pos 53544
alloc_pos 53768
alloc_pos 54016
alloc_pos 54248
alloc_pos 54352
alloc_pos 54460
alloc_pos 54660
alloc_pos 54772
alloc_pos 54948
alloc_pos 55096
alloc_pos 55268
alloc_pos 55496
alloc_pos 55636
alloc_pos 55676
alloc_pos 55912
alloc_pos 55956
alloc_pos 56220
alloc_pos 56312
alloc_pos 56456
alloc_pos 56656
alloc_pos 56848
alloc_pos 56888
alloc_pos 56924
alloc_pos 57132
alloc_pos 57332
alloc_pos 57432
alloc_pos 57620
alloc_pos 57788
alloc_pos 57984
alloc_pos 58216
alloc_pos 58352
alloc_pos 58448
alloc_pos 58652
alloc_pos 58772
alloc_pos 59020
alloc_pos 59212
alloc_pos 59324
alloc_pos 59352
alloc_pos 59616
alloc_pos 59756
alloc_pos 59868
alloc_pos 59932
alloc_pos 60112
alloc_pos 60164
alloc_pos 60312
alloc_pos 60348
alloc_pos 60424
alloc_pos 60644
alloc_pos 60740
alloc_pos 60796
alloc_pos 61008
alloc_pos 61092
alloc_pos 61216
alloc_pos 61340
alloc_pos 61596
alloc_pos 61840
alloc_pos 61988
alloc_pos 62032
alloc_pos 62096
alloc_pos 62232
alloc_pos 62356
alloc_pos 62520
alloc_pos 62612
alloc_pos 62860
alloc_pos 62916
alloc_pos 63148
alloc_pos 63280
alloc_pos 63524
alloc_pos 63688
alloc_pos 63780
alloc_pos 63984
alloc_pos 64112
alloc_pos 64224
alloc_pos 64420
alloc_pos 64668
alloc_pos 64788
alloc_pos 64868
alloc_pos 64928
alloc_pos 64972
alloc_pos 65040
alloc_pos 65100
alloc_pos 65180
alloc_pos 65372
alloc_pos 65452
alloc_pos 65476
alloc_pos 65624
alloc_pos 65860
alloc_pos 66032
alloc_pos 66100
alloc_pos 66188
alloc_pos 66284
alloc_pos 66308
alloc_pos 66368
alloc_pos 66496
alloc_pos 66656
alloc_pos 66772
alloc_pos 66952
alloc_pos 67120
alloc_pos 67224
alloc_pos 67488
alloc_pos 67544
alloc_pos 67744
alloc_pos 67984
alloc_pos 68136
alloc_pos 68400
alloc_pos 68580
alloc_pos 68768
alloc_pos 68964
alloc_pos 69176
alloc_pos 69212
alloc_pos 69352
alloc_pos 69604
alloc_pos 69848
alloc_pos 70068
alloc_pos 70332
alloc_pos 70576
alloc_pos 70772
alloc_pos 71000
alloc_pos 71164
alloc_pos 71288
alloc_pos 71412
alloc_pos 71536
alloc_pos 71660
alloc_pos 71708
alloc_pos 71852
alloc_pos 72036
alloc_pos 72160
alloc_pos 72196
alloc_pos 72268
alloc_pos 72308
alloc_pos 72384
alloc_pos 72520
alloc_pos 72584
alloc_pos 72636
alloc_pos 72744
alloc_pos 72920
alloc_pos 72956
alloc_pos 73004
alloc_pos 73028
alloc_pos 73196
alloc_pos 73256
alloc_pos 73360
alloc_pos 73624
alloc_pos 73684
alloc_pos 73808
alloc_pos 73996
alloc_pos 74032
alloc_pos 74072
alloc_pos 74304
alloc_pos 74464
alloc_pos 74512
alloc_pos 74628
alloc_pos 74800
alloc_pos 74836
alloc_pos 75092
alloc_pos 75244
alloc_pos 75320
alloc_pos 75352
alloc_pos 75396
alloc_pos 75528
alloc_pos 75656
alloc_pos 75696
alloc_pos 75780
alloc_pos 75824
alloc_pos 75988
alloc_pos 76120
alloc_pos 76156
alloc_pos 76388
alloc_pos 76556
alloc_pos 76608
alloc_pos 76872
alloc_pos 76952
alloc_pos 77136
alloc_pos 77320
alloc_pos 77492
alloc_pos 77756
alloc_pos 77792
alloc_pos 77960
alloc_pos 78132
alloc_pos 78256
alloc_pos 78292
alloc_pos 78372
alloc_pos 78404
alloc_pos 78568
alloc_pos 78808
alloc_pos 78864
alloc_pos 78960
alloc_pos 79088
alloc_pos 79148
alloc_pos 79308
alloc_pos 79360
alloc_pos 79528
alloc_pos 79628
alloc_pos 79792
alloc_pos 80024
alloc_pos 80220
alloc_pos 80288
alloc_pos 80336
alloc_pos 80508
alloc_pos 80676
alloc_pos 80860
alloc_pos 80932
alloc_pos 81048
alloc_pos 81096
alloc_pos 81260
alloc_pos 81464
alloc_pos 81504
alloc_pos 81672
alloc_pos 81708
alloc_pos 81888
alloc_pos 81964
alloc_pos 82112
alloc_pos 82308
alloc_pos 82468
alloc_pos 82600
alloc_pos 82820
alloc_pos 82924
alloc_pos 83064
alloc_pos 83236
alloc_pos 83496
alloc_pos 83636
alloc_pos 83752
alloc_pos 83852
alloc_pos 83936
alloc_pos 84160
alloc_pos 84228
alloc_pos 84428
alloc_pos 84648
alloc_pos 84732
alloc_pos 84776
alloc_pos 84944
alloc_pos 85044
alloc_pos 85200
alloc_pos 85348
alloc_pos 85596
alloc_pos 85704
alloc_pos 85912
alloc_pos 86048
alloc_pos 86144
alloc_pos 86320
alloc_pos 86360
alloc_pos 86412
alloc_pos 86564
alloc_pos 86692
alloc_pos 86756
alloc_pos 86972
alloc_pos 87080
alloc_pos 87140
alloc_pos 87400
alloc_pos 87548
alloc_pos 87676
alloc_pos 87708
alloc_pos 87900
alloc_pos 87940
alloc_pos 88156
alloc_pos 88320
alloc_pos 88488
alloc_pos 88712
alloc_pos 88960
alloc_pos 89192
alloc_pos 89296
alloc_pos 89404
alloc_pos 89604
alloc_pos 89716
alloc_pos 89892
alloc_pos 90040
alloc_pos 90212
alloc_pos 90440
alloc_pos 90580
alloc_pos 90620
alloc_pos 90856
alloc_pos 90900
alloc_pos 91164
alloc_pos 91256
alloc_pos 91400
alloc_pos 91600
alloc_pos 91792
alloc_pos 91832
alloc_pos 91868
alloc_pos 92076
alloc_pos 92276
alloc_pos 92376
alloc_pos 92564
alloc_pos 92732
alloc_pos 92928
alloc_pos 93160
alloc_pos 93296
alloc_pos 93392
alloc_pos 93596
alloc_pos 93716
alloc_pos 93964
alloc_pos 94156
alloc_pos 94268
alloc_pos 94296
alloc_pos 94560
alloc_pos 94700
alloc_pos 94812
alloc_pos 94876
alloc_pos 95056
alloc_pos 95108
alloc_pos 95256
alloc_pos 95292
alloc_pos 95368
alloc_pos 95588
alloc_pos 95684
alloc_pos 95740
alloc_pos 95952
alloc_pos 96036
alloc_pos 96160
alloc_pos 96284
alloc_pos 96540
alloc_pos 96784
alloc_pos 96932
alloc_pos 96976
alloc_pos 97040
alloc_pos 97176
alloc_pos 97300
alloc_pos 97464
alloc_pos 97556
alloc_pos 97804
alloc_pos 97860
alloc_pos 98092
alloc_pos 98224
alloc_pos 98468
alloc_pos 98632
alloc_pos 98724
alloc_pos 98928
alloc_pos 99056
alloc_pos 99168
alloc_pos 99364
alloc_pos 99612
alloc_pos 99732
alloc_pos 99812
alloc_pos 99872
alloc_pos 99916
alloc_pos 99984
alloc_pos 100044
alloc_pos 100124
alloc_pos 100316
alloc_pos 100396
alloc_pos 100420
alloc_pos 100568
alloc_pos 100804
alloc_pos 100976
alloc_pos 101044
alloc_pos 101132
alloc_pos 101228
alloc_pos 101252
alloc_pos 101312
alloc_pos 101440
alloc_pos 101600
alloc_pos 101716
alloc_pos 101896
alloc_pos 102064
alloc_pos 102168
alloc_pos 102432
alloc_pos 102488
alloc_pos 102688
alloc_pos 102928
alloc_pos 103080
alloc_pos 103344
alloc_pos 103524
alloc_pos 103712
alloc_pos 103908
alloc_pos 104120
alloc_pos 104156
alloc_pos 104296
alloc_pos 104548
alloc_pos 104792
alloc_pos 105012
alloc_pos 105276
alloc_pos 105520
alloc_pos 105716
alloc_pos 105944
alloc_pos 106108
alloc_pos 106232
alloc_pos 106356
alloc_pos 106480
alloc_pos 106604
alloc_pos 106652
alloc_pos 106796
alloc_pos 106980
alloc_pos 107104
alloc_pos 107140
alloc_pos 107212
alloc_pos 107252
alloc_pos 107328
alloc_pos 107464
alloc_pos 107528
alloc_pos 107580
alloc_pos 107688
alloc_pos 107864
alloc_pos 107900
alloc_pos 107948
alloc_pos 107972
alloc_pos 108140
alloc_pos 108200
alloc_pos 108304
alloc_pos 108568
alloc_pos 108628
alloc_pos 108752
alloc_pos 108940
alloc_pos 108976
alloc_pos 109016
alloc_pos 109248
alloc_pos 109408
alloc_pos 109456
alloc_pos 109572
alloc_pos 109744
alloc_pos 109780
alloc_pos 110036
alloc_pos 110188
alloc_pos 110264
alloc_pos 110296
alloc_pos 110340
alloc_pos 110472
alloc_pos 110600
alloc_pos 110640
alloc_pos 110724
alloc_pos 110768
alloc_pos 110932
alloc_pos 111064
alloc_pos 111100
alloc_pos 111332
alloc_pos 111500
alloc_pos 111552
alloc_pos 111816
alloc_pos 111896
alloc_pos 112080
alloc_pos 112264
alloc_pos 112436
alloc_pos 112700
alloc_pos 112736
alloc_pos 112904
alloc_pos 113076
alloc_pos 113200
alloc_pos 113236
alloc_pos 113316
alloc_pos 113348
alloc_pos 113512
alloc_pos 113752
alloc_pos 113808
alloc_pos 113904
alloc_pos 114032
alloc_pos 114092
alloc_pos 114252
alloc_pos 114304
alloc_pos 114472
alloc_pos 114572
alloc_pos 114736
alloc_pos 114968
alloc_pos 115164
alloc_pos 115232
alloc_pos 115280
alloc_pos 115452
alloc_pos 115620
alloc_pos 115804
alloc_pos 115876
alloc_pos 115992
alloc_pos 116040
alloc_pos 116204
alloc_pos 116408
alloc_pos 116448
alloc_pos 116616
alloc_pos 116652
alloc_pos 116832
alloc_pos 116908
alloc_pos 117056
alloc_pos 117252
alloc_pos 117412
alloc_pos 117544
alloc_pos 117764
alloc_pos 117868
alloc_pos 118008
alloc_pos 118180
alloc_pos 118440
alloc_pos 118580
alloc_pos 118696
alloc_pos 118796
alloc_pos 118880
alloc_pos 119104
alloc_pos 119172
alloc_pos 119372
alloc_pos 119592
alloc_pos 119676
alloc_pos 119720
alloc_pos 119888
alloc_pos 119988
alloc_pos 120144
alloc_pos 120292
alloc_pos 120540
alloc_pos 120648
alloc_pos 120856
alloc_pos 120992
alloc_pos 121088
alloc_pos 121264
alloc_pos 121304
alloc_pos 121356
alloc_pos 121508
alloc_pos 121636
alloc_pos 121700
alloc_pos 121916
alloc_pos 122024
alloc_pos 122084
alloc_pos 122344
alloc_pos 122492
alloc_pos 122620
alloc_pos 122652
alloc_pos 122844
alloc_pos 122884
alloc_pos 123100
alloc_pos 123264
alloc_pos 123432
alloc_pos 123656
alloc_pos 123904
alloc_pos 124136
alloc_pos 124240
alloc_pos 124348
alloc_pos 124548
alloc_pos 124660
alloc_pos 124836
alloc_pos 124984
alloc_pos 125156
alloc_pos 125384
alloc_pos 125524
alloc_pos 125564
alloc_pos 125800
alloc_pos 125844
alloc_pos 126108
alloc_pos 126200
alloc_pos 126344
alloc_pos 126544
alloc_pos 126736
alloc_pos 126776
alloc_pos 126812
alloc_pos 127020
alloc_pos 127220
alloc_pos 127320
alloc_pos 127508
alloc_pos 127676
alloc_pos 127872
alloc_pos 128104
alloc_pos 128240
alloc_pos 128336
alloc_pos 128540
alloc_pos 128660
alloc_pos 128908
alloc_pos 129100
alloc_pos 129212
alloc_pos 129240
alloc_pos 129504
alloc_pos 129644
alloc_pos 129756
alloc_pos 129820
alloc_pos 130000
alloc_pos 130052
alloc_pos 130200
alloc_pos 130236
alloc_pos 130312
alloc_pos 130532
alloc_pos 130628
alloc_pos 130684
alloc_pos 130896
alloc_pos 130980
alloc_pos 131104
alloc_pos 131228
alloc_pos 131484
alloc_pos 131728
alloc_pos 131876
alloc_pos 131920
alloc_pos 131984
alloc_pos 132120
alloc_pos 132244
alloc_pos 132408
alloc_pos 132500
alloc_pos 132748
alloc_pos 132804
alloc_pos 133036
alloc_pos 133168
alloc_pos 133412
alloc_pos 133576
alloc_pos 133668
alloc_pos 133872
alloc_pos 134000
alloc_pos 134112
alloc_pos 134308
alloc_pos 134556
alloc_pos 134676
alloc_pos 134756
alloc_pos 134816
alloc_pos 134860
alloc_pos 134928
alloc_pos 134988
alloc_pos 135068
alloc_pos 135260
alloc_pos 135340
alloc_pos 135364
alloc_pos 135512
alloc_pos 135748
alloc_pos 135920
alloc_pos 135988
alloc_pos 136076
alloc_pos 136172
alloc_pos 136196
alloc_pos 136256
alloc_pos 136384
alloc_pos 136544
alloc_pos 136660
alloc_pos 136840
alloc_pos 137008
alloc_pos 137112
alloc_pos 137376
alloc_pos 137432
alloc_pos 137632
alloc_pos 137872
alloc_pos 138024
alloc_pos 138288
alloc_pos 138468
alloc_pos 138656
alloc_pos 138852
alloc_pos 139064
alloc_pos 139100
alloc_pos 139240
alloc_pos 139492
alloc_pos 139736
alloc_pos 139956
alloc_pos 140220
alloc_pos 140464
alloc_pos 140660
alloc_pos 140888
alloc_pos 141052
alloc_pos 141176
alloc_pos 141300
alloc_pos 141424
alloc_pos 141548
alloc_pos 141596
alloc_pos 141740
alloc_pos 141924
alloc_pos 142048
alloc_pos 142084
alloc_pos 142156
alloc_pos 142196
alloc_pos 142272
alloc_pos 142408
alloc_pos 142472
alloc_pos 142524
alloc_pos 142632
alloc_pos 142808
alloc_pos 142844
alloc_pos 142892
alloc_pos 142916
alloc_pos 143084
alloc_pos 143144
alloc_pos 143248
alloc_pos 143512
alloc_pos 143572
alloc_pos 143696
alloc_pos 143884
alloc_pos 143920
alloc_pos 143960
alloc_pos 144192
alloc_pos 144352
alloc_pos 144400
alloc_pos 144516
alloc_pos 144688
alloc_pos 144724
alloc_pos 144980
alloc_pos 145132
alloc_pos 145208
alloc_pos 145240
alloc_pos 145284
alloc_pos 145416
alloc_pos 145544
alloc_pos 145584
alloc_pos 145668
alloc_pos 145712
alloc_pos 145876
alloc_pos 146008
alloc_pos 146044
alloc_pos 146276
alloc_pos 146444
alloc_pos 146496
alloc_pos 146760
alloc_pos 146840
alloc_pos 147024
alloc_pos 147208
alloc_pos 147380
alloc_pos 147644
alloc_pos 147680
alloc_pos 147848
alloc_pos 148020
alloc_pos 148144
alloc_pos 148180
alloc_pos 148260
alloc_pos 148292
alloc_pos 148456
alloc_pos 148696
alloc_pos 148752
alloc_pos 148848
alloc_pos 148976
alloc_pos 149036
alloc_pos 149196
alloc_pos 149248
alloc_pos 149416
alloc_pos 149516
alloc_pos 149680
alloc_pos 149912
alloc_pos 150108
alloc_pos 150176
alloc_pos 150224
alloc_pos 150396
alloc_pos 150564
alloc_pos 150748
alloc_pos 150820
alloc_pos 150936
alloc_pos 150984
alloc_pos 151148
alloc_pos 151352
alloc_pos 151392
alloc_pos 151560
alloc_pos 151596
alloc_pos 151776
alloc_pos 151852
alloc_pos 152000
alloc_pos 152196
alloc_pos 152356
alloc_pos 152488
alloc_pos 152708
alloc_pos 152812
alloc_pos 152952
alloc_pos 153124
alloc_pos 153384
alloc_pos 153524
alloc_pos 153640
alloc_pos 153740
alloc_pos 153824
alloc_pos 154048
alloc_pos 154116
alloc_pos 154316
alloc_pos 154536
alloc_pos 154620
alloc_pos 154664
alloc_pos 154832
alloc_pos 154932
alloc_pos 155088
alloc_pos 155236
alloc_pos 155484
alloc_pos 155592
alloc_pos 155800
alloc_pos 155936
alloc_pos 156032
alloc_pos 156208
alloc_pos 156248
alloc_pos 156300
alloc_pos 156452
alloc_pos 156580
alloc_pos 156644
alloc_pos 156860
alloc_pos 156968
alloc_pos 157028
alloc_pos 157288
alloc_pos 157436
alloc_pos 157564
alloc_pos 157596
alloc_pos 157788
alloc_pos 157828
alloc_pos 158044
alloc_pos 158208
alloc_pos 158376
alloc_pos 158600
alloc_pos 158848
alloc_pos 159080
alloc_pos 159184
alloc_pos 159292
alloc_pos 159492
alloc_pos 159604
alloc_pos 159780
alloc_pos 159928
alloc_pos 160100
alloc_pos 160328
alloc_pos 160468
alloc_pos 160508
alloc_pos 160744
alloc_pos 160788
alloc_pos 161052
alloc_pos 161144
alloc_pos 161288
alloc_pos 161488
alloc_pos 161680
alloc_pos 161720
alloc_pos 161756
alloc_pos 161964
alloc_pos 162164
alloc_pos 162264
alloc_pos 162452
alloc_pos 162620
alloc_pos 162816
alloc_pos 163048
alloc_pos 163184
alloc_pos 163280
alloc_pos 163484
alloc_pos 163604
alloc_pos 163852
alloc_pos 164044
alloc_pos 164156
alloc_pos 164184
alloc_pos 164448
alloc_pos 164588
alloc_pos 164700
alloc_pos 164764
alloc_pos 164944
alloc_pos 164996
alloc_pos 165144
alloc_pos 165180
alloc_pos 165256
alloc_pos 165476
alloc_pos 165572
alloc_pos 165628
alloc_pos 165840
alloc_pos 165924
alloc_pos 166048
alloc_pos 166172
alloc_pos 166428
alloc_pos 166672
alloc_pos 166820
alloc_pos 166864
alloc_pos 166928
alloc_pos 167064
alloc_pos 167188
alloc_pos 167352
alloc_pos 167444
alloc_pos 167692
alloc_pos 167748
alloc_pos 167980
alloc_pos 168112
alloc_pos 168356
alloc_pos 168520
alloc_pos 168612
alloc_pos 168816
alloc_pos 168944
alloc_pos 169056
alloc_pos 169252
alloc_pos 169500
alloc_pos 169620
alloc_pos 169700
alloc_pos 169760
alloc_pos 169804
alloc_pos 169872
alloc_pos 169932
alloc_pos 170012
alloc_pos 170204
alloc_pos 170284
alloc_pos 170308
alloc_pos 170456
alloc_pos 170692
alloc_pos 170864
alloc_pos 170932
alloc_pos 171020
alloc_pos 171116
alloc_pos 171140
alloc_pos 171200
alloc_pos 171328
alloc_pos 171488
alloc_pos 171604
alloc_pos 171784
alloc_pos 171952
alloc_pos 172056
alloc_pos 172320
alloc_pos 172376
alloc_pos 172576
alloc_pos 172816
alloc_pos 172968
alloc_pos 173232
alloc_pos 173412
alloc_pos 173600
alloc_pos 173796
alloc_pos 174008
alloc_pos 174044
alloc_pos 174184
alloc_pos 174436
alloc_pos 174680
alloc_pos 174900
alloc_pos 175164
alloc_pos 175408
alloc_pos 175604
alloc_pos 175832
alloc_pos 175996
alloc_pos 176120
alloc_pos 176244
alloc_pos 176368
alloc_pos 176492
alloc_pos 176540
alloc_pos 176684
alloc_pos 176868
alloc_pos 176992
alloc_pos 177028
alloc_pos 177100
alloc_pos 177140
alloc_pos 177216
alloc_pos 177352
alloc_pos 177416
alloc_pos 177468
alloc_pos 177576
alloc_pos 177752
alloc_pos 177788
alloc_pos 177836
alloc_pos 177860
alloc_pos 178028
alloc_pos 178088
alloc_pos 178192
alloc_pos 178456
alloc_pos 178516
alloc_pos 178640
alloc_pos 178828
alloc_pos 178864
alloc_pos 178904
alloc_pos 179136
alloc_pos 179296
alloc_pos 179344
alloc_pos 179460
alloc_pos 179632
alloc_pos 179668
alloc_pos 179924
alloc_pos 180076
alloc_pos 180152
alloc_pos 180184
alloc_pos 180228
alloc_pos 180360
alloc_pos 180488
alloc_pos 180528
alloc_pos 180612
alloc_pos 180656
alloc_pos 180820
alloc_pos 180952
alloc_pos 180988
alloc_pos 181220
alloc_pos 181388
alloc_pos 181440
alloc_pos 181704
alloc_pos 181784
alloc_pos 181968
alloc_pos 182152
alloc_pos 182324
alloc_pos 182588
alloc_pos 182624
alloc_pos 182792
alloc_pos 182964
alloc_pos 183088
alloc_pos 183124
alloc_pos 183204
alloc_pos 183236
alloc_pos 183400
alloc_pos 183640
alloc_pos 183696
alloc_pos 183792
alloc_pos 183920
alloc_pos 183980
alloc_pos 184140
alloc_pos 184192
alloc_pos 184360
alloc_pos 184460
alloc_pos 184624
alloc_pos 184856
alloc_pos 185052
alloc_pos 185120
alloc_pos 185168
alloc_pos 185340
alloc_pos 185508
alloc_pos 185692
alloc_pos 185764
alloc_pos 185880
alloc_pos 185928
alloc_pos 186092
alloc_pos 186296
alloc_pos 186336
alloc_pos 186504
alloc_pos 186540
alloc_pos 186720
alloc_pos 186796
alloc_pos 186944
alloc_pos 187140
alloc_pos 187300
alloc_pos 187432
alloc_pos 187652
alloc_pos 187756
alloc_pos 187896
alloc_pos 188068
alloc_pos 188328
alloc_pos 188468
alloc_pos 188584
alloc_pos 188684
alloc_pos 188768
alloc_pos 188992
alloc_pos 189060
alloc_pos 189260
alloc_pos 189480
alloc_pos 189564
alloc_pos 189608
alloc_pos 189776
alloc_pos 189876
alloc_pos 190032
alloc_pos 190180
alloc_pos 190428
alloc_pos 190536
alloc_pos 190744
alloc_pos 190880
alloc_pos 190976
alloc_pos 191152
alloc_pos 191192
alloc_pos 191244
alloc_pos 191396
alloc_pos 191524
alloc_pos 191588
alloc_pos 191804
alloc_pos 191912
alloc_pos 191972
alloc_pos 192232
alloc_pos 192380
alloc_pos 192508
alloc_pos 192540
alloc_pos 192732
alloc_pos 192772
alloc_pos 192988
alloc_pos 193152
alloc_pos 193320
alloc_pos 193544
alloc_pos 193792
alloc_pos 194024
alloc_pos 194128
alloc_pos 194236
alloc_pos 194436
alloc_pos 194548
alloc_pos 194724
alloc_pos 194872
alloc_pos 195044
alloc_pos 195272
alloc_pos 195412
alloc_pos 195452
alloc_pos 195688
alloc_pos 195732
alloc_pos 195996
alloc_pos 196088
alloc_pos 196232
alloc_pos 196432
alloc_pos 196624
alloc_pos 196664
alloc_pos 196700
alloc_pos 196908
alloc_pos 197108
alloc_pos 197208
alloc_pos 197396
alloc_pos 197564
alloc_pos 197760
alloc_pos 197992
alloc_pos 198128
alloc_pos 198224
alloc_pos 198428
alloc_pos 198548
alloc_pos 198796
alloc_pos 198988
alloc_pos 199100
alloc_pos 199128
alloc_pos 199392
alloc_pos 199532
alloc_pos 199644
alloc_pos 199708
alloc_pos 199888
alloc_pos 199940
alloc_pos 200088
alloc_pos 200124
alloc_pos 200200
alloc_pos 200420
alloc_pos 200516
alloc_pos 200572
alloc_pos 200784
alloc_pos 200868
alloc_pos 200992
alloc_pos 201116
alloc_pos 201372
alloc_pos 201616
alloc_pos 201764
alloc_pos 201808
alloc_pos 201872
alloc_pos 202008
alloc_pos 202132
alloc_pos 202296
alloc_pos 202388
alloc_pos 202636
alloc_pos 202692
alloc_pos 202924
alloc_pos 203056
alloc_pos 203300
alloc_pos 203464
alloc_pos 203556
alloc_pos 203760
alloc_pos 203888
alloc_pos 204000
alloc_pos 204196
alloc_pos 204444
alloc_pos 204564
alloc_pos 204644
alloc_pos 204704
alloc_pos 204748
alloc_pos 204816
alloc_pos 204876
alloc_pos 204956
alloc_pos 205148
alloc_pos 205228
alloc_pos 205252
alloc_pos 205400
alloc_pos 205636
alloc_pos 205808
alloc_pos 205876
alloc_pos 205964
alloc_pos 206060
alloc_pos 206084
alloc_pos 206144
alloc_pos 206272
alloc_pos 206432
alloc_pos 206548
alloc_pos 206728
alloc_pos 206896
alloc_pos 207000
alloc_pos 207264
alloc_pos 207320
alloc_pos 207520
alloc_pos 207760
alloc_pos 207912
alloc_pos 208176
alloc_pos 208356
alloc_pos 208544
alloc_pos 208740
alloc_pos 208952
alloc_pos 208988
alloc_pos 209128
alloc_pos 209380
alloc_pos 209624
alloc_pos 209844
alloc_pos 210108
alloc_pos 210352
alloc_pos 210548
alloc_pos 210776
alloc_pos 210940
alloc_pos 211064
alloc_pos 211188
alloc_pos 211312
alloc_pos 211436
alloc_pos 211484
alloc_pos 211628
alloc_pos 211812
alloc_pos 211936
alloc_pos 211972
alloc_pos 212044
alloc_pos 212084
alloc_pos 212160
alloc_pos 212296
alloc_pos 212360
alloc_pos 212412
alloc_pos 212520
alloc_pos 212696
alloc_pos 212732
alloc_pos 212780
alloc_pos 212804
alloc_pos 212972
alloc_pos 213032
alloc_pos 213136
alloc_pos 213400
alloc_pos 213460
alloc_pos 213584
alloc_pos 213772
alloc_pos 213808
alloc_pos 213848
alloc_pos 214080
alloc_pos 214240
alloc_pos 214288
alloc_pos 214404
alloc_pos 214576
alloc_pos 214612
alloc_pos 214868
alloc_pos 215020
alloc_pos 215096
alloc_pos 215128
alloc_pos 215172
alloc_pos 215304
alloc_pos 215432
alloc_pos 215472
alloc_pos 215556
alloc_pos 215600
alloc_pos 215764
alloc_pos 215896
alloc_pos 215932
alloc_pos 216164
alloc_pos 216332
alloc_pos 216384
alloc_pos 216648
alloc_pos 216728
alloc_pos 216912
alloc_pos 217096
alloc_pos 217268
alloc_pos 217532
alloc_pos 217568
alloc_pos 217736
alloc_pos 217908
alloc_pos 218032
alloc_pos 218068
alloc_pos 218148
alloc_pos 218180
alloc_pos 218344
alloc_pos 218584
alloc_pos 218640
alloc_pos 218736
alloc_pos 218864
alloc_pos 218924
alloc_pos 219084
alloc_pos 219136
alloc_pos 219304
alloc_pos 219404
alloc_pos 219568
alloc_pos 219800
alloc_pos 219996
alloc_pos 220064
alloc_pos 220112
alloc_pos 220284
alloc_pos 220452
alloc_pos 220636
alloc_pos 220708
alloc_pos 220824
alloc_pos 220872
alloc_pos 221036
alloc_pos 221240
alloc_pos 221280
alloc_pos 221448
alloc_pos 221484
alloc_pos 221664
alloc_pos 221740
alloc_pos 221888
alloc_pos 222084
alloc_pos 222244
alloc_pos 222376
alloc_pos 222596
alloc_pos 222700
alloc_pos 222840
alloc_pos 223012
alloc_pos 223272
alloc_pos 223412
alloc_pos 223528
alloc_pos 223628
alloc_pos 223712
alloc_pos 223936
alloc_pos 224004
alloc_pos 224204
alloc_pos 224424
alloc_pos 224508
alloc_pos 224552
alloc_pos 224720
alloc_pos 224820
alloc_pos 224976
alloc_pos 225124
alloc_pos 225372
alloc_pos 225480
alloc_pos 225688
alloc_pos 225824
alloc_pos 225920
alloc_pos 226096
alloc_pos 226136
alloc_pos 226188
alloc_pos 226340
alloc_pos 226468
alloc_pos 226532
alloc_pos 226748
alloc_pos 226856
alloc_pos 226916
alloc_pos 227176
alloc_pos 227324
alloc_pos 227452
alloc_pos 227484
alloc_pos 227676
alloc_pos 227716
alloc_pos 227932
alloc_pos 228096
alloc_pos 228264
alloc_pos 228488
alloc_pos 228736
alloc_pos 228968
alloc_pos 229072
alloc_pos 229180
alloc_pos 229380
alloc_pos 229492
alloc_pos 229668
alloc_pos 229816
alloc_pos 229988
alloc_pos 230216
alloc_pos 230356
alloc_pos 230396
alloc_pos 230632
alloc_pos 230676
alloc_pos 230940
alloc_pos 231032
alloc_pos 231176
alloc_pos 231376
alloc_pos 231568
alloc_pos 231608
alloc_pos 231644
alloc_pos 231852
alloc_pos 232052
alloc_pos 232152
alloc_pos 232340
alloc_pos 232508
alloc_pos 232704
alloc_pos 232936
alloc_pos 233072
alloc_pos 233168
alloc_pos 233372
alloc_pos 233492
alloc_pos 233740
alloc_pos 233932
alloc_pos 234044
alloc_pos 234072
alloc_pos 234336
alloc_pos 234476
alloc_pos 234588
alloc_pos 234652
alloc_pos 234832
alloc_pos 234884
alloc_pos 235032
alloc_pos 235068
alloc_pos 235144
alloc_pos 235364
alloc_pos 235460
alloc_pos 235516
alloc_pos 235728
alloc_pos 235812
alloc_pos 235936
alloc_pos 236060
alloc_pos 236316
alloc_pos 236560
alloc_pos 236708
alloc_pos 236752
alloc_pos 236816
alloc_pos 236952
alloc_pos 237076
alloc_pos 237240
alloc_pos 237332
alloc_pos 237580
alloc_pos 237636
alloc_pos 237868
alloc_pos 238000
alloc_pos 238244
alloc_pos 238408
alloc_pos 238500
alloc_pos 238704
alloc_pos 238832
alloc_pos 238944
alloc_pos 239140
alloc_pos 239388
alloc_pos 239508
alloc_pos 239588
alloc_pos 239648
alloc_pos 239692
alloc_pos 239760
alloc_pos 239820
alloc_pos 239900
alloc_pos 240092
alloc_pos 240172
alloc_pos 240196
alloc_pos 240344
alloc_pos 240580
alloc_pos 240752
alloc_pos 240820
alloc_pos 240908
alloc_pos 241004
alloc_pos 241028
alloc_pos 241088
alloc_pos 241216
alloc_pos 241376
alloc_pos 241492
alloc_pos 241672
alloc_pos 241840
alloc_pos 241944
alloc_pos 242208
alloc_pos 242264
alloc_pos 242464
alloc_pos 242704
alloc_pos 242856
alloc_pos 243120
alloc_pos 243300
alloc_pos 243488
alloc_pos 243684
alloc_pos 243896
alloc_pos 243932
alloc_pos 244072
alloc_pos 244324
alloc_pos 244568
alloc_pos 244788
alloc_pos 245052
alloc_pos 245296
alloc_pos 245492
alloc_pos 245720
alloc_pos 245884
alloc_pos 246008
alloc_pos 246132
alloc_pos 246256
alloc_pos 246380
alloc_pos 246428
alloc_pos 246572
alloc_pos 246756
alloc_pos 246880
alloc_pos 246916
alloc_pos 246988
alloc_pos 247028
alloc_pos 247104
alloc_pos 247240
alloc_pos 247304
alloc_pos 247356
alloc_pos 247464
alloc_pos 247640
alloc_pos 247676
alloc_pos 247724
alloc_pos 247748
alloc_pos 247916
alloc_pos 247976
alloc_pos 248080
alloc_pos 248344
alloc_pos 248404
alloc_pos 248528
alloc_pos 248716
alloc_pos 248752
alloc_pos 248792
alloc_pos 249024
alloc_pos 249184
alloc_pos 249232
alloc_pos 249348
alloc_pos 249520
alloc_pos 249556
alloc_pos 249812
alloc_pos 249964
alloc_pos 250040
alloc_pos 250072
alloc_pos 250116
alloc_pos 250248
alloc_pos 250376
alloc_pos 250416
alloc_pos 250500
alloc_pos 250544
alloc_pos 250708
alloc_pos 250840
alloc_pos 250876
alloc_pos 251108
alloc_pos 251276
alloc_pos 251328
alloc_pos 251592
alloc_pos 251672
alloc_pos 251856
alloc_pos 252040
alloc_pos 252212
alloc_pos 252476
alloc_pos 252512
alloc_pos 252680
alloc_pos 252852
alloc_pos 252976
alloc_pos 253012
alloc_pos 253092
alloc_pos 253124
alloc_pos 253288
alloc_pos 253528
alloc_pos 253584
alloc_pos 253680
alloc_pos 253808
alloc_pos 253868
alloc_pos 254028
alloc_pos 254080
alloc_pos 254248
alloc_pos 254348
alloc_pos 254512
alloc_pos 254744
alloc_pos 254940
alloc_pos 255008
alloc_pos 255056
alloc_pos 255228
alloc_pos 255396
alloc_pos 255580
alloc_pos 255652
alloc_pos 255768
alloc_pos 255816
alloc_pos 255980
alloc_pos 256184
alloc_pos 256224
alloc_pos 256392
alloc_pos 256428
alloc_pos 256608
alloc_pos 256684
alloc_pos 256832
alloc_pos 257028
alloc_pos 257188
alloc_pos 257320
alloc_pos 257540
alloc_pos 257644
alloc_pos 257784
alloc_pos 257956
alloc_pos 258216
alloc_pos 258356
alloc_pos 258472
alloc_pos 258572
alloc_pos 258656
alloc_pos 258880
alloc_pos 258948
alloc_pos 259148
alloc_pos 259368
alloc_pos 259452
alloc_pos 259496
alloc_pos 259664
alloc_pos 259764
alloc_pos 259920
alloc_pos 260068
alloc_pos 260316
alloc_pos 260424
alloc_pos 260632
alloc_pos 260768
alloc_pos 260864
alloc_pos 261040
alloc_pos 261080
alloc_pos 261132
alloc_pos 261284
alloc_pos 261412
alloc_pos 261476
alloc_pos 261692
alloc_pos 261800
alloc_pos 261860
alloc_pos -1

