reason: unexpected exit code -6
--- stdout ---
CHENEY GENERATOR!
--- stderr ---
alloc_pos 8
alloc_pos 1040
alloc_pos 2072
alloc_pos 3104
alloc_pos 4136
alloc_pos 5168
alloc_pos 5432
alloc_pos 5616
alloc_pos 5668
alloc_pos 5696
alloc_pos 5908
alloc_pos 6000
alloc_pos 6084
alloc_pos 6164
alloc_pos 6220
alloc_pos 6432
alloc_pos 6480
alloc_pos 6676
alloc_pos 6888
alloc_pos 7140
alloc_pos 7300
alloc_pos 7344
alloc_pos 7516
alloc_pos 7648
alloc_pos 7680
alloc_pos 7708
alloc_pos 7752
alloc_pos 7828
alloc_pos 7908
alloc_pos 8060
alloc_pos 8236
alloc_pos 8264
alloc_pos 8428
alloc_pos 8500
alloc_pos 8704
alloc_pos 8892
alloc_pos 9092
alloc_pos 9252
alloc_pos 9380
alloc_pos 9460
alloc_pos 9596
alloc_pos 9768
alloc_pos 9860
alloc_pos 10088
alloc_pos 10332
alloc_pos 10356
alloc_pos 10572
alloc_pos 10800
alloc_pos 10864
alloc_pos 11064
alloc_pos 11196
alloc_pos 11304
alloc_pos 11396
alloc_pos 11456
alloc_pos 11532
alloc_pos 11748
alloc_pos 11856
alloc_pos 11904
alloc_pos 11948
alloc_pos 12068
alloc_pos 12116
alloc_pos 12228
alloc_pos 12468
alloc_pos 12580
alloc_pos 12756
alloc_pos 12844
alloc_pos 13072
alloc_pos 13104
alloc_pos 13312
alloc_pos 13452
alloc_pos 13612
alloc_pos 13664
alloc_pos 13924
alloc_pos 14044
alloc_pos 14088
alloc_pos 14252
alloc_pos 14348
alloc_pos 14584
alloc_pos 14768
alloc_pos 14948
alloc_pos 15196
alloc_pos 15440
alloc_pos 15556
alloc_pos 15724
alloc_pos 15796
alloc_pos 16000
alloc_pos 16040
alloc_pos 16072
alloc_pos 16264
alloc_pos 16344
alloc_pos 16564
alloc_pos 16660
alloc_pos 16704
alloc_pos 16944
alloc_pos 17024
alloc_pos 17268
alloc_pos 17316
alloc_pos 17436
alloc_pos 17528
alloc_pos 17668
alloc_pos 17852
alloc_pos 18088
alloc_pos 18204
alloc_pos 18268
alloc_pos 18384
alloc_pos 18496
alloc_pos 18572
alloc_pos 18764
alloc_pos 18856
alloc_pos 19056
alloc_pos 19316
alloc_pos 19512
alloc_pos 19700
alloc_pos 19740
alloc_pos 19916
alloc_pos 20100
alloc_pos 20164
alloc_pos 20324
alloc_pos 20532
alloc_pos 20616
alloc_pos 20680
alloc_pos 20820
alloc_pos 20940
alloc_pos 21032
alloc_pos 21292
alloc_pos 21476
alloc_pos 21676
alloc_pos 21840
alloc_pos 21920
alloc_pos 22116
alloc_pos 22220
alloc_pos 22456
alloc_pos 22676
alloc_pos 22896
alloc_pos 22932
alloc_pos 23012
alloc_pos 23244
alloc_pos 23276
alloc_pos 23504
alloc_pos 23608
alloc_pos 23732
alloc_pos 23824
alloc_pos 23864
alloc_pos 23940
alloc_pos 24196
alloc_pos 24460
alloc_pos 24628
alloc_pos 24876
alloc_pos 25080
alloc_pos 25184
alloc_pos 25260
alloc_pos 25448
alloc_pos 25596
alloc_pos 25720
alloc_pos 25968
alloc_pos 26224
alloc_pos 26412
alloc_pos 26552
alloc_pos 26612
alloc_pos 26700
alloc_pos 26756
alloc_pos 26840
alloc_pos 27052
alloc_pos 27216
alloc_pos 27376
alloc_pos 27464
alloc_pos 27676
alloc_pos 27848
alloc_pos 27980
alloc_pos 28232
alloc_pos 28404
alloc_pos 28528
alloc_pos 28644
alloc_pos 28724
alloc_pos 28780
alloc_pos 28932
alloc_pos 29080
alloc_pos 29124
alloc_pos 29340
alloc_pos 29376
alloc_pos 29620
alloc_pos 29672
alloc_pos 29732
alloc_pos 29916
alloc_pos 29980
alloc_pos 30204
alloc_pos 30400
alloc_pos 30532
alloc_pos 30708
alloc_pos 30748
alloc_pos 30868
alloc_pos 30988
alloc_pos 31164
alloc_pos 31304
alloc_pos 31460
alloc_pos 31548
alloc_pos 31712
alloc_pos 31956
alloc_pos 32220
alloc_pos 32244
alloc_pos 32440
alloc_pos 32648
alloc_pos 32700
alloc_pos 32896
alloc_pos 33144
alloc_pos 33304
alloc_pos 33520
alloc_pos 33612
alloc_pos 33832
alloc_pos 34020
alloc_pos 34128
alloc_pos 34180
alloc_pos 34276
alloc_pos 34408
alloc_pos 34472
alloc_pos 34612
alloc_pos 34636
alloc_pos 34844
alloc_pos 35092
alloc_pos 35300
alloc_pos 35388
alloc_pos 35540
alloc_pos 35756
alloc_pos 35824
alloc_pos 35976
alloc_pos 36232
alloc_pos 36280
alloc_pos 36524
alloc_pos 36708
alloc_pos 36808
alloc_pos 37044
alloc_pos 37228
alloc_pos 37380
alloc_pos 37556
alloc_pos 37628
alloc_pos 37688
alloc_pos 37804
alloc_pos 38020
alloc_pos 38084
alloc_pos 38244
alloc_pos 38464
alloc_pos 38724
alloc_pos 38880
alloc_pos 39136
alloc_pos 39160
alloc_pos 39336
alloc_pos 39440
alloc_pos 39588
alloc_pos 39616
alloc_pos 39668
alloc_pos 39928
alloc_pos 40044
alloc_pos 40292
alloc_pos 40528
alloc_pos 40756
alloc_pos 40856
alloc_pos 40940
alloc_pos 40976
alloc_pos 41060
alloc_pos 41308
alloc_pos 41476
alloc_pos 41740
alloc_pos 41784
alloc_pos 41968
alloc_pos 42020
alloc_pos 42048
alloc_pos 42260
alloc_pos 42352
alloc_pos 42436
alloc_pos 42516
alloc_pos 42572
alloc_pos 42784
alloc_pos 42832
alloc_pos 43028
alloc_pos 43240
alloc_pos 43492
alloc_pos 43652
alloc_pos 43696
alloc_pos 43868
alloc_pos 44000
alloc_pos 44032
alloc_pos 44060
alloc_pos 44104
alloc_pos 44180
alloc_pos 44260
alloc_pos 44412
alloc_pos 44588
alloc_pos 44616
alloc_pos 44780
alloc_pos 44852
alloc_pos 45056
alloc_pos 45244
alloc_pos 45444
alloc_pos 45604
alloc_pos 45732
alloc_pos 45812
alloc_pos 45948
alloc_pos 46120
alloc_pos 46212
alloc_pos 46440
alloc_pos 46684
alloc_pos 46708
alloc_pos 46924
alloc_pos 47152
alloc_pos 47216
alloc_pos 47416
alloc_pos 47548
alloc_pos 47656
alloc_pos 47748
alloc_pos 47808
alloc_pos 47884
alloc_pos 48100
alloc_pos 48208
alloc_pos 48256
alloc_pos 48300
alloc_pos 48420
alloc_pos 48468
alloc_pos 48580
alloc_pos 48820
alloc_pos 48932
alloc_pos 49108
alloc_pos 49196
alloc_pos 49424
alloc_pos 49456
alloc_pos 49664
alloc_pos 49804
alloc_pos 49964
alloc_pos 50016
alloc_pos 50276
alloc_pos 50396
alloc_pos 50440
alloc_pos 50604
alloc_pos 50700
alloc_pos 50936
alloc_pos 51120
alloc_pos 51300
alloc_pos 51548
alloc_pos 51792
alloc_pos 51908
alloc_pos 52076
alloc_pos 52148
alloc_pos 52352
alloc_pos 52392
alloc_pos 52424
alloc_pos 52616
alloc_pos 52696
alloc_pos 52916
alloc_pos 53012
alloc_pos 53056
alloc_pos 53296
alloc_pos 53376
alloc_pos 53620
alloc_pos 53668
alloc_pos 53788
alloc_pos 53880
alloc_pos 54020
alloc_pos 54204
alloc_pos 54440
alloc_pos 54556
alloc_pos 54620
alloc_pos 54736
alloc_pos 54848
alloc_pos 54924
alloc_pos 55116
alloc_pos 55208
alloc_pos 55408
alloc_pos 55668
alloc_pos 55864
alloc_pos 56052
alloc_pos 56092
alloc_pos 56268
alloc_pos 56452
alloc_pos 56516
alloc_pos 56676
alloc_pos 56884
alloc_pos 56968
alloc_pos 57032
alloc_pos 57172
alloc_pos 57292
alloc_pos 57384
alloc_pos 57644
alloc_pos 57828
alloc_pos 58028
alloc_pos 58192
alloc_pos 58272
alloc_pos 58468
alloc_pos 58572
alloc_pos 58808
alloc_pos 59028
alloc_pos 59248
alloc_pos 59284
alloc_pos 59364
alloc_pos 59596
alloc_pos 59628
alloc_pos 59856
alloc_pos 59960
alloc_pos 60084
alloc_pos 60176
alloc_pos 60216
alloc_pos 60292
alloc_pos 60548
alloc_pos 60812
alloc_pos 60980
alloc_pos 61228
alloc_pos 61432
alloc_pos 61536
alloc_pos 61612
alloc_pos 61800
alloc_pos 61948
alloc_pos 62072
alloc_pos 62320
alloc_pos 62576
alloc_pos 62764
alloc_pos 62904
alloc_pos 62964
alloc_pos 63052
alloc_pos 63108
alloc_pos 63192
alloc_pos 63404
alloc_pos 63568
alloc_pos 63728
alloc_pos 63816
alloc_pos 64028
alloc_pos 64200
alloc_pos 64332
alloc_pos 64584
alloc_pos 64756
alloc_pos 64880
alloc_pos 64996
alloc_pos 65076
alloc_pos 65132
alloc_pos 65284
alloc_pos 65432
alloc_pos 65476
alloc_pos 65692
alloc_pos 65728
alloc_pos 65972
alloc_pos 66024
alloc_pos 66084
alloc_pos 66268
alloc_pos 66332
alloc_pos 66556
alloc_pos 66752
alloc_pos 66884
alloc_pos 67060
alloc_pos 67100
alloc_pos 67220
alloc_pos 67340
alloc_pos 67516
alloc_pos 67656
alloc_pos 67812
alloc_pos 67900
alloc_pos 68064
alloc_pos 68308
alloc_pos 68572
alloc_pos 68596
alloc_pos 68792
alloc_pos 69000
alloc_pos 69052
alloc_pos 69248
alloc_pos 69496
alloc_pos 69656
alloc_pos 69872
alloc_pos 69964
alloc_pos 70184
alloc_pos 70372
alloc_pos 70480
alloc_pos 70532
alloc_pos 70628
alloc_pos 70760
alloc_pos 70824
alloc_pos 70964
alloc_pos 70988
alloc_pos 71196
alloc_pos 71444
alloc_pos 71652
alloc_pos 71740
alloc_pos 71892
alloc_pos 72108
alloc_pos 72176
alloc_pos 72328
alloc_pos 72584
alloc_pos 72632
alloc_pos 72876
alloc_pos 73060
alloc_pos 73160
alloc_pos 73396
alloc_pos 73580
alloc_pos 73732
alloc_pos 73908
alloc_pos 73980
alloc_pos 74040
alloc_pos 74156
alloc_pos 74372
alloc_pos 74436
alloc_pos 74596
alloc_pos 74816
alloc_pos 75076
alloc_pos 75232
alloc_pos 75488
alloc_pos 75512
alloc_pos 75688
alloc_pos 75792
alloc_pos 75940
alloc_pos 75968
alloc_pos 76020
alloc_pos 76280
alloc_pos 76396
alloc_pos 76644
alloc_pos 76880
alloc_pos 77108
alloc_pos 77208
alloc_pos 77292
alloc_pos 77328
alloc_pos 77412
alloc_pos 77660
alloc_pos 77828
alloc_pos 78092
alloc_pos 78136
alloc_pos 78320
alloc_pos 78372
alloc_pos 78400
alloc_pos 78612
alloc_pos 78704
alloc_pos 78788
alloc_pos 78868
alloc_pos 78924
alloc_pos 79136
alloc_pos 79184
alloc_pos 79380
alloc_pos 79592
alloc_pos 79844
alloc_pos 80004
alloc_pos 80048
alloc_pos 80220
alloc_pos 80352
alloc_pos 80384
alloc_pos 80412
alloc_pos 80456
alloc_pos 80532
alloc_pos 80612
alloc_pos 80764
alloc_pos 80940
alloc_pos 80968
alloc_pos 81132
alloc_pos 81204
alloc_pos 81408
alloc_pos 81596
alloc_pos 81796
alloc_pos 81956
alloc_pos 82084
alloc_pos 82164
alloc_pos 82300
alloc_pos 82472
alloc_pos 82564
alloc_pos 82792
alloc_pos 83036
alloc_pos 83060
alloc_pos 83276
alloc_pos 83504
alloc_pos 83568
alloc_pos 83768
alloc_pos 83900
alloc_pos 84008
alloc_pos 84100
alloc_pos 84160
alloc_pos 84236
alloc_pos 84452
alloc_pos 84560
alloc_pos 84608
alloc_pos 84652
alloc_pos 84772
alloc_pos 84820
alloc_pos 84932
alloc_pos 85172
alloc_pos 85284
alloc_pos 85460
alloc_pos 85548
alloc_pos 85776
alloc_pos 85808
alloc_pos 86016
alloc_pos 86156
alloc_pos 86316
alloc_pos 86368
alloc_pos 86628
alloc_pos 86748
alloc_pos 86792
alloc_pos 86956
alloc_pos 87052
alloc_pos 87288
alloc_pos 87472
alloc_pos 87652
alloc_pos 87900
alloc_pos 88144
alloc_pos 88260
alloc_pos 88428
alloc_pos 88500
alloc_pos 88704
alloc_pos 88744
alloc_pos 88776
alloc_pos 88968
alloc_pos 89048
alloc_pos 89268
alloc_pos 89364
alloc_pos 89408
alloc_pos 89648
alloc_pos 89728
alloc_pos 89972
alloc_pos 90020
alloc_pos 90140
alloc_pos 90232
alloc_pos 90372
alloc_pos 90556
alloc_pos 90792
alloc_pos 90908
alloc_pos 90972
alloc_pos 91088
alloc_pos 91200
alloc_pos 91276
alloc_pos 91468
alloc_pos 91560
alloc_pos 91760
alloc_pos 92020
alloc_pos 92216
alloc_pos 92404
alloc_pos 92444
alloc_pos 92620
alloc_pos 92804
alloc_pos 92868
alloc_pos 93028
alloc_pos 93236
alloc_pos 93320
alloc_pos 93384
alloc_pos 93524
alloc_pos 93644
alloc_pos 93736
alloc_pos 93996
alloc_pos 94180
alloc_pos 94380
alloc_pos 94544
alloc_pos 94624
alloc_pos 94820
alloc_pos 94924
alloc_pos 95160
alloc_pos 95380
alloc_pos 95600
alloc_pos 95636
alloc_pos 95716
alloc_pos 95948
alloc_pos 95980
alloc_pos 96208
alloc_pos 96312
alloc_pos 96436
alloc_pos 96528
alloc_pos 96568
alloc_pos 96644
alloc_pos 96900
alloc_pos 97164
alloc_pos 97332
alloc_pos 97580
alloc_pos 97784
alloc_pos 97888
alloc_pos 97964
alloc_pos 98152
alloc_pos 98300
alloc_pos 98424
alloc_pos 98672
alloc_pos 98928
alloc_pos 99116
alloc_pos 99256
alloc_pos 99316
alloc_pos 99404
alloc_pos 99460
alloc_pos 99544
alloc_pos 99756
alloc_pos 99920
alloc_pos 100080
alloc_pos 100168
alloc_pos 100380
alloc_pos 100552
alloc_pos 100684
alloc_pos 100936
alloc_pos 101108
alloc_pos 101232
alloc_pos 101348
alloc_pos 101428
alloc_pos 101484
alloc_pos 101636
alloc_pos 101784
alloc_pos 101828
alloc_pos 102044
alloc_pos 102080
alloc_pos 102324
alloc_pos 102376
alloc_pos 102436
alloc_pos 102620
alloc_pos 102684
alloc_pos 102908
alloc_pos 103104
alloc_pos 103236
alloc_pos 103412
alloc_pos 103452
alloc_pos 103572
alloc_pos 103692
alloc_pos 103868
alloc_pos 104008
alloc_pos 104164
alloc_pos 104252
alloc_pos 104416
alloc_pos 104660
alloc_pos 104924
alloc_pos 104948
alloc_pos 105144
alloc_pos 105352
alloc_pos 105404
alloc_pos 105600
alloc_pos 105848
alloc_pos 106008
alloc_pos 106224
alloc_pos 106316
alloc_pos 106536
alloc_pos 106724
alloc_pos 106832
alloc_pos 106884
alloc_pos 106980
alloc_pos 107112
alloc_pos 107176
alloc_pos 107316
alloc_pos 107340
alloc_pos 107548
alloc_pos 107796
alloc_pos 108004
alloc_pos 108092
alloc_pos 108244
alloc_pos 108460
alloc_pos 108528
alloc_pos 108680
alloc_pos 108936
alloc_pos 108984
alloc_pos 109228
alloc_pos 109412
alloc_pos 109512
alloc_pos 109748
alloc_pos 109932
alloc_pos 110084
alloc_pos 110260
alloc_pos 110332
alloc_pos 110392
alloc_pos 110508
alloc_pos 110724
alloc_pos 110788
alloc_pos 110948
alloc_pos 111168
alloc_pos 111428
alloc_pos 111584
alloc_pos 111840
alloc_pos 111864
alloc_pos 112040
alloc_pos 112144
alloc_pos 112292
alloc_pos 112320
alloc_pos 112372
alloc_pos 112632
alloc_pos 112748
alloc_pos 112996
alloc_pos 113232
alloc_pos 113460
alloc_pos 113560
alloc_pos 113644
alloc_pos 113680
alloc_pos 113764
alloc_pos 114012
alloc_pos 114180
alloc_pos 114444
alloc_pos 114488
alloc_pos 114672
alloc_pos 114724
alloc_pos 114752
alloc_pos 114964
alloc_pos 115056
alloc_pos 115140
alloc_pos 115220
alloc_pos 115276
alloc_pos 115488
alloc_pos 115536
alloc_pos 115732
alloc_pos 115944
alloc_pos 116196
alloc_pos 116356
alloc_pos 116400
alloc_pos 116572
alloc_pos 116704
alloc_pos 116736
alloc_pos 116764
alloc_pos 116808
alloc_pos 116884
alloc_pos 116964
alloc_pos 117116
alloc_pos 117292
alloc_pos 117320
alloc_pos 117484
alloc_pos 117556
alloc_pos 117760
alloc_pos 117948
alloc_pos 118148
alloc_pos 118308
alloc_pos 118436
alloc_pos 118516
alloc_pos 118652
alloc_pos 118824
alloc_pos 118916
alloc_pos 119144
alloc_pos 119388
alloc_pos 119412
alloc_pos 119628
alloc_pos 119856
alloc_pos 119920
alloc_pos 120120
alloc_pos 120252
alloc_pos 120360
alloc_pos 120452
alloc_pos 120512
alloc_pos 120588
alloc_pos 120804
alloc_pos 120912
alloc_pos 120960
alloc_pos 121004
alloc_pos 121124
alloc_pos 121172
alloc_pos 121284
alloc_pos 121524
alloc_pos 121636
alloc_pos 121812
alloc_pos 121900
alloc_pos 122128
alloc_pos 122160
alloc_pos 122368
alloc_pos 122508
alloc_pos 122668
alloc_pos 122720
alloc_pos 122980
alloc_pos 123100
alloc_pos 123144
alloc_pos 123308
alloc_pos 123404
alloc_pos 123640
alloc_pos 123824
alloc_pos 124004
alloc_pos 124252
alloc_pos 124496
alloc_pos 124612
alloc_pos 124780
alloc_pos 124852
alloc_pos 125056
alloc_pos 125096
alloc_pos 125128
alloc_pos 125320
alloc_pos 125400
alloc_pos 125620
alloc_pos 125716
alloc_pos 125760
alloc_pos 126000
alloc_pos 126080
alloc_pos 126324
alloc_pos 126372
alloc_pos 126492
alloc_pos 126584
alloc_pos 126724
alloc_pos 126908
alloc_pos 127144
alloc_pos 127260
alloc_pos 127324
alloc_pos 127440
alloc_pos 127552
alloc_pos 127628
alloc_pos 127820
alloc_pos 127912
alloc_pos 128112
alloc_pos 128372
alloc_pos 128568
alloc_pos 128756
alloc_pos 128796
alloc_pos 128972
alloc_pos 129156
alloc_pos 129220
alloc_pos 129380
alloc_pos 129588
alloc_pos 129672
alloc_pos 129736
alloc_pos 129876
alloc_pos 129996
alloc_pos 130088
alloc_pos 130348
alloc_pos 130532
alloc_pos 130732
alloc_pos 130896
alloc_pos 130976
alloc_pos 131172
alloc_pos 131276
alloc_pos 131512
alloc_pos 131732
alloc_pos 131952
alloc_pos 131988
alloc_pos 132068
alloc_pos 132300
alloc_pos 132332
alloc_pos 132560
alloc_pos 132664
alloc_pos 132788
alloc_pos 132880
alloc_pos 132920
alloc_pos 132996
alloc_pos 133252
alloc_pos 133516
alloc_pos 133684
alloc_pos 133932
alloc_pos 134136
alloc_pos 134240
alloc_pos 134316
alloc_pos 134504
alloc_pos 134652
alloc_pos 134776
alloc_pos 135024
alloc_pos 135280
alloc_pos 135468
alloc_pos 135608
alloc_pos 135668
alloc_pos 135756
alloc_pos 135812
alloc_pos 135896
alloc_pos 136108
alloc_pos 136272
alloc_pos 136432
alloc_pos 136520
alloc_pos 136732
alloc_pos 136904
alloc_pos 137036
alloc_pos 137288
alloc_pos 137460
alloc_pos 137584
alloc_pos 137700
alloc_pos 137780
alloc_pos 137836
alloc_pos 137988
alloc_pos 138136
alloc_pos 138180
alloc_pos 138396
alloc_pos 138432
alloc_pos 138676
alloc_pos 138728
alloc_pos 138788
alloc_pos 138972
alloc_pos 139036
alloc_pos 139260
alloc_pos 139456
alloc_pos 139588
alloc_pos 139764
alloc_pos 139804
alloc_pos 139924
alloc_pos 140044
alloc_pos 140220
alloc_pos 140360
alloc_pos 140516
alloc_pos 140604
alloc_pos 140768
alloc_pos 141012
alloc_pos 141276
alloc_pos 141300
alloc_pos 141496
alloc_pos 141704
alloc_pos 141756
alloc_pos 141952
alloc_pos 142200
alloc_pos 142360
alloc_pos 142576
alloc_pos 142668
alloc_pos 142888
alloc_pos 143076
alloc_pos 143184
alloc_pos 143236
alloc_pos 143332
alloc_pos 143464
alloc_pos 143528
alloc_pos 143668
alloc_pos 143692
alloc_pos 143900
alloc_pos 144148
alloc_pos 144356
alloc_pos 144444
alloc_pos 144596
alloc_pos 144812
alloc_pos 144880
alloc_pos 145032
alloc_pos 145288
alloc_pos 145336
alloc_pos 145580
alloc_pos 145764
alloc_pos 145864
alloc_pos 146100
alloc_pos 146284
alloc_pos 146436
alloc_pos 146612
alloc_pos 146684
alloc_pos 146744
alloc_pos 146860
alloc_pos 147076
alloc_pos 147140
alloc_pos 147300
alloc_pos 147520
alloc_pos 147780
alloc_pos 147936
alloc_pos 148192
alloc_pos 148216
alloc_pos 148392
alloc_pos 148496
alloc_pos 148644
alloc_pos 148672
alloc_pos 148724
alloc_pos 148984
alloc_pos 149100
alloc_pos 149348
alloc_pos 149584
alloc_pos 149812
alloc_pos 149912
alloc_pos 149996
alloc_pos 150032
alloc_pos 150116
alloc_pos 150364
alloc_pos 150532
alloc_pos 150796
alloc_pos 150840
alloc_pos 151024
alloc_pos 151076
alloc_pos 151104
alloc_pos 151316
alloc_pos 151408
alloc_pos 151492
alloc_pos 151572
alloc_pos 151628
alloc_pos 151840
alloc_pos 151888
alloc_pos 152084
alloc_pos 152296
alloc_pos 152548
alloc_pos 152708
alloc_pos 152752
alloc_pos 152924
alloc_pos 153056
alloc_pos 153088
alloc_pos 153116
alloc_pos 153160
alloc_pos 153236
alloc_pos 153316
alloc_pos 153468
alloc_pos 153644
alloc_pos 153672
alloc_pos 153836
alloc_pos 153908
alloc_pos 154112
alloc_pos 154300
alloc_pos 154500
alloc_pos 154660
alloc_pos 154788
alloc_pos 154868
alloc_pos 155004
alloc_pos 155176
alloc_pos 155268
alloc_pos 155496
alloc_pos 155740
alloc_pos 155764
alloc_pos 155980
alloc_pos 156208
alloc_pos 156272
alloc_pos 156472
alloc_pos 156604
alloc_pos 156712
alloc_pos 156804
alloc_pos 156864
alloc_pos 156940
alloc_pos 157156
alloc_pos 157264
alloc_pos 157312
alloc_pos 157356
alloc_pos 157476
alloc_pos 157524
alloc_pos 157636
alloc_pos 157876
alloc_pos 157988
alloc_pos 158164
alloc_pos 158252
alloc_pos 158480
alloc_pos 158512
alloc_pos 158720
alloc_pos 158860
alloc_pos 159020
alloc_pos 159072
alloc_pos 159332
alloc_pos 159452
alloc_pos 159496
alloc_pos 159660
alloc_pos 159756
alloc_pos 159992
alloc_pos 160176
alloc_pos 160356
alloc_pos 160604
alloc_pos 160848
alloc_pos 160964
alloc_pos 161132
alloc_pos 161204
alloc_pos 161408
alloc_pos 161448
alloc_pos 161480
alloc_pos 161672
alloc_pos 161752
alloc_pos 161972
alloc_pos 162068
alloc_pos 162112
alloc_pos 162352
alloc_pos 162432
alloc_pos 162676
alloc_pos 162724
alloc_pos 162844
alloc_pos 162936
alloc_pos 163076
alloc_pos 163260
alloc_pos 163496
alloc_pos 163612
alloc_pos 163676
alloc_pos 163792
alloc_pos 163904
alloc_pos 163980
alloc_pos 164172
alloc_pos 164264
alloc_pos 164464
alloc_pos 164724
alloc_pos 164920
alloc_pos 165108
alloc_pos 165148
alloc_pos 165324
alloc_pos 165508
alloc_pos 165572
alloc_pos 165732
alloc_pos 165940
alloc_pos 166024
alloc_pos 166088
alloc_pos 166228
alloc_pos 166348
alloc_pos 166440
alloc_pos 166700
alloc_pos 166884
alloc_pos 167084
alloc_pos 167248
alloc_pos 167328
alloc_pos 167524
alloc_pos 167628
alloc_pos 167864
alloc_pos 168084
alloc_pos 168304
alloc_pos 168340
alloc_pos 168420
alloc_pos 168652
alloc_pos 168684
alloc_pos 168912
alloc_pos 169016
alloc_pos 169140
alloc_pos 169232
alloc_pos 169272
alloc_pos 169348
alloc_pos 169604
alloc_pos 169868
alloc_pos 170036
alloc_pos 170284
alloc_pos 170488
alloc_pos 170592
alloc_pos 170668
alloc_pos 170856
alloc_pos 171004
alloc_pos 171128
alloc_pos 171376
alloc_pos 171632
alloc_pos 171820
alloc_pos 171960
alloc_pos 172020
alloc_pos 172108
alloc_pos 172164
alloc_pos 172248
alloc_pos 172460
alloc_pos 172624
alloc_pos 172784
alloc_pos 172872
alloc_pos 173084
alloc_pos 173256
alloc_pos 173388
alloc_pos 173640
alloc_pos 173812
alloc_pos 173936
alloc_pos 174052
alloc_pos 174132
alloc_pos 174188
alloc_pos 174340
alloc_pos 174488
alloc_pos 174532
alloc_pos 174748
alloc_pos 174784
alloc_pos 175028
alloc_pos 175080
alloc_pos 175140
alloc_pos 175324
alloc_pos 175388
alloc_pos 175612
alloc_pos 175808
alloc_pos 175940
alloc_pos 176116
alloc_pos 176156
alloc_pos 176276
alloc_pos 176396
alloc_pos 176572
alloc_pos 176712
alloc_pos 176868
alloc_pos 176956
alloc_pos 177120
alloc_pos 177364
alloc_pos 177628
alloc_pos 177652
alloc_pos 177848
alloc_pos 178056
alloc_pos 178108
alloc_pos 178304
alloc_pos 178552
alloc_pos 178712
alloc_pos 178928
alloc_pos 179020
alloc_pos 179240
alloc_pos 179428
alloc_pos 179536
alloc_pos 179588
alloc_pos 179684
alloc_pos 179816
alloc_pos 179880
alloc_pos 180020
alloc_pos 180044
alloc_pos 180252
alloc_pos 180500
alloc_pos 180708
alloc_pos 180796
alloc_pos 180948
alloc_pos 181164
alloc_pos 181232
alloc_pos 181384
alloc_pos 181640
alloc_pos 181688
alloc_pos 181932
alloc_pos 182116
alloc_pos 182216
alloc_pos 182452
alloc_pos 182636
alloc_pos 182788
alloc_pos 182964
alloc_pos 183036
alloc_pos 183096
alloc_pos 183212
alloc_pos 183428
alloc_pos 183492
alloc_pos 183652
alloc_pos 183872
alloc_pos 184132
alloc_pos 184288
alloc_pos 184544
alloc_pos 184568
alloc_pos 184744
alloc_pos 184848
alloc_pos 184996
alloc_pos 185024
alloc_pos 185076
alloc_pos 185336
alloc_pos 185452
alloc_pos 185700
alloc_pos 185936
alloc_pos 186164
alloc_pos 186264
alloc_pos 186348
alloc_pos 186384
alloc_pos 186468
alloc_pos 186716
alloc_pos 186884
alloc_pos 187148
alloc_pos 187192
alloc_pos 187376
alloc_pos 187428
alloc_pos 187456
alloc_pos 187668
alloc_pos 187760
alloc_pos 187844
alloc_pos 187924
alloc_pos 187980
alloc_pos 188192
alloc_pos 188240
alloc_pos 188436
alloc_pos 188648
alloc_pos 188900
alloc_pos 189060
alloc_pos 189104
alloc_pos 189276
alloc_pos 189408
alloc_pos 189440
alloc_pos 189468
alloc_pos 189512
alloc_pos 189588
alloc_pos 189668
alloc_pos 189820
alloc_pos 189996
alloc_pos 190024
alloc_pos 190188
alloc_pos 190260
alloc_pos 190464
alloc_pos 190652
alloc_pos 190852
alloc_pos 191012
alloc_pos 191140
alloc_pos 191220
alloc_pos 191356
alloc_pos 191528
alloc_pos 191620
alloc_pos 191848
alloc_pos 192092
alloc_pos 192116
alloc_pos 192332
alloc_pos 192560
alloc_pos 192624
alloc_pos 192824
alloc_pos 192956
alloc_pos 193064
alloc_pos 193156
alloc_pos 193216
alloc_pos 193292
alloc_pos 193508
alloc_pos 193616
alloc_pos 193664
alloc_pos 193708
alloc_pos 193828
alloc_pos 193876
alloc_pos 193988
alloc_pos 194228
alloc_pos 194340
alloc_pos 194516
alloc_pos 194604
alloc_pos 194832
alloc_pos 194864
alloc_pos 195072
alloc_pos 195212
alloc_pos 195372
alloc_pos 195424
alloc_pos 195684
alloc_pos 195804
alloc_pos 195848
alloc_pos 196012
alloc_pos 196108
alloc_pos 196344
alloc_pos 196528
alloc_pos 196708
alloc_pos 196956
alloc_pos 197200
alloc_pos 197316
alloc_pos 197484
alloc_pos 197556
alloc_pos 197760
alloc_pos 197800
alloc_pos 197832
alloc_pos 198024
alloc_pos 198104
alloc_pos 198324
alloc_pos 198420
alloc_pos 198464
alloc_pos 198704
alloc_pos 198784
alloc_pos 199028
alloc_pos 199076
alloc_pos 199196
alloc_pos 199288
alloc_pos 199428
alloc_pos 199612
alloc_pos 199848
alloc_pos 199964
alloc_pos 200028
alloc_pos 200144
alloc_pos 200256
alloc_pos 200332
alloc_pos 200524
alloc_pos 200616
alloc_pos 200816
alloc_pos 201076
alloc_pos 201272
alloc_pos 201460
alloc_pos 201500
alloc_pos 201676
alloc_pos 201860
alloc_pos 201924
alloc_pos 202084
alloc_pos 202292
alloc_pos 202376
alloc_pos 202440
alloc_pos 202580
alloc_pos 202700
alloc_pos 202792
alloc_pos 203052
alloc_pos 203236
alloc_pos 203436
alloc_pos 203600
alloc_pos 203680
alloc_pos 203876
alloc_pos 203980
alloc_pos 204216
alloc_pos 204436
alloc_pos 204656
alloc_pos 204692
alloc_pos 204772
alloc_pos 205004
alloc_pos 205036
alloc_pos 205264
alloc_pos 205368
alloc_pos 205492
alloc_pos 205584
alloc_pos 205624
alloc_pos 205700
alloc_pos 205956
alloc_pos 206220
alloc_pos 206388
alloc_pos 206636
alloc_pos 206840
alloc_pos 206944
alloc_pos 207020
alloc_pos 207208
alloc_pos 207356
alloc_pos 207480
alloc_pos 207728
alloc_pos 207984
alloc_pos 208172
alloc_pos 208312
alloc_pos 208372
alloc_pos 208460
alloc_pos 208516
alloc_pos 208600
alloc_pos 208812
alloc_pos 208976
alloc_pos 209136
alloc_pos 209224
alloc_pos 209436
alloc_pos 209608
alloc_pos 209740
alloc_pos 209992
alloc_pos 210164
alloc_pos 210288
alloc_pos 210404
alloc_pos 210484
alloc_pos 210540
alloc_pos 210692
alloc_pos 210840
alloc_pos 210884
alloc_pos 211100
alloc_pos 211136
alloc_pos 211380
alloc_pos 211432
alloc_pos 211492
alloc_pos 211676
alloc_pos 211740
alloc_pos 211964
alloc_pos 212160
alloc_pos 212292
alloc_pos 212468
alloc_pos 212508
alloc_pos 212628
alloc_pos 212748
alloc_pos 212924
alloc_pos 213064
alloc_pos 213220
alloc_pos 213308
alloc_pos 213472
alloc_pos 213716
alloc_pos 213980
alloc_pos 214004
alloc_pos 214200
alloc_pos 214408
alloc_pos 214460
alloc_pos 214656
alloc_pos 214904
alloc_pos 215064
alloc_pos 215280
alloc_pos 215372
alloc_pos 215592
alloc_pos 215780
alloc_pos 215888
alloc_pos 215940
alloc_pos 216036
alloc_pos 216168
alloc_pos 216232
alloc_pos 216372
alloc_pos 216396
alloc_pos 216604
alloc_pos 216852
alloc_pos 217060
alloc_pos 217148
alloc_pos 217300
alloc_pos 217516
alloc_pos 217584
alloc_pos 217736
alloc_pos 217992
alloc_pos 218040
alloc_pos 218284
alloc_pos 218468
alloc_pos 218568
alloc_pos 218804
alloc_pos 218988
alloc_pos 219140
alloc_pos 219316
alloc_pos 219388
alloc_pos 219448
alloc_pos 219564
alloc_pos 219780
alloc_pos 219844
alloc_pos 220004
alloc_pos 220224
alloc_pos 220484
alloc_pos 220640
alloc_pos 220896
alloc_pos 220920
alloc_pos 221096
alloc_pos 221200
alloc_pos 221348
alloc_pos 221376
alloc_pos 221428
alloc_pos 221688
alloc_pos 221804
alloc_pos 222052
alloc_pos 222288
alloc_pos 222516
alloc_pos 222616
alloc_pos 222700
alloc_pos 222736
alloc_pos 222820
alloc_pos 223068
alloc_pos 223236
alloc_pos 223500
alloc_pos 223544
alloc_pos 223728
alloc_pos 223780
alloc_pos 223808
alloc_pos 224020
alloc_pos 224112
alloc_pos 224196
alloc_pos 224276
alloc_pos 224332
alloc_pos 224544
alloc_pos 224592
alloc_pos 224788
alloc_pos 225000
alloc_pos 225252
alloc_pos 225412
alloc_pos 225456
alloc_pos 225628
alloc_pos 225760
alloc_pos 225792
alloc_pos 225820
alloc_pos 225864
alloc_pos 225940
alloc_pos 226020
alloc_pos 226172
alloc_pos 226348
alloc_pos 226376
alloc_pos 226540
alloc_pos 226612
alloc_pos 226816
alloc_pos 227004
alloc_pos 227204
alloc_pos 227364
alloc_pos 227492
alloc_pos 227572
alloc_pos 227708
alloc_pos 227880
alloc_pos 227972
alloc_pos 228200
alloc_pos 228444
alloc_pos 228468
alloc_pos 228684
alloc_pos 228912
alloc_pos 228976
alloc_pos 229176
alloc_pos 229308
alloc_pos 229416
alloc_pos 229508
alloc_pos 229568
alloc_pos 229644
alloc_pos 229860
alloc_pos 229968
alloc_pos 230016
alloc_pos 230060
alloc_pos 230180
alloc_pos 230228
alloc_pos 230340
alloc_pos 230580
alloc_pos 230692
alloc_pos 230868
alloc_pos 230956
alloc_pos 231184
alloc_pos 231216
alloc_pos 231424
alloc_pos 231564
alloc_pos 231724
alloc_pos 231776
alloc_pos 232036
alloc_pos 232156
alloc_pos 232200
alloc_pos 232364
alloc_pos 232460
alloc_pos 232696
alloc_pos 232880
alloc_pos 233060
alloc_pos 233308
alloc_pos 233552
alloc_pos 233668
alloc_pos 233836
alloc_pos 233908
alloc_pos 234112
alloc_pos 234152
alloc_pos 234184
alloc_pos 234376
alloc_pos 234456
alloc_pos 234676
alloc_pos 234772
alloc_pos 234816
alloc_pos 235056
alloc_pos 235136
alloc_pos 235380
alloc_pos 235428
alloc_pos 235548
alloc_pos 235640
alloc_pos 235780
alloc_pos 235964
alloc_pos 236200
alloc_pos 236316
alloc_pos 236380
alloc_pos 236496
alloc_pos 236608
alloc_pos 236684
alloc_pos 236876
alloc_pos 236968
alloc_pos 237168
alloc_pos 237428
alloc_pos 237624
alloc_pos 237812
alloc_pos 237852
alloc_pos 238028
alloc_pos 238212
alloc_pos 238276
alloc_pos 238436
alloc_pos 238644
alloc_pos 238728
alloc_pos 238792
alloc_pos 238932
alloc_pos 239052
alloc_pos 239144
alloc_pos 239404
alloc_pos 239588
alloc_pos 239788
alloc_pos 239952
alloc_pos 240032
alloc_pos 240228
alloc_pos 240332
alloc_pos 240568
alloc_pos 240788
alloc_pos 241008
alloc_pos 241044
alloc_pos 241124
alloc_pos 241356
alloc_pos 241388
alloc_pos 241616
alloc_pos 241720
alloc_pos 241844
alloc_pos 241936
alloc_pos 241976
alloc_pos 242052
alloc_pos 242308
alloc_pos 242572
alloc_pos 242740
alloc_pos 242988
alloc_pos 243192
alloc_pos 243296
alloc_pos 243372
alloc_pos 243560
alloc_pos 243708
alloc_pos 243832
alloc_pos 244080
alloc_pos 244336
alloc_pos 244524
alloc_pos 244664
alloc_pos 244724
alloc_pos 244812
alloc_pos 244868
alloc_pos 244952
alloc_pos 245164
alloc_pos 245328
alloc_pos 245488
alloc_pos 245576
alloc_pos 245788
alloc_pos 245960
alloc_pos 246092
alloc_pos 246344
alloc_pos 246516
alloc_pos 246640
alloc_pos 246756
alloc_pos 246836
alloc_pos 246892
alloc_pos 247044
alloc_pos 247192
alloc_pos 247236
alloc_pos 247452
alloc_pos 247488
alloc_pos 247732
alloc_pos 247784
alloc_pos 247844
alloc_pos 248028
alloc_pos 248092
alloc_pos 248316
alloc_pos 248512
alloc_pos 248644
alloc_pos 248820
alloc_pos 248860
alloc_pos 248980
alloc_pos 249100
alloc_pos 249276
alloc_pos 249416
alloc_pos 249572
alloc_pos 249660
alloc_pos 249824
alloc_pos 250068
alloc_pos 250332
alloc_pos 250356
alloc_pos 250552
alloc_pos 250760
alloc_pos 250812
alloc_pos 251008
alloc_pos 251256
alloc_pos 251416
alloc_pos 251632
alloc_pos 251724
alloc_pos 251944
alloc_pos 252132
alloc_pos 252240
alloc_pos 252292
alloc_pos 252388
alloc_pos 252520
alloc_pos 252584
alloc_pos 252724
alloc_pos 252748
alloc_pos 252956
alloc_pos 253204
alloc_pos 253412
alloc_pos 253500
alloc_pos 253652
alloc_pos 253868
alloc_pos 253936
alloc_pos 254088
alloc_pos 254344
alloc_pos 254392
alloc_pos 254636
alloc_pos 254820
alloc_pos 254920
alloc_pos 255156
alloc_pos 255340
alloc_pos 255492
alloc_pos 255668
alloc_pos 255740
alloc_pos 255800
alloc_pos 255916
alloc_pos 256132
alloc_pos 256196
alloc_pos 256356
alloc_pos 256576
alloc_pos 256836
alloc_pos 256992
alloc_pos 257248
alloc_pos 257272
alloc_pos 257448
alloc_pos 257552
alloc_pos 257700
alloc_pos 257728
alloc_pos 257780
alloc_pos 258040
alloc_pos 258156
alloc_pos 258404
alloc_pos 258640
alloc_pos 258868
alloc_pos 258968
alloc_pos 259052
alloc_pos 259088
alloc_pos 259172
alloc_pos 259420
alloc_pos 259588
alloc_pos 259852
alloc_pos 259896
alloc_pos 260080
alloc_pos 260132
alloc_pos 260160
alloc_pos 260372
alloc_pos 260464
alloc_pos 260548
alloc_pos 260628
alloc_pos 260684
alloc_pos 260896
alloc_pos 260944
alloc_pos 261140
alloc_pos 261352
alloc_pos 261604
alloc_pos 261764
alloc_pos 261808
alloc_pos 261980
alloc_pos 262112
alloc_pos -1

