reason: unexpected exit code -6
--- stdout ---
CHENEY GENERATOR!
--- stderr ---
alloc_pos 8
alloc_pos 1040
alloc_pos 2072
alloc_pos 3104
alloc_pos 4136
alloc_pos 5168
alloc_pos 5432
alloc_pos 5500
alloc_pos 5524
alloc_pos 5672
alloc_pos 5712
alloc_pos 5924
alloc_pos 6080
alloc_pos 6224
alloc_pos 6480
alloc_pos 6724
alloc_pos 6972
alloc_pos 7036
alloc_pos 7188
alloc_pos 7408
alloc_pos 7640
alloc_pos 7860
alloc_pos 8088
alloc_pos 8172
alloc_pos 8248
alloc_pos 8340
alloc_pos 8384
alloc_pos 8416
alloc_pos 8492
alloc_pos 8564
alloc_pos 8736
alloc_pos 8776
alloc_pos 8972
alloc_pos 9120
alloc_pos 9184
alloc_pos 9336
alloc_pos 9548
alloc_pos 9596
alloc_pos 9764
alloc_pos 9872
alloc_pos 10012
alloc_pos 10036
alloc_pos 10188
alloc_pos 10244
alloc_pos 10488
alloc_pos 10664
alloc_pos 10776
alloc_pos 10960
alloc_pos 11016
alloc_pos 11072
alloc_pos 11272
alloc_pos 11456
alloc_pos 11596
alloc_pos 11840
alloc_pos 12060
alloc_pos 12136
alloc_pos 12268
alloc_pos 12296
alloc_pos 12520
alloc_pos 12584
alloc_pos 12724
alloc_pos 12864
alloc_pos 12964
alloc_pos 13064
alloc_pos 13156
alloc_pos 13232
alloc_pos 13360
alloc_pos 13476
alloc_pos 13728
alloc_pos 13836
alloc_pos 13944
alloc_pos 13976
alloc_pos 14112
alloc_pos 14272
alloc_pos 14364
alloc_pos 14468
alloc_pos 14540
alloc_pos 14736
alloc_pos 14972
alloc_pos 15028
alloc_pos 15084
alloc_pos 15304
alloc_pos 15464
alloc_pos 15572
alloc_pos 15772
alloc_pos 16024
alloc_pos 16128
alloc_pos 16360
alloc_pos 16584
alloc_pos 16824
alloc_pos 17036
alloc_pos 17236
alloc_pos 17276
alloc_pos 17300
alloc_pos 17516
alloc_pos 17760
alloc_pos 17996
alloc_pos 18080
alloc_pos 18332
alloc_pos 18468
alloc_pos 18600
alloc_pos 18828
alloc_pos 18928
alloc_pos 19000
alloc_pos 19072
alloc_pos 19232
alloc_pos 19440
alloc_pos 19680
alloc_pos 19772
alloc_pos 19820
alloc_pos 19976
alloc_pos 20132
alloc_pos 20376
alloc_pos 20492
alloc_pos 20584
alloc_pos 20644
alloc_pos 20768
alloc_pos 21024
alloc_pos 21260
alloc_pos 21420
alloc_pos 21448
alloc_pos 21576
alloc_pos 21672
alloc_pos 21904
alloc_pos 22160
alloc_pos 22400
alloc_pos 22504
alloc_pos 22720
alloc_pos 22860
alloc_pos 23108
alloc_pos 23368
alloc_pos 23424
alloc_pos 23484
alloc_pos 23688
alloc_pos 23756
alloc_pos 23880
alloc_pos 23984
alloc_pos 24200
alloc_pos 24380
alloc_pos 24556
alloc_pos 24820
alloc_pos 24944
alloc_pos 25024
alloc_pos 25240
alloc_pos 25320
alloc_pos 25408
alloc_pos 25512
alloc_pos 25776
alloc_pos 25868
alloc_pos 25908
alloc_pos 25964
alloc_pos 26124
alloc_pos 26384
alloc_pos 26420
alloc_pos 26568
alloc_pos 26604
alloc_pos 26640
alloc_pos 26784
alloc_pos 26828
alloc_pos 27060
alloc_pos 27200
alloc_pos 27360
alloc_pos 27520
alloc_pos 27556
alloc_pos 27716
alloc_pos 27852
alloc_pos 28084
alloc_pos 28232
alloc_pos 28424
alloc_pos 28524
alloc_pos 28556
alloc_pos 28760
alloc_pos 28864
alloc_pos 29092
alloc_pos 29292
alloc_pos 29460
alloc_pos 29700
alloc_pos 29940
alloc_pos 29972
alloc_pos 30232
alloc_pos 30396
alloc_pos 30588
alloc_pos 30732
alloc_pos 30808
alloc_pos 31008
alloc_pos 31192
alloc_pos 31372
alloc_pos 31524
alloc_pos 31724
alloc_pos 31756
alloc_pos 32012
alloc_pos 32248
alloc_pos 32356
alloc_pos 32476
alloc_pos 32720
alloc_pos 32880
alloc_pos 33116
alloc_pos 33332
alloc_pos 33476
alloc_pos 33716
alloc_pos 33748
alloc_pos 33824
alloc_pos 33904
alloc_pos 34080
alloc_pos 34104
alloc_pos 34340
alloc_pos 34552
alloc_pos 34708
alloc_pos 34764
alloc_pos 34808
alloc_pos 35028
alloc_pos 35232
alloc_pos 35492
alloc_pos 35660
alloc_pos 35912
alloc_pos 36148
alloc_pos 36192
alloc_pos 36436
alloc_pos 36516
alloc_pos 36752
alloc_pos 36832
alloc_pos 37016
alloc_pos 37208
alloc_pos 37448
alloc_pos 37480
alloc_pos 37632
alloc_pos 37676
alloc_pos 37808
alloc_pos 37928
alloc_pos 37968
alloc_pos 38192
alloc_pos 38244
alloc_pos 38420
alloc_pos 38460
alloc_pos 38516
alloc_pos 38756
alloc_pos 38892
alloc_pos 39120
alloc_pos 39284
alloc_pos 39364
alloc_pos 39388
alloc_pos 39552
alloc_pos 39664
alloc_pos 39772
alloc_pos 39824
alloc_pos 40008
alloc_pos 40192
alloc_pos 40420
alloc_pos 40448
alloc_pos 40500
alloc_pos 40528
alloc_pos 40620
alloc_pos 40700
alloc_pos 40900
alloc_pos 41132
alloc_pos 41368
alloc_pos 41588
alloc_pos 41740
alloc_pos 41932
alloc_pos 42028
alloc_pos 42056
alloc_pos 42088
alloc_pos 42136
alloc_pos 42204
alloc_pos 42228
alloc_pos 42376
alloc_pos 42416
alloc_pos 42628
alloc_pos 42784
alloc_pos 42928
alloc_pos 43184
alloc_pos 43428
alloc_pos 43676
alloc_pos 43740
alloc_pos 43892
alloc_pos 44112
alloc_pos 44344
alloc_pos 44564
alloc_pos 44792
alloc_pos 44876
alloc_pos 44952
alloc_pos 45044
alloc_pos 45088
alloc_pos 45120
alloc_pos 45196
alloc_pos 45268
alloc_pos 45440
alloc_pos 45480
alloc_pos 45676
alloc_pos 45824
alloc_pos 45888
alloc_pos 46040
alloc_pos 46252
alloc_pos 46300
alloc_pos 46468
alloc_pos 46576
alloc_pos 46716
alloc_pos 46740
alloc_pos 46892
alloc_pos 46948
alloc_pos 47192
alloc_pos 47368
alloc_pos 47480
alloc_pos 47664
alloc_pos 47720
alloc_pos 47776
alloc_pos 47976
alloc_pos 48160
alloc_pos 48300
alloc_pos 48544
alloc_pos 48764
alloc_pos 48840
alloc_pos 48972
alloc_pos 49000
alloc_pos 49224
alloc_pos 49288
alloc_pos 49428
alloc_pos 49568
alloc_pos 49668
alloc_pos 49768
alloc_pos 49860
alloc_pos 49936
alloc_pos 50064
alloc_pos 50180
alloc_pos 50432
alloc_pos 50540
alloc_pos 50648
alloc_pos 50680
alloc_pos 50816
alloc_pos 50976
alloc_pos 51068
alloc_pos 51172
alloc_pos 51244
alloc_pos 51440
alloc_pos 51676
alloc_pos 51732
alloc_pos 51788
alloc_pos 52008
alloc_pos 52168
alloc_pos 52276
alloc_pos 52476
alloc_pos 52728
alloc_pos 52832
alloc_pos 53064
alloc_pos 53288
alloc_pos 53528
alloc_pos 53740
alloc_pos 53940
alloc_pos 53980
alloc_pos 54004
alloc_pos 54220
alloc_pos 54464
alloc_pos 54700
alloc_pos 54784
alloc_pos 55036
alloc_pos 55172
alloc_pos 55304
alloc_pos 55532
alloc_pos 55632
alloc_pos 55704
alloc_pos 55776
alloc_pos 55936
alloc_pos 56144
alloc_pos 56384
alloc_pos 56476
alloc_pos 56524
alloc_pos 56680
alloc_pos 56836
alloc_pos 57080
alloc_pos 57196
alloc_pos 57288
alloc_pos 57348
alloc_pos 57472
alloc_pos 57728
alloc_pos 57964
alloc_pos 58124
alloc_pos 58152
alloc_pos 58280
alloc_pos 58376
alloc_pos 58608
alloc_pos 58864
alloc_pos 59104
alloc_pos 59208
alloc_pos 59424
alloc_pos 59564
alloc_pos 59812
alloc_pos 60072
alloc_pos 60128
alloc_pos 60188
alloc_pos 60392
alloc_pos 60460
alloc_pos 60584
alloc_pos 60688
alloc_pos 60904
alloc_pos 61084
alloc_pos 61260
alloc_pos 61524
alloc_pos 61648
alloc_pos 61728
alloc_pos 61944
alloc_pos 62024
alloc_pos 62112
alloc_pos 62216
alloc_pos 62480
alloc_pos 62572
alloc_pos 62612
alloc_pos 62668
alloc_pos 62828
alloc_pos 63088
alloc_pos 63124
alloc_pos 63272
alloc_pos 63308
alloc_pos 63344
alloc_pos 63488
alloc_pos 63532
alloc_pos 63764
alloc_pos 63904
alloc_pos 64064
alloc_pos 64224
alloc_pos 64260
alloc_pos 64420
alloc_pos 64556
alloc_pos 64788
alloc_pos 64936
alloc_pos 65128
alloc_pos 65228
alloc_pos 65260
alloc_pos -1

