reason: unexpected exit code -6
--- stdout ---
CHENEY GENERATOR!
--- stderr ---
alloc_pos 8
alloc_pos 1040
alloc_pos 2072
alloc_pos 3104
alloc_pos 4136
alloc_pos 5168
alloc_pos 5432
alloc_pos 5520
alloc_pos 5616
alloc_pos 5812
alloc_pos 6068
alloc_pos 6264
alloc_pos 6492
alloc_pos 6732
alloc_pos 6980
alloc_pos 7048
alloc_pos 7236
alloc_pos 7316
alloc_pos 7508
alloc_pos 7568
alloc_pos 7812
alloc_pos 7892
alloc_pos 8080
alloc_pos 8288
alloc_pos 8356
alloc_pos 8412
alloc_pos 8452
alloc_pos 8612
alloc_pos 8852
alloc_pos 8928
alloc_pos 9140
alloc_pos 9236
alloc_pos 9264
alloc_pos 9396
alloc_pos 9452
alloc_pos 9688
alloc_pos 9884
alloc_pos 10060
alloc_pos 10084
alloc_pos 10176
alloc_pos 10412
alloc_pos 10472
alloc_pos 10516
alloc_pos 10760
alloc_pos 10984
alloc_pos 11212
alloc_pos 11460
alloc_pos 11688
alloc_pos 11776
alloc_pos 12008
alloc_pos 12144
alloc_pos 12356
alloc_pos 12488
alloc_pos 12752
alloc_pos 12808
alloc_pos 13032
alloc_pos 13280
alloc_pos 13368
alloc_pos 13480
alloc_pos 13720
alloc_pos 13800
alloc_pos 13948
alloc_pos 14200
alloc_pos 14416
alloc_pos 14580
alloc_pos 14748
alloc_pos 14880
alloc_pos 15072
alloc_pos 15188
alloc_pos 15436
alloc_pos 15568
alloc_pos 15752
alloc_pos 15856
alloc_pos 16044
alloc_pos 16096
alloc_pos 16208
alloc_pos 16440
alloc_pos 16616
alloc_pos 16844
alloc_pos 17028
alloc_pos 17116
alloc_pos 17316
alloc_pos 17452
alloc_pos 17616
alloc_pos 17796
alloc_pos 18008
alloc_pos 18064
alloc_pos 18200
alloc_pos 18396
alloc_pos 18604
alloc_pos 18740
alloc_pos 18900
alloc_pos 18968
alloc_pos 19064
alloc_pos 19136
alloc_pos 19204
alloc_pos 19360
alloc_pos 19472
alloc_pos 19560
alloc_pos 19676
alloc_pos 19816
alloc_pos 19904
alloc_pos 20080
alloc_pos 20172
alloc_pos 20296
alloc_pos 20544
alloc_pos 20600
alloc_pos 20768
alloc_pos 20916
alloc_pos 21080
alloc_pos 21164
alloc_pos 21332
alloc_pos 21416
alloc_pos 21664
alloc_pos 21736
alloc_pos 21936
alloc_pos 22052
alloc_pos 22108
alloc_pos 22148
alloc_pos 22280
alloc_pos 22468
alloc_pos 22652
alloc_pos 22792
alloc_pos 22912
alloc_pos 22936
alloc_pos 23144
alloc_pos 23276
alloc_pos 23536
alloc_pos 23780
alloc_pos 23812
alloc_pos 23892
alloc_pos 23952
alloc_pos 24100
alloc_pos 24328
alloc_pos 24528
alloc_pos 24764
alloc_pos 24900
alloc_pos 25084
alloc_pos 25172
alloc_pos 25236
alloc_pos 25444
alloc_pos 25572
alloc_pos 25784
alloc_pos 26028
alloc_pos 26116
alloc_pos 26364
alloc_pos 26580
alloc_pos 26808
alloc_pos 26920
alloc_pos 26992
alloc_pos 27196
alloc_pos 27436
alloc_pos 27620
alloc_pos 27736
alloc_pos 27892
alloc_pos 28096
alloc_pos 28288
alloc_pos 28344
alloc_pos 28596
alloc_pos 28800
alloc_pos 28976
alloc_pos 29060
alloc_pos 29268
alloc_pos 29416
alloc_pos 29492
alloc_pos 29736
alloc_pos 29916
alloc_pos 29948
alloc_pos 30120
alloc_pos 30320
alloc_pos 30492
alloc_pos 30524
alloc_pos 30636
alloc_pos 30808
alloc_pos 31016
alloc_pos 31184
alloc_pos 31292
alloc_pos 31360
alloc_pos 31456
alloc_pos 31528
alloc_pos 31592
alloc_pos 31816
alloc_pos 32012
alloc_pos 32176
alloc_pos 32228
alloc_pos 32480
alloc_pos 32560
alloc_pos 32624
alloc_pos 32664
alloc_pos 32796
alloc_pos 32984
alloc_pos 33160
alloc_pos 33324
alloc_pos 33552
alloc_pos 33712
alloc_pos 33912
alloc_pos 33944
alloc_pos 34080
alloc_pos 34312
alloc_pos 34420
alloc_pos 34608
alloc_pos 34652
alloc_pos 34808
alloc_pos 34832
alloc_pos 34888
alloc_pos 34988
alloc_pos 35040
alloc_pos 35168
alloc_pos 35268
alloc_pos 35524
alloc_pos 35616
alloc_pos 35784
alloc_pos 35960
alloc_pos 36160
alloc_pos 36200
alloc_pos 36464
alloc_pos 36608
alloc_pos 36764
alloc_pos 36880
alloc_pos 37120
alloc_pos 37356
alloc_pos 37388
alloc_pos 37412
alloc_pos 37516
alloc_pos 37624
alloc_pos 37684
alloc_pos 37832
alloc_pos 37996
alloc_pos 38156
alloc_pos 38312
alloc_pos 38544
alloc_pos 38688
alloc_pos 38768
alloc_pos 38960
alloc_pos 39036
alloc_pos 39132
alloc_pos 39360
alloc_pos 39392
alloc_pos 39512
alloc_pos 39664
alloc_pos 39868
alloc_pos 40124
alloc_pos 40188
alloc_pos 40400
alloc_pos 40460
alloc_pos 40548
alloc_pos 40680
alloc_pos 40876
alloc_pos 41108
alloc_pos 41348
alloc_pos 41424
alloc_pos 41512
alloc_pos 41644
alloc_pos 41816
alloc_pos 41900
alloc_pos 42012
alloc_pos 42232
alloc_pos 42316
alloc_pos 42488
alloc_pos 42584
alloc_pos 42716
alloc_pos 42792
alloc_pos 42980
alloc_pos 43068
alloc_pos 43164
alloc_pos 43360
alloc_pos 43616
alloc_pos 43812
alloc_pos 44040
alloc_pos 44280
alloc_pos 44528
alloc_pos 44596
alloc_pos 44784
alloc_pos 44864
alloc_pos 45056
alloc_pos 45116
alloc_pos 45360
alloc_pos 45440
alloc_pos 45628
alloc_pos 45836
alloc_pos 45904
alloc_pos 45960
alloc_pos 46000
alloc_pos 46160
alloc_pos 46400
alloc_pos 46476
alloc_pos 46688
alloc_pos 46784
alloc_pos 46812
alloc_pos 46944
alloc_pos 47000
alloc_pos 47236
alloc_pos 47432
alloc_pos 47608
alloc_pos 47632
alloc_pos 47724
alloc_pos 47960
alloc_pos 48020
alloc_pos 48064
alloc_pos 48308
alloc_pos 48532
alloc_pos 48760
alloc_pos 49008
alloc_pos 49236
alloc_pos 49324
alloc_pos 49556
alloc_pos 49692
alloc_pos 49904
alloc_pos 50036
alloc_pos 50300
alloc_pos 50356
alloc_pos 50580
alloc_pos 50828
alloc_pos 50916
alloc_pos 51028
alloc_pos 51268
alloc_pos 51348
alloc_pos 51496
alloc_pos 51748
alloc_pos 51964
alloc_pos 52128
alloc_pos 52296
alloc_pos 52428
alloc_pos 52620
alloc_pos 52736
alloc_pos 52984
alloc_pos 53116
alloc_pos 53300
alloc_pos 53404
alloc_pos 53592
alloc_pos 53644
alloc_pos 53756
alloc_pos 53988
alloc_pos 54164
alloc_pos 54392
alloc_pos 54576
alloc_pos 54664
alloc_pos 54864
alloc_pos 55000
alloc_pos 55164
alloc_pos 55344
alloc_pos 55556
alloc_pos 55612
alloc_pos 55748
alloc_pos 55944
alloc_pos 56152
alloc_pos 56288
alloc_pos 56448
alloc_pos 56516
alloc_pos 56612
alloc_pos 56684
alloc_pos 56752
alloc_pos 56908
alloc_pos 57020
alloc_pos 57108
alloc_pos 57224
alloc_pos 57364
alloc_pos 57452
alloc_pos 57628
alloc_pos 57720
alloc_pos 57844
alloc_pos 58092
alloc_pos 58148
alloc_pos 58316
alloc_pos 58464
alloc_pos 58628
alloc_pos 58712
alloc_pos 58880
alloc_pos 58964
alloc_pos 59212
alloc_pos 59284
alloc_pos 59484
alloc_pos 59600
alloc_pos 59656
alloc_pos 59696
alloc_pos 59828
alloc_pos 60016
alloc_pos 60200
alloc_pos 60340
alloc_pos 60460
alloc_pos 60484
alloc_pos 60692
alloc_pos 60824
alloc_pos 61084
alloc_pos 61328
alloc_pos 61360
alloc_pos 61440
alloc_pos 61500
alloc_pos 61648
alloc_pos 61876
alloc_pos 62076
alloc_pos 62312
alloc_pos 62448
alloc_pos 62632
alloc_pos 62720
alloc_pos 62784
alloc_pos 62992
alloc_pos 63120
alloc_pos 63332
alloc_pos 63576
alloc_pos 63664
alloc_pos 63912
alloc_pos 64128
alloc_pos 64356
alloc_pos 64468
alloc_pos 64540
alloc_pos 64744
alloc_pos 64984
alloc_pos 65168
alloc_pos 65284
alloc_pos -1

