reason: unexpected exit code -6
--- stdout ---
CHENEY GENERATOR!
--- stderr ---
alloc_pos 8
alloc_pos 1040
alloc_pos 2072
alloc_pos 3104
alloc_pos 4136
alloc_pos 5168
alloc_pos 5184
alloc_pos 5200
alloc_pos 5216
alloc_pos 5232
alloc_pos 5248
alloc_pos 5264
alloc_pos 5280
alloc_pos 5296
alloc_pos 5312
alloc_pos 5328
alloc_pos 5344
alloc_pos 5360
alloc_pos 5376
alloc_pos 5392
alloc_pos 5408
alloc_pos 5424
alloc_pos 5440
alloc_pos 5456
alloc_pos 5472
alloc_pos 5488
alloc_pos 5504
alloc_pos 5520
alloc_pos 5536
alloc_pos 5552
alloc_pos 5568
alloc_pos 5584
alloc_pos 5600
alloc_pos 5616
alloc_pos 5632
alloc_pos 5648
alloc_pos 5664
alloc_pos 5680
alloc_pos 5696
alloc_pos 5712
alloc_pos 5728
alloc_pos 5744
alloc_pos 5760
alloc_pos 5776
alloc_pos 5792
alloc_pos 5808
alloc_pos 5824
alloc_pos 5840
alloc_pos 5856
alloc_pos 5872
alloc_pos 5888
alloc_pos 5904
alloc_pos 5920
alloc_pos 5936
alloc_pos 5952
alloc_pos 5968
alloc_pos 5984
alloc_pos 6000
alloc_pos 6016
alloc_pos 6032
alloc_pos 6048
alloc_pos 6064
alloc_pos 6080
alloc_pos 6096
alloc_pos 6112
alloc_pos 6128
alloc_pos 6144
alloc_pos 6160
alloc_pos 6176
alloc_pos 6192
alloc_pos 6208
alloc_pos 6224
alloc_pos 6240
alloc_pos 6256
alloc_pos 6272
alloc_pos 6288
alloc_pos 6304
alloc_pos 6320
alloc_pos 6336
alloc_pos 6352
alloc_pos 6368
alloc_pos 6384
alloc_pos 6400
alloc_pos 6416
alloc_pos 6432
alloc_pos 6448
alloc_pos 6464
alloc_pos 6480
alloc_pos 6496
alloc_pos 6512
alloc_pos 6528
alloc_pos 6544
alloc_pos 6560
alloc_pos 6576
alloc_pos 6592
alloc_pos 6608
alloc_pos 6624
alloc_pos 6640
alloc_pos 6656
alloc_pos 6672
alloc_pos 6688
alloc_pos 6704
alloc_pos 6720
alloc_pos 6736
alloc_pos 6752
alloc_pos 6768
alloc_pos 6784
alloc_pos 6800
alloc_pos 6816
alloc_pos 6832
alloc_pos 6848
alloc_pos 6864
alloc_pos 6880
alloc_pos 6896
alloc_pos 6912
alloc_pos 6928
alloc_pos 6944
alloc_pos 6960
alloc_pos 6976
alloc_pos 6992
alloc_pos 7008
alloc_pos 7024
alloc_pos 7040
alloc_pos 7056
alloc_pos 7072
alloc_pos 7088
alloc_pos 7104
alloc_pos 7120
alloc_pos 7136
alloc_pos 7152
alloc_pos 7168
alloc_pos 7184
alloc_pos 7200
alloc_pos 7216
alloc_pos 7232
alloc_pos 7248
alloc_pos 7264
alloc_pos 7280
alloc_pos 7296
alloc_pos 7312
alloc_pos 7328
alloc_pos 7344
alloc_pos 7360
alloc_pos 7376
alloc_pos 7392
alloc_pos 7408
alloc_pos 7424
alloc_pos 7440
alloc_pos 7456
alloc_pos 7472
alloc_pos 7488
alloc_pos 7504
alloc_pos 7520
alloc_pos 7536
alloc_pos 7552
alloc_pos 7568
alloc_pos 7584
alloc_pos 7600
alloc_pos 7616
alloc_pos 7632
alloc_pos 7648
alloc_pos 7664
alloc_pos 7680
alloc_pos 7696
alloc_pos 7712
alloc_pos 7728
alloc_pos 7744
alloc_pos 7760
alloc_pos 7776
alloc_pos 7792
alloc_pos 7808
alloc_pos 7824
alloc_pos 7840
alloc_pos 7856
alloc_pos 7872
alloc_pos 7888
alloc_pos 7904
alloc_pos 7920
alloc_pos 7936
alloc_pos 7952
alloc_pos 7968
alloc_pos 7984
alloc_pos 8000
alloc_pos 8016
alloc_pos 8032
alloc_pos 8048
alloc_pos 8064
alloc_pos 8080
alloc_pos 8096
alloc_pos 8112
alloc_pos 8128
alloc_pos 8144
alloc_pos 8160
alloc_pos 8176
alloc_pos 8192
alloc_pos 8208
alloc_pos 8224
alloc_pos 8240
alloc_pos 8256
alloc_pos 8272
alloc_pos 8288
alloc_pos 8304
alloc_pos 8320
alloc_pos 8336
alloc_pos 8352
alloc_pos 8368
alloc_pos 8384
alloc_pos 8400
alloc_pos 8416
alloc_pos 8432
alloc_pos 8448
alloc_pos 8464
alloc_pos 8480
alloc_pos 8496
alloc_pos 8512
alloc_pos 8528
alloc_pos 8544
alloc_pos 8560
alloc_pos 8576
alloc_pos 8592
alloc_pos 8608
alloc_pos 8624
alloc_pos 8640
alloc_pos 8656
alloc_pos 8672
alloc_pos 8688
alloc_pos 8704
alloc_pos 8720
alloc_pos 8736
alloc_pos 8752
alloc_pos 8768
alloc_pos 8784
alloc_pos 8800
alloc_pos 8816
alloc_pos 8832
alloc_pos 8848
alloc_pos 8864
alloc_pos 8880
alloc_pos 8896
alloc_pos 8912
alloc_pos 8928
alloc_pos 8944
alloc_pos 8960
alloc_pos 8976
alloc_pos 8992
alloc_pos 9008
alloc_pos 9024
alloc_pos 9040
alloc_pos 9056
alloc_pos 9072
alloc_pos 9088
alloc_pos 9104
alloc_pos 9120
alloc_pos 9136
alloc_pos 9152
alloc_pos 9168
alloc_pos 9184
alloc_pos 9200
alloc_pos 9216
alloc_pos 9232
alloc_pos 9248
alloc_pos 9264
alloc_pos 9516
alloc_pos 9752
alloc_pos 9788
alloc_pos 10048
alloc_pos 10088
alloc_pos 10188
alloc_pos 10240
alloc_pos 10496
alloc_pos 10588
alloc_pos 10708
alloc_pos 10940
alloc_pos 11168
alloc_pos 11408
alloc_pos 11640
alloc_pos 11876
alloc_pos 11988
alloc_pos 12168
alloc_pos 12384
alloc_pos 12512
alloc_pos 12680
alloc_pos 12788
alloc_pos 12880
alloc_pos 13140
alloc_pos 13396
alloc_pos 13496
alloc_pos 13688
alloc_pos 13884
alloc_pos 13960
alloc_pos 14000
alloc_pos 14068
alloc_pos 14124
alloc_pos 14332
alloc_pos 14380
alloc_pos 14500
alloc_pos 14580
alloc_pos 14804
alloc_pos 14872
alloc_pos 14900
alloc_pos 15164
alloc_pos 15228
alloc_pos 15320
alloc_pos 15424
alloc_pos 15544
alloc_pos 15620
alloc_pos 15724
alloc_pos 15796
alloc_pos 15976
alloc_pos 16008
alloc_pos 16100
alloc_pos 16304
alloc_pos 16416
alloc_pos 16444
alloc_pos 16600
alloc_pos 16664
alloc_pos 16884
alloc_pos 16944
alloc_pos 17180
alloc_pos 17364
alloc_pos 17468
alloc_pos 17656
alloc_pos 17704
alloc_pos 17956
alloc_pos 18192
alloc_pos 18228
alloc_pos 18488
alloc_pos 18528
alloc_pos 18628
alloc_pos 18680
alloc_pos 18936
alloc_pos 19028
alloc_pos 19148
alloc_pos 19380
alloc_pos 19608
alloc_pos 19848
alloc_pos 20080
alloc_pos 20316
alloc_pos 20428
alloc_pos 20608
alloc_pos 20824
alloc_pos 20952
alloc_pos 21120
alloc_pos 21228
alloc_pos 21320
alloc_pos 21580
alloc_pos 21836
alloc_pos 21936
alloc_pos 22128
alloc_pos 22324
alloc_pos 22400
alloc_pos 22440
alloc_pos 22508
alloc_pos 22564
alloc_pos 22772
alloc_pos 22820
alloc_pos 22940
alloc_pos 23020
alloc_pos 23244
alloc_pos 23312
alloc_pos 23340
alloc_pos 23604
alloc_pos 23668
alloc_pos 23760
alloc_pos 23864
alloc_pos 23984
alloc_pos 24060
alloc_pos 24164
alloc_pos 24236
alloc_pos 24416
alloc_pos 24448
alloc_pos 24540
alloc_pos 24744
alloc_pos 24856
alloc_pos 24884
alloc_pos 25040
alloc_pos 25104
alloc_pos 25324
alloc_pos 25384
alloc_pos 25620
alloc_pos 25804
alloc_pos 25908
alloc_pos 26096
alloc_pos 26144
alloc_pos 26396
alloc_pos 26632
alloc_pos 26668
alloc_pos 26928
alloc_pos 26968
alloc_pos 27068
alloc_pos 27120
alloc_pos 27376
alloc_pos 27468
alloc_pos 27588
alloc_pos 27820
alloc_pos 28048
alloc_pos 28288
alloc_pos 28520
alloc_pos 28756
alloc_pos 28868
alloc_pos 29048
alloc_pos 29264
alloc_pos 29392
alloc_pos 29560
alloc_pos 29668
alloc_pos 29760
alloc_pos 30020
alloc_pos 30276
alloc_pos 30376
alloc_pos 30568
alloc_pos 30764
alloc_pos 30840
alloc_pos 30880
alloc_pos 30948
alloc_pos 31004
alloc_pos 31212
alloc_pos 31260
alloc_pos 31380
alloc_pos 31460
alloc_pos 31684
alloc_pos 31752
alloc_pos 31780
alloc_pos 32044
alloc_pos 32108
alloc_pos 32200
alloc_pos 32304
alloc_pos 32424
alloc_pos 32500
alloc_pos 32604
alloc_pos 32676
alloc_pos 32856
alloc_pos 32888
alloc_pos 32980
alloc_pos 33184
alloc_pos 33296
alloc_pos 33324
alloc_pos 33480
alloc_pos 33544
alloc_pos 33764
alloc_pos 33824
alloc_pos 34060
alloc_pos 34244
alloc_pos 34348
alloc_pos 34536
alloc_pos 34584
alloc_pos 34836
alloc_pos 35072
alloc_pos 35108
alloc_pos 35368
alloc_pos 35408
alloc_pos 35508
alloc_pos 35560
alloc_pos 35816
alloc_pos 35908
alloc_pos 36028
alloc_pos 36260
alloc_pos 36488
alloc_pos 36728
alloc_pos 36960
alloc_pos 37196
alloc_pos 37308
alloc_pos 37488
alloc_pos 37704
alloc_pos 37832
alloc_pos 38000
alloc_pos 38108
alloc_pos 38200
alloc_pos 38460
alloc_pos 38716
alloc_pos 38816
alloc_pos 39008
alloc_pos 39204
alloc_pos 39280
alloc_pos 39320
alloc_pos 39388
alloc_pos 39444
alloc_pos 39652
alloc_pos 39700
alloc_pos 39820
alloc_pos 39900
alloc_pos 40124
alloc_pos 40192
alloc_pos 40220
alloc_pos 40484
alloc_pos 40548
alloc_pos 40640
alloc_pos 40744
alloc_pos 40864
alloc_pos 40940
alloc_pos 41044
alloc_pos 41116
alloc_pos 41296
alloc_pos 41328
alloc_pos 41420
alloc_pos 41624
alloc_pos 41736
alloc_pos 41764
alloc_pos 41920
alloc_pos 41984
alloc_pos 42204
alloc_pos 42264
alloc_pos 42500
alloc_pos 42684
alloc_pos 42788
alloc_pos 42976
alloc_pos 43024
alloc_pos 43276
alloc_pos 43512
alloc_pos 43548
alloc_pos 43808
alloc_pos 43848
alloc_pos 43948
alloc_pos 44000
alloc_pos 44256
alloc_pos 44348
alloc_pos 44468
alloc_pos 44700
alloc_pos 44928
alloc_pos 45168
alloc_pos 45400
alloc_pos 45636
alloc_pos 45748
alloc_pos 45928
alloc_pos 46144
alloc_pos 46272
alloc_pos 46440
alloc_pos 46548
alloc_pos 46640
alloc_pos 46900
alloc_pos 47156
alloc_pos 47256
alloc_pos 47448
alloc_pos 47644
alloc_pos 47720
alloc_pos 47760
alloc_pos 47828
alloc_pos 47884
alloc_pos 48092
alloc_pos 48140
alloc_pos 48260
alloc_pos 48340
alloc_pos 48564
alloc_pos 48632
alloc_pos 48660
alloc_pos 48924
alloc_pos 48988
alloc_pos 49080
alloc_pos 49184
alloc_pos 49304
alloc_pos 49380
alloc_pos 49484
alloc_pos 49556
alloc_pos 49736
alloc_pos 49768
alloc_pos 49860
alloc_pos 50064
alloc_pos 50176
alloc_pos 50204
alloc_pos 50360
alloc_pos 50424
alloc_pos 50644
alloc_pos 50704
alloc_pos 50940
alloc_pos 51124
alloc_pos 51228
alloc_pos 51416
alloc_pos 51464
alloc_pos 51716
alloc_pos 51952
alloc_pos 51988
alloc_pos 52248
alloc_pos 52288
alloc_pos 52388
alloc_pos 52440
alloc_pos 52696
alloc_pos 52788
alloc_pos 52908
alloc_pos 53140
alloc_pos 53368
alloc_pos 53608
alloc_pos 53840
alloc_pos 54076
alloc_pos 54188
alloc_pos 54368
alloc_pos 54584
alloc_pos 54712
alloc_pos 54880
alloc_pos 54988
alloc_pos 55080
alloc_pos 55340
alloc_pos 55596
alloc_pos 55696
alloc_pos 55888
alloc_pos 56084
alloc_pos 56160
alloc_pos 56200
alloc_pos 56268
alloc_pos 56324
alloc_pos 56532
alloc_pos 56580
alloc_pos 56700
alloc_pos 56780
alloc_pos 57004
alloc_pos 57072
alloc_pos 57100
alloc_pos 57364
alloc_pos 57428
alloc_pos 57520
alloc_pos 57624
alloc_pos 57744
alloc_pos 57820
alloc_pos 57924
alloc_pos 57996
alloc_pos 58176
alloc_pos 58208
alloc_pos 58300
alloc_pos 58504
alloc_pos 58616
alloc_pos 58644
alloc_pos 58800
alloc_pos 58864
alloc_pos 59084
alloc_pos 59144
alloc_pos 59380
alloc_pos 59564
alloc_pos 59668
alloc_pos 59856
alloc_pos 59904
alloc_pos 60156
alloc_pos 60392
alloc_pos 60428
alloc_pos 60688
alloc_pos 60728
alloc_pos 60828
alloc_pos 60880
alloc_pos 61136
alloc_pos 61228
alloc_pos 61348
alloc_pos 61580
alloc_pos 61808
alloc_pos 62048
alloc_pos 62280
alloc_pos 62516
alloc_pos 62628
alloc_pos 62808
alloc_pos 63024
alloc_pos 63152
alloc_pos 63320
alloc_pos 63428
alloc_pos 63520
alloc_pos 63780
alloc_pos 64036
alloc_pos 64136
alloc_pos 64328
alloc_pos 64524
alloc_pos 64600
alloc_pos 64640
alloc_pos 64708
alloc_pos 64764
alloc_pos 64972
alloc_pos 65020
alloc_pos 65140
alloc_pos 65220
alloc_pos 65444
alloc_pos 65512
alloc_pos 65540
alloc_pos 65804
alloc_pos 65868
alloc_pos 65960
alloc_pos 66064
alloc_pos 66184
alloc_pos 66260
alloc_pos 66364
alloc_pos 66436
alloc_pos 66616
alloc_pos 66648
alloc_pos 66740
alloc_pos 66944
alloc_pos 67056
alloc_pos 67084
alloc_pos 67240
alloc_pos 67304
alloc_pos 67524
alloc_pos 67584
alloc_pos 67820
alloc_pos 68004
alloc_pos 68108
alloc_pos 68296
alloc_pos 68344
alloc_pos 68596
alloc_pos 68832
alloc_pos 68868
alloc_pos 69128
alloc_pos 69168
alloc_pos 69268
alloc_pos 69320
alloc_pos 69576
alloc_pos 69668
alloc_pos 69788
alloc_pos 70020
alloc_pos 70248
alloc_pos 70488
alloc_pos 70720
alloc_pos 70956
alloc_pos 71068
alloc_pos 71248
alloc_pos 71464
alloc_pos 71592
alloc_pos 71760
alloc_pos 71868
alloc_pos 71960
alloc_pos 72220
alloc_pos 72476
alloc_pos 72576
alloc_pos 72768
alloc_pos 72964
alloc_pos 73040
alloc_pos 73080
alloc_pos 73148
alloc_pos 73204
alloc_pos 73412
alloc_pos 73460
alloc_pos 73580
alloc_pos 73660
alloc_pos 73884
alloc_pos 73952
alloc_pos 73980
alloc_pos 74244
alloc_pos 74308
alloc_pos 74400
alloc_pos 74504
alloc_pos 74624
alloc_pos 74700
alloc_pos 74804
alloc_pos 74876
alloc_pos 75056
alloc_pos 75088
alloc_pos 75180
alloc_pos 75384
alloc_pos 75496
alloc_pos 75524
alloc_pos 75680
alloc_pos 75744
alloc_pos 75964
alloc_pos 76024
alloc_pos 76260
alloc_pos 76444
alloc_pos 76548
alloc_pos 76736
alloc_pos 76784
alloc_pos 77036
alloc_pos 77272
alloc_pos 77308
alloc_pos 77568
alloc_pos 77608
alloc_pos 77708
alloc_pos 77760
alloc_pos 78016
alloc_pos 78108
alloc_pos 78228
alloc_pos 78460
alloc_pos 78688
alloc_pos 78928
alloc_pos 79160
alloc_pos 79396
alloc_pos 79508
alloc_pos 79688
alloc_pos 79904
alloc_pos 80032
alloc_pos 80200
alloc_pos 80308
alloc_pos 80400
alloc_pos 80660
alloc_pos 80916
alloc_pos 81016
alloc_pos 81208
alloc_pos 81404
alloc_pos 81480
alloc_pos 81520
alloc_pos 81588
alloc_pos 81644
alloc_pos 81852
alloc_pos 81900
alloc_pos 82020
alloc_pos 82100
alloc_pos 82324
alloc_pos 82392
alloc_pos 82420
alloc_pos 82684
alloc_pos 82748
alloc_pos 82840
alloc_pos 82944
alloc_pos 83064
alloc_pos 83140
alloc_pos 83244
alloc_pos 83316
alloc_pos 83496
alloc_pos 83528
alloc_pos 83620
alloc_pos 83824
alloc_pos 83936
alloc_pos 83964
alloc_pos 84120
alloc_pos 84184
alloc_pos 84404
alloc_pos 84464
alloc_pos 84700
alloc_pos 84884
alloc_pos 84988
alloc_pos 85176
alloc_pos 85224
alloc_pos 85476
alloc_pos 85712
alloc_pos 85748
alloc_pos 86008
alloc_pos 86048
alloc_pos 86148
alloc_pos 86200
alloc_pos 86456
alloc_pos 86548
alloc_pos 86668
alloc_pos 86900
alloc_pos 87128
alloc_pos 87368
alloc_pos 87600
alloc_pos 87836
alloc_pos 87948
alloc_pos 88128
alloc_pos 88344
alloc_pos 88472
alloc_pos 88640
alloc_pos 88748
alloc_pos 88840
alloc_pos 89100
alloc_pos 89356
alloc_pos 89456
alloc_pos 89648
alloc_pos 89844
alloc_pos 89920
alloc_pos 89960
alloc_pos 90028
alloc_pos 90084
alloc_pos 90292
alloc_pos 90340
alloc_pos 90460
alloc_pos 90540
alloc_pos 90764
alloc_pos 90832
alloc_pos 90860
alloc_pos 91124
alloc_pos 91188
alloc_pos 91280
alloc_pos 91384
alloc_pos 91504
alloc_pos 91580
alloc_pos 91684
alloc_pos 91756
alloc_pos 91936
alloc_pos 91968
alloc_pos 92060
alloc_pos 92264
alloc_pos 92376
alloc_pos 92404
alloc_pos 92560
alloc_pos 92624
alloc_pos 92844
alloc_pos 92904
alloc_pos 93140
alloc_pos 93324
alloc_pos 93428
alloc_pos 93616
alloc_pos 93664
alloc_pos 93916
alloc_pos 94152
alloc_pos 94188
alloc_pos 94448
alloc_pos 94488
alloc_pos 94588
alloc_pos 94640
alloc_pos 94896
alloc_pos 94988
alloc_pos 95108
alloc_pos 95340
alloc_pos 95568
alloc_pos 95808
alloc_pos 96040
alloc_pos 96276
alloc_pos 96388
alloc_pos 96568
alloc_pos 96784
alloc_pos 96912
alloc_pos 97080
alloc_pos 97188
alloc_pos 97280
alloc_pos 97540
alloc_pos 97796
alloc_pos 97896
alloc_pos 98088
alloc_pos 98284
alloc_pos 98360
alloc_pos 98400
alloc_pos 98468
alloc_pos 98524
alloc_pos 98732
alloc_pos 98780
alloc_pos 98900
alloc_pos 98980
alloc_pos 99204
alloc_pos 99272
alloc_pos 99300
alloc_pos 99564
alloc_pos 99628
alloc_pos 99720
alloc_pos 99824
alloc_pos 99944
alloc_pos 100020
alloc_pos 100124
alloc_pos 100196
alloc_pos 100376
alloc_pos 100408
alloc_pos 100500
alloc_pos 100704
alloc_pos 100816
alloc_pos 100844
alloc_pos 101000
alloc_pos 101064
alloc_pos 101284
alloc_pos 101344
alloc_pos 101580
alloc_pos 101764
alloc_pos 101868
alloc_pos 102056
alloc_pos 102104
alloc_pos 102356
alloc_pos 102592
alloc_pos 102628
alloc_pos 102888
alloc_pos 102928
alloc_pos 103028
alloc_pos 103080
alloc_pos 103336
alloc_pos 103428
alloc_pos 103548
alloc_pos 103780
alloc_pos 104008
alloc_pos 104248
alloc_pos 104480
alloc_pos 104716
alloc_pos 104828
alloc_pos 105008
alloc_pos 105224
alloc_pos 105352
alloc_pos 105520
alloc_pos 105628
alloc_pos 105720
alloc_pos 105980
alloc_pos 106236
alloc_pos 106336
alloc_pos 106528
alloc_pos 106724
alloc_pos 106800
alloc_pos 106840
alloc_pos 106908
alloc_pos 106964
alloc_pos 107172
alloc_pos 107220
alloc_pos 107340
alloc_pos 107420
alloc_pos 107644
alloc_pos 107712
alloc_pos 107740
alloc_pos 108004
alloc_pos 108068
alloc_pos 108160
alloc_pos 108264
alloc_pos 108384
alloc_pos 108460
alloc_pos 108564
alloc_pos 108636
alloc_pos 108816
alloc_pos 108848
alloc_pos 108940
alloc_pos 109144
alloc_pos 109256
alloc_pos 109284
alloc_pos 109440
alloc_pos 109504
alloc_pos 109724
alloc_pos 109784
alloc_pos 110020
alloc_pos 110204
alloc_pos 110308
alloc_pos 110496
alloc_pos 110544
alloc_pos 110796
alloc_pos 111032
alloc_pos 111068
alloc_pos 111328
alloc_pos 111368
alloc_pos 111468
alloc_pos 111520
alloc_pos 111776
alloc_pos 111868
alloc_pos 111988
alloc_pos 112220
alloc_pos 112448
alloc_pos 112688
alloc_pos 112920
alloc_pos 113156
alloc_pos 113268
alloc_pos 113448
alloc_pos 113664
alloc_pos 113792
alloc_pos 113960
alloc_pos 114068
alloc_pos 114160
alloc_pos 114420
alloc_pos 114676
alloc_pos 114776
alloc_pos 114968
alloc_pos 115164
alloc_pos 115240
alloc_pos 115280
alloc_pos 115348
alloc_pos 115404
alloc_pos 115612
alloc_pos 115660
alloc_pos 115780
alloc_pos 115860
alloc_pos 116084
alloc_pos 116152
alloc_pos 116180
alloc_pos 116444
alloc_pos 116508
alloc_pos 116600
alloc_pos 116704
alloc_pos 116824
alloc_pos 116900
alloc_pos 117004
alloc_pos 117076
alloc_pos 117256
alloc_pos 117288
alloc_pos 117380
alloc_pos 117584
alloc_pos 117696
alloc_pos 117724
alloc_pos 117880
alloc_pos 117944
alloc_pos 118164
alloc_pos 118224
alloc_pos 118460
alloc_pos 118644
alloc_pos 118748
alloc_pos 118936
alloc_pos 118984
alloc_pos 119236
alloc_pos 119472
alloc_pos 119508
alloc_pos 119768
alloc_pos 119808
alloc_pos 119908
alloc_pos 119960
alloc_pos 120216
alloc_pos 120308
alloc_pos 120428
alloc_pos 120660
alloc_pos 120888
alloc_pos 121128
alloc_pos 121360
alloc_pos 121596
alloc_pos 121708
alloc_pos 121888
alloc_pos 122104
alloc_pos 122232
alloc_pos 122400
alloc_pos 122508
alloc_pos 122600
alloc_pos 122860
alloc_pos 123116
alloc_pos 123216
alloc_pos 123408
alloc_pos 123604
alloc_pos 123680
alloc_pos 123720
alloc_pos 123788
alloc_pos 123844
alloc_pos 124052
alloc_pos 124100
alloc_pos 124220
alloc_pos 124300
alloc_pos 124524
alloc_pos 124592
alloc_pos 124620
alloc_pos 124884
alloc_pos 124948
alloc_pos 125040
alloc_pos 125144
alloc_pos 125264
alloc_pos 125340
alloc_pos 125444
alloc_pos 125516
alloc_pos 125696
alloc_pos 125728
alloc_pos 125820
alloc_pos 126024
alloc_pos 126136
alloc_pos 126164
alloc_pos 126320
alloc_pos 126384
alloc_pos 126604
alloc_pos 126664
alloc_pos 126900
alloc_pos 127084
alloc_pos 127188
alloc_pos 127376
alloc_pos 127424
alloc_pos 127676
alloc_pos 127912
alloc_pos 127948
alloc_pos 128208
alloc_pos 128248
alloc_pos 128348
alloc_pos 128400
alloc_pos 128656
alloc_pos 128748
alloc_pos 128868
alloc_pos 129100
alloc_pos 129328
alloc_pos 129568
alloc_pos 129800
alloc_pos 130036
alloc_pos 130148
alloc_pos 130328
alloc_pos 130544
alloc_pos 130672
alloc_pos 130840
alloc_pos 130948
alloc_pos -1

