reason: unexpected exit code -6
--- stdout ---
CHENEY GENERATOR!
--- stderr ---
alloc_pos 8
alloc_pos 1040
alloc_pos 2072
alloc_pos 3104
alloc_pos 4136
alloc_pos 5168
alloc_pos 5432
alloc_pos 5536
alloc_pos 5800
alloc_pos 5860
alloc_pos 5984
alloc_pos 6172
alloc_pos 6208
alloc_pos 6248
alloc_pos 6480
alloc_pos 6640
alloc_pos 6688
alloc_pos 6804
alloc_pos 6976
alloc_pos 7012
alloc_pos 7268
alloc_pos 7420
alloc_pos 7496
alloc_pos 7528
alloc_pos 7572
alloc_pos 7704
alloc_pos 7832
alloc_pos 7872
alloc_pos 7956
alloc_pos 8000
alloc_pos 8164
alloc_pos 8296
alloc_pos 8332
alloc_pos 8564
alloc_pos 8732
alloc_pos 8784
alloc_pos 9048
alloc_pos 9128
alloc_pos 9312
alloc_pos 9496
alloc_pos 9668
alloc_pos 9932
alloc_pos 9968
alloc_pos 10136
alloc_pos 10308
alloc_pos 10432
alloc_pos 10468
alloc_pos 10548
alloc_pos 10580
alloc_pos 10744
alloc_pos 10984
alloc_pos 11040
alloc_pos 11136
alloc_pos 11264
alloc_pos 11324
alloc_pos 11484
alloc_pos 11536
alloc_pos 11704
alloc_pos 11804
alloc_pos 11968
alloc_pos 12200
alloc_pos 12396
alloc_pos 12464
alloc_pos 12512
alloc_pos 12684
alloc_pos 12852
alloc_pos 13036
alloc_pos 13108
alloc_pos 13224
alloc_pos 13272
alloc_pos 13436
alloc_pos 13640
alloc_pos 13680
alloc_pos 13848
alloc_pos 13884
alloc_pos 14064
alloc_pos 14140
alloc_pos 14288
alloc_pos 14484
alloc_pos 14644
alloc_pos 14776
alloc_pos 14996
alloc_pos 15100
alloc_pos 15240
alloc_pos 15412
alloc_pos 15672
alloc_pos 15812
alloc_pos 15928
alloc_pos 16028
alloc_pos 16112
alloc_pos 16336
alloc_pos 16404
alloc_pos 16604
alloc_pos 16824
alloc_pos 16908
alloc_pos 16952
alloc_pos 17120
alloc_pos 17220
alloc_pos 17376
alloc_pos 17524
alloc_pos 17772
alloc_pos 17880
alloc_pos 18088
alloc_pos 18224
alloc_pos 18320
alloc_pos 18496
alloc_pos 18536
alloc_pos 18588
alloc_pos 18740
alloc_pos 18868
alloc_pos 18932
alloc_pos 19148
alloc_pos 19256
alloc_pos 19316
alloc_pos 19576
alloc_pos 19724
alloc_pos 19852
alloc_pos 19884
alloc_pos 20076
alloc_pos 20116
alloc_pos 20332
alloc_pos 20496
alloc_pos 20664
alloc_pos 20888
alloc_pos 21136
alloc_pos 21368
alloc_pos 21472
alloc_pos 21580
alloc_pos 21780
alloc_pos 21892
alloc_pos 22068
alloc_pos 22216
alloc_pos 22388
alloc_pos 22616
alloc_pos 22756
alloc_pos 22796
alloc_pos 23032
alloc_pos 23076
alloc_pos 23340
alloc_pos 23432
alloc_pos 23576
alloc_pos 23776
alloc_pos 23968
alloc_pos 24008
alloc_pos 24044
alloc_pos 24252
alloc_pos 24452
alloc_pos 24552
alloc_pos 24740
alloc_pos 24908
alloc_pos 25104
alloc_pos 25336
alloc_pos 25472
alloc_pos 25568
alloc_pos 25772
alloc_pos 25892
alloc_pos 26140
alloc_pos 26332
alloc_pos 26444
alloc_pos 26472
alloc_pos 26736
alloc_pos 26876
alloc_pos 26988
alloc_pos 27052
alloc_pos 27232
alloc_pos 27284
alloc_pos 27432
alloc_pos 27468
alloc_pos 27544
alloc_pos 27764
alloc_pos 27860
alloc_pos 27916
alloc_pos 28128
alloc_pos 28212
alloc_pos 28336
alloc_pos 28460
alloc_pos 28716
alloc_pos 28960
alloc_pos 29108
alloc_pos 29152
alloc_pos 29216
alloc_pos 29352
alloc_pos 29476
alloc_pos 29640
alloc_pos 29732
alloc_pos 29980
alloc_pos 30036
alloc_pos 30268
alloc_pos 30400
alloc_pos 30644
alloc_pos 30808
alloc_pos 30900
alloc_pos 31104
alloc_pos 31232
alloc_pos 31344
alloc_pos 31540
alloc_pos 31788
alloc_pos 31908
alloc_pos 31988
alloc_pos 32048
alloc_pos 32092
alloc_pos 32160
alloc_pos 32220
alloc_pos 32300
alloc_pos 32492
alloc_pos 32572
alloc_pos 32596
alloc_pos 32744
alloc_pos 32980
alloc_pos 33152
alloc_pos 33220
alloc_pos 33308
alloc_pos 33404
alloc_pos 33428
alloc_pos 33488
alloc_pos 33616
alloc_pos 33776
alloc_pos 33892
alloc_pos 34072
alloc_pos 34240
alloc_pos 34344
alloc_pos 34608
alloc_pos 34664
alloc_pos 34864
alloc_pos 35104
alloc_pos 35256
alloc_pos 35520
alloc_pos 35700
alloc_pos 35888
alloc_pos 36084
alloc_pos 36296
alloc_pos 36332
alloc_pos 36472
alloc_pos 36724
alloc_pos 36968
alloc_pos 37188
alloc_pos 37452
alloc_pos 37696
alloc_pos 37892
alloc_pos 38120
alloc_pos 38284
alloc_pos 38408
alloc_pos 38532
alloc_pos 38656
alloc_pos 38780
alloc_pos 38828
alloc_pos 38972
alloc_pos 39156
alloc_pos 39280
alloc_pos 39316
alloc_pos 39388
alloc_pos 39428
alloc_pos 39504
alloc_pos 39640
alloc_pos 39704
alloc_pos 39756
alloc_pos 39864
alloc_pos 40040
alloc_pos 40076
alloc_pos 40124
alloc_pos 40148
alloc_pos 40316
alloc_pos 40376
alloc_pos 40480
alloc_pos 40744
alloc_pos 40804
alloc_pos 40928
alloc_pos 41116
alloc_pos 41152
alloc_pos 41192
alloc_pos 41424
alloc_pos 41584
alloc_pos 41632
alloc_pos 41748
alloc_pos 41920
alloc_pos 41956
alloc_pos 42212
alloc_pos 42364
alloc_pos 42440
alloc_pos 42472
alloc_pos 42516
alloc_pos 42648
alloc_pos 42776
alloc_pos 42816
alloc_pos 42900
alloc_pos 42944
alloc_pos 43108
alloc_pos 43240
alloc_pos 43276
alloc_pos 43508
alloc_pos 43676
alloc_pos 43728
alloc_pos 43992
alloc_pos 44072
alloc_pos 44256
alloc_pos 44440
alloc_pos 44612
alloc_pos 44876
alloc_pos 44912
alloc_pos 45080
alloc_pos 45252
alloc_pos 45376
alloc_pos 45412
alloc_pos 45492
alloc_pos 45524
alloc_pos 45688
alloc_pos 45928
alloc_pos 45984
alloc_pos 46080
alloc_pos 46208
alloc_pos 46268
alloc_pos 46428
alloc_pos 46480
alloc_pos 46648
alloc_pos 46748
alloc_pos 46912
alloc_pos 47144
alloc_pos 47340
alloc_pos 47408
alloc_pos 47456
alloc_pos 47628
alloc_pos 47796
alloc_pos 47980
alloc_pos 48052
alloc_pos 48168
alloc_pos 48216
alloc_pos 48380
alloc_pos 48584
alloc_pos 48624
alloc_pos 48792
alloc_pos 48828
alloc_pos 49008
alloc_pos 49084
alloc_pos 49232
alloc_pos 49428
alloc_pos 49588
alloc_pos 49720
alloc_pos 49940
alloc_pos 50044
alloc_pos 50184
alloc_pos 50356
alloc_pos 50616
alloc_pos 50756
alloc_pos 50872
alloc_pos 50972
alloc_pos 51056
alloc_pos 51280
alloc_pos 51348
alloc_pos 51548
alloc_pos 51768
alloc_pos 51852
alloc_pos 51896
alloc_pos 52064
alloc_pos 52164
alloc_pos 52320
alloc_pos 52468
alloc_pos 52716
alloc_pos 52824
alloc_pos 53032
alloc_pos 53168
alloc_pos 53264
alloc_pos 53440
alloc_pos 53480
alloc_pos 53532
alloc_pos 53684
alloc_pos 53812
alloc_pos 53876
alloc_pos 54092
alloc_pos 54200
alloc_pos 54260
alloc_pos 54520
alloc_pos 54668
alloc_pos 54796
alloc_pos 54828
alloc_pos 55020
alloc_pos 55060
alloc_pos 55276
alloc_pos 55440
alloc_pos 55608
alloc_pos 55832
alloc_pos 56080
alloc_pos 56312
alloc_pos 56416
alloc_pos 56524
alloc_pos 56724
alloc_pos 56836
alloc_pos 57012
alloc_pos 57160
alloc_pos 57332
alloc_pos 57560
alloc_pos 57700
alloc_pos 57740
alloc_pos 57976
alloc_pos 58020
alloc_pos 58284
alloc_pos 58376
alloc_pos 58520
alloc_pos 58720
alloc_pos 58912
alloc_pos 58952
alloc_pos 58988
alloc_pos 59196
alloc_pos 59396
alloc_pos 59496
alloc_pos 59684
alloc_pos 59852
alloc_pos 60048
alloc_pos 60280
alloc_pos 60416
alloc_pos 60512
alloc_pos 60716
alloc_pos 60836
alloc_pos 61084
alloc_pos 61276
alloc_pos 61388
alloc_pos 61416
alloc_pos 61680
alloc_pos 61820
alloc_pos 61932
alloc_pos 61996
alloc_pos 62176
alloc_pos 62228
alloc_pos 62376
alloc_pos 62412
alloc_pos 62488
alloc_pos 62708
alloc_pos 62804
alloc_pos 62860
alloc_pos 63072
alloc_pos 63156
alloc_pos 63280
alloc_pos 63404
alloc_pos 63660
alloc_pos 63904
alloc_pos 64052
alloc_pos 64096
alloc_pos 64160
alloc_pos 64296
alloc_pos 64420
alloc_pos 64584
alloc_pos 64676
alloc_pos 64924
alloc_pos 64980
alloc_pos 65212
alloc_pos 65344
alloc_pos 65588
alloc_pos 65752
alloc_pos 65844
alloc_pos 66048
alloc_pos 66176
alloc_pos 66288
alloc_pos 66484
alloc_pos 66732
alloc_pos 66852
alloc_pos 66932
alloc_pos 66992
alloc_pos 67036
alloc_pos 67104
alloc_pos 67164
alloc_pos 67244
alloc_pos 67436
alloc_pos 67516
alloc_pos 67540
alloc_pos 67688
alloc_pos 67924
alloc_pos 68096
alloc_pos 68164
alloc_pos 68252
alloc_pos 68348
alloc_pos 68372
alloc_pos 68432
alloc_pos 68560
alloc_pos 68720
alloc_pos 68836
alloc_pos 69016
alloc_pos 69184
alloc_pos 69288
alloc_pos 69552
alloc_pos 69608
alloc_pos 69808
alloc_pos 70048
alloc_pos 70200
alloc_pos 70464
alloc_pos 70644
alloc_pos 70832
alloc_pos 71028
alloc_pos 71240
alloc_pos 71276
alloc_pos 71416
alloc_pos 71668
alloc_pos 71912
alloc_pos 72132
alloc_pos 72396
alloc_pos 72640
alloc_pos 72836
alloc_pos 73064
alloc_pos 73228
alloc_pos 73352
alloc_pos 73476
alloc_pos 73600
alloc_pos 73724
alloc_pos 73772
alloc_pos 73916
alloc_pos 74100
alloc_pos 74224
alloc_pos 74260
alloc_pos 74332
alloc_pos 74372
alloc_pos 74448
alloc_pos 74584
alloc_pos 74648
alloc_pos 74700
alloc_pos 74808
alloc_pos 74984
alloc_pos 75020
alloc_pos 75068
alloc_pos 75092
alloc_pos 75260
alloc_pos 75320
alloc_pos 75424
alloc_pos 75688
alloc_pos 75748
alloc_pos 75872
alloc_pos 76060
alloc_pos 76096
alloc_pos 76136
alloc_pos 76368
alloc_pos 76528
alloc_pos 76576
alloc_pos 76692
alloc_pos 76864
alloc_pos 76900
alloc_pos 77156
alloc_pos 77308
alloc_pos 77384
alloc_pos 77416
alloc_pos 77460
alloc_pos 77592
alloc_pos 77720
alloc_pos 77760
alloc_pos 77844
alloc_pos 77888
alloc_pos 78052
alloc_pos 78184
alloc_pos 78220
alloc_pos 78452
alloc_pos 78620
alloc_pos 78672
alloc_pos 78936
alloc_pos 79016
alloc_pos 79200
alloc_pos 79384
alloc_pos 79556
alloc_pos 79820
alloc_pos 79856
alloc_pos 80024
alloc_pos 80196
alloc_pos 80320
alloc_pos 80356
alloc_pos 80436
alloc_pos 80468
alloc_pos 80632
alloc_pos 80872
alloc_pos 80928
alloc_pos 81024
alloc_pos 81152
alloc_pos 81212
alloc_pos 81372
alloc_pos 81424
alloc_pos 81592
alloc_pos 81692
alloc_pos 81856
alloc_pos 82088
alloc_pos 82284
alloc_pos 82352
alloc_pos 82400
alloc_pos 82572
alloc_pos 82740
alloc_pos 82924
alloc_pos 82996
alloc_pos 83112
alloc_pos 83160
alloc_pos 83324
alloc_pos 83528
alloc_pos 83568
alloc_pos 83736
alloc_pos 83772
alloc_pos 83952
alloc_pos 84028
alloc_pos 84176
alloc_pos 84372
alloc_pos 84532
alloc_pos 84664
alloc_pos 84884
alloc_pos 84988
alloc_pos 85128
alloc_pos 85300
alloc_pos 85560
alloc_pos 85700
alloc_pos 85816
alloc_pos 85916
alloc_pos 86000
alloc_pos 86224
alloc_pos 86292
alloc_pos 86492
alloc_pos 86712
alloc_pos 86796
alloc_pos 86840
alloc_pos 87008
alloc_pos 87108
alloc_pos 87264
alloc_pos 87412
alloc_pos 87660
alloc_pos 87768
alloc_pos 87976
alloc_pos 88112
alloc_pos 88208
alloc_pos 88384
alloc_pos 88424
alloc_pos 88476
alloc_pos 88628
alloc_pos 88756
alloc_pos 88820
alloc_pos 89036
alloc_pos 89144
alloc_pos 89204
alloc_pos 89464
alloc_pos 89612
alloc_pos 89740
alloc_pos 89772
alloc_pos 89964
alloc_pos 90004
alloc_pos 90220
alloc_pos 90384
alloc_pos 90552
alloc_pos 90776
alloc_pos 91024
alloc_pos 91256
alloc_pos 91360
alloc_pos 91468
alloc_pos 91668
alloc_pos 91780
alloc_pos 91956
alloc_pos 92104
alloc_pos 92276
alloc_pos 92504
alloc_pos 92644
alloc_pos 92684
alloc_pos 92920
alloc_pos 92964
alloc_pos 93228
alloc_pos 93320
alloc_pos 93464
alloc_pos 93664
alloc_pos 93856
alloc_pos 93896
alloc_pos 93932
alloc_pos 94140
alloc_pos 94340
alloc_pos 94440
alloc_pos 94628
alloc_pos 94796
alloc_pos 94992
alloc_pos 95224
alloc_pos 95360
alloc_pos 95456
alloc_pos 95660
alloc_pos 95780
alloc_pos 96028
alloc_pos 96220
alloc_pos 96332
alloc_pos 96360
alloc_pos 96624
alloc_pos 96764
alloc_pos 96876
alloc_pos 96940
alloc_pos 97120
alloc_pos 97172
alloc_pos 97320
alloc_pos 97356
alloc_pos 97432
alloc_pos 97652
alloc_pos 97748
alloc_pos 97804
alloc_pos 98016
alloc_pos 98100
alloc_pos 98224
alloc_pos 98348
alloc_pos 98604
alloc_pos 98848
alloc_pos 98996
alloc_pos 99040
alloc_pos 99104
alloc_pos 99240
alloc_pos 99364
alloc_pos 99528
alloc_pos 99620
alloc_pos 99868
alloc_pos 99924
alloc_pos 100156
alloc_pos 100288
alloc_pos 100532
alloc_pos 100696
alloc_pos 100788
alloc_pos 100992
alloc_pos 101120
alloc_pos 101232
alloc_pos 101428
alloc_pos 101676
alloc_pos 101796
alloc_pos 101876
alloc_pos 101936
alloc_pos 101980
alloc_pos 102048
alloc_pos 102108
alloc_pos 102188
alloc_pos 102380
alloc_pos 102460
alloc_pos 102484
alloc_pos 102632
alloc_pos 102868
alloc_pos 103040
alloc_pos 103108
alloc_pos 103196
alloc_pos 103292
alloc_pos 103316
alloc_pos 103376
alloc_pos 103504
alloc_pos 103664
alloc_pos 103780
alloc_pos 103960
alloc_pos 104128
alloc_pos 104232
alloc_pos 104496
alloc_pos 104552
alloc_pos 104752
alloc_pos 104992
alloc_pos 105144
alloc_pos 105408
alloc_pos 105588
alloc_pos 105776
alloc_pos 105972
alloc_pos 106184
alloc_pos 106220
alloc_pos 106360
alloc_pos 106612
alloc_pos 106856
alloc_pos 107076
alloc_pos 107340
alloc_pos 107584
alloc_pos 107780
alloc_pos 108008
alloc_pos 108172
alloc_pos 108296
alloc_pos 108420
alloc_pos 108544
alloc_pos 108668
alloc_pos 108716
alloc_pos 108860
alloc_pos 109044
alloc_pos 109168
alloc_pos 109204
alloc_pos 109276
alloc_pos 109316
alloc_pos 109392
alloc_pos 109528
alloc_pos 109592
alloc_pos 109644
alloc_pos 109752
alloc_pos 109928
alloc_pos 109964
alloc_pos 110012
alloc_pos 110036
alloc_pos 110204
alloc_pos 110264
alloc_pos 110368
alloc_pos 110632
alloc_pos 110692
alloc_pos 110816
alloc_pos 111004
alloc_pos 111040
alloc_pos 111080
alloc_pos 111312
alloc_pos 111472
alloc_pos 111520
alloc_pos 111636
alloc_pos 111808
alloc_pos 111844
alloc_pos 112100
alloc_pos 112252
alloc_pos 112328
alloc_pos 112360
alloc_pos 112404
alloc_pos 112536
alloc_pos 112664
alloc_pos 112704
alloc_pos 112788
alloc_pos 112832
alloc_pos 112996
alloc_pos 113128
alloc_pos 113164
alloc_pos 113396
alloc_pos 113564
alloc_pos 113616
alloc_pos 113880
alloc_pos 113960
alloc_pos 114144
alloc_pos 114328
alloc_pos 114500
alloc_pos 114764
alloc_pos 114800
alloc_pos 114968
alloc_pos 115140
alloc_pos 115264
alloc_pos 115300
alloc_pos 115380
alloc_pos 115412
alloc_pos 115576
alloc_pos 115816
alloc_pos 115872
alloc_pos 115968
alloc_pos 116096
alloc_pos 116156
alloc_pos 116316
alloc_pos 116368
alloc_pos 116536
alloc_pos 116636
alloc_pos 116800
alloc_pos 117032
alloc_pos 117228
alloc_pos 117296
alloc_pos 117344
alloc_pos 117516
alloc_pos 117684
alloc_pos 117868
alloc_pos 117940
alloc_pos 118056
alloc_pos 118104
alloc_pos 118268
alloc_pos 118472
alloc_pos 118512
alloc_pos 118680
alloc_pos 118716
alloc_pos 118896
alloc_pos 118972
alloc_pos 119120
alloc_pos 119316
alloc_pos 119476
alloc_pos 119608
alloc_pos 119828
alloc_pos 119932
alloc_pos 120072
alloc_pos 120244
alloc_pos 120504
alloc_pos 120644
alloc_pos 120760
alloc_pos 120860
alloc_pos 120944
alloc_pos 121168
alloc_pos 121236
alloc_pos 121436
alloc_pos 121656
alloc_pos 121740
alloc_pos 121784
alloc_pos 121952
alloc_pos 122052
alloc_pos 122208
alloc_pos 122356
alloc_pos 122604
alloc_pos 122712
alloc_pos 122920
alloc_pos 123056
alloc_pos 123152
alloc_pos 123328
alloc_pos 123368
alloc_pos 123420
alloc_pos 123572
alloc_pos 123700
alloc_pos 123764
alloc_pos 123980
alloc_pos 124088
alloc_pos 124148
alloc_pos 124408
alloc_pos 124556
alloc_pos 124684
alloc_pos 124716
alloc_pos 124908
alloc_pos 124948
alloc_pos 125164
alloc_pos 125328
alloc_pos 125496
alloc_pos 125720
alloc_pos 125968
alloc_pos 126200
alloc_pos 126304
alloc_pos 126412
alloc_pos 126612
alloc_pos 126724
alloc_pos 126900
alloc_pos 127048
alloc_pos 127220
alloc_pos 127448
alloc_pos 127588
alloc_pos 127628
alloc_pos 127864
alloc_pos 127908
alloc_pos 128172
alloc_pos 128264
alloc_pos 128408
alloc_pos 128608
alloc_pos 128800
alloc_pos 128840
alloc_pos 128876
alloc_pos 129084
alloc_pos 129284
alloc_pos 129384
alloc_pos 129572
alloc_pos 129740
alloc_pos 129936
alloc_pos 130168
alloc_pos 130304
alloc_pos 130400
alloc_pos 130604
alloc_pos 130724
alloc_pos 130972
alloc_pos 131164
alloc_pos 131276
alloc_pos 131304
alloc_pos 131568
alloc_pos 131708
alloc_pos 131820
alloc_pos 131884
alloc_pos 132064
alloc_pos 132116
alloc_pos 132264
alloc_pos 132300
alloc_pos 132376
alloc_pos 132596
alloc_pos 132692
alloc_pos 132748
alloc_pos 132960
alloc_pos 133044
alloc_pos 133168
alloc_pos 133292
alloc_pos 133548
alloc_pos 133792
alloc_pos 133940
alloc_pos 133984
alloc_pos 134048
alloc_pos 134184
alloc_pos 134308
alloc_pos 134472
alloc_pos 134564
alloc_pos 134812
alloc_pos 134868
alloc_pos 135100
alloc_pos 135232
alloc_pos 135476
alloc_pos 135640
alloc_pos 135732
alloc_pos 135936
alloc_pos 136064
alloc_pos 136176
alloc_pos 136372
alloc_pos 136620
alloc_pos 136740
alloc_pos 136820
alloc_pos 136880
alloc_pos 136924
alloc_pos 136992
alloc_pos 137052
alloc_pos 137132
alloc_pos 137324
alloc_pos 137404
alloc_pos 137428
alloc_pos 137576
alloc_pos 137812
alloc_pos 137984
alloc_pos 138052
alloc_pos 138140
alloc_pos 138236
alloc_pos 138260
alloc_pos 138320
alloc_pos 138448
alloc_pos 138608
alloc_pos 138724
alloc_pos 138904
alloc_pos 139072
alloc_pos 139176
alloc_pos 139440
alloc_pos 139496
alloc_pos 139696
alloc_pos 139936
alloc_pos 140088
alloc_pos 140352
alloc_pos 140532
alloc_pos 140720
alloc_pos 140916
alloc_pos 141128
alloc_pos 141164
alloc_pos 141304
alloc_pos 141556
alloc_pos 141800
alloc_pos 142020
alloc_pos 142284
alloc_pos 142528
alloc_pos 142724
alloc_pos 142952
alloc_pos 143116
alloc_pos 143240
alloc_pos 143364
alloc_pos 143488
alloc_pos 143612
alloc_pos 143660
alloc_pos 143804
alloc_pos 143988
alloc_pos 144112
alloc_pos 144148
alloc_pos 144220
alloc_pos 144260
alloc_pos 144336
alloc_pos 144472
alloc_pos 144536
alloc_pos 144588
alloc_pos 144696
alloc_pos 144872
alloc_pos 144908
alloc_pos 144956
alloc_pos 144980
alloc_pos 145148
alloc_pos 145208
alloc_pos 145312
alloc_pos 145576
alloc_pos 145636
alloc_pos 145760
alloc_pos 145948
alloc_pos 145984
alloc_pos 146024
alloc_pos 146256
alloc_pos 146416
alloc_pos 146464
alloc_pos 146580
alloc_pos 146752
alloc_pos 146788
alloc_pos 147044
alloc_pos 147196
alloc_pos 147272
alloc_pos 147304
alloc_pos 147348
alloc_pos 147480
alloc_pos 147608
alloc_pos 147648
alloc_pos 147732
alloc_pos 147776
alloc_pos 147940
alloc_pos 148072
alloc_pos 148108
alloc_pos 148340
alloc_pos 148508
alloc_pos 148560
alloc_pos 148824
alloc_pos 148904
alloc_pos 149088
alloc_pos 149272
alloc_pos 149444
alloc_pos 149708
alloc_pos 149744
alloc_pos 149912
alloc_pos 150084
alloc_pos 150208
alloc_pos 150244
alloc_pos 150324
alloc_pos 150356
alloc_pos 150520
alloc_pos 150760
alloc_pos 150816
alloc_pos 150912
alloc_pos 151040
alloc_pos 151100
alloc_pos 151260
alloc_pos 151312
alloc_pos 151480
alloc_pos 151580
alloc_pos 151744
alloc_pos 151976
alloc_pos 152172
alloc_pos 152240
alloc_pos 152288
alloc_pos 152460
alloc_pos 152628
alloc_pos 152812
alloc_pos 152884
alloc_pos 153000
alloc_pos 153048
alloc_pos 153212
alloc_pos 153416
alloc_pos 153456
alloc_pos 153624
alloc_pos 153660
alloc_pos 153840
alloc_pos 153916
alloc_pos 154064
alloc_pos 154260
alloc_pos 154420
alloc_pos 154552
alloc_pos 154772
alloc_pos 154876
alloc_pos 155016
alloc_pos 155188
alloc_pos 155448
alloc_pos 155588
alloc_pos 155704
alloc_pos 155804
alloc_pos 155888
alloc_pos 156112
alloc_pos 156180
alloc_pos 156380
alloc_pos 156600
alloc_pos 156684
alloc_pos 156728
alloc_pos 156896
alloc_pos 156996
alloc_pos 157152
alloc_pos 157300
alloc_pos 157548
alloc_pos 157656
alloc_pos 157864
alloc_pos 158000
alloc_pos 158096
alloc_pos 158272
alloc_pos 158312
alloc_pos 158364
alloc_pos 158516
alloc_pos 158644
alloc_pos 158708
alloc_pos 158924
alloc_pos 159032
alloc_pos 159092
alloc_pos 159352
alloc_pos 159500
alloc_pos 159628
alloc_pos 159660
alloc_pos 159852
alloc_pos 159892
alloc_pos 160108
alloc_pos 160272
alloc_pos 160440
alloc_pos 160664
alloc_pos 160912
alloc_pos 161144
alloc_pos 161248
alloc_pos 161356
alloc_pos 161556
alloc_pos 161668
alloc_pos 161844
alloc_pos 161992
alloc_pos 162164
alloc_pos 162392
alloc_pos 162532
alloc_pos 162572
alloc_pos 162808
alloc_pos 162852
alloc_pos 163116
alloc_pos 163208
alloc_pos 163352
alloc_pos 163552
alloc_pos 163744
alloc_pos 163784
alloc_pos 163820
alloc_pos 164028
alloc_pos 164228
alloc_pos 164328
alloc_pos 164516
alloc_pos 164684
alloc_pos 164880
alloc_pos 165112
alloc_pos 165248
alloc_pos 165344
alloc_pos 165548
alloc_pos 165668
alloc_pos 165916
alloc_pos 166108
alloc_pos 166220
alloc_pos 166248
alloc_pos 166512
alloc_pos 166652
alloc_pos 166764
alloc_pos 166828
alloc_pos 167008
alloc_pos 167060
alloc_pos 167208
alloc_pos 167244
alloc_pos 167320
alloc_pos 167540
alloc_pos 167636
alloc_pos 167692
alloc_pos 167904
alloc_pos 167988
alloc_pos 168112
alloc_pos 168236
alloc_pos 168492
alloc_pos 168736
alloc_pos 168884
alloc_pos 168928
alloc_pos 168992
alloc_pos 169128
alloc_pos 169252
alloc_pos 169416
alloc_pos 169508
alloc_pos 169756
alloc_pos 169812
alloc_pos 170044
alloc_pos 170176
alloc_pos 170420
alloc_pos 170584
alloc_pos 170676
alloc_pos 170880
alloc_pos 171008
alloc_pos 171120
alloc_pos 171316
alloc_pos 171564
alloc_pos 171684
alloc_pos 171764
alloc_pos 171824
alloc_pos 171868
alloc_pos 171936
alloc_pos 171996
alloc_pos 172076
alloc_pos 172268
alloc_pos 172348
alloc_pos 172372
alloc_pos 172520
alloc_pos 172756
alloc_pos 172928
alloc_pos 172996
alloc_pos 173084
alloc_pos 173180
alloc_pos 173204
alloc_pos 173264
alloc_pos 173392
alloc_pos 173552
alloc_pos 173668
alloc_pos 173848
alloc_pos 174016
alloc_pos 174120
alloc_pos 174384
alloc_pos 174440
alloc_pos 174640
alloc_pos 174880
alloc_pos 175032
alloc_pos 175296
alloc_pos 175476
alloc_pos 175664
alloc_pos 175860
alloc_pos 176072
alloc_pos 176108
alloc_pos 176248
alloc_pos 176500
alloc_pos 176744
alloc_pos 176964
alloc_pos 177228
alloc_pos 177472
alloc_pos 177668
alloc_pos 177896
alloc_pos 178060
alloc_pos 178184
alloc_pos 178308
alloc_pos 178432
alloc_pos 178556
alloc_pos 178604
alloc_pos 178748
alloc_pos 178932
alloc_pos 179056
alloc_pos 179092
alloc_pos 179164
alloc_pos 179204
alloc_pos 179280
alloc_pos 179416
alloc_pos 179480
alloc_pos 179532
alloc_pos 179640
alloc_pos 179816
alloc_pos 179852
alloc_pos 179900
alloc_pos 179924
alloc_pos 180092
alloc_pos 180152
alloc_pos 180256
alloc_pos 180520
alloc_pos 180580
alloc_pos 180704
alloc_pos 180892
alloc_pos 180928
alloc_pos 180968
alloc_pos 181200
alloc_pos 181360
alloc_pos 181408
alloc_pos 181524
alloc_pos 181696
alloc_pos 181732
alloc_pos 181988
alloc_pos 182140
alloc_pos 182216
alloc_pos 182248
alloc_pos 182292
alloc_pos 182424
alloc_pos 182552
alloc_pos 182592
alloc_pos 182676
alloc_pos 182720
alloc_pos 182884
alloc_pos 183016
alloc_pos 183052
alloc_pos 183284
alloc_pos 183452
alloc_pos 183504
alloc_pos 183768
alloc_pos 183848
alloc_pos 184032
alloc_pos 184216
alloc_pos 184388
alloc_pos 184652
alloc_pos 184688
alloc_pos 184856
alloc_pos 185028
alloc_pos 185152
alloc_pos 185188
alloc_pos 185268
alloc_pos 185300
alloc_pos 185464
alloc_pos 185704
alloc_pos 185760
alloc_pos 185856
alloc_pos 185984
alloc_pos 186044
alloc_pos 186204
alloc_pos 186256
alloc_pos 186424
alloc_pos 186524
alloc_pos 186688
alloc_pos 186920
alloc_pos 187116
alloc_pos 187184
alloc_pos 187232
alloc_pos 187404
alloc_pos 187572
alloc_pos 187756
alloc_pos 187828
alloc_pos 187944
alloc_pos 187992
alloc_pos 188156
alloc_pos 188360
alloc_pos 188400
alloc_pos 188568
alloc_pos 188604
alloc_pos 188784
alloc_pos 188860
alloc_pos 189008
alloc_pos 189204
alloc_pos 189364
alloc_pos 189496
alloc_pos 189716
alloc_pos 189820
alloc_pos 189960
alloc_pos 190132
alloc_pos 190392
alloc_pos 190532
alloc_pos 190648
alloc_pos 190748
alloc_pos 190832
alloc_pos 191056
alloc_pos 191124
alloc_pos 191324
alloc_pos 191544
alloc_pos 191628
alloc_pos 191672
alloc_pos 191840
alloc_pos 191940
alloc_pos 192096
alloc_pos 192244
alloc_pos 192492
alloc_pos 192600
alloc_pos 192808
alloc_pos 192944
alloc_pos 193040
alloc_pos 193216
alloc_pos 193256
alloc_pos 193308
alloc_pos 193460
alloc_pos 193588
alloc_pos 193652
alloc_pos 193868
alloc_pos 193976
alloc_pos 194036
alloc_pos 194296
alloc_pos 194444
alloc_pos 194572
alloc_pos 194604
alloc_pos 194796
alloc_pos 194836
alloc_pos 195052
alloc_pos 195216
alloc_pos 195384
alloc_pos 195608
alloc_pos 195856
alloc_pos 196088
alloc_pos 196192
alloc_pos 196300
alloc_pos 196500
alloc_pos 196612
alloc_pos 196788
alloc_pos 196936
alloc_pos 197108
alloc_pos 197336
alloc_pos 197476
alloc_pos 197516
alloc_pos 197752
alloc_pos 197796
alloc_pos 198060
alloc_pos 198152
alloc_pos 198296
alloc_pos 198496
alloc_pos 198688
alloc_pos 198728
alloc_pos 198764
alloc_pos 198972
alloc_pos 199172
alloc_pos 199272
alloc_pos 199460
alloc_pos 199628
alloc_pos 199824
alloc_pos 200056
alloc_pos 200192
alloc_pos 200288
alloc_pos 200492
alloc_pos 200612
alloc_pos 200860
alloc_pos 201052
alloc_pos 201164
alloc_pos 201192
alloc_pos 201456
alloc_pos 201596
alloc_pos 201708
alloc_pos 201772
alloc_pos 201952
alloc_pos 202004
alloc_pos 202152
alloc_pos 202188
alloc_pos 202264
alloc_pos 202484
alloc_pos 202580
alloc_pos 202636
alloc_pos 202848
alloc_pos 202932
alloc_pos 203056
alloc_pos 203180
alloc_pos 203436
alloc_pos 203680
alloc_pos 203828
alloc_pos 203872
alloc_pos 203936
alloc_pos 204072
alloc_pos 204196
alloc_pos 204360
alloc_pos 204452
alloc_pos 204700
alloc_pos 204756
alloc_pos 204988
alloc_pos 205120
alloc_pos 205364
alloc_pos 205528
alloc_pos 205620
alloc_pos 205824
alloc_pos 205952
alloc_pos 206064
alloc_pos 206260
alloc_pos 206508
alloc_pos 206628
alloc_pos 206708
alloc_pos 206768
alloc_pos 206812
alloc_pos 206880
alloc_pos 206940
alloc_pos 207020
alloc_pos 207212
alloc_pos 207292
alloc_pos 207316
alloc_pos 207464
alloc_pos 207700
alloc_pos 207872
alloc_pos 207940
alloc_pos 208028
alloc_pos 208124
alloc_pos 208148
alloc_pos 208208
alloc_pos 208336
alloc_pos 208496
alloc_pos 208612
alloc_pos 208792
alloc_pos 208960
alloc_pos 209064
alloc_pos 209328
alloc_pos 209384
alloc_pos 209584
alloc_pos 209824
alloc_pos 209976
alloc_pos 210240
alloc_pos 210420
alloc_pos 210608
alloc_pos 210804
alloc_pos 211016
alloc_pos 211052
alloc_pos 211192
alloc_pos 211444
alloc_pos 211688
alloc_pos 211908
alloc_pos 212172
alloc_pos 212416
alloc_pos 212612
alloc_pos 212840
alloc_pos 213004
alloc_pos 213128
alloc_pos 213252
alloc_pos 213376
alloc_pos 213500
alloc_pos 213548
alloc_pos 213692
alloc_pos 213876
alloc_pos 214000
alloc_pos 214036
alloc_pos 214108
alloc_pos 214148
alloc_pos 214224
alloc_pos 214360
alloc_pos 214424
alloc_pos 214476
alloc_pos 214584
alloc_pos 214760
alloc_pos 214796
alloc_pos 214844
alloc_pos 214868
alloc_pos 215036
alloc_pos 215096
alloc_pos 215200
alloc_pos 215464
alloc_pos 215524
alloc_pos 215648
alloc_pos 215836
alloc_pos 215872
alloc_pos 215912
alloc_pos 216144
alloc_pos 216304
alloc_pos 216352
alloc_pos 216468
alloc_pos 216640
alloc_pos 216676
alloc_pos 216932
alloc_pos 217084
alloc_pos 217160
alloc_pos 217192
alloc_pos 217236
alloc_pos 217368
alloc_pos 217496
alloc_pos 217536
alloc_pos 217620
alloc_pos 217664
alloc_pos 217828
alloc_pos 217960
alloc_pos 217996
alloc_pos 218228
alloc_pos 218396
alloc_pos 218448
alloc_pos 218712
alloc_pos 218792
alloc_pos 218976
alloc_pos 219160
alloc_pos 219332
alloc_pos 219596
alloc_pos 219632
alloc_pos 219800
alloc_pos 219972
alloc_pos 220096
alloc_pos 220132
alloc_pos 220212
alloc_pos 220244
alloc_pos 220408
alloc_pos 220648
alloc_pos 220704
alloc_pos 220800
alloc_pos 220928
alloc_pos 220988
alloc_pos 221148
alloc_pos 221200
alloc_pos 221368
alloc_pos 221468
alloc_pos 221632
alloc_pos 221864
alloc_pos 222060
alloc_pos 222128
alloc_pos 222176
alloc_pos 222348
alloc_pos 222516
alloc_pos 222700
alloc_pos 222772
alloc_pos 222888
alloc_pos 222936
alloc_pos 223100
alloc_pos 223304
alloc_pos 223344
alloc_pos 223512
alloc_pos 223548
alloc_pos 223728
alloc_pos 223804
alloc_pos 223952
alloc_pos 224148
alloc_pos 224308
alloc_pos 224440
alloc_pos 224660
alloc_pos 224764
alloc_pos 224904
alloc_pos 225076
alloc_pos 225336
alloc_pos 225476
alloc_pos 225592
alloc_pos 225692
alloc_pos 225776
alloc_pos 226000
alloc_pos 226068
alloc_pos 226268
alloc_pos 226488
alloc_pos 226572
alloc_pos 226616
alloc_pos 226784
alloc_pos 226884
alloc_pos 227040
alloc_pos 227188
alloc_pos 227436
alloc_pos 227544
alloc_pos 227752
alloc_pos 227888
alloc_pos 227984
alloc_pos 228160
alloc_pos 228200
alloc_pos 228252
alloc_pos 228404
alloc_pos 228532
alloc_pos 228596
alloc_pos 228812
alloc_pos 228920
alloc_pos 228980
alloc_pos 229240
alloc_pos 229388
alloc_pos 229516
alloc_pos 229548
alloc_pos 229740
alloc_pos 229780
alloc_pos 229996
alloc_pos 230160
alloc_pos 230328
alloc_pos 230552
alloc_pos 230800
alloc_pos 231032
alloc_pos 231136
alloc_pos 231244
alloc_pos 231444
alloc_pos 231556
alloc_pos 231732
alloc_pos 231880
alloc_pos 232052
alloc_pos 232280
alloc_pos 232420
alloc_pos 232460
alloc_pos 232696
alloc_pos 232740
alloc_pos 233004
alloc_pos 233096
alloc_pos 233240
alloc_pos 233440
alloc_pos 233632
alloc_pos 233672
alloc_pos 233708
alloc_pos 233916
alloc_pos 234116
alloc_pos 234216
alloc_pos 234404
alloc_pos 234572
alloc_pos 234768
alloc_pos 235000
alloc_pos 235136
alloc_pos 235232
alloc_pos 235436
alloc_pos 235556
alloc_pos 235804
alloc_pos 235996
alloc_pos 236108
alloc_pos 236136
alloc_pos 236400
alloc_pos 236540
alloc_pos 236652
alloc_pos 236716
alloc_pos 236896
alloc_pos 236948
alloc_pos 237096
alloc_pos 237132
alloc_pos 237208
alloc_pos 237428
alloc_pos 237524
alloc_pos 237580
alloc_pos 237792
alloc_pos 237876
alloc_pos 238000
alloc_pos 238124
alloc_pos 238380
alloc_pos 238624
alloc_pos 238772
alloc_pos 238816
alloc_pos 238880
alloc_pos 239016
alloc_pos 239140
alloc_pos 239304
alloc_pos 239396
alloc_pos 239644
alloc_pos 239700
alloc_pos 239932
alloc_pos 240064
alloc_pos 240308
alloc_pos 240472
alloc_pos 240564
alloc_pos 240768
alloc_pos 240896
alloc_pos 241008
alloc_pos 241204
alloc_pos 241452
alloc_pos 241572
alloc_pos 241652
alloc_pos 241712
alloc_pos 241756
alloc_pos 241824
alloc_pos 241884
alloc_pos 241964
alloc_pos 242156
alloc_pos 242236
alloc_pos 242260
alloc_pos 242408
alloc_pos 242644
alloc_pos 242816
alloc_pos 242884
alloc_pos 242972
alloc_pos 243068
alloc_pos 243092
alloc_pos 243152
alloc_pos 243280
alloc_pos 243440
alloc_pos 243556
alloc_pos 243736
alloc_pos 243904
alloc_pos 244008
alloc_pos 244272
alloc_pos 244328
alloc_pos 244528
alloc_pos 244768
alloc_pos 244920
alloc_pos 245184
alloc_pos 245364
alloc_pos 245552
alloc_pos 245748
alloc_pos 245960
alloc_pos 245996
alloc_pos 246136
alloc_pos 246388
alloc_pos 246632
alloc_pos 246852
alloc_pos 247116
alloc_pos 247360
alloc_pos 247556
alloc_pos 247784
alloc_pos 247948
alloc_pos 248072
alloc_pos 248196
alloc_pos 248320
alloc_pos 248444
alloc_pos 248492
alloc_pos 248636
alloc_pos 248820
alloc_pos 248944
alloc_pos 248980
alloc_pos 249052
alloc_pos 249092
alloc_pos 249168
alloc_pos 249304
alloc_pos 249368
alloc_pos 249420
alloc_pos 249528
alloc_pos 249704
alloc_pos 249740
alloc_pos 249788
alloc_pos 249812
alloc_pos 249980
alloc_pos 250040
alloc_pos 250144
alloc_pos 250408
alloc_pos 250468
alloc_pos 250592
alloc_pos 250780
alloc_pos 250816
alloc_pos 250856
alloc_pos 251088
alloc_pos 251248
alloc_pos 251296
alloc_pos 251412
alloc_pos 251584
alloc_pos 251620
alloc_pos 251876
alloc_pos 252028
alloc_pos 252104
alloc_pos 252136
alloc_pos 252180
alloc_pos 252312
alloc_pos 252440
alloc_pos 252480
alloc_pos 252564
alloc_pos 252608
alloc_pos 252772
alloc_pos 252904
alloc_pos 252940
alloc_pos 253172
alloc_pos 253340
alloc_pos 253392
alloc_pos 253656
alloc_pos 253736
alloc_pos 253920
alloc_pos 254104
alloc_pos 254276
alloc_pos 254540
alloc_pos 254576
alloc_pos 254744
alloc_pos 254916
alloc_pos 255040
alloc_pos 255076
alloc_pos 255156
alloc_pos 255188
alloc_pos 255352
alloc_pos 255592
alloc_pos 255648
alloc_pos 255744
alloc_pos 255872
alloc_pos 255932
alloc_pos 256092
alloc_pos 256144
alloc_pos 256312
alloc_pos 256412
alloc_pos 256576
alloc_pos 256808
alloc_pos 257004
alloc_pos 257072
alloc_pos 257120
alloc_pos 257292
alloc_pos 257460
alloc_pos 257644
alloc_pos 257716
alloc_pos 257832
alloc_pos 257880
alloc_pos 258044
alloc_pos 258248
alloc_pos 258288
alloc_pos 258456
alloc_pos 258492
alloc_pos 258672
alloc_pos 258748
alloc_pos 258896
alloc_pos 259092
alloc_pos 259252
alloc_pos 259384
alloc_pos 259604
alloc_pos 259708
alloc_pos 259848
alloc_pos 260020
alloc_pos 260280
alloc_pos 260420
alloc_pos 260536
alloc_pos 260636
alloc_pos 260720
alloc_pos 260944
alloc_pos 261012
alloc_pos 261212
alloc_pos 261432
alloc_pos 261516
alloc_pos 261560
alloc_pos 261728
alloc_pos 261828
alloc_pos 261984
alloc_pos -1

