reason: unexpected exit code -6
--- stdout ---
CHENEY GENERATOR!
--- stderr ---
alloc_pos 8
alloc_pos 1040
alloc_pos 2072
alloc_pos 3104
alloc_pos 3368
alloc_pos 3472
alloc_pos 3736
alloc_pos 3796
alloc_pos 3920
alloc_pos 4108
alloc_pos 4144
alloc_pos 4184
alloc_pos 4416
alloc_pos 4576
alloc_pos 4624
alloc_pos 4740
alloc_pos 4912
alloc_pos 4948
alloc_pos 5204
alloc_pos 5356
alloc_pos 5432
alloc_pos 5464
alloc_pos 5508
alloc_pos 5640
alloc_pos 5768
alloc_pos 5808
alloc_pos 5892
alloc_pos 5936
alloc_pos 6100
alloc_pos 6232
alloc_pos 6268
alloc_pos 6500
alloc_pos 6668
alloc_pos 6720
alloc_pos 6984
alloc_pos 7064
alloc_pos 7248
alloc_pos 7432
alloc_pos 7604
alloc_pos 7868
alloc_pos 7904
alloc_pos 8072
alloc_pos 8244
alloc_pos 8368
alloc_pos 8404
alloc_pos 8484
alloc_pos 8516
alloc_pos 8680
alloc_pos 8920
alloc_pos 8976
alloc_pos 9072
alloc_pos 9200
alloc_pos 9260
alloc_pos 9420
alloc_pos 9472
alloc_pos 9640
alloc_pos 9740
alloc_pos 9904
alloc_pos 10136
alloc_pos 10332
alloc_pos 10400
alloc_pos 10448
alloc_pos 10620
alloc_pos 10788
alloc_pos 10972
alloc_pos 11044
alloc_pos 11160
alloc_pos 11208
alloc_pos 11372
alloc_pos 11576
alloc_pos 11616
alloc_pos 11784
alloc_pos 11820
alloc_pos 12000
alloc_pos 12076
alloc_pos 12224
alloc_pos 12420
alloc_pos 12580
alloc_pos 12712
alloc_pos 12932
alloc_pos 13036
alloc_pos 13176
alloc_pos 13348
alloc_pos 13608
alloc_pos 13748
alloc_pos 13864
alloc_pos 13964
alloc_pos 14048
alloc_pos 14272
alloc_pos 14340
alloc_pos 14540
alloc_pos 14760
alloc_pos 14844
alloc_pos 14888
alloc_pos 15056
alloc_pos 15156
alloc_pos 15312
alloc_pos 15460
alloc_pos 15708
alloc_pos 15816
alloc_pos 16024
alloc_pos 16160
alloc_pos 16256
alloc_pos 16432
alloc_pos 16472
alloc_pos 16524
alloc_pos 16676
alloc_pos 16804
alloc_pos 16868
alloc_pos 17084
alloc_pos 17192
alloc_pos 17252
alloc_pos 17512
alloc_pos 17660
alloc_pos 17788
alloc_pos 17820
alloc_pos 18012
alloc_pos 18052
alloc_pos 18268
alloc_pos 18432
alloc_pos 18600
alloc_pos 18824
alloc_pos 19072
alloc_pos 19304
alloc_pos 19408
alloc_pos 19516
alloc_pos 19716
alloc_pos 19828
alloc_pos 20004
alloc_pos 20152
alloc_pos 20324
alloc_pos 20552
alloc_pos 20692
alloc_pos 20732
alloc_pos 20968
alloc_pos 21012
alloc_pos 21276
alloc_pos 21368
alloc_pos 21512
alloc_pos 21712
alloc_pos 21904
alloc_pos 21944
alloc_pos 21980
alloc_pos 22188
alloc_pos 22388
alloc_pos 22488
alloc_pos 22676
alloc_pos 22844
alloc_pos 23040
alloc_pos 23272
alloc_pos 23408
alloc_pos 23504
alloc_pos 23708
alloc_pos 23828
alloc_pos 24076
alloc_pos 24268
alloc_pos 24380
alloc_pos 24408
alloc_pos 24672
alloc_pos 24812
alloc_pos 24924
alloc_pos 24988
alloc_pos 25168
alloc_pos 25220
alloc_pos 25368
alloc_pos 25404
alloc_pos 25480
alloc_pos 25700
alloc_pos 25796
alloc_pos 25852
alloc_pos 26064
alloc_pos 26148
alloc_pos 26272
alloc_pos 26396
alloc_pos 26652
alloc_pos 26896
alloc_pos 27044
alloc_pos 27088
alloc_pos 27152
alloc_pos 27288
alloc_pos 27412
alloc_pos 27576
alloc_pos 27668
alloc_pos 27916
alloc_pos 27972
alloc_pos 28204
alloc_pos 28336
alloc_pos 28580
alloc_pos 28744
alloc_pos 28836
alloc_pos 29040
alloc_pos 29168
alloc_pos 29280
alloc_pos 29476
alloc_pos 29724
alloc_pos 29844
alloc_pos 29924
alloc_pos 29984
alloc_pos 30028
alloc_pos 30096
alloc_pos 30156
alloc_pos 30236
alloc_pos 30428
alloc_pos 30508
alloc_pos 30532
alloc_pos 30680
alloc_pos 30916
alloc_pos 31088
alloc_pos 31156
alloc_pos 31244
alloc_pos 31340
alloc_pos 31364
alloc_pos 31424
alloc_pos 31552
alloc_pos 31712
alloc_pos 31828
alloc_pos 32008
alloc_pos 32176
alloc_pos 32280
alloc_pos 32544
alloc_pos 32600
alloc_pos 32800
alloc_pos 33040
alloc_pos 33192
alloc_pos 33456
alloc_pos 33636
alloc_pos 33824
alloc_pos 34020
alloc_pos 34232
alloc_pos 34268
alloc_pos 34408
alloc_pos 34660
alloc_pos 34904
alloc_pos 35124
alloc_pos 35388
alloc_pos 35632
alloc_pos 35828
alloc_pos 36056
alloc_pos 36220
alloc_pos 36344
alloc_pos 36468
alloc_pos 36592
alloc_pos 36716
alloc_pos 36764
alloc_pos 36908
alloc_pos 37092
alloc_pos 37216
alloc_pos 37252
alloc_pos 37324
alloc_pos 37364
alloc_pos 37440
alloc_pos 37576
alloc_pos 37640
alloc_pos 37692
alloc_pos 37800
alloc_pos 37976
alloc_pos 38012
alloc_pos 38060
alloc_pos 38084
alloc_pos 38252
alloc_pos 38312
alloc_pos 38416
alloc_pos 38680
alloc_pos 38740
alloc_pos 38864
alloc_pos 39052
alloc_pos 39088
alloc_pos 39128
alloc_pos 39360
alloc_pos 39520
alloc_pos 39568
alloc_pos 39684
alloc_pos 39856
alloc_pos 39892
alloc_pos 40148
alloc_pos 40300
alloc_pos 40376
alloc_pos 40408
alloc_pos 40452
alloc_pos 40584
alloc_pos 40712
alloc_pos 40752
alloc_pos 40836
alloc_pos 40880
alloc_pos 41044
alloc_pos 41176
alloc_pos 41212
alloc_pos 41444
alloc_pos 41612
alloc_pos 41664
alloc_pos 41928
alloc_pos 42008
alloc_pos 42192
alloc_pos 42376
alloc_pos 42548
alloc_pos 42812
alloc_pos 42848
alloc_pos 43016
alloc_pos 43188
alloc_pos 43312
alloc_pos 43348
alloc_pos 43428
alloc_pos 43460
alloc_pos 43624
alloc_pos 43864
alloc_pos 43920
alloc_pos 44016
alloc_pos 44144
alloc_pos 44204
alloc_pos 44364
alloc_pos 44416
alloc_pos 44584
alloc_pos 44684
alloc_pos 44848
alloc_pos 45080
alloc_pos 45276
alloc_pos 45344
alloc_pos 45392
alloc_pos 45564
alloc_pos 45732
alloc_pos 45916
alloc_pos 45988
alloc_pos 46104
alloc_pos 46152
alloc_pos 46316
alloc_pos 46520
alloc_pos 46560
alloc_pos 46728
alloc_pos 46764
alloc_pos 46944
alloc_pos 47020
alloc_pos 47168
alloc_pos 47364
alloc_pos 47524
alloc_pos 47656
alloc_pos 47876
alloc_pos 47980
alloc_pos 48120
alloc_pos 48292
alloc_pos 48552
alloc_pos 48692
alloc_pos 48808
alloc_pos 48908
alloc_pos 48992
alloc_pos 49216
alloc_pos 49284
alloc_pos 49484
alloc_pos 49704
alloc_pos 49788
alloc_pos 49832
alloc_pos 50000
alloc_pos 50100
alloc_pos 50256
alloc_pos 50404
alloc_pos 50652
alloc_pos 50760
alloc_pos 50968
alloc_pos 51104
alloc_pos 51200
alloc_pos 51376
alloc_pos 51416
alloc_pos 51468
alloc_pos 51620
alloc_pos 51748
alloc_pos 51812
alloc_pos 52028
alloc_pos 52136
alloc_pos 52196
alloc_pos 52456
alloc_pos 52604
alloc_pos 52732
alloc_pos 52764
alloc_pos 52956
alloc_pos 52996
alloc_pos 53212
alloc_pos 53376
alloc_pos 53544
alloc_pos 53768
alloc_pos 54016
alloc_pos 54248
alloc_pos 54352
alloc_pos 54460
alloc_pos 54660
alloc_pos 54772
alloc_pos 54948
alloc_pos 55096
alloc_pos 55268
alloc_pos 55496
alloc_pos 55636
alloc_pos 55676
alloc_pos 55912
alloc_pos 55956
alloc_pos 56220
alloc_pos 56312
alloc_pos 56456
alloc_pos 56656
alloc_pos 56848
alloc_pos 56888
alloc_pos 56924
alloc_pos 57132
alloc_pos 57332
alloc_pos 57432
alloc_pos 57620
alloc_pos 57788
alloc_pos 57984
alloc_pos 58216
alloc_pos 58352
alloc_pos 58448
alloc_pos 58652
alloc_pos 58772
alloc_pos 59020
alloc_pos 59212
alloc_pos 59324
alloc_pos 59352
alloc_pos 59616
alloc_pos 59756
alloc_pos 59868
alloc_pos 59932
alloc_pos 60112
alloc_pos 60164
alloc_pos 60312
alloc_pos 60348
alloc_pos 60424
alloc_pos 60644
alloc_pos 60740
alloc_pos 60796
alloc_pos 61008
alloc_pos 61092
alloc_pos 61216
alloc_pos 61340
alloc_pos 61596
alloc_pos 61840
alloc_pos 61988
alloc_pos 62032
alloc_pos 62096
alloc_pos 62232
alloc_pos 62356
alloc_pos 62520
alloc_pos 62612
alloc_pos 62860
alloc_pos 62916
alloc_pos 63148
alloc_pos 63280
alloc_pos 63524
alloc_pos 63688
alloc_pos 63780
alloc_pos 63984
alloc_pos 64112
alloc_pos 64224
alloc_pos 64420
alloc_pos 64668
alloc_pos 64788
alloc_pos 64868
alloc_pos 64928
alloc_pos 64972
alloc_pos 65040
alloc_pos 65100
alloc_pos 65180
alloc_pos 65372
alloc_pos 65452
alloc_pos -1

