reason: unexpected exit code -6
--- stdout ---
CHENEY GENERATOR!
--- stderr ---
alloc_pos 8
alloc_pos 1040
alloc_pos 1056
alloc_pos 1160
alloc_pos 1176
alloc_pos 1440
alloc_pos 1456
alloc_pos 1516
alloc_pos 1532
alloc_pos 1656
alloc_pos 1672
alloc_pos 1860
alloc_pos 1876
alloc_pos 1912
alloc_pos 1928
alloc_pos 1968
alloc_pos 1984
alloc_pos 2216
alloc_pos 2232
alloc_pos 2392
alloc_pos 2408
alloc_pos 2456
alloc_pos 2472
alloc_pos 2588
alloc_pos 2604
alloc_pos 2776
alloc_pos 2792
alloc_pos 2828
alloc_pos 2844
alloc_pos 3100
alloc_pos 3116
alloc_pos 3268
alloc_pos 3284
alloc_pos 3360
alloc_pos 3376
alloc_pos 3408
alloc_pos 3424
alloc_pos 3468
alloc_pos 3484
alloc_pos 3616
alloc_pos 3632
alloc_pos 3760
alloc_pos 3776
alloc_pos 3816
alloc_pos 3832
alloc_pos 3916
alloc_pos 3932
alloc_pos 3976
alloc_pos 3992
alloc_pos 4156
alloc_pos 4172
alloc_pos 4304
alloc_pos 4320
alloc_pos 4356
alloc_pos 4372
alloc_pos 4604
alloc_pos 4620
alloc_pos 4788
alloc_pos 4804
alloc_pos 4856
alloc_pos 4872
alloc_pos 5136
alloc_pos 5152
alloc_pos 5232
alloc_pos 5248
alloc_pos 5432
alloc_pos 5448
alloc_pos 5632
alloc_pos 5648
alloc_pos 5820
alloc_pos 5836
alloc_pos 6100
alloc_pos 6116
alloc_pos 6152
alloc_pos 6168
alloc_pos 6336
alloc_pos 6352
alloc_pos 6524
alloc_pos 6540
alloc_pos 6664
alloc_pos 6680
alloc_pos 6716
alloc_pos 6732
alloc_pos 6812
alloc_pos 6828
alloc_pos 6860
alloc_pos 6876
alloc_pos 7040
alloc_pos 7056
alloc_pos 7296
alloc_pos 7312
alloc_pos 7368
alloc_pos 7384
alloc_pos 7480
alloc_pos 7496
alloc_pos 7624
alloc_pos 7640
alloc_pos 7700
alloc_pos 7716
alloc_pos 7876
alloc_pos 7892
alloc_pos 7944
alloc_pos 7960
alloc_pos 8128
alloc_pos 8144
alloc_pos 8244
alloc_pos 8260
alloc_pos 8424
alloc_pos 8440
alloc_pos 8672
alloc_pos 8688
alloc_pos 8884
alloc_pos 8900
alloc_pos 8968
alloc_pos 8984
alloc_pos 9032
alloc_pos 9048
alloc_pos 9220
alloc_pos 9236
alloc_pos 9404
alloc_pos 9420
alloc_pos 9604
alloc_pos 9620
alloc_pos 9692
alloc_pos 9708
alloc_pos 9824
alloc_pos 9840
alloc_pos 9888
alloc_pos 9904
alloc_pos 10068
alloc_pos 10084
alloc_pos 10288
alloc_pos 10304
alloc_pos 10344
alloc_pos 10360
alloc_pos 10528
alloc_pos 10544
alloc_pos 10580
alloc_pos 10596
alloc_pos 10776
alloc_pos 10792
alloc_pos 10868
alloc_pos 10884
alloc_pos 11032
alloc_pos 11048
alloc_pos 11244
alloc_pos 11260
alloc_pos 11420
alloc_pos 11436
alloc_pos 11568
alloc_pos 11584
alloc_pos 11804
alloc_pos 11820
alloc_pos 11924
alloc_pos 11940
alloc_pos 12080
alloc_pos 12096
alloc_pos 12268
alloc_pos 12284
alloc_pos 12544
alloc_pos 12560
alloc_pos 12700
alloc_pos 12716
alloc_pos 12832
alloc_pos 12848
alloc_pos 12948
alloc_pos 12964
alloc_pos 13048
alloc_pos 13064
alloc_pos 13288
alloc_pos 13304
alloc_pos 13372
alloc_pos 13388
alloc_pos 13588
alloc_pos 13604
alloc_pos 13824
alloc_pos 13840
alloc_pos 13924
alloc_pos 13940
alloc_pos 13984
alloc_pos 14000
alloc_pos 14168
alloc_pos 14184
alloc_pos 14284
alloc_pos 14300
alloc_pos 14456
alloc_pos 14472
alloc_pos 14620
alloc_pos 14636
alloc_pos 14884
alloc_pos 14900
alloc_pos 15008
alloc_pos 15024
alloc_pos 15232
alloc_pos 15248
alloc_pos 15384
alloc_pos 15400
alloc_pos 15496
alloc_pos 15512
alloc_pos 15688
alloc_pos 15704
alloc_pos 15744
alloc_pos 15760
alloc_pos 15812
alloc_pos 15828
alloc_pos 15980
alloc_pos 15996
alloc_pos 16124
alloc_pos 16140
alloc_pos 16204
alloc_pos 16220
alloc_pos 16436
alloc_pos 16452
alloc_pos 16560
alloc_pos 16576
alloc_pos 16636
alloc_pos 16652
alloc_pos 16912
alloc_pos 16928
alloc_pos 17076
alloc_pos 17092
alloc_pos 17220
alloc_pos 17236
alloc_pos 17268
alloc_pos 17284
alloc_pos 17476
alloc_pos 17492
alloc_pos 17532
alloc_pos 17548
alloc_pos 17764
alloc_pos 17780
alloc_pos 17944
alloc_pos 17960
alloc_pos 18128
alloc_pos 18144
alloc_pos 18368
alloc_pos 18384
alloc_pos 18632
alloc_pos 18648
alloc_pos 18880
alloc_pos 18896
alloc_pos 19000
alloc_pos 19016
alloc_pos 19124
alloc_pos 19140
alloc_pos 19340
alloc_pos 19356
alloc_pos 19468
alloc_pos 19484
alloc_pos 19660
alloc_pos 19676
alloc_pos 19824
alloc_pos 19840
alloc_pos 20012
alloc_pos 20028
alloc_pos 20256
alloc_pos 20272
alloc_pos 20412
alloc_pos 20428
alloc_pos 20468
alloc_pos 20484
alloc_pos 20720
alloc_pos 20736
alloc_pos 20780
alloc_pos 20796
alloc_pos 21060
alloc_pos 21076
alloc_pos 21168
alloc_pos 21184
alloc_pos 21328
alloc_pos 21344
alloc_pos 21544
alloc_pos 21560
alloc_pos 21752
alloc_pos 21768
alloc_pos 21808
alloc_pos 21824
alloc_pos 21860
alloc_pos 21876
alloc_pos 22084
alloc_pos 22100
alloc_pos 22300
alloc_pos 22316
alloc_pos 22416
alloc_pos 22432
alloc_pos 22620
alloc_pos 22636
alloc_pos 22804
alloc_pos 22820
alloc_pos 23016
alloc_pos 23032
alloc_pos 23264
alloc_pos 23280
alloc_pos 23416
alloc_pos 23432
alloc_pos 23528
alloc_pos 23544
alloc_pos 23748
alloc_pos 23764
alloc_pos 23884
alloc_pos 23900
alloc_pos 24148
alloc_pos 24164
alloc_pos 24356
alloc_pos 24372
alloc_pos 24484
alloc_pos 24500
alloc_pos 24528
alloc_pos 24544
alloc_pos 24808
alloc_pos 24824
alloc_pos 24964
alloc_pos 24980
alloc_pos 25092
alloc_pos 25108
alloc_pos 25172
alloc_pos 25188
alloc_pos 25368
alloc_pos 25384
alloc_pos 25436
alloc_pos 25452
alloc_pos 25600
alloc_pos 25616
alloc_pos 25652
alloc_pos 25668
alloc_pos 25744
alloc_pos 25760
alloc_pos 25980
alloc_pos 25996
alloc_pos 26092
alloc_pos 26108
alloc_pos 26164
alloc_pos 26180
alloc_pos 26392
alloc_pos 26408
alloc_pos 26492
alloc_pos 26508
alloc_pos 26632
alloc_pos 26648
alloc_pos 26772
alloc_pos 26788
alloc_pos 27044
alloc_pos 27060
alloc_pos 27304
alloc_pos 27320
alloc_pos 27468
alloc_pos 27484
alloc_pos 27528
alloc_pos 27544
alloc_pos 27608
alloc_pos 27624
alloc_pos 27760
alloc_pos 27776
alloc_pos 27900
alloc_pos 27916
alloc_pos 28080
alloc_pos 28096
alloc_pos 28188
alloc_pos 28204
alloc_pos 28452
alloc_pos 28468
alloc_pos 28524
alloc_pos 28540
alloc_pos 28772
alloc_pos 28788
alloc_pos 28920
alloc_pos 28936
alloc_pos 29180
alloc_pos 29196
alloc_pos 29360
alloc_pos 29376
alloc_pos 29468
alloc_pos 29484
alloc_pos 29688
alloc_pos 29704
alloc_pos 29832
alloc_pos 29848
alloc_pos 29960
alloc_pos 29976
alloc_pos 30172
alloc_pos 30188
alloc_pos 30436
alloc_pos 30452
alloc_pos 30572
alloc_pos 30588
alloc_pos 30668
alloc_pos 30684
alloc_pos 30744
alloc_pos 30760
alloc_pos 30804
alloc_pos 30820
alloc_pos 30888
alloc_pos 30904
alloc_pos 30964
alloc_pos 30980
alloc_pos 31060
alloc_pos 31076
alloc_pos 31268
alloc_pos 31284
alloc_pos 31364
alloc_pos 31380
alloc_pos 31404
alloc_pos 31420
alloc_pos 31568
alloc_pos 31584
alloc_pos 31820
alloc_pos 31836
alloc_pos 32008
alloc_pos 32024
alloc_pos 32092
alloc_pos 32108
alloc_pos 32196
alloc_pos 32212
alloc_pos 32308
alloc_pos 32324
alloc_pos 32348
alloc_pos 32364
alloc_pos 32424
alloc_pos 32440
alloc_pos 32568
alloc_pos 32584
alloc_pos 32744
alloc_pos 32760
alloc_pos 32876
alloc_pos 32892
alloc_pos 33072
alloc_pos 33088
alloc_pos 33256
alloc_pos 33272
alloc_pos 33376
alloc_pos 33392
alloc_pos 33656
alloc_pos 33672
alloc_pos 33728
alloc_pos 33744
alloc_pos 33944
alloc_pos 33960
alloc_pos 34200
alloc_pos 34216
alloc_pos 34368
alloc_pos 34384
alloc_pos 34648
alloc_pos 34664
alloc_pos 34844
alloc_pos 34860
alloc_pos 35048
alloc_pos 35064
alloc_pos 35260
alloc_pos 35276
alloc_pos 35488
alloc_pos 35504
alloc_pos 35540
alloc_pos 35556
alloc_pos 35696
alloc_pos 35712
alloc_pos 35964
alloc_pos 35980
alloc_pos 36224
alloc_pos 36240
alloc_pos 36460
alloc_pos 36476
alloc_pos 36740
alloc_pos 36756
alloc_pos 37000
alloc_pos 37016
alloc_pos 37212
alloc_pos 37228
alloc_pos 37456
alloc_pos 37472
alloc_pos 37636
alloc_pos 37652
alloc_pos 37776
alloc_pos 37792
alloc_pos 37916
alloc_pos 37932
alloc_pos 38056
alloc_pos 38072
alloc_pos 38196
alloc_pos 38212
alloc_pos 38260
alloc_pos 38276
alloc_pos 38420
alloc_pos 38436
alloc_pos 38620
alloc_pos 38636
alloc_pos 38760
alloc_pos 38776
alloc_pos 38812
alloc_pos 38828
alloc_pos 38900
alloc_pos 38916
alloc_pos 38956
alloc_pos 38972
alloc_pos 39048
alloc_pos 39064
alloc_pos 39200
alloc_pos 39216
alloc_pos 39280
alloc_pos 39296
alloc_pos 39348
alloc_pos 39364
alloc_pos 39472
alloc_pos 39488
alloc_pos 39664
alloc_pos 39680
alloc_pos 39716
alloc_pos 39732
alloc_pos 39780
alloc_pos 39796
alloc_pos 39820
alloc_pos 39836
alloc_pos 40004
alloc_pos 40020
alloc_pos 40080
alloc_pos 40184
alloc_pos 40448
alloc_pos 40508
alloc_pos 40632
alloc_pos 40820
alloc_pos 40856
alloc_pos 40896
alloc_pos 41128
alloc_pos 41288
alloc_pos 41336
alloc_pos 41452
alloc_pos 41624
alloc_pos 41660
alloc_pos 41916
alloc_pos 42068
alloc_pos 42144
alloc_pos 42176
alloc_pos 42220
alloc_pos 42352
alloc_pos 42480
alloc_pos 42520
alloc_pos 42604
alloc_pos 42648
alloc_pos 42812
alloc_pos 42944
alloc_pos 42980
alloc_pos 43212
alloc_pos 43380
alloc_pos 43432
alloc_pos 43696
alloc_pos 43776
alloc_pos 43960
alloc_pos 44144
alloc_pos 44316
alloc_pos 44580
alloc_pos 44616
alloc_pos 44784
alloc_pos 44956
alloc_pos 45080
alloc_pos 45116
alloc_pos 45196
alloc_pos 45228
alloc_pos 45392
alloc_pos 45632
alloc_pos 45688
alloc_pos 45784
alloc_pos 45912
alloc_pos 45972
alloc_pos 46132
alloc_pos 46184
alloc_pos 46352
alloc_pos 46452
alloc_pos 46616
alloc_pos 46848
alloc_pos 47044
alloc_pos 47112
alloc_pos 47160
alloc_pos 47332
alloc_pos 47500
alloc_pos 47684
alloc_pos 47756
alloc_pos 47872
alloc_pos 47920
alloc_pos 48084
alloc_pos 48288
alloc_pos 48328
alloc_pos 48496
alloc_pos 48532
alloc_pos 48712
alloc_pos 48788
alloc_pos 48936
alloc_pos 49132
alloc_pos 49292
alloc_pos 49424
alloc_pos 49644
alloc_pos 49748
alloc_pos 49888
alloc_pos 50060
alloc_pos 50320
alloc_pos 50460
alloc_pos 50576
alloc_pos 50676
alloc_pos 50760
alloc_pos 50984
alloc_pos 51052
alloc_pos 51252
alloc_pos 51472
alloc_pos 51556
alloc_pos 51600
alloc_pos 51768
alloc_pos 51868
alloc_pos 52024
alloc_pos 52172
alloc_pos 52420
alloc_pos 52528
alloc_pos 52736
alloc_pos 52872
alloc_pos 52968
alloc_pos 53144
alloc_pos 53184
alloc_pos 53236
alloc_pos 53388
alloc_pos 53516
alloc_pos 53580
alloc_pos 53796
alloc_pos 53904
alloc_pos 53964
alloc_pos 54224
alloc_pos 54372
alloc_pos 54500
alloc_pos 54532
alloc_pos 54724
alloc_pos 54764
alloc_pos 54980
alloc_pos 55144
alloc_pos 55312
alloc_pos 55536
alloc_pos 55784
alloc_pos 56016
alloc_pos 56120
alloc_pos 56228
alloc_pos 56428
alloc_pos 56540
alloc_pos 56716
alloc_pos 56864
alloc_pos 57036
alloc_pos 57264
alloc_pos 57404
alloc_pos 57444
alloc_pos 57680
alloc_pos 57724
alloc_pos 57988
alloc_pos 58080
alloc_pos 58224
alloc_pos 58424
alloc_pos 58616
alloc_pos 58656
alloc_pos 58692
alloc_pos 58900
alloc_pos 59100
alloc_pos 59200
alloc_pos 59388
alloc_pos 59556
alloc_pos 59752
alloc_pos 59984
alloc_pos 60120
alloc_pos 60216
alloc_pos 60420
alloc_pos 60540
alloc_pos 60788
alloc_pos 60980
alloc_pos 61092
alloc_pos 61120
alloc_pos 61384
alloc_pos 61524
alloc_pos 61636
alloc_pos 61700
alloc_pos 61880
alloc_pos 61932
alloc_pos 62080
alloc_pos 62116
alloc_pos 62192
alloc_pos 62412
alloc_pos 62508
alloc_pos 62564
alloc_pos 62776
alloc_pos 62860
alloc_pos 62984
alloc_pos 63108
alloc_pos 63364
alloc_pos 63608
alloc_pos 63756
alloc_pos 63800
alloc_pos 63864
alloc_pos 64000
alloc_pos 64124
alloc_pos 64288
alloc_pos 64380
alloc_pos 64628
alloc_pos 64684
alloc_pos 64916
alloc_pos 65048
alloc_pos 65292
alloc_pos 65456
alloc_pos 65548
alloc_pos 65752
alloc_pos 65880
alloc_pos 65992
alloc_pos 66188
alloc_pos 66436
alloc_pos 66556
alloc_pos 66636
alloc_pos 66696
alloc_pos 66740
alloc_pos 66808
alloc_pos 66868
alloc_pos 66948
alloc_pos 67140
alloc_pos 67220
alloc_pos 67244
alloc_pos 67392
alloc_pos 67628
alloc_pos 67800
alloc_pos 67868
alloc_pos 67956
alloc_pos 68052
alloc_pos 68076
alloc_pos 68136
alloc_pos 68264
alloc_pos 68424
alloc_pos 68540
alloc_pos 68720
alloc_pos 68888
alloc_pos 68992
alloc_pos 69256
alloc_pos 69312
alloc_pos 69512
alloc_pos 69752
alloc_pos 69904
alloc_pos 70168
alloc_pos 70348
alloc_pos 70536
alloc_pos 70732
alloc_pos 70944
alloc_pos 70980
alloc_pos 71120
alloc_pos 71372
alloc_pos 71616
alloc_pos 71836
alloc_pos 72100
alloc_pos 72344
alloc_pos 72540
alloc_pos 72768
alloc_pos 72932
alloc_pos 73056
alloc_pos 73180
alloc_pos 73304
alloc_pos 73428
alloc_pos 73476
alloc_pos 73620
alloc_pos 73804
alloc_pos 73928
alloc_pos 73964
alloc_pos 74036
alloc_pos 74076
alloc_pos 74152
alloc_pos 74288
alloc_pos 74352
alloc_pos 74404
alloc_pos 74512
alloc_pos 74688
alloc_pos 74724
alloc_pos 74772
alloc_pos 74796
alloc_pos 74964
alloc_pos 75024
alloc_pos 75128
alloc_pos 75392
alloc_pos 75452
alloc_pos 75576
alloc_pos 75764
alloc_pos 75800
alloc_pos 75840
alloc_pos 76072
alloc_pos 76232
alloc_pos 76280
alloc_pos 76396
alloc_pos 76568
alloc_pos 76604
alloc_pos 76860
alloc_pos 77012
alloc_pos 77088
alloc_pos 77120
alloc_pos 77164
alloc_pos 77296
alloc_pos 77424
alloc_pos 77464
alloc_pos 77548
alloc_pos 77592
alloc_pos 77756
alloc_pos 77888
alloc_pos 77924
alloc_pos 78156
alloc_pos 78324
alloc_pos 78376
alloc_pos 78640
alloc_pos 78720
alloc_pos 78904
alloc_pos 79088
alloc_pos 79260
alloc_pos 79524
alloc_pos 79560
alloc_pos 79728
alloc_pos 79900
alloc_pos 80024
alloc_pos 80060
alloc_pos 80140
alloc_pos 80172
alloc_pos 80336
alloc_pos 80576
alloc_pos 80632
alloc_pos 80728
alloc_pos 80856
alloc_pos 80916
alloc_pos 81076
alloc_pos 81128
alloc_pos 81296
alloc_pos 81396
alloc_pos 81560
alloc_pos 81792
alloc_pos 81988
alloc_pos 82056
alloc_pos 82104
alloc_pos 82276
alloc_pos 82444
alloc_pos 82628
alloc_pos 82700
alloc_pos 82816
alloc_pos 82864
alloc_pos 83028
alloc_pos 83232
alloc_pos 83272
alloc_pos 83440
alloc_pos 83476
alloc_pos 83656
alloc_pos 83732
alloc_pos 83880
alloc_pos 84076
alloc_pos 84236
alloc_pos 84368
alloc_pos 84588
alloc_pos 84692
alloc_pos 84832
alloc_pos 85004
alloc_pos 85264
alloc_pos 85404
alloc_pos 85520
alloc_pos 85620
alloc_pos 85704
alloc_pos 85928
alloc_pos 85996
alloc_pos 86196
alloc_pos 86416
alloc_pos 86500
alloc_pos 86544
alloc_pos 86712
alloc_pos 86812
alloc_pos 86968
alloc_pos 87116
alloc_pos 87364
alloc_pos 87472
alloc_pos 87680
alloc_pos 87816
alloc_pos 87912
alloc_pos 88088
alloc_pos 88128
alloc_pos 88180
alloc_pos 88332
alloc_pos 88460
alloc_pos 88524
alloc_pos 88740
alloc_pos 88848
alloc_pos 88908
alloc_pos 89168
alloc_pos 89316
alloc_pos 89444
alloc_pos 89476
alloc_pos 89668
alloc_pos 89708
alloc_pos 89924
alloc_pos 90088
alloc_pos 90256
alloc_pos 90480
alloc_pos 90728
alloc_pos 90960
alloc_pos 91064
alloc_pos 91172
alloc_pos 91372
alloc_pos 91484
alloc_pos 91660
alloc_pos 91808
alloc_pos 91980
alloc_pos 92208
alloc_pos 92348
alloc_pos 92388
alloc_pos 92624
alloc_pos 92668
alloc_pos 92932
alloc_pos 93024
alloc_pos 93168
alloc_pos 93368
alloc_pos 93560
alloc_pos 93600
alloc_pos 93636
alloc_pos 93844
alloc_pos 94044
alloc_pos 94144
alloc_pos 94332
alloc_pos 94500
alloc_pos 94696
alloc_pos 94928
alloc_pos 95064
alloc_pos 95160
alloc_pos 95364
alloc_pos 95484
alloc_pos 95732
alloc_pos 95924
alloc_pos 96036
alloc_pos 96064
alloc_pos 96328
alloc_pos 96468
alloc_pos 96580
alloc_pos 96644
alloc_pos 96824
alloc_pos 96876
alloc_pos 97024
alloc_pos 97060
alloc_pos 97136
alloc_pos 97356
alloc_pos 97452
alloc_pos 97508
alloc_pos 97720
alloc_pos 97804
alloc_pos 97928
alloc_pos 98052
alloc_pos 98308
alloc_pos 98552
alloc_pos 98700
alloc_pos 98744
alloc_pos 98808
alloc_pos 98944
alloc_pos 99068
alloc_pos 99232
alloc_pos 99324
alloc_pos 99572
alloc_pos 99628
alloc_pos 99860
alloc_pos 99992
alloc_pos 100236
alloc_pos 100400
alloc_pos 100492
alloc_pos 100696
alloc_pos 100824
alloc_pos 100936
alloc_pos 101132
alloc_pos 101380
alloc_pos 101500
alloc_pos 101580
alloc_pos 101640
alloc_pos 101684
alloc_pos 101752
alloc_pos 101812
alloc_pos 101892
alloc_pos 102084
alloc_pos 102164
alloc_pos 102188
alloc_pos 102336
alloc_pos 102572
alloc_pos 102744
alloc_pos 102812
alloc_pos 102900
alloc_pos 102996
alloc_pos 103020
alloc_pos 103080
alloc_pos 103208
alloc_pos 103368
alloc_pos 103484
alloc_pos 103664
alloc_pos 103832
alloc_pos 103936
alloc_pos 104200
alloc_pos 104256
alloc_pos 104456
alloc_pos 104696
alloc_pos 104848
alloc_pos 105112
alloc_pos 105292
alloc_pos 105480
alloc_pos 105676
alloc_pos 105888
alloc_pos 105924
alloc_pos 106064
alloc_pos 106316
alloc_pos 106560
alloc_pos 106780
alloc_pos 107044
alloc_pos 107288
alloc_pos 107484
alloc_pos 107712
alloc_pos 107876
alloc_pos 108000
alloc_pos 108124
alloc_pos 108248
alloc_pos 108372
alloc_pos 108420
alloc_pos 108564
alloc_pos 108748
alloc_pos 108872
alloc_pos 108908
alloc_pos 108980
alloc_pos 109020
alloc_pos 109096
alloc_pos 109232
alloc_pos 109296
alloc_pos 109348
alloc_pos 109456
alloc_pos 109632
alloc_pos 109668
alloc_pos 109716
alloc_pos 109740
alloc_pos 109908
alloc_pos 109968
alloc_pos 110072
alloc_pos 110336
alloc_pos 110396
alloc_pos 110520
alloc_pos 110708
alloc_pos 110744
alloc_pos 110784
alloc_pos 111016
alloc_pos 111176
alloc_pos 111224
alloc_pos 111340
alloc_pos 111512
alloc_pos 111548
alloc_pos 111804
alloc_pos 111956
alloc_pos 112032
alloc_pos 112064
alloc_pos 112108
alloc_pos 112240
alloc_pos 112368
alloc_pos 112408
alloc_pos 112492
alloc_pos 112536
alloc_pos 112700
alloc_pos 112832
alloc_pos 112868
alloc_pos 113100
alloc_pos 113268
alloc_pos 113320
alloc_pos 113584
alloc_pos 113664
alloc_pos 113848
alloc_pos 114032
alloc_pos 114204
alloc_pos 114468
alloc_pos 114504
alloc_pos 114672
alloc_pos 114844
alloc_pos 114968
alloc_pos 115004
alloc_pos 115084
alloc_pos 115116
alloc_pos 115280
alloc_pos 115520
alloc_pos 115576
alloc_pos 115672
alloc_pos 115800
alloc_pos 115860
alloc_pos 116020
alloc_pos 116072
alloc_pos 116240
alloc_pos 116340
alloc_pos 116504
alloc_pos 116736
alloc_pos 116932
alloc_pos 117000
alloc_pos 117048
alloc_pos 117220
alloc_pos 117388
alloc_pos 117572
alloc_pos 117644
alloc_pos 117760
alloc_pos 117808
alloc_pos 117972
alloc_pos 118176
alloc_pos 118216
alloc_pos 118384
alloc_pos 118420
alloc_pos 118600
alloc_pos 118676
alloc_pos 118824
alloc_pos 119020
alloc_pos 119180
alloc_pos 119312
alloc_pos 119532
alloc_pos 119636
alloc_pos 119776
alloc_pos 119948
alloc_pos 120208
alloc_pos 120348
alloc_pos 120464
alloc_pos 120564
alloc_pos 120648
alloc_pos 120872
alloc_pos 120940
alloc_pos 121140
alloc_pos 121360
alloc_pos 121444
alloc_pos 121488
alloc_pos 121656
alloc_pos 121756
alloc_pos 121912
alloc_pos 122060
alloc_pos 122308
alloc_pos 122416
alloc_pos 122624
alloc_pos 122760
alloc_pos 122856
alloc_pos 123032
alloc_pos 123072
alloc_pos 123124
alloc_pos 123276
alloc_pos 123404
alloc_pos 123468
alloc_pos 123684
alloc_pos 123792
alloc_pos 123852
alloc_pos 124112
alloc_pos 124260
alloc_pos 124388
alloc_pos 124420
alloc_pos 124612
alloc_pos 124652
alloc_pos 124868
alloc_pos 125032
alloc_pos 125200
alloc_pos 125424
alloc_pos 125672
alloc_pos 125904
alloc_pos 126008
alloc_pos 126116
alloc_pos 126316
alloc_pos 126428
alloc_pos 126604
alloc_pos 126752
alloc_pos 126924
alloc_pos 127152
alloc_pos 127292
alloc_pos 127332
alloc_pos 127568
alloc_pos 127612
alloc_pos 127876
alloc_pos 127968
alloc_pos 128112
alloc_pos 128312
alloc_pos 128504
alloc_pos 128544
alloc_pos 128580
alloc_pos 128788
alloc_pos 128988
alloc_pos 129088
alloc_pos 129276
alloc_pos 129444
alloc_pos 129640
alloc_pos 129872
alloc_pos 130008
alloc_pos 130104
alloc_pos 130308
alloc_pos 130428
alloc_pos 130676
alloc_pos 130868
alloc_pos 130980
alloc_pos 131008
alloc_pos 131272
alloc_pos 131412
alloc_pos 131524
alloc_pos 131588
alloc_pos 131768
alloc_pos 131820
alloc_pos 131968
alloc_pos 132004
alloc_pos 132080
alloc_pos 132300
alloc_pos 132396
alloc_pos 132452
alloc_pos 132664
alloc_pos 132748
alloc_pos 132872
alloc_pos 132996
alloc_pos 133252
alloc_pos 133496
alloc_pos 133644
alloc_pos 133688
alloc_pos 133752
alloc_pos 133888
alloc_pos 134012
alloc_pos 134176
alloc_pos 134268
alloc_pos 134516
alloc_pos 134572
alloc_pos 134804
alloc_pos 134936
alloc_pos 135180
alloc_pos 135344
alloc_pos 135436
alloc_pos 135640
alloc_pos 135768
alloc_pos 135880
alloc_pos 136076
alloc_pos 136324
alloc_pos 136444
alloc_pos 136524
alloc_pos 136584
alloc_pos 136628
alloc_pos 136696
alloc_pos 136756
alloc_pos 136836
alloc_pos 137028
alloc_pos 137108
alloc_pos 137132
alloc_pos 137280
alloc_pos 137516
alloc_pos 137688
alloc_pos 137756
alloc_pos 137844
alloc_pos 137940
alloc_pos 137964
alloc_pos 138024
alloc_pos 138152
alloc_pos 138312
alloc_pos 138428
alloc_pos 138608
alloc_pos 138776
alloc_pos 138880
alloc_pos 139144
alloc_pos 139200
alloc_pos 139400
alloc_pos 139640
alloc_pos 139792
alloc_pos 140056
alloc_pos 140236
alloc_pos 140424
alloc_pos 140620
alloc_pos 140832
alloc_pos 140868
alloc_pos 141008
alloc_pos 141260
alloc_pos 141504
alloc_pos 141724
alloc_pos 141988
alloc_pos 142232
alloc_pos 142428
alloc_pos 142656
alloc_pos 142820
alloc_pos 142944
alloc_pos 143068
alloc_pos 143192
alloc_pos 143316
alloc_pos 143364
alloc_pos 143508
alloc_pos 143692
alloc_pos 143816
alloc_pos 143852
alloc_pos 143924
alloc_pos 143964
alloc_pos 144040
alloc_pos 144176
alloc_pos 144240
alloc_pos 144292
alloc_pos 144400
alloc_pos 144576
alloc_pos 144612
alloc_pos 144660
alloc_pos 144684
alloc_pos 144852
alloc_pos 144912
alloc_pos 145016
alloc_pos 145280
alloc_pos 145340
alloc_pos 145464
alloc_pos 145652
alloc_pos 145688
alloc_pos 145728
alloc_pos 145960
alloc_pos 146120
alloc_pos 146168
alloc_pos 146284
alloc_pos 146456
alloc_pos 146492
alloc_pos 146748
alloc_pos 146900
alloc_pos 146976
alloc_pos 147008
alloc_pos 147052
alloc_pos 147184
alloc_pos 147312
alloc_pos 147352
alloc_pos 147436
alloc_pos 147480
alloc_pos 147644
alloc_pos 147776
alloc_pos 147812
alloc_pos 148044
alloc_pos 148212
alloc_pos 148264
alloc_pos 148528
alloc_pos 148608
alloc_pos 148792
alloc_pos 148976
alloc_pos 149148
alloc_pos 149412
alloc_pos 149448
alloc_pos 149616
alloc_pos 149788
alloc_pos 149912
alloc_pos 149948
alloc_pos 150028
alloc_pos 150060
alloc_pos 150224
alloc_pos 150464
alloc_pos 150520
alloc_pos 150616
alloc_pos 150744
alloc_pos 150804
alloc_pos 150964
alloc_pos 151016
alloc_pos 151184
alloc_pos 151284
alloc_pos 151448
alloc_pos 151680
alloc_pos 151876
alloc_pos 151944
alloc_pos 151992
alloc_pos 152164
alloc_pos 152332
alloc_pos 152516
alloc_pos 152588
alloc_pos 152704
alloc_pos 152752
alloc_pos 152916
alloc_pos 153120
alloc_pos 153160
alloc_pos 153328
alloc_pos 153364
alloc_pos 153544
alloc_pos 153620
alloc_pos 153768
alloc_pos 153964
alloc_pos 154124
alloc_pos 154256
alloc_pos 154476
alloc_pos 154580
alloc_pos 154720
alloc_pos 154892
alloc_pos 155152
alloc_pos 155292
alloc_pos 155408
alloc_pos 155508
alloc_pos 155592
alloc_pos 155816
alloc_pos 155884
alloc_pos 156084
alloc_pos 156304
alloc_pos 156388
alloc_pos 156432
alloc_pos 156600
alloc_pos 156700
alloc_pos 156856
alloc_pos 157004
alloc_pos 157252
alloc_pos 157360
alloc_pos 157568
alloc_pos 157704
alloc_pos 157800
alloc_pos 157976
alloc_pos 158016
alloc_pos 158068
alloc_pos 158220
alloc_pos 158348
alloc_pos 158412
alloc_pos 158628
alloc_pos 158736
alloc_pos 158796
alloc_pos 159056
alloc_pos 159204
alloc_pos 159332
alloc_pos 159364
alloc_pos 159556
alloc_pos 159596
alloc_pos 159812
alloc_pos 159976
alloc_pos 160144
alloc_pos 160368
alloc_pos 160616
alloc_pos 160848
alloc_pos 160952
alloc_pos 161060
alloc_pos 161260
alloc_pos 161372
alloc_pos 161548
alloc_pos 161696
alloc_pos 161868
alloc_pos 162096
alloc_pos 162236
alloc_pos 162276
alloc_pos 162512
alloc_pos 162556
alloc_pos 162820
alloc_pos 162912
alloc_pos 163056
alloc_pos 163256
alloc_pos 163448
alloc_pos 163488
alloc_pos 163524
alloc_pos 163732
alloc_pos 163932
alloc_pos 164032
alloc_pos 164220
alloc_pos 164388
alloc_pos 164584
alloc_pos 164816
alloc_pos 164952
alloc_pos 165048
alloc_pos 165252
alloc_pos 165372
alloc_pos 165620
alloc_pos 165812
alloc_pos 165924
alloc_pos 165952
alloc_pos 166216
alloc_pos 166356
alloc_pos 166468
alloc_pos 166532
alloc_pos 166712
alloc_pos 166764
alloc_pos 166912
alloc_pos 166948
alloc_pos 167024
alloc_pos 167244
alloc_pos 167340
alloc_pos 167396
alloc_pos 167608
alloc_pos 167692
alloc_pos 167816
alloc_pos 167940
alloc_pos 168196
alloc_pos 168440
alloc_pos 168588
alloc_pos 168632
alloc_pos 168696
alloc_pos 168832
alloc_pos 168956
alloc_pos 169120
alloc_pos 169212
alloc_pos 169460
alloc_pos 169516
alloc_pos 169748
alloc_pos 169880
alloc_pos 170124
alloc_pos 170288
alloc_pos 170380
alloc_pos 170584
alloc_pos 170712
alloc_pos 170824
alloc_pos 171020
alloc_pos 171268
alloc_pos 171388
alloc_pos 171468
alloc_pos 171528
alloc_pos 171572
alloc_pos 171640
alloc_pos 171700
alloc_pos 171780
alloc_pos 171972
alloc_pos 172052
alloc_pos 172076
alloc_pos 172224
alloc_pos 172460
alloc_pos 172632
alloc_pos 172700
alloc_pos 172788
alloc_pos 172884
alloc_pos 172908
alloc_pos 172968
alloc_pos 173096
alloc_pos 173256
alloc_pos 173372
alloc_pos 173552
alloc_pos 173720
alloc_pos 173824
alloc_pos 174088
alloc_pos 174144
alloc_pos 174344
alloc_pos 174584
alloc_pos 174736
alloc_pos 175000
alloc_pos 175180
alloc_pos 175368
alloc_pos 175564
alloc_pos 175776
alloc_pos 175812
alloc_pos 175952
alloc_pos 176204
alloc_pos 176448
alloc_pos 176668
alloc_pos 176932
alloc_pos 177176
alloc_pos 177372
alloc_pos 177600
alloc_pos 177764
alloc_pos 177888
alloc_pos 178012
alloc_pos 178136
alloc_pos 178260
alloc_pos 178308
alloc_pos 178452
alloc_pos 178636
alloc_pos 178760
alloc_pos 178796
alloc_pos 178868
alloc_pos 178908
alloc_pos 178984
alloc_pos 179120
alloc_pos 179184
alloc_pos 179236
alloc_pos 179344
alloc_pos 179520
alloc_pos 179556
alloc_pos 179604
alloc_pos 179628
alloc_pos 179796
alloc_pos 179856
alloc_pos 179960
alloc_pos 180224
alloc_pos 180284
alloc_pos 180408
alloc_pos 180596
alloc_pos 180632
alloc_pos 180672
alloc_pos 180904
alloc_pos 181064
alloc_pos 181112
alloc_pos 181228
alloc_pos 181400
alloc_pos 181436
alloc_pos 181692
alloc_pos 181844
alloc_pos 181920
alloc_pos 181952
alloc_pos 181996
alloc_pos 182128
alloc_pos 182256
alloc_pos 182296
alloc_pos 182380
alloc_pos 182424
alloc_pos 182588
alloc_pos 182720
alloc_pos 182756
alloc_pos 182988
alloc_pos 183156
alloc_pos 183208
alloc_pos 183472
alloc_pos 183552
alloc_pos 183736
alloc_pos 183920
alloc_pos 184092
alloc_pos 184356
alloc_pos 184392
alloc_pos 184560
alloc_pos 184732
alloc_pos 184856
alloc_pos 184892
alloc_pos 184972
alloc_pos 185004
alloc_pos 185168
alloc_pos 185408
alloc_pos 185464
alloc_pos 185560
alloc_pos 185688
alloc_pos 185748
alloc_pos 185908
alloc_pos 185960
alloc_pos 186128
alloc_pos 186228
alloc_pos 186392
alloc_pos 186624
alloc_pos 186820
alloc_pos 186888
alloc_pos 186936
alloc_pos 187108
alloc_pos 187276
alloc_pos 187460
alloc_pos 187532
alloc_pos 187648
alloc_pos 187696
alloc_pos 187860
alloc_pos 188064
alloc_pos 188104
alloc_pos 188272
alloc_pos 188308
alloc_pos 188488
alloc_pos 188564
alloc_pos 188712
alloc_pos 188908
alloc_pos 189068
alloc_pos 189200
alloc_pos 189420
alloc_pos 189524
alloc_pos 189664
alloc_pos 189836
alloc_pos 190096
alloc_pos 190236
alloc_pos 190352
alloc_pos 190452
alloc_pos 190536
alloc_pos 190760
alloc_pos 190828
alloc_pos 191028
alloc_pos 191248
alloc_pos 191332
alloc_pos 191376
alloc_pos 191544
alloc_pos 191644
alloc_pos 191800
alloc_pos 191948
alloc_pos 192196
alloc_pos 192304
alloc_pos 192512
alloc_pos 192648
alloc_pos 192744
alloc_pos 192920
alloc_pos 192960
alloc_pos 193012
alloc_pos 193164
alloc_pos 193292
alloc_pos 193356
alloc_pos 193572
alloc_pos 193680
alloc_pos 193740
alloc_pos 194000
alloc_pos 194148
alloc_pos 194276
alloc_pos 194308
alloc_pos 194500
alloc_pos 194540
alloc_pos 194756
alloc_pos 194920
alloc_pos 195088
alloc_pos 195312
alloc_pos 195560
alloc_pos 195792
alloc_pos 195896
alloc_pos 196004
alloc_pos 196204
alloc_pos 196316
alloc_pos 196492
alloc_pos 196640
alloc_pos 196812
alloc_pos 197040
alloc_pos 197180
alloc_pos 197220
alloc_pos 197456
alloc_pos 197500
alloc_pos 197764
alloc_pos 197856
alloc_pos 198000
alloc_pos 198200
alloc_pos 198392
alloc_pos 198432
alloc_pos 198468
alloc_pos 198676
alloc_pos 198876
alloc_pos 198976
alloc_pos 199164
alloc_pos 199332
alloc_pos 199528
alloc_pos 199760
alloc_pos 199896
alloc_pos 199992
alloc_pos 200196
alloc_pos 200316
alloc_pos 200564
alloc_pos 200756
alloc_pos 200868
alloc_pos 200896
alloc_pos 201160
alloc_pos 201300
alloc_pos 201412
alloc_pos 201476
alloc_pos 201656
alloc_pos 201708
alloc_pos 201856
alloc_pos 201892
alloc_pos 201968
alloc_pos 202188
alloc_pos 202284
alloc_pos 202340
alloc_pos 202552
alloc_pos 202636
alloc_pos 202760
alloc_pos 202884
alloc_pos 203140
alloc_pos 203384
alloc_pos 203532
alloc_pos 203576
alloc_pos 203640
alloc_pos 203776
alloc_pos 203900
alloc_pos 204064
alloc_pos 204156
alloc_pos 204404
alloc_pos 204460
alloc_pos 204692
alloc_pos 204824
alloc_pos 205068
alloc_pos 205232
alloc_pos 205324
alloc_pos 205528
alloc_pos 205656
alloc_pos 205768
alloc_pos 205964
alloc_pos 206212
alloc_pos 206332
alloc_pos 206412
alloc_pos 206472
alloc_pos 206516
alloc_pos 206584
alloc_pos 206644
alloc_pos 206724
alloc_pos 206916
alloc_pos 206996
alloc_pos 207020
alloc_pos 207168
alloc_pos 207404
alloc_pos 207576
alloc_pos 207644
alloc_pos 207732
alloc_pos 207828
alloc_pos 207852
alloc_pos 207912
alloc_pos 208040
alloc_pos 208200
alloc_pos 208316
alloc_pos 208496
alloc_pos 208664
alloc_pos 208768
alloc_pos 209032
alloc_pos 209088
alloc_pos 209288
alloc_pos 209528
alloc_pos 209680
alloc_pos 209944
alloc_pos 210124
alloc_pos 210312
alloc_pos 210508
alloc_pos 210720
alloc_pos 210756
alloc_pos 210896
alloc_pos 211148
alloc_pos 211392
alloc_pos 211612
alloc_pos 211876
alloc_pos 212120
alloc_pos 212316
alloc_pos 212544
alloc_pos 212708
alloc_pos 212832
alloc_pos 212956
alloc_pos 213080
alloc_pos 213204
alloc_pos 213252
alloc_pos 213396
alloc_pos 213580
alloc_pos 213704
alloc_pos 213740
alloc_pos 213812
alloc_pos 213852
alloc_pos 213928
alloc_pos 214064
alloc_pos 214128
alloc_pos 214180
alloc_pos 214288
alloc_pos 214464
alloc_pos 214500
alloc_pos 214548
alloc_pos 214572
alloc_pos 214740
alloc_pos 214800
alloc_pos 214904
alloc_pos 215168
alloc_pos 215228
alloc_pos 215352
alloc_pos 215540
alloc_pos 215576
alloc_pos 215616
alloc_pos 215848
alloc_pos 216008
alloc_pos 216056
alloc_pos 216172
alloc_pos 216344
alloc_pos 216380
alloc_pos 216636
alloc_pos 216788
alloc_pos 216864
alloc_pos 216896
alloc_pos 216940
alloc_pos 217072
alloc_pos 217200
alloc_pos 217240
alloc_pos 217324
alloc_pos 217368
alloc_pos 217532
alloc_pos 217664
alloc_pos 217700
alloc_pos 217932
alloc_pos 218100
alloc_pos 218152
alloc_pos 218416
alloc_pos 218496
alloc_pos 218680
alloc_pos 218864
alloc_pos 219036
alloc_pos 219300
alloc_pos 219336
alloc_pos 219504
alloc_pos 219676
alloc_pos 219800
alloc_pos 219836
alloc_pos 219916
alloc_pos 219948
alloc_pos 220112
alloc_pos 220352
alloc_pos 220408
alloc_pos 220504
alloc_pos 220632
alloc_pos 220692
alloc_pos 220852
alloc_pos 220904
alloc_pos 221072
alloc_pos 221172
alloc_pos 221336
alloc_pos 221568
alloc_pos 221764
alloc_pos 221832
alloc_pos 221880
alloc_pos 222052
alloc_pos 222220
alloc_pos 222404
alloc_pos 222476
alloc_pos 222592
alloc_pos 222640
alloc_pos 222804
alloc_pos 223008
alloc_pos 223048
alloc_pos 223216
alloc_pos 223252
alloc_pos 223432
alloc_pos 223508
alloc_pos 223656
alloc_pos 223852
alloc_pos 224012
alloc_pos 224144
alloc_pos 224364
alloc_pos 224468
alloc_pos 224608
alloc_pos 224780
alloc_pos 225040
alloc_pos 225180
alloc_pos 225296
alloc_pos 225396
alloc_pos 225480
alloc_pos 225704
alloc_pos 225772
alloc_pos 225972
alloc_pos 226192
alloc_pos 226276
alloc_pos 226320
alloc_pos 226488
alloc_pos 226588
alloc_pos 226744
alloc_pos 226892
alloc_pos 227140
alloc_pos 227248
alloc_pos 227456
alloc_pos 227592
alloc_pos 227688
alloc_pos 227864
alloc_pos 227904
alloc_pos 227956
alloc_pos 228108
alloc_pos 228236
alloc_pos 228300
alloc_pos 228516
alloc_pos 228624
alloc_pos 228684
alloc_pos 228944
alloc_pos 229092
alloc_pos 229220
alloc_pos 229252
alloc_pos 229444
alloc_pos 229484
alloc_pos 229700
alloc_pos 229864
alloc_pos 230032
alloc_pos 230256
alloc_pos 230504
alloc_pos 230736
alloc_pos 230840
alloc_pos 230948
alloc_pos 231148
alloc_pos 231260
alloc_pos 231436
alloc_pos 231584
alloc_pos 231756
alloc_pos 231984
alloc_pos 232124
alloc_pos 232164
alloc_pos 232400
alloc_pos 232444
alloc_pos 232708
alloc_pos 232800
alloc_pos 232944
alloc_pos 233144
alloc_pos 233336
alloc_pos 233376
alloc_pos 233412
alloc_pos 233620
alloc_pos 233820
alloc_pos 233920
alloc_pos 234108
alloc_pos 234276
alloc_pos 234472
alloc_pos 234704
alloc_pos 234840
alloc_pos 234936
alloc_pos 235140
alloc_pos 235260
alloc_pos 235508
alloc_pos 235700
alloc_pos 235812
alloc_pos 235840
alloc_pos 236104
alloc_pos 236244
alloc_pos 236356
alloc_pos 236420
alloc_pos 236600
alloc_pos 236652
alloc_pos 236800
alloc_pos 236836
alloc_pos 236912
alloc_pos 237132
alloc_pos 237228
alloc_pos 237284
alloc_pos 237496
alloc_pos 237580
alloc_pos 237704
alloc_pos 237828
alloc_pos 238084
alloc_pos 238328
alloc_pos 238476
alloc_pos 238520
alloc_pos 238584
alloc_pos 238720
alloc_pos 238844
alloc_pos 239008
alloc_pos 239100
alloc_pos 239348
alloc_pos 239404
alloc_pos 239636
alloc_pos 239768
alloc_pos 240012
alloc_pos 240176
alloc_pos 240268
alloc_pos 240472
alloc_pos 240600
alloc_pos 240712
alloc_pos 240908
alloc_pos 241156
alloc_pos 241276
alloc_pos 241356
alloc_pos 241416
alloc_pos 241460
alloc_pos 241528
alloc_pos 241588
alloc_pos 241668
alloc_pos 241860
alloc_pos 241940
alloc_pos 241964
alloc_pos 242112
alloc_pos 242348
alloc_pos 242520
alloc_pos 242588
alloc_pos 242676
alloc_pos 242772
alloc_pos 242796
alloc_pos 242856
alloc_pos 242984
alloc_pos 243144
alloc_pos 243260
alloc_pos 243440
alloc_pos 243608
alloc_pos 243712
alloc_pos 243976
alloc_pos 244032
alloc_pos 244232
alloc_pos 244472
alloc_pos 244624
alloc_pos 244888
alloc_pos 245068
alloc_pos 245256
alloc_pos 245452
alloc_pos 245664
alloc_pos 245700
alloc_pos 245840
alloc_pos 246092
alloc_pos 246336
alloc_pos 246556
alloc_pos 246820
alloc_pos 247064
alloc_pos 247260
alloc_pos 247488
alloc_pos 247652
alloc_pos 247776
alloc_pos 247900
alloc_pos 248024
alloc_pos 248148
alloc_pos 248196
alloc_pos 248340
alloc_pos 248524
alloc_pos 248648
alloc_pos 248684
alloc_pos 248756
alloc_pos 248796
alloc_pos 248872
alloc_pos 249008
alloc_pos 249072
alloc_pos 249124
alloc_pos 249232
alloc_pos 249408
alloc_pos 249444
alloc_pos 249492
alloc_pos 249516
alloc_pos 249684
alloc_pos 249744
alloc_pos 249848
alloc_pos 250112
alloc_pos 250172
alloc_pos 250296
alloc_pos 250484
alloc_pos 250520
alloc_pos 250560
alloc_pos 250792
alloc_pos 250952
alloc_pos 251000
alloc_pos 251116
alloc_pos 251288
alloc_pos 251324
alloc_pos 251580
alloc_pos 251732
alloc_pos 251808
alloc_pos 251840
alloc_pos 251884
alloc_pos 252016
alloc_pos 252144
alloc_pos 252184
alloc_pos 252268
alloc_pos 252312
alloc_pos 252476
alloc_pos 252608
alloc_pos 252644
alloc_pos 252876
alloc_pos 253044
alloc_pos 253096
alloc_pos 253360
alloc_pos 253440
alloc_pos 253624
alloc_pos 253808
alloc_pos 253980
alloc_pos 254244
alloc_pos 254280
alloc_pos 254448
alloc_pos 254620
alloc_pos 254744
alloc_pos 254780
alloc_pos 254860
alloc_pos 254892
alloc_pos 255056
alloc_pos 255296
alloc_pos 255352
alloc_pos 255448
alloc_pos 255576
alloc_pos 255636
alloc_pos 255796
alloc_pos 255848
alloc_pos 256016
alloc_pos 256116
alloc_pos 256280
alloc_pos 256512
alloc_pos 256708
alloc_pos 256776
alloc_pos 256824
alloc_pos 256996
alloc_pos 257164
alloc_pos 257348
alloc_pos 257420
alloc_pos 257536
alloc_pos 257584
alloc_pos 257748
alloc_pos 257952
alloc_pos 257992
alloc_pos 258160
alloc_pos 258196
alloc_pos 258376
alloc_pos 258452
alloc_pos 258600
alloc_pos 258796
alloc_pos 258956
alloc_pos 259088
alloc_pos 259308
alloc_pos 259412
alloc_pos 259552
alloc_pos 259724
alloc_pos 259984
alloc_pos 260124
alloc_pos 260240
alloc_pos 260340
alloc_pos 260424
alloc_pos 260648
alloc_pos 260716
alloc_pos 260916
alloc_pos 261136
alloc_pos 261220
alloc_pos 261264
alloc_pos 261432
alloc_pos 261532
alloc_pos 261688
alloc_pos 261836
alloc_pos -1

