reason: unexpected exit code -6
--- stdout ---
CHENEY GENERATOR!
--- stderr ---
alloc_pos 8
alloc_pos 1040
alloc_pos 2072
alloc_pos 3104
alloc_pos 4136
alloc_pos 5168
alloc_pos 5432
alloc_pos 5500
alloc_pos 5524
alloc_pos 5672
alloc_pos 5712
alloc_pos 5924
alloc_pos 6080
alloc_pos 6224
alloc_pos 6480
alloc_pos 6724
alloc_pos 6972
alloc_pos 7036
alloc_pos 7188
alloc_pos 7408
alloc_pos 7640
alloc_pos 7860
alloc_pos 8088
alloc_pos 8172
alloc_pos 8248
alloc_pos 8340
alloc_pos 8384
alloc_pos 8416
alloc_pos 8492
alloc_pos 8564
alloc_pos 8736
alloc_pos 8776
alloc_pos 8972
alloc_pos 9120
alloc_pos 9184
alloc_pos 9336
alloc_pos 9548
alloc_pos 9596
alloc_pos 9764
alloc_pos 9872
alloc_pos 10012
alloc_pos 10036
alloc_pos 10188
alloc_pos 10244
alloc_pos 10488
alloc_pos 10664
alloc_pos 10776
alloc_pos 10960
alloc_pos 11016
alloc_pos 11072
alloc_pos 11272
alloc_pos 11456
alloc_pos 11596
alloc_pos 11840
alloc_pos 12060
alloc_pos 12136
alloc_pos 12268
alloc_pos 12296
alloc_pos 12520
alloc_pos 12584
alloc_pos 12724
alloc_pos 12864
alloc_pos 12964
alloc_pos 13064
alloc_pos 13156
alloc_pos 13232
alloc_pos 13360
alloc_pos 13476
alloc_pos 13728
alloc_pos 13836
alloc_pos 13944
alloc_pos 13976
alloc_pos 14112
alloc_pos 14272
alloc_pos 14364
alloc_pos 14468
alloc_pos 14540
alloc_pos 14736
alloc_pos 14972
alloc_pos 15028
alloc_pos 15084
alloc_pos 15304
alloc_pos 15464
alloc_pos 15572
alloc_pos 15772
alloc_pos 16024
alloc_pos 16128
alloc_pos 16360
alloc_pos 16584
alloc_pos 16824
alloc_pos 17036
alloc_pos 17236
alloc_pos 17276
alloc_pos 17300
alloc_pos 17516
alloc_pos 17760
alloc_pos 17996
alloc_pos 18080
alloc_pos 18332
alloc_pos 18468
alloc_pos 18600
alloc_pos 18828
alloc_pos 18928
alloc_pos 19000
alloc_pos 19072
alloc_pos 19232
alloc_pos 19440
alloc_pos 19680
alloc_pos 19772
alloc_pos 19820
alloc_pos 19976
alloc_pos 20132
alloc_pos 20376
alloc_pos 20492
alloc_pos 20584
alloc_pos 20644
alloc_pos 20768
alloc_pos 21024
alloc_pos 21260
alloc_pos 21420
alloc_pos 21448
alloc_pos 21576
alloc_pos 21672
alloc_pos 21904
alloc_pos 22160
alloc_pos 22400
alloc_pos 22504
alloc_pos 22720
alloc_pos 22860
alloc_pos 23108
alloc_pos 23368
alloc_pos 23424
alloc_pos 23484
alloc_pos 23688
alloc_pos 23756
alloc_pos 23880
alloc_pos 23984
alloc_pos 24200
alloc_pos 24380
alloc_pos 24556
alloc_pos 24820
alloc_pos 24944
alloc_pos 25024
alloc_pos 25240
alloc_pos 25320
alloc_pos 25408
alloc_pos 25512
alloc_pos 25776
alloc_pos 25868
alloc_pos 25908
alloc_pos 25964
alloc_pos 26124
alloc_pos 26384
alloc_pos 26420
alloc_pos 26568
alloc_pos 26604
alloc_pos 26640
alloc_pos 26784
alloc_pos 26828
alloc_pos 27060
alloc_pos 27200
alloc_pos 27360
alloc_pos 27520
alloc_pos 27556
alloc_pos 27716
alloc_pos 27852
alloc_pos 28084
alloc_pos 28232
alloc_pos 28424
alloc_pos 28524
alloc_pos 28556
alloc_pos 28760
alloc_pos 28864
alloc_pos 29092
alloc_pos 29292
alloc_pos 29460
alloc_pos 29700
alloc_pos 29940
alloc_pos 29972
alloc_pos 30232
alloc_pos 30396
alloc_pos 30588
alloc_pos 30732
alloc_pos 30808
alloc_pos 31008
alloc_pos 31192
alloc_pos 31372
alloc_pos 31524
alloc_pos 31724
alloc_pos 31756
alloc_pos 32012
alloc_pos 32248
alloc_pos 32356
alloc_pos 32476
alloc_pos 32720
alloc_pos 32880
alloc_pos 33116
alloc_pos 33332
alloc_pos 33476
alloc_pos 33716
alloc_pos 33748
alloc_pos 33824
alloc_pos 33904
alloc_pos 34080
alloc_pos 34104
alloc_pos 34340
alloc_pos 34552
alloc_pos 34708
alloc_pos 34764
alloc_pos 34808
alloc_pos 35028
alloc_pos 35232
alloc_pos 35492
alloc_pos 35660
alloc_pos 35912
alloc_pos 36148
alloc_pos 36192
alloc_pos 36436
alloc_pos 36516
alloc_pos 36752
alloc_pos 36832
alloc_pos 37016
alloc_pos 37208
alloc_pos 37448
alloc_pos 37480
alloc_pos 37632
alloc_pos 37676
alloc_pos 37808
alloc_pos 37928
alloc_pos 37968
alloc_pos 38192
alloc_pos 38244
alloc_pos 38420
alloc_pos 38460
alloc_pos 38516
alloc_pos 38756
alloc_pos 38892
alloc_pos 39120
alloc_pos 39284
alloc_pos 39364
alloc_pos 39388
alloc_pos 39552
alloc_pos 39664
alloc_pos 39772
alloc_pos 39824
alloc_pos 40008
alloc_pos 40192
alloc_pos 40420
alloc_pos 40448
alloc_pos 40500
alloc_pos 40528
alloc_pos 40620
alloc_pos 40700
alloc_pos 40900
alloc_pos 41132
alloc_pos 41368
alloc_pos 41588
alloc_pos 41740
alloc_pos 41932
alloc_pos 42028
alloc_pos 42056
alloc_pos 42088
alloc_pos 42136
alloc_pos 42204
alloc_pos 42228
alloc_pos 42376
alloc_pos 42416
alloc_pos 42628
alloc_pos 42784
alloc_pos 42928
alloc_pos 43184
alloc_pos 43428
alloc_pos 43676
alloc_pos 43740
alloc_pos 43892
alloc_pos 44112
alloc_pos 44344
alloc_pos 44564
alloc_pos 44792
alloc_pos 44876
alloc_pos 44952
alloc_pos 45044
alloc_pos 45088
alloc_pos 45120
alloc_pos 45196
alloc_pos 45268
alloc_pos 45440
alloc_pos 45480
alloc_pos 45676
alloc_pos 45824
alloc_pos 45888
alloc_pos 46040
alloc_pos 46252
alloc_pos 46300
alloc_pos 46468
alloc_pos 46576
alloc_pos 46716
alloc_pos 46740
alloc_pos 46892
alloc_pos 46948
alloc_pos 47192
alloc_pos 47368
alloc_pos 47480
alloc_pos 47664
alloc_pos 47720
alloc_pos 47776
alloc_pos 47976
alloc_pos 48160
alloc_pos 48300
alloc_pos 48544
alloc_pos 48764
alloc_pos 48840
alloc_pos 48972
alloc_pos 49000
alloc_pos 49224
alloc_pos 49288
alloc_pos 49428
alloc_pos 49568
alloc_pos 49668
alloc_pos 49768
alloc_pos 49860
alloc_pos 49936
alloc_pos 50064
alloc_pos 50180
alloc_pos 50432
alloc_pos 50540
alloc_pos 50648
alloc_pos 50680
alloc_pos 50816
alloc_pos 50976
alloc_pos 51068
alloc_pos 51172
alloc_pos 51244
alloc_pos 51440
alloc_pos 51676
alloc_pos 51732
alloc_pos 51788
alloc_pos 52008
alloc_pos 52168
alloc_pos 52276
alloc_pos 52476
alloc_pos 52728
alloc_pos 52832
alloc_pos 53064
alloc_pos 53288
alloc_pos 53528
alloc_pos 53740
alloc_pos 53940
alloc_pos 53980
alloc_pos 54004
alloc_pos 54220
alloc_pos 54464
alloc_pos 54700
alloc_pos 54784
alloc_pos 55036
alloc_pos 55172
alloc_pos 55304
alloc_pos 55532
alloc_pos 55632
alloc_pos 55704
alloc_pos 55776
alloc_pos 55936
alloc_pos 56144
alloc_pos 56384
alloc_pos 56476
alloc_pos 56524
alloc_pos 56680
alloc_pos 56836
alloc_pos 57080
alloc_pos 57196
alloc_pos 57288
alloc_pos 57348
alloc_pos 57472
alloc_pos 57728
alloc_pos 57964
alloc_pos 58124
alloc_pos 58152
alloc_pos 58280
alloc_pos 58376
alloc_pos 58608
alloc_pos 58864
alloc_pos 59104
alloc_pos 59208
alloc_pos 59424
alloc_pos 59564
alloc_pos 59812
alloc_pos 60072
alloc_pos 60128
alloc_pos 60188
alloc_pos 60392
alloc_pos 60460
alloc_pos 60584
alloc_pos 60688
alloc_pos 60904
alloc_pos 61084
alloc_pos 61260
alloc_pos 61524
alloc_pos 61648
alloc_pos 61728
alloc_pos 61944
alloc_pos 62024
alloc_pos 62112
alloc_pos 62216
alloc_pos 62480
alloc_pos 62572
alloc_pos 62612
alloc_pos 62668
alloc_pos 62828
alloc_pos 63088
alloc_pos 63124
alloc_pos 63272
alloc_pos 63308
alloc_pos 63344
alloc_pos 63488
alloc_pos 63532
alloc_pos 63764
alloc_pos 63904
alloc_pos 64064
alloc_pos 64224
alloc_pos 64260
alloc_pos 64420
alloc_pos 64556
alloc_pos 64788
alloc_pos 64936
alloc_pos 65128
alloc_pos 65228
alloc_pos 65260
alloc_pos 65464
alloc_pos 65568
alloc_pos 65796
alloc_pos 65996
alloc_pos 66164
alloc_pos 66404
alloc_pos 66644
alloc_pos 66676
alloc_pos 66936
alloc_pos 67100
alloc_pos 67292
alloc_pos 67436
alloc_pos 67512
alloc_pos 67712
alloc_pos 67896
alloc_pos 68076
alloc_pos 68228
alloc_pos 68428
alloc_pos 68460
alloc_pos 68716
alloc_pos 68952
alloc_pos 69060
alloc_pos 69180
alloc_pos 69424
alloc_pos 69584
alloc_pos 69820
alloc_pos 70036
alloc_pos 70180
alloc_pos 70420
alloc_pos 70452
alloc_pos 70528
alloc_pos 70608
alloc_pos 70784
alloc_pos 70808
alloc_pos 71044
alloc_pos 71256
alloc_pos 71412
alloc_pos 71468
alloc_pos 71512
alloc_pos 71732
alloc_pos 71936
alloc_pos 72196
alloc_pos 72364
alloc_pos 72616
alloc_pos 72852
alloc_pos 72896
alloc_pos 73140
alloc_pos 73220
alloc_pos 73456
alloc_pos 73536
alloc_pos 73720
alloc_pos 73912
alloc_pos 74152
alloc_pos 74184
alloc_pos 74336
alloc_pos 74380
alloc_pos 74512
alloc_pos 74632
alloc_pos 74672
alloc_pos 74896
alloc_pos 74948
alloc_pos 75124
alloc_pos 75164
alloc_pos 75220
alloc_pos 75460
alloc_pos 75596
alloc_pos 75824
alloc_pos 75988
alloc_pos 76068
alloc_pos 76092
alloc_pos 76256
alloc_pos 76368
alloc_pos 76476
alloc_pos 76528
alloc_pos 76712
alloc_pos 76896
alloc_pos 77124
alloc_pos 77152
alloc_pos 77204
alloc_pos 77232
alloc_pos 77324
alloc_pos 77404
alloc_pos 77604
alloc_pos 77836
alloc_pos 78072
alloc_pos 78292
alloc_pos 78444
alloc_pos 78636
alloc_pos 78732
alloc_pos 78760
alloc_pos 78792
alloc_pos 78840
alloc_pos 78908
alloc_pos 78932
alloc_pos 79080
alloc_pos 79120
alloc_pos 79332
alloc_pos 79488
alloc_pos 79632
alloc_pos 79888
alloc_pos 80132
alloc_pos 80380
alloc_pos 80444
alloc_pos 80596
alloc_pos 80816
alloc_pos 81048
alloc_pos 81268
alloc_pos 81496
alloc_pos 81580
alloc_pos 81656
alloc_pos 81748
alloc_pos 81792
alloc_pos 81824
alloc_pos 81900
alloc_pos 81972
alloc_pos 82144
alloc_pos 82184
alloc_pos 82380
alloc_pos 82528
alloc_pos 82592
alloc_pos 82744
alloc_pos 82956
alloc_pos 83004
alloc_pos 83172
alloc_pos 83280
alloc_pos 83420
alloc_pos 83444
alloc_pos 83596
alloc_pos 83652
alloc_pos 83896
alloc_pos 84072
alloc_pos 84184
alloc_pos 84368
alloc_pos 84424
alloc_pos 84480
alloc_pos 84680
alloc_pos 84864
alloc_pos 85004
alloc_pos 85248
alloc_pos 85468
alloc_pos 85544
alloc_pos 85676
alloc_pos 85704
alloc_pos 85928
alloc_pos 85992
alloc_pos 86132
alloc_pos 86272
alloc_pos 86372
alloc_pos 86472
alloc_pos 86564
alloc_pos 86640
alloc_pos 86768
alloc_pos 86884
alloc_pos 87136
alloc_pos 87244
alloc_pos 87352
alloc_pos 87384
alloc_pos 87520
alloc_pos 87680
alloc_pos 87772
alloc_pos 87876
alloc_pos 87948
alloc_pos 88144
alloc_pos 88380
alloc_pos 88436
alloc_pos 88492
alloc_pos 88712
alloc_pos 88872
alloc_pos 88980
alloc_pos 89180
alloc_pos 89432
alloc_pos 89536
alloc_pos 89768
alloc_pos 89992
alloc_pos 90232
alloc_pos 90444
alloc_pos 90644
alloc_pos 90684
alloc_pos 90708
alloc_pos 90924
alloc_pos 91168
alloc_pos 91404
alloc_pos 91488
alloc_pos 91740
alloc_pos 91876
alloc_pos 92008
alloc_pos 92236
alloc_pos 92336
alloc_pos 92408
alloc_pos 92480
alloc_pos 92640
alloc_pos 92848
alloc_pos 93088
alloc_pos 93180
alloc_pos 93228
alloc_pos 93384
alloc_pos 93540
alloc_pos 93784
alloc_pos 93900
alloc_pos 93992
alloc_pos 94052
alloc_pos 94176
alloc_pos 94432
alloc_pos 94668
alloc_pos 94828
alloc_pos 94856
alloc_pos 94984
alloc_pos 95080
alloc_pos 95312
alloc_pos 95568
alloc_pos 95808
alloc_pos 95912
alloc_pos 96128
alloc_pos 96268
alloc_pos 96516
alloc_pos 96776
alloc_pos 96832
alloc_pos 96892
alloc_pos 97096
alloc_pos 97164
alloc_pos 97288
alloc_pos 97392
alloc_pos 97608
alloc_pos 97788
alloc_pos 97964
alloc_pos 98228
alloc_pos 98352
alloc_pos 98432
alloc_pos 98648
alloc_pos 98728
alloc_pos 98816
alloc_pos 98920
alloc_pos 99184
alloc_pos 99276
alloc_pos 99316
alloc_pos 99372
alloc_pos 99532
alloc_pos 99792
alloc_pos 99828
alloc_pos 99976
alloc_pos 100012
alloc_pos 100048
alloc_pos 100192
alloc_pos 100236
alloc_pos 100468
alloc_pos 100608
alloc_pos 100768
alloc_pos 100928
alloc_pos 100964
alloc_pos 101124
alloc_pos 101260
alloc_pos 101492
alloc_pos 101640
alloc_pos 101832
alloc_pos 101932
alloc_pos 101964
alloc_pos 102168
alloc_pos 102272
alloc_pos 102500
alloc_pos 102700
alloc_pos 102868
alloc_pos 103108
alloc_pos 103348
alloc_pos 103380
alloc_pos 103640
alloc_pos 103804
alloc_pos 103996
alloc_pos 104140
alloc_pos 104216
alloc_pos 104416
alloc_pos 104600
alloc_pos 104780
alloc_pos 104932
alloc_pos 105132
alloc_pos 105164
alloc_pos 105420
alloc_pos 105656
alloc_pos 105764
alloc_pos 105884
alloc_pos 106128
alloc_pos 106288
alloc_pos 106524
alloc_pos 106740
alloc_pos 106884
alloc_pos 107124
alloc_pos 107156
alloc_pos 107232
alloc_pos 107312
alloc_pos 107488
alloc_pos 107512
alloc_pos 107748
alloc_pos 107960
alloc_pos 108116
alloc_pos 108172
alloc_pos 108216
alloc_pos 108436
alloc_pos 108640
alloc_pos 108900
alloc_pos 109068
alloc_pos 109320
alloc_pos 109556
alloc_pos 109600
alloc_pos 109844
alloc_pos 109924
alloc_pos 110160
alloc_pos 110240
alloc_pos 110424
alloc_pos 110616
alloc_pos 110856
alloc_pos 110888
alloc_pos 111040
alloc_pos 111084
alloc_pos 111216
alloc_pos 111336
alloc_pos 111376
alloc_pos 111600
alloc_pos 111652
alloc_pos 111828
alloc_pos 111868
alloc_pos 111924
alloc_pos 112164
alloc_pos 112300
alloc_pos 112528
alloc_pos 112692
alloc_pos 112772
alloc_pos 112796
alloc_pos 112960
alloc_pos 113072
alloc_pos 113180
alloc_pos 113232
alloc_pos 113416
alloc_pos 113600
alloc_pos 113828
alloc_pos 113856
alloc_pos 113908
alloc_pos 113936
alloc_pos 114028
alloc_pos 114108
alloc_pos 114308
alloc_pos 114540
alloc_pos 114776
alloc_pos 114996
alloc_pos 115148
alloc_pos 115340
alloc_pos 115436
alloc_pos 115464
alloc_pos 115496
alloc_pos 115544
alloc_pos 115612
alloc_pos 115636
alloc_pos 115784
alloc_pos 115824
alloc_pos 116036
alloc_pos 116192
alloc_pos 116336
alloc_pos 116592
alloc_pos 116836
alloc_pos 117084
alloc_pos 117148
alloc_pos 117300
alloc_pos 117520
alloc_pos 117752
alloc_pos 117972
alloc_pos 118200
alloc_pos 118284
alloc_pos 118360
alloc_pos 118452
alloc_pos 118496
alloc_pos 118528
alloc_pos 118604
alloc_pos 118676
alloc_pos 118848
alloc_pos 118888
alloc_pos 119084
alloc_pos 119232
alloc_pos 119296
alloc_pos 119448
alloc_pos 119660
alloc_pos 119708
alloc_pos 119876
alloc_pos 119984
alloc_pos 120124
alloc_pos 120148
alloc_pos 120300
alloc_pos 120356
alloc_pos 120600
alloc_pos 120776
alloc_pos 120888
alloc_pos 121072
alloc_pos 121128
alloc_pos 121184
alloc_pos 121384
alloc_pos 121568
alloc_pos 121708
alloc_pos 121952
alloc_pos 122172
alloc_pos 122248
alloc_pos 122380
alloc_pos 122408
alloc_pos 122632
alloc_pos 122696
alloc_pos 122836
alloc_pos 122976
alloc_pos 123076
alloc_pos 123176
alloc_pos 123268
alloc_pos 123344
alloc_pos 123472
alloc_pos 123588
alloc_pos 123840
alloc_pos 123948
alloc_pos 124056
alloc_pos 124088
alloc_pos 124224
alloc_pos 124384
alloc_pos 124476
alloc_pos 124580
alloc_pos 124652
alloc_pos 124848
alloc_pos 125084
alloc_pos 125140
alloc_pos 125196
alloc_pos 125416
alloc_pos 125576
alloc_pos 125684
alloc_pos 125884
alloc_pos 126136
alloc_pos 126240
alloc_pos 126472
alloc_pos 126696
alloc_pos 126936
alloc_pos 127148
alloc_pos 127348
alloc_pos 127388
alloc_pos 127412
alloc_pos 127628
alloc_pos 127872
alloc_pos 128108
alloc_pos 128192
alloc_pos 128444
alloc_pos 128580
alloc_pos 128712
alloc_pos 128940
alloc_pos 129040
alloc_pos 129112
alloc_pos 129184
alloc_pos 129344
alloc_pos 129552
alloc_pos 129792
alloc_pos 129884
alloc_pos 129932
alloc_pos 130088
alloc_pos 130244
alloc_pos 130488
alloc_pos 130604
alloc_pos 130696
alloc_pos 130756
alloc_pos 130880
alloc_pos 131136
alloc_pos 131372
alloc_pos 131532
alloc_pos 131560
alloc_pos 131688
alloc_pos 131784
alloc_pos 132016
alloc_pos 132272
alloc_pos 132512
alloc_pos 132616
alloc_pos 132832
alloc_pos 132972
alloc_pos 133220
alloc_pos 133480
alloc_pos 133536
alloc_pos 133596
alloc_pos 133800
alloc_pos 133868
alloc_pos 133992
alloc_pos 134096
alloc_pos 134312
alloc_pos 134492
alloc_pos 134668
alloc_pos 134932
alloc_pos 135056
alloc_pos 135136
alloc_pos 135352
alloc_pos 135432
alloc_pos 135520
alloc_pos 135624
alloc_pos 135888
alloc_pos 135980
alloc_pos 136020
alloc_pos 136076
alloc_pos 136236
alloc_pos 136496
alloc_pos 136532
alloc_pos 136680
alloc_pos 136716
alloc_pos 136752
alloc_pos 136896
alloc_pos 136940
alloc_pos 137172
alloc_pos 137312
alloc_pos 137472
alloc_pos 137632
alloc_pos 137668
alloc_pos 137828
alloc_pos 137964
alloc_pos 138196
alloc_pos 138344
alloc_pos 138536
alloc_pos 138636
alloc_pos 138668
alloc_pos 138872
alloc_pos 138976
alloc_pos 139204
alloc_pos 139404
alloc_pos 139572
alloc_pos 139812
alloc_pos 140052
alloc_pos 140084
alloc_pos 140344
alloc_pos 140508
alloc_pos 140700
alloc_pos 140844
alloc_pos 140920
alloc_pos 141120
alloc_pos 141304
alloc_pos 141484
alloc_pos 141636
alloc_pos 141836
alloc_pos 141868
alloc_pos 142124
alloc_pos 142360
alloc_pos 142468
alloc_pos 142588
alloc_pos 142832
alloc_pos 142992
alloc_pos 143228
alloc_pos 143444
alloc_pos 143588
alloc_pos 143828
alloc_pos 143860
alloc_pos 143936
alloc_pos 144016
alloc_pos 144192
alloc_pos 144216
alloc_pos 144452
alloc_pos 144664
alloc_pos 144820
alloc_pos 144876
alloc_pos 144920
alloc_pos 145140
alloc_pos 145344
alloc_pos 145604
alloc_pos 145772
alloc_pos 146024
alloc_pos 146260
alloc_pos 146304
alloc_pos 146548
alloc_pos 146628
alloc_pos 146864
alloc_pos 146944
alloc_pos 147128
alloc_pos 147320
alloc_pos 147560
alloc_pos 147592
alloc_pos 147744
alloc_pos 147788
alloc_pos 147920
alloc_pos 148040
alloc_pos 148080
alloc_pos 148304
alloc_pos 148356
alloc_pos 148532
alloc_pos 148572
alloc_pos 148628
alloc_pos 148868
alloc_pos 149004
alloc_pos 149232
alloc_pos 149396
alloc_pos 149476
alloc_pos 149500
alloc_pos 149664
alloc_pos 149776
alloc_pos 149884
alloc_pos 149936
alloc_pos 150120
alloc_pos 150304
alloc_pos 150532
alloc_pos 150560
alloc_pos 150612
alloc_pos 150640
alloc_pos 150732
alloc_pos 150812
alloc_pos 151012
alloc_pos 151244
alloc_pos 151480
alloc_pos 151700
alloc_pos 151852
alloc_pos 152044
alloc_pos 152140
alloc_pos 152168
alloc_pos 152200
alloc_pos 152248
alloc_pos 152316
alloc_pos 152340
alloc_pos 152488
alloc_pos 152528
alloc_pos 152740
alloc_pos 152896
alloc_pos 153040
alloc_pos 153296
alloc_pos 153540
alloc_pos 153788
alloc_pos 153852
alloc_pos 154004
alloc_pos 154224
alloc_pos 154456
alloc_pos 154676
alloc_pos 154904
alloc_pos 154988
alloc_pos 155064
alloc_pos 155156
alloc_pos 155200
alloc_pos 155232
alloc_pos 155308
alloc_pos 155380
alloc_pos 155552
alloc_pos 155592
alloc_pos 155788
alloc_pos 155936
alloc_pos 156000
alloc_pos 156152
alloc_pos 156364
alloc_pos 156412
alloc_pos 156580
alloc_pos 156688
alloc_pos 156828
alloc_pos 156852
alloc_pos 157004
alloc_pos 157060
alloc_pos 157304
alloc_pos 157480
alloc_pos 157592
alloc_pos 157776
alloc_pos 157832
alloc_pos 157888
alloc_pos 158088
alloc_pos 158272
alloc_pos 158412
alloc_pos 158656
alloc_pos 158876
alloc_pos 158952
alloc_pos 159084
alloc_pos 159112
alloc_pos 159336
alloc_pos 159400
alloc_pos 159540
alloc_pos 159680
alloc_pos 159780
alloc_pos 159880
alloc_pos 159972
alloc_pos 160048
alloc_pos 160176
alloc_pos 160292
alloc_pos 160544
alloc_pos 160652
alloc_pos 160760
alloc_pos 160792
alloc_pos 160928
alloc_pos 161088
alloc_pos 161180
alloc_pos 161284
alloc_pos 161356
alloc_pos 161552
alloc_pos 161788
alloc_pos 161844
alloc_pos 161900
alloc_pos 162120
alloc_pos 162280
alloc_pos 162388
alloc_pos 162588
alloc_pos 162840
alloc_pos 162944
alloc_pos 163176
alloc_pos 163400
alloc_pos 163640
alloc_pos 163852
alloc_pos 164052
alloc_pos 164092
alloc_pos 164116
alloc_pos 164332
alloc_pos 164576
alloc_pos 164812
alloc_pos 164896
alloc_pos 165148
alloc_pos 165284
alloc_pos 165416
alloc_pos 165644
alloc_pos 165744
alloc_pos 165816
alloc_pos 165888
alloc_pos 166048
alloc_pos 166256
alloc_pos 166496
alloc_pos 166588
alloc_pos 166636
alloc_pos 166792
alloc_pos 166948
alloc_pos 167192
alloc_pos 167308
alloc_pos 167400
alloc_pos 167460
alloc_pos 167584
alloc_pos 167840
alloc_pos 168076
alloc_pos 168236
alloc_pos 168264
alloc_pos 168392
alloc_pos 168488
alloc_pos 168720
alloc_pos 168976
alloc_pos 169216
alloc_pos 169320
alloc_pos 169536
alloc_pos 169676
alloc_pos 169924
alloc_pos 170184
alloc_pos 170240
alloc_pos 170300
alloc_pos 170504
alloc_pos 170572
alloc_pos 170696
alloc_pos 170800
alloc_pos 171016
alloc_pos 171196
alloc_pos 171372
alloc_pos 171636
alloc_pos 171760
alloc_pos 171840
alloc_pos 172056
alloc_pos 172136
alloc_pos 172224
alloc_pos 172328
alloc_pos 172592
alloc_pos 172684
alloc_pos 172724
alloc_pos 172780
alloc_pos 172940
alloc_pos 173200
alloc_pos 173236
alloc_pos 173384
alloc_pos 173420
alloc_pos 173456
alloc_pos 173600
alloc_pos 173644
alloc_pos 173876
alloc_pos 174016
alloc_pos 174176
alloc_pos 174336
alloc_pos 174372
alloc_pos 174532
alloc_pos 174668
alloc_pos 174900
alloc_pos 175048
alloc_pos 175240
alloc_pos 175340
alloc_pos 175372
alloc_pos 175576
alloc_pos 175680
alloc_pos 175908
alloc_pos 176108
alloc_pos 176276
alloc_pos 176516
alloc_pos 176756
alloc_pos 176788
alloc_pos 177048
alloc_pos 177212
alloc_pos 177404
alloc_pos 177548
alloc_pos 177624
alloc_pos 177824
alloc_pos 178008
alloc_pos 178188
alloc_pos 178340
alloc_pos 178540
alloc_pos 178572
alloc_pos 178828
alloc_pos 179064
alloc_pos 179172
alloc_pos 179292
alloc_pos 179536
alloc_pos 179696
alloc_pos 179932
alloc_pos 180148
alloc_pos 180292
alloc_pos 180532
alloc_pos 180564
alloc_pos 180640
alloc_pos 180720
alloc_pos 180896
alloc_pos 180920
alloc_pos 181156
alloc_pos 181368
alloc_pos 181524
alloc_pos 181580
alloc_pos 181624
alloc_pos 181844
alloc_pos 182048
alloc_pos 182308
alloc_pos 182476
alloc_pos 182728
alloc_pos 182964
alloc_pos 183008
alloc_pos 183252
alloc_pos 183332
alloc_pos 183568
alloc_pos 183648
alloc_pos 183832
alloc_pos 184024
alloc_pos 184264
alloc_pos 184296
alloc_pos 184448
alloc_pos 184492
alloc_pos 184624
alloc_pos 184744
alloc_pos 184784
alloc_pos 185008
alloc_pos 185060
alloc_pos 185236
alloc_pos 185276
alloc_pos 185332
alloc_pos 185572
alloc_pos 185708
alloc_pos 185936
alloc_pos 186100
alloc_pos 186180
alloc_pos 186204
alloc_pos 186368
alloc_pos 186480
alloc_pos 186588
alloc_pos 186640
alloc_pos 186824
alloc_pos 187008
alloc_pos 187236
alloc_pos 187264
alloc_pos 187316
alloc_pos 187344
alloc_pos 187436
alloc_pos 187516
alloc_pos 187716
alloc_pos 187948
alloc_pos 188184
alloc_pos 188404
alloc_pos 188556
alloc_pos 188748
alloc_pos 188844
alloc_pos 188872
alloc_pos 188904
alloc_pos 188952
alloc_pos 189020
alloc_pos 189044
alloc_pos 189192
alloc_pos 189232
alloc_pos 189444
alloc_pos 189600
alloc_pos 189744
alloc_pos 190000
alloc_pos 190244
alloc_pos 190492
alloc_pos 190556
alloc_pos 190708
alloc_pos 190928
alloc_pos 191160
alloc_pos 191380
alloc_pos 191608
alloc_pos 191692
alloc_pos 191768
alloc_pos 191860
alloc_pos 191904
alloc_pos 191936
alloc_pos 192012
alloc_pos 192084
alloc_pos 192256
alloc_pos 192296
alloc_pos 192492
alloc_pos 192640
alloc_pos 192704
alloc_pos 192856
alloc_pos 193068
alloc_pos 193116
alloc_pos 193284
alloc_pos 193392
alloc_pos 193532
alloc_pos 193556
alloc_pos 193708
alloc_pos 193764
alloc_pos 194008
alloc_pos 194184
alloc_pos 194296
alloc_pos 194480
alloc_pos 194536
alloc_pos 194592
alloc_pos 194792
alloc_pos 194976
alloc_pos 195116
alloc_pos 195360
alloc_pos 195580
alloc_pos 195656
alloc_pos 195788
alloc_pos 195816
alloc_pos 196040
alloc_pos 196104
alloc_pos 196244
alloc_pos 196384
alloc_pos 196484
alloc_pos 196584
alloc_pos 196676
alloc_pos 196752
alloc_pos 196880
alloc_pos 196996
alloc_pos 197248
alloc_pos 197356
alloc_pos 197464
alloc_pos 197496
alloc_pos 197632
alloc_pos 197792
alloc_pos 197884
alloc_pos 197988
alloc_pos 198060
alloc_pos 198256
alloc_pos 198492
alloc_pos 198548
alloc_pos 198604
alloc_pos 198824
alloc_pos 198984
alloc_pos 199092
alloc_pos 199292
alloc_pos 199544
alloc_pos 199648
alloc_pos 199880
alloc_pos 200104
alloc_pos 200344
alloc_pos 200556
alloc_pos 200756
alloc_pos 200796
alloc_pos 200820
alloc_pos 201036
alloc_pos 201280
alloc_pos 201516
alloc_pos 201600
alloc_pos 201852
alloc_pos 201988
alloc_pos 202120
alloc_pos 202348
alloc_pos 202448
alloc_pos 202520
alloc_pos 202592
alloc_pos 202752
alloc_pos 202960
alloc_pos 203200
alloc_pos 203292
alloc_pos 203340
alloc_pos 203496
alloc_pos 203652
alloc_pos 203896
alloc_pos 204012
alloc_pos 204104
alloc_pos 204164
alloc_pos 204288
alloc_pos 204544
alloc_pos 204780
alloc_pos 204940
alloc_pos 204968
alloc_pos 205096
alloc_pos 205192
alloc_pos 205424
alloc_pos 205680
alloc_pos 205920
alloc_pos 206024
alloc_pos 206240
alloc_pos 206380
alloc_pos 206628
alloc_pos 206888
alloc_pos 206944
alloc_pos 207004
alloc_pos 207208
alloc_pos 207276
alloc_pos 207400
alloc_pos 207504
alloc_pos 207720
alloc_pos 207900
alloc_pos 208076
alloc_pos 208340
alloc_pos 208464
alloc_pos 208544
alloc_pos 208760
alloc_pos 208840
alloc_pos 208928
alloc_pos 209032
alloc_pos 209296
alloc_pos 209388
alloc_pos 209428
alloc_pos 209484
alloc_pos 209644
alloc_pos 209904
alloc_pos 209940
alloc_pos 210088
alloc_pos 210124
alloc_pos 210160
alloc_pos 210304
alloc_pos 210348
alloc_pos 210580
alloc_pos 210720
alloc_pos 210880
alloc_pos 211040
alloc_pos 211076
alloc_pos 211236
alloc_pos 211372
alloc_pos 211604
alloc_pos 211752
alloc_pos 211944
alloc_pos 212044
alloc_pos 212076
alloc_pos 212280
alloc_pos 212384
alloc_pos 212612
alloc_pos 212812
alloc_pos 212980
alloc_pos 213220
alloc_pos 213460
alloc_pos 213492
alloc_pos 213752
alloc_pos 213916
alloc_pos 214108
alloc_pos 214252
alloc_pos 214328
alloc_pos 214528
alloc_pos 214712
alloc_pos 214892
alloc_pos 215044
alloc_pos 215244
alloc_pos 215276
alloc_pos 215532
alloc_pos 215768
alloc_pos 215876
alloc_pos 215996
alloc_pos 216240
alloc_pos 216400
alloc_pos 216636
alloc_pos 216852
alloc_pos 216996
alloc_pos 217236
alloc_pos 217268
alloc_pos 217344
alloc_pos 217424
alloc_pos 217600
alloc_pos 217624
alloc_pos 217860
alloc_pos 218072
alloc_pos 218228
alloc_pos 218284
alloc_pos 218328
alloc_pos 218548
alloc_pos 218752
alloc_pos 219012
alloc_pos 219180
alloc_pos 219432
alloc_pos 219668
alloc_pos 219712
alloc_pos 219956
alloc_pos 220036
alloc_pos 220272
alloc_pos 220352
alloc_pos 220536
alloc_pos 220728
alloc_pos 220968
alloc_pos 221000
alloc_pos 221152
alloc_pos 221196
alloc_pos 221328
alloc_pos 221448
alloc_pos 221488
alloc_pos 221712
alloc_pos 221764
alloc_pos 221940
alloc_pos 221980
alloc_pos 222036
alloc_pos 222276
alloc_pos 222412
alloc_pos 222640
alloc_pos 222804
alloc_pos 222884
alloc_pos 222908
alloc_pos 223072
alloc_pos 223184
alloc_pos 223292
alloc_pos 223344
alloc_pos 223528
alloc_pos 223712
alloc_pos 223940
alloc_pos 223968
alloc_pos 224020
alloc_pos 224048
alloc_pos 224140
alloc_pos 224220
alloc_pos 224420
alloc_pos 224652
alloc_pos 224888
alloc_pos 225108
alloc_pos 225260
alloc_pos 225452
alloc_pos 225548
alloc_pos 225576
alloc_pos 225608
alloc_pos 225656
alloc_pos 225724
alloc_pos 225748
alloc_pos 225896
alloc_pos 225936
alloc_pos 226148
alloc_pos 226304
alloc_pos 226448
alloc_pos 226704
alloc_pos 226948
alloc_pos 227196
alloc_pos 227260
alloc_pos 227412
alloc_pos 227632
alloc_pos 227864
alloc_pos 228084
alloc_pos 228312
alloc_pos 228396
alloc_pos 228472
alloc_pos 228564
alloc_pos 228608
alloc_pos 228640
alloc_pos 228716
alloc_pos 228788
alloc_pos 228960
alloc_pos 229000
alloc_pos 229196
alloc_pos 229344
alloc_pos 229408
alloc_pos 229560
alloc_pos 229772
alloc_pos 229820
alloc_pos 229988
alloc_pos 230096
alloc_pos 230236
alloc_pos 230260
alloc_pos 230412
alloc_pos 230468
alloc_pos 230712
alloc_pos 230888
alloc_pos 231000
alloc_pos 231184
alloc_pos 231240
alloc_pos 231296
alloc_pos 231496
alloc_pos 231680
alloc_pos 231820
alloc_pos 232064
alloc_pos 232284
alloc_pos 232360
alloc_pos 232492
alloc_pos 232520
alloc_pos 232744
alloc_pos 232808
alloc_pos 232948
alloc_pos 233088
alloc_pos 233188
alloc_pos 233288
alloc_pos 233380
alloc_pos 233456
alloc_pos 233584
alloc_pos 233700
alloc_pos 233952
alloc_pos 234060
alloc_pos 234168
alloc_pos 234200
alloc_pos 234336
alloc_pos 234496
alloc_pos 234588
alloc_pos 234692
alloc_pos 234764
alloc_pos 234960
alloc_pos 235196
alloc_pos 235252
alloc_pos 235308
alloc_pos 235528
alloc_pos 235688
alloc_pos 235796
alloc_pos 235996
alloc_pos 236248
alloc_pos 236352
alloc_pos 236584
alloc_pos 236808
alloc_pos 237048
alloc_pos 237260
alloc_pos 237460
alloc_pos 237500
alloc_pos 237524
alloc_pos 237740
alloc_pos 237984
alloc_pos 238220
alloc_pos 238304
alloc_pos 238556
alloc_pos 238692
alloc_pos 238824
alloc_pos 239052
alloc_pos 239152
alloc_pos 239224
alloc_pos 239296
alloc_pos 239456
alloc_pos 239664
alloc_pos 239904
alloc_pos 239996
alloc_pos 240044
alloc_pos 240200
alloc_pos 240356
alloc_pos 240600
alloc_pos 240716
alloc_pos 240808
alloc_pos 240868
alloc_pos 240992
alloc_pos 241248
alloc_pos 241484
alloc_pos 241644
alloc_pos 241672
alloc_pos 241800
alloc_pos 241896
alloc_pos 242128
alloc_pos 242384
alloc_pos 242624
alloc_pos 242728
alloc_pos 242944
alloc_pos 243084
alloc_pos 243332
alloc_pos 243592
alloc_pos 243648
alloc_pos 243708
alloc_pos 243912
alloc_pos 243980
alloc_pos 244104
alloc_pos 244208
alloc_pos 244424
alloc_pos 244604
alloc_pos 244780
alloc_pos 245044
alloc_pos 245168
alloc_pos 245248
alloc_pos 245464
alloc_pos 245544
alloc_pos 245632
alloc_pos 245736
alloc_pos 246000
alloc_pos 246092
alloc_pos 246132
alloc_pos 246188
alloc_pos 246348
alloc_pos 246608
alloc_pos 246644
alloc_pos 246792
alloc_pos 246828
alloc_pos 246864
alloc_pos 247008
alloc_pos 247052
alloc_pos 247284
alloc_pos 247424
alloc_pos 247584
alloc_pos 247744
alloc_pos 247780
alloc_pos 247940
alloc_pos 248076
alloc_pos 248308
alloc_pos 248456
alloc_pos 248648
alloc_pos 248748
alloc_pos 248780
alloc_pos 248984
alloc_pos 249088
alloc_pos 249316
alloc_pos 249516
alloc_pos 249684
alloc_pos 249924
alloc_pos 250164
alloc_pos 250196
alloc_pos 250456
alloc_pos 250620
alloc_pos 250812
alloc_pos 250956
alloc_pos 251032
alloc_pos 251232
alloc_pos 251416
alloc_pos 251596
alloc_pos 251748
alloc_pos 251948
alloc_pos 251980
alloc_pos 252236
alloc_pos 252472
alloc_pos 252580
alloc_pos 252700
alloc_pos 252944
alloc_pos 253104
alloc_pos 253340
alloc_pos 253556
alloc_pos 253700
alloc_pos 253940
alloc_pos 253972
alloc_pos 254048
alloc_pos 254128
alloc_pos 254304
alloc_pos 254328
alloc_pos 254564
alloc_pos 254776
alloc_pos 254932
alloc_pos 254988
alloc_pos 255032
alloc_pos 255252
alloc_pos 255456
alloc_pos 255716
alloc_pos 255884
alloc_pos 256136
alloc_pos 256372
alloc_pos 256416
alloc_pos 256660
alloc_pos 256740
alloc_pos 256976
alloc_pos 257056
alloc_pos 257240
alloc_pos 257432
alloc_pos 257672
alloc_pos 257704
alloc_pos 257856
alloc_pos 257900
alloc_pos 258032
alloc_pos 258152
alloc_pos 258192
alloc_pos 258416
alloc_pos 258468
alloc_pos 258644
alloc_pos 258684
alloc_pos 258740
alloc_pos 258980
alloc_pos 259116
alloc_pos 259344
alloc_pos 259508
alloc_pos 259588
alloc_pos 259612
alloc_pos 259776
alloc_pos 259888
alloc_pos 259996
alloc_pos 260048
alloc_pos 260232
alloc_pos 260416
alloc_pos 260644
alloc_pos 260672
alloc_pos 260724
alloc_pos 260752
alloc_pos 260844
alloc_pos 260924
alloc_pos 261124
alloc_pos 261356
alloc_pos 261592
alloc_pos 261812
alloc_pos 261964
alloc_pos 262156
alloc_pos 262252
alloc_pos 262280
alloc_pos 262312
alloc_pos 262360
alloc_pos 262428
alloc_pos 262452
alloc_pos 262600
alloc_pos 262640
alloc_pos 262852
alloc_pos 263008
alloc_pos 263152
alloc_pos 263408
alloc_pos 263652
alloc_pos 263900
alloc_pos 263964
alloc_pos 264116
alloc_pos 264336
alloc_pos 264568
alloc_pos 264788
alloc_pos 265016
alloc_pos 265100
alloc_pos 265176
alloc_pos 265268
alloc_pos 265312
alloc_pos 265344
alloc_pos 265420
alloc_pos 265492
alloc_pos 265664
alloc_pos 265704
alloc_pos 265900
alloc_pos 266048
alloc_pos 266112
alloc_pos 266264
alloc_pos 266476
alloc_pos 266524
alloc_pos 266692
alloc_pos 266800
alloc_pos 266940
alloc_pos 266964
alloc_pos 267116
alloc_pos 267172
alloc_pos 267416
alloc_pos 267592
alloc_pos 267704
alloc_pos 267888
alloc_pos 267944
alloc_pos 268000
alloc_pos 268200
alloc_pos 268384
alloc_pos 268524
alloc_pos 268768
alloc_pos 268988
alloc_pos 269064
alloc_pos 269196
alloc_pos 269224
alloc_pos 269448
alloc_pos 269512
alloc_pos 269652
alloc_pos 269792
alloc_pos 269892
alloc_pos 269992
alloc_pos 270084
alloc_pos 270160
alloc_pos 270288
alloc_pos 270404
alloc_pos 270656
alloc_pos 270764
alloc_pos 270872
alloc_pos 270904
alloc_pos 271040
alloc_pos 271200
alloc_pos 271292
alloc_pos 271396
alloc_pos 271468
alloc_pos 271664
alloc_pos 271900
alloc_pos 271956
alloc_pos 272012
alloc_pos 272232
alloc_pos 272392
alloc_pos 272500
alloc_pos 272700
alloc_pos 272952
alloc_pos 273056
alloc_pos 273288
alloc_pos 273512
alloc_pos 273752
alloc_pos 273964
alloc_pos 274164
alloc_pos 274204
alloc_pos 274228
alloc_pos 274444
alloc_pos 274688
alloc_pos 274924
alloc_pos 275008
alloc_pos 275260
alloc_pos 275396
alloc_pos 275528
alloc_pos 275756
alloc_pos 275856
alloc_pos 275928
alloc_pos 276000
alloc_pos 276160
alloc_pos 276368
alloc_pos 276608
alloc_pos 276700
alloc_pos 276748
alloc_pos 276904
alloc_pos 277060
alloc_pos 277304
alloc_pos 277420
alloc_pos 277512
alloc_pos 277572
alloc_pos 277696
alloc_pos 277952
alloc_pos 278188
alloc_pos 278348
alloc_pos 278376
alloc_pos 278504
alloc_pos 278600
alloc_pos 278832
alloc_pos 279088
alloc_pos 279328
alloc_pos 279432
alloc_pos 279648
alloc_pos 279788
alloc_pos 280036
alloc_pos 280296
alloc_pos 280352
alloc_pos 280412
alloc_pos 280616
alloc_pos 280684
alloc_pos 280808
alloc_pos 280912
alloc_pos 281128
alloc_pos 281308
alloc_pos 281484
alloc_pos 281748
alloc_pos 281872
alloc_pos 281952
alloc_pos 282168
alloc_pos 282248
alloc_pos 282336
alloc_pos 282440
alloc_pos 282704
alloc_pos 282796
alloc_pos 282836
alloc_pos 282892
alloc_pos 283052
alloc_pos 283312
alloc_pos 283348
alloc_pos 283496
alloc_pos 283532
alloc_pos 283568
alloc_pos 283712
alloc_pos 283756
alloc_pos 283988
alloc_pos 284128
alloc_pos 284288
alloc_pos 284448
alloc_pos 284484
alloc_pos 284644
alloc_pos 284780
alloc_pos 285012
alloc_pos 285160
alloc_pos 285352
alloc_pos 285452
alloc_pos 285484
alloc_pos 285688
alloc_pos 285792
alloc_pos 286020
alloc_pos 286220
alloc_pos 286388
alloc_pos 286628
alloc_pos 286868
alloc_pos 286900
alloc_pos 287160
alloc_pos 287324
alloc_pos 287516
alloc_pos 287660
alloc_pos 287736
alloc_pos 287936
alloc_pos 288120
alloc_pos 288300
alloc_pos 288452
alloc_pos 288652
alloc_pos 288684
alloc_pos 288940
alloc_pos 289176
alloc_pos 289284
alloc_pos 289404
alloc_pos 289648
alloc_pos 289808
alloc_pos 290044
alloc_pos 290260
alloc_pos 290404
alloc_pos 290644
alloc_pos 290676
alloc_pos 290752
alloc_pos 290832
alloc_pos 291008
alloc_pos 291032
alloc_pos 291268
alloc_pos 291480
alloc_pos 291636
alloc_pos 291692
alloc_pos 291736
alloc_pos 291956
alloc_pos 292160
alloc_pos 292420
alloc_pos 292588
alloc_pos 292840
alloc_pos 293076
alloc_pos 293120
alloc_pos 293364
alloc_pos 293444
alloc_pos 293680
alloc_pos 293760
alloc_pos 293944
alloc_pos 294136
alloc_pos 294376
alloc_pos 294408
alloc_pos 294560
alloc_pos 294604
alloc_pos 294736
alloc_pos 294856
alloc_pos 294896
alloc_pos 295120
alloc_pos 295172
alloc_pos 295348
alloc_pos 295388
alloc_pos 295444
alloc_pos 295684
alloc_pos 295820
alloc_pos 296048
alloc_pos 296212
alloc_pos 296292
alloc_pos 296316
alloc_pos 296480
alloc_pos 296592
alloc_pos 296700
alloc_pos 296752
alloc_pos 296936
alloc_pos 297120
alloc_pos 297348
alloc_pos 297376
alloc_pos 297428
alloc_pos 297456
alloc_pos 297548
alloc_pos 297628
alloc_pos 297828
alloc_pos 298060
alloc_pos 298296
alloc_pos 298516
alloc_pos 298668
alloc_pos 298860
alloc_pos 298956
alloc_pos 298984
alloc_pos 299016
alloc_pos 299064
alloc_pos 299132
alloc_pos 299156
alloc_pos 299304
alloc_pos 299344
alloc_pos 299556
alloc_pos 299712
alloc_pos 299856
alloc_pos 300112
alloc_pos 300356
alloc_pos 300604
alloc_pos 300668
alloc_pos 300820
alloc_pos 301040
alloc_pos 301272
alloc_pos 301492
alloc_pos 301720
alloc_pos 301804
alloc_pos 301880
alloc_pos 301972
alloc_pos 302016
alloc_pos 302048
alloc_pos 302124
alloc_pos 302196
alloc_pos 302368
alloc_pos 302408
alloc_pos 302604
alloc_pos 302752
alloc_pos 302816
alloc_pos 302968
alloc_pos 303180
alloc_pos 303228
alloc_pos 303396
alloc_pos 303504
alloc_pos 303644
alloc_pos 303668
alloc_pos 303820
alloc_pos 303876
alloc_pos 304120
alloc_pos 304296
alloc_pos 304408
alloc_pos 304592
alloc_pos 304648
alloc_pos 304704
alloc_pos 304904
alloc_pos 305088
alloc_pos 305228
alloc_pos 305472
alloc_pos 305692
alloc_pos 305768
alloc_pos 305900
alloc_pos 305928
alloc_pos 306152
alloc_pos 306216
alloc_pos 306356
alloc_pos 306496
alloc_pos 306596
alloc_pos 306696
alloc_pos 306788
alloc_pos 306864
alloc_pos 306992
alloc_pos 307108
alloc_pos 307360
alloc_pos 307468
alloc_pos 307576
alloc_pos 307608
alloc_pos 307744
alloc_pos 307904
alloc_pos 307996
alloc_pos 308100
alloc_pos 308172
alloc_pos 308368
alloc_pos 308604
alloc_pos 308660
alloc_pos 308716
alloc_pos 308936
alloc_pos 309096
alloc_pos 309204
alloc_pos 309404
alloc_pos 309656
alloc_pos 309760
alloc_pos 309992
alloc_pos 310216
alloc_pos 310456
alloc_pos 310668
alloc_pos 310868
alloc_pos 310908
alloc_pos 310932
alloc_pos 311148
alloc_pos 311392
alloc_pos 311628
alloc_pos 311712
alloc_pos 311964
alloc_pos 312100
alloc_pos 312232
alloc_pos 312460
alloc_pos 312560
alloc_pos 312632
alloc_pos 312704
alloc_pos 312864
alloc_pos 313072
alloc_pos 313312
alloc_pos 313404
alloc_pos 313452
alloc_pos 313608
alloc_pos 313764
alloc_pos 314008
alloc_pos 314124
alloc_pos 314216
alloc_pos 314276
alloc_pos 314400
alloc_pos 314656
alloc_pos 314892
alloc_pos 315052
alloc_pos 315080
alloc_pos 315208
alloc_pos 315304
alloc_pos 315536
alloc_pos 315792
alloc_pos 316032
alloc_pos 316136
alloc_pos 316352
alloc_pos 316492
alloc_pos 316740
alloc_pos 317000
alloc_pos 317056
alloc_pos 317116
alloc_pos 317320
alloc_pos 317388
alloc_pos 317512
alloc_pos 317616
alloc_pos 317832
alloc_pos 318012
alloc_pos 318188
alloc_pos 318452
alloc_pos 318576
alloc_pos 318656
alloc_pos 318872
alloc_pos 318952
alloc_pos 319040
alloc_pos 319144
alloc_pos 319408
alloc_pos 319500
alloc_pos 319540
alloc_pos 319596
alloc_pos 319756
alloc_pos 320016
alloc_pos 320052
alloc_pos 320200
alloc_pos 320236
alloc_pos 320272
alloc_pos 320416
alloc_pos 320460
alloc_pos 320692
alloc_pos 320832
alloc_pos 320992
alloc_pos 321152
alloc_pos 321188
alloc_pos 321348
alloc_pos 321484
alloc_pos 321716
alloc_pos 321864
alloc_pos 322056
alloc_pos 322156
alloc_pos 322188
alloc_pos 322392
alloc_pos 322496
alloc_pos 322724
alloc_pos 322924
alloc_pos 323092
alloc_pos 323332
alloc_pos 323572
alloc_pos 323604
alloc_pos 323864
alloc_pos 324028
alloc_pos 324220
alloc_pos 324364
alloc_pos 324440
alloc_pos 324640
alloc_pos 324824
alloc_pos 325004
alloc_pos 325156
alloc_pos 325356
alloc_pos 325388
alloc_pos 325644
alloc_pos 325880
alloc_pos 325988
alloc_pos 326108
alloc_pos 326352
alloc_pos 326512
alloc_pos 326748
alloc_pos 326964
alloc_pos 327108
alloc_pos 327348
alloc_pos 327380
alloc_pos 327456
alloc_pos 327536
alloc_pos 327712
alloc_pos 327736
alloc_pos 327972
alloc_pos 328184
alloc_pos 328340
alloc_pos 328396
alloc_pos 328440
alloc_pos 328660
alloc_pos 328864
alloc_pos 329124
alloc_pos 329292
alloc_pos 329544
alloc_pos 329780
alloc_pos 329824
alloc_pos 330068
alloc_pos 330148
alloc_pos 330384
alloc_pos 330464
alloc_pos 330648
alloc_pos 330840
alloc_pos 331080
alloc_pos 331112
alloc_pos 331264
alloc_pos 331308
alloc_pos 331440
alloc_pos 331560
alloc_pos 331600
alloc_pos 331824
alloc_pos 331876
alloc_pos 332052
alloc_pos 332092
alloc_pos 332148
alloc_pos 332388
alloc_pos 332524
alloc_pos 332752
alloc_pos 332916
alloc_pos 332996
alloc_pos 333020
alloc_pos 333184
alloc_pos 333296
alloc_pos 333404
alloc_pos 333456
alloc_pos 333640
alloc_pos 333824
alloc_pos 334052
alloc_pos 334080
alloc_pos 334132
alloc_pos 334160
alloc_pos 334252
alloc_pos 334332
alloc_pos 334532
alloc_pos 334764
alloc_pos 335000
alloc_pos 335220
alloc_pos 335372
alloc_pos 335564
alloc_pos 335660
alloc_pos 335688
alloc_pos 335720
alloc_pos 335768
alloc_pos 335836
alloc_pos 335860
alloc_pos 336008
alloc_pos 336048
alloc_pos 336260
alloc_pos 336416
alloc_pos 336560
alloc_pos 336816
alloc_pos 337060
alloc_pos 337308
alloc_pos 337372
alloc_pos 337524
alloc_pos 337744
alloc_pos 337976
alloc_pos 338196
alloc_pos 338424
alloc_pos 338508
alloc_pos 338584
alloc_pos 338676
alloc_pos 338720
alloc_pos 338752
alloc_pos 338828
alloc_pos 338900
alloc_pos 339072
alloc_pos 339112
alloc_pos 339308
alloc_pos 339456
alloc_pos 339520
alloc_pos 339672
alloc_pos 339884
alloc_pos 339932
alloc_pos 340100
alloc_pos 340208
alloc_pos 340348
alloc_pos 340372
alloc_pos 340524
alloc_pos 340580
alloc_pos 340824
alloc_pos 341000
alloc_pos 341112
alloc_pos 341296
alloc_pos 341352
alloc_pos 341408
alloc_pos 341608
alloc_pos 341792
alloc_pos 341932
alloc_pos 342176
alloc_pos 342396
alloc_pos 342472
alloc_pos 342604
alloc_pos 342632
alloc_pos 342856
alloc_pos 342920
alloc_pos 343060
alloc_pos 343200
alloc_pos 343300
alloc_pos 343400
alloc_pos 343492
alloc_pos 343568
alloc_pos 343696
alloc_pos 343812
alloc_pos 344064
alloc_pos 344172
alloc_pos 344280
alloc_pos 344312
alloc_pos 344448
alloc_pos 344608
alloc_pos 344700
alloc_pos 344804
alloc_pos 344876
alloc_pos 345072
alloc_pos 345308
alloc_pos 345364
alloc_pos 345420
alloc_pos 345640
alloc_pos 345800
alloc_pos 345908
alloc_pos 346108
alloc_pos 346360
alloc_pos 346464
alloc_pos 346696
alloc_pos 346920
alloc_pos 347160
alloc_pos 347372
alloc_pos 347572
alloc_pos 347612
alloc_pos 347636
alloc_pos 347852
alloc_pos 348096
alloc_pos 348332
alloc_pos 348416
alloc_pos 348668
alloc_pos 348804
alloc_pos 348936
alloc_pos 349164
alloc_pos 349264
alloc_pos 349336
alloc_pos 349408
alloc_pos 349568
alloc_pos 349776
alloc_pos 350016
alloc_pos 350108
alloc_pos 350156
alloc_pos 350312
alloc_pos 350468
alloc_pos 350712
alloc_pos 350828
alloc_pos 350920
alloc_pos 350980
alloc_pos 351104
alloc_pos 351360
alloc_pos 351596
alloc_pos 351756
alloc_pos 351784
alloc_pos 351912
alloc_pos 352008
alloc_pos 352240
alloc_pos 352496
alloc_pos 352736
alloc_pos 352840
alloc_pos 353056
alloc_pos 353196
alloc_pos 353444
alloc_pos 353704
alloc_pos 353760
alloc_pos 353820
alloc_pos 354024
alloc_pos 354092
alloc_pos 354216
alloc_pos 354320
alloc_pos 354536
alloc_pos 354716
alloc_pos 354892
alloc_pos 355156
alloc_pos 355280
alloc_pos 355360
alloc_pos 355576
alloc_pos 355656
alloc_pos 355744
alloc_pos 355848
alloc_pos 356112
alloc_pos 356204
alloc_pos 356244
alloc_pos 356300
alloc_pos 356460
alloc_pos 356720
alloc_pos 356756
alloc_pos 356904
alloc_pos 356940
alloc_pos 356976
alloc_pos 357120
alloc_pos 357164
alloc_pos 357396
alloc_pos 357536
alloc_pos 357696
alloc_pos 357856
alloc_pos 357892
alloc_pos 358052
alloc_pos 358188
alloc_pos 358420
alloc_pos 358568
alloc_pos 358760
alloc_pos 358860
alloc_pos 358892
alloc_pos 359096
alloc_pos 359200
alloc_pos 359428
alloc_pos 359628
alloc_pos 359796
alloc_pos 360036
alloc_pos 360276
alloc_pos 360308
alloc_pos 360568
alloc_pos 360732
alloc_pos 360924
alloc_pos 361068
alloc_pos 361144
alloc_pos 361344
alloc_pos 361528
alloc_pos 361708
alloc_pos 361860
alloc_pos 362060
alloc_pos 362092
alloc_pos 362348
alloc_pos 362584
alloc_pos 362692
alloc_pos 362812
alloc_pos 363056
alloc_pos 363216
alloc_pos 363452
alloc_pos 363668
alloc_pos 363812
alloc_pos 364052
alloc_pos 364084
alloc_pos 364160
alloc_pos 364240
alloc_pos 364416
alloc_pos 364440
alloc_pos 364676
alloc_pos 364888
alloc_pos 365044
alloc_pos 365100
alloc_pos 365144
alloc_pos 365364
alloc_pos 365568
alloc_pos 365828
alloc_pos 365996
alloc_pos 366248
alloc_pos 366484
alloc_pos 366528
alloc_pos 366772
alloc_pos 366852
alloc_pos 367088
alloc_pos 367168
alloc_pos 367352
alloc_pos 367544
alloc_pos 367784
alloc_pos 367816
alloc_pos 367968
alloc_pos 368012
alloc_pos 368144
alloc_pos 368264
alloc_pos 368304
alloc_pos 368528
alloc_pos 368580
alloc_pos 368756
alloc_pos 368796
alloc_pos 368852
alloc_pos 369092
alloc_pos 369228
alloc_pos 369456
alloc_pos 369620
alloc_pos 369700
alloc_pos 369724
alloc_pos 369888
alloc_pos 370000
alloc_pos 370108
alloc_pos 370160
alloc_pos 370344
alloc_pos 370528
alloc_pos 370756
alloc_pos 370784
alloc_pos 370836
alloc_pos 370864
alloc_pos 370956
alloc_pos 371036
alloc_pos 371236
alloc_pos 371468
alloc_pos 371704
alloc_pos 371924
alloc_pos 372076
alloc_pos 372268
alloc_pos 372364
alloc_pos 372392
alloc_pos 372424
alloc_pos 372472
alloc_pos 372540
alloc_pos 372564
alloc_pos 372712
alloc_pos 372752
alloc_pos 372964
alloc_pos 373120
alloc_pos 373264
alloc_pos 373520
alloc_pos 373764
alloc_pos 374012
alloc_pos 374076
alloc_pos 374228
alloc_pos 374448
alloc_pos 374680
alloc_pos 374900
alloc_pos 375128
alloc_pos 375212
alloc_pos 375288
alloc_pos 375380
alloc_pos 375424
alloc_pos 375456
alloc_pos 375532
alloc_pos 375604
alloc_pos 375776
alloc_pos 375816
alloc_pos 376012
alloc_pos 376160
alloc_pos 376224
alloc_pos 376376
alloc_pos 376588
alloc_pos 376636
alloc_pos 376804
alloc_pos 376912
alloc_pos 377052
alloc_pos 377076
alloc_pos 377228
alloc_pos 377284
alloc_pos 377528
alloc_pos 377704
alloc_pos 377816
alloc_pos 378000
alloc_pos 378056
alloc_pos 378112
alloc_pos 378312
alloc_pos 378496
alloc_pos 378636
alloc_pos 378880
alloc_pos 379100
alloc_pos 379176
alloc_pos 379308
alloc_pos 379336
alloc_pos 379560
alloc_pos 379624
alloc_pos 379764
alloc_pos 379904
alloc_pos 380004
alloc_pos 380104
alloc_pos 380196
alloc_pos 380272
alloc_pos 380400
alloc_pos 380516
alloc_pos 380768
alloc_pos 380876
alloc_pos 380984
alloc_pos 381016
alloc_pos 381152
alloc_pos 381312
alloc_pos 381404
alloc_pos 381508
alloc_pos 381580
alloc_pos 381776
alloc_pos 382012
alloc_pos 382068
alloc_pos 382124
alloc_pos 382344
alloc_pos 382504
alloc_pos 382612
alloc_pos 382812
alloc_pos 383064
alloc_pos 383168
alloc_pos 383400
alloc_pos 383624
alloc_pos 383864
alloc_pos 384076
alloc_pos 384276
alloc_pos 384316
alloc_pos 384340
alloc_pos 384556
alloc_pos 384800
alloc_pos 385036
alloc_pos 385120
alloc_pos 385372
alloc_pos 385508
alloc_pos 385640
alloc_pos 385868
alloc_pos 385968
alloc_pos 386040
alloc_pos 386112
alloc_pos 386272
alloc_pos 386480
alloc_pos 386720
alloc_pos 386812
alloc_pos 386860
alloc_pos 387016
alloc_pos 387172
alloc_pos 387416
alloc_pos 387532
alloc_pos 387624
alloc_pos 387684
alloc_pos 387808
alloc_pos 388064
alloc_pos 388300
alloc_pos 388460
alloc_pos 388488
alloc_pos 388616
alloc_pos 388712
alloc_pos 388944
alloc_pos 389200
alloc_pos 389440
alloc_pos 389544
alloc_pos 389760
alloc_pos 389900
alloc_pos 390148
alloc_pos 390408
alloc_pos 390464
alloc_pos 390524
alloc_pos 390728
alloc_pos 390796
alloc_pos 390920
alloc_pos 391024
alloc_pos 391240
alloc_pos 391420
alloc_pos 391596
alloc_pos 391860
alloc_pos 391984
alloc_pos 392064
alloc_pos 392280
alloc_pos 392360
alloc_pos 392448
alloc_pos 392552
alloc_pos 392816
alloc_pos 392908
alloc_pos 392948
alloc_pos 393004
alloc_pos 393164
alloc_pos 393424
alloc_pos 393460
alloc_pos 393608
alloc_pos 393644
alloc_pos 393680
alloc_pos 393824
alloc_pos 393868
alloc_pos 394100
alloc_pos 394240
alloc_pos 394400
alloc_pos 394560
alloc_pos 394596
alloc_pos 394756
alloc_pos 394892
alloc_pos 395124
alloc_pos 395272
alloc_pos 395464
alloc_pos 395564
alloc_pos 395596
alloc_pos 395800
alloc_pos 395904
alloc_pos 396132
alloc_pos 396332
alloc_pos 396500
alloc_pos 396740
alloc_pos 396980
alloc_pos 397012
alloc_pos 397272
alloc_pos 397436
alloc_pos 397628
alloc_pos 397772
alloc_pos 397848
alloc_pos 398048
alloc_pos 398232
alloc_pos 398412
alloc_pos 398564
alloc_pos 398764
alloc_pos 398796
alloc_pos 399052
alloc_pos 399288
alloc_pos 399396
alloc_pos 399516
alloc_pos 399760
alloc_pos 399920
alloc_pos 400156
alloc_pos 400372
alloc_pos 400516
alloc_pos 400756
alloc_pos 400788
alloc_pos 400864
alloc_pos 400944
alloc_pos 401120
alloc_pos 401144
alloc_pos 401380
alloc_pos 401592
alloc_pos 401748
alloc_pos 401804
alloc_pos 401848
alloc_pos 402068
alloc_pos 402272
alloc_pos 402532
alloc_pos 402700
alloc_pos 402952
alloc_pos 403188
alloc_pos 403232
alloc_pos 403476
alloc_pos 403556
alloc_pos 403792
alloc_pos 403872
alloc_pos 404056
alloc_pos 404248
alloc_pos 404488
alloc_pos 404520
alloc_pos 404672
alloc_pos 404716
alloc_pos 404848
alloc_pos 404968
alloc_pos 405008
alloc_pos 405232
alloc_pos 405284
alloc_pos 405460
alloc_pos 405500
alloc_pos 405556
alloc_pos 405796
alloc_pos 405932
alloc_pos 406160
alloc_pos 406324
alloc_pos 406404
alloc_pos 406428
alloc_pos 406592
alloc_pos 406704
alloc_pos 406812
alloc_pos 406864
alloc_pos 407048
alloc_pos 407232
alloc_pos 407460
alloc_pos 407488
alloc_pos 407540
alloc_pos 407568
alloc_pos 407660
alloc_pos 407740
alloc_pos 407940
alloc_pos 408172
alloc_pos 408408
alloc_pos 408628
alloc_pos 408780
alloc_pos 408972
alloc_pos 409068
alloc_pos 409096
alloc_pos 409128
alloc_pos 409176
alloc_pos 409244
alloc_pos 409268
alloc_pos 409416
alloc_pos 409456
alloc_pos 409668
alloc_pos 409824
alloc_pos 409968
alloc_pos 410224
alloc_pos 410468
alloc_pos 410716
alloc_pos 410780
alloc_pos 410932
alloc_pos 411152
alloc_pos 411384
alloc_pos 411604
alloc_pos 411832
alloc_pos 411916
alloc_pos 411992
alloc_pos 412084
alloc_pos 412128
alloc_pos 412160
alloc_pos 412236
alloc_pos 412308
alloc_pos 412480
alloc_pos 412520
alloc_pos 412716
alloc_pos 412864
alloc_pos 412928
alloc_pos 413080
alloc_pos 413292
alloc_pos 413340
alloc_pos 413508
alloc_pos 413616
alloc_pos 413756
alloc_pos 413780
alloc_pos 413932
alloc_pos 413988
alloc_pos 414232
alloc_pos 414408
alloc_pos 414520
alloc_pos 414704
alloc_pos 414760
alloc_pos 414816
alloc_pos 415016
alloc_pos 415200
alloc_pos 415340
alloc_pos 415584
alloc_pos 415804
alloc_pos 415880
alloc_pos 416012
alloc_pos 416040
alloc_pos 416264
alloc_pos 416328
alloc_pos 416468
alloc_pos 416608
alloc_pos 416708
alloc_pos 416808
alloc_pos 416900
alloc_pos 416976
alloc_pos 417104
alloc_pos 417220
alloc_pos 417472
alloc_pos 417580
alloc_pos 417688
alloc_pos 417720
alloc_pos 417856
alloc_pos 418016
alloc_pos 418108
alloc_pos 418212
alloc_pos 418284
alloc_pos 418480
alloc_pos 418716
alloc_pos 418772
alloc_pos 418828
alloc_pos 419048
alloc_pos 419208
alloc_pos 419316
alloc_pos 419516
alloc_pos 419768
alloc_pos 419872
alloc_pos 420104
alloc_pos 420328
alloc_pos 420568
alloc_pos 420780
alloc_pos 420980
alloc_pos 421020
alloc_pos 421044
alloc_pos 421260
alloc_pos 421504
alloc_pos 421740
alloc_pos 421824
alloc_pos 422076
alloc_pos 422212
alloc_pos 422344
alloc_pos 422572
alloc_pos 422672
alloc_pos 422744
alloc_pos 422816
alloc_pos 422976
alloc_pos 423184
alloc_pos 423424
alloc_pos 423516
alloc_pos 423564
alloc_pos 423720
alloc_pos 423876
alloc_pos 424120
alloc_pos 424236
alloc_pos 424328
alloc_pos 424388
alloc_pos 424512
alloc_pos 424768
alloc_pos 425004
alloc_pos 425164
alloc_pos 425192
alloc_pos 425320
alloc_pos 425416
alloc_pos 425648
alloc_pos 425904
alloc_pos 426144
alloc_pos 426248
alloc_pos 426464
alloc_pos 426604
alloc_pos 426852
alloc_pos 427112
alloc_pos 427168
alloc_pos 427228
alloc_pos 427432
alloc_pos 427500
alloc_pos 427624
alloc_pos 427728
alloc_pos 427944
alloc_pos 428124
alloc_pos 428300
alloc_pos 428564
alloc_pos 428688
alloc_pos 428768
alloc_pos 428984
alloc_pos 429064
alloc_pos 429152
alloc_pos 429256
alloc_pos 429520
alloc_pos 429612
alloc_pos 429652
alloc_pos 429708
alloc_pos 429868
alloc_pos 430128
alloc_pos 430164
alloc_pos 430312
alloc_pos 430348
alloc_pos 430384
alloc_pos 430528
alloc_pos 430572
alloc_pos 430804
alloc_pos 430944
alloc_pos 431104
alloc_pos 431264
alloc_pos 431300
alloc_pos 431460
alloc_pos 431596
alloc_pos 431828
alloc_pos 431976
alloc_pos 432168
alloc_pos 432268
alloc_pos 432300
alloc_pos 432504
alloc_pos 432608
alloc_pos 432836
alloc_pos 433036
alloc_pos 433204
alloc_pos 433444
alloc_pos 433684
alloc_pos 433716
alloc_pos 433976
alloc_pos 434140
alloc_pos 434332
alloc_pos 434476
alloc_pos 434552
alloc_pos 434752
alloc_pos 434936
alloc_pos 435116
alloc_pos 435268
alloc_pos 435468
alloc_pos 435500
alloc_pos 435756
alloc_pos 435992
alloc_pos 436100
alloc_pos 436220
alloc_pos 436464
alloc_pos 436624
alloc_pos 436860
alloc_pos 437076
alloc_pos 437220
alloc_pos 437460
alloc_pos 437492
alloc_pos 437568
alloc_pos 437648
alloc_pos 437824
alloc_pos 437848
alloc_pos 438084
alloc_pos 438296
alloc_pos 438452
alloc_pos 438508
alloc_pos 438552
alloc_pos 438772
alloc_pos 438976
alloc_pos 439236
alloc_pos 439404
alloc_pos 439656
alloc_pos 439892
alloc_pos 439936
alloc_pos 440180
alloc_pos 440260
alloc_pos 440496
alloc_pos 440576
alloc_pos 440760
alloc_pos 440952
alloc_pos 441192
alloc_pos 441224
alloc_pos 441376
alloc_pos 441420
alloc_pos 441552
alloc_pos 441672
alloc_pos 441712
alloc_pos 441936
alloc_pos 441988
alloc_pos 442164
alloc_pos 442204
alloc_pos 442260
alloc_pos 442500
alloc_pos 442636
alloc_pos 442864
alloc_pos 443028
alloc_pos 443108
alloc_pos 443132
alloc_pos 443296
alloc_pos 443408
alloc_pos 443516
alloc_pos 443568
alloc_pos 443752
alloc_pos 443936
alloc_pos 444164
alloc_pos 444192
alloc_pos 444244
alloc_pos 444272
alloc_pos 444364
alloc_pos 444444
alloc_pos 444644
alloc_pos 444876
alloc_pos 445112
alloc_pos 445332
alloc_pos 445484
alloc_pos 445676
alloc_pos 445772
alloc_pos 445800
alloc_pos 445832
alloc_pos 445880
alloc_pos 445948
alloc_pos 445972
alloc_pos 446120
alloc_pos 446160
alloc_pos 446372
alloc_pos 446528
alloc_pos 446672
alloc_pos 446928
alloc_pos 447172
alloc_pos 447420
alloc_pos 447484
alloc_pos 447636
alloc_pos 447856
alloc_pos 448088
alloc_pos 448308
alloc_pos 448536
alloc_pos 448620
alloc_pos 448696
alloc_pos 448788
alloc_pos 448832
alloc_pos 448864
alloc_pos 448940
alloc_pos 449012
alloc_pos 449184
alloc_pos 449224
alloc_pos 449420
alloc_pos 449568
alloc_pos 449632
alloc_pos 449784
alloc_pos 449996
alloc_pos 450044
alloc_pos 450212
alloc_pos 450320
alloc_pos 450460
alloc_pos 450484
alloc_pos 450636
alloc_pos 450692
alloc_pos 450936
alloc_pos 451112
alloc_pos 451224
alloc_pos 451408
alloc_pos 451464
alloc_pos 451520
alloc_pos 451720
alloc_pos 451904
alloc_pos 452044
alloc_pos 452288
alloc_pos 452508
alloc_pos 452584
alloc_pos 452716
alloc_pos 452744
alloc_pos 452968
alloc_pos 453032
alloc_pos 453172
alloc_pos 453312
alloc_pos 453412
alloc_pos 453512
alloc_pos 453604
alloc_pos 453680
alloc_pos 453808
alloc_pos 453924
alloc_pos 454176
alloc_pos 454284
alloc_pos 454392
alloc_pos 454424
alloc_pos 454560
alloc_pos 454720
alloc_pos 454812
alloc_pos 454916
alloc_pos 454988
alloc_pos 455184
alloc_pos 455420
alloc_pos 455476
alloc_pos 455532
alloc_pos 455752
alloc_pos 455912
alloc_pos 456020
alloc_pos 456220
alloc_pos 456472
alloc_pos 456576
alloc_pos 456808
alloc_pos 457032
alloc_pos 457272
alloc_pos 457484
alloc_pos 457684
alloc_pos 457724
alloc_pos 457748
alloc_pos 457964
alloc_pos 458208
alloc_pos 458444
alloc_pos 458528
alloc_pos 458780
alloc_pos 458916
alloc_pos 459048
alloc_pos 459276
alloc_pos 459376
alloc_pos 459448
alloc_pos 459520
alloc_pos 459680
alloc_pos 459888
alloc_pos 460128
alloc_pos 460220
alloc_pos 460268
alloc_pos 460424
alloc_pos 460580
alloc_pos 460824
alloc_pos 460940
alloc_pos 461032
alloc_pos 461092
alloc_pos 461216
alloc_pos 461472
alloc_pos 461708
alloc_pos 461868
alloc_pos 461896
alloc_pos 462024
alloc_pos 462120
alloc_pos 462352
alloc_pos 462608
alloc_pos 462848
alloc_pos 462952
alloc_pos 463168
alloc_pos 463308
alloc_pos 463556
alloc_pos 463816
alloc_pos 463872
alloc_pos 463932
alloc_pos 464136
alloc_pos 464204
alloc_pos 464328
alloc_pos 464432
alloc_pos 464648
alloc_pos 464828
alloc_pos 465004
alloc_pos 465268
alloc_pos 465392
alloc_pos 465472
alloc_pos 465688
alloc_pos 465768
alloc_pos 465856
alloc_pos 465960
alloc_pos 466224
alloc_pos 466316
alloc_pos 466356
alloc_pos 466412
alloc_pos 466572
alloc_pos 466832
alloc_pos 466868
alloc_pos 467016
alloc_pos 467052
alloc_pos 467088
alloc_pos 467232
alloc_pos 467276
alloc_pos 467508
alloc_pos 467648
alloc_pos 467808
alloc_pos 467968
alloc_pos 468004
alloc_pos 468164
alloc_pos 468300
alloc_pos 468532
alloc_pos 468680
alloc_pos 468872
alloc_pos 468972
alloc_pos 469004
alloc_pos 469208
alloc_pos 469312
alloc_pos 469540
alloc_pos 469740
alloc_pos 469908
alloc_pos 470148
alloc_pos 470388
alloc_pos 470420
alloc_pos 470680
alloc_pos 470844
alloc_pos 471036
alloc_pos 471180
alloc_pos 471256
alloc_pos 471456
alloc_pos 471640
alloc_pos 471820
alloc_pos 471972
alloc_pos 472172
alloc_pos 472204
alloc_pos 472460
alloc_pos 472696
alloc_pos 472804
alloc_pos 472924
alloc_pos 473168
alloc_pos 473328
alloc_pos 473564
alloc_pos 473780
alloc_pos 473924
alloc_pos 474164
alloc_pos 474196
alloc_pos 474272
alloc_pos 474352
alloc_pos 474528
alloc_pos 474552
alloc_pos 474788
alloc_pos 475000
alloc_pos 475156
alloc_pos 475212
alloc_pos 475256
alloc_pos 475476
alloc_pos 475680
alloc_pos 475940
alloc_pos 476108
alloc_pos 476360
alloc_pos 476596
alloc_pos 476640
alloc_pos 476884
alloc_pos 476964
alloc_pos 477200
alloc_pos 477280
alloc_pos 477464
alloc_pos 477656
alloc_pos 477896
alloc_pos 477928
alloc_pos 478080
alloc_pos 478124
alloc_pos 478256
alloc_pos 478376
alloc_pos 478416
alloc_pos 478640
alloc_pos 478692
alloc_pos 478868
alloc_pos 478908
alloc_pos 478964
alloc_pos 479204
alloc_pos 479340
alloc_pos 479568
alloc_pos 479732
alloc_pos 479812
alloc_pos 479836
alloc_pos 480000
alloc_pos 480112
alloc_pos 480220
alloc_pos 480272
alloc_pos 480456
alloc_pos 480640
alloc_pos 480868
alloc_pos 480896
alloc_pos 480948
alloc_pos 480976
alloc_pos 481068
alloc_pos 481148
alloc_pos 481348
alloc_pos 481580
alloc_pos 481816
alloc_pos 482036
alloc_pos 482188
alloc_pos 482380
alloc_pos 482476
alloc_pos 482504
alloc_pos 482536
alloc_pos 482584
alloc_pos 482652
alloc_pos 482676
alloc_pos 482824
alloc_pos 482864
alloc_pos 483076
alloc_pos 483232
alloc_pos 483376
alloc_pos 483632
alloc_pos 483876
alloc_pos 484124
alloc_pos 484188
alloc_pos 484340
alloc_pos 484560
alloc_pos 484792
alloc_pos 485012
alloc_pos 485240
alloc_pos 485324
alloc_pos 485400
alloc_pos 485492
alloc_pos 485536
alloc_pos 485568
alloc_pos 485644
alloc_pos 485716
alloc_pos 485888
alloc_pos 485928
alloc_pos 486124
alloc_pos 486272
alloc_pos 486336
alloc_pos 486488
alloc_pos 486700
alloc_pos 486748
alloc_pos 486916
alloc_pos 487024
alloc_pos 487164
alloc_pos 487188
alloc_pos 487340
alloc_pos 487396
alloc_pos 487640
alloc_pos 487816
alloc_pos 487928
alloc_pos 488112
alloc_pos 488168
alloc_pos 488224
alloc_pos 488424
alloc_pos 488608
alloc_pos 488748
alloc_pos 488992
alloc_pos 489212
alloc_pos 489288
alloc_pos 489420
alloc_pos 489448
alloc_pos 489672
alloc_pos 489736
alloc_pos 489876
alloc_pos 490016
alloc_pos 490116
alloc_pos 490216
alloc_pos 490308
alloc_pos 490384
alloc_pos 490512
alloc_pos 490628
alloc_pos 490880
alloc_pos 490988
alloc_pos 491096
alloc_pos 491128
alloc_pos 491264
alloc_pos 491424
alloc_pos 491516
alloc_pos 491620
alloc_pos 491692
alloc_pos 491888
alloc_pos 492124
alloc_pos 492180
alloc_pos 492236
alloc_pos 492456
alloc_pos 492616
alloc_pos 492724
alloc_pos 492924
alloc_pos 493176
alloc_pos 493280
alloc_pos 493512
alloc_pos 493736
alloc_pos 493976
alloc_pos 494188
alloc_pos 494388
alloc_pos 494428
alloc_pos 494452
alloc_pos 494668
alloc_pos 494912
alloc_pos 495148
alloc_pos 495232
alloc_pos 495484
alloc_pos 495620
alloc_pos 495752
alloc_pos 495980
alloc_pos 496080
alloc_pos 496152
alloc_pos 496224
alloc_pos 496384
alloc_pos 496592
alloc_pos 496832
alloc_pos 496924
alloc_pos 496972
alloc_pos 497128
alloc_pos 497284
alloc_pos 497528
alloc_pos 497644
alloc_pos 497736
alloc_pos 497796
alloc_pos 497920
alloc_pos 498176
alloc_pos 498412
alloc_pos 498572
alloc_pos 498600
alloc_pos 498728
alloc_pos 498824
alloc_pos 499056
alloc_pos 499312
alloc_pos 499552
alloc_pos 499656
alloc_pos 499872
alloc_pos 500012
alloc_pos 500260
alloc_pos 500520
alloc_pos 500576
alloc_pos 500636
alloc_pos 500840
alloc_pos 500908
alloc_pos 501032
alloc_pos 501136
alloc_pos 501352
alloc_pos 501532
alloc_pos 501708
alloc_pos 501972
alloc_pos 502096
alloc_pos 502176
alloc_pos 502392
alloc_pos 502472
alloc_pos 502560
alloc_pos 502664
alloc_pos 502928
alloc_pos 503020
alloc_pos 503060
alloc_pos 503116
alloc_pos 503276
alloc_pos 503536
alloc_pos 503572
alloc_pos 503720
alloc_pos 503756
alloc_pos 503792
alloc_pos 503936
alloc_pos 503980
alloc_pos 504212
alloc_pos 504352
alloc_pos 504512
alloc_pos 504672
alloc_pos 504708
alloc_pos 504868
alloc_pos 505004
alloc_pos 505236
alloc_pos 505384
alloc_pos 505576
alloc_pos 505676
alloc_pos 505708
alloc_pos 505912
alloc_pos 506016
alloc_pos 506244
alloc_pos 506444
alloc_pos 506612
alloc_pos 506852
alloc_pos 507092
alloc_pos 507124
alloc_pos 507384
alloc_pos 507548
alloc_pos 507740
alloc_pos 507884
alloc_pos 507960
alloc_pos 508160
alloc_pos 508344
alloc_pos 508524
alloc_pos 508676
alloc_pos 508876
alloc_pos 508908
alloc_pos 509164
alloc_pos 509400
alloc_pos 509508
alloc_pos 509628
alloc_pos 509872
alloc_pos 510032
alloc_pos 510268
alloc_pos 510484
alloc_pos 510628
alloc_pos 510868
alloc_pos 510900
alloc_pos 510976
alloc_pos 511056
alloc_pos 511232
alloc_pos 511256
alloc_pos 511492
alloc_pos 511704
alloc_pos 511860
alloc_pos 511916
alloc_pos 511960
alloc_pos 512180
alloc_pos 512384
alloc_pos 512644
alloc_pos 512812
alloc_pos 513064
alloc_pos 513300
alloc_pos 513344
alloc_pos 513588
alloc_pos 513668
alloc_pos 513904
alloc_pos 513984
alloc_pos 514168
alloc_pos 514360
alloc_pos 514600
alloc_pos 514632
alloc_pos 514784
alloc_pos 514828
alloc_pos 514960
alloc_pos 515080
alloc_pos 515120
alloc_pos 515344
alloc_pos 515396
alloc_pos 515572
alloc_pos 515612
alloc_pos 515668
alloc_pos 515908
alloc_pos 516044
alloc_pos 516272
alloc_pos 516436
alloc_pos 516516
alloc_pos 516540
alloc_pos 516704
alloc_pos 516816
alloc_pos 516924
alloc_pos 516976
alloc_pos 517160
alloc_pos 517344
alloc_pos 517572
alloc_pos 517600
alloc_pos 517652
alloc_pos 517680
alloc_pos 517772
alloc_pos 517852
alloc_pos 518052
alloc_pos 518284
alloc_pos 518520
alloc_pos 518740
alloc_pos 518892
alloc_pos 519084
alloc_pos 519180
alloc_pos 519208
alloc_pos 519240
alloc_pos 519288
alloc_pos 519356
alloc_pos 519380
alloc_pos 519528
alloc_pos 519568
alloc_pos 519780
alloc_pos 519936
alloc_pos 520080
alloc_pos 520336
alloc_pos 520580
alloc_pos 520828
alloc_pos 520892
alloc_pos 521044
alloc_pos 521264
alloc_pos 521496
alloc_pos 521716
alloc_pos 521944
alloc_pos 522028
alloc_pos 522104
alloc_pos 522196
alloc_pos 522240
alloc_pos 522272
alloc_pos 522348
alloc_pos 522420
alloc_pos 522592
alloc_pos 522632
alloc_pos 522828
alloc_pos 522976
alloc_pos 523040
alloc_pos 523192
alloc_pos 523404
alloc_pos 523452
alloc_pos 523620
alloc_pos 523728
alloc_pos 523868
alloc_pos 523892
alloc_pos 524044
alloc_pos -1

