reason: unexpected exit code -6
--- stdout ---
CHENEY GENERATOR!
--- stderr ---
alloc_pos 8
alloc_pos 1040
alloc_pos 2072
alloc_pos 3104
alloc_pos 4136
alloc_pos 5168
alloc_pos 5184
alloc_pos 5200
alloc_pos 5216
alloc_pos 5232
alloc_pos 5248
alloc_pos 5264
alloc_pos 5280
alloc_pos 5296
alloc_pos 5312
alloc_pos 5328
alloc_pos 5344
alloc_pos 5360
alloc_pos 5376
alloc_pos 5392
alloc_pos 5408
alloc_pos 5424
alloc_pos 5440
alloc_pos 5456
alloc_pos 5472
alloc_pos 5488
alloc_pos 5504
alloc_pos 5520
alloc_pos 5536
alloc_pos 5552
alloc_pos 5568
alloc_pos 5584
alloc_pos 5600
alloc_pos 5616
alloc_pos 5632
alloc_pos 5648
alloc_pos 5664
alloc_pos 5680
alloc_pos 5696
alloc_pos 5712
alloc_pos 5728
alloc_pos 5744
alloc_pos 5760
alloc_pos 5776
alloc_pos 5792
alloc_pos 5808
alloc_pos 5824
alloc_pos 5840
alloc_pos 5856
alloc_pos 5872
alloc_pos 5888
alloc_pos 5904
alloc_pos 5920
alloc_pos 5936
alloc_pos 5952
alloc_pos 5968
alloc_pos 5984
alloc_pos 6000
alloc_pos 6016
alloc_pos 6032
alloc_pos 6048
alloc_pos 6064
alloc_pos 6080
alloc_pos 6096
alloc_pos 6112
alloc_pos 6128
alloc_pos 6144
alloc_pos 6160
alloc_pos 6176
alloc_pos 6192
alloc_pos 6208
alloc_pos 6224
alloc_pos 6240
alloc_pos 6256
alloc_pos 6272
alloc_pos 6288
alloc_pos 6304
alloc_pos 6320
alloc_pos 6336
alloc_pos 6352
alloc_pos 6368
alloc_pos 6384
alloc_pos 6400
alloc_pos 6416
alloc_pos 6432
alloc_pos 6448
alloc_pos 6464
alloc_pos 6480
alloc_pos 6496
alloc_pos 6512
alloc_pos 6528
alloc_pos 6544
alloc_pos 6560
alloc_pos 6576
alloc_pos 6592
alloc_pos 6608
alloc_pos 6624
alloc_pos 6640
alloc_pos 6656
alloc_pos 6672
alloc_pos 6688
alloc_pos 6704
alloc_pos 6720
alloc_pos 6736
alloc_pos 6752
alloc_pos 6768
alloc_pos 6784
alloc_pos 6800
alloc_pos 6816
alloc_pos 6832
alloc_pos 6848
alloc_pos 6864
alloc_pos 6880
alloc_pos 6896
alloc_pos 6912
alloc_pos 6928
alloc_pos 6944
alloc_pos 6960
alloc_pos 6976
alloc_pos 6992
alloc_pos 7008
alloc_pos 7024
alloc_pos 7040
alloc_pos 7056
alloc_pos 7072
alloc_pos 7088
alloc_pos 7104
alloc_pos 7120
alloc_pos 7136
alloc_pos 7152
alloc_pos 7168
alloc_pos 7184
alloc_pos 7200
alloc_pos 7216
alloc_pos 7232
alloc_pos 7248
alloc_pos 7264
alloc_pos 7280
alloc_pos 7296
alloc_pos 7312
alloc_pos 7328
alloc_pos 7344
alloc_pos 7360
alloc_pos 7376
alloc_pos 7392
alloc_pos 7408
alloc_pos 7424
alloc_pos 7440
alloc_pos 7456
alloc_pos 7472
alloc_pos 7488
alloc_pos 7504
alloc_pos 7520
alloc_pos 7536
alloc_pos 7552
alloc_pos 7568
alloc_pos 7584
alloc_pos 7600
alloc_pos 7616
alloc_pos 7632
alloc_pos 7648
alloc_pos 7664
alloc_pos 7680
alloc_pos 7696
alloc_pos 7712
alloc_pos 7728
alloc_pos 7744
alloc_pos 7760
alloc_pos 7776
alloc_pos 7792
alloc_pos 7808
alloc_pos 7824
alloc_pos 7840
alloc_pos 7856
alloc_pos 7872
alloc_pos 7888
alloc_pos 7904
alloc_pos 7920
alloc_pos 7936
alloc_pos 7952
alloc_pos 7968
alloc_pos 7984
alloc_pos 8000
alloc_pos 8016
alloc_pos 8032
alloc_pos 8048
alloc_pos 8064
alloc_pos 8080
alloc_pos 8096
alloc_pos 8112
alloc_pos 8128
alloc_pos 8144
alloc_pos 8160
alloc_pos 8176
alloc_pos 8192
alloc_pos 8208
alloc_pos 8224
alloc_pos 8240
alloc_pos 8256
alloc_pos 8272
alloc_pos 8288
alloc_pos 8304
alloc_pos 8320
alloc_pos 8336
alloc_pos 8352
alloc_pos 8368
alloc_pos 8384
alloc_pos 8400
alloc_pos 8416
alloc_pos 8432
alloc_pos 8448
alloc_pos 8464
alloc_pos 8480
alloc_pos 8496
alloc_pos 8512
alloc_pos 8528
alloc_pos 8544
alloc_pos 8560
alloc_pos 8576
alloc_pos 8592
alloc_pos 8608
alloc_pos 8624
alloc_pos 8640
alloc_pos 8656
alloc_pos 8672
alloc_pos 8688
alloc_pos 8704
alloc_pos 8720
alloc_pos 8736
alloc_pos 8752
alloc_pos 8768
alloc_pos 8784
alloc_pos 8800
alloc_pos 8816
alloc_pos 8832
alloc_pos 8848
alloc_pos 8864
alloc_pos 8880
alloc_pos 8896
alloc_pos 8912
alloc_pos 8928
alloc_pos 8944
alloc_pos 8960
alloc_pos 8976
alloc_pos 8992
alloc_pos 9008
alloc_pos 9024
alloc_pos 9040
alloc_pos 9056
alloc_pos 9072
alloc_pos 9088
alloc_pos 9104
alloc_pos 9120
alloc_pos 9136
alloc_pos 9152
alloc_pos 9168
alloc_pos 9184
alloc_pos 9200
alloc_pos 9216
alloc_pos 9232
alloc_pos 9248
alloc_pos 9264
alloc_pos 9508
alloc_pos 9668
alloc_pos 9816
alloc_pos 9876
alloc_pos 10112
alloc_pos 10256
alloc_pos 10380
alloc_pos 10580
alloc_pos 10816
alloc_pos 11048
alloc_pos 11232
alloc_pos 11360
alloc_pos 11624
alloc_pos 11872
alloc_pos 11972
alloc_pos 12208
alloc_pos 12320
alloc_pos 12412
alloc_pos 12676
alloc_pos 12836
alloc_pos 12964
alloc_pos 13008
alloc_pos 13224
alloc_pos 13252
alloc_pos 13332
alloc_pos 13404
alloc_pos 13552
alloc_pos 13736
alloc_pos 13816
alloc_pos 14040
alloc_pos 14096
alloc_pos 14132
alloc_pos 14184
alloc_pos 14232
alloc_pos 14348
alloc_pos 14600
alloc_pos 14680
alloc_pos 14832
alloc_pos 14856
alloc_pos 14908
alloc_pos 15064
alloc_pos 15244
alloc_pos 15480
alloc_pos 15528
alloc_pos 15664
alloc_pos 15864
alloc_pos 16000
alloc_pos 16120
alloc_pos 16212
alloc_pos 16256
alloc_pos 16312
alloc_pos 16440
alloc_pos 16644
alloc_pos 16880
alloc_pos 16932
alloc_pos 17016
alloc_pos 17144
alloc_pos 17360
alloc_pos 17604
alloc_pos 17764
alloc_pos 17912
alloc_pos 17972
alloc_pos 18208
alloc_pos 18352
alloc_pos 18476
alloc_pos 18676
alloc_pos 18912
alloc_pos 19144
alloc_pos 19328
alloc_pos 19456
alloc_pos 19720
alloc_pos 19968
alloc_pos 20068
alloc_pos 20304
alloc_pos 20416
alloc_pos 20508
alloc_pos 20772
alloc_pos 20932
alloc_pos 21060
alloc_pos 21104
alloc_pos 21320
alloc_pos 21348
alloc_pos 21428
alloc_pos 21500
alloc_pos 21648
alloc_pos 21832
alloc_pos 21912
alloc_pos 22136
alloc_pos 22192
alloc_pos 22228
alloc_pos 22280
alloc_pos 22328
alloc_pos 22444
alloc_pos 22696
alloc_pos 22776
alloc_pos 22928
alloc_pos 22952
alloc_pos 23004
alloc_pos 23160
alloc_pos 23340
alloc_pos 23576
alloc_pos 23624
alloc_pos 23760
alloc_pos 23960
alloc_pos 24096
alloc_pos 24216
alloc_pos 24308
alloc_pos 24352
alloc_pos 24408
alloc_pos 24536
alloc_pos 24740
alloc_pos 24976
alloc_pos 25028
alloc_pos 25112
alloc_pos 25240
alloc_pos 25456
alloc_pos 25700
alloc_pos 25860
alloc_pos 26008
alloc_pos 26068
alloc_pos 26304
alloc_pos 26448
alloc_pos 26572
alloc_pos 26772
alloc_pos 27008
alloc_pos 27240
alloc_pos 27424
alloc_pos 27552
alloc_pos 27816
alloc_pos 28064
alloc_pos 28164
alloc_pos 28400
alloc_pos 28512
alloc_pos 28604
alloc_pos 28868
alloc_pos 29028
alloc_pos 29156
alloc_pos 29200
alloc_pos 29416
alloc_pos 29444
alloc_pos 29524
alloc_pos 29596
alloc_pos 29744
alloc_pos 29928
alloc_pos 30008
alloc_pos 30232
alloc_pos 30288
alloc_pos 30324
alloc_pos 30376
alloc_pos 30424
alloc_pos 30540
alloc_pos 30792
alloc_pos 30872
alloc_pos 31024
alloc_pos 31048
alloc_pos 31100
alloc_pos 31256
alloc_pos 31436
alloc_pos 31672
alloc_pos 31720
alloc_pos 31856
alloc_pos 32056
alloc_pos 32192
alloc_pos 32312
alloc_pos 32404
alloc_pos 32448
alloc_pos 32504
alloc_pos -1

