reason: unexpected exit code -6
--- stdout ---
CHENEY GENERATOR!
--- stderr ---
alloc_pos 8
alloc_pos 1040
alloc_pos 2072
alloc_pos 3104
alloc_pos 4136
alloc_pos 5168
alloc_pos 5184
alloc_pos 5200
alloc_pos 5216
alloc_pos 5232
alloc_pos 5248
alloc_pos 5264
alloc_pos 5280
alloc_pos 5296
alloc_pos 5312
alloc_pos 5328
alloc_pos 5344
alloc_pos 5360
alloc_pos 5376
alloc_pos 5392
alloc_pos 5408
alloc_pos 5424
alloc_pos 5440
alloc_pos 5456
alloc_pos 5472
alloc_pos 5488
alloc_pos 5504
alloc_pos 5520
alloc_pos 5536
alloc_pos 5552
alloc_pos 5568
alloc_pos 5584
alloc_pos 5600
alloc_pos 5616
alloc_pos 5632
alloc_pos 5648
alloc_pos 5664
alloc_pos 5680
alloc_pos 5696
alloc_pos 5712
alloc_pos 5728
alloc_pos 5744
alloc_pos 5760
alloc_pos 5776
alloc_pos 5792
alloc_pos 5808
alloc_pos 5824
alloc_pos 5840
alloc_pos 5856
alloc_pos 5872
alloc_pos 5888
alloc_pos 5904
alloc_pos 5920
alloc_pos 5936
alloc_pos 5952
alloc_pos 5968
alloc_pos 5984
alloc_pos 6000
alloc_pos 6016
alloc_pos 6032
alloc_pos 6048
alloc_pos 6064
alloc_pos 6080
alloc_pos 6096
alloc_pos 6112
alloc_pos 6128
alloc_pos 6144
alloc_pos 6160
alloc_pos 6176
alloc_pos 6192
alloc_pos 6208
alloc_pos 6224
alloc_pos 6240
alloc_pos 6256
alloc_pos 6272
alloc_pos 6288
alloc_pos 6304
alloc_pos 6320
alloc_pos 6336
alloc_pos 6352
alloc_pos 6368
alloc_pos 6384
alloc_pos 6400
alloc_pos 6416
alloc_pos 6432
alloc_pos 6448
alloc_pos 6464
alloc_pos 6480
alloc_pos 6496
alloc_pos 6512
alloc_pos 6528
alloc_pos 6544
alloc_pos 6560
alloc_pos 6576
alloc_pos 6592
alloc_pos 6608
alloc_pos 6624
alloc_pos 6640
alloc_pos 6656
alloc_pos 6672
alloc_pos 6688
alloc_pos 6704
alloc_pos 6720
alloc_pos 6736
alloc_pos 6752
alloc_pos 6768
alloc_pos 6784
alloc_pos 6800
alloc_pos 6816
alloc_pos 6832
alloc_pos 6848
alloc_pos 6864
alloc_pos 6880
alloc_pos 6896
alloc_pos 6912
alloc_pos 6928
alloc_pos 6944
alloc_pos 6960
alloc_pos 6976
alloc_pos 6992
alloc_pos 7008
alloc_pos 7024
alloc_pos 7040
alloc_pos 7056
alloc_pos 7072
alloc_pos 7088
alloc_pos 7104
alloc_pos 7120
alloc_pos 7136
alloc_pos 7152
alloc_pos 7168
alloc_pos 7184
alloc_pos 7200
alloc_pos 7216
alloc_pos 7232
alloc_pos 7248
alloc_pos 7264
alloc_pos 7280
alloc_pos 7296
alloc_pos 7312
alloc_pos 7328
alloc_pos 7344
alloc_pos 7360
alloc_pos 7376
alloc_pos 7392
alloc_pos 7408
alloc_pos 7424
alloc_pos 7440
alloc_pos 7456
alloc_pos 7472
alloc_pos 7488
alloc_pos 7504
alloc_pos 7520
alloc_pos 7536
alloc_pos 7552
alloc_pos 7568
alloc_pos 7584
alloc_pos 7600
alloc_pos 7616
alloc_pos 7632
alloc_pos 7648
alloc_pos 7664
alloc_pos 7680
alloc_pos 7696
alloc_pos 7712
alloc_pos 7728
alloc_pos 7744
alloc_pos 7760
alloc_pos 7776
alloc_pos 7792
alloc_pos 7808
alloc_pos 7824
alloc_pos 7840
alloc_pos 7856
alloc_pos 7872
alloc_pos 7888
alloc_pos 7904
alloc_pos 7920
alloc_pos 7936
alloc_pos 7952
alloc_pos 7968
alloc_pos 7984
alloc_pos 8000
alloc_pos 8016
alloc_pos 8032
alloc_pos 8048
alloc_pos 8064
alloc_pos 8080
alloc_pos 8096
alloc_pos 8112
alloc_pos 8128
alloc_pos 8144
alloc_pos 8160
alloc_pos 8176
alloc_pos 8192
alloc_pos 8208
alloc_pos 8224
alloc_pos 8240
alloc_pos 8256
alloc_pos 8272
alloc_pos 8288
alloc_pos 8304
alloc_pos 8320
alloc_pos 8336
alloc_pos 8352
alloc_pos 8368
alloc_pos 8384
alloc_pos 8400
alloc_pos 8416
alloc_pos 8432
alloc_pos 8448
alloc_pos 8464
alloc_pos 8480
alloc_pos 8496
alloc_pos 8512
alloc_pos 8528
alloc_pos 8544
alloc_pos 8560
alloc_pos 8576
alloc_pos 8592
alloc_pos 8608
alloc_pos 8624
alloc_pos 8640
alloc_pos 8656
alloc_pos 8672
alloc_pos 8688
alloc_pos 8704
alloc_pos 8720
alloc_pos 8736
alloc_pos 8752
alloc_pos 8768
alloc_pos 8784
alloc_pos 8800
alloc_pos 8816
alloc_pos 8832
alloc_pos 8848
alloc_pos 8864
alloc_pos 8880
alloc_pos 8896
alloc_pos 8912
alloc_pos 8928
alloc_pos 8944
alloc_pos 8960
alloc_pos 8976
alloc_pos 8992
alloc_pos 9008
alloc_pos 9024
alloc_pos 9040
alloc_pos 9056
alloc_pos 9072
alloc_pos 9088
alloc_pos 9104
alloc_pos 9120
alloc_pos 9136
alloc_pos 9152
alloc_pos 9168
alloc_pos 9184
alloc_pos 9200
alloc_pos 9216
alloc_pos 9232
alloc_pos 9248
alloc_pos 9264
alloc_pos 9508
alloc_pos 9668
alloc_pos 9816
alloc_pos 9876
alloc_pos 10112
alloc_pos 10256
alloc_pos 10380
alloc_pos 10580
alloc_pos 10816
alloc_pos 11048
alloc_pos 11232
alloc_pos 11360
alloc_pos 11624
alloc_pos 11872
alloc_pos 11972
alloc_pos 12208
alloc_pos 12320
alloc_pos 12412
alloc_pos 12676
alloc_pos 12836
alloc_pos 12964
alloc_pos 13008
alloc_pos 13224
alloc_pos 13252
alloc_pos 13332
alloc_pos 13404
alloc_pos 13552
alloc_pos 13736
alloc_pos 13816
alloc_pos 14040
alloc_pos 14096
alloc_pos 14132
alloc_pos 14184
alloc_pos 14232
alloc_pos 14348
alloc_pos 14600
alloc_pos 14680
alloc_pos 14832
alloc_pos 14856
alloc_pos 14908
alloc_pos 15064
alloc_pos 15244
alloc_pos 15480
alloc_pos 15528
alloc_pos 15664
alloc_pos 15864
alloc_pos 16000
alloc_pos 16120
alloc_pos 16212
alloc_pos 16256
alloc_pos 16312
alloc_pos 16440
alloc_pos 16644
alloc_pos 16880
alloc_pos 16932
alloc_pos 17016
alloc_pos 17144
alloc_pos 17360
alloc_pos 17604
alloc_pos 17764
alloc_pos 17912
alloc_pos 17972
alloc_pos 18208
alloc_pos 18352
alloc_pos 18476
alloc_pos 18676
alloc_pos 18912
alloc_pos 19144
alloc_pos 19328
alloc_pos 19456
alloc_pos 19720
alloc_pos 19968
alloc_pos 20068
alloc_pos 20304
alloc_pos 20416
alloc_pos 20508
alloc_pos 20772
alloc_pos 20932
alloc_pos 21060
alloc_pos 21104
alloc_pos 21320
alloc_pos 21348
alloc_pos 21428
alloc_pos 21500
alloc_pos 21648
alloc_pos 21832
alloc_pos 21912
alloc_pos 22136
alloc_pos 22192
alloc_pos 22228
alloc_pos 22280
alloc_pos 22328
alloc_pos 22444
alloc_pos 22696
alloc_pos 22776
alloc_pos 22928
alloc_pos 22952
alloc_pos 23004
alloc_pos 23160
alloc_pos 23340
alloc_pos 23576
alloc_pos 23624
alloc_pos 23760
alloc_pos 23960
alloc_pos 24096
alloc_pos 24216
alloc_pos 24308
alloc_pos 24352
alloc_pos 24408
alloc_pos 24536
alloc_pos 24740
alloc_pos 24976
alloc_pos 25028
alloc_pos 25112
alloc_pos 25240
alloc_pos 25456
alloc_pos 25700
alloc_pos 25860
alloc_pos 26008
alloc_pos 26068
alloc_pos 26304
alloc_pos 26448
alloc_pos 26572
alloc_pos 26772
alloc_pos 27008
alloc_pos 27240
alloc_pos 27424
alloc_pos 27552
alloc_pos 27816
alloc_pos 28064
alloc_pos 28164
alloc_pos 28400
alloc_pos 28512
alloc_pos 28604
alloc_pos 28868
alloc_pos 29028
alloc_pos 29156
alloc_pos 29200
alloc_pos 29416
alloc_pos 29444
alloc_pos 29524
alloc_pos 29596
alloc_pos 29744
alloc_pos 29928
alloc_pos 30008
alloc_pos 30232
alloc_pos 30288
alloc_pos 30324
alloc_pos 30376
alloc_pos 30424
alloc_pos 30540
alloc_pos 30792
alloc_pos 30872
alloc_pos 31024
alloc_pos 31048
alloc_pos 31100
alloc_pos 31256
alloc_pos 31436
alloc_pos 31672
alloc_pos 31720
alloc_pos 31856
alloc_pos 32056
alloc_pos 32192
alloc_pos 32312
alloc_pos 32404
alloc_pos 32448
alloc_pos 32504
alloc_pos 32632
alloc_pos 32836
alloc_pos 33072
alloc_pos 33124
alloc_pos 33208
alloc_pos 33336
alloc_pos 33552
alloc_pos 33796
alloc_pos 33956
alloc_pos 34104
alloc_pos 34164
alloc_pos 34400
alloc_pos 34544
alloc_pos 34668
alloc_pos 34868
alloc_pos 35104
alloc_pos 35336
alloc_pos 35520
alloc_pos 35648
alloc_pos 35912
alloc_pos 36160
alloc_pos 36260
alloc_pos 36496
alloc_pos 36608
alloc_pos 36700
alloc_pos 36964
alloc_pos 37124
alloc_pos 37252
alloc_pos 37296
alloc_pos 37512
alloc_pos 37540
alloc_pos 37620
alloc_pos 37692
alloc_pos 37840
alloc_pos 38024
alloc_pos 38104
alloc_pos 38328
alloc_pos 38384
alloc_pos 38420
alloc_pos 38472
alloc_pos 38520
alloc_pos 38636
alloc_pos 38888
alloc_pos 38968
alloc_pos 39120
alloc_pos 39144
alloc_pos 39196
alloc_pos 39352
alloc_pos 39532
alloc_pos 39768
alloc_pos 39816
alloc_pos 39952
alloc_pos 40152
alloc_pos 40288
alloc_pos 40408
alloc_pos 40500
alloc_pos 40544
alloc_pos 40600
alloc_pos 40728
alloc_pos 40932
alloc_pos 41168
alloc_pos 41220
alloc_pos 41304
alloc_pos 41432
alloc_pos 41648
alloc_pos 41892
alloc_pos 42052
alloc_pos 42200
alloc_pos 42260
alloc_pos 42496
alloc_pos 42640
alloc_pos 42764
alloc_pos 42964
alloc_pos 43200
alloc_pos 43432
alloc_pos 43616
alloc_pos 43744
alloc_pos 44008
alloc_pos 44256
alloc_pos 44356
alloc_pos 44592
alloc_pos 44704
alloc_pos 44796
alloc_pos 45060
alloc_pos 45220
alloc_pos 45348
alloc_pos 45392
alloc_pos 45608
alloc_pos 45636
alloc_pos 45716
alloc_pos 45788
alloc_pos 45936
alloc_pos 46120
alloc_pos 46200
alloc_pos 46424
alloc_pos 46480
alloc_pos 46516
alloc_pos 46568
alloc_pos 46616
alloc_pos 46732
alloc_pos 46984
alloc_pos 47064
alloc_pos 47216
alloc_pos 47240
alloc_pos 47292
alloc_pos 47448
alloc_pos 47628
alloc_pos 47864
alloc_pos 47912
alloc_pos 48048
alloc_pos 48248
alloc_pos 48384
alloc_pos 48504
alloc_pos 48596
alloc_pos 48640
alloc_pos 48696
alloc_pos 48824
alloc_pos 49028
alloc_pos 49264
alloc_pos 49316
alloc_pos 49400
alloc_pos 49528
alloc_pos 49744
alloc_pos 49988
alloc_pos 50148
alloc_pos 50296
alloc_pos 50356
alloc_pos 50592
alloc_pos 50736
alloc_pos 50860
alloc_pos 51060
alloc_pos 51296
alloc_pos 51528
alloc_pos 51712
alloc_pos 51840
alloc_pos 52104
alloc_pos 52352
alloc_pos 52452
alloc_pos 52688
alloc_pos 52800
alloc_pos 52892
alloc_pos 53156
alloc_pos 53316
alloc_pos 53444
alloc_pos 53488
alloc_pos 53704
alloc_pos 53732
alloc_pos 53812
alloc_pos 53884
alloc_pos 54032
alloc_pos 54216
alloc_pos 54296
alloc_pos 54520
alloc_pos 54576
alloc_pos 54612
alloc_pos 54664
alloc_pos 54712
alloc_pos 54828
alloc_pos 55080
alloc_pos 55160
alloc_pos 55312
alloc_pos 55336
alloc_pos 55388
alloc_pos 55544
alloc_pos 55724
alloc_pos 55960
alloc_pos 56008
alloc_pos 56144
alloc_pos 56344
alloc_pos 56480
alloc_pos 56600
alloc_pos 56692
alloc_pos 56736
alloc_pos 56792
alloc_pos 56920
alloc_pos 57124
alloc_pos 57360
alloc_pos 57412
alloc_pos 57496
alloc_pos 57624
alloc_pos 57840
alloc_pos 58084
alloc_pos 58244
alloc_pos 58392
alloc_pos 58452
alloc_pos 58688
alloc_pos 58832
alloc_pos 58956
alloc_pos 59156
alloc_pos 59392
alloc_pos 59624
alloc_pos 59808
alloc_pos 59936
alloc_pos 60200
alloc_pos 60448
alloc_pos 60548
alloc_pos 60784
alloc_pos 60896
alloc_pos 60988
alloc_pos 61252
alloc_pos 61412
alloc_pos 61540
alloc_pos 61584
alloc_pos 61800
alloc_pos 61828
alloc_pos 61908
alloc_pos 61980
alloc_pos 62128
alloc_pos 62312
alloc_pos 62392
alloc_pos 62616
alloc_pos 62672
alloc_pos 62708
alloc_pos 62760
alloc_pos 62808
alloc_pos 62924
alloc_pos 63176
alloc_pos 63256
alloc_pos 63408
alloc_pos 63432
alloc_pos 63484
alloc_pos 63640
alloc_pos 63820
alloc_pos 64056
alloc_pos 64104
alloc_pos 64240
alloc_pos 64440
alloc_pos 64576
alloc_pos 64696
alloc_pos 64788
alloc_pos 64832
alloc_pos 64888
alloc_pos 65016
alloc_pos 65220
alloc_pos 65456
alloc_pos 65508
alloc_pos 65592
alloc_pos 65720
alloc_pos 65936
alloc_pos 66180
alloc_pos 66340
alloc_pos 66488
alloc_pos 66548
alloc_pos 66784
alloc_pos 66928
alloc_pos 67052
alloc_pos 67252
alloc_pos 67488
alloc_pos 67720
alloc_pos 67904
alloc_pos 68032
alloc_pos 68296
alloc_pos 68544
alloc_pos 68644
alloc_pos 68880
alloc_pos 68992
alloc_pos 69084
alloc_pos 69348
alloc_pos 69508
alloc_pos 69636
alloc_pos 69680
alloc_pos 69896
alloc_pos 69924
alloc_pos 70004
alloc_pos 70076
alloc_pos 70224
alloc_pos 70408
alloc_pos 70488
alloc_pos 70712
alloc_pos 70768
alloc_pos 70804
alloc_pos 70856
alloc_pos 70904
alloc_pos 71020
alloc_pos 71272
alloc_pos 71352
alloc_pos 71504
alloc_pos 71528
alloc_pos 71580
alloc_pos 71736
alloc_pos 71916
alloc_pos 72152
alloc_pos 72200
alloc_pos 72336
alloc_pos 72536
alloc_pos 72672
alloc_pos 72792
alloc_pos 72884
alloc_pos 72928
alloc_pos 72984
alloc_pos 73112
alloc_pos 73316
alloc_pos 73552
alloc_pos 73604
alloc_pos 73688
alloc_pos 73816
alloc_pos 74032
alloc_pos 74276
alloc_pos 74436
alloc_pos 74584
alloc_pos 74644
alloc_pos 74880
alloc_pos 75024
alloc_pos 75148
alloc_pos 75348
alloc_pos 75584
alloc_pos 75816
alloc_pos 76000
alloc_pos 76128
alloc_pos 76392
alloc_pos 76640
alloc_pos 76740
alloc_pos 76976
alloc_pos 77088
alloc_pos 77180
alloc_pos 77444
alloc_pos 77604
alloc_pos 77732
alloc_pos 77776
alloc_pos 77992
alloc_pos 78020
alloc_pos 78100
alloc_pos 78172
alloc_pos 78320
alloc_pos 78504
alloc_pos 78584
alloc_pos 78808
alloc_pos 78864
alloc_pos 78900
alloc_pos 78952
alloc_pos 79000
alloc_pos 79116
alloc_pos 79368
alloc_pos 79448
alloc_pos 79600
alloc_pos 79624
alloc_pos 79676
alloc_pos 79832
alloc_pos 80012
alloc_pos 80248
alloc_pos 80296
alloc_pos 80432
alloc_pos 80632
alloc_pos 80768
alloc_pos 80888
alloc_pos 80980
alloc_pos 81024
alloc_pos 81080
alloc_pos 81208
alloc_pos 81412
alloc_pos 81648
alloc_pos 81700
alloc_pos 81784
alloc_pos 81912
alloc_pos 82128
alloc_pos 82372
alloc_pos 82532
alloc_pos 82680
alloc_pos 82740
alloc_pos 82976
alloc_pos 83120
alloc_pos 83244
alloc_pos 83444
alloc_pos 83680
alloc_pos 83912
alloc_pos 84096
alloc_pos 84224
alloc_pos 84488
alloc_pos 84736
alloc_pos 84836
alloc_pos 85072
alloc_pos 85184
alloc_pos 85276
alloc_pos 85540
alloc_pos 85700
alloc_pos 85828
alloc_pos 85872
alloc_pos 86088
alloc_pos 86116
alloc_pos 86196
alloc_pos 86268
alloc_pos 86416
alloc_pos 86600
alloc_pos 86680
alloc_pos 86904
alloc_pos 86960
alloc_pos 86996
alloc_pos 87048
alloc_pos 87096
alloc_pos 87212
alloc_pos 87464
alloc_pos 87544
alloc_pos 87696
alloc_pos 87720
alloc_pos 87772
alloc_pos 87928
alloc_pos 88108
alloc_pos 88344
alloc_pos 88392
alloc_pos 88528
alloc_pos 88728
alloc_pos 88864
alloc_pos 88984
alloc_pos 89076
alloc_pos 89120
alloc_pos 89176
alloc_pos 89304
alloc_pos 89508
alloc_pos 89744
alloc_pos 89796
alloc_pos 89880
alloc_pos 90008
alloc_pos 90224
alloc_pos 90468
alloc_pos 90628
alloc_pos 90776
alloc_pos 90836
alloc_pos 91072
alloc_pos 91216
alloc_pos 91340
alloc_pos 91540
alloc_pos 91776
alloc_pos 92008
alloc_pos 92192
alloc_pos 92320
alloc_pos 92584
alloc_pos 92832
alloc_pos 92932
alloc_pos 93168
alloc_pos 93280
alloc_pos 93372
alloc_pos 93636
alloc_pos 93796
alloc_pos 93924
alloc_pos 93968
alloc_pos 94184
alloc_pos 94212
alloc_pos 94292
alloc_pos 94364
alloc_pos 94512
alloc_pos 94696
alloc_pos 94776
alloc_pos 95000
alloc_pos 95056
alloc_pos 95092
alloc_pos 95144
alloc_pos 95192
alloc_pos 95308
alloc_pos 95560
alloc_pos 95640
alloc_pos 95792
alloc_pos 95816
alloc_pos 95868
alloc_pos 96024
alloc_pos 96204
alloc_pos 96440
alloc_pos 96488
alloc_pos 96624
alloc_pos 96824
alloc_pos 96960
alloc_pos 97080
alloc_pos 97172
alloc_pos 97216
alloc_pos 97272
alloc_pos 97400
alloc_pos 97604
alloc_pos 97840
alloc_pos 97892
alloc_pos 97976
alloc_pos 98104
alloc_pos 98320
alloc_pos 98564
alloc_pos 98724
alloc_pos 98872
alloc_pos 98932
alloc_pos 99168
alloc_pos 99312
alloc_pos 99436
alloc_pos 99636
alloc_pos 99872
alloc_pos 100104
alloc_pos 100288
alloc_pos 100416
alloc_pos 100680
alloc_pos 100928
alloc_pos 101028
alloc_pos 101264
alloc_pos 101376
alloc_pos 101468
alloc_pos 101732
alloc_pos 101892
alloc_pos 102020
alloc_pos 102064
alloc_pos 102280
alloc_pos 102308
alloc_pos 102388
alloc_pos 102460
alloc_pos 102608
alloc_pos 102792
alloc_pos 102872
alloc_pos 103096
alloc_pos 103152
alloc_pos 103188
alloc_pos 103240
alloc_pos 103288
alloc_pos 103404
alloc_pos 103656
alloc_pos 103736
alloc_pos 103888
alloc_pos 103912
alloc_pos 103964
alloc_pos 104120
alloc_pos 104300
alloc_pos 104536
alloc_pos 104584
alloc_pos 104720
alloc_pos 104920
alloc_pos 105056
alloc_pos 105176
alloc_pos 105268
alloc_pos 105312
alloc_pos 105368
alloc_pos 105496
alloc_pos 105700
alloc_pos 105936
alloc_pos 105988
alloc_pos 106072
alloc_pos 106200
alloc_pos 106416
alloc_pos 106660
alloc_pos 106820
alloc_pos 106968
alloc_pos 107028
alloc_pos 107264
alloc_pos 107408
alloc_pos 107532
alloc_pos 107732
alloc_pos 107968
alloc_pos 108200
alloc_pos 108384
alloc_pos 108512
alloc_pos 108776
alloc_pos 109024
alloc_pos 109124
alloc_pos 109360
alloc_pos 109472
alloc_pos 109564
alloc_pos 109828
alloc_pos 109988
alloc_pos 110116
alloc_pos 110160
alloc_pos 110376
alloc_pos 110404
alloc_pos 110484
alloc_pos 110556
alloc_pos 110704
alloc_pos 110888
alloc_pos 110968
alloc_pos 111192
alloc_pos 111248
alloc_pos 111284
alloc_pos 111336
alloc_pos 111384
alloc_pos 111500
alloc_pos 111752
alloc_pos 111832
alloc_pos 111984
alloc_pos 112008
alloc_pos 112060
alloc_pos 112216
alloc_pos 112396
alloc_pos 112632
alloc_pos 112680
alloc_pos 112816
alloc_pos 113016
alloc_pos 113152
alloc_pos 113272
alloc_pos 113364
alloc_pos 113408
alloc_pos 113464
alloc_pos 113592
alloc_pos 113796
alloc_pos 114032
alloc_pos 114084
alloc_pos 114168
alloc_pos 114296
alloc_pos 114512
alloc_pos 114756
alloc_pos 114916
alloc_pos 115064
alloc_pos 115124
alloc_pos 115360
alloc_pos 115504
alloc_pos 115628
alloc_pos 115828
alloc_pos 116064
alloc_pos 116296
alloc_pos 116480
alloc_pos 116608
alloc_pos 116872
alloc_pos 117120
alloc_pos 117220
alloc_pos 117456
alloc_pos 117568
alloc_pos 117660
alloc_pos 117924
alloc_pos 118084
alloc_pos 118212
alloc_pos 118256
alloc_pos 118472
alloc_pos 118500
alloc_pos 118580
alloc_pos 118652
alloc_pos 118800
alloc_pos 118984
alloc_pos 119064
alloc_pos 119288
alloc_pos 119344
alloc_pos 119380
alloc_pos 119432
alloc_pos 119480
alloc_pos 119596
alloc_pos 119848
alloc_pos 119928
alloc_pos 120080
alloc_pos 120104
alloc_pos 120156
alloc_pos 120312
alloc_pos 120492
alloc_pos 120728
alloc_pos 120776
alloc_pos 120912
alloc_pos 121112
alloc_pos 121248
alloc_pos 121368
alloc_pos 121460
alloc_pos 121504
alloc_pos 121560
alloc_pos 121688
alloc_pos 121892
alloc_pos 122128
alloc_pos 122180
alloc_pos 122264
alloc_pos 122392
alloc_pos 122608
alloc_pos 122852
alloc_pos 123012
alloc_pos 123160
alloc_pos 123220
alloc_pos 123456
alloc_pos 123600
alloc_pos 123724
alloc_pos 123924
alloc_pos 124160
alloc_pos 124392
alloc_pos 124576
alloc_pos 124704
alloc_pos 124968
alloc_pos 125216
alloc_pos 125316
alloc_pos 125552
alloc_pos 125664
alloc_pos 125756
alloc_pos 126020
alloc_pos 126180
alloc_pos 126308
alloc_pos 126352
alloc_pos 126568
alloc_pos 126596
alloc_pos 126676
alloc_pos 126748
alloc_pos 126896
alloc_pos 127080
alloc_pos 127160
alloc_pos 127384
alloc_pos 127440
alloc_pos 127476
alloc_pos 127528
alloc_pos 127576
alloc_pos 127692
alloc_pos 127944
alloc_pos 128024
alloc_pos 128176
alloc_pos 128200
alloc_pos 128252
alloc_pos 128408
alloc_pos 128588
alloc_pos 128824
alloc_pos 128872
alloc_pos 129008
alloc_pos 129208
alloc_pos 129344
alloc_pos 129464
alloc_pos 129556
alloc_pos 129600
alloc_pos 129656
alloc_pos 129784
alloc_pos 129988
alloc_pos 130224
alloc_pos 130276
alloc_pos 130360
alloc_pos 130488
alloc_pos 130704
alloc_pos 130948
alloc_pos 131108
alloc_pos 131256
alloc_pos 131316
alloc_pos 131552
alloc_pos 131696
alloc_pos 131820
alloc_pos 132020
alloc_pos 132256
alloc_pos 132488
alloc_pos 132672
alloc_pos 132800
alloc_pos 133064
alloc_pos 133312
alloc_pos 133412
alloc_pos 133648
alloc_pos 133760
alloc_pos 133852
alloc_pos 134116
alloc_pos 134276
alloc_pos 134404
alloc_pos 134448
alloc_pos 134664
alloc_pos 134692
alloc_pos 134772
alloc_pos 134844
alloc_pos 134992
alloc_pos 135176
alloc_pos 135256
alloc_pos 135480
alloc_pos 135536
alloc_pos 135572
alloc_pos 135624
alloc_pos 135672
alloc_pos 135788
alloc_pos 136040
alloc_pos 136120
alloc_pos 136272
alloc_pos 136296
alloc_pos 136348
alloc_pos 136504
alloc_pos 136684
alloc_pos 136920
alloc_pos 136968
alloc_pos 137104
alloc_pos 137304
alloc_pos 137440
alloc_pos 137560
alloc_pos 137652
alloc_pos 137696
alloc_pos 137752
alloc_pos 137880
alloc_pos 138084
alloc_pos 138320
alloc_pos 138372
alloc_pos 138456
alloc_pos 138584
alloc_pos 138800
alloc_pos 139044
alloc_pos 139204
alloc_pos 139352
alloc_pos 139412
alloc_pos 139648
alloc_pos 139792
alloc_pos 139916
alloc_pos 140116
alloc_pos 140352
alloc_pos 140584
alloc_pos 140768
alloc_pos 140896
alloc_pos 141160
alloc_pos 141408
alloc_pos 141508
alloc_pos 141744
alloc_pos 141856
alloc_pos 141948
alloc_pos 142212
alloc_pos 142372
alloc_pos 142500
alloc_pos 142544
alloc_pos 142760
alloc_pos 142788
alloc_pos 142868
alloc_pos 142940
alloc_pos 143088
alloc_pos 143272
alloc_pos 143352
alloc_pos 143576
alloc_pos 143632
alloc_pos 143668
alloc_pos 143720
alloc_pos 143768
alloc_pos 143884
alloc_pos 144136
alloc_pos 144216
alloc_pos 144368
alloc_pos 144392
alloc_pos 144444
alloc_pos 144600
alloc_pos 144780
alloc_pos 145016
alloc_pos 145064
alloc_pos 145200
alloc_pos 145400
alloc_pos 145536
alloc_pos 145656
alloc_pos 145748
alloc_pos 145792
alloc_pos 145848
alloc_pos 145976
alloc_pos 146180
alloc_pos 146416
alloc_pos 146468
alloc_pos 146552
alloc_pos 146680
alloc_pos 146896
alloc_pos 147140
alloc_pos 147300
alloc_pos 147448
alloc_pos 147508
alloc_pos 147744
alloc_pos 147888
alloc_pos 148012
alloc_pos 148212
alloc_pos 148448
alloc_pos 148680
alloc_pos 148864
alloc_pos 148992
alloc_pos 149256
alloc_pos 149504
alloc_pos 149604
alloc_pos 149840
alloc_pos 149952
alloc_pos 150044
alloc_pos 150308
alloc_pos 150468
alloc_pos 150596
alloc_pos 150640
alloc_pos 150856
alloc_pos 150884
alloc_pos 150964
alloc_pos 151036
alloc_pos 151184
alloc_pos 151368
alloc_pos 151448
alloc_pos 151672
alloc_pos 151728
alloc_pos 151764
alloc_pos 151816
alloc_pos 151864
alloc_pos 151980
alloc_pos 152232
alloc_pos 152312
alloc_pos 152464
alloc_pos 152488
alloc_pos 152540
alloc_pos 152696
alloc_pos 152876
alloc_pos 153112
alloc_pos 153160
alloc_pos 153296
alloc_pos 153496
alloc_pos 153632
alloc_pos 153752
alloc_pos 153844
alloc_pos 153888
alloc_pos 153944
alloc_pos 154072
alloc_pos 154276
alloc_pos 154512
alloc_pos 154564
alloc_pos 154648
alloc_pos 154776
alloc_pos 154992
alloc_pos 155236
alloc_pos 155396
alloc_pos 155544
alloc_pos 155604
alloc_pos 155840
alloc_pos 155984
alloc_pos 156108
alloc_pos 156308
alloc_pos 156544
alloc_pos 156776
alloc_pos 156960
alloc_pos 157088
alloc_pos 157352
alloc_pos 157600
alloc_pos 157700
alloc_pos 157936
alloc_pos 158048
alloc_pos 158140
alloc_pos 158404
alloc_pos 158564
alloc_pos 158692
alloc_pos 158736
alloc_pos 158952
alloc_pos 158980
alloc_pos 159060
alloc_pos 159132
alloc_pos 159280
alloc_pos 159464
alloc_pos 159544
alloc_pos 159768
alloc_pos 159824
alloc_pos 159860
alloc_pos 159912
alloc_pos 159960
alloc_pos 160076
alloc_pos 160328
alloc_pos 160408
alloc_pos 160560
alloc_pos 160584
alloc_pos 160636
alloc_pos 160792
alloc_pos 160972
alloc_pos 161208
alloc_pos 161256
alloc_pos 161392
alloc_pos 161592
alloc_pos 161728
alloc_pos 161848
alloc_pos 161940
alloc_pos 161984
alloc_pos 162040
alloc_pos 162168
alloc_pos 162372
alloc_pos 162608
alloc_pos 162660
alloc_pos 162744
alloc_pos 162872
alloc_pos 163088
alloc_pos 163332
alloc_pos 163492
alloc_pos 163640
alloc_pos 163700
alloc_pos 163936
alloc_pos 164080
alloc_pos 164204
alloc_pos 164404
alloc_pos 164640
alloc_pos 164872
alloc_pos 165056
alloc_pos 165184
alloc_pos 165448
alloc_pos 165696
alloc_pos 165796
alloc_pos 166032
alloc_pos 166144
alloc_pos 166236
alloc_pos 166500
alloc_pos 166660
alloc_pos 166788
alloc_pos 166832
alloc_pos 167048
alloc_pos 167076
alloc_pos 167156
alloc_pos 167228
alloc_pos 167376
alloc_pos 167560
alloc_pos 167640
alloc_pos 167864
alloc_pos 167920
alloc_pos 167956
alloc_pos 168008
alloc_pos 168056
alloc_pos 168172
alloc_pos 168424
alloc_pos 168504
alloc_pos 168656
alloc_pos 168680
alloc_pos 168732
alloc_pos 168888
alloc_pos 169068
alloc_pos 169304
alloc_pos 169352
alloc_pos 169488
alloc_pos 169688
alloc_pos 169824
alloc_pos 169944
alloc_pos 170036
alloc_pos 170080
alloc_pos 170136
alloc_pos 170264
alloc_pos 170468
alloc_pos 170704
alloc_pos 170756
alloc_pos 170840
alloc_pos 170968
alloc_pos 171184
alloc_pos 171428
alloc_pos 171588
alloc_pos 171736
alloc_pos 171796
alloc_pos 172032
alloc_pos 172176
alloc_pos 172300
alloc_pos 172500
alloc_pos 172736
alloc_pos 172968
alloc_pos 173152
alloc_pos 173280
alloc_pos 173544
alloc_pos 173792
alloc_pos 173892
alloc_pos 174128
alloc_pos 174240
alloc_pos 174332
alloc_pos 174596
alloc_pos 174756
alloc_pos 174884
alloc_pos 174928
alloc_pos 175144
alloc_pos 175172
alloc_pos 175252
alloc_pos 175324
alloc_pos 175472
alloc_pos 175656
alloc_pos 175736
alloc_pos 175960
alloc_pos 176016
alloc_pos 176052
alloc_pos 176104
alloc_pos 176152
alloc_pos 176268
alloc_pos 176520
alloc_pos 176600
alloc_pos 176752
alloc_pos 176776
alloc_pos 176828
alloc_pos 176984
alloc_pos 177164
alloc_pos 177400
alloc_pos 177448
alloc_pos 177584
alloc_pos 177784
alloc_pos 177920
alloc_pos 178040
alloc_pos 178132
alloc_pos 178176
alloc_pos 178232
alloc_pos 178360
alloc_pos 178564
alloc_pos 178800
alloc_pos 178852
alloc_pos 178936
alloc_pos 179064
alloc_pos 179280
alloc_pos 179524
alloc_pos 179684
alloc_pos 179832
alloc_pos 179892
alloc_pos 180128
alloc_pos 180272
alloc_pos 180396
alloc_pos 180596
alloc_pos 180832
alloc_pos 181064
alloc_pos 181248
alloc_pos 181376
alloc_pos 181640
alloc_pos 181888
alloc_pos 181988
alloc_pos 182224
alloc_pos 182336
alloc_pos 182428
alloc_pos 182692
alloc_pos 182852
alloc_pos 182980
alloc_pos 183024
alloc_pos 183240
alloc_pos 183268
alloc_pos 183348
alloc_pos 183420
alloc_pos 183568
alloc_pos 183752
alloc_pos 183832
alloc_pos 184056
alloc_pos 184112
alloc_pos 184148
alloc_pos 184200
alloc_pos 184248
alloc_pos 184364
alloc_pos 184616
alloc_pos 184696
alloc_pos 184848
alloc_pos 184872
alloc_pos 184924
alloc_pos 185080
alloc_pos 185260
alloc_pos 185496
alloc_pos 185544
alloc_pos 185680
alloc_pos 185880
alloc_pos 186016
alloc_pos 186136
alloc_pos 186228
alloc_pos 186272
alloc_pos 186328
alloc_pos 186456
alloc_pos 186660
alloc_pos 186896
alloc_pos 186948
alloc_pos 187032
alloc_pos 187160
alloc_pos 187376
alloc_pos 187620
alloc_pos 187780
alloc_pos 187928
alloc_pos 187988
alloc_pos 188224
alloc_pos 188368
alloc_pos 188492
alloc_pos 188692
alloc_pos 188928
alloc_pos 189160
alloc_pos 189344
alloc_pos 189472
alloc_pos 189736
alloc_pos 189984
alloc_pos 190084
alloc_pos 190320
alloc_pos 190432
alloc_pos 190524
alloc_pos 190788
alloc_pos 190948
alloc_pos 191076
alloc_pos 191120
alloc_pos 191336
alloc_pos 191364
alloc_pos 191444
alloc_pos 191516
alloc_pos 191664
alloc_pos 191848
alloc_pos 191928
alloc_pos 192152
alloc_pos 192208
alloc_pos 192244
alloc_pos 192296
alloc_pos 192344
alloc_pos 192460
alloc_pos 192712
alloc_pos 192792
alloc_pos 192944
alloc_pos 192968
alloc_pos 193020
alloc_pos 193176
alloc_pos 193356
alloc_pos 193592
alloc_pos 193640
alloc_pos 193776
alloc_pos 193976
alloc_pos 194112
alloc_pos 194232
alloc_pos 194324
alloc_pos 194368
alloc_pos 194424
alloc_pos 194552
alloc_pos 194756
alloc_pos 194992
alloc_pos 195044
alloc_pos 195128
alloc_pos 195256
alloc_pos 195472
alloc_pos 195716
alloc_pos 195876
alloc_pos 196024
alloc_pos 196084
alloc_pos 196320
alloc_pos 196464
alloc_pos 196588
alloc_pos 196788
alloc_pos 197024
alloc_pos 197256
alloc_pos 197440
alloc_pos 197568
alloc_pos 197832
alloc_pos 198080
alloc_pos 198180
alloc_pos 198416
alloc_pos 198528
alloc_pos 198620
alloc_pos 198884
alloc_pos 199044
alloc_pos 199172
alloc_pos 199216
alloc_pos 199432
alloc_pos 199460
alloc_pos 199540
alloc_pos 199612
alloc_pos 199760
alloc_pos 199944
alloc_pos 200024
alloc_pos 200248
alloc_pos 200304
alloc_pos 200340
alloc_pos 200392
alloc_pos 200440
alloc_pos 200556
alloc_pos 200808
alloc_pos 200888
alloc_pos 201040
alloc_pos 201064
alloc_pos 201116
alloc_pos 201272
alloc_pos 201452
alloc_pos 201688
alloc_pos 201736
alloc_pos 201872
alloc_pos 202072
alloc_pos 202208
alloc_pos 202328
alloc_pos 202420
alloc_pos 202464
alloc_pos 202520
alloc_pos 202648
alloc_pos 202852
alloc_pos 203088
alloc_pos 203140
alloc_pos 203224
alloc_pos 203352
alloc_pos 203568
alloc_pos 203812
alloc_pos 203972
alloc_pos 204120
alloc_pos 204180
alloc_pos 204416
alloc_pos 204560
alloc_pos 204684
alloc_pos 204884
alloc_pos 205120
alloc_pos 205352
alloc_pos 205536
alloc_pos 205664
alloc_pos 205928
alloc_pos 206176
alloc_pos 206276
alloc_pos 206512
alloc_pos 206624
alloc_pos 206716
alloc_pos 206980
alloc_pos 207140
alloc_pos 207268
alloc_pos 207312
alloc_pos 207528
alloc_pos 207556
alloc_pos 207636
alloc_pos 207708
alloc_pos 207856
alloc_pos 208040
alloc_pos 208120
alloc_pos 208344
alloc_pos 208400
alloc_pos 208436
alloc_pos 208488
alloc_pos 208536
alloc_pos 208652
alloc_pos 208904
alloc_pos 208984
alloc_pos 209136
alloc_pos 209160
alloc_pos 209212
alloc_pos 209368
alloc_pos 209548
alloc_pos 209784
alloc_pos 209832
alloc_pos 209968
alloc_pos 210168
alloc_pos 210304
alloc_pos 210424
alloc_pos 210516
alloc_pos 210560
alloc_pos 210616
alloc_pos 210744
alloc_pos 210948
alloc_pos 211184
alloc_pos 211236
alloc_pos 211320
alloc_pos 211448
alloc_pos 211664
alloc_pos 211908
alloc_pos 212068
alloc_pos 212216
alloc_pos 212276
alloc_pos 212512
alloc_pos 212656
alloc_pos 212780
alloc_pos 212980
alloc_pos 213216
alloc_pos 213448
alloc_pos 213632
alloc_pos 213760
alloc_pos 214024
alloc_pos 214272
alloc_pos 214372
alloc_pos 214608
alloc_pos 214720
alloc_pos 214812
alloc_pos 215076
alloc_pos 215236
alloc_pos 215364
alloc_pos 215408
alloc_pos 215624
alloc_pos 215652
alloc_pos 215732
alloc_pos 215804
alloc_pos 215952
alloc_pos 216136
alloc_pos 216216
alloc_pos 216440
alloc_pos 216496
alloc_pos 216532
alloc_pos 216584
alloc_pos 216632
alloc_pos 216748
alloc_pos 217000
alloc_pos 217080
alloc_pos 217232
alloc_pos 217256
alloc_pos 217308
alloc_pos 217464
alloc_pos 217644
alloc_pos 217880
alloc_pos 217928
alloc_pos 218064
alloc_pos 218264
alloc_pos 218400
alloc_pos 218520
alloc_pos 218612
alloc_pos 218656
alloc_pos 218712
alloc_pos 218840
alloc_pos 219044
alloc_pos 219280
alloc_pos 219332
alloc_pos 219416
alloc_pos 219544
alloc_pos 219760
alloc_pos 220004
alloc_pos 220164
alloc_pos 220312
alloc_pos 220372
alloc_pos 220608
alloc_pos 220752
alloc_pos 220876
alloc_pos 221076
alloc_pos 221312
alloc_pos 221544
alloc_pos 221728
alloc_pos 221856
alloc_pos 222120
alloc_pos 222368
alloc_pos 222468
alloc_pos 222704
alloc_pos 222816
alloc_pos 222908
alloc_pos 223172
alloc_pos 223332
alloc_pos 223460
alloc_pos 223504
alloc_pos 223720
alloc_pos 223748
alloc_pos 223828
alloc_pos 223900
alloc_pos 224048
alloc_pos 224232
alloc_pos 224312
alloc_pos 224536
alloc_pos 224592
alloc_pos 224628
alloc_pos 224680
alloc_pos 224728
alloc_pos 224844
alloc_pos 225096
alloc_pos 225176
alloc_pos 225328
alloc_pos 225352
alloc_pos 225404
alloc_pos 225560
alloc_pos 225740
alloc_pos 225976
alloc_pos 226024
alloc_pos 226160
alloc_pos 226360
alloc_pos 226496
alloc_pos 226616
alloc_pos 226708
alloc_pos 226752
alloc_pos 226808
alloc_pos 226936
alloc_pos 227140
alloc_pos 227376
alloc_pos 227428
alloc_pos 227512
alloc_pos 227640
alloc_pos 227856
alloc_pos 228100
alloc_pos 228260
alloc_pos 228408
alloc_pos 228468
alloc_pos 228704
alloc_pos 228848
alloc_pos 228972
alloc_pos 229172
alloc_pos 229408
alloc_pos 229640
alloc_pos 229824
alloc_pos 229952
alloc_pos 230216
alloc_pos 230464
alloc_pos 230564
alloc_pos 230800
alloc_pos 230912
alloc_pos 231004
alloc_pos 231268
alloc_pos 231428
alloc_pos 231556
alloc_pos 231600
alloc_pos 231816
alloc_pos 231844
alloc_pos 231924
alloc_pos 231996
alloc_pos 232144
alloc_pos 232328
alloc_pos 232408
alloc_pos 232632
alloc_pos 232688
alloc_pos 232724
alloc_pos 232776
alloc_pos 232824
alloc_pos 232940
alloc_pos 233192
alloc_pos 233272
alloc_pos 233424
alloc_pos 233448
alloc_pos 233500
alloc_pos 233656
alloc_pos 233836
alloc_pos 234072
alloc_pos 234120
alloc_pos 234256
alloc_pos 234456
alloc_pos 234592
alloc_pos 234712
alloc_pos 234804
alloc_pos 234848
alloc_pos 234904
alloc_pos 235032
alloc_pos 235236
alloc_pos 235472
alloc_pos 235524
alloc_pos 235608
alloc_pos 235736
alloc_pos 235952
alloc_pos 236196
alloc_pos 236356
alloc_pos 236504
alloc_pos 236564
alloc_pos 236800
alloc_pos 236944
alloc_pos 237068
alloc_pos 237268
alloc_pos 237504
alloc_pos 237736
alloc_pos 237920
alloc_pos 238048
alloc_pos 238312
alloc_pos 238560
alloc_pos 238660
alloc_pos 238896
alloc_pos 239008
alloc_pos 239100
alloc_pos 239364
alloc_pos 239524
alloc_pos 239652
alloc_pos 239696
alloc_pos 239912
alloc_pos 239940
alloc_pos 240020
alloc_pos 240092
alloc_pos 240240
alloc_pos 240424
alloc_pos 240504
alloc_pos 240728
alloc_pos 240784
alloc_pos 240820
alloc_pos 240872
alloc_pos 240920
alloc_pos 241036
alloc_pos 241288
alloc_pos 241368
alloc_pos 241520
alloc_pos 241544
alloc_pos 241596
alloc_pos 241752
alloc_pos 241932
alloc_pos 242168
alloc_pos 242216
alloc_pos 242352
alloc_pos 242552
alloc_pos 242688
alloc_pos 242808
alloc_pos 242900
alloc_pos 242944
alloc_pos 243000
alloc_pos 243128
alloc_pos 243332
alloc_pos 243568
alloc_pos 243620
alloc_pos 243704
alloc_pos 243832
alloc_pos 244048
alloc_pos 244292
alloc_pos 244452
alloc_pos 244600
alloc_pos 244660
alloc_pos 244896
alloc_pos 245040
alloc_pos 245164
alloc_pos 245364
alloc_pos 245600
alloc_pos 245832
alloc_pos 246016
alloc_pos 246144
alloc_pos 246408
alloc_pos 246656
alloc_pos 246756
alloc_pos 246992
alloc_pos 247104
alloc_pos 247196
alloc_pos 247460
alloc_pos 247620
alloc_pos 247748
alloc_pos 247792
alloc_pos 248008
alloc_pos 248036
alloc_pos 248116
alloc_pos 248188
alloc_pos 248336
alloc_pos 248520
alloc_pos 248600
alloc_pos 248824
alloc_pos 248880
alloc_pos 248916
alloc_pos 248968
alloc_pos 249016
alloc_pos 249132
alloc_pos 249384
alloc_pos 249464
alloc_pos 249616
alloc_pos 249640
alloc_pos 249692
alloc_pos 249848
alloc_pos 250028
alloc_pos 250264
alloc_pos 250312
alloc_pos 250448
alloc_pos 250648
alloc_pos 250784
alloc_pos 250904
alloc_pos 250996
alloc_pos 251040
alloc_pos 251096
alloc_pos 251224
alloc_pos 251428
alloc_pos 251664
alloc_pos 251716
alloc_pos 251800
alloc_pos 251928
alloc_pos 252144
alloc_pos 252388
alloc_pos 252548
alloc_pos 252696
alloc_pos 252756
alloc_pos 252992
alloc_pos 253136
alloc_pos 253260
alloc_pos 253460
alloc_pos 253696
alloc_pos 253928
alloc_pos 254112
alloc_pos 254240
alloc_pos 254504
alloc_pos 254752
alloc_pos 254852
alloc_pos 255088
alloc_pos 255200
alloc_pos 255292
alloc_pos 255556
alloc_pos 255716
alloc_pos 255844
alloc_pos 255888
alloc_pos 256104
alloc_pos 256132
alloc_pos 256212
alloc_pos 256284
alloc_pos 256432
alloc_pos 256616
alloc_pos 256696
alloc_pos 256920
alloc_pos 256976
alloc_pos 257012
alloc_pos 257064
alloc_pos 257112
alloc_pos 257228
alloc_pos 257480
alloc_pos 257560
alloc_pos 257712
alloc_pos 257736
alloc_pos 257788
alloc_pos 257944
alloc_pos 258124
alloc_pos 258360
alloc_pos 258408
alloc_pos 258544
alloc_pos 258744
alloc_pos 258880
alloc_pos 259000
alloc_pos 259092
alloc_pos 259136
alloc_pos 259192
alloc_pos 259320
alloc_pos 259524
alloc_pos 259760
alloc_pos 259812
alloc_pos 259896
alloc_pos 260024
alloc_pos 260240
alloc_pos 260484
alloc_pos 260644
alloc_pos 260792
alloc_pos 260852
alloc_pos 261088
alloc_pos 261232
alloc_pos 261356
alloc_pos 261556
alloc_pos 261792
alloc_pos 262024
alloc_pos 262208
alloc_pos 262336
alloc_pos 262600
alloc_pos 262848
alloc_pos 262948
alloc_pos 263184
alloc_pos 263296
alloc_pos 263388
alloc_pos 263652
alloc_pos 263812
alloc_pos 263940
alloc_pos 263984
alloc_pos 264200
alloc_pos 264228
alloc_pos 264308
alloc_pos 264380
alloc_pos 264528
alloc_pos 264712
alloc_pos 264792
alloc_pos 265016
alloc_pos 265072
alloc_pos 265108
alloc_pos 265160
alloc_pos 265208
alloc_pos 265324
alloc_pos 265576
alloc_pos 265656
alloc_pos 265808
alloc_pos 265832
alloc_pos 265884
alloc_pos 266040
alloc_pos 266220
alloc_pos 266456
alloc_pos 266504
alloc_pos 266640
alloc_pos 266840
alloc_pos 266976
alloc_pos 267096
alloc_pos 267188
alloc_pos 267232
alloc_pos 267288
alloc_pos 267416
alloc_pos 267620
alloc_pos 267856
alloc_pos 267908
alloc_pos 267992
alloc_pos 268120
alloc_pos 268336
alloc_pos 268580
alloc_pos 268740
alloc_pos 268888
alloc_pos 268948
alloc_pos 269184
alloc_pos 269328
alloc_pos 269452
alloc_pos 269652
alloc_pos 269888
alloc_pos 270120
alloc_pos 270304
alloc_pos 270432
alloc_pos 270696
alloc_pos 270944
alloc_pos 271044
alloc_pos 271280
alloc_pos 271392
alloc_pos 271484
alloc_pos 271748
alloc_pos 271908
alloc_pos 272036
alloc_pos 272080
alloc_pos 272296
alloc_pos 272324
alloc_pos 272404
alloc_pos 272476
alloc_pos 272624
alloc_pos 272808
alloc_pos 272888
alloc_pos 273112
alloc_pos 273168
alloc_pos 273204
alloc_pos 273256
alloc_pos 273304
alloc_pos 273420
alloc_pos 273672
alloc_pos 273752
alloc_pos 273904
alloc_pos 273928
alloc_pos 273980
alloc_pos 274136
alloc_pos 274316
alloc_pos 274552
alloc_pos 274600
alloc_pos 274736
alloc_pos 274936
alloc_pos 275072
alloc_pos 275192
alloc_pos 275284
alloc_pos 275328
alloc_pos 275384
alloc_pos 275512
alloc_pos 275716
alloc_pos 275952
alloc_pos 276004
alloc_pos 276088
alloc_pos 276216
alloc_pos 276432
alloc_pos 276676
alloc_pos 276836
alloc_pos 276984
alloc_pos 277044
alloc_pos 277280
alloc_pos 277424
alloc_pos 277548
alloc_pos 277748
alloc_pos 277984
alloc_pos 278216
alloc_pos 278400
alloc_pos 278528
alloc_pos 278792
alloc_pos 279040
alloc_pos 279140
alloc_pos 279376
alloc_pos 279488
alloc_pos 279580
alloc_pos 279844
alloc_pos 280004
alloc_pos 280132
alloc_pos 280176
alloc_pos 280392
alloc_pos 280420
alloc_pos 280500
alloc_pos 280572
alloc_pos 280720
alloc_pos 280904
alloc_pos 280984
alloc_pos 281208
alloc_pos 281264
alloc_pos 281300
alloc_pos 281352
alloc_pos 281400
alloc_pos 281516
alloc_pos 281768
alloc_pos 281848
alloc_pos 282000
alloc_pos 282024
alloc_pos 282076
alloc_pos 282232
alloc_pos 282412
alloc_pos 282648
alloc_pos 282696
alloc_pos 282832
alloc_pos 283032
alloc_pos 283168
alloc_pos 283288
alloc_pos 283380
alloc_pos 283424
alloc_pos 283480
alloc_pos 283608
alloc_pos 283812
alloc_pos 284048
alloc_pos 284100
alloc_pos 284184
alloc_pos 284312
alloc_pos 284528
alloc_pos 284772
alloc_pos 284932
alloc_pos 285080
alloc_pos 285140
alloc_pos 285376
alloc_pos 285520
alloc_pos 285644
alloc_pos 285844
alloc_pos 286080
alloc_pos 286312
alloc_pos 286496
alloc_pos 286624
alloc_pos 286888
alloc_pos 287136
alloc_pos 287236
alloc_pos 287472
alloc_pos 287584
alloc_pos 287676
alloc_pos 287940
alloc_pos 288100
alloc_pos 288228
alloc_pos 288272
alloc_pos 288488
alloc_pos 288516
alloc_pos 288596
alloc_pos 288668
alloc_pos 288816
alloc_pos 289000
alloc_pos 289080
alloc_pos 289304
alloc_pos 289360
alloc_pos 289396
alloc_pos 289448
alloc_pos 289496
alloc_pos 289612
alloc_pos 289864
alloc_pos 289944
alloc_pos 290096
alloc_pos 290120
alloc_pos 290172
alloc_pos 290328
alloc_pos 290508
alloc_pos 290744
alloc_pos 290792
alloc_pos 290928
alloc_pos 291128
alloc_pos 291264
alloc_pos 291384
alloc_pos 291476
alloc_pos 291520
alloc_pos 291576
alloc_pos 291704
alloc_pos 291908
alloc_pos 292144
alloc_pos 292196
alloc_pos 292280
alloc_pos 292408
alloc_pos 292624
alloc_pos 292868
alloc_pos 293028
alloc_pos 293176
alloc_pos 293236
alloc_pos 293472
alloc_pos 293616
alloc_pos 293740
alloc_pos 293940
alloc_pos 294176
alloc_pos 294408
alloc_pos 294592
alloc_pos 294720
alloc_pos 294984
alloc_pos 295232
alloc_pos 295332
alloc_pos 295568
alloc_pos 295680
alloc_pos 295772
alloc_pos 296036
alloc_pos 296196
alloc_pos 296324
alloc_pos 296368
alloc_pos 296584
alloc_pos 296612
alloc_pos 296692
alloc_pos 296764
alloc_pos 296912
alloc_pos 297096
alloc_pos 297176
alloc_pos 297400
alloc_pos 297456
alloc_pos 297492
alloc_pos 297544
alloc_pos 297592
alloc_pos 297708
alloc_pos 297960
alloc_pos 298040
alloc_pos 298192
alloc_pos 298216
alloc_pos 298268
alloc_pos 298424
alloc_pos 298604
alloc_pos 298840
alloc_pos 298888
alloc_pos 299024
alloc_pos 299224
alloc_pos 299360
alloc_pos 299480
alloc_pos 299572
alloc_pos 299616
alloc_pos 299672
alloc_pos 299800
alloc_pos 300004
alloc_pos 300240
alloc_pos 300292
alloc_pos 300376
alloc_pos 300504
alloc_pos 300720
alloc_pos 300964
alloc_pos 301124
alloc_pos 301272
alloc_pos 301332
alloc_pos 301568
alloc_pos 301712
alloc_pos 301836
alloc_pos 302036
alloc_pos 302272
alloc_pos 302504
alloc_pos 302688
alloc_pos 302816
alloc_pos 303080
alloc_pos 303328
alloc_pos 303428
alloc_pos 303664
alloc_pos 303776
alloc_pos 303868
alloc_pos 304132
alloc_pos 304292
alloc_pos 304420
alloc_pos 304464
alloc_pos 304680
alloc_pos 304708
alloc_pos 304788
alloc_pos 304860
alloc_pos 305008
alloc_pos 305192
alloc_pos 305272
alloc_pos 305496
alloc_pos 305552
alloc_pos 305588
alloc_pos 305640
alloc_pos 305688
alloc_pos 305804
alloc_pos 306056
alloc_pos 306136
alloc_pos 306288
alloc_pos 306312
alloc_pos 306364
alloc_pos 306520
alloc_pos 306700
alloc_pos 306936
alloc_pos 306984
alloc_pos 307120
alloc_pos 307320
alloc_pos 307456
alloc_pos 307576
alloc_pos 307668
alloc_pos 307712
alloc_pos 307768
alloc_pos 307896
alloc_pos 308100
alloc_pos 308336
alloc_pos 308388
alloc_pos 308472
alloc_pos 308600
alloc_pos 308816
alloc_pos 309060
alloc_pos 309220
alloc_pos 309368
alloc_pos 309428
alloc_pos 309664
alloc_pos 309808
alloc_pos 309932
alloc_pos 310132
alloc_pos 310368
alloc_pos 310600
alloc_pos 310784
alloc_pos 310912
alloc_pos 311176
alloc_pos 311424
alloc_pos 311524
alloc_pos 311760
alloc_pos 311872
alloc_pos 311964
alloc_pos 312228
alloc_pos 312388
alloc_pos 312516
alloc_pos 312560
alloc_pos 312776
alloc_pos 312804
alloc_pos 312884
alloc_pos 312956
alloc_pos 313104
alloc_pos 313288
alloc_pos 313368
alloc_pos 313592
alloc_pos 313648
alloc_pos 313684
alloc_pos 313736
alloc_pos 313784
alloc_pos 313900
alloc_pos 314152
alloc_pos 314232
alloc_pos 314384
alloc_pos 314408
alloc_pos 314460
alloc_pos 314616
alloc_pos 314796
alloc_pos 315032
alloc_pos 315080
alloc_pos 315216
alloc_pos 315416
alloc_pos 315552
alloc_pos 315672
alloc_pos 315764
alloc_pos 315808
alloc_pos 315864
alloc_pos 315992
alloc_pos 316196
alloc_pos 316432
alloc_pos 316484
alloc_pos 316568
alloc_pos 316696
alloc_pos 316912
alloc_pos 317156
alloc_pos 317316
alloc_pos 317464
alloc_pos 317524
alloc_pos 317760
alloc_pos 317904
alloc_pos 318028
alloc_pos 318228
alloc_pos 318464
alloc_pos 318696
alloc_pos 318880
alloc_pos 319008
alloc_pos 319272
alloc_pos 319520
alloc_pos 319620
alloc_pos 319856
alloc_pos 319968
alloc_pos 320060
alloc_pos 320324
alloc_pos 320484
alloc_pos 320612
alloc_pos 320656
alloc_pos 320872
alloc_pos 320900
alloc_pos 320980
alloc_pos 321052
alloc_pos 321200
alloc_pos 321384
alloc_pos 321464
alloc_pos 321688
alloc_pos 321744
alloc_pos 321780
alloc_pos 321832
alloc_pos 321880
alloc_pos 321996
alloc_pos 322248
alloc_pos 322328
alloc_pos 322480
alloc_pos 322504
alloc_pos 322556
alloc_pos 322712
alloc_pos 322892
alloc_pos 323128
alloc_pos 323176
alloc_pos 323312
alloc_pos 323512
alloc_pos 323648
alloc_pos 323768
alloc_pos 323860
alloc_pos 323904
alloc_pos 323960
alloc_pos 324088
alloc_pos 324292
alloc_pos 324528
alloc_pos 324580
alloc_pos 324664
alloc_pos 324792
alloc_pos 325008
alloc_pos 325252
alloc_pos 325412
alloc_pos 325560
alloc_pos 325620
alloc_pos 325856
alloc_pos 326000
alloc_pos 326124
alloc_pos 326324
alloc_pos 326560
alloc_pos 326792
alloc_pos 326976
alloc_pos 327104
alloc_pos 327368
alloc_pos 327616
alloc_pos 327716
alloc_pos 327952
alloc_pos 328064
alloc_pos 328156
alloc_pos 328420
alloc_pos 328580
alloc_pos 328708
alloc_pos 328752
alloc_pos 328968
alloc_pos 328996
alloc_pos 329076
alloc_pos 329148
alloc_pos 329296
alloc_pos 329480
alloc_pos 329560
alloc_pos 329784
alloc_pos 329840
alloc_pos 329876
alloc_pos 329928
alloc_pos 329976
alloc_pos 330092
alloc_pos 330344
alloc_pos 330424
alloc_pos 330576
alloc_pos 330600
alloc_pos 330652
alloc_pos 330808
alloc_pos 330988
alloc_pos 331224
alloc_pos 331272
alloc_pos 331408
alloc_pos 331608
alloc_pos 331744
alloc_pos 331864
alloc_pos 331956
alloc_pos 332000
alloc_pos 332056
alloc_pos 332184
alloc_pos 332388
alloc_pos 332624
alloc_pos 332676
alloc_pos 332760
alloc_pos 332888
alloc_pos 333104
alloc_pos 333348
alloc_pos 333508
alloc_pos 333656
alloc_pos 333716
alloc_pos 333952
alloc_pos 334096
alloc_pos 334220
alloc_pos 334420
alloc_pos 334656
alloc_pos 334888
alloc_pos 335072
alloc_pos 335200
alloc_pos 335464
alloc_pos 335712
alloc_pos 335812
alloc_pos 336048
alloc_pos 336160
alloc_pos 336252
alloc_pos 336516
alloc_pos 336676
alloc_pos 336804
alloc_pos 336848
alloc_pos 337064
alloc_pos 337092
alloc_pos 337172
alloc_pos 337244
alloc_pos 337392
alloc_pos 337576
alloc_pos 337656
alloc_pos 337880
alloc_pos 337936
alloc_pos 337972
alloc_pos 338024
alloc_pos 338072
alloc_pos 338188
alloc_pos 338440
alloc_pos 338520
alloc_pos 338672
alloc_pos 338696
alloc_pos 338748
alloc_pos 338904
alloc_pos 339084
alloc_pos 339320
alloc_pos 339368
alloc_pos 339504
alloc_pos 339704
alloc_pos 339840
alloc_pos 339960
alloc_pos 340052
alloc_pos 340096
alloc_pos 340152
alloc_pos 340280
alloc_pos 340484
alloc_pos 340720
alloc_pos 340772
alloc_pos 340856
alloc_pos 340984
alloc_pos 341200
alloc_pos 341444
alloc_pos 341604
alloc_pos 341752
alloc_pos 341812
alloc_pos 342048
alloc_pos 342192
alloc_pos 342316
alloc_pos 342516
alloc_pos 342752
alloc_pos 342984
alloc_pos 343168
alloc_pos 343296
alloc_pos 343560
alloc_pos 343808
alloc_pos 343908
alloc_pos 344144
alloc_pos 344256
alloc_pos 344348
alloc_pos 344612
alloc_pos 344772
alloc_pos 344900
alloc_pos 344944
alloc_pos 345160
alloc_pos 345188
alloc_pos 345268
alloc_pos 345340
alloc_pos 345488
alloc_pos 345672
alloc_pos 345752
alloc_pos 345976
alloc_pos 346032
alloc_pos 346068
alloc_pos 346120
alloc_pos 346168
alloc_pos 346284
alloc_pos 346536
alloc_pos 346616
alloc_pos 346768
alloc_pos 346792
alloc_pos 346844
alloc_pos 347000
alloc_pos 347180
alloc_pos 347416
alloc_pos 347464
alloc_pos 347600
alloc_pos 347800
alloc_pos 347936
alloc_pos 348056
alloc_pos 348148
alloc_pos 348192
alloc_pos 348248
alloc_pos 348376
alloc_pos 348580
alloc_pos 348816
alloc_pos 348868
alloc_pos 348952
alloc_pos 349080
alloc_pos 349296
alloc_pos 349540
alloc_pos 349700
alloc_pos 349848
alloc_pos 349908
alloc_pos 350144
alloc_pos 350288
alloc_pos 350412
alloc_pos 350612
alloc_pos 350848
alloc_pos 351080
alloc_pos 351264
alloc_pos 351392
alloc_pos 351656
alloc_pos 351904
alloc_pos 352004
alloc_pos 352240
alloc_pos 352352
alloc_pos 352444
alloc_pos 352708
alloc_pos 352868
alloc_pos 352996
alloc_pos 353040
alloc_pos 353256
alloc_pos 353284
alloc_pos 353364
alloc_pos 353436
alloc_pos 353584
alloc_pos 353768
alloc_pos 353848
alloc_pos 354072
alloc_pos 354128
alloc_pos 354164
alloc_pos 354216
alloc_pos 354264
alloc_pos 354380
alloc_pos 354632
alloc_pos 354712
alloc_pos 354864
alloc_pos 354888
alloc_pos 354940
alloc_pos 355096
alloc_pos 355276
alloc_pos 355512
alloc_pos 355560
alloc_pos 355696
alloc_pos 355896
alloc_pos 356032
alloc_pos 356152
alloc_pos 356244
alloc_pos 356288
alloc_pos 356344
alloc_pos 356472
alloc_pos 356676
alloc_pos 356912
alloc_pos 356964
alloc_pos 357048
alloc_pos 357176
alloc_pos 357392
alloc_pos 357636
alloc_pos 357796
alloc_pos 357944
alloc_pos 358004
alloc_pos 358240
alloc_pos 358384
alloc_pos 358508
alloc_pos 358708
alloc_pos 358944
alloc_pos 359176
alloc_pos 359360
alloc_pos 359488
alloc_pos 359752
alloc_pos 360000
alloc_pos 360100
alloc_pos 360336
alloc_pos 360448
alloc_pos 360540
alloc_pos 360804
alloc_pos 360964
alloc_pos 361092
alloc_pos 361136
alloc_pos 361352
alloc_pos 361380
alloc_pos 361460
alloc_pos 361532
alloc_pos 361680
alloc_pos 361864
alloc_pos 361944
alloc_pos 362168
alloc_pos 362224
alloc_pos 362260
alloc_pos 362312
alloc_pos 362360
alloc_pos 362476
alloc_pos 362728
alloc_pos 362808
alloc_pos 362960
alloc_pos 362984
alloc_pos 363036
alloc_pos 363192
alloc_pos 363372
alloc_pos 363608
alloc_pos 363656
alloc_pos 363792
alloc_pos 363992
alloc_pos 364128
alloc_pos 364248
alloc_pos 364340
alloc_pos 364384
alloc_pos 364440
alloc_pos 364568
alloc_pos 364772
alloc_pos 365008
alloc_pos 365060
alloc_pos 365144
alloc_pos 365272
alloc_pos 365488
alloc_pos 365732
alloc_pos 365892
alloc_pos 366040
alloc_pos 366100
alloc_pos 366336
alloc_pos 366480
alloc_pos 366604
alloc_pos 366804
alloc_pos 367040
alloc_pos 367272
alloc_pos 367456
alloc_pos 367584
alloc_pos 367848
alloc_pos 368096
alloc_pos 368196
alloc_pos 368432
alloc_pos 368544
alloc_pos 368636
alloc_pos 368900
alloc_pos 369060
alloc_pos 369188
alloc_pos 369232
alloc_pos 369448
alloc_pos 369476
alloc_pos 369556
alloc_pos 369628
alloc_pos 369776
alloc_pos 369960
alloc_pos 370040
alloc_pos 370264
alloc_pos 370320
alloc_pos 370356
alloc_pos 370408
alloc_pos 370456
alloc_pos 370572
alloc_pos 370824
alloc_pos 370904
alloc_pos 371056
alloc_pos 371080
alloc_pos 371132
alloc_pos 371288
alloc_pos 371468
alloc_pos 371704
alloc_pos 371752
alloc_pos 371888
alloc_pos 372088
alloc_pos 372224
alloc_pos 372344
alloc_pos 372436
alloc_pos 372480
alloc_pos 372536
alloc_pos 372664
alloc_pos 372868
alloc_pos 373104
alloc_pos 373156
alloc_pos 373240
alloc_pos 373368
alloc_pos 373584
alloc_pos 373828
alloc_pos 373988
alloc_pos 374136
alloc_pos 374196
alloc_pos 374432
alloc_pos 374576
alloc_pos 374700
alloc_pos 374900
alloc_pos 375136
alloc_pos 375368
alloc_pos 375552
alloc_pos 375680
alloc_pos 375944
alloc_pos 376192
alloc_pos 376292
alloc_pos 376528
alloc_pos 376640
alloc_pos 376732
alloc_pos 376996
alloc_pos 377156
alloc_pos 377284
alloc_pos 377328
alloc_pos 377544
alloc_pos 377572
alloc_pos 377652
alloc_pos 377724
alloc_pos 377872
alloc_pos 378056
alloc_pos 378136
alloc_pos 378360
alloc_pos 378416
alloc_pos 378452
alloc_pos 378504
alloc_pos 378552
alloc_pos 378668
alloc_pos 378920
alloc_pos 379000
alloc_pos 379152
alloc_pos 379176
alloc_pos 379228
alloc_pos 379384
alloc_pos 379564
alloc_pos 379800
alloc_pos 379848
alloc_pos 379984
alloc_pos 380184
alloc_pos 380320
alloc_pos 380440
alloc_pos 380532
alloc_pos 380576
alloc_pos 380632
alloc_pos 380760
alloc_pos 380964
alloc_pos 381200
alloc_pos 381252
alloc_pos 381336
alloc_pos 381464
alloc_pos 381680
alloc_pos 381924
alloc_pos 382084
alloc_pos 382232
alloc_pos 382292
alloc_pos 382528
alloc_pos 382672
alloc_pos 382796
alloc_pos 382996
alloc_pos 383232
alloc_pos 383464
alloc_pos 383648
alloc_pos 383776
alloc_pos 384040
alloc_pos 384288
alloc_pos 384388
alloc_pos 384624
alloc_pos 384736
alloc_pos 384828
alloc_pos 385092
alloc_pos 385252
alloc_pos 385380
alloc_pos 385424
alloc_pos 385640
alloc_pos 385668
alloc_pos 385748
alloc_pos 385820
alloc_pos 385968
alloc_pos 386152
alloc_pos 386232
alloc_pos 386456
alloc_pos 386512
alloc_pos 386548
alloc_pos 386600
alloc_pos 386648
alloc_pos 386764
alloc_pos 387016
alloc_pos 387096
alloc_pos 387248
alloc_pos 387272
alloc_pos 387324
alloc_pos 387480
alloc_pos 387660
alloc_pos 387896
alloc_pos 387944
alloc_pos 388080
alloc_pos 388280
alloc_pos 388416
alloc_pos 388536
alloc_pos 388628
alloc_pos 388672
alloc_pos 388728
alloc_pos 388856
alloc_pos 389060
alloc_pos 389296
alloc_pos 389348
alloc_pos 389432
alloc_pos 389560
alloc_pos 389776
alloc_pos 390020
alloc_pos 390180
alloc_pos 390328
alloc_pos 390388
alloc_pos 390624
alloc_pos 390768
alloc_pos 390892
alloc_pos 391092
alloc_pos 391328
alloc_pos 391560
alloc_pos 391744
alloc_pos 391872
alloc_pos 392136
alloc_pos 392384
alloc_pos 392484
alloc_pos 392720
alloc_pos 392832
alloc_pos 392924
alloc_pos 393188
alloc_pos 393348
alloc_pos 393476
alloc_pos 393520
alloc_pos 393736
alloc_pos 393764
alloc_pos 393844
alloc_pos 393916
alloc_pos 394064
alloc_pos 394248
alloc_pos 394328
alloc_pos 394552
alloc_pos 394608
alloc_pos 394644
alloc_pos 394696
alloc_pos 394744
alloc_pos 394860
alloc_pos 395112
alloc_pos 395192
alloc_pos 395344
alloc_pos 395368
alloc_pos 395420
alloc_pos 395576
alloc_pos 395756
alloc_pos 395992
alloc_pos 396040
alloc_pos 396176
alloc_pos 396376
alloc_pos 396512
alloc_pos 396632
alloc_pos 396724
alloc_pos 396768
alloc_pos 396824
alloc_pos 396952
alloc_pos 397156
alloc_pos 397392
alloc_pos 397444
alloc_pos 397528
alloc_pos 397656
alloc_pos 397872
alloc_pos 398116
alloc_pos 398276
alloc_pos 398424
alloc_pos 398484
alloc_pos 398720
alloc_pos 398864
alloc_pos 398988
alloc_pos 399188
alloc_pos 399424
alloc_pos 399656
alloc_pos 399840
alloc_pos 399968
alloc_pos 400232
alloc_pos 400480
alloc_pos 400580
alloc_pos 400816
alloc_pos 400928
alloc_pos 401020
alloc_pos 401284
alloc_pos 401444
alloc_pos 401572
alloc_pos 401616
alloc_pos 401832
alloc_pos 401860
alloc_pos 401940
alloc_pos 402012
alloc_pos 402160
alloc_pos 402344
alloc_pos 402424
alloc_pos 402648
alloc_pos 402704
alloc_pos 402740
alloc_pos 402792
alloc_pos 402840
alloc_pos 402956
alloc_pos 403208
alloc_pos 403288
alloc_pos 403440
alloc_pos 403464
alloc_pos 403516
alloc_pos 403672
alloc_pos 403852
alloc_pos 404088
alloc_pos 404136
alloc_pos 404272
alloc_pos 404472
alloc_pos 404608
alloc_pos 404728
alloc_pos 404820
alloc_pos 404864
alloc_pos 404920
alloc_pos 405048
alloc_pos 405252
alloc_pos 405488
alloc_pos 405540
alloc_pos 405624
alloc_pos 405752
alloc_pos 405968
alloc_pos 406212
alloc_pos 406372
alloc_pos 406520
alloc_pos 406580
alloc_pos 406816
alloc_pos 406960
alloc_pos 407084
alloc_pos 407284
alloc_pos 407520
alloc_pos 407752
alloc_pos 407936
alloc_pos 408064
alloc_pos 408328
alloc_pos 408576
alloc_pos 408676
alloc_pos 408912
alloc_pos 409024
alloc_pos 409116
alloc_pos 409380
alloc_pos 409540
alloc_pos 409668
alloc_pos 409712
alloc_pos 409928
alloc_pos 409956
alloc_pos 410036
alloc_pos 410108
alloc_pos 410256
alloc_pos 410440
alloc_pos 410520
alloc_pos 410744
alloc_pos 410800
alloc_pos 410836
alloc_pos 410888
alloc_pos 410936
alloc_pos 411052
alloc_pos 411304
alloc_pos 411384
alloc_pos 411536
alloc_pos 411560
alloc_pos 411612
alloc_pos 411768
alloc_pos 411948
alloc_pos 412184
alloc_pos 412232
alloc_pos 412368
alloc_pos 412568
alloc_pos 412704
alloc_pos 412824
alloc_pos 412916
alloc_pos 412960
alloc_pos 413016
alloc_pos 413144
alloc_pos 413348
alloc_pos 413584
alloc_pos 413636
alloc_pos 413720
alloc_pos 413848
alloc_pos 414064
alloc_pos 414308
alloc_pos 414468
alloc_pos 414616
alloc_pos 414676
alloc_pos 414912
alloc_pos 415056
alloc_pos 415180
alloc_pos 415380
alloc_pos 415616
alloc_pos 415848
alloc_pos 416032
alloc_pos 416160
alloc_pos 416424
alloc_pos 416672
alloc_pos 416772
alloc_pos 417008
alloc_pos 417120
alloc_pos 417212
alloc_pos 417476
alloc_pos 417636
alloc_pos 417764
alloc_pos 417808
alloc_pos 418024
alloc_pos 418052
alloc_pos 418132
alloc_pos 418204
alloc_pos 418352
alloc_pos 418536
alloc_pos 418616
alloc_pos 418840
alloc_pos 418896
alloc_pos 418932
alloc_pos 418984
alloc_pos 419032
alloc_pos 419148
alloc_pos 419400
alloc_pos 419480
alloc_pos 419632
alloc_pos 419656
alloc_pos 419708
alloc_pos 419864
alloc_pos 420044
alloc_pos 420280
alloc_pos 420328
alloc_pos 420464
alloc_pos 420664
alloc_pos 420800
alloc_pos 420920
alloc_pos 421012
alloc_pos 421056
alloc_pos 421112
alloc_pos 421240
alloc_pos 421444
alloc_pos 421680
alloc_pos 421732
alloc_pos 421816
alloc_pos 421944
alloc_pos 422160
alloc_pos 422404
alloc_pos 422564
alloc_pos 422712
alloc_pos 422772
alloc_pos 423008
alloc_pos 423152
alloc_pos 423276
alloc_pos 423476
alloc_pos 423712
alloc_pos 423944
alloc_pos 424128
alloc_pos 424256
alloc_pos 424520
alloc_pos 424768
alloc_pos 424868
alloc_pos 425104
alloc_pos 425216
alloc_pos 425308
alloc_pos 425572
alloc_pos 425732
alloc_pos 425860
alloc_pos 425904
alloc_pos 426120
alloc_pos 426148
alloc_pos 426228
alloc_pos 426300
alloc_pos 426448
alloc_pos 426632
alloc_pos 426712
alloc_pos 426936
alloc_pos 426992
alloc_pos 427028
alloc_pos 427080
alloc_pos 427128
alloc_pos 427244
alloc_pos 427496
alloc_pos 427576
alloc_pos 427728
alloc_pos 427752
alloc_pos 427804
alloc_pos 427960
alloc_pos 428140
alloc_pos 428376
alloc_pos 428424
alloc_pos 428560
alloc_pos 428760
alloc_pos 428896
alloc_pos 429016
alloc_pos 429108
alloc_pos 429152
alloc_pos 429208
alloc_pos 429336
alloc_pos 429540
alloc_pos 429776
alloc_pos 429828
alloc_pos 429912
alloc_pos 430040
alloc_pos 430256
alloc_pos 430500
alloc_pos 430660
alloc_pos 430808
alloc_pos 430868
alloc_pos 431104
alloc_pos 431248
alloc_pos 431372
alloc_pos 431572
alloc_pos 431808
alloc_pos 432040
alloc_pos 432224
alloc_pos 432352
alloc_pos 432616
alloc_pos 432864
alloc_pos 432964
alloc_pos 433200
alloc_pos 433312
alloc_pos 433404
alloc_pos 433668
alloc_pos 433828
alloc_pos 433956
alloc_pos 434000
alloc_pos 434216
alloc_pos 434244
alloc_pos 434324
alloc_pos 434396
alloc_pos 434544
alloc_pos 434728
alloc_pos 434808
alloc_pos 435032
alloc_pos 435088
alloc_pos 435124
alloc_pos 435176
alloc_pos 435224
alloc_pos 435340
alloc_pos 435592
alloc_pos 435672
alloc_pos 435824
alloc_pos 435848
alloc_pos 435900
alloc_pos 436056
alloc_pos 436236
alloc_pos 436472
alloc_pos 436520
alloc_pos 436656
alloc_pos 436856
alloc_pos 436992
alloc_pos 437112
alloc_pos 437204
alloc_pos 437248
alloc_pos 437304
alloc_pos 437432
alloc_pos 437636
alloc_pos 437872
alloc_pos 437924
alloc_pos 438008
alloc_pos 438136
alloc_pos 438352
alloc_pos 438596
alloc_pos 438756
alloc_pos 438904
alloc_pos 438964
alloc_pos 439200
alloc_pos 439344
alloc_pos 439468
alloc_pos 439668
alloc_pos 439904
alloc_pos 440136
alloc_pos 440320
alloc_pos 440448
alloc_pos 440712
alloc_pos 440960
alloc_pos 441060
alloc_pos 441296
alloc_pos 441408
alloc_pos 441500
alloc_pos 441764
alloc_pos 441924
alloc_pos 442052
alloc_pos 442096
alloc_pos 442312
alloc_pos 442340
alloc_pos 442420
alloc_pos 442492
alloc_pos 442640
alloc_pos 442824
alloc_pos 442904
alloc_pos 443128
alloc_pos 443184
alloc_pos 443220
alloc_pos 443272
alloc_pos 443320
alloc_pos 443436
alloc_pos 443688
alloc_pos 443768
alloc_pos 443920
alloc_pos 443944
alloc_pos 443996
alloc_pos 444152
alloc_pos 444332
alloc_pos 444568
alloc_pos 444616
alloc_pos 444752
alloc_pos 444952
alloc_pos 445088
alloc_pos 445208
alloc_pos 445300
alloc_pos 445344
alloc_pos 445400
alloc_pos 445528
alloc_pos 445732
alloc_pos 445968
alloc_pos 446020
alloc_pos 446104
alloc_pos 446232
alloc_pos 446448
alloc_pos 446692
alloc_pos 446852
alloc_pos 447000
alloc_pos 447060
alloc_pos 447296
alloc_pos 447440
alloc_pos 447564
alloc_pos 447764
alloc_pos 448000
alloc_pos 448232
alloc_pos 448416
alloc_pos 448544
alloc_pos 448808
alloc_pos 449056
alloc_pos 449156
alloc_pos 449392
alloc_pos 449504
alloc_pos 449596
alloc_pos 449860
alloc_pos 450020
alloc_pos 450148
alloc_pos 450192
alloc_pos 450408
alloc_pos 450436
alloc_pos 450516
alloc_pos 450588
alloc_pos 450736
alloc_pos 450920
alloc_pos 451000
alloc_pos 451224
alloc_pos 451280
alloc_pos 451316
alloc_pos 451368
alloc_pos 451416
alloc_pos 451532
alloc_pos 451784
alloc_pos 451864
alloc_pos 452016
alloc_pos 452040
alloc_pos 452092
alloc_pos 452248
alloc_pos 452428
alloc_pos 452664
alloc_pos 452712
alloc_pos 452848
alloc_pos 453048
alloc_pos 453184
alloc_pos 453304
alloc_pos 453396
alloc_pos 453440
alloc_pos 453496
alloc_pos 453624
alloc_pos 453828
alloc_pos 454064
alloc_pos 454116
alloc_pos 454200
alloc_pos 454328
alloc_pos 454544
alloc_pos 454788
alloc_pos 454948
alloc_pos 455096
alloc_pos 455156
alloc_pos 455392
alloc_pos 455536
alloc_pos 455660
alloc_pos 455860
alloc_pos 456096
alloc_pos 456328
alloc_pos 456512
alloc_pos 456640
alloc_pos 456904
alloc_pos 457152
alloc_pos 457252
alloc_pos 457488
alloc_pos 457600
alloc_pos 457692
alloc_pos 457956
alloc_pos 458116
alloc_pos 458244
alloc_pos 458288
alloc_pos 458504
alloc_pos 458532
alloc_pos 458612
alloc_pos 458684
alloc_pos 458832
alloc_pos 459016
alloc_pos 459096
alloc_pos 459320
alloc_pos 459376
alloc_pos 459412
alloc_pos 459464
alloc_pos 459512
alloc_pos 459628
alloc_pos 459880
alloc_pos 459960
alloc_pos 460112
alloc_pos 460136
alloc_pos 460188
alloc_pos 460344
alloc_pos 460524
alloc_pos 460760
alloc_pos 460808
alloc_pos 460944
alloc_pos 461144
alloc_pos 461280
alloc_pos 461400
alloc_pos 461492
alloc_pos 461536
alloc_pos 461592
alloc_pos 461720
alloc_pos 461924
alloc_pos 462160
alloc_pos 462212
alloc_pos 462296
alloc_pos 462424
alloc_pos 462640
alloc_pos 462884
alloc_pos 463044
alloc_pos 463192
alloc_pos 463252
alloc_pos 463488
alloc_pos 463632
alloc_pos 463756
alloc_pos 463956
alloc_pos 464192
alloc_pos 464424
alloc_pos 464608
alloc_pos 464736
alloc_pos 465000
alloc_pos 465248
alloc_pos 465348
alloc_pos 465584
alloc_pos 465696
alloc_pos 465788
alloc_pos 466052
alloc_pos 466212
alloc_pos 466340
alloc_pos 466384
alloc_pos 466600
alloc_pos 466628
alloc_pos 466708
alloc_pos 466780
alloc_pos 466928
alloc_pos 467112
alloc_pos 467192
alloc_pos 467416
alloc_pos 467472
alloc_pos 467508
alloc_pos 467560
alloc_pos 467608
alloc_pos 467724
alloc_pos 467976
alloc_pos 468056
alloc_pos 468208
alloc_pos 468232
alloc_pos 468284
alloc_pos 468440
alloc_pos 468620
alloc_pos 468856
alloc_pos 468904
alloc_pos 469040
alloc_pos 469240
alloc_pos 469376
alloc_pos 469496
alloc_pos 469588
alloc_pos 469632
alloc_pos 469688
alloc_pos 469816
alloc_pos 470020
alloc_pos 470256
alloc_pos 470308
alloc_pos 470392
alloc_pos 470520
alloc_pos 470736
alloc_pos 470980
alloc_pos 471140
alloc_pos 471288
alloc_pos 471348
alloc_pos 471584
alloc_pos 471728
alloc_pos 471852
alloc_pos 472052
alloc_pos 472288
alloc_pos 472520
alloc_pos 472704
alloc_pos 472832
alloc_pos 473096
alloc_pos 473344
alloc_pos 473444
alloc_pos 473680
alloc_pos 473792
alloc_pos 473884
alloc_pos 474148
alloc_pos 474308
alloc_pos 474436
alloc_pos 474480
alloc_pos 474696
alloc_pos 474724
alloc_pos 474804
alloc_pos 474876
alloc_pos 475024
alloc_pos 475208
alloc_pos 475288
alloc_pos 475512
alloc_pos 475568
alloc_pos 475604
alloc_pos 475656
alloc_pos 475704
alloc_pos 475820
alloc_pos 476072
alloc_pos 476152
alloc_pos 476304
alloc_pos 476328
alloc_pos 476380
alloc_pos 476536
alloc_pos 476716
alloc_pos 476952
alloc_pos 477000
alloc_pos 477136
alloc_pos 477336
alloc_pos 477472
alloc_pos 477592
alloc_pos 477684
alloc_pos 477728
alloc_pos 477784
alloc_pos 477912
alloc_pos 478116
alloc_pos 478352
alloc_pos 478404
alloc_pos 478488
alloc_pos 478616
alloc_pos 478832
alloc_pos 479076
alloc_pos 479236
alloc_pos 479384
alloc_pos 479444
alloc_pos 479680
alloc_pos 479824
alloc_pos 479948
alloc_pos 480148
alloc_pos 480384
alloc_pos 480616
alloc_pos 480800
alloc_pos 480928
alloc_pos 481192
alloc_pos 481440
alloc_pos 481540
alloc_pos 481776
alloc_pos 481888
alloc_pos 481980
alloc_pos 482244
alloc_pos 482404
alloc_pos 482532
alloc_pos 482576
alloc_pos 482792
alloc_pos 482820
alloc_pos 482900
alloc_pos 482972
alloc_pos 483120
alloc_pos 483304
alloc_pos 483384
alloc_pos 483608
alloc_pos 483664
alloc_pos 483700
alloc_pos 483752
alloc_pos 483800
alloc_pos 483916
alloc_pos 484168
alloc_pos 484248
alloc_pos 484400
alloc_pos 484424
alloc_pos 484476
alloc_pos 484632
alloc_pos 484812
alloc_pos 485048
alloc_pos 485096
alloc_pos 485232
alloc_pos 485432
alloc_pos 485568
alloc_pos 485688
alloc_pos 485780
alloc_pos 485824
alloc_pos 485880
alloc_pos 486008
alloc_pos 486212
alloc_pos 486448
alloc_pos 486500
alloc_pos 486584
alloc_pos 486712
alloc_pos 486928
alloc_pos 487172
alloc_pos 487332
alloc_pos 487480
alloc_pos 487540
alloc_pos 487776
alloc_pos 487920
alloc_pos 488044
alloc_pos 488244
alloc_pos 488480
alloc_pos 488712
alloc_pos 488896
alloc_pos 489024
alloc_pos 489288
alloc_pos 489536
alloc_pos 489636
alloc_pos 489872
alloc_pos 489984
alloc_pos 490076
alloc_pos 490340
alloc_pos 490500
alloc_pos 490628
alloc_pos 490672
alloc_pos 490888
alloc_pos 490916
alloc_pos 490996
alloc_pos 491068
alloc_pos 491216
alloc_pos 491400
alloc_pos 491480
alloc_pos 491704
alloc_pos 491760
alloc_pos 491796
alloc_pos 491848
alloc_pos 491896
alloc_pos 492012
alloc_pos 492264
alloc_pos 492344
alloc_pos 492496
alloc_pos 492520
alloc_pos 492572
alloc_pos 492728
alloc_pos 492908
alloc_pos 493144
alloc_pos 493192
alloc_pos 493328
alloc_pos 493528
alloc_pos 493664
alloc_pos 493784
alloc_pos 493876
alloc_pos 493920
alloc_pos 493976
alloc_pos 494104
alloc_pos 494308
alloc_pos 494544
alloc_pos 494596
alloc_pos 494680
alloc_pos 494808
alloc_pos 495024
alloc_pos 495268
alloc_pos 495428
alloc_pos 495576
alloc_pos 495636
alloc_pos 495872
alloc_pos 496016
alloc_pos 496140
alloc_pos 496340
alloc_pos 496576
alloc_pos 496808
alloc_pos 496992
alloc_pos 497120
alloc_pos 497384
alloc_pos 497632
alloc_pos 497732
alloc_pos 497968
alloc_pos 498080
alloc_pos 498172
alloc_pos 498436
alloc_pos 498596
alloc_pos 498724
alloc_pos 498768
alloc_pos 498984
alloc_pos 499012
alloc_pos 499092
alloc_pos 499164
alloc_pos 499312
alloc_pos 499496
alloc_pos 499576
alloc_pos 499800
alloc_pos 499856
alloc_pos 499892
alloc_pos 499944
alloc_pos 499992
alloc_pos 500108
alloc_pos 500360
alloc_pos 500440
alloc_pos 500592
alloc_pos 500616
alloc_pos 500668
alloc_pos 500824
alloc_pos 501004
alloc_pos 501240
alloc_pos 501288
alloc_pos 501424
alloc_pos 501624
alloc_pos 501760
alloc_pos 501880
alloc_pos 501972
alloc_pos 502016
alloc_pos 502072
alloc_pos 502200
alloc_pos 502404
alloc_pos 502640
alloc_pos 502692
alloc_pos 502776
alloc_pos 502904
alloc_pos 503120
alloc_pos 503364
alloc_pos 503524
alloc_pos 503672
alloc_pos 503732
alloc_pos 503968
alloc_pos 504112
alloc_pos 504236
alloc_pos 504436
alloc_pos 504672
alloc_pos 504904
alloc_pos 505088
alloc_pos 505216
alloc_pos 505480
alloc_pos 505728
alloc_pos 505828
alloc_pos 506064
alloc_pos 506176
alloc_pos 506268
alloc_pos 506532
alloc_pos 506692
alloc_pos 506820
alloc_pos 506864
alloc_pos 507080
alloc_pos 507108
alloc_pos 507188
alloc_pos 507260
alloc_pos 507408
alloc_pos 507592
alloc_pos 507672
alloc_pos 507896
alloc_pos 507952
alloc_pos 507988
alloc_pos 508040
alloc_pos 508088
alloc_pos 508204
alloc_pos 508456
alloc_pos 508536
alloc_pos 508688
alloc_pos 508712
alloc_pos 508764
alloc_pos 508920
alloc_pos 509100
alloc_pos 509336
alloc_pos 509384
alloc_pos 509520
alloc_pos 509720
alloc_pos 509856
alloc_pos 509976
alloc_pos 510068
alloc_pos 510112
alloc_pos 510168
alloc_pos 510296
alloc_pos 510500
alloc_pos 510736
alloc_pos 510788
alloc_pos 510872
alloc_pos 511000
alloc_pos 511216
alloc_pos 511460
alloc_pos 511620
alloc_pos 511768
alloc_pos 511828
alloc_pos 512064
alloc_pos 512208
alloc_pos 512332
alloc_pos 512532
alloc_pos 512768
alloc_pos 513000
alloc_pos 513184
alloc_pos 513312
alloc_pos 513576
alloc_pos 513824
alloc_pos 513924
alloc_pos 514160
alloc_pos 514272
alloc_pos 514364
alloc_pos 514628
alloc_pos 514788
alloc_pos 514916
alloc_pos 514960
alloc_pos 515176
alloc_pos 515204
alloc_pos 515284
alloc_pos 515356
alloc_pos 515504
alloc_pos 515688
alloc_pos 515768
alloc_pos 515992
alloc_pos 516048
alloc_pos 516084
alloc_pos 516136
alloc_pos 516184
alloc_pos 516300
alloc_pos 516552
alloc_pos 516632
alloc_pos 516784
alloc_pos 516808
alloc_pos 516860
alloc_pos 517016
alloc_pos 517196
alloc_pos 517432
alloc_pos 517480
alloc_pos 517616
alloc_pos 517816
alloc_pos 517952
alloc_pos 518072
alloc_pos 518164
alloc_pos 518208
alloc_pos 518264
alloc_pos 518392
alloc_pos 518596
alloc_pos 518832
alloc_pos 518884
alloc_pos 518968
alloc_pos 519096
alloc_pos 519312
alloc_pos 519556
alloc_pos 519716
alloc_pos 519864
alloc_pos 519924
alloc_pos 520160
alloc_pos 520304
alloc_pos 520428
alloc_pos 520628
alloc_pos 520864
alloc_pos 521096
alloc_pos 521280
alloc_pos 521408
alloc_pos 521672
alloc_pos 521920
alloc_pos 522020
alloc_pos 522256
alloc_pos 522368
alloc_pos 522460
alloc_pos 522724
alloc_pos 522884
alloc_pos 523012
alloc_pos 523056
alloc_pos 523272
alloc_pos 523300
alloc_pos 523380
alloc_pos 523452
alloc_pos 523600
alloc_pos 523784
alloc_pos 523864
alloc_pos 524088
alloc_pos 524144
alloc_pos 524180
alloc_pos 524232
alloc_pos -1

