reason: unexpected exit code -6
--- stdout ---
CHENEY GENERATOR!
--- stderr ---
alloc_pos 8
alloc_pos 1040
alloc_pos 2072
alloc_pos 3104
alloc_pos 3368
alloc_pos 3552
alloc_pos 3604
alloc_pos 3632
alloc_pos 3844
alloc_pos 3936
alloc_pos 4020
alloc_pos 4100
alloc_pos 4156
alloc_pos 4368
alloc_pos 4416
alloc_pos 4612
alloc_pos 4824
alloc_pos 5076
alloc_pos 5236
alloc_pos 5280
alloc_pos 5452
alloc_pos 5584
alloc_pos 5616
alloc_pos 5644
alloc_pos 5688
alloc_pos 5764
alloc_pos 5844
alloc_pos 5996
alloc_pos 6172
alloc_pos 6200
alloc_pos 6364
alloc_pos 6436
alloc_pos 6640
alloc_pos 6828
alloc_pos 7028
alloc_pos 7188
alloc_pos 7316
alloc_pos 7396
alloc_pos 7532
alloc_pos 7704
alloc_pos 7796
alloc_pos 8024
alloc_pos 8268
alloc_pos 8292
alloc_pos 8508
alloc_pos 8736
alloc_pos 8800
alloc_pos 9000
alloc_pos 9132
alloc_pos 9240
alloc_pos 9332
alloc_pos 9392
alloc_pos 9468
alloc_pos 9684
alloc_pos 9792
alloc_pos 9840
alloc_pos 9884
alloc_pos 10004
alloc_pos 10052
alloc_pos 10164
alloc_pos 10404
alloc_pos 10516
alloc_pos 10692
alloc_pos 10780
alloc_pos 11008
alloc_pos 11040
alloc_pos 11248
alloc_pos 11388
alloc_pos 11548
alloc_pos 11600
alloc_pos 11860
alloc_pos 11980
alloc_pos 12024
alloc_pos 12188
alloc_pos 12284
alloc_pos 12520
alloc_pos 12704
alloc_pos 12884
alloc_pos 13132
alloc_pos 13376
alloc_pos 13492
alloc_pos 13660
alloc_pos 13732
alloc_pos 13936
alloc_pos 13976
alloc_pos 14008
alloc_pos 14200
alloc_pos 14280
alloc_pos 14500
alloc_pos 14596
alloc_pos 14640
alloc_pos 14880
alloc_pos 14960
alloc_pos 15204
alloc_pos 15252
alloc_pos 15372
alloc_pos 15464
alloc_pos 15604
alloc_pos 15788
alloc_pos 16024
alloc_pos 16140
alloc_pos 16204
alloc_pos 16320
alloc_pos 16432
alloc_pos 16508
alloc_pos 16700
alloc_pos 16792
alloc_pos 16992
alloc_pos 17252
alloc_pos 17448
alloc_pos 17636
alloc_pos 17676
alloc_pos 17852
alloc_pos 18036
alloc_pos 18100
alloc_pos 18260
alloc_pos 18468
alloc_pos 18552
alloc_pos 18616
alloc_pos 18756
alloc_pos 18876
alloc_pos 18968
alloc_pos 19228
alloc_pos 19412
alloc_pos 19612
alloc_pos 19776
alloc_pos 19856
alloc_pos 20052
alloc_pos 20156
alloc_pos 20392
alloc_pos 20612
alloc_pos 20832
alloc_pos 20868
alloc_pos 20948
alloc_pos 21180
alloc_pos 21212
alloc_pos 21440
alloc_pos 21544
alloc_pos 21668
alloc_pos 21760
alloc_pos 21800
alloc_pos 21876
alloc_pos 22132
alloc_pos 22396
alloc_pos 22564
alloc_pos 22812
alloc_pos 23016
alloc_pos 23120
alloc_pos 23196
alloc_pos 23384
alloc_pos 23532
alloc_pos 23656
alloc_pos 23904
alloc_pos 24160
alloc_pos 24348
alloc_pos 24488
alloc_pos 24548
alloc_pos 24636
alloc_pos 24692
alloc_pos 24776
alloc_pos 24988
alloc_pos 25152
alloc_pos 25312
alloc_pos 25400
alloc_pos 25612
alloc_pos 25784
alloc_pos 25916
alloc_pos 26168
alloc_pos 26340
alloc_pos 26464
alloc_pos 26580
alloc_pos 26660
alloc_pos 26716
alloc_pos 26868
alloc_pos 27016
alloc_pos 27060
alloc_pos 27276
alloc_pos 27312
alloc_pos 27556
alloc_pos 27608
alloc_pos 27668
alloc_pos 27852
alloc_pos 27916
alloc_pos 28140
alloc_pos 28336
alloc_pos 28468
alloc_pos 28644
alloc_pos 28684
alloc_pos 28804
alloc_pos 28924
alloc_pos 29100
alloc_pos 29240
alloc_pos 29396
alloc_pos 29484
alloc_pos 29648
alloc_pos 29892
alloc_pos 30156
alloc_pos 30180
alloc_pos 30376
alloc_pos 30584
alloc_pos 30636
alloc_pos 30832
alloc_pos 31080
alloc_pos 31240
alloc_pos 31456
alloc_pos 31548
alloc_pos 31768
alloc_pos 31956
alloc_pos 32064
alloc_pos 32116
alloc_pos 32212
alloc_pos 32344
alloc_pos 32408
alloc_pos 32548
alloc_pos 32572
alloc_pos 32780
alloc_pos 33028
alloc_pos 33236
alloc_pos 33324
alloc_pos 33476
alloc_pos 33692
alloc_pos 33760
alloc_pos 33912
alloc_pos 34168
alloc_pos 34216
alloc_pos 34460
alloc_pos 34644
alloc_pos 34744
alloc_pos 34980
alloc_pos 35164
alloc_pos 35316
alloc_pos 35492
alloc_pos 35564
alloc_pos 35624
alloc_pos 35740
alloc_pos 35956
alloc_pos 36020
alloc_pos 36180
alloc_pos 36400
alloc_pos 36660
alloc_pos 36816
alloc_pos 37072
alloc_pos 37096
alloc_pos 37272
alloc_pos 37376
alloc_pos 37524
alloc_pos 37552
alloc_pos 37604
alloc_pos 37864
alloc_pos 37980
alloc_pos 38228
alloc_pos 38464
alloc_pos 38692
alloc_pos 38792
alloc_pos 38876
alloc_pos 38912
alloc_pos 38996
alloc_pos 39244
alloc_pos 39412
alloc_pos 39676
alloc_pos 39720
alloc_pos 39904
alloc_pos 39956
alloc_pos 39984
alloc_pos 40196
alloc_pos 40288
alloc_pos 40372
alloc_pos 40452
alloc_pos 40508
alloc_pos 40720
alloc_pos 40768
alloc_pos 40964
alloc_pos 41176
alloc_pos 41428
alloc_pos 41588
alloc_pos 41632
alloc_pos 41804
alloc_pos 41936
alloc_pos 41968
alloc_pos 41996
alloc_pos 42040
alloc_pos 42116
alloc_pos 42196
alloc_pos 42348
alloc_pos 42524
alloc_pos 42552
alloc_pos 42716
alloc_pos 42788
alloc_pos 42992
alloc_pos 43180
alloc_pos 43380
alloc_pos 43540
alloc_pos 43668
alloc_pos 43748
alloc_pos 43884
alloc_pos 44056
alloc_pos 44148
alloc_pos 44376
alloc_pos 44620
alloc_pos 44644
alloc_pos 44860
alloc_pos 45088
alloc_pos 45152
alloc_pos 45352
alloc_pos 45484
alloc_pos 45592
alloc_pos 45684
alloc_pos 45744
alloc_pos 45820
alloc_pos 46036
alloc_pos 46144
alloc_pos 46192
alloc_pos 46236
alloc_pos 46356
alloc_pos 46404
alloc_pos 46516
alloc_pos 46756
alloc_pos 46868
alloc_pos 47044
alloc_pos 47132
alloc_pos 47360
alloc_pos 47392
alloc_pos 47600
alloc_pos 47740
alloc_pos 47900
alloc_pos 47952
alloc_pos 48212
alloc_pos 48332
alloc_pos 48376
alloc_pos 48540
alloc_pos 48636
alloc_pos 48872
alloc_pos 49056
alloc_pos 49236
alloc_pos 49484
alloc_pos 49728
alloc_pos 49844
alloc_pos 50012
alloc_pos 50084
alloc_pos 50288
alloc_pos 50328
alloc_pos 50360
alloc_pos 50552
alloc_pos 50632
alloc_pos 50852
alloc_pos 50948
alloc_pos 50992
alloc_pos 51232
alloc_pos 51312
alloc_pos 51556
alloc_pos 51604
alloc_pos 51724
alloc_pos 51816
alloc_pos 51956
alloc_pos 52140
alloc_pos 52376
alloc_pos 52492
alloc_pos 52556
alloc_pos 52672
alloc_pos 52784
alloc_pos 52860
alloc_pos 53052
alloc_pos 53144
alloc_pos 53344
alloc_pos 53604
alloc_pos 53800
alloc_pos 53988
alloc_pos 54028
alloc_pos 54204
alloc_pos 54388
alloc_pos 54452
alloc_pos 54612
alloc_pos 54820
alloc_pos 54904
alloc_pos 54968
alloc_pos 55108
alloc_pos 55228
alloc_pos 55320
alloc_pos 55580
alloc_pos 55764
alloc_pos 55964
alloc_pos 56128
alloc_pos 56208
alloc_pos 56404
alloc_pos 56508
alloc_pos 56744
alloc_pos 56964
alloc_pos 57184
alloc_pos 57220
alloc_pos 57300
alloc_pos 57532
alloc_pos 57564
alloc_pos 57792
alloc_pos 57896
alloc_pos 58020
alloc_pos 58112
alloc_pos 58152
alloc_pos 58228
alloc_pos 58484
alloc_pos 58748
alloc_pos 58916
alloc_pos 59164
alloc_pos 59368
alloc_pos 59472
alloc_pos 59548
alloc_pos 59736
alloc_pos 59884
alloc_pos 60008
alloc_pos 60256
alloc_pos 60512
alloc_pos 60700
alloc_pos 60840
alloc_pos 60900
alloc_pos 60988
alloc_pos 61044
alloc_pos 61128
alloc_pos 61340
alloc_pos 61504
alloc_pos 61664
alloc_pos 61752
alloc_pos 61964
alloc_pos 62136
alloc_pos 62268
alloc_pos 62520
alloc_pos 62692
alloc_pos 62816
alloc_pos 62932
alloc_pos 63012
alloc_pos 63068
alloc_pos 63220
alloc_pos 63368
alloc_pos 63412
alloc_pos 63628
alloc_pos 63664
alloc_pos 63908
alloc_pos 63960
alloc_pos 64020
alloc_pos 64204
alloc_pos 64268
alloc_pos 64492
alloc_pos 64688
alloc_pos 64820
alloc_pos 64996
alloc_pos 65036
alloc_pos 65156
alloc_pos 65276
alloc_pos 65452
alloc_pos 65592
alloc_pos 65748
alloc_pos 65836
alloc_pos 66000
alloc_pos 66244
alloc_pos 66508
alloc_pos 66532
alloc_pos 66728
alloc_pos 66936
alloc_pos 66988
alloc_pos 67184
alloc_pos 67432
alloc_pos 67592
alloc_pos 67808
alloc_pos 67900
alloc_pos 68120
alloc_pos 68308
alloc_pos 68416
alloc_pos 68468
alloc_pos 68564
alloc_pos 68696
alloc_pos 68760
alloc_pos 68900
alloc_pos 68924
alloc_pos 69132
alloc_pos 69380
alloc_pos 69588
alloc_pos 69676
alloc_pos 69828
alloc_pos 70044
alloc_pos 70112
alloc_pos 70264
alloc_pos 70520
alloc_pos 70568
alloc_pos 70812
alloc_pos 70996
alloc_pos 71096
alloc_pos 71332
alloc_pos 71516
alloc_pos 71668
alloc_pos 71844
alloc_pos 71916
alloc_pos 71976
alloc_pos 72092
alloc_pos 72308
alloc_pos 72372
alloc_pos 72532
alloc_pos 72752
alloc_pos 73012
alloc_pos 73168
alloc_pos 73424
alloc_pos 73448
alloc_pos 73624
alloc_pos 73728
alloc_pos 73876
alloc_pos 73904
alloc_pos 73956
alloc_pos 74216
alloc_pos 74332
alloc_pos 74580
alloc_pos 74816
alloc_pos 75044
alloc_pos 75144
alloc_pos 75228
alloc_pos 75264
alloc_pos 75348
alloc_pos 75596
alloc_pos 75764
alloc_pos 76028
alloc_pos 76072
alloc_pos 76256
alloc_pos 76308
alloc_pos 76336
alloc_pos 76548
alloc_pos 76640
alloc_pos 76724
alloc_pos 76804
alloc_pos 76860
alloc_pos 77072
alloc_pos 77120
alloc_pos 77316
alloc_pos 77528
alloc_pos 77780
alloc_pos 77940
alloc_pos 77984
alloc_pos 78156
alloc_pos 78288
alloc_pos 78320
alloc_pos 78348
alloc_pos 78392
alloc_pos 78468
alloc_pos 78548
alloc_pos 78700
alloc_pos 78876
alloc_pos 78904
alloc_pos 79068
alloc_pos 79140
alloc_pos 79344
alloc_pos 79532
alloc_pos 79732
alloc_pos 79892
alloc_pos 80020
alloc_pos 80100
alloc_pos 80236
alloc_pos 80408
alloc_pos 80500
alloc_pos 80728
alloc_pos 80972
alloc_pos 80996
alloc_pos 81212
alloc_pos 81440
alloc_pos 81504
alloc_pos 81704
alloc_pos 81836
alloc_pos 81944
alloc_pos 82036
alloc_pos 82096
alloc_pos 82172
alloc_pos 82388
alloc_pos 82496
alloc_pos 82544
alloc_pos 82588
alloc_pos 82708
alloc_pos 82756
alloc_pos 82868
alloc_pos 83108
alloc_pos 83220
alloc_pos 83396
alloc_pos 83484
alloc_pos 83712
alloc_pos 83744
alloc_pos 83952
alloc_pos 84092
alloc_pos 84252
alloc_pos 84304
alloc_pos 84564
alloc_pos 84684
alloc_pos 84728
alloc_pos 84892
alloc_pos 84988
alloc_pos 85224
alloc_pos 85408
alloc_pos 85588
alloc_pos 85836
alloc_pos 86080
alloc_pos 86196
alloc_pos 86364
alloc_pos 86436
alloc_pos 86640
alloc_pos 86680
alloc_pos 86712
alloc_pos 86904
alloc_pos 86984
alloc_pos 87204
alloc_pos 87300
alloc_pos 87344
alloc_pos 87584
alloc_pos 87664
alloc_pos 87908
alloc_pos 87956
alloc_pos 88076
alloc_pos 88168
alloc_pos 88308
alloc_pos 88492
alloc_pos 88728
alloc_pos 88844
alloc_pos 88908
alloc_pos 89024
alloc_pos 89136
alloc_pos 89212
alloc_pos 89404
alloc_pos 89496
alloc_pos 89696
alloc_pos 89956
alloc_pos 90152
alloc_pos 90340
alloc_pos 90380
alloc_pos 90556
alloc_pos 90740
alloc_pos 90804
alloc_pos 90964
alloc_pos 91172
alloc_pos 91256
alloc_pos 91320
alloc_pos 91460
alloc_pos 91580
alloc_pos 91672
alloc_pos 91932
alloc_pos 92116
alloc_pos 92316
alloc_pos 92480
alloc_pos 92560
alloc_pos 92756
alloc_pos 92860
alloc_pos 93096
alloc_pos 93316
alloc_pos 93536
alloc_pos 93572
alloc_pos 93652
alloc_pos 93884
alloc_pos 93916
alloc_pos 94144
alloc_pos 94248
alloc_pos 94372
alloc_pos 94464
alloc_pos 94504
alloc_pos 94580
alloc_pos 94836
alloc_pos 95100
alloc_pos 95268
alloc_pos 95516
alloc_pos 95720
alloc_pos 95824
alloc_pos 95900
alloc_pos 96088
alloc_pos 96236
alloc_pos 96360
alloc_pos 96608
alloc_pos 96864
alloc_pos 97052
alloc_pos 97192
alloc_pos 97252
alloc_pos 97340
alloc_pos 97396
alloc_pos 97480
alloc_pos 97692
alloc_pos 97856
alloc_pos 98016
alloc_pos 98104
alloc_pos 98316
alloc_pos 98488
alloc_pos 98620
alloc_pos 98872
alloc_pos 99044
alloc_pos 99168
alloc_pos 99284
alloc_pos 99364
alloc_pos 99420
alloc_pos 99572
alloc_pos 99720
alloc_pos 99764
alloc_pos 99980
alloc_pos 100016
alloc_pos 100260
alloc_pos 100312
alloc_pos 100372
alloc_pos 100556
alloc_pos 100620
alloc_pos 100844
alloc_pos 101040
alloc_pos 101172
alloc_pos 101348
alloc_pos 101388
alloc_pos 101508
alloc_pos 101628
alloc_pos 101804
alloc_pos 101944
alloc_pos 102100
alloc_pos 102188
alloc_pos 102352
alloc_pos 102596
alloc_pos 102860
alloc_pos 102884
alloc_pos 103080
alloc_pos 103288
alloc_pos 103340
alloc_pos 103536
alloc_pos 103784
alloc_pos 103944
alloc_pos 104160
alloc_pos 104252
alloc_pos 104472
alloc_pos 104660
alloc_pos 104768
alloc_pos 104820
alloc_pos 104916
alloc_pos 105048
alloc_pos 105112
alloc_pos 105252
alloc_pos 105276
alloc_pos 105484
alloc_pos 105732
alloc_pos 105940
alloc_pos 106028
alloc_pos 106180
alloc_pos 106396
alloc_pos 106464
alloc_pos 106616
alloc_pos 106872
alloc_pos 106920
alloc_pos 107164
alloc_pos 107348
alloc_pos 107448
alloc_pos 107684
alloc_pos 107868
alloc_pos 108020
alloc_pos 108196
alloc_pos 108268
alloc_pos 108328
alloc_pos 108444
alloc_pos 108660
alloc_pos 108724
alloc_pos 108884
alloc_pos 109104
alloc_pos 109364
alloc_pos 109520
alloc_pos 109776
alloc_pos 109800
alloc_pos 109976
alloc_pos 110080
alloc_pos 110228
alloc_pos 110256
alloc_pos 110308
alloc_pos 110568
alloc_pos 110684
alloc_pos 110932
alloc_pos 111168
alloc_pos 111396
alloc_pos 111496
alloc_pos 111580
alloc_pos 111616
alloc_pos 111700
alloc_pos 111948
alloc_pos 112116
alloc_pos 112380
alloc_pos 112424
alloc_pos 112608
alloc_pos 112660
alloc_pos 112688
alloc_pos 112900
alloc_pos 112992
alloc_pos 113076
alloc_pos 113156
alloc_pos 113212
alloc_pos 113424
alloc_pos 113472
alloc_pos 113668
alloc_pos 113880
alloc_pos 114132
alloc_pos 114292
alloc_pos 114336
alloc_pos 114508
alloc_pos 114640
alloc_pos 114672
alloc_pos 114700
alloc_pos 114744
alloc_pos 114820
alloc_pos 114900
alloc_pos 115052
alloc_pos 115228
alloc_pos 115256
alloc_pos 115420
alloc_pos 115492
alloc_pos 115696
alloc_pos 115884
alloc_pos 116084
alloc_pos 116244
alloc_pos 116372
alloc_pos 116452
alloc_pos 116588
alloc_pos 116760
alloc_pos 116852
alloc_pos 117080
alloc_pos 117324
alloc_pos 117348
alloc_pos 117564
alloc_pos 117792
alloc_pos 117856
alloc_pos 118056
alloc_pos 118188
alloc_pos 118296
alloc_pos 118388
alloc_pos 118448
alloc_pos 118524
alloc_pos 118740
alloc_pos 118848
alloc_pos 118896
alloc_pos 118940
alloc_pos 119060
alloc_pos 119108
alloc_pos 119220
alloc_pos 119460
alloc_pos 119572
alloc_pos 119748
alloc_pos 119836
alloc_pos 120064
alloc_pos 120096
alloc_pos 120304
alloc_pos 120444
alloc_pos 120604
alloc_pos 120656
alloc_pos 120916
alloc_pos 121036
alloc_pos 121080
alloc_pos 121244
alloc_pos 121340
alloc_pos 121576
alloc_pos 121760
alloc_pos 121940
alloc_pos 122188
alloc_pos 122432
alloc_pos 122548
alloc_pos 122716
alloc_pos 122788
alloc_pos 122992
alloc_pos 123032
alloc_pos 123064
alloc_pos 123256
alloc_pos 123336
alloc_pos 123556
alloc_pos 123652
alloc_pos 123696
alloc_pos 123936
alloc_pos 124016
alloc_pos 124260
alloc_pos 124308
alloc_pos 124428
alloc_pos 124520
alloc_pos 124660
alloc_pos 124844
alloc_pos 125080
alloc_pos 125196
alloc_pos 125260
alloc_pos 125376
alloc_pos 125488
alloc_pos 125564
alloc_pos 125756
alloc_pos 125848
alloc_pos 126048
alloc_pos 126308
alloc_pos 126504
alloc_pos 126692
alloc_pos 126732
alloc_pos 126908
alloc_pos 127092
alloc_pos 127156
alloc_pos 127316
alloc_pos 127524
alloc_pos 127608
alloc_pos 127672
alloc_pos 127812
alloc_pos 127932
alloc_pos 128024
alloc_pos 128284
alloc_pos 128468
alloc_pos 128668
alloc_pos 128832
alloc_pos 128912
alloc_pos 129108
alloc_pos 129212
alloc_pos 129448
alloc_pos 129668
alloc_pos 129888
alloc_pos 129924
alloc_pos 130004
alloc_pos 130236
alloc_pos 130268
alloc_pos 130496
alloc_pos 130600
alloc_pos 130724
alloc_pos 130816
alloc_pos 130856
alloc_pos 130932
alloc_pos 131188
alloc_pos 131452
alloc_pos 131620
alloc_pos 131868
alloc_pos 132072
alloc_pos 132176
alloc_pos 132252
alloc_pos 132440
alloc_pos 132588
alloc_pos 132712
alloc_pos 132960
alloc_pos 133216
alloc_pos 133404
alloc_pos 133544
alloc_pos 133604
alloc_pos 133692
alloc_pos 133748
alloc_pos 133832
alloc_pos 134044
alloc_pos 134208
alloc_pos 134368
alloc_pos 134456
alloc_pos 134668
alloc_pos 134840
alloc_pos 134972
alloc_pos 135224
alloc_pos 135396
alloc_pos 135520
alloc_pos 135636
alloc_pos 135716
alloc_pos 135772
alloc_pos 135924
alloc_pos 136072
alloc_pos 136116
alloc_pos 136332
alloc_pos 136368
alloc_pos 136612
alloc_pos 136664
alloc_pos 136724
alloc_pos 136908
alloc_pos 136972
alloc_pos 137196
alloc_pos 137392
alloc_pos 137524
alloc_pos 137700
alloc_pos 137740
alloc_pos 137860
alloc_pos 137980
alloc_pos 138156
alloc_pos 138296
alloc_pos 138452
alloc_pos 138540
alloc_pos 138704
alloc_pos 138948
alloc_pos 139212
alloc_pos 139236
alloc_pos 139432
alloc_pos 139640
alloc_pos 139692
alloc_pos 139888
alloc_pos 140136
alloc_pos 140296
alloc_pos 140512
alloc_pos 140604
alloc_pos 140824
alloc_pos 141012
alloc_pos 141120
alloc_pos 141172
alloc_pos 141268
alloc_pos 141400
alloc_pos 141464
alloc_pos 141604
alloc_pos 141628
alloc_pos 141836
alloc_pos 142084
alloc_pos 142292
alloc_pos 142380
alloc_pos 142532
alloc_pos 142748
alloc_pos 142816
alloc_pos 142968
alloc_pos 143224
alloc_pos 143272
alloc_pos 143516
alloc_pos 143700
alloc_pos 143800
alloc_pos 144036
alloc_pos 144220
alloc_pos 144372
alloc_pos 144548
alloc_pos 144620
alloc_pos 144680
alloc_pos 144796
alloc_pos 145012
alloc_pos 145076
alloc_pos 145236
alloc_pos 145456
alloc_pos 145716
alloc_pos 145872
alloc_pos 146128
alloc_pos 146152
alloc_pos 146328
alloc_pos 146432
alloc_pos 146580
alloc_pos 146608
alloc_pos 146660
alloc_pos 146920
alloc_pos 147036
alloc_pos 147284
alloc_pos 147520
alloc_pos 147748
alloc_pos 147848
alloc_pos 147932
alloc_pos 147968
alloc_pos 148052
alloc_pos 148300
alloc_pos 148468
alloc_pos 148732
alloc_pos 148776
alloc_pos 148960
alloc_pos 149012
alloc_pos 149040
alloc_pos 149252
alloc_pos 149344
alloc_pos 149428
alloc_pos 149508
alloc_pos 149564
alloc_pos 149776
alloc_pos 149824
alloc_pos 150020
alloc_pos 150232
alloc_pos 150484
alloc_pos 150644
alloc_pos 150688
alloc_pos 150860
alloc_pos 150992
alloc_pos 151024
alloc_pos 151052
alloc_pos 151096
alloc_pos 151172
alloc_pos 151252
alloc_pos 151404
alloc_pos 151580
alloc_pos 151608
alloc_pos 151772
alloc_pos 151844
alloc_pos 152048
alloc_pos 152236
alloc_pos 152436
alloc_pos 152596
alloc_pos 152724
alloc_pos 152804
alloc_pos 152940
alloc_pos 153112
alloc_pos 153204
alloc_pos 153432
alloc_pos 153676
alloc_pos 153700
alloc_pos 153916
alloc_pos 154144
alloc_pos 154208
alloc_pos 154408
alloc_pos 154540
alloc_pos 154648
alloc_pos 154740
alloc_pos 154800
alloc_pos 154876
alloc_pos 155092
alloc_pos 155200
alloc_pos 155248
alloc_pos 155292
alloc_pos 155412
alloc_pos 155460
alloc_pos 155572
alloc_pos 155812
alloc_pos 155924
alloc_pos 156100
alloc_pos 156188
alloc_pos 156416
alloc_pos 156448
alloc_pos 156656
alloc_pos 156796
alloc_pos 156956
alloc_pos 157008
alloc_pos 157268
alloc_pos 157388
alloc_pos 157432
alloc_pos 157596
alloc_pos 157692
alloc_pos 157928
alloc_pos 158112
alloc_pos 158292
alloc_pos 158540
alloc_pos 158784
alloc_pos 158900
alloc_pos 159068
alloc_pos 159140
alloc_pos 159344
alloc_pos 159384
alloc_pos 159416
alloc_pos 159608
alloc_pos 159688
alloc_pos 159908
alloc_pos 160004
alloc_pos 160048
alloc_pos 160288
alloc_pos 160368
alloc_pos 160612
alloc_pos 160660
alloc_pos 160780
alloc_pos 160872
alloc_pos 161012
alloc_pos 161196
alloc_pos 161432
alloc_pos 161548
alloc_pos 161612
alloc_pos 161728
alloc_pos 161840
alloc_pos 161916
alloc_pos 162108
alloc_pos 162200
alloc_pos 162400
alloc_pos 162660
alloc_pos 162856
alloc_pos 163044
alloc_pos 163084
alloc_pos 163260
alloc_pos 163444
alloc_pos 163508
alloc_pos 163668
alloc_pos 163876
alloc_pos 163960
alloc_pos 164024
alloc_pos 164164
alloc_pos 164284
alloc_pos 164376
alloc_pos 164636
alloc_pos 164820
alloc_pos 165020
alloc_pos 165184
alloc_pos 165264
alloc_pos 165460
alloc_pos 165564
alloc_pos 165800
alloc_pos 166020
alloc_pos 166240
alloc_pos 166276
alloc_pos 166356
alloc_pos 166588
alloc_pos 166620
alloc_pos 166848
alloc_pos 166952
alloc_pos 167076
alloc_pos 167168
alloc_pos 167208
alloc_pos 167284
alloc_pos 167540
alloc_pos 167804
alloc_pos 167972
alloc_pos 168220
alloc_pos 168424
alloc_pos 168528
alloc_pos 168604
alloc_pos 168792
alloc_pos 168940
alloc_pos 169064
alloc_pos 169312
alloc_pos 169568
alloc_pos 169756
alloc_pos 169896
alloc_pos 169956
alloc_pos 170044
alloc_pos 170100
alloc_pos 170184
alloc_pos 170396
alloc_pos 170560
alloc_pos 170720
alloc_pos 170808
alloc_pos 171020
alloc_pos 171192
alloc_pos 171324
alloc_pos 171576
alloc_pos 171748
alloc_pos 171872
alloc_pos 171988
alloc_pos 172068
alloc_pos 172124
alloc_pos 172276
alloc_pos 172424
alloc_pos 172468
alloc_pos 172684
alloc_pos 172720
alloc_pos 172964
alloc_pos 173016
alloc_pos 173076
alloc_pos 173260
alloc_pos 173324
alloc_pos 173548
alloc_pos 173744
alloc_pos 173876
alloc_pos 174052
alloc_pos 174092
alloc_pos 174212
alloc_pos 174332
alloc_pos 174508
alloc_pos 174648
alloc_pos 174804
alloc_pos 174892
alloc_pos 175056
alloc_pos 175300
alloc_pos 175564
alloc_pos 175588
alloc_pos 175784
alloc_pos 175992
alloc_pos 176044
alloc_pos 176240
alloc_pos 176488
alloc_pos 176648
alloc_pos 176864
alloc_pos 176956
alloc_pos 177176
alloc_pos 177364
alloc_pos 177472
alloc_pos 177524
alloc_pos 177620
alloc_pos 177752
alloc_pos 177816
alloc_pos 177956
alloc_pos 177980
alloc_pos 178188
alloc_pos 178436
alloc_pos 178644
alloc_pos 178732
alloc_pos 178884
alloc_pos 179100
alloc_pos 179168
alloc_pos 179320
alloc_pos 179576
alloc_pos 179624
alloc_pos 179868
alloc_pos 180052
alloc_pos 180152
alloc_pos 180388
alloc_pos 180572
alloc_pos 180724
alloc_pos 180900
alloc_pos 180972
alloc_pos 181032
alloc_pos 181148
alloc_pos 181364
alloc_pos 181428
alloc_pos 181588
alloc_pos 181808
alloc_pos 182068
alloc_pos 182224
alloc_pos 182480
alloc_pos 182504
alloc_pos 182680
alloc_pos 182784
alloc_pos 182932
alloc_pos 182960
alloc_pos 183012
alloc_pos 183272
alloc_pos 183388
alloc_pos 183636
alloc_pos 183872
alloc_pos 184100
alloc_pos 184200
alloc_pos 184284
alloc_pos 184320
alloc_pos 184404
alloc_pos 184652
alloc_pos 184820
alloc_pos 185084
alloc_pos 185128
alloc_pos 185312
alloc_pos 185364
alloc_pos 185392
alloc_pos 185604
alloc_pos 185696
alloc_pos 185780
alloc_pos 185860
alloc_pos 185916
alloc_pos 186128
alloc_pos 186176
alloc_pos 186372
alloc_pos 186584
alloc_pos 186836
alloc_pos 186996
alloc_pos 187040
alloc_pos 187212
alloc_pos 187344
alloc_pos 187376
alloc_pos 187404
alloc_pos 187448
alloc_pos 187524
alloc_pos 187604
alloc_pos 187756
alloc_pos 187932
alloc_pos 187960
alloc_pos 188124
alloc_pos 188196
alloc_pos 188400
alloc_pos 188588
alloc_pos 188788
alloc_pos 188948
alloc_pos 189076
alloc_pos 189156
alloc_pos 189292
alloc_pos 189464
alloc_pos 189556
alloc_pos 189784
alloc_pos 190028
alloc_pos 190052
alloc_pos 190268
alloc_pos 190496
alloc_pos 190560
alloc_pos 190760
alloc_pos 190892
alloc_pos 191000
alloc_pos 191092
alloc_pos 191152
alloc_pos 191228
alloc_pos 191444
alloc_pos 191552
alloc_pos 191600
alloc_pos 191644
alloc_pos 191764
alloc_pos 191812
alloc_pos 191924
alloc_pos 192164
alloc_pos 192276
alloc_pos 192452
alloc_pos 192540
alloc_pos 192768
alloc_pos 192800
alloc_pos 193008
alloc_pos 193148
alloc_pos 193308
alloc_pos 193360
alloc_pos 193620
alloc_pos 193740
alloc_pos 193784
alloc_pos 193948
alloc_pos 194044
alloc_pos 194280
alloc_pos 194464
alloc_pos 194644
alloc_pos 194892
alloc_pos 195136
alloc_pos 195252
alloc_pos 195420
alloc_pos 195492
alloc_pos 195696
alloc_pos 195736
alloc_pos 195768
alloc_pos 195960
alloc_pos 196040
alloc_pos 196260
alloc_pos 196356
alloc_pos 196400
alloc_pos 196640
alloc_pos 196720
alloc_pos 196964
alloc_pos 197012
alloc_pos 197132
alloc_pos 197224
alloc_pos 197364
alloc_pos 197548
alloc_pos 197784
alloc_pos 197900
alloc_pos 197964
alloc_pos 198080
alloc_pos 198192
alloc_pos 198268
alloc_pos 198460
alloc_pos 198552
alloc_pos 198752
alloc_pos 199012
alloc_pos 199208
alloc_pos 199396
alloc_pos 199436
alloc_pos 199612
alloc_pos 199796
alloc_pos 199860
alloc_pos 200020
alloc_pos 200228
alloc_pos 200312
alloc_pos 200376
alloc_pos 200516
alloc_pos 200636
alloc_pos 200728
alloc_pos 200988
alloc_pos 201172
alloc_pos 201372
alloc_pos 201536
alloc_pos 201616
alloc_pos 201812
alloc_pos 201916
alloc_pos 202152
alloc_pos 202372
alloc_pos 202592
alloc_pos 202628
alloc_pos 202708
alloc_pos 202940
alloc_pos 202972
alloc_pos 203200
alloc_pos 203304
alloc_pos 203428
alloc_pos 203520
alloc_pos 203560
alloc_pos 203636
alloc_pos 203892
alloc_pos 204156
alloc_pos 204324
alloc_pos 204572
alloc_pos 204776
alloc_pos 204880
alloc_pos 204956
alloc_pos 205144
alloc_pos 205292
alloc_pos 205416
alloc_pos 205664
alloc_pos 205920
alloc_pos 206108
alloc_pos 206248
alloc_pos 206308
alloc_pos 206396
alloc_pos 206452
alloc_pos 206536
alloc_pos 206748
alloc_pos 206912
alloc_pos 207072
alloc_pos 207160
alloc_pos 207372
alloc_pos 207544
alloc_pos 207676
alloc_pos 207928
alloc_pos 208100
alloc_pos 208224
alloc_pos 208340
alloc_pos 208420
alloc_pos 208476
alloc_pos 208628
alloc_pos 208776
alloc_pos 208820
alloc_pos 209036
alloc_pos 209072
alloc_pos 209316
alloc_pos 209368
alloc_pos 209428
alloc_pos 209612
alloc_pos 209676
alloc_pos 209900
alloc_pos 210096
alloc_pos 210228
alloc_pos 210404
alloc_pos 210444
alloc_pos 210564
alloc_pos 210684
alloc_pos 210860
alloc_pos 211000
alloc_pos 211156
alloc_pos 211244
alloc_pos 211408
alloc_pos 211652
alloc_pos 211916
alloc_pos 211940
alloc_pos 212136
alloc_pos 212344
alloc_pos 212396
alloc_pos 212592
alloc_pos 212840
alloc_pos 213000
alloc_pos 213216
alloc_pos 213308
alloc_pos 213528
alloc_pos 213716
alloc_pos 213824
alloc_pos 213876
alloc_pos 213972
alloc_pos 214104
alloc_pos 214168
alloc_pos 214308
alloc_pos 214332
alloc_pos 214540
alloc_pos 214788
alloc_pos 214996
alloc_pos 215084
alloc_pos 215236
alloc_pos 215452
alloc_pos 215520
alloc_pos 215672
alloc_pos 215928
alloc_pos 215976
alloc_pos 216220
alloc_pos 216404
alloc_pos 216504
alloc_pos 216740
alloc_pos 216924
alloc_pos 217076
alloc_pos 217252
alloc_pos 217324
alloc_pos 217384
alloc_pos 217500
alloc_pos 217716
alloc_pos 217780
alloc_pos 217940
alloc_pos 218160
alloc_pos 218420
alloc_pos 218576
alloc_pos 218832
alloc_pos 218856
alloc_pos 219032
alloc_pos 219136
alloc_pos 219284
alloc_pos 219312
alloc_pos 219364
alloc_pos 219624
alloc_pos 219740
alloc_pos 219988
alloc_pos 220224
alloc_pos 220452
alloc_pos 220552
alloc_pos 220636
alloc_pos 220672
alloc_pos 220756
alloc_pos 221004
alloc_pos 221172
alloc_pos 221436
alloc_pos 221480
alloc_pos 221664
alloc_pos 221716
alloc_pos 221744
alloc_pos 221956
alloc_pos 222048
alloc_pos 222132
alloc_pos 222212
alloc_pos 222268
alloc_pos 222480
alloc_pos 222528
alloc_pos 222724
alloc_pos 222936
alloc_pos 223188
alloc_pos 223348
alloc_pos 223392
alloc_pos 223564
alloc_pos 223696
alloc_pos 223728
alloc_pos 223756
alloc_pos 223800
alloc_pos 223876
alloc_pos 223956
alloc_pos 224108
alloc_pos 224284
alloc_pos 224312
alloc_pos 224476
alloc_pos 224548
alloc_pos 224752
alloc_pos 224940
alloc_pos 225140
alloc_pos 225300
alloc_pos 225428
alloc_pos 225508
alloc_pos 225644
alloc_pos 225816
alloc_pos 225908
alloc_pos 226136
alloc_pos 226380
alloc_pos 226404
alloc_pos 226620
alloc_pos 226848
alloc_pos 226912
alloc_pos 227112
alloc_pos 227244
alloc_pos 227352
alloc_pos 227444
alloc_pos 227504
alloc_pos 227580
alloc_pos 227796
alloc_pos 227904
alloc_pos 227952
alloc_pos 227996
alloc_pos 228116
alloc_pos 228164
alloc_pos 228276
alloc_pos 228516
alloc_pos 228628
alloc_pos 228804
alloc_pos 228892
alloc_pos 229120
alloc_pos 229152
alloc_pos 229360
alloc_pos 229500
alloc_pos 229660
alloc_pos 229712
alloc_pos 229972
alloc_pos 230092
alloc_pos 230136
alloc_pos 230300
alloc_pos 230396
alloc_pos 230632
alloc_pos 230816
alloc_pos 230996
alloc_pos 231244
alloc_pos 231488
alloc_pos 231604
alloc_pos 231772
alloc_pos 231844
alloc_pos 232048
alloc_pos 232088
alloc_pos 232120
alloc_pos 232312
alloc_pos 232392
alloc_pos 232612
alloc_pos 232708
alloc_pos 232752
alloc_pos 232992
alloc_pos 233072
alloc_pos 233316
alloc_pos 233364
alloc_pos 233484
alloc_pos 233576
alloc_pos 233716
alloc_pos 233900
alloc_pos 234136
alloc_pos 234252
alloc_pos 234316
alloc_pos 234432
alloc_pos 234544
alloc_pos 234620
alloc_pos 234812
alloc_pos 234904
alloc_pos 235104
alloc_pos 235364
alloc_pos 235560
alloc_pos 235748
alloc_pos 235788
alloc_pos 235964
alloc_pos 236148
alloc_pos 236212
alloc_pos 236372
alloc_pos 236580
alloc_pos 236664
alloc_pos 236728
alloc_pos 236868
alloc_pos 236988
alloc_pos 237080
alloc_pos 237340
alloc_pos 237524
alloc_pos 237724
alloc_pos 237888
alloc_pos 237968
alloc_pos 238164
alloc_pos 238268
alloc_pos 238504
alloc_pos 238724
alloc_pos 238944
alloc_pos 238980
alloc_pos 239060
alloc_pos 239292
alloc_pos 239324
alloc_pos 239552
alloc_pos 239656
alloc_pos 239780
alloc_pos 239872
alloc_pos 239912
alloc_pos 239988
alloc_pos 240244
alloc_pos 240508
alloc_pos 240676
alloc_pos 240924
alloc_pos 241128
alloc_pos 241232
alloc_pos 241308
alloc_pos 241496
alloc_pos 241644
alloc_pos 241768
alloc_pos 242016
alloc_pos 242272
alloc_pos 242460
alloc_pos 242600
alloc_pos 242660
alloc_pos 242748
alloc_pos 242804
alloc_pos 242888
alloc_pos 243100
alloc_pos 243264
alloc_pos 243424
alloc_pos 243512
alloc_pos 243724
alloc_pos 243896
alloc_pos 244028
alloc_pos 244280
alloc_pos 244452
alloc_pos 244576
alloc_pos 244692
alloc_pos 244772
alloc_pos 244828
alloc_pos 244980
alloc_pos 245128
alloc_pos 245172
alloc_pos 245388
alloc_pos 245424
alloc_pos 245668
alloc_pos 245720
alloc_pos 245780
alloc_pos 245964
alloc_pos 246028
alloc_pos 246252
alloc_pos 246448
alloc_pos 246580
alloc_pos 246756
alloc_pos 246796
alloc_pos 246916
alloc_pos 247036
alloc_pos 247212
alloc_pos 247352
alloc_pos 247508
alloc_pos 247596
alloc_pos 247760
alloc_pos 248004
alloc_pos 248268
alloc_pos 248292
alloc_pos 248488
alloc_pos 248696
alloc_pos 248748
alloc_pos 248944
alloc_pos 249192
alloc_pos 249352
alloc_pos 249568
alloc_pos 249660
alloc_pos 249880
alloc_pos 250068
alloc_pos 250176
alloc_pos 250228
alloc_pos 250324
alloc_pos 250456
alloc_pos 250520
alloc_pos 250660
alloc_pos 250684
alloc_pos 250892
alloc_pos 251140
alloc_pos 251348
alloc_pos 251436
alloc_pos 251588
alloc_pos 251804
alloc_pos 251872
alloc_pos 252024
alloc_pos 252280
alloc_pos 252328
alloc_pos 252572
alloc_pos 252756
alloc_pos 252856
alloc_pos 253092
alloc_pos 253276
alloc_pos 253428
alloc_pos 253604
alloc_pos 253676
alloc_pos 253736
alloc_pos 253852
alloc_pos 254068
alloc_pos 254132
alloc_pos 254292
alloc_pos 254512
alloc_pos 254772
alloc_pos 254928
alloc_pos 255184
alloc_pos 255208
alloc_pos 255384
alloc_pos 255488
alloc_pos 255636
alloc_pos 255664
alloc_pos 255716
alloc_pos 255976
alloc_pos 256092
alloc_pos 256340
alloc_pos 256576
alloc_pos 256804
alloc_pos 256904
alloc_pos 256988
alloc_pos 257024
alloc_pos 257108
alloc_pos 257356
alloc_pos 257524
alloc_pos 257788
alloc_pos 257832
alloc_pos 258016
alloc_pos 258068
alloc_pos 258096
alloc_pos 258308
alloc_pos 258400
alloc_pos 258484
alloc_pos 258564
alloc_pos 258620
alloc_pos 258832
alloc_pos 258880
alloc_pos 259076
alloc_pos 259288
alloc_pos 259540
alloc_pos 259700
alloc_pos 259744
alloc_pos 259916
alloc_pos 260048
alloc_pos 260080
alloc_pos 260108
alloc_pos 260152
alloc_pos 260228
alloc_pos 260308
alloc_pos 260460
alloc_pos 260636
alloc_pos 260664
alloc_pos 260828
alloc_pos 260900
alloc_pos 261104
alloc_pos 261292
alloc_pos 261492
alloc_pos 261652
alloc_pos 261780
alloc_pos 261860
alloc_pos 261996
alloc_pos 262168
alloc_pos 262260
alloc_pos 262488
alloc_pos 262732
alloc_pos 262756
alloc_pos 262972
alloc_pos 263200
alloc_pos 263264
alloc_pos 263464
alloc_pos 263596
alloc_pos 263704
alloc_pos 263796
alloc_pos 263856
alloc_pos 263932
alloc_pos 264148
alloc_pos 264256
alloc_pos 264304
alloc_pos 264348
alloc_pos 264468
alloc_pos 264516
alloc_pos 264628
alloc_pos 264868
alloc_pos 264980
alloc_pos 265156
alloc_pos 265244
alloc_pos 265472
alloc_pos 265504
alloc_pos 265712
alloc_pos 265852
alloc_pos 266012
alloc_pos 266064
alloc_pos 266324
alloc_pos 266444
alloc_pos 266488
alloc_pos 266652
alloc_pos 266748
alloc_pos 266984
alloc_pos 267168
alloc_pos 267348
alloc_pos 267596
alloc_pos 267840
alloc_pos 267956
alloc_pos 268124
alloc_pos 268196
alloc_pos 268400
alloc_pos 268440
alloc_pos 268472
alloc_pos 268664
alloc_pos 268744
alloc_pos 268964
alloc_pos 269060
alloc_pos 269104
alloc_pos 269344
alloc_pos 269424
alloc_pos 269668
alloc_pos 269716
alloc_pos 269836
alloc_pos 269928
alloc_pos 270068
alloc_pos 270252
alloc_pos 270488
alloc_pos 270604
alloc_pos 270668
alloc_pos 270784
alloc_pos 270896
alloc_pos 270972
alloc_pos 271164
alloc_pos 271256
alloc_pos 271456
alloc_pos 271716
alloc_pos 271912
alloc_pos 272100
alloc_pos 272140
alloc_pos 272316
alloc_pos 272500
alloc_pos 272564
alloc_pos 272724
alloc_pos 272932
alloc_pos 273016
alloc_pos 273080
alloc_pos 273220
alloc_pos 273340
alloc_pos 273432
alloc_pos 273692
alloc_pos 273876
alloc_pos 274076
alloc_pos 274240
alloc_pos 274320
alloc_pos 274516
alloc_pos 274620
alloc_pos 274856
alloc_pos 275076
alloc_pos 275296
alloc_pos 275332
alloc_pos 275412
alloc_pos 275644
alloc_pos 275676
alloc_pos 275904
alloc_pos 276008
alloc_pos 276132
alloc_pos 276224
alloc_pos 276264
alloc_pos 276340
alloc_pos 276596
alloc_pos 276860
alloc_pos 277028
alloc_pos 277276
alloc_pos 277480
alloc_pos 277584
alloc_pos 277660
alloc_pos 277848
alloc_pos 277996
alloc_pos 278120
alloc_pos 278368
alloc_pos 278624
alloc_pos 278812
alloc_pos 278952
alloc_pos 279012
alloc_pos 279100
alloc_pos 279156
alloc_pos 279240
alloc_pos 279452
alloc_pos 279616
alloc_pos 279776
alloc_pos 279864
alloc_pos 280076
alloc_pos 280248
alloc_pos 280380
alloc_pos 280632
alloc_pos 280804
alloc_pos 280928
alloc_pos 281044
alloc_pos 281124
alloc_pos 281180
alloc_pos 281332
alloc_pos 281480
alloc_pos 281524
alloc_pos 281740
alloc_pos 281776
alloc_pos 282020
alloc_pos 282072
alloc_pos 282132
alloc_pos 282316
alloc_pos 282380
alloc_pos 282604
alloc_pos 282800
alloc_pos 282932
alloc_pos 283108
alloc_pos 283148
alloc_pos 283268
alloc_pos 283388
alloc_pos 283564
alloc_pos 283704
alloc_pos 283860
alloc_pos 283948
alloc_pos 284112
alloc_pos 284356
alloc_pos 284620
alloc_pos 284644
alloc_pos 284840
alloc_pos 285048
alloc_pos 285100
alloc_pos 285296
alloc_pos 285544
alloc_pos 285704
alloc_pos 285920
alloc_pos 286012
alloc_pos 286232
alloc_pos 286420
alloc_pos 286528
alloc_pos 286580
alloc_pos 286676
alloc_pos 286808
alloc_pos 286872
alloc_pos 287012
alloc_pos 287036
alloc_pos 287244
alloc_pos 287492
alloc_pos 287700
alloc_pos 287788
alloc_pos 287940
alloc_pos 288156
alloc_pos 288224
alloc_pos 288376
alloc_pos 288632
alloc_pos 288680
alloc_pos 288924
alloc_pos 289108
alloc_pos 289208
alloc_pos 289444
alloc_pos 289628
alloc_pos 289780
alloc_pos 289956
alloc_pos 290028
alloc_pos 290088
alloc_pos 290204
alloc_pos 290420
alloc_pos 290484
alloc_pos 290644
alloc_pos 290864
alloc_pos 291124
alloc_pos 291280
alloc_pos 291536
alloc_pos 291560
alloc_pos 291736
alloc_pos 291840
alloc_pos 291988
alloc_pos 292016
alloc_pos 292068
alloc_pos 292328
alloc_pos 292444
alloc_pos 292692
alloc_pos 292928
alloc_pos 293156
alloc_pos 293256
alloc_pos 293340
alloc_pos 293376
alloc_pos 293460
alloc_pos 293708
alloc_pos 293876
alloc_pos 294140
alloc_pos 294184
alloc_pos 294368
alloc_pos 294420
alloc_pos 294448
alloc_pos 294660
alloc_pos 294752
alloc_pos 294836
alloc_pos 294916
alloc_pos 294972
alloc_pos 295184
alloc_pos 295232
alloc_pos 295428
alloc_pos 295640
alloc_pos 295892
alloc_pos 296052
alloc_pos 296096
alloc_pos 296268
alloc_pos 296400
alloc_pos 296432
alloc_pos 296460
alloc_pos 296504
alloc_pos 296580
alloc_pos 296660
alloc_pos 296812
alloc_pos 296988
alloc_pos 297016
alloc_pos 297180
alloc_pos 297252
alloc_pos 297456
alloc_pos 297644
alloc_pos 297844
alloc_pos 298004
alloc_pos 298132
alloc_pos 298212
alloc_pos 298348
alloc_pos 298520
alloc_pos 298612
alloc_pos 298840
alloc_pos 299084
alloc_pos 299108
alloc_pos 299324
alloc_pos 299552
alloc_pos 299616
alloc_pos 299816
alloc_pos 299948
alloc_pos 300056
alloc_pos 300148
alloc_pos 300208
alloc_pos 300284
alloc_pos 300500
alloc_pos 300608
alloc_pos 300656
alloc_pos 300700
alloc_pos 300820
alloc_pos 300868
alloc_pos 300980
alloc_pos 301220
alloc_pos 301332
alloc_pos 301508
alloc_pos 301596
alloc_pos 301824
alloc_pos 301856
alloc_pos 302064
alloc_pos 302204
alloc_pos 302364
alloc_pos 302416
alloc_pos 302676
alloc_pos 302796
alloc_pos 302840
alloc_pos 303004
alloc_pos 303100
alloc_pos 303336
alloc_pos 303520
alloc_pos 303700
alloc_pos 303948
alloc_pos 304192
alloc_pos 304308
alloc_pos 304476
alloc_pos 304548
alloc_pos 304752
alloc_pos 304792
alloc_pos 304824
alloc_pos 305016
alloc_pos 305096
alloc_pos 305316
alloc_pos 305412
alloc_pos 305456
alloc_pos 305696
alloc_pos 305776
alloc_pos 306020
alloc_pos 306068
alloc_pos 306188
alloc_pos 306280
alloc_pos 306420
alloc_pos 306604
alloc_pos 306840
alloc_pos 306956
alloc_pos 307020
alloc_pos 307136
alloc_pos 307248
alloc_pos 307324
alloc_pos 307516
alloc_pos 307608
alloc_pos 307808
alloc_pos 308068
alloc_pos 308264
alloc_pos 308452
alloc_pos 308492
alloc_pos 308668
alloc_pos 308852
alloc_pos 308916
alloc_pos 309076
alloc_pos 309284
alloc_pos 309368
alloc_pos 309432
alloc_pos 309572
alloc_pos 309692
alloc_pos 309784
alloc_pos 310044
alloc_pos 310228
alloc_pos 310428
alloc_pos 310592
alloc_pos 310672
alloc_pos 310868
alloc_pos 310972
alloc_pos 311208
alloc_pos 311428
alloc_pos 311648
alloc_pos 311684
alloc_pos 311764
alloc_pos 311996
alloc_pos 312028
alloc_pos 312256
alloc_pos 312360
alloc_pos 312484
alloc_pos 312576
alloc_pos 312616
alloc_pos 312692
alloc_pos 312948
alloc_pos 313212
alloc_pos 313380
alloc_pos 313628
alloc_pos 313832
alloc_pos 313936
alloc_pos 314012
alloc_pos 314200
alloc_pos 314348
alloc_pos 314472
alloc_pos 314720
alloc_pos 314976
alloc_pos 315164
alloc_pos 315304
alloc_pos 315364
alloc_pos 315452
alloc_pos 315508
alloc_pos 315592
alloc_pos 315804
alloc_pos 315968
alloc_pos 316128
alloc_pos 316216
alloc_pos 316428
alloc_pos 316600
alloc_pos 316732
alloc_pos 316984
alloc_pos 317156
alloc_pos 317280
alloc_pos 317396
alloc_pos 317476
alloc_pos 317532
alloc_pos 317684
alloc_pos 317832
alloc_pos 317876
alloc_pos 318092
alloc_pos 318128
alloc_pos 318372
alloc_pos 318424
alloc_pos 318484
alloc_pos 318668
alloc_pos 318732
alloc_pos 318956
alloc_pos 319152
alloc_pos 319284
alloc_pos 319460
alloc_pos 319500
alloc_pos 319620
alloc_pos 319740
alloc_pos 319916
alloc_pos 320056
alloc_pos 320212
alloc_pos 320300
alloc_pos 320464
alloc_pos 320708
alloc_pos 320972
alloc_pos 320996
alloc_pos 321192
alloc_pos 321400
alloc_pos 321452
alloc_pos 321648
alloc_pos 321896
alloc_pos 322056
alloc_pos 322272
alloc_pos 322364
alloc_pos 322584
alloc_pos 322772
alloc_pos 322880
alloc_pos 322932
alloc_pos 323028
alloc_pos 323160
alloc_pos 323224
alloc_pos 323364
alloc_pos 323388
alloc_pos 323596
alloc_pos 323844
alloc_pos 324052
alloc_pos 324140
alloc_pos 324292
alloc_pos 324508
alloc_pos 324576
alloc_pos 324728
alloc_pos 324984
alloc_pos 325032
alloc_pos 325276
alloc_pos 325460
alloc_pos 325560
alloc_pos 325796
alloc_pos 325980
alloc_pos 326132
alloc_pos 326308
alloc_pos 326380
alloc_pos 326440
alloc_pos 326556
alloc_pos 326772
alloc_pos 326836
alloc_pos 326996
alloc_pos 327216
alloc_pos 327476
alloc_pos 327632
alloc_pos 327888
alloc_pos 327912
alloc_pos 328088
alloc_pos 328192
alloc_pos 328340
alloc_pos 328368
alloc_pos 328420
alloc_pos 328680
alloc_pos 328796
alloc_pos 329044
alloc_pos 329280
alloc_pos 329508
alloc_pos 329608
alloc_pos 329692
alloc_pos 329728
alloc_pos 329812
alloc_pos 330060
alloc_pos 330228
alloc_pos 330492
alloc_pos 330536
alloc_pos 330720
alloc_pos 330772
alloc_pos 330800
alloc_pos 331012
alloc_pos 331104
alloc_pos 331188
alloc_pos 331268
alloc_pos 331324
alloc_pos 331536
alloc_pos 331584
alloc_pos 331780
alloc_pos 331992
alloc_pos 332244
alloc_pos 332404
alloc_pos 332448
alloc_pos 332620
alloc_pos 332752
alloc_pos 332784
alloc_pos 332812
alloc_pos 332856
alloc_pos 332932
alloc_pos 333012
alloc_pos 333164
alloc_pos 333340
alloc_pos 333368
alloc_pos 333532
alloc_pos 333604
alloc_pos 333808
alloc_pos 333996
alloc_pos 334196
alloc_pos 334356
alloc_pos 334484
alloc_pos 334564
alloc_pos 334700
alloc_pos 334872
alloc_pos 334964
alloc_pos 335192
alloc_pos 335436
alloc_pos 335460
alloc_pos 335676
alloc_pos 335904
alloc_pos 335968
alloc_pos 336168
alloc_pos 336300
alloc_pos 336408
alloc_pos 336500
alloc_pos 336560
alloc_pos 336636
alloc_pos 336852
alloc_pos 336960
alloc_pos 337008
alloc_pos 337052
alloc_pos 337172
alloc_pos 337220
alloc_pos 337332
alloc_pos 337572
alloc_pos 337684
alloc_pos 337860
alloc_pos 337948
alloc_pos 338176
alloc_pos 338208
alloc_pos 338416
alloc_pos 338556
alloc_pos 338716
alloc_pos 338768
alloc_pos 339028
alloc_pos 339148
alloc_pos 339192
alloc_pos 339356
alloc_pos 339452
alloc_pos 339688
alloc_pos 339872
alloc_pos 340052
alloc_pos 340300
alloc_pos 340544
alloc_pos 340660
alloc_pos 340828
alloc_pos 340900
alloc_pos 341104
alloc_pos 341144
alloc_pos 341176
alloc_pos 341368
alloc_pos 341448
alloc_pos 341668
alloc_pos 341764
alloc_pos 341808
alloc_pos 342048
alloc_pos 342128
alloc_pos 342372
alloc_pos 342420
alloc_pos 342540
alloc_pos 342632
alloc_pos 342772
alloc_pos 342956
alloc_pos 343192
alloc_pos 343308
alloc_pos 343372
alloc_pos 343488
alloc_pos 343600
alloc_pos 343676
alloc_pos 343868
alloc_pos 343960
alloc_pos 344160
alloc_pos 344420
alloc_pos 344616
alloc_pos 344804
alloc_pos 344844
alloc_pos 345020
alloc_pos 345204
alloc_pos 345268
alloc_pos 345428
alloc_pos 345636
alloc_pos 345720
alloc_pos 345784
alloc_pos 345924
alloc_pos 346044
alloc_pos 346136
alloc_pos 346396
alloc_pos 346580
alloc_pos 346780
alloc_pos 346944
alloc_pos 347024
alloc_pos 347220
alloc_pos 347324
alloc_pos 347560
alloc_pos 347780
alloc_pos 348000
alloc_pos 348036
alloc_pos 348116
alloc_pos 348348
alloc_pos 348380
alloc_pos 348608
alloc_pos 348712
alloc_pos 348836
alloc_pos 348928
alloc_pos 348968
alloc_pos 349044
alloc_pos 349300
alloc_pos 349564
alloc_pos 349732
alloc_pos 349980
alloc_pos 350184
alloc_pos 350288
alloc_pos 350364
alloc_pos 350552
alloc_pos 350700
alloc_pos 350824
alloc_pos 351072
alloc_pos 351328
alloc_pos 351516
alloc_pos 351656
alloc_pos 351716
alloc_pos 351804
alloc_pos 351860
alloc_pos 351944
alloc_pos 352156
alloc_pos 352320
alloc_pos 352480
alloc_pos 352568
alloc_pos 352780
alloc_pos 352952
alloc_pos 353084
alloc_pos 353336
alloc_pos 353508
alloc_pos 353632
alloc_pos 353748
alloc_pos 353828
alloc_pos 353884
alloc_pos 354036
alloc_pos 354184
alloc_pos 354228
alloc_pos 354444
alloc_pos 354480
alloc_pos 354724
alloc_pos 354776
alloc_pos 354836
alloc_pos 355020
alloc_pos 355084
alloc_pos 355308
alloc_pos 355504
alloc_pos 355636
alloc_pos 355812
alloc_pos 355852
alloc_pos 355972
alloc_pos 356092
alloc_pos 356268
alloc_pos 356408
alloc_pos 356564
alloc_pos 356652
alloc_pos 356816
alloc_pos 357060
alloc_pos 357324
alloc_pos 357348
alloc_pos 357544
alloc_pos 357752
alloc_pos 357804
alloc_pos 358000
alloc_pos 358248
alloc_pos 358408
alloc_pos 358624
alloc_pos 358716
alloc_pos 358936
alloc_pos 359124
alloc_pos 359232
alloc_pos 359284
alloc_pos 359380
alloc_pos 359512
alloc_pos 359576
alloc_pos 359716
alloc_pos 359740
alloc_pos 359948
alloc_pos 360196
alloc_pos 360404
alloc_pos 360492
alloc_pos 360644
alloc_pos 360860
alloc_pos 360928
alloc_pos 361080
alloc_pos 361336
alloc_pos 361384
alloc_pos 361628
alloc_pos 361812
alloc_pos 361912
alloc_pos 362148
alloc_pos 362332
alloc_pos 362484
alloc_pos 362660
alloc_pos 362732
alloc_pos 362792
alloc_pos 362908
alloc_pos 363124
alloc_pos 363188
alloc_pos 363348
alloc_pos 363568
alloc_pos 363828
alloc_pos 363984
alloc_pos 364240
alloc_pos 364264
alloc_pos 364440
alloc_pos 364544
alloc_pos 364692
alloc_pos 364720
alloc_pos 364772
alloc_pos 365032
alloc_pos 365148
alloc_pos 365396
alloc_pos 365632
alloc_pos 365860
alloc_pos 365960
alloc_pos 366044
alloc_pos 366080
alloc_pos 366164
alloc_pos 366412
alloc_pos 366580
alloc_pos 366844
alloc_pos 366888
alloc_pos 367072
alloc_pos 367124
alloc_pos 367152
alloc_pos 367364
alloc_pos 367456
alloc_pos 367540
alloc_pos 367620
alloc_pos 367676
alloc_pos 367888
alloc_pos 367936
alloc_pos 368132
alloc_pos 368344
alloc_pos 368596
alloc_pos 368756
alloc_pos 368800
alloc_pos 368972
alloc_pos 369104
alloc_pos 369136
alloc_pos 369164
alloc_pos 369208
alloc_pos 369284
alloc_pos 369364
alloc_pos 369516
alloc_pos 369692
alloc_pos 369720
alloc_pos 369884
alloc_pos 369956
alloc_pos 370160
alloc_pos 370348
alloc_pos 370548
alloc_pos 370708
alloc_pos 370836
alloc_pos 370916
alloc_pos 371052
alloc_pos 371224
alloc_pos 371316
alloc_pos 371544
alloc_pos 371788
alloc_pos 371812
alloc_pos 372028
alloc_pos 372256
alloc_pos 372320
alloc_pos 372520
alloc_pos 372652
alloc_pos 372760
alloc_pos 372852
alloc_pos 372912
alloc_pos 372988
alloc_pos 373204
alloc_pos 373312
alloc_pos 373360
alloc_pos 373404
alloc_pos 373524
alloc_pos 373572
alloc_pos 373684
alloc_pos 373924
alloc_pos 374036
alloc_pos 374212
alloc_pos 374300
alloc_pos 374528
alloc_pos 374560
alloc_pos 374768
alloc_pos 374908
alloc_pos 375068
alloc_pos 375120
alloc_pos 375380
alloc_pos 375500
alloc_pos 375544
alloc_pos 375708
alloc_pos 375804
alloc_pos 376040
alloc_pos 376224
alloc_pos 376404
alloc_pos 376652
alloc_pos 376896
alloc_pos 377012
alloc_pos 377180
alloc_pos 377252
alloc_pos 377456
alloc_pos 377496
alloc_pos 377528
alloc_pos 377720
alloc_pos 377800
alloc_pos 378020
alloc_pos 378116
alloc_pos 378160
alloc_pos 378400
alloc_pos 378480
alloc_pos 378724
alloc_pos 378772
alloc_pos 378892
alloc_pos 378984
alloc_pos 379124
alloc_pos 379308
alloc_pos 379544
alloc_pos 379660
alloc_pos 379724
alloc_pos 379840
alloc_pos 379952
alloc_pos 380028
alloc_pos 380220
alloc_pos 380312
alloc_pos 380512
alloc_pos 380772
alloc_pos 380968
alloc_pos 381156
alloc_pos 381196
alloc_pos 381372
alloc_pos 381556
alloc_pos 381620
alloc_pos 381780
alloc_pos 381988
alloc_pos 382072
alloc_pos 382136
alloc_pos 382276
alloc_pos 382396
alloc_pos 382488
alloc_pos 382748
alloc_pos 382932
alloc_pos 383132
alloc_pos 383296
alloc_pos 383376
alloc_pos 383572
alloc_pos 383676
alloc_pos 383912
alloc_pos 384132
alloc_pos 384352
alloc_pos 384388
alloc_pos 384468
alloc_pos 384700
alloc_pos 384732
alloc_pos 384960
alloc_pos 385064
alloc_pos 385188
alloc_pos 385280
alloc_pos 385320
alloc_pos 385396
alloc_pos 385652
alloc_pos 385916
alloc_pos 386084
alloc_pos 386332
alloc_pos 386536
alloc_pos 386640
alloc_pos 386716
alloc_pos 386904
alloc_pos 387052
alloc_pos 387176
alloc_pos 387424
alloc_pos 387680
alloc_pos 387868
alloc_pos 388008
alloc_pos 388068
alloc_pos 388156
alloc_pos 388212
alloc_pos 388296
alloc_pos 388508
alloc_pos 388672
alloc_pos 388832
alloc_pos 388920
alloc_pos 389132
alloc_pos 389304
alloc_pos 389436
alloc_pos 389688
alloc_pos 389860
alloc_pos 389984
alloc_pos 390100
alloc_pos 390180
alloc_pos 390236
alloc_pos 390388
alloc_pos 390536
alloc_pos 390580
alloc_pos 390796
alloc_pos 390832
alloc_pos 391076
alloc_pos 391128
alloc_pos 391188
alloc_pos 391372
alloc_pos 391436
alloc_pos 391660
alloc_pos 391856
alloc_pos 391988
alloc_pos 392164
alloc_pos 392204
alloc_pos 392324
alloc_pos 392444
alloc_pos 392620
alloc_pos 392760
alloc_pos 392916
alloc_pos 393004
alloc_pos 393168
alloc_pos 393412
alloc_pos 393676
alloc_pos 393700
alloc_pos 393896
alloc_pos 394104
alloc_pos 394156
alloc_pos 394352
alloc_pos 394600
alloc_pos 394760
alloc_pos 394976
alloc_pos 395068
alloc_pos 395288
alloc_pos 395476
alloc_pos 395584
alloc_pos 395636
alloc_pos 395732
alloc_pos 395864
alloc_pos 395928
alloc_pos 396068
alloc_pos 396092
alloc_pos 396300
alloc_pos 396548
alloc_pos 396756
alloc_pos 396844
alloc_pos 396996
alloc_pos 397212
alloc_pos 397280
alloc_pos 397432
alloc_pos 397688
alloc_pos 397736
alloc_pos 397980
alloc_pos 398164
alloc_pos 398264
alloc_pos 398500
alloc_pos 398684
alloc_pos 398836
alloc_pos 399012
alloc_pos 399084
alloc_pos 399144
alloc_pos 399260
alloc_pos 399476
alloc_pos 399540
alloc_pos 399700
alloc_pos 399920
alloc_pos 400180
alloc_pos 400336
alloc_pos 400592
alloc_pos 400616
alloc_pos 400792
alloc_pos 400896
alloc_pos 401044
alloc_pos 401072
alloc_pos 401124
alloc_pos 401384
alloc_pos 401500
alloc_pos 401748
alloc_pos 401984
alloc_pos 402212
alloc_pos 402312
alloc_pos 402396
alloc_pos 402432
alloc_pos 402516
alloc_pos 402764
alloc_pos 402932
alloc_pos 403196
alloc_pos 403240
alloc_pos 403424
alloc_pos 403476
alloc_pos 403504
alloc_pos 403716
alloc_pos 403808
alloc_pos 403892
alloc_pos 403972
alloc_pos 404028
alloc_pos 404240
alloc_pos 404288
alloc_pos 404484
alloc_pos 404696
alloc_pos 404948
alloc_pos 405108
alloc_pos 405152
alloc_pos 405324
alloc_pos 405456
alloc_pos 405488
alloc_pos 405516
alloc_pos 405560
alloc_pos 405636
alloc_pos 405716
alloc_pos 405868
alloc_pos 406044
alloc_pos 406072
alloc_pos 406236
alloc_pos 406308
alloc_pos 406512
alloc_pos 406700
alloc_pos 406900
alloc_pos 407060
alloc_pos 407188
alloc_pos 407268
alloc_pos 407404
alloc_pos 407576
alloc_pos 407668
alloc_pos 407896
alloc_pos 408140
alloc_pos 408164
alloc_pos 408380
alloc_pos 408608
alloc_pos 408672
alloc_pos 408872
alloc_pos 409004
alloc_pos 409112
alloc_pos 409204
alloc_pos 409264
alloc_pos 409340
alloc_pos 409556
alloc_pos 409664
alloc_pos 409712
alloc_pos 409756
alloc_pos 409876
alloc_pos 409924
alloc_pos 410036
alloc_pos 410276
alloc_pos 410388
alloc_pos 410564
alloc_pos 410652
alloc_pos 410880
alloc_pos 410912
alloc_pos 411120
alloc_pos 411260
alloc_pos 411420
alloc_pos 411472
alloc_pos 411732
alloc_pos 411852
alloc_pos 411896
alloc_pos 412060
alloc_pos 412156
alloc_pos 412392
alloc_pos 412576
alloc_pos 412756
alloc_pos 413004
alloc_pos 413248
alloc_pos 413364
alloc_pos 413532
alloc_pos 413604
alloc_pos 413808
alloc_pos 413848
alloc_pos 413880
alloc_pos 414072
alloc_pos 414152
alloc_pos 414372
alloc_pos 414468
alloc_pos 414512
alloc_pos 414752
alloc_pos 414832
alloc_pos 415076
alloc_pos 415124
alloc_pos 415244
alloc_pos 415336
alloc_pos 415476
alloc_pos 415660
alloc_pos 415896
alloc_pos 416012
alloc_pos 416076
alloc_pos 416192
alloc_pos 416304
alloc_pos 416380
alloc_pos 416572
alloc_pos 416664
alloc_pos 416864
alloc_pos 417124
alloc_pos 417320
alloc_pos 417508
alloc_pos 417548
alloc_pos 417724
alloc_pos 417908
alloc_pos 417972
alloc_pos 418132
alloc_pos 418340
alloc_pos 418424
alloc_pos 418488
alloc_pos 418628
alloc_pos 418748
alloc_pos 418840
alloc_pos 419100
alloc_pos 419284
alloc_pos 419484
alloc_pos 419648
alloc_pos 419728
alloc_pos 419924
alloc_pos 420028
alloc_pos 420264
alloc_pos 420484
alloc_pos 420704
alloc_pos 420740
alloc_pos 420820
alloc_pos 421052
alloc_pos 421084
alloc_pos 421312
alloc_pos 421416
alloc_pos 421540
alloc_pos 421632
alloc_pos 421672
alloc_pos 421748
alloc_pos 422004
alloc_pos 422268
alloc_pos 422436
alloc_pos 422684
alloc_pos 422888
alloc_pos 422992
alloc_pos 423068
alloc_pos 423256
alloc_pos 423404
alloc_pos 423528
alloc_pos 423776
alloc_pos 424032
alloc_pos 424220
alloc_pos 424360
alloc_pos 424420
alloc_pos 424508
alloc_pos 424564
alloc_pos 424648
alloc_pos 424860
alloc_pos 425024
alloc_pos 425184
alloc_pos 425272
alloc_pos 425484
alloc_pos 425656
alloc_pos 425788
alloc_pos 426040
alloc_pos 426212
alloc_pos 426336
alloc_pos 426452
alloc_pos 426532
alloc_pos 426588
alloc_pos 426740
alloc_pos 426888
alloc_pos 426932
alloc_pos 427148
alloc_pos 427184
alloc_pos 427428
alloc_pos 427480
alloc_pos 427540
alloc_pos 427724
alloc_pos 427788
alloc_pos 428012
alloc_pos 428208
alloc_pos 428340
alloc_pos 428516
alloc_pos 428556
alloc_pos 428676
alloc_pos 428796
alloc_pos 428972
alloc_pos 429112
alloc_pos 429268
alloc_pos 429356
alloc_pos 429520
alloc_pos 429764
alloc_pos 430028
alloc_pos 430052
alloc_pos 430248
alloc_pos 430456
alloc_pos 430508
alloc_pos 430704
alloc_pos 430952
alloc_pos 431112
alloc_pos 431328
alloc_pos 431420
alloc_pos 431640
alloc_pos 431828
alloc_pos 431936
alloc_pos 431988
alloc_pos 432084
alloc_pos 432216
alloc_pos 432280
alloc_pos 432420
alloc_pos 432444
alloc_pos 432652
alloc_pos 432900
alloc_pos 433108
alloc_pos 433196
alloc_pos 433348
alloc_pos 433564
alloc_pos 433632
alloc_pos 433784
alloc_pos 434040
alloc_pos 434088
alloc_pos 434332
alloc_pos 434516
alloc_pos 434616
alloc_pos 434852
alloc_pos 435036
alloc_pos 435188
alloc_pos 435364
alloc_pos 435436
alloc_pos 435496
alloc_pos 435612
alloc_pos 435828
alloc_pos 435892
alloc_pos 436052
alloc_pos 436272
alloc_pos 436532
alloc_pos 436688
alloc_pos 436944
alloc_pos 436968
alloc_pos 437144
alloc_pos 437248
alloc_pos 437396
alloc_pos 437424
alloc_pos 437476
alloc_pos 437736
alloc_pos 437852
alloc_pos 438100
alloc_pos 438336
alloc_pos 438564
alloc_pos 438664
alloc_pos 438748
alloc_pos 438784
alloc_pos 438868
alloc_pos 439116
alloc_pos 439284
alloc_pos 439548
alloc_pos 439592
alloc_pos 439776
alloc_pos 439828
alloc_pos 439856
alloc_pos 440068
alloc_pos 440160
alloc_pos 440244
alloc_pos 440324
alloc_pos 440380
alloc_pos 440592
alloc_pos 440640
alloc_pos 440836
alloc_pos 441048
alloc_pos 441300
alloc_pos 441460
alloc_pos 441504
alloc_pos 441676
alloc_pos 441808
alloc_pos 441840
alloc_pos 441868
alloc_pos 441912
alloc_pos 441988
alloc_pos 442068
alloc_pos 442220
alloc_pos 442396
alloc_pos 442424
alloc_pos 442588
alloc_pos 442660
alloc_pos 442864
alloc_pos 443052
alloc_pos 443252
alloc_pos 443412
alloc_pos 443540
alloc_pos 443620
alloc_pos 443756
alloc_pos 443928
alloc_pos 444020
alloc_pos 444248
alloc_pos 444492
alloc_pos 444516
alloc_pos 444732
alloc_pos 444960
alloc_pos 445024
alloc_pos 445224
alloc_pos 445356
alloc_pos 445464
alloc_pos 445556
alloc_pos 445616
alloc_pos 445692
alloc_pos 445908
alloc_pos 446016
alloc_pos 446064
alloc_pos 446108
alloc_pos 446228
alloc_pos 446276
alloc_pos 446388
alloc_pos 446628
alloc_pos 446740
alloc_pos 446916
alloc_pos 447004
alloc_pos 447232
alloc_pos 447264
alloc_pos 447472
alloc_pos 447612
alloc_pos 447772
alloc_pos 447824
alloc_pos 448084
alloc_pos 448204
alloc_pos 448248
alloc_pos 448412
alloc_pos 448508
alloc_pos 448744
alloc_pos 448928
alloc_pos 449108
alloc_pos 449356
alloc_pos 449600
alloc_pos 449716
alloc_pos 449884
alloc_pos 449956
alloc_pos 450160
alloc_pos 450200
alloc_pos 450232
alloc_pos 450424
alloc_pos 450504
alloc_pos 450724
alloc_pos 450820
alloc_pos 450864
alloc_pos 451104
alloc_pos 451184
alloc_pos 451428
alloc_pos 451476
alloc_pos 451596
alloc_pos 451688
alloc_pos 451828
alloc_pos 452012
alloc_pos 452248
alloc_pos 452364
alloc_pos 452428
alloc_pos 452544
alloc_pos 452656
alloc_pos 452732
alloc_pos 452924
alloc_pos 453016
alloc_pos 453216
alloc_pos 453476
alloc_pos 453672
alloc_pos 453860
alloc_pos 453900
alloc_pos 454076
alloc_pos 454260
alloc_pos 454324
alloc_pos 454484
alloc_pos 454692
alloc_pos 454776
alloc_pos 454840
alloc_pos 454980
alloc_pos 455100
alloc_pos 455192
alloc_pos 455452
alloc_pos 455636
alloc_pos 455836
alloc_pos 456000
alloc_pos 456080
alloc_pos 456276
alloc_pos 456380
alloc_pos 456616
alloc_pos 456836
alloc_pos 457056
alloc_pos 457092
alloc_pos 457172
alloc_pos 457404
alloc_pos 457436
alloc_pos 457664
alloc_pos 457768
alloc_pos 457892
alloc_pos 457984
alloc_pos 458024
alloc_pos 458100
alloc_pos 458356
alloc_pos 458620
alloc_pos 458788
alloc_pos 459036
alloc_pos 459240
alloc_pos 459344
alloc_pos 459420
alloc_pos 459608
alloc_pos 459756
alloc_pos 459880
alloc_pos 460128
alloc_pos 460384
alloc_pos 460572
alloc_pos 460712
alloc_pos 460772
alloc_pos 460860
alloc_pos 460916
alloc_pos 461000
alloc_pos 461212
alloc_pos 461376
alloc_pos 461536
alloc_pos 461624
alloc_pos 461836
alloc_pos 462008
alloc_pos 462140
alloc_pos 462392
alloc_pos 462564
alloc_pos 462688
alloc_pos 462804
alloc_pos 462884
alloc_pos 462940
alloc_pos 463092
alloc_pos 463240
alloc_pos 463284
alloc_pos 463500
alloc_pos 463536
alloc_pos 463780
alloc_pos 463832
alloc_pos 463892
alloc_pos 464076
alloc_pos 464140
alloc_pos 464364
alloc_pos 464560
alloc_pos 464692
alloc_pos 464868
alloc_pos 464908
alloc_pos 465028
alloc_pos 465148
alloc_pos 465324
alloc_pos 465464
alloc_pos 465620
alloc_pos 465708
alloc_pos 465872
alloc_pos 466116
alloc_pos 466380
alloc_pos 466404
alloc_pos 466600
alloc_pos 466808
alloc_pos 466860
alloc_pos 467056
alloc_pos 467304
alloc_pos 467464
alloc_pos 467680
alloc_pos 467772
alloc_pos 467992
alloc_pos 468180
alloc_pos 468288
alloc_pos 468340
alloc_pos 468436
alloc_pos 468568
alloc_pos 468632
alloc_pos 468772
alloc_pos 468796
alloc_pos 469004
alloc_pos 469252
alloc_pos 469460
alloc_pos 469548
alloc_pos 469700
alloc_pos 469916
alloc_pos 469984
alloc_pos 470136
alloc_pos 470392
alloc_pos 470440
alloc_pos 470684
alloc_pos 470868
alloc_pos 470968
alloc_pos 471204
alloc_pos 471388
alloc_pos 471540
alloc_pos 471716
alloc_pos 471788
alloc_pos 471848
alloc_pos 471964
alloc_pos 472180
alloc_pos 472244
alloc_pos 472404
alloc_pos 472624
alloc_pos 472884
alloc_pos 473040
alloc_pos 473296
alloc_pos 473320
alloc_pos 473496
alloc_pos 473600
alloc_pos 473748
alloc_pos 473776
alloc_pos 473828
alloc_pos 474088
alloc_pos 474204
alloc_pos 474452
alloc_pos 474688
alloc_pos 474916
alloc_pos 475016
alloc_pos 475100
alloc_pos 475136
alloc_pos 475220
alloc_pos 475468
alloc_pos 475636
alloc_pos 475900
alloc_pos 475944
alloc_pos 476128
alloc_pos 476180
alloc_pos 476208
alloc_pos 476420
alloc_pos 476512
alloc_pos 476596
alloc_pos 476676
alloc_pos 476732
alloc_pos 476944
alloc_pos 476992
alloc_pos 477188
alloc_pos 477400
alloc_pos 477652
alloc_pos 477812
alloc_pos 477856
alloc_pos 478028
alloc_pos 478160
alloc_pos 478192
alloc_pos 478220
alloc_pos 478264
alloc_pos 478340
alloc_pos 478420
alloc_pos 478572
alloc_pos 478748
alloc_pos 478776
alloc_pos 478940
alloc_pos 479012
alloc_pos 479216
alloc_pos 479404
alloc_pos 479604
alloc_pos 479764
alloc_pos 479892
alloc_pos 479972
alloc_pos 480108
alloc_pos 480280
alloc_pos 480372
alloc_pos 480600
alloc_pos 480844
alloc_pos 480868
alloc_pos 481084
alloc_pos 481312
alloc_pos 481376
alloc_pos 481576
alloc_pos 481708
alloc_pos 481816
alloc_pos 481908
alloc_pos 481968
alloc_pos 482044
alloc_pos 482260
alloc_pos 482368
alloc_pos 482416
alloc_pos 482460
alloc_pos 482580
alloc_pos 482628
alloc_pos 482740
alloc_pos 482980
alloc_pos 483092
alloc_pos 483268
alloc_pos 483356
alloc_pos 483584
alloc_pos 483616
alloc_pos 483824
alloc_pos 483964
alloc_pos 484124
alloc_pos 484176
alloc_pos 484436
alloc_pos 484556
alloc_pos 484600
alloc_pos 484764
alloc_pos 484860
alloc_pos 485096
alloc_pos 485280
alloc_pos 485460
alloc_pos 485708
alloc_pos 485952
alloc_pos 486068
alloc_pos 486236
alloc_pos 486308
alloc_pos 486512
alloc_pos 486552
alloc_pos 486584
alloc_pos 486776
alloc_pos 486856
alloc_pos 487076
alloc_pos 487172
alloc_pos 487216
alloc_pos 487456
alloc_pos 487536
alloc_pos 487780
alloc_pos 487828
alloc_pos 487948
alloc_pos 488040
alloc_pos 488180
alloc_pos 488364
alloc_pos 488600
alloc_pos 488716
alloc_pos 488780
alloc_pos 488896
alloc_pos 489008
alloc_pos 489084
alloc_pos 489276
alloc_pos 489368
alloc_pos 489568
alloc_pos 489828
alloc_pos 490024
alloc_pos 490212
alloc_pos 490252
alloc_pos 490428
alloc_pos 490612
alloc_pos 490676
alloc_pos 490836
alloc_pos 491044
alloc_pos 491128
alloc_pos 491192
alloc_pos 491332
alloc_pos 491452
alloc_pos 491544
alloc_pos 491804
alloc_pos 491988
alloc_pos 492188
alloc_pos 492352
alloc_pos 492432
alloc_pos 492628
alloc_pos 492732
alloc_pos 492968
alloc_pos 493188
alloc_pos 493408
alloc_pos 493444
alloc_pos 493524
alloc_pos 493756
alloc_pos 493788
alloc_pos 494016
alloc_pos 494120
alloc_pos 494244
alloc_pos 494336
alloc_pos 494376
alloc_pos 494452
alloc_pos 494708
alloc_pos 494972
alloc_pos 495140
alloc_pos 495388
alloc_pos 495592
alloc_pos 495696
alloc_pos 495772
alloc_pos 495960
alloc_pos 496108
alloc_pos 496232
alloc_pos 496480
alloc_pos 496736
alloc_pos 496924
alloc_pos 497064
alloc_pos 497124
alloc_pos 497212
alloc_pos 497268
alloc_pos 497352
alloc_pos 497564
alloc_pos 497728
alloc_pos 497888
alloc_pos 497976
alloc_pos 498188
alloc_pos 498360
alloc_pos 498492
alloc_pos 498744
alloc_pos 498916
alloc_pos 499040
alloc_pos 499156
alloc_pos 499236
alloc_pos 499292
alloc_pos 499444
alloc_pos 499592
alloc_pos 499636
alloc_pos 499852
alloc_pos 499888
alloc_pos 500132
alloc_pos 500184
alloc_pos 500244
alloc_pos 500428
alloc_pos 500492
alloc_pos 500716
alloc_pos 500912
alloc_pos 501044
alloc_pos 501220
alloc_pos 501260
alloc_pos 501380
alloc_pos 501500
alloc_pos 501676
alloc_pos 501816
alloc_pos 501972
alloc_pos 502060
alloc_pos 502224
alloc_pos 502468
alloc_pos 502732
alloc_pos 502756
alloc_pos 502952
alloc_pos 503160
alloc_pos 503212
alloc_pos 503408
alloc_pos 503656
alloc_pos 503816
alloc_pos 504032
alloc_pos 504124
alloc_pos 504344
alloc_pos 504532
alloc_pos 504640
alloc_pos 504692
alloc_pos 504788
alloc_pos 504920
alloc_pos 504984
alloc_pos 505124
alloc_pos 505148
alloc_pos 505356
alloc_pos 505604
alloc_pos 505812
alloc_pos 505900
alloc_pos 506052
alloc_pos 506268
alloc_pos 506336
alloc_pos 506488
alloc_pos 506744
alloc_pos 506792
alloc_pos 507036
alloc_pos 507220
alloc_pos 507320
alloc_pos 507556
alloc_pos 507740
alloc_pos 507892
alloc_pos 508068
alloc_pos 508140
alloc_pos 508200
alloc_pos 508316
alloc_pos 508532
alloc_pos 508596
alloc_pos 508756
alloc_pos 508976
alloc_pos 509236
alloc_pos 509392
alloc_pos 509648
alloc_pos 509672
alloc_pos 509848
alloc_pos 509952
alloc_pos 510100
alloc_pos 510128
alloc_pos 510180
alloc_pos 510440
alloc_pos 510556
alloc_pos 510804
alloc_pos 511040
alloc_pos 511268
alloc_pos 511368
alloc_pos 511452
alloc_pos 511488
alloc_pos 511572
alloc_pos 511820
alloc_pos 511988
alloc_pos 512252
alloc_pos 512296
alloc_pos 512480
alloc_pos 512532
alloc_pos 512560
alloc_pos 512772
alloc_pos 512864
alloc_pos 512948
alloc_pos 513028
alloc_pos 513084
alloc_pos 513296
alloc_pos 513344
alloc_pos 513540
alloc_pos 513752
alloc_pos 514004
alloc_pos 514164
alloc_pos 514208
alloc_pos 514380
alloc_pos 514512
alloc_pos 514544
alloc_pos 514572
alloc_pos 514616
alloc_pos 514692
alloc_pos 514772
alloc_pos 514924
alloc_pos 515100
alloc_pos 515128
alloc_pos 515292
alloc_pos 515364
alloc_pos 515568
alloc_pos 515756
alloc_pos 515956
alloc_pos 516116
alloc_pos 516244
alloc_pos 516324
alloc_pos 516460
alloc_pos 516632
alloc_pos 516724
alloc_pos 516952
alloc_pos 517196
alloc_pos 517220
alloc_pos 517436
alloc_pos 517664
alloc_pos 517728
alloc_pos 517928
alloc_pos 518060
alloc_pos 518168
alloc_pos 518260
alloc_pos 518320
alloc_pos 518396
alloc_pos 518612
alloc_pos 518720
alloc_pos 518768
alloc_pos 518812
alloc_pos 518932
alloc_pos 518980
alloc_pos 519092
alloc_pos 519332
alloc_pos 519444
alloc_pos 519620
alloc_pos 519708
alloc_pos 519936
alloc_pos 519968
alloc_pos 520176
alloc_pos 520316
alloc_pos 520476
alloc_pos 520528
alloc_pos 520788
alloc_pos 520908
alloc_pos 520952
alloc_pos 521116
alloc_pos 521212
alloc_pos 521448
alloc_pos 521632
alloc_pos 521812
alloc_pos 522060
alloc_pos 522304
alloc_pos 522420
alloc_pos 522588
alloc_pos 522660
alloc_pos 522864
alloc_pos 522904
alloc_pos 522936
alloc_pos 523128
alloc_pos 523208
alloc_pos 523428
alloc_pos 523524
alloc_pos 523568
alloc_pos 523808
alloc_pos 523888
alloc_pos 524132
alloc_pos -1

