reason: unexpected exit code -6
--- stdout ---
CHENEY GENERATOR!
--- stderr ---
alloc_pos 8
alloc_pos 1040
alloc_pos 2072
alloc_pos 3104
alloc_pos 4136
alloc_pos 5168
alloc_pos 5184
alloc_pos 5200
alloc_pos 5216
alloc_pos 5232
alloc_pos 5248
alloc_pos 5264
alloc_pos 5280
alloc_pos 5296
alloc_pos 5312
alloc_pos 5328
alloc_pos 5344
alloc_pos 5360
alloc_pos 5376
alloc_pos 5392
alloc_pos 5408
alloc_pos 5424
alloc_pos 5440
alloc_pos 5456
alloc_pos 5472
alloc_pos 5488
alloc_pos 5504
alloc_pos 5520
alloc_pos 5536
alloc_pos 5552
alloc_pos 5568
alloc_pos 5584
alloc_pos 5600
alloc_pos 5616
alloc_pos 5632
alloc_pos 5648
alloc_pos 5664
alloc_pos 5680
alloc_pos 5696
alloc_pos 5712
alloc_pos 5728
alloc_pos 5744
alloc_pos 5760
alloc_pos 5776
alloc_pos 5792
alloc_pos 5808
alloc_pos 5824
alloc_pos 5840
alloc_pos 5856
alloc_pos 5872
alloc_pos 5888
alloc_pos 5904
alloc_pos 5920
alloc_pos 5936
alloc_pos 5952
alloc_pos 5968
alloc_pos 5984
alloc_pos 6000
alloc_pos 6016
alloc_pos 6032
alloc_pos 6048
alloc_pos 6064
alloc_pos 6080
alloc_pos 6096
alloc_pos 6112
alloc_pos 6128
alloc_pos 6144
alloc_pos 6160
alloc_pos 6176
alloc_pos 6192
alloc_pos 6208
alloc_pos 6224
alloc_pos 6240
alloc_pos 6256
alloc_pos 6272
alloc_pos 6288
alloc_pos 6304
alloc_pos 6320
alloc_pos 6336
alloc_pos 6352
alloc_pos 6368
alloc_pos 6384
alloc_pos 6400
alloc_pos 6416
alloc_pos 6432
alloc_pos 6448
alloc_pos 6464
alloc_pos 6480
alloc_pos 6496
alloc_pos 6512
alloc_pos 6528
alloc_pos 6544
alloc_pos 6560
alloc_pos 6576
alloc_pos 6592
alloc_pos 6608
alloc_pos 6624
alloc_pos 6640
alloc_pos 6656
alloc_pos 6672
alloc_pos 6688
alloc_pos 6704
alloc_pos 6720
alloc_pos 6736
alloc_pos 6752
alloc_pos 6768
alloc_pos 6784
alloc_pos 6800
alloc_pos 6816
alloc_pos 6832
alloc_pos 6848
alloc_pos 6864
alloc_pos 6880
alloc_pos 6896
alloc_pos 6912
alloc_pos 6928
alloc_pos 6944
alloc_pos 6960
alloc_pos 6976
alloc_pos 6992
alloc_pos 7008
alloc_pos 7024
alloc_pos 7040
alloc_pos 7056
alloc_pos 7072
alloc_pos 7088
alloc_pos 7104
alloc_pos 7120
alloc_pos 7136
alloc_pos 7152
alloc_pos 7168
alloc_pos 7184
alloc_pos 7200
alloc_pos 7216
alloc_pos 7232
alloc_pos 7248
alloc_pos 7264
alloc_pos 7280
alloc_pos 7296
alloc_pos 7312
alloc_pos 7328
alloc_pos 7344
alloc_pos 7360
alloc_pos 7376
alloc_pos 7392
alloc_pos 7408
alloc_pos 7424
alloc_pos 7440
alloc_pos 7456
alloc_pos 7472
alloc_pos 7488
alloc_pos 7504
alloc_pos 7520
alloc_pos 7536
alloc_pos 7552
alloc_pos 7568
alloc_pos 7584
alloc_pos 7600
alloc_pos 7616
alloc_pos 7632
alloc_pos 7648
alloc_pos 7664
alloc_pos 7680
alloc_pos 7696
alloc_pos 7712
alloc_pos 7728
alloc_pos 7744
alloc_pos 7760
alloc_pos 7776
alloc_pos 7792
alloc_pos 7808
alloc_pos 7824
alloc_pos 7840
alloc_pos 7856
alloc_pos 7872
alloc_pos 7888
alloc_pos 7904
alloc_pos 7920
alloc_pos 7936
alloc_pos 7952
alloc_pos 7968
alloc_pos 7984
alloc_pos 8000
alloc_pos 8016
alloc_pos 8032
alloc_pos 8048
alloc_pos 8064
alloc_pos 8080
alloc_pos 8096
alloc_pos 8112
alloc_pos 8128
alloc_pos 8144
alloc_pos 8160
alloc_pos 8176
alloc_pos 8192
alloc_pos 8208
alloc_pos 8224
alloc_pos 8240
alloc_pos 8256
alloc_pos 8272
alloc_pos 8288
alloc_pos 8304
alloc_pos 8320
alloc_pos 8336
alloc_pos 8352
alloc_pos 8368
alloc_pos 8384
alloc_pos 8400
alloc_pos 8416
alloc_pos 8432
alloc_pos 8448
alloc_pos 8464
alloc_pos 8480
alloc_pos 8496
alloc_pos 8512
alloc_pos 8528
alloc_pos 8544
alloc_pos 8560
alloc_pos 8576
alloc_pos 8592
alloc_pos 8608
alloc_pos 8624
alloc_pos 8640
alloc_pos 8656
alloc_pos 8672
alloc_pos 8688
alloc_pos 8704
alloc_pos 8720
alloc_pos 8736
alloc_pos 8752
alloc_pos 8768
alloc_pos 8784
alloc_pos 8800
alloc_pos 8816
alloc_pos 8832
alloc_pos 8848
alloc_pos 8864
alloc_pos 8880
alloc_pos 8896
alloc_pos 8912
alloc_pos 8928
alloc_pos 8944
alloc_pos 8960
alloc_pos 8976
alloc_pos 8992
alloc_pos 9008
alloc_pos 9024
alloc_pos 9040
alloc_pos 9056
alloc_pos 9072
alloc_pos 9088
alloc_pos 9104
alloc_pos 9120
alloc_pos 9136
alloc_pos 9152
alloc_pos 9168
alloc_pos 9184
alloc_pos 9200
alloc_pos 9216
alloc_pos 9232
alloc_pos 9248
alloc_pos 9264
alloc_pos 9380
alloc_pos 9592
alloc_pos 9812
alloc_pos 9932
alloc_pos 10020
alloc_pos 10092
alloc_pos 10184
alloc_pos 10396
alloc_pos 10420
alloc_pos 10604
alloc_pos 10868
alloc_pos 10896
alloc_pos 10944
alloc_pos 11064
alloc_pos 11320
alloc_pos 11388
alloc_pos 11488
alloc_pos 11720
alloc_pos 11896
alloc_pos 12036
alloc_pos 12108
alloc_pos 12172
alloc_pos 12300
alloc_pos 12432
alloc_pos 12680
alloc_pos 12724
alloc_pos 12800
alloc_pos 13004
alloc_pos 13088
alloc_pos 13308
alloc_pos 13400
alloc_pos 13484
alloc_pos 13552
alloc_pos 13636
alloc_pos 13808
alloc_pos 13912
alloc_pos 13952
alloc_pos 14040
alloc_pos 14088
alloc_pos 14120
alloc_pos 14264
alloc_pos 14520
alloc_pos 14768
alloc_pos 14820
alloc_pos 14856
alloc_pos 15088
alloc_pos 15260
alloc_pos 15396
alloc_pos 15616
alloc_pos 15808
alloc_pos 15832
alloc_pos 16036
alloc_pos 16144
alloc_pos 16220
alloc_pos 16308
alloc_pos 16496
alloc_pos 16520
alloc_pos 16752
alloc_pos 16856
alloc_pos 16984
alloc_pos 17208
alloc_pos 17356
alloc_pos 17520
alloc_pos 17580
alloc_pos 17740
alloc_pos 17856
alloc_pos 18068
alloc_pos 18288
alloc_pos 18408
alloc_pos 18496
alloc_pos 18568
alloc_pos 18660
alloc_pos 18872
alloc_pos 18896
alloc_pos 19080
alloc_pos 19344
alloc_pos 19372
alloc_pos 19420
alloc_pos 19540
alloc_pos 19796
alloc_pos 19864
alloc_pos 19964
alloc_pos 20196
alloc_pos 20372
alloc_pos 20512
alloc_pos 20584
alloc_pos 20648
alloc_pos 20776
alloc_pos 20908
alloc_pos 21156
alloc_pos 21200
alloc_pos 21276
alloc_pos 21480
alloc_pos 21564
alloc_pos 21784
alloc_pos 21876
alloc_pos 21960
alloc_pos 22028
alloc_pos 22112
alloc_pos 22284
alloc_pos 22388
alloc_pos 22428
alloc_pos 22516
alloc_pos 22564
alloc_pos 22596
alloc_pos 22740
alloc_pos 22996
alloc_pos 23244
alloc_pos 23296
alloc_pos 23332
alloc_pos 23564
alloc_pos 23736
alloc_pos 23872
alloc_pos 24092
alloc_pos 24284
alloc_pos 24308
alloc_pos 24512
alloc_pos 24620
alloc_pos 24696
alloc_pos 24784
alloc_pos 24972
alloc_pos 24996
alloc_pos 25228
alloc_pos 25332
alloc_pos 25460
alloc_pos 25684
alloc_pos 25832
alloc_pos 25996
alloc_pos 26056
alloc_pos 26216
alloc_pos 26332
alloc_pos 26544
alloc_pos 26764
alloc_pos 26884
alloc_pos 26972
alloc_pos 27044
alloc_pos 27136
alloc_pos 27348
alloc_pos 27372
alloc_pos 27556
alloc_pos 27820
alloc_pos 27848
alloc_pos 27896
alloc_pos 28016
alloc_pos 28272
alloc_pos 28340
alloc_pos 28440
alloc_pos 28672
alloc_pos 28848
alloc_pos 28988
alloc_pos 29060
alloc_pos 29124
alloc_pos 29252
alloc_pos 29384
alloc_pos 29632
alloc_pos 29676
alloc_pos 29752
alloc_pos 29956
alloc_pos 30040
alloc_pos 30260
alloc_pos 30352
alloc_pos 30436
alloc_pos 30504
alloc_pos 30588
alloc_pos 30760
alloc_pos 30864
alloc_pos 30904
alloc_pos 30992
alloc_pos 31040
alloc_pos 31072
alloc_pos 31216
alloc_pos 31472
alloc_pos 31720
alloc_pos 31772
alloc_pos 31808
alloc_pos 32040
alloc_pos 32212
alloc_pos 32348
alloc_pos 32568
alloc_pos 32760
alloc_pos 32784
alloc_pos 32988
alloc_pos 33096
alloc_pos 33172
alloc_pos 33260
alloc_pos 33448
alloc_pos 33472
alloc_pos 33704
alloc_pos 33808
alloc_pos 33936
alloc_pos 34160
alloc_pos 34308
alloc_pos 34472
alloc_pos 34532
alloc_pos 34692
alloc_pos 34808
alloc_pos 35020
alloc_pos 35240
alloc_pos 35360
alloc_pos 35448
alloc_pos 35520
alloc_pos 35612
alloc_pos 35824
alloc_pos 35848
alloc_pos 36032
alloc_pos 36296
alloc_pos 36324
alloc_pos 36372
alloc_pos 36492
alloc_pos 36748
alloc_pos 36816
alloc_pos 36916
alloc_pos 37148
alloc_pos 37324
alloc_pos 37464
alloc_pos 37536
alloc_pos 37600
alloc_pos 37728
alloc_pos 37860
alloc_pos 38108
alloc_pos 38152
alloc_pos 38228
alloc_pos 38432
alloc_pos 38516
alloc_pos 38736
alloc_pos 38828
alloc_pos 38912
alloc_pos 38980
alloc_pos 39064
alloc_pos 39236
alloc_pos 39340
alloc_pos 39380
alloc_pos 39468
alloc_pos 39516
alloc_pos 39548
alloc_pos 39692
alloc_pos 39948
alloc_pos 40196
alloc_pos 40248
alloc_pos 40284
alloc_pos 40516
alloc_pos 40688
alloc_pos 40824
alloc_pos 41044
alloc_pos 41236
alloc_pos 41260
alloc_pos 41464
alloc_pos 41572
alloc_pos 41648
alloc_pos 41736
alloc_pos 41924
alloc_pos 41948
alloc_pos 42180
alloc_pos 42284
alloc_pos 42412
alloc_pos 42636
alloc_pos 42784
alloc_pos 42948
alloc_pos 43008
alloc_pos 43168
alloc_pos 43284
alloc_pos 43496
alloc_pos 43716
alloc_pos 43836
alloc_pos 43924
alloc_pos 43996
alloc_pos 44088
alloc_pos 44300
alloc_pos 44324
alloc_pos 44508
alloc_pos 44772
alloc_pos 44800
alloc_pos 44848
alloc_pos 44968
alloc_pos 45224
alloc_pos 45292
alloc_pos 45392
alloc_pos 45624
alloc_pos 45800
alloc_pos 45940
alloc_pos 46012
alloc_pos 46076
alloc_pos 46204
alloc_pos 46336
alloc_pos 46584
alloc_pos 46628
alloc_pos 46704
alloc_pos 46908
alloc_pos 46992
alloc_pos 47212
alloc_pos 47304
alloc_pos 47388
alloc_pos 47456
alloc_pos 47540
alloc_pos 47712
alloc_pos 47816
alloc_pos 47856
alloc_pos 47944
alloc_pos 47992
alloc_pos 48024
alloc_pos 48168
alloc_pos 48424
alloc_pos 48672
alloc_pos 48724
alloc_pos 48760
alloc_pos 48992
alloc_pos 49164
alloc_pos 49300
alloc_pos 49520
alloc_pos 49712
alloc_pos 49736
alloc_pos 49940
alloc_pos 50048
alloc_pos 50124
alloc_pos 50212
alloc_pos 50400
alloc_pos 50424
alloc_pos 50656
alloc_pos 50760
alloc_pos 50888
alloc_pos 51112
alloc_pos 51260
alloc_pos 51424
alloc_pos 51484
alloc_pos 51644
alloc_pos 51760
alloc_pos 51972
alloc_pos 52192
alloc_pos 52312
alloc_pos 52400
alloc_pos 52472
alloc_pos 52564
alloc_pos 52776
alloc_pos 52800
alloc_pos 52984
alloc_pos 53248
alloc_pos 53276
alloc_pos 53324
alloc_pos 53444
alloc_pos 53700
alloc_pos 53768
alloc_pos 53868
alloc_pos 54100
alloc_pos 54276
alloc_pos 54416
alloc_pos 54488
alloc_pos 54552
alloc_pos 54680
alloc_pos 54812
alloc_pos 55060
alloc_pos 55104
alloc_pos 55180
alloc_pos 55384
alloc_pos 55468
alloc_pos 55688
alloc_pos 55780
alloc_pos 55864
alloc_pos 55932
alloc_pos 56016
alloc_pos 56188
alloc_pos 56292
alloc_pos 56332
alloc_pos 56420
alloc_pos 56468
alloc_pos 56500
alloc_pos 56644
alloc_pos 56900
alloc_pos 57148
alloc_pos 57200
alloc_pos 57236
alloc_pos 57468
alloc_pos 57640
alloc_pos 57776
alloc_pos 57996
alloc_pos 58188
alloc_pos 58212
alloc_pos 58416
alloc_pos 58524
alloc_pos 58600
alloc_pos 58688
alloc_pos 58876
alloc_pos 58900
alloc_pos 59132
alloc_pos 59236
alloc_pos 59364
alloc_pos 59588
alloc_pos 59736
alloc_pos 59900
alloc_pos 59960
alloc_pos 60120
alloc_pos 60236
alloc_pos 60448
alloc_pos 60668
alloc_pos 60788
alloc_pos 60876
alloc_pos 60948
alloc_pos 61040
alloc_pos 61252
alloc_pos 61276
alloc_pos 61460
alloc_pos 61724
alloc_pos 61752
alloc_pos 61800
alloc_pos 61920
alloc_pos 62176
alloc_pos 62244
alloc_pos 62344
alloc_pos 62576
alloc_pos 62752
alloc_pos 62892
alloc_pos 62964
alloc_pos 63028
alloc_pos 63156
alloc_pos 63288
alloc_pos 63536
alloc_pos 63580
alloc_pos 63656
alloc_pos 63860
alloc_pos 63944
alloc_pos 64164
alloc_pos 64256
alloc_pos 64340
alloc_pos 64408
alloc_pos 64492
alloc_pos 64664
alloc_pos 64768
alloc_pos 64808
alloc_pos 64896
alloc_pos 64944
alloc_pos 64976
alloc_pos 65120
alloc_pos 65376
alloc_pos 65624
alloc_pos 65676
alloc_pos 65712
alloc_pos 65944
alloc_pos 66116
alloc_pos 66252
alloc_pos 66472
alloc_pos 66664
alloc_pos 66688
alloc_pos 66892
alloc_pos 67000
alloc_pos 67076
alloc_pos 67164
alloc_pos 67352
alloc_pos 67376
alloc_pos 67608
alloc_pos 67712
alloc_pos 67840
alloc_pos 68064
alloc_pos 68212
alloc_pos 68376
alloc_pos 68436
alloc_pos 68596
alloc_pos 68712
alloc_pos 68924
alloc_pos 69144
alloc_pos 69264
alloc_pos 69352
alloc_pos 69424
alloc_pos 69516
alloc_pos 69728
alloc_pos 69752
alloc_pos 69936
alloc_pos 70200
alloc_pos 70228
alloc_pos 70276
alloc_pos 70396
alloc_pos 70652
alloc_pos 70720
alloc_pos 70820
alloc_pos 71052
alloc_pos 71228
alloc_pos 71368
alloc_pos 71440
alloc_pos 71504
alloc_pos 71632
alloc_pos 71764
alloc_pos 72012
alloc_pos 72056
alloc_pos 72132
alloc_pos 72336
alloc_pos 72420
alloc_pos 72640
alloc_pos 72732
alloc_pos 72816
alloc_pos 72884
alloc_pos 72968
alloc_pos 73140
alloc_pos 73244
alloc_pos 73284
alloc_pos 73372
alloc_pos 73420
alloc_pos 73452
alloc_pos 73596
alloc_pos 73852
alloc_pos 74100
alloc_pos 74152
alloc_pos 74188
alloc_pos 74420
alloc_pos 74592
alloc_pos 74728
alloc_pos 74948
alloc_pos 75140
alloc_pos 75164
alloc_pos 75368
alloc_pos 75476
alloc_pos 75552
alloc_pos 75640
alloc_pos 75828
alloc_pos 75852
alloc_pos 76084
alloc_pos 76188
alloc_pos 76316
alloc_pos 76540
alloc_pos 76688
alloc_pos 76852
alloc_pos 76912
alloc_pos 77072
alloc_pos 77188
alloc_pos 77400
alloc_pos 77620
alloc_pos 77740
alloc_pos 77828
alloc_pos 77900
alloc_pos 77992
alloc_pos 78204
alloc_pos 78228
alloc_pos 78412
alloc_pos 78676
alloc_pos 78704
alloc_pos 78752
alloc_pos 78872
alloc_pos 79128
alloc_pos 79196
alloc_pos 79296
alloc_pos 79528
alloc_pos 79704
alloc_pos 79844
alloc_pos 79916
alloc_pos 79980
alloc_pos 80108
alloc_pos 80240
alloc_pos 80488
alloc_pos 80532
alloc_pos 80608
alloc_pos 80812
alloc_pos 80896
alloc_pos 81116
alloc_pos 81208
alloc_pos 81292
alloc_pos 81360
alloc_pos 81444
alloc_pos 81616
alloc_pos 81720
alloc_pos 81760
alloc_pos 81848
alloc_pos 81896
alloc_pos 81928
alloc_pos 82072
alloc_pos 82328
alloc_pos 82576
alloc_pos 82628
alloc_pos 82664
alloc_pos 82896
alloc_pos 83068
alloc_pos 83204
alloc_pos 83424
alloc_pos 83616
alloc_pos 83640
alloc_pos 83844
alloc_pos 83952
alloc_pos 84028
alloc_pos 84116
alloc_pos 84304
alloc_pos 84328
alloc_pos 84560
alloc_pos 84664
alloc_pos 84792
alloc_pos 85016
alloc_pos 85164
alloc_pos 85328
alloc_pos 85388
alloc_pos 85548
alloc_pos 85664
alloc_pos 85876
alloc_pos 86096
alloc_pos 86216
alloc_pos 86304
alloc_pos 86376
alloc_pos 86468
alloc_pos 86680
alloc_pos 86704
alloc_pos 86888
alloc_pos 87152
alloc_pos 87180
alloc_pos 87228
alloc_pos 87348
alloc_pos 87604
alloc_pos 87672
alloc_pos 87772
alloc_pos 88004
alloc_pos 88180
alloc_pos 88320
alloc_pos 88392
alloc_pos 88456
alloc_pos 88584
alloc_pos 88716
alloc_pos 88964
alloc_pos 89008
alloc_pos 89084
alloc_pos 89288
alloc_pos 89372
alloc_pos 89592
alloc_pos 89684
alloc_pos 89768
alloc_pos 89836
alloc_pos 89920
alloc_pos 90092
alloc_pos 90196
alloc_pos 90236
alloc_pos 90324
alloc_pos 90372
alloc_pos 90404
alloc_pos 90548
alloc_pos 90804
alloc_pos 91052
alloc_pos 91104
alloc_pos 91140
alloc_pos 91372
alloc_pos 91544
alloc_pos 91680
alloc_pos 91900
alloc_pos 92092
alloc_pos 92116
alloc_pos 92320
alloc_pos 92428
alloc_pos 92504
alloc_pos 92592
alloc_pos 92780
alloc_pos 92804
alloc_pos 93036
alloc_pos 93140
alloc_pos 93268
alloc_pos 93492
alloc_pos 93640
alloc_pos 93804
alloc_pos 93864
alloc_pos 94024
alloc_pos 94140
alloc_pos 94352
alloc_pos 94572
alloc_pos 94692
alloc_pos 94780
alloc_pos 94852
alloc_pos 94944
alloc_pos 95156
alloc_pos 95180
alloc_pos 95364
alloc_pos 95628
alloc_pos 95656
alloc_pos 95704
alloc_pos 95824
alloc_pos 96080
alloc_pos 96148
alloc_pos 96248
alloc_pos 96480
alloc_pos 96656
alloc_pos 96796
alloc_pos 96868
alloc_pos 96932
alloc_pos 97060
alloc_pos 97192
alloc_pos 97440
alloc_pos 97484
alloc_pos 97560
alloc_pos 97764
alloc_pos 97848
alloc_pos 98068
alloc_pos 98160
alloc_pos 98244
alloc_pos 98312
alloc_pos 98396
alloc_pos 98568
alloc_pos 98672
alloc_pos 98712
alloc_pos 98800
alloc_pos 98848
alloc_pos 98880
alloc_pos 99024
alloc_pos 99280
alloc_pos 99528
alloc_pos 99580
alloc_pos 99616
alloc_pos 99848
alloc_pos 100020
alloc_pos 100156
alloc_pos 100376
alloc_pos 100568
alloc_pos 100592
alloc_pos 100796
alloc_pos 100904
alloc_pos 100980
alloc_pos 101068
alloc_pos 101256
alloc_pos 101280
alloc_pos 101512
alloc_pos 101616
alloc_pos 101744
alloc_pos 101968
alloc_pos 102116
alloc_pos 102280
alloc_pos 102340
alloc_pos 102500
alloc_pos 102616
alloc_pos 102828
alloc_pos 103048
alloc_pos 103168
alloc_pos 103256
alloc_pos 103328
alloc_pos 103420
alloc_pos 103632
alloc_pos 103656
alloc_pos 103840
alloc_pos 104104
alloc_pos 104132
alloc_pos 104180
alloc_pos 104300
alloc_pos 104556
alloc_pos 104624
alloc_pos 104724
alloc_pos 104956
alloc_pos 105132
alloc_pos 105272
alloc_pos 105344
alloc_pos 105408
alloc_pos 105536
alloc_pos 105668
alloc_pos 105916
alloc_pos 105960
alloc_pos 106036
alloc_pos 106240
alloc_pos 106324
alloc_pos 106544
alloc_pos 106636
alloc_pos 106720
alloc_pos 106788
alloc_pos 106872
alloc_pos 107044
alloc_pos 107148
alloc_pos 107188
alloc_pos 107276
alloc_pos 107324
alloc_pos 107356
alloc_pos 107500
alloc_pos 107756
alloc_pos 108004
alloc_pos 108056
alloc_pos 108092
alloc_pos 108324
alloc_pos 108496
alloc_pos 108632
alloc_pos 108852
alloc_pos 109044
alloc_pos 109068
alloc_pos 109272
alloc_pos 109380
alloc_pos 109456
alloc_pos 109544
alloc_pos 109732
alloc_pos 109756
alloc_pos 109988
alloc_pos 110092
alloc_pos 110220
alloc_pos 110444
alloc_pos 110592
alloc_pos 110756
alloc_pos 110816
alloc_pos 110976
alloc_pos 111092
alloc_pos 111304
alloc_pos 111524
alloc_pos 111644
alloc_pos 111732
alloc_pos 111804
alloc_pos 111896
alloc_pos 112108
alloc_pos 112132
alloc_pos 112316
alloc_pos 112580
alloc_pos 112608
alloc_pos 112656
alloc_pos 112776
alloc_pos 113032
alloc_pos 113100
alloc_pos 113200
alloc_pos 113432
alloc_pos 113608
alloc_pos 113748
alloc_pos 113820
alloc_pos 113884
alloc_pos 114012
alloc_pos 114144
alloc_pos 114392
alloc_pos 114436
alloc_pos 114512
alloc_pos 114716
alloc_pos 114800
alloc_pos 115020
alloc_pos 115112
alloc_pos 115196
alloc_pos 115264
alloc_pos 115348
alloc_pos 115520
alloc_pos 115624
alloc_pos 115664
alloc_pos 115752
alloc_pos 115800
alloc_pos 115832
alloc_pos 115976
alloc_pos 116232
alloc_pos 116480
alloc_pos 116532
alloc_pos 116568
alloc_pos 116800
alloc_pos 116972
alloc_pos 117108
alloc_pos 117328
alloc_pos 117520
alloc_pos 117544
alloc_pos 117748
alloc_pos 117856
alloc_pos 117932
alloc_pos 118020
alloc_pos 118208
alloc_pos 118232
alloc_pos 118464
alloc_pos 118568
alloc_pos 118696
alloc_pos 118920
alloc_pos 119068
alloc_pos 119232
alloc_pos 119292
alloc_pos 119452
alloc_pos 119568
alloc_pos 119780
alloc_pos 120000
alloc_pos 120120
alloc_pos 120208
alloc_pos 120280
alloc_pos 120372
alloc_pos 120584
alloc_pos 120608
alloc_pos 120792
alloc_pos 121056
alloc_pos 121084
alloc_pos 121132
alloc_pos 121252
alloc_pos 121508
alloc_pos 121576
alloc_pos 121676
alloc_pos 121908
alloc_pos 122084
alloc_pos 122224
alloc_pos 122296
alloc_pos 122360
alloc_pos 122488
alloc_pos 122620
alloc_pos 122868
alloc_pos 122912
alloc_pos 122988
alloc_pos 123192
alloc_pos 123276
alloc_pos 123496
alloc_pos 123588
alloc_pos 123672
alloc_pos 123740
alloc_pos 123824
alloc_pos 123996
alloc_pos 124100
alloc_pos 124140
alloc_pos 124228
alloc_pos 124276
alloc_pos 124308
alloc_pos 124452
alloc_pos 124708
alloc_pos 124956
alloc_pos 125008
alloc_pos 125044
alloc_pos 125276
alloc_pos 125448
alloc_pos 125584
alloc_pos 125804
alloc_pos 125996
alloc_pos 126020
alloc_pos 126224
alloc_pos 126332
alloc_pos 126408
alloc_pos 126496
alloc_pos 126684
alloc_pos 126708
alloc_pos 126940
alloc_pos 127044
alloc_pos 127172
alloc_pos 127396
alloc_pos 127544
alloc_pos 127708
alloc_pos 127768
alloc_pos 127928
alloc_pos 128044
alloc_pos 128256
alloc_pos 128476
alloc_pos 128596
alloc_pos 128684
alloc_pos 128756
alloc_pos 128848
alloc_pos 129060
alloc_pos 129084
alloc_pos 129268
alloc_pos 129532
alloc_pos 129560
alloc_pos 129608
alloc_pos 129728
alloc_pos 129984
alloc_pos 130052
alloc_pos 130152
alloc_pos 130384
alloc_pos 130560
alloc_pos 130700
alloc_pos 130772
alloc_pos 130836
alloc_pos 130964
alloc_pos 131096
alloc_pos 131344
alloc_pos 131388
alloc_pos 131464
alloc_pos 131668
alloc_pos 131752
alloc_pos 131972
alloc_pos 132064
alloc_pos 132148
alloc_pos 132216
alloc_pos 132300
alloc_pos 132472
alloc_pos 132576
alloc_pos 132616
alloc_pos 132704
alloc_pos 132752
alloc_pos 132784
alloc_pos 132928
alloc_pos 133184
alloc_pos 133432
alloc_pos 133484
alloc_pos 133520
alloc_pos 133752
alloc_pos 133924
alloc_pos 134060
alloc_pos 134280
alloc_pos 134472
alloc_pos 134496
alloc_pos 134700
alloc_pos 134808
alloc_pos 134884
alloc_pos 134972
alloc_pos 135160
alloc_pos 135184
alloc_pos 135416
alloc_pos 135520
alloc_pos 135648
alloc_pos 135872
alloc_pos 136020
alloc_pos 136184
alloc_pos 136244
alloc_pos 136404
alloc_pos 136520
alloc_pos 136732
alloc_pos 136952
alloc_pos 137072
alloc_pos 137160
alloc_pos 137232
alloc_pos 137324
alloc_pos 137536
alloc_pos 137560
alloc_pos 137744
alloc_pos 138008
alloc_pos 138036
alloc_pos 138084
alloc_pos 138204
alloc_pos 138460
alloc_pos 138528
alloc_pos 138628
alloc_pos 138860
alloc_pos 139036
alloc_pos 139176
alloc_pos 139248
alloc_pos 139312
alloc_pos 139440
alloc_pos 139572
alloc_pos 139820
alloc_pos 139864
alloc_pos 139940
alloc_pos 140144
alloc_pos 140228
alloc_pos 140448
alloc_pos 140540
alloc_pos 140624
alloc_pos 140692
alloc_pos 140776
alloc_pos 140948
alloc_pos 141052
alloc_pos 141092
alloc_pos 141180
alloc_pos 141228
alloc_pos 141260
alloc_pos 141404
alloc_pos 141660
alloc_pos 141908
alloc_pos 141960
alloc_pos 141996
alloc_pos 142228
alloc_pos 142400
alloc_pos 142536
alloc_pos 142756
alloc_pos 142948
alloc_pos 142972
alloc_pos 143176
alloc_pos 143284
alloc_pos 143360
alloc_pos 143448
alloc_pos 143636
alloc_pos 143660
alloc_pos 143892
alloc_pos 143996
alloc_pos 144124
alloc_pos 144348
alloc_pos 144496
alloc_pos 144660
alloc_pos 144720
alloc_pos 144880
alloc_pos 144996
alloc_pos 145208
alloc_pos 145428
alloc_pos 145548
alloc_pos 145636
alloc_pos 145708
alloc_pos 145800
alloc_pos 146012
alloc_pos 146036
alloc_pos 146220
alloc_pos 146484
alloc_pos 146512
alloc_pos 146560
alloc_pos 146680
alloc_pos 146936
alloc_pos 147004
alloc_pos 147104
alloc_pos 147336
alloc_pos 147512
alloc_pos 147652
alloc_pos 147724
alloc_pos 147788
alloc_pos 147916
alloc_pos 148048
alloc_pos 148296
alloc_pos 148340
alloc_pos 148416
alloc_pos 148620
alloc_pos 148704
alloc_pos 148924
alloc_pos 149016
alloc_pos 149100
alloc_pos 149168
alloc_pos 149252
alloc_pos 149424
alloc_pos 149528
alloc_pos 149568
alloc_pos 149656
alloc_pos 149704
alloc_pos 149736
alloc_pos 149880
alloc_pos 150136
alloc_pos 150384
alloc_pos 150436
alloc_pos 150472
alloc_pos 150704
alloc_pos 150876
alloc_pos 151012
alloc_pos 151232
alloc_pos 151424
alloc_pos 151448
alloc_pos 151652
alloc_pos 151760
alloc_pos 151836
alloc_pos 151924
alloc_pos 152112
alloc_pos 152136
alloc_pos 152368
alloc_pos 152472
alloc_pos 152600
alloc_pos 152824
alloc_pos 152972
alloc_pos 153136
alloc_pos 153196
alloc_pos 153356
alloc_pos 153472
alloc_pos 153684
alloc_pos 153904
alloc_pos 154024
alloc_pos 154112
alloc_pos 154184
alloc_pos 154276
alloc_pos 154488
alloc_pos 154512
alloc_pos 154696
alloc_pos 154960
alloc_pos 154988
alloc_pos 155036
alloc_pos 155156
alloc_pos 155412
alloc_pos 155480
alloc_pos 155580
alloc_pos 155812
alloc_pos 155988
alloc_pos 156128
alloc_pos 156200
alloc_pos 156264
alloc_pos 156392
alloc_pos 156524
alloc_pos 156772
alloc_pos 156816
alloc_pos 156892
alloc_pos 157096
alloc_pos 157180
alloc_pos 157400
alloc_pos 157492
alloc_pos 157576
alloc_pos 157644
alloc_pos 157728
alloc_pos 157900
alloc_pos 158004
alloc_pos 158044
alloc_pos 158132
alloc_pos 158180
alloc_pos 158212
alloc_pos 158356
alloc_pos 158612
alloc_pos 158860
alloc_pos 158912
alloc_pos 158948
alloc_pos 159180
alloc_pos 159352
alloc_pos 159488
alloc_pos 159708
alloc_pos 159900
alloc_pos 159924
alloc_pos 160128
alloc_pos 160236
alloc_pos 160312
alloc_pos 160400
alloc_pos 160588
alloc_pos 160612
alloc_pos 160844
alloc_pos 160948
alloc_pos 161076
alloc_pos 161300
alloc_pos 161448
alloc_pos 161612
alloc_pos 161672
alloc_pos 161832
alloc_pos 161948
alloc_pos 162160
alloc_pos 162380
alloc_pos 162500
alloc_pos 162588
alloc_pos 162660
alloc_pos 162752
alloc_pos 162964
alloc_pos 162988
alloc_pos 163172
alloc_pos 163436
alloc_pos 163464
alloc_pos 163512
alloc_pos 163632
alloc_pos 163888
alloc_pos 163956
alloc_pos 164056
alloc_pos 164288
alloc_pos 164464
alloc_pos 164604
alloc_pos 164676
alloc_pos 164740
alloc_pos 164868
alloc_pos 165000
alloc_pos 165248
alloc_pos 165292
alloc_pos 165368
alloc_pos 165572
alloc_pos 165656
alloc_pos 165876
alloc_pos 165968
alloc_pos 166052
alloc_pos 166120
alloc_pos 166204
alloc_pos 166376
alloc_pos 166480
alloc_pos 166520
alloc_pos 166608
alloc_pos 166656
alloc_pos 166688
alloc_pos 166832
alloc_pos 167088
alloc_pos 167336
alloc_pos 167388
alloc_pos 167424
alloc_pos 167656
alloc_pos 167828
alloc_pos 167964
alloc_pos 168184
alloc_pos 168376
alloc_pos 168400
alloc_pos 168604
alloc_pos 168712
alloc_pos 168788
alloc_pos 168876
alloc_pos 169064
alloc_pos 169088
alloc_pos 169320
alloc_pos 169424
alloc_pos 169552
alloc_pos 169776
alloc_pos 169924
alloc_pos 170088
alloc_pos 170148
alloc_pos 170308
alloc_pos 170424
alloc_pos 170636
alloc_pos 170856
alloc_pos 170976
alloc_pos 171064
alloc_pos 171136
alloc_pos 171228
alloc_pos 171440
alloc_pos 171464
alloc_pos 171648
alloc_pos 171912
alloc_pos 171940
alloc_pos 171988
alloc_pos 172108
alloc_pos 172364
alloc_pos 172432
alloc_pos 172532
alloc_pos 172764
alloc_pos 172940
alloc_pos 173080
alloc_pos 173152
alloc_pos 173216
alloc_pos 173344
alloc_pos 173476
alloc_pos 173724
alloc_pos 173768
alloc_pos 173844
alloc_pos 174048
alloc_pos 174132
alloc_pos 174352
alloc_pos 174444
alloc_pos 174528
alloc_pos 174596
alloc_pos 174680
alloc_pos 174852
alloc_pos 174956
alloc_pos 174996
alloc_pos 175084
alloc_pos 175132
alloc_pos 175164
alloc_pos 175308
alloc_pos 175564
alloc_pos 175812
alloc_pos 175864
alloc_pos 175900
alloc_pos 176132
alloc_pos 176304
alloc_pos 176440
alloc_pos 176660
alloc_pos 176852
alloc_pos 176876
alloc_pos 177080
alloc_pos 177188
alloc_pos 177264
alloc_pos 177352
alloc_pos 177540
alloc_pos 177564
alloc_pos 177796
alloc_pos 177900
alloc_pos 178028
alloc_pos 178252
alloc_pos 178400
alloc_pos 178564
alloc_pos 178624
alloc_pos 178784
alloc_pos 178900
alloc_pos 179112
alloc_pos 179332
alloc_pos 179452
alloc_pos 179540
alloc_pos 179612
alloc_pos 179704
alloc_pos 179916
alloc_pos 179940
alloc_pos 180124
alloc_pos 180388
alloc_pos 180416
alloc_pos 180464
alloc_pos 180584
alloc_pos 180840
alloc_pos 180908
alloc_pos 181008
alloc_pos 181240
alloc_pos 181416
alloc_pos 181556
alloc_pos 181628
alloc_pos 181692
alloc_pos 181820
alloc_pos 181952
alloc_pos 182200
alloc_pos 182244
alloc_pos 182320
alloc_pos 182524
alloc_pos 182608
alloc_pos 182828
alloc_pos 182920
alloc_pos 183004
alloc_pos 183072
alloc_pos 183156
alloc_pos 183328
alloc_pos 183432
alloc_pos 183472
alloc_pos 183560
alloc_pos 183608
alloc_pos 183640
alloc_pos 183784
alloc_pos 184040
alloc_pos 184288
alloc_pos 184340
alloc_pos 184376
alloc_pos 184608
alloc_pos 184780
alloc_pos 184916
alloc_pos 185136
alloc_pos 185328
alloc_pos 185352
alloc_pos 185556
alloc_pos 185664
alloc_pos 185740
alloc_pos 185828
alloc_pos 186016
alloc_pos 186040
alloc_pos 186272
alloc_pos 186376
alloc_pos 186504
alloc_pos 186728
alloc_pos 186876
alloc_pos 187040
alloc_pos 187100
alloc_pos 187260
alloc_pos 187376
alloc_pos 187588
alloc_pos 187808
alloc_pos 187928
alloc_pos 188016
alloc_pos 188088
alloc_pos 188180
alloc_pos 188392
alloc_pos 188416
alloc_pos 188600
alloc_pos 188864
alloc_pos 188892
alloc_pos 188940
alloc_pos 189060
alloc_pos 189316
alloc_pos 189384
alloc_pos 189484
alloc_pos 189716
alloc_pos 189892
alloc_pos 190032
alloc_pos 190104
alloc_pos 190168
alloc_pos 190296
alloc_pos 190428
alloc_pos 190676
alloc_pos 190720
alloc_pos 190796
alloc_pos 191000
alloc_pos 191084
alloc_pos 191304
alloc_pos 191396
alloc_pos 191480
alloc_pos 191548
alloc_pos 191632
alloc_pos 191804
alloc_pos 191908
alloc_pos 191948
alloc_pos 192036
alloc_pos 192084
alloc_pos 192116
alloc_pos 192260
alloc_pos 192516
alloc_pos 192764
alloc_pos 192816
alloc_pos 192852
alloc_pos 193084
alloc_pos 193256
alloc_pos 193392
alloc_pos 193612
alloc_pos 193804
alloc_pos 193828
alloc_pos 194032
alloc_pos 194140
alloc_pos 194216
alloc_pos 194304
alloc_pos 194492
alloc_pos 194516
alloc_pos 194748
alloc_pos 194852
alloc_pos 194980
alloc_pos 195204
alloc_pos 195352
alloc_pos 195516
alloc_pos 195576
alloc_pos 195736
alloc_pos 195852
alloc_pos 196064
alloc_pos 196284
alloc_pos 196404
alloc_pos 196492
alloc_pos 196564
alloc_pos 196656
alloc_pos 196868
alloc_pos 196892
alloc_pos 197076
alloc_pos 197340
alloc_pos 197368
alloc_pos 197416
alloc_pos 197536
alloc_pos 197792
alloc_pos 197860
alloc_pos 197960
alloc_pos 198192
alloc_pos 198368
alloc_pos 198508
alloc_pos 198580
alloc_pos 198644
alloc_pos 198772
alloc_pos 198904
alloc_pos 199152
alloc_pos 199196
alloc_pos 199272
alloc_pos 199476
alloc_pos 199560
alloc_pos 199780
alloc_pos 199872
alloc_pos 199956
alloc_pos 200024
alloc_pos 200108
alloc_pos 200280
alloc_pos 200384
alloc_pos 200424
alloc_pos 200512
alloc_pos 200560
alloc_pos 200592
alloc_pos 200736
alloc_pos 200992
alloc_pos 201240
alloc_pos 201292
alloc_pos 201328
alloc_pos 201560
alloc_pos 201732
alloc_pos 201868
alloc_pos 202088
alloc_pos 202280
alloc_pos 202304
alloc_pos 202508
alloc_pos 202616
alloc_pos 202692
alloc_pos 202780
alloc_pos 202968
alloc_pos 202992
alloc_pos 203224
alloc_pos 203328
alloc_pos 203456
alloc_pos 203680
alloc_pos 203828
alloc_pos 203992
alloc_pos 204052
alloc_pos 204212
alloc_pos 204328
alloc_pos 204540
alloc_pos 204760
alloc_pos 204880
alloc_pos 204968
alloc_pos 205040
alloc_pos 205132
alloc_pos 205344
alloc_pos 205368
alloc_pos 205552
alloc_pos 205816
alloc_pos 205844
alloc_pos 205892
alloc_pos 206012
alloc_pos 206268
alloc_pos 206336
alloc_pos 206436
alloc_pos 206668
alloc_pos 206844
alloc_pos 206984
alloc_pos 207056
alloc_pos 207120
alloc_pos 207248
alloc_pos 207380
alloc_pos 207628
alloc_pos 207672
alloc_pos 207748
alloc_pos 207952
alloc_pos 208036
alloc_pos 208256
alloc_pos 208348
alloc_pos 208432
alloc_pos 208500
alloc_pos 208584
alloc_pos 208756
alloc_pos 208860
alloc_pos 208900
alloc_pos 208988
alloc_pos 209036
alloc_pos 209068
alloc_pos 209212
alloc_pos 209468
alloc_pos 209716
alloc_pos 209768
alloc_pos 209804
alloc_pos 210036
alloc_pos 210208
alloc_pos 210344
alloc_pos 210564
alloc_pos 210756
alloc_pos 210780
alloc_pos 210984
alloc_pos 211092
alloc_pos 211168
alloc_pos 211256
alloc_pos 211444
alloc_pos 211468
alloc_pos 211700
alloc_pos 211804
alloc_pos 211932
alloc_pos 212156
alloc_pos 212304
alloc_pos 212468
alloc_pos 212528
alloc_pos 212688
alloc_pos 212804
alloc_pos 213016
alloc_pos 213236
alloc_pos 213356
alloc_pos 213444
alloc_pos 213516
alloc_pos 213608
alloc_pos 213820
alloc_pos 213844
alloc_pos 214028
alloc_pos 214292
alloc_pos 214320
alloc_pos 214368
alloc_pos 214488
alloc_pos 214744
alloc_pos 214812
alloc_pos 214912
alloc_pos 215144
alloc_pos 215320
alloc_pos 215460
alloc_pos 215532
alloc_pos 215596
alloc_pos 215724
alloc_pos 215856
alloc_pos 216104
alloc_pos 216148
alloc_pos 216224
alloc_pos 216428
alloc_pos 216512
alloc_pos 216732
alloc_pos 216824
alloc_pos 216908
alloc_pos 216976
alloc_pos 217060
alloc_pos 217232
alloc_pos 217336
alloc_pos 217376
alloc_pos 217464
alloc_pos 217512
alloc_pos 217544
alloc_pos 217688
alloc_pos 217944
alloc_pos 218192
alloc_pos 218244
alloc_pos 218280
alloc_pos 218512
alloc_pos 218684
alloc_pos 218820
alloc_pos 219040
alloc_pos 219232
alloc_pos 219256
alloc_pos 219460
alloc_pos 219568
alloc_pos 219644
alloc_pos 219732
alloc_pos 219920
alloc_pos 219944
alloc_pos 220176
alloc_pos 220280
alloc_pos 220408
alloc_pos 220632
alloc_pos 220780
alloc_pos 220944
alloc_pos 221004
alloc_pos 221164
alloc_pos 221280
alloc_pos 221492
alloc_pos 221712
alloc_pos 221832
alloc_pos 221920
alloc_pos 221992
alloc_pos 222084
alloc_pos 222296
alloc_pos 222320
alloc_pos 222504
alloc_pos 222768
alloc_pos 222796
alloc_pos 222844
alloc_pos 222964
alloc_pos 223220
alloc_pos 223288
alloc_pos 223388
alloc_pos 223620
alloc_pos 223796
alloc_pos 223936
alloc_pos 224008
alloc_pos 224072
alloc_pos 224200
alloc_pos 224332
alloc_pos 224580
alloc_pos 224624
alloc_pos 224700
alloc_pos 224904
alloc_pos 224988
alloc_pos 225208
alloc_pos 225300
alloc_pos 225384
alloc_pos 225452
alloc_pos 225536
alloc_pos 225708
alloc_pos 225812
alloc_pos 225852
alloc_pos 225940
alloc_pos 225988
alloc_pos 226020
alloc_pos 226164
alloc_pos 226420
alloc_pos 226668
alloc_pos 226720
alloc_pos 226756
alloc_pos 226988
alloc_pos 227160
alloc_pos 227296
alloc_pos 227516
alloc_pos 227708
alloc_pos 227732
alloc_pos 227936
alloc_pos 228044
alloc_pos 228120
alloc_pos 228208
alloc_pos 228396
alloc_pos 228420
alloc_pos 228652
alloc_pos 228756
alloc_pos 228884
alloc_pos 229108
alloc_pos 229256
alloc_pos 229420
alloc_pos 229480
alloc_pos 229640
alloc_pos 229756
alloc_pos 229968
alloc_pos 230188
alloc_pos 230308
alloc_pos 230396
alloc_pos 230468
alloc_pos 230560
alloc_pos 230772
alloc_pos 230796
alloc_pos 230980
alloc_pos 231244
alloc_pos 231272
alloc_pos 231320
alloc_pos 231440
alloc_pos 231696
alloc_pos 231764
alloc_pos 231864
alloc_pos 232096
alloc_pos 232272
alloc_pos 232412
alloc_pos 232484
alloc_pos 232548
alloc_pos 232676
alloc_pos 232808
alloc_pos 233056
alloc_pos 233100
alloc_pos 233176
alloc_pos 233380
alloc_pos 233464
alloc_pos 233684
alloc_pos 233776
alloc_pos 233860
alloc_pos 233928
alloc_pos 234012
alloc_pos 234184
alloc_pos 234288
alloc_pos 234328
alloc_pos 234416
alloc_pos 234464
alloc_pos 234496
alloc_pos 234640
alloc_pos 234896
alloc_pos 235144
alloc_pos 235196
alloc_pos 235232
alloc_pos 235464
alloc_pos 235636
alloc_pos 235772
alloc_pos 235992
alloc_pos 236184
alloc_pos 236208
alloc_pos 236412
alloc_pos 236520
alloc_pos 236596
alloc_pos 236684
alloc_pos 236872
alloc_pos 236896
alloc_pos 237128
alloc_pos 237232
alloc_pos 237360
alloc_pos 237584
alloc_pos 237732
alloc_pos 237896
alloc_pos 237956
alloc_pos 238116
alloc_pos 238232
alloc_pos 238444
alloc_pos 238664
alloc_pos 238784
alloc_pos 238872
alloc_pos 238944
alloc_pos 239036
alloc_pos 239248
alloc_pos 239272
alloc_pos 239456
alloc_pos 239720
alloc_pos 239748
alloc_pos 239796
alloc_pos 239916
alloc_pos 240172
alloc_pos 240240
alloc_pos 240340
alloc_pos 240572
alloc_pos 240748
alloc_pos 240888
alloc_pos 240960
alloc_pos 241024
alloc_pos 241152
alloc_pos 241284
alloc_pos 241532
alloc_pos 241576
alloc_pos 241652
alloc_pos 241856
alloc_pos 241940
alloc_pos 242160
alloc_pos 242252
alloc_pos 242336
alloc_pos 242404
alloc_pos 242488
alloc_pos 242660
alloc_pos 242764
alloc_pos 242804
alloc_pos 242892
alloc_pos 242940
alloc_pos 242972
alloc_pos 243116
alloc_pos 243372
alloc_pos 243620
alloc_pos 243672
alloc_pos 243708
alloc_pos 243940
alloc_pos 244112
alloc_pos 244248
alloc_pos 244468
alloc_pos 244660
alloc_pos 244684
alloc_pos 244888
alloc_pos 244996
alloc_pos 245072
alloc_pos 245160
alloc_pos 245348
alloc_pos 245372
alloc_pos 245604
alloc_pos 245708
alloc_pos 245836
alloc_pos 246060
alloc_pos 246208
alloc_pos 246372
alloc_pos 246432
alloc_pos 246592
alloc_pos 246708
alloc_pos 246920
alloc_pos 247140
alloc_pos 247260
alloc_pos 247348
alloc_pos 247420
alloc_pos 247512
alloc_pos 247724
alloc_pos 247748
alloc_pos 247932
alloc_pos 248196
alloc_pos 248224
alloc_pos 248272
alloc_pos 248392
alloc_pos 248648
alloc_pos 248716
alloc_pos 248816
alloc_pos 249048
alloc_pos 249224
alloc_pos 249364
alloc_pos 249436
alloc_pos 249500
alloc_pos 249628
alloc_pos 249760
alloc_pos 250008
alloc_pos 250052
alloc_pos 250128
alloc_pos 250332
alloc_pos 250416
alloc_pos 250636
alloc_pos 250728
alloc_pos 250812
alloc_pos 250880
alloc_pos 250964
alloc_pos 251136
alloc_pos 251240
alloc_pos 251280
alloc_pos 251368
alloc_pos 251416
alloc_pos 251448
alloc_pos 251592
alloc_pos 251848
alloc_pos 252096
alloc_pos 252148
alloc_pos 252184
alloc_pos 252416
alloc_pos 252588
alloc_pos 252724
alloc_pos 252944
alloc_pos 253136
alloc_pos 253160
alloc_pos 253364
alloc_pos 253472
alloc_pos 253548
alloc_pos 253636
alloc_pos 253824
alloc_pos 253848
alloc_pos 254080
alloc_pos 254184
alloc_pos 254312
alloc_pos 254536
alloc_pos 254684
alloc_pos 254848
alloc_pos 254908
alloc_pos 255068
alloc_pos 255184
alloc_pos 255396
alloc_pos 255616
alloc_pos 255736
alloc_pos 255824
alloc_pos 255896
alloc_pos 255988
alloc_pos 256200
alloc_pos 256224
alloc_pos 256408
alloc_pos 256672
alloc_pos 256700
alloc_pos 256748
alloc_pos 256868
alloc_pos 257124
alloc_pos 257192
alloc_pos 257292
alloc_pos 257524
alloc_pos 257700
alloc_pos 257840
alloc_pos 257912
alloc_pos 257976
alloc_pos 258104
alloc_pos 258236
alloc_pos 258484
alloc_pos 258528
alloc_pos 258604
alloc_pos 258808
alloc_pos 258892
alloc_pos 259112
alloc_pos 259204
alloc_pos 259288
alloc_pos 259356
alloc_pos 259440
alloc_pos 259612
alloc_pos 259716
alloc_pos 259756
alloc_pos 259844
alloc_pos 259892
alloc_pos 259924
alloc_pos 260068
alloc_pos 260324
alloc_pos 260572
alloc_pos 260624
alloc_pos 260660
alloc_pos 260892
alloc_pos 261064
alloc_pos 261200
alloc_pos 261420
alloc_pos 261612
alloc_pos 261636
alloc_pos 261840
alloc_pos 261948
alloc_pos 262024
alloc_pos -1

