reason: unexpected exit code -6
--- stdout ---
CHENEY GENERATOR!
--- stderr ---
alloc_pos 8
alloc_pos 1040
alloc_pos 2072
alloc_pos 3104
alloc_pos 4136
alloc_pos 5168
alloc_pos 5184
alloc_pos 5200
alloc_pos 5216
alloc_pos 5232
alloc_pos 5248
alloc_pos 5264
alloc_pos 5280
alloc_pos 5296
alloc_pos 5312
alloc_pos 5328
alloc_pos 5344
alloc_pos 5360
alloc_pos 5376
alloc_pos 5392
alloc_pos 5408
alloc_pos 5424
alloc_pos 5440
alloc_pos 5456
alloc_pos 5472
alloc_pos 5488
alloc_pos 5504
alloc_pos 5520
alloc_pos 5536
alloc_pos 5552
alloc_pos 5568
alloc_pos 5584
alloc_pos 5600
alloc_pos 5616
alloc_pos 5632
alloc_pos 5648
alloc_pos 5664
alloc_pos 5680
alloc_pos 5696
alloc_pos 5712
alloc_pos 5728
alloc_pos 5744
alloc_pos 5760
alloc_pos 5776
alloc_pos 5792
alloc_pos 5808
alloc_pos 5824
alloc_pos 5840
alloc_pos 5856
alloc_pos 5872
alloc_pos 5888
alloc_pos 5904
alloc_pos 5920
alloc_pos 5936
alloc_pos 5952
alloc_pos 5968
alloc_pos 5984
alloc_pos 6000
alloc_pos 6016
alloc_pos 6032
alloc_pos 6048
alloc_pos 6064
alloc_pos 6080
alloc_pos 6096
alloc_pos 6112
alloc_pos 6128
alloc_pos 6144
alloc_pos 6160
alloc_pos 6176
alloc_pos 6192
alloc_pos 6208
alloc_pos 6224
alloc_pos 6240
alloc_pos 6256
alloc_pos 6272
alloc_pos 6288
alloc_pos 6304
alloc_pos 6320
alloc_pos 6336
alloc_pos 6352
alloc_pos 6368
alloc_pos 6384
alloc_pos 6400
alloc_pos 6416
alloc_pos 6432
alloc_pos 6448
alloc_pos 6464
alloc_pos 6480
alloc_pos 6496
alloc_pos 6512
alloc_pos 6528
alloc_pos 6544
alloc_pos 6560
alloc_pos 6576
alloc_pos 6592
alloc_pos 6608
alloc_pos 6624
alloc_pos 6640
alloc_pos 6656
alloc_pos 6672
alloc_pos 6688
alloc_pos 6704
alloc_pos 6720
alloc_pos 6736
alloc_pos 6752
alloc_pos 6768
alloc_pos 6784
alloc_pos 6800
alloc_pos 6816
alloc_pos 6832
alloc_pos 6848
alloc_pos 6864
alloc_pos 6880
alloc_pos 6896
alloc_pos 6912
alloc_pos 6928
alloc_pos 6944
alloc_pos 6960
alloc_pos 6976
alloc_pos 6992
alloc_pos 7008
alloc_pos 7024
alloc_pos 7040
alloc_pos 7056
alloc_pos 7072
alloc_pos 7088
alloc_pos 7104
alloc_pos 7120
alloc_pos 7136
alloc_pos 7152
alloc_pos 7168
alloc_pos 7184
alloc_pos 7200
alloc_pos 7216
alloc_pos 7232
alloc_pos 7248
alloc_pos 7264
alloc_pos 7280
alloc_pos 7296
alloc_pos 7312
alloc_pos 7328
alloc_pos 7344
alloc_pos 7360
alloc_pos 7376
alloc_pos 7392
alloc_pos 7408
alloc_pos 7424
alloc_pos 7440
alloc_pos 7456
alloc_pos 7472
alloc_pos 7488
alloc_pos 7504
alloc_pos 7520
alloc_pos 7536
alloc_pos 7552
alloc_pos 7568
alloc_pos 7584
alloc_pos 7600
alloc_pos 7616
alloc_pos 7632
alloc_pos 7648
alloc_pos 7664
alloc_pos 7680
alloc_pos 7696
alloc_pos 7712
alloc_pos 7728
alloc_pos 7744
alloc_pos 7760
alloc_pos 7776
alloc_pos 7792
alloc_pos 7808
alloc_pos 7824
alloc_pos 7840
alloc_pos 7856
alloc_pos 7872
alloc_pos 7888
alloc_pos 7904
alloc_pos 7920
alloc_pos 7936
alloc_pos 7952
alloc_pos 7968
alloc_pos 7984
alloc_pos 8000
alloc_pos 8016
alloc_pos 8032
alloc_pos 8048
alloc_pos 8064
alloc_pos 8080
alloc_pos 8096
alloc_pos 8112
alloc_pos 8128
alloc_pos 8144
alloc_pos 8160
alloc_pos 8176
alloc_pos 8192
alloc_pos 8208
alloc_pos 8224
alloc_pos 8240
alloc_pos 8256
alloc_pos 8272
alloc_pos 8288
alloc_pos 8304
alloc_pos 8320
alloc_pos 8336
alloc_pos 8352
alloc_pos 8368
alloc_pos 8384
alloc_pos 8400
alloc_pos 8416
alloc_pos 8432
alloc_pos 8448
alloc_pos 8464
alloc_pos 8480
alloc_pos 8496
alloc_pos 8512
alloc_pos 8528
alloc_pos 8544
alloc_pos 8560
alloc_pos 8576
alloc_pos 8592
alloc_pos 8608
alloc_pos 8624
alloc_pos 8640
alloc_pos 8656
alloc_pos 8672
alloc_pos 8688
alloc_pos 8704
alloc_pos 8720
alloc_pos 8736
alloc_pos 8752
alloc_pos 8768
alloc_pos 8784
alloc_pos 8800
alloc_pos 8816
alloc_pos 8832
alloc_pos 8848
alloc_pos 8864
alloc_pos 8880
alloc_pos 8896
alloc_pos 8912
alloc_pos 8928
alloc_pos 8944
alloc_pos 8960
alloc_pos 8976
alloc_pos 8992
alloc_pos 9008
alloc_pos 9024
alloc_pos 9040
alloc_pos 9056
alloc_pos 9072
alloc_pos 9088
alloc_pos 9104
alloc_pos 9120
alloc_pos 9136
alloc_pos 9152
alloc_pos 9168
alloc_pos 9184
alloc_pos 9200
alloc_pos 9216
alloc_pos 9232
alloc_pos 9248
alloc_pos 9264
alloc_pos 9380
alloc_pos 9592
alloc_pos 9812
alloc_pos 9932
alloc_pos 10020
alloc_pos 10092
alloc_pos 10184
alloc_pos 10396
alloc_pos 10420
alloc_pos 10604
alloc_pos 10868
alloc_pos 10896
alloc_pos 10944
alloc_pos 11064
alloc_pos 11320
alloc_pos 11388
alloc_pos 11488
alloc_pos 11720
alloc_pos 11896
alloc_pos 12036
alloc_pos 12108
alloc_pos 12172
alloc_pos 12300
alloc_pos 12432
alloc_pos 12680
alloc_pos 12724
alloc_pos 12800
alloc_pos 13004
alloc_pos 13088
alloc_pos 13308
alloc_pos 13400
alloc_pos 13484
alloc_pos 13552
alloc_pos 13636
alloc_pos 13808
alloc_pos 13912
alloc_pos 13952
alloc_pos 14040
alloc_pos 14088
alloc_pos 14120
alloc_pos 14264
alloc_pos 14520
alloc_pos 14768
alloc_pos 14820
alloc_pos 14856
alloc_pos 15088
alloc_pos 15260
alloc_pos 15396
alloc_pos 15616
alloc_pos 15808
alloc_pos 15832
alloc_pos 16036
alloc_pos 16144
alloc_pos 16220
alloc_pos 16308
alloc_pos 16496
alloc_pos 16520
alloc_pos 16752
alloc_pos 16856
alloc_pos 16984
alloc_pos 17208
alloc_pos 17356
alloc_pos 17520
alloc_pos 17580
alloc_pos 17740
alloc_pos 17856
alloc_pos 18068
alloc_pos 18288
alloc_pos 18408
alloc_pos 18496
alloc_pos 18568
alloc_pos 18660
alloc_pos 18872
alloc_pos 18896
alloc_pos 19080
alloc_pos 19344
alloc_pos 19372
alloc_pos 19420
alloc_pos 19540
alloc_pos 19796
alloc_pos 19864
alloc_pos 19964
alloc_pos 20196
alloc_pos 20372
alloc_pos 20512
alloc_pos 20584
alloc_pos 20648
alloc_pos 20776
alloc_pos 20908
alloc_pos 21156
alloc_pos 21200
alloc_pos 21276
alloc_pos 21480
alloc_pos 21564
alloc_pos 21784
alloc_pos 21876
alloc_pos 21960
alloc_pos 22028
alloc_pos 22112
alloc_pos 22284
alloc_pos 22388
alloc_pos 22428
alloc_pos 22516
alloc_pos 22564
alloc_pos 22596
alloc_pos 22740
alloc_pos 22996
alloc_pos 23244
alloc_pos 23296
alloc_pos 23332
alloc_pos 23564
alloc_pos 23736
alloc_pos 23872
alloc_pos 24092
alloc_pos 24284
alloc_pos 24308
alloc_pos 24512
alloc_pos 24620
alloc_pos 24696
alloc_pos 24784
alloc_pos 24972
alloc_pos 24996
alloc_pos 25228
alloc_pos 25332
alloc_pos 25460
alloc_pos 25684
alloc_pos 25832
alloc_pos 25996
alloc_pos 26056
alloc_pos 26216
alloc_pos 26332
alloc_pos 26544
alloc_pos 26764
alloc_pos 26884
alloc_pos 26972
alloc_pos 27044
alloc_pos 27136
alloc_pos 27348
alloc_pos 27372
alloc_pos 27556
alloc_pos 27820
alloc_pos 27848
alloc_pos 27896
alloc_pos 28016
alloc_pos 28272
alloc_pos 28340
alloc_pos 28440
alloc_pos 28672
alloc_pos 28848
alloc_pos 28988
alloc_pos 29060
alloc_pos 29124
alloc_pos 29252
alloc_pos 29384
alloc_pos 29632
alloc_pos 29676
alloc_pos 29752
alloc_pos 29956
alloc_pos 30040
alloc_pos 30260
alloc_pos 30352
alloc_pos 30436
alloc_pos 30504
alloc_pos 30588
alloc_pos 30760
alloc_pos 30864
alloc_pos 30904
alloc_pos 30992
alloc_pos 31040
alloc_pos 31072
alloc_pos 31216
alloc_pos 31472
alloc_pos 31720
alloc_pos 31772
alloc_pos 31808
alloc_pos 32040
alloc_pos 32212
alloc_pos 32348
alloc_pos 32568
alloc_pos 32760
alloc_pos 32784
alloc_pos 32988
alloc_pos 33096
alloc_pos 33172
alloc_pos 33260
alloc_pos 33448
alloc_pos 33472
alloc_pos 33704
alloc_pos 33808
alloc_pos 33936
alloc_pos 34160
alloc_pos 34308
alloc_pos 34472
alloc_pos 34532
alloc_pos 34692
alloc_pos 34808
alloc_pos 35020
alloc_pos 35240
alloc_pos 35360
alloc_pos 35448
alloc_pos 35520
alloc_pos 35612
alloc_pos 35824
alloc_pos 35848
alloc_pos 36032
alloc_pos 36296
alloc_pos 36324
alloc_pos 36372
alloc_pos 36492
alloc_pos 36748
alloc_pos 36816
alloc_pos 36916
alloc_pos 37148
alloc_pos 37324
alloc_pos 37464
alloc_pos 37536
alloc_pos 37600
alloc_pos 37728
alloc_pos 37860
alloc_pos 38108
alloc_pos 38152
alloc_pos 38228
alloc_pos 38432
alloc_pos 38516
alloc_pos 38736
alloc_pos 38828
alloc_pos 38912
alloc_pos 38980
alloc_pos 39064
alloc_pos 39236
alloc_pos 39340
alloc_pos 39380
alloc_pos 39468
alloc_pos 39516
alloc_pos 39548
alloc_pos 39692
alloc_pos 39948
alloc_pos 40196
alloc_pos 40248
alloc_pos 40284
alloc_pos 40516
alloc_pos 40688
alloc_pos 40824
alloc_pos 41044
alloc_pos 41236
alloc_pos 41260
alloc_pos 41464
alloc_pos 41572
alloc_pos 41648
alloc_pos 41736
alloc_pos 41924
alloc_pos 41948
alloc_pos 42180
alloc_pos 42284
alloc_pos 42412
alloc_pos 42636
alloc_pos 42784
alloc_pos 42948
alloc_pos 43008
alloc_pos 43168
alloc_pos 43284
alloc_pos 43496
alloc_pos 43716
alloc_pos 43836
alloc_pos 43924
alloc_pos 43996
alloc_pos 44088
alloc_pos 44300
alloc_pos 44324
alloc_pos 44508
alloc_pos 44772
alloc_pos 44800
alloc_pos 44848
alloc_pos 44968
alloc_pos 45224
alloc_pos 45292
alloc_pos 45392
alloc_pos 45624
alloc_pos 45800
alloc_pos 45940
alloc_pos 46012
alloc_pos 46076
alloc_pos 46204
alloc_pos 46336
alloc_pos 46584
alloc_pos 46628
alloc_pos 46704
alloc_pos 46908
alloc_pos 46992
alloc_pos 47212
alloc_pos 47304
alloc_pos 47388
alloc_pos 47456
alloc_pos 47540
alloc_pos 47712
alloc_pos 47816
alloc_pos 47856
alloc_pos 47944
alloc_pos 47992
alloc_pos 48024
alloc_pos 48168
alloc_pos 48424
alloc_pos 48672
alloc_pos 48724
alloc_pos 48760
alloc_pos 48992
alloc_pos 49164
alloc_pos 49300
alloc_pos 49520
alloc_pos 49712
alloc_pos 49736
alloc_pos 49940
alloc_pos 50048
alloc_pos 50124
alloc_pos 50212
alloc_pos 50400
alloc_pos 50424
alloc_pos 50656
alloc_pos 50760
alloc_pos 50888
alloc_pos 51112
alloc_pos 51260
alloc_pos 51424
alloc_pos 51484
alloc_pos 51644
alloc_pos 51760
alloc_pos 51972
alloc_pos 52192
alloc_pos 52312
alloc_pos 52400
alloc_pos 52472
alloc_pos 52564
alloc_pos 52776
alloc_pos 52800
alloc_pos 52984
alloc_pos 53248
alloc_pos 53276
alloc_pos 53324
alloc_pos 53444
alloc_pos 53700
alloc_pos 53768
alloc_pos 53868
alloc_pos 54100
alloc_pos 54276
alloc_pos 54416
alloc_pos 54488
alloc_pos 54552
alloc_pos 54680
alloc_pos 54812
alloc_pos 55060
alloc_pos 55104
alloc_pos 55180
alloc_pos 55384
alloc_pos 55468
alloc_pos 55688
alloc_pos 55780
alloc_pos 55864
alloc_pos 55932
alloc_pos 56016
alloc_pos 56188
alloc_pos 56292
alloc_pos 56332
alloc_pos 56420
alloc_pos 56468
alloc_pos 56500
alloc_pos 56644
alloc_pos 56900
alloc_pos 57148
alloc_pos 57200
alloc_pos 57236
alloc_pos 57468
alloc_pos 57640
alloc_pos 57776
alloc_pos 57996
alloc_pos 58188
alloc_pos 58212
alloc_pos 58416
alloc_pos 58524
alloc_pos 58600
alloc_pos 58688
alloc_pos 58876
alloc_pos 58900
alloc_pos 59132
alloc_pos 59236
alloc_pos 59364
alloc_pos 59588
alloc_pos 59736
alloc_pos 59900
alloc_pos 59960
alloc_pos 60120
alloc_pos 60236
alloc_pos 60448
alloc_pos 60668
alloc_pos 60788
alloc_pos 60876
alloc_pos 60948
alloc_pos 61040
alloc_pos 61252
alloc_pos 61276
alloc_pos 61460
alloc_pos 61724
alloc_pos 61752
alloc_pos 61800
alloc_pos 61920
alloc_pos 62176
alloc_pos 62244
alloc_pos 62344
alloc_pos 62576
alloc_pos 62752
alloc_pos 62892
alloc_pos 62964
alloc_pos 63028
alloc_pos 63156
alloc_pos 63288
alloc_pos 63536
alloc_pos 63580
alloc_pos 63656
alloc_pos 63860
alloc_pos 63944
alloc_pos 64164
alloc_pos 64256
alloc_pos 64340
alloc_pos 64408
alloc_pos 64492
alloc_pos 64664
alloc_pos 64768
alloc_pos 64808
alloc_pos 64896
alloc_pos 64944
alloc_pos 64976
alloc_pos 65120
alloc_pos 65376
alloc_pos 65624
alloc_pos 65676
alloc_pos 65712
alloc_pos 65944
alloc_pos 66116
alloc_pos 66252
alloc_pos 66472
alloc_pos 66664
alloc_pos 66688
alloc_pos 66892
alloc_pos 67000
alloc_pos 67076
alloc_pos 67164
alloc_pos 67352
alloc_pos 67376
alloc_pos 67608
alloc_pos 67712
alloc_pos 67840
alloc_pos 68064
alloc_pos 68212
alloc_pos 68376
alloc_pos 68436
alloc_pos 68596
alloc_pos 68712
alloc_pos 68924
alloc_pos 69144
alloc_pos 69264
alloc_pos 69352
alloc_pos 69424
alloc_pos 69516
alloc_pos 69728
alloc_pos 69752
alloc_pos 69936
alloc_pos 70200
alloc_pos 70228
alloc_pos 70276
alloc_pos 70396
alloc_pos 70652
alloc_pos 70720
alloc_pos 70820
alloc_pos 71052
alloc_pos 71228
alloc_pos 71368
alloc_pos 71440
alloc_pos 71504
alloc_pos 71632
alloc_pos 71764
alloc_pos 72012
alloc_pos 72056
alloc_pos 72132
alloc_pos 72336
alloc_pos 72420
alloc_pos 72640
alloc_pos 72732
alloc_pos 72816
alloc_pos 72884
alloc_pos 72968
alloc_pos 73140
alloc_pos 73244
alloc_pos 73284
alloc_pos 73372
alloc_pos 73420
alloc_pos 73452
alloc_pos 73596
alloc_pos 73852
alloc_pos 74100
alloc_pos 74152
alloc_pos 74188
alloc_pos 74420
alloc_pos 74592
alloc_pos 74728
alloc_pos 74948
alloc_pos 75140
alloc_pos 75164
alloc_pos 75368
alloc_pos 75476
alloc_pos 75552
alloc_pos 75640
alloc_pos 75828
alloc_pos 75852
alloc_pos 76084
alloc_pos 76188
alloc_pos 76316
alloc_pos 76540
alloc_pos 76688
alloc_pos 76852
alloc_pos 76912
alloc_pos 77072
alloc_pos 77188
alloc_pos 77400
alloc_pos 77620
alloc_pos 77740
alloc_pos 77828
alloc_pos 77900
alloc_pos 77992
alloc_pos 78204
alloc_pos 78228
alloc_pos 78412
alloc_pos 78676
alloc_pos 78704
alloc_pos 78752
alloc_pos 78872
alloc_pos 79128
alloc_pos 79196
alloc_pos 79296
alloc_pos 79528
alloc_pos 79704
alloc_pos 79844
alloc_pos 79916
alloc_pos 79980
alloc_pos 80108
alloc_pos 80240
alloc_pos 80488
alloc_pos 80532
alloc_pos 80608
alloc_pos 80812
alloc_pos 80896
alloc_pos 81116
alloc_pos 81208
alloc_pos 81292
alloc_pos 81360
alloc_pos 81444
alloc_pos 81616
alloc_pos 81720
alloc_pos 81760
alloc_pos 81848
alloc_pos 81896
alloc_pos 81928
alloc_pos 82072
alloc_pos 82328
alloc_pos 82576
alloc_pos 82628
alloc_pos 82664
alloc_pos 82896
alloc_pos 83068
alloc_pos 83204
alloc_pos 83424
alloc_pos 83616
alloc_pos 83640
alloc_pos 83844
alloc_pos 83952
alloc_pos 84028
alloc_pos 84116
alloc_pos 84304
alloc_pos 84328
alloc_pos 84560
alloc_pos 84664
alloc_pos 84792
alloc_pos 85016
alloc_pos 85164
alloc_pos 85328
alloc_pos 85388
alloc_pos 85548
alloc_pos 85664
alloc_pos 85876
alloc_pos 86096
alloc_pos 86216
alloc_pos 86304
alloc_pos 86376
alloc_pos 86468
alloc_pos 86680
alloc_pos 86704
alloc_pos 86888
alloc_pos 87152
alloc_pos 87180
alloc_pos 87228
alloc_pos 87348
alloc_pos 87604
alloc_pos 87672
alloc_pos 87772
alloc_pos 88004
alloc_pos 88180
alloc_pos 88320
alloc_pos 88392
alloc_pos 88456
alloc_pos 88584
alloc_pos 88716
alloc_pos 88964
alloc_pos 89008
alloc_pos 89084
alloc_pos 89288
alloc_pos 89372
alloc_pos 89592
alloc_pos 89684
alloc_pos 89768
alloc_pos 89836
alloc_pos 89920
alloc_pos 90092
alloc_pos 90196
alloc_pos 90236
alloc_pos 90324
alloc_pos 90372
alloc_pos 90404
alloc_pos 90548
alloc_pos 90804
alloc_pos 91052
alloc_pos 91104
alloc_pos 91140
alloc_pos 91372
alloc_pos 91544
alloc_pos 91680
alloc_pos 91900
alloc_pos 92092
alloc_pos 92116
alloc_pos 92320
alloc_pos 92428
alloc_pos 92504
alloc_pos 92592
alloc_pos 92780
alloc_pos 92804
alloc_pos 93036
alloc_pos 93140
alloc_pos 93268
alloc_pos 93492
alloc_pos 93640
alloc_pos 93804
alloc_pos 93864
alloc_pos 94024
alloc_pos 94140
alloc_pos 94352
alloc_pos 94572
alloc_pos 94692
alloc_pos 94780
alloc_pos 94852
alloc_pos 94944
alloc_pos 95156
alloc_pos 95180
alloc_pos 95364
alloc_pos 95628
alloc_pos 95656
alloc_pos 95704
alloc_pos 95824
alloc_pos 96080
alloc_pos 96148
alloc_pos 96248
alloc_pos 96480
alloc_pos 96656
alloc_pos 96796
alloc_pos 96868
alloc_pos 96932
alloc_pos 97060
alloc_pos 97192
alloc_pos 97440
alloc_pos 97484
alloc_pos 97560
alloc_pos 97764
alloc_pos 97848
alloc_pos 98068
alloc_pos 98160
alloc_pos 98244
alloc_pos 98312
alloc_pos 98396
alloc_pos 98568
alloc_pos 98672
alloc_pos 98712
alloc_pos 98800
alloc_pos 98848
alloc_pos 98880
alloc_pos 99024
alloc_pos 99280
alloc_pos 99528
alloc_pos 99580
alloc_pos 99616
alloc_pos 99848
alloc_pos 100020
alloc_pos 100156
alloc_pos 100376
alloc_pos 100568
alloc_pos 100592
alloc_pos 100796
alloc_pos 100904
alloc_pos 100980
alloc_pos 101068
alloc_pos 101256
alloc_pos 101280
alloc_pos 101512
alloc_pos 101616
alloc_pos 101744
alloc_pos 101968
alloc_pos 102116
alloc_pos 102280
alloc_pos 102340
alloc_pos 102500
alloc_pos 102616
alloc_pos 102828
alloc_pos 103048
alloc_pos 103168
alloc_pos 103256
alloc_pos 103328
alloc_pos 103420
alloc_pos 103632
alloc_pos 103656
alloc_pos 103840
alloc_pos 104104
alloc_pos 104132
alloc_pos 104180
alloc_pos 104300
alloc_pos 104556
alloc_pos 104624
alloc_pos 104724
alloc_pos 104956
alloc_pos 105132
alloc_pos 105272
alloc_pos 105344
alloc_pos 105408
alloc_pos 105536
alloc_pos 105668
alloc_pos 105916
alloc_pos 105960
alloc_pos 106036
alloc_pos 106240
alloc_pos 106324
alloc_pos 106544
alloc_pos 106636
alloc_pos 106720
alloc_pos 106788
alloc_pos 106872
alloc_pos 107044
alloc_pos 107148
alloc_pos 107188
alloc_pos 107276
alloc_pos 107324
alloc_pos 107356
alloc_pos 107500
alloc_pos 107756
alloc_pos 108004
alloc_pos 108056
alloc_pos 108092
alloc_pos 108324
alloc_pos 108496
alloc_pos 108632
alloc_pos 108852
alloc_pos 109044
alloc_pos 109068
alloc_pos 109272
alloc_pos 109380
alloc_pos 109456
alloc_pos 109544
alloc_pos 109732
alloc_pos 109756
alloc_pos 109988
alloc_pos 110092
alloc_pos 110220
alloc_pos 110444
alloc_pos 110592
alloc_pos 110756
alloc_pos 110816
alloc_pos 110976
alloc_pos 111092
alloc_pos 111304
alloc_pos 111524
alloc_pos 111644
alloc_pos 111732
alloc_pos 111804
alloc_pos 111896
alloc_pos 112108
alloc_pos 112132
alloc_pos 112316
alloc_pos 112580
alloc_pos 112608
alloc_pos 112656
alloc_pos 112776
alloc_pos 113032
alloc_pos 113100
alloc_pos 113200
alloc_pos 113432
alloc_pos 113608
alloc_pos 113748
alloc_pos 113820
alloc_pos 113884
alloc_pos 114012
alloc_pos 114144
alloc_pos 114392
alloc_pos 114436
alloc_pos 114512
alloc_pos 114716
alloc_pos 114800
alloc_pos 115020
alloc_pos 115112
alloc_pos 115196
alloc_pos 115264
alloc_pos 115348
alloc_pos 115520
alloc_pos 115624
alloc_pos 115664
alloc_pos 115752
alloc_pos 115800
alloc_pos 115832
alloc_pos 115976
alloc_pos 116232
alloc_pos 116480
alloc_pos 116532
alloc_pos 116568
alloc_pos 116800
alloc_pos 116972
alloc_pos 117108
alloc_pos 117328
alloc_pos 117520
alloc_pos 117544
alloc_pos 117748
alloc_pos 117856
alloc_pos 117932
alloc_pos 118020
alloc_pos 118208
alloc_pos 118232
alloc_pos 118464
alloc_pos 118568
alloc_pos 118696
alloc_pos 118920
alloc_pos 119068
alloc_pos 119232
alloc_pos 119292
alloc_pos 119452
alloc_pos 119568
alloc_pos 119780
alloc_pos 120000
alloc_pos 120120
alloc_pos 120208
alloc_pos 120280
alloc_pos 120372
alloc_pos 120584
alloc_pos 120608
alloc_pos 120792
alloc_pos 121056
alloc_pos 121084
alloc_pos 121132
alloc_pos 121252
alloc_pos 121508
alloc_pos 121576
alloc_pos 121676
alloc_pos 121908
alloc_pos 122084
alloc_pos 122224
alloc_pos 122296
alloc_pos 122360
alloc_pos 122488
alloc_pos 122620
alloc_pos 122868
alloc_pos 122912
alloc_pos 122988
alloc_pos 123192
alloc_pos 123276
alloc_pos 123496
alloc_pos 123588
alloc_pos 123672
alloc_pos 123740
alloc_pos 123824
alloc_pos 123996
alloc_pos 124100
alloc_pos 124140
alloc_pos 124228
alloc_pos 124276
alloc_pos 124308
alloc_pos 124452
alloc_pos 124708
alloc_pos 124956
alloc_pos 125008
alloc_pos 125044
alloc_pos 125276
alloc_pos 125448
alloc_pos 125584
alloc_pos 125804
alloc_pos 125996
alloc_pos 126020
alloc_pos 126224
alloc_pos 126332
alloc_pos 126408
alloc_pos 126496
alloc_pos 126684
alloc_pos 126708
alloc_pos 126940
alloc_pos 127044
alloc_pos 127172
alloc_pos 127396
alloc_pos 127544
alloc_pos 127708
alloc_pos 127768
alloc_pos 127928
alloc_pos 128044
alloc_pos 128256
alloc_pos 128476
alloc_pos 128596
alloc_pos 128684
alloc_pos 128756
alloc_pos 128848
alloc_pos 129060
alloc_pos 129084
alloc_pos 129268
alloc_pos 129532
alloc_pos 129560
alloc_pos 129608
alloc_pos 129728
alloc_pos 129984
alloc_pos 130052
alloc_pos 130152
alloc_pos 130384
alloc_pos 130560
alloc_pos 130700
alloc_pos 130772
alloc_pos 130836
alloc_pos -1

