reason: unexpected exit code -6
--- stdout ---
CHENEY GENERATOR!
--- stderr ---
alloc_pos 8
alloc_pos 1040
alloc_pos 2072
alloc_pos 3104
alloc_pos 4136
alloc_pos 5168
alloc_pos 5184
alloc_pos 5200
alloc_pos 5216
alloc_pos 5232
alloc_pos 5248
alloc_pos 5264
alloc_pos 5280
alloc_pos 5296
alloc_pos 5312
alloc_pos 5328
alloc_pos 5344
alloc_pos 5360
alloc_pos 5376
alloc_pos 5392
alloc_pos 5408
alloc_pos 5424
alloc_pos 5440
alloc_pos 5456
alloc_pos 5472
alloc_pos 5488
alloc_pos 5504
alloc_pos 5520
alloc_pos 5536
alloc_pos 5552
alloc_pos 5568
alloc_pos 5584
alloc_pos 5600
alloc_pos 5616
alloc_pos 5632
alloc_pos 5648
alloc_pos 5664
alloc_pos 5680
alloc_pos 5696
alloc_pos 5712
alloc_pos 5728
alloc_pos 5744
alloc_pos 5760
alloc_pos 5776
alloc_pos 5792
alloc_pos 5808
alloc_pos 5824
alloc_pos 5840
alloc_pos 5856
alloc_pos 5872
alloc_pos 5888
alloc_pos 5904
alloc_pos 5920
alloc_pos 5936
alloc_pos 5952
alloc_pos 5968
alloc_pos 5984
alloc_pos 6000
alloc_pos 6016
alloc_pos 6032
alloc_pos 6048
alloc_pos 6064
alloc_pos 6080
alloc_pos 6096
alloc_pos 6112
alloc_pos 6128
alloc_pos 6144
alloc_pos 6160
alloc_pos 6176
alloc_pos 6192
alloc_pos 6208
alloc_pos 6224
alloc_pos 6240
alloc_pos 6256
alloc_pos 6272
alloc_pos 6288
alloc_pos 6304
alloc_pos 6320
alloc_pos 6336
alloc_pos 6352
alloc_pos 6368
alloc_pos 6384
alloc_pos 6400
alloc_pos 6416
alloc_pos 6432
alloc_pos 6448
alloc_pos 6464
alloc_pos 6480
alloc_pos 6496
alloc_pos 6512
alloc_pos 6528
alloc_pos 6544
alloc_pos 6560
alloc_pos 6576
alloc_pos 6592
alloc_pos 6608
alloc_pos 6624
alloc_pos 6640
alloc_pos 6656
alloc_pos 6672
alloc_pos 6688
alloc_pos 6704
alloc_pos 6720
alloc_pos 6736
alloc_pos 6752
alloc_pos 6768
alloc_pos 6784
alloc_pos 6800
alloc_pos 6816
alloc_pos 6832
alloc_pos 6848
alloc_pos 6864
alloc_pos 6880
alloc_pos 6896
alloc_pos 6912
alloc_pos 6928
alloc_pos 6944
alloc_pos 6960
alloc_pos 6976
alloc_pos 6992
alloc_pos 7008
alloc_pos 7024
alloc_pos 7040
alloc_pos 7056
alloc_pos 7072
alloc_pos 7088
alloc_pos 7104
alloc_pos 7120
alloc_pos 7136
alloc_pos 7152
alloc_pos 7168
alloc_pos 7184
alloc_pos 7200
alloc_pos 7216
alloc_pos 7232
alloc_pos 7248
alloc_pos 7264
alloc_pos 7280
alloc_pos 7296
alloc_pos 7312
alloc_pos 7328
alloc_pos 7344
alloc_pos 7360
alloc_pos 7376
alloc_pos 7392
alloc_pos 7408
alloc_pos 7424
alloc_pos 7440
alloc_pos 7456
alloc_pos 7472
alloc_pos 7488
alloc_pos 7504
alloc_pos 7520
alloc_pos 7536
alloc_pos 7552
alloc_pos 7568
alloc_pos 7584
alloc_pos 7600
alloc_pos 7616
alloc_pos 7632
alloc_pos 7648
alloc_pos 7664
alloc_pos 7680
alloc_pos 7696
alloc_pos 7712
alloc_pos 7728
alloc_pos 7744
alloc_pos 7760
alloc_pos 7776
alloc_pos 7792
alloc_pos 7808
alloc_pos 7824
alloc_pos 7840
alloc_pos 7856
alloc_pos 7872
alloc_pos 7888
alloc_pos 7904
alloc_pos 7920
alloc_pos 7936
alloc_pos 7952
alloc_pos 7968
alloc_pos 7984
alloc_pos 8000
alloc_pos 8016
alloc_pos 8032
alloc_pos 8048
alloc_pos 8064
alloc_pos 8080
alloc_pos 8096
alloc_pos 8112
alloc_pos 8128
alloc_pos 8144
alloc_pos 8160
alloc_pos 8176
alloc_pos 8192
alloc_pos 8208
alloc_pos 8224
alloc_pos 8240
alloc_pos 8256
alloc_pos 8272
alloc_pos 8288
alloc_pos 8304
alloc_pos 8320
alloc_pos 8336
alloc_pos 8352
alloc_pos 8368
alloc_pos 8384
alloc_pos 8400
alloc_pos 8416
alloc_pos 8432
alloc_pos 8448
alloc_pos 8464
alloc_pos 8480
alloc_pos 8496
alloc_pos 8512
alloc_pos 8528
alloc_pos 8544
alloc_pos 8560
alloc_pos 8576
alloc_pos 8592
alloc_pos 8608
alloc_pos 8624
alloc_pos 8640
alloc_pos 8656
alloc_pos 8672
alloc_pos 8688
alloc_pos 8704
alloc_pos 8720
alloc_pos 8736
alloc_pos 8752
alloc_pos 8768
alloc_pos 8784
alloc_pos 8800
alloc_pos 8816
alloc_pos 8832
alloc_pos 8848
alloc_pos 8864
alloc_pos 8880
alloc_pos 8896
alloc_pos 8912
alloc_pos 8928
alloc_pos 8944
alloc_pos 8960
alloc_pos 8976
alloc_pos 8992
alloc_pos 9008
alloc_pos 9024
alloc_pos 9040
alloc_pos 9056
alloc_pos 9072
alloc_pos 9088
alloc_pos 9104
alloc_pos 9120
alloc_pos 9136
alloc_pos 9152
alloc_pos 9168
alloc_pos 9184
alloc_pos 9200
alloc_pos 9216
alloc_pos 9232
alloc_pos 9248
alloc_pos 9264
alloc_pos 9348
alloc_pos 9404
alloc_pos 9456
alloc_pos 9484
alloc_pos 9688
alloc_pos 9744
alloc_pos 9964
alloc_pos 10028
alloc_pos 10104
alloc_pos 10164
alloc_pos 10400
alloc_pos 10452
alloc_pos 10560
alloc_pos 10780
alloc_pos 10980
alloc_pos 11128
alloc_pos 11160
alloc_pos 11356
alloc_pos 11460
alloc_pos 11692
alloc_pos 11796
alloc_pos 12012
alloc_pos 12092
alloc_pos 12276
alloc_pos 12500
alloc_pos 12732
alloc_pos 12888
alloc_pos 12920
alloc_pos 12972
alloc_pos 13020
alloc_pos 13080
alloc_pos 13272
alloc_pos 13340
alloc_pos 13404
alloc_pos 13628
alloc_pos 13684
alloc_pos 13776
alloc_pos 13984
alloc_pos 14092
alloc_pos 14164
alloc_pos 14208
alloc_pos 14236
alloc_pos 14344
alloc_pos 14500
alloc_pos 14680
alloc_pos 14820
alloc_pos 14880
alloc_pos 15004
alloc_pos 15232
alloc_pos 15440
alloc_pos 15524
alloc_pos 15580
alloc_pos 15632
alloc_pos 15660
alloc_pos 15864
alloc_pos 15920
alloc_pos 16140
alloc_pos 16204
alloc_pos 16280
alloc_pos 16340
alloc_pos 16576
alloc_pos 16628
alloc_pos 16736
alloc_pos 16956
alloc_pos 17156
alloc_pos 17304
alloc_pos 17336
alloc_pos 17532
alloc_pos 17636
alloc_pos 17868
alloc_pos 17972
alloc_pos 18188
alloc_pos 18268
alloc_pos 18452
alloc_pos 18676
alloc_pos 18908
alloc_pos 19064
alloc_pos 19096
alloc_pos 19148
alloc_pos 19196
alloc_pos 19256
alloc_pos 19448
alloc_pos 19516
alloc_pos 19580
alloc_pos 19804
alloc_pos 19860
alloc_pos 19952
alloc_pos 20160
alloc_pos 20268
alloc_pos 20340
alloc_pos 20384
alloc_pos 20412
alloc_pos 20520
alloc_pos 20676
alloc_pos 20856
alloc_pos 20996
alloc_pos 21056
alloc_pos 21180
alloc_pos 21408
alloc_pos 21616
alloc_pos 21700
alloc_pos 21756
alloc_pos 21808
alloc_pos 21836
alloc_pos 22040
alloc_pos 22096
alloc_pos 22316
alloc_pos 22380
alloc_pos 22456
alloc_pos 22516
alloc_pos 22752
alloc_pos 22804
alloc_pos 22912
alloc_pos 23132
alloc_pos 23332
alloc_pos 23480
alloc_pos 23512
alloc_pos 23708
alloc_pos 23812
alloc_pos 24044
alloc_pos 24148
alloc_pos 24364
alloc_pos 24444
alloc_pos 24628
alloc_pos 24852
alloc_pos 25084
alloc_pos 25240
alloc_pos 25272
alloc_pos 25324
alloc_pos 25372
alloc_pos 25432
alloc_pos 25624
alloc_pos 25692
alloc_pos 25756
alloc_pos 25980
alloc_pos 26036
alloc_pos 26128
alloc_pos 26336
alloc_pos 26444
alloc_pos 26516
alloc_pos 26560
alloc_pos 26588
alloc_pos 26696
alloc_pos 26852
alloc_pos 27032
alloc_pos 27172
alloc_pos 27232
alloc_pos 27356
alloc_pos 27584
alloc_pos 27792
alloc_pos 27876
alloc_pos 27932
alloc_pos 27984
alloc_pos 28012
alloc_pos 28216
alloc_pos 28272
alloc_pos 28492
alloc_pos 28556
alloc_pos 28632
alloc_pos 28692
alloc_pos 28928
alloc_pos 28980
alloc_pos 29088
alloc_pos 29308
alloc_pos 29508
alloc_pos 29656
alloc_pos 29688
alloc_pos 29884
alloc_pos 29988
alloc_pos 30220
alloc_pos 30324
alloc_pos 30540
alloc_pos 30620
alloc_pos 30804
alloc_pos 31028
alloc_pos 31260
alloc_pos 31416
alloc_pos 31448
alloc_pos 31500
alloc_pos 31548
alloc_pos 31608
alloc_pos 31800
alloc_pos 31868
alloc_pos 31932
alloc_pos 32156
alloc_pos 32212
alloc_pos 32304
alloc_pos 32512
alloc_pos 32620
alloc_pos 32692
alloc_pos 32736
alloc_pos 32764
alloc_pos 32872
alloc_pos 33028
alloc_pos 33208
alloc_pos 33348
alloc_pos 33408
alloc_pos 33532
alloc_pos 33760
alloc_pos 33968
alloc_pos 34052
alloc_pos 34108
alloc_pos 34160
alloc_pos 34188
alloc_pos 34392
alloc_pos 34448
alloc_pos 34668
alloc_pos 34732
alloc_pos 34808
alloc_pos 34868
alloc_pos 35104
alloc_pos 35156
alloc_pos 35264
alloc_pos 35484
alloc_pos 35684
alloc_pos 35832
alloc_pos 35864
alloc_pos 36060
alloc_pos 36164
alloc_pos 36396
alloc_pos 36500
alloc_pos 36716
alloc_pos 36796
alloc_pos 36980
alloc_pos 37204
alloc_pos 37436
alloc_pos 37592
alloc_pos 37624
alloc_pos 37676
alloc_pos 37724
alloc_pos 37784
alloc_pos 37976
alloc_pos 38044
alloc_pos 38108
alloc_pos 38332
alloc_pos 38388
alloc_pos 38480
alloc_pos 38688
alloc_pos 38796
alloc_pos 38868
alloc_pos 38912
alloc_pos 38940
alloc_pos 39048
alloc_pos 39204
alloc_pos 39384
alloc_pos 39524
alloc_pos 39584
alloc_pos 39708
alloc_pos 39936
alloc_pos 40144
alloc_pos 40228
alloc_pos 40284
alloc_pos 40336
alloc_pos 40364
alloc_pos 40568
alloc_pos 40624
alloc_pos 40844
alloc_pos 40908
alloc_pos 40984
alloc_pos 41044
alloc_pos 41280
alloc_pos 41332
alloc_pos 41440
alloc_pos 41660
alloc_pos 41860
alloc_pos 42008
alloc_pos 42040
alloc_pos 42236
alloc_pos 42340
alloc_pos 42572
alloc_pos 42676
alloc_pos 42892
alloc_pos 42972
alloc_pos 43156
alloc_pos 43380
alloc_pos 43612
alloc_pos 43768
alloc_pos 43800
alloc_pos 43852
alloc_pos 43900
alloc_pos 43960
alloc_pos 44152
alloc_pos 44220
alloc_pos 44284
alloc_pos 44508
alloc_pos 44564
alloc_pos 44656
alloc_pos 44864
alloc_pos 44972
alloc_pos 45044
alloc_pos 45088
alloc_pos 45116
alloc_pos 45224
alloc_pos 45380
alloc_pos 45560
alloc_pos 45700
alloc_pos 45760
alloc_pos 45884
alloc_pos 46112
alloc_pos 46320
alloc_pos 46404
alloc_pos 46460
alloc_pos 46512
alloc_pos 46540
alloc_pos 46744
alloc_pos 46800
alloc_pos 47020
alloc_pos 47084
alloc_pos 47160
alloc_pos 47220
alloc_pos 47456
alloc_pos 47508
alloc_pos 47616
alloc_pos 47836
alloc_pos 48036
alloc_pos 48184
alloc_pos 48216
alloc_pos 48412
alloc_pos 48516
alloc_pos 48748
alloc_pos 48852
alloc_pos 49068
alloc_pos 49148
alloc_pos 49332
alloc_pos 49556
alloc_pos 49788
alloc_pos 49944
alloc_pos 49976
alloc_pos 50028
alloc_pos 50076
alloc_pos 50136
alloc_pos 50328
alloc_pos 50396
alloc_pos 50460
alloc_pos 50684
alloc_pos 50740
alloc_pos 50832
alloc_pos 51040
alloc_pos 51148
alloc_pos 51220
alloc_pos 51264
alloc_pos 51292
alloc_pos 51400
alloc_pos 51556
alloc_pos 51736
alloc_pos 51876
alloc_pos 51936
alloc_pos 52060
alloc_pos 52288
alloc_pos 52496
alloc_pos 52580
alloc_pos 52636
alloc_pos 52688
alloc_pos 52716
alloc_pos 52920
alloc_pos 52976
alloc_pos 53196
alloc_pos 53260
alloc_pos 53336
alloc_pos 53396
alloc_pos 53632
alloc_pos 53684
alloc_pos 53792
alloc_pos 54012
alloc_pos 54212
alloc_pos 54360
alloc_pos 54392
alloc_pos 54588
alloc_pos 54692
alloc_pos 54924
alloc_pos 55028
alloc_pos 55244
alloc_pos 55324
alloc_pos 55508
alloc_pos 55732
alloc_pos 55964
alloc_pos 56120
alloc_pos 56152
alloc_pos 56204
alloc_pos 56252
alloc_pos 56312
alloc_pos 56504
alloc_pos 56572
alloc_pos 56636
alloc_pos 56860
alloc_pos 56916
alloc_pos 57008
alloc_pos 57216
alloc_pos 57324
alloc_pos 57396
alloc_pos 57440
alloc_pos 57468
alloc_pos 57576
alloc_pos 57732
alloc_pos 57912
alloc_pos 58052
alloc_pos 58112
alloc_pos 58236
alloc_pos 58464
alloc_pos 58672
alloc_pos 58756
alloc_pos 58812
alloc_pos 58864
alloc_pos 58892
alloc_pos 59096
alloc_pos 59152
alloc_pos 59372
alloc_pos 59436
alloc_pos 59512
alloc_pos 59572
alloc_pos 59808
alloc_pos 59860
alloc_pos 59968
alloc_pos 60188
alloc_pos 60388
alloc_pos 60536
alloc_pos 60568
alloc_pos 60764
alloc_pos 60868
alloc_pos 61100
alloc_pos 61204
alloc_pos 61420
alloc_pos 61500
alloc_pos 61684
alloc_pos 61908
alloc_pos 62140
alloc_pos 62296
alloc_pos 62328
alloc_pos 62380
alloc_pos 62428
alloc_pos 62488
alloc_pos 62680
alloc_pos 62748
alloc_pos 62812
alloc_pos 63036
alloc_pos 63092
alloc_pos 63184
alloc_pos 63392
alloc_pos 63500
alloc_pos 63572
alloc_pos 63616
alloc_pos 63644
alloc_pos 63752
alloc_pos 63908
alloc_pos 64088
alloc_pos 64228
alloc_pos 64288
alloc_pos 64412
alloc_pos 64640
alloc_pos 64848
alloc_pos 64932
alloc_pos 64988
alloc_pos 65040
alloc_pos 65068
alloc_pos 65272
alloc_pos 65328
alloc_pos 65548
alloc_pos 65612
alloc_pos 65688
alloc_pos 65748
alloc_pos 65984
alloc_pos 66036
alloc_pos 66144
alloc_pos 66364
alloc_pos 66564
alloc_pos 66712
alloc_pos 66744
alloc_pos 66940
alloc_pos 67044
alloc_pos 67276
alloc_pos 67380
alloc_pos 67596
alloc_pos 67676
alloc_pos 67860
alloc_pos 68084
alloc_pos 68316
alloc_pos 68472
alloc_pos 68504
alloc_pos 68556
alloc_pos 68604
alloc_pos 68664
alloc_pos 68856
alloc_pos 68924
alloc_pos 68988
alloc_pos 69212
alloc_pos 69268
alloc_pos 69360
alloc_pos 69568
alloc_pos 69676
alloc_pos 69748
alloc_pos 69792
alloc_pos 69820
alloc_pos 69928
alloc_pos 70084
alloc_pos 70264
alloc_pos 70404
alloc_pos 70464
alloc_pos 70588
alloc_pos 70816
alloc_pos 71024
alloc_pos 71108
alloc_pos 71164
alloc_pos 71216
alloc_pos 71244
alloc_pos 71448
alloc_pos 71504
alloc_pos 71724
alloc_pos 71788
alloc_pos 71864
alloc_pos 71924
alloc_pos 72160
alloc_pos 72212
alloc_pos 72320
alloc_pos 72540
alloc_pos 72740
alloc_pos 72888
alloc_pos 72920
alloc_pos 73116
alloc_pos 73220
alloc_pos 73452
alloc_pos 73556
alloc_pos 73772
alloc_pos 73852
alloc_pos 74036
alloc_pos 74260
alloc_pos 74492
alloc_pos 74648
alloc_pos 74680
alloc_pos 74732
alloc_pos 74780
alloc_pos 74840
alloc_pos 75032
alloc_pos 75100
alloc_pos 75164
alloc_pos 75388
alloc_pos 75444
alloc_pos 75536
alloc_pos 75744
alloc_pos 75852
alloc_pos 75924
alloc_pos 75968
alloc_pos 75996
alloc_pos 76104
alloc_pos 76260
alloc_pos 76440
alloc_pos 76580
alloc_pos 76640
alloc_pos 76764
alloc_pos 76992
alloc_pos 77200
alloc_pos 77284
alloc_pos 77340
alloc_pos 77392
alloc_pos 77420
alloc_pos 77624
alloc_pos 77680
alloc_pos 77900
alloc_pos 77964
alloc_pos 78040
alloc_pos 78100
alloc_pos 78336
alloc_pos 78388
alloc_pos 78496
alloc_pos 78716
alloc_pos 78916
alloc_pos 79064
alloc_pos 79096
alloc_pos 79292
alloc_pos 79396
alloc_pos 79628
alloc_pos 79732
alloc_pos 79948
alloc_pos 80028
alloc_pos 80212
alloc_pos 80436
alloc_pos 80668
alloc_pos 80824
alloc_pos 80856
alloc_pos 80908
alloc_pos 80956
alloc_pos 81016
alloc_pos 81208
alloc_pos 81276
alloc_pos 81340
alloc_pos 81564
alloc_pos 81620
alloc_pos 81712
alloc_pos 81920
alloc_pos 82028
alloc_pos 82100
alloc_pos 82144
alloc_pos 82172
alloc_pos 82280
alloc_pos 82436
alloc_pos 82616
alloc_pos 82756
alloc_pos 82816
alloc_pos 82940
alloc_pos 83168
alloc_pos 83376
alloc_pos 83460
alloc_pos 83516
alloc_pos 83568
alloc_pos 83596
alloc_pos 83800
alloc_pos 83856
alloc_pos 84076
alloc_pos 84140
alloc_pos 84216
alloc_pos 84276
alloc_pos 84512
alloc_pos 84564
alloc_pos 84672
alloc_pos 84892
alloc_pos 85092
alloc_pos 85240
alloc_pos 85272
alloc_pos 85468
alloc_pos 85572
alloc_pos 85804
alloc_pos 85908
alloc_pos 86124
alloc_pos 86204
alloc_pos 86388
alloc_pos 86612
alloc_pos 86844
alloc_pos 87000
alloc_pos 87032
alloc_pos 87084
alloc_pos 87132
alloc_pos 87192
alloc_pos 87384
alloc_pos 87452
alloc_pos 87516
alloc_pos 87740
alloc_pos 87796
alloc_pos 87888
alloc_pos 88096
alloc_pos 88204
alloc_pos 88276
alloc_pos 88320
alloc_pos 88348
alloc_pos 88456
alloc_pos 88612
alloc_pos 88792
alloc_pos 88932
alloc_pos 88992
alloc_pos 89116
alloc_pos 89344
alloc_pos 89552
alloc_pos 89636
alloc_pos 89692
alloc_pos 89744
alloc_pos 89772
alloc_pos 89976
alloc_pos 90032
alloc_pos 90252
alloc_pos 90316
alloc_pos 90392
alloc_pos 90452
alloc_pos 90688
alloc_pos 90740
alloc_pos 90848
alloc_pos 91068
alloc_pos 91268
alloc_pos 91416
alloc_pos 91448
alloc_pos 91644
alloc_pos 91748
alloc_pos 91980
alloc_pos 92084
alloc_pos 92300
alloc_pos 92380
alloc_pos 92564
alloc_pos 92788
alloc_pos 93020
alloc_pos 93176
alloc_pos 93208
alloc_pos 93260
alloc_pos 93308
alloc_pos 93368
alloc_pos 93560
alloc_pos 93628
alloc_pos 93692
alloc_pos 93916
alloc_pos 93972
alloc_pos 94064
alloc_pos 94272
alloc_pos 94380
alloc_pos 94452
alloc_pos 94496
alloc_pos 94524
alloc_pos 94632
alloc_pos 94788
alloc_pos 94968
alloc_pos 95108
alloc_pos 95168
alloc_pos 95292
alloc_pos 95520
alloc_pos 95728
alloc_pos 95812
alloc_pos 95868
alloc_pos 95920
alloc_pos 95948
alloc_pos 96152
alloc_pos 96208
alloc_pos 96428
alloc_pos 96492
alloc_pos 96568
alloc_pos 96628
alloc_pos 96864
alloc_pos 96916
alloc_pos 97024
alloc_pos 97244
alloc_pos 97444
alloc_pos 97592
alloc_pos 97624
alloc_pos 97820
alloc_pos 97924
alloc_pos 98156
alloc_pos 98260
alloc_pos 98476
alloc_pos 98556
alloc_pos 98740
alloc_pos 98964
alloc_pos 99196
alloc_pos 99352
alloc_pos 99384
alloc_pos 99436
alloc_pos 99484
alloc_pos 99544
alloc_pos 99736
alloc_pos 99804
alloc_pos 99868
alloc_pos 100092
alloc_pos 100148
alloc_pos 100240
alloc_pos 100448
alloc_pos 100556
alloc_pos 100628
alloc_pos 100672
alloc_pos 100700
alloc_pos 100808
alloc_pos 100964
alloc_pos 101144
alloc_pos 101284
alloc_pos 101344
alloc_pos 101468
alloc_pos 101696
alloc_pos 101904
alloc_pos 101988
alloc_pos 102044
alloc_pos 102096
alloc_pos 102124
alloc_pos 102328
alloc_pos 102384
alloc_pos 102604
alloc_pos 102668
alloc_pos 102744
alloc_pos 102804
alloc_pos 103040
alloc_pos 103092
alloc_pos 103200
alloc_pos 103420
alloc_pos 103620
alloc_pos 103768
alloc_pos 103800
alloc_pos 103996
alloc_pos 104100
alloc_pos 104332
alloc_pos 104436
alloc_pos 104652
alloc_pos 104732
alloc_pos 104916
alloc_pos 105140
alloc_pos 105372
alloc_pos 105528
alloc_pos 105560
alloc_pos 105612
alloc_pos 105660
alloc_pos 105720
alloc_pos 105912
alloc_pos 105980
alloc_pos 106044
alloc_pos 106268
alloc_pos 106324
alloc_pos 106416
alloc_pos 106624
alloc_pos 106732
alloc_pos 106804
alloc_pos 106848
alloc_pos 106876
alloc_pos 106984
alloc_pos 107140
alloc_pos 107320
alloc_pos 107460
alloc_pos 107520
alloc_pos 107644
alloc_pos 107872
alloc_pos 108080
alloc_pos 108164
alloc_pos 108220
alloc_pos 108272
alloc_pos 108300
alloc_pos 108504
alloc_pos 108560
alloc_pos 108780
alloc_pos 108844
alloc_pos 108920
alloc_pos 108980
alloc_pos 109216
alloc_pos 109268
alloc_pos 109376
alloc_pos 109596
alloc_pos 109796
alloc_pos 109944
alloc_pos 109976
alloc_pos 110172
alloc_pos 110276
alloc_pos 110508
alloc_pos 110612
alloc_pos 110828
alloc_pos 110908
alloc_pos 111092
alloc_pos 111316
alloc_pos 111548
alloc_pos 111704
alloc_pos 111736
alloc_pos 111788
alloc_pos 111836
alloc_pos 111896
alloc_pos 112088
alloc_pos 112156
alloc_pos 112220
alloc_pos 112444
alloc_pos 112500
alloc_pos 112592
alloc_pos 112800
alloc_pos 112908
alloc_pos 112980
alloc_pos 113024
alloc_pos 113052
alloc_pos 113160
alloc_pos 113316
alloc_pos 113496
alloc_pos 113636
alloc_pos 113696
alloc_pos 113820
alloc_pos 114048
alloc_pos 114256
alloc_pos 114340
alloc_pos 114396
alloc_pos 114448
alloc_pos 114476
alloc_pos 114680
alloc_pos 114736
alloc_pos 114956
alloc_pos 115020
alloc_pos 115096
alloc_pos 115156
alloc_pos 115392
alloc_pos 115444
alloc_pos 115552
alloc_pos 115772
alloc_pos 115972
alloc_pos 116120
alloc_pos 116152
alloc_pos 116348
alloc_pos 116452
alloc_pos 116684
alloc_pos 116788
alloc_pos 117004
alloc_pos 117084
alloc_pos 117268
alloc_pos 117492
alloc_pos 117724
alloc_pos 117880
alloc_pos 117912
alloc_pos 117964
alloc_pos 118012
alloc_pos 118072
alloc_pos 118264
alloc_pos 118332
alloc_pos 118396
alloc_pos 118620
alloc_pos 118676
alloc_pos 118768
alloc_pos 118976
alloc_pos 119084
alloc_pos 119156
alloc_pos 119200
alloc_pos 119228
alloc_pos 119336
alloc_pos 119492
alloc_pos 119672
alloc_pos 119812
alloc_pos 119872
alloc_pos 119996
alloc_pos 120224
alloc_pos 120432
alloc_pos 120516
alloc_pos 120572
alloc_pos 120624
alloc_pos 120652
alloc_pos 120856
alloc_pos 120912
alloc_pos 121132
alloc_pos 121196
alloc_pos 121272
alloc_pos 121332
alloc_pos 121568
alloc_pos 121620
alloc_pos 121728
alloc_pos 121948
alloc_pos 122148
alloc_pos 122296
alloc_pos 122328
alloc_pos 122524
alloc_pos 122628
alloc_pos 122860
alloc_pos 122964
alloc_pos 123180
alloc_pos 123260
alloc_pos 123444
alloc_pos 123668
alloc_pos 123900
alloc_pos 124056
alloc_pos 124088
alloc_pos 124140
alloc_pos 124188
alloc_pos 124248
alloc_pos 124440
alloc_pos 124508
alloc_pos 124572
alloc_pos 124796
alloc_pos 124852
alloc_pos 124944
alloc_pos 125152
alloc_pos 125260
alloc_pos 125332
alloc_pos 125376
alloc_pos 125404
alloc_pos 125512
alloc_pos 125668
alloc_pos 125848
alloc_pos 125988
alloc_pos 126048
alloc_pos 126172
alloc_pos 126400
alloc_pos 126608
alloc_pos 126692
alloc_pos 126748
alloc_pos 126800
alloc_pos 126828
alloc_pos 127032
alloc_pos 127088
alloc_pos 127308
alloc_pos 127372
alloc_pos 127448
alloc_pos 127508
alloc_pos 127744
alloc_pos 127796
alloc_pos 127904
alloc_pos 128124
alloc_pos 128324
alloc_pos 128472
alloc_pos 128504
alloc_pos 128700
alloc_pos 128804
alloc_pos 129036
alloc_pos 129140
alloc_pos 129356
alloc_pos 129436
alloc_pos 129620
alloc_pos 129844
alloc_pos 130076
alloc_pos 130232
alloc_pos 130264
alloc_pos 130316
alloc_pos 130364
alloc_pos 130424
alloc_pos 130616
alloc_pos 130684
alloc_pos 130748
alloc_pos 130972
alloc_pos -1

