reason: unexpected exit code -6
--- stdout ---
CHENEY GENERATOR!
--- stderr ---
alloc_pos 8
alloc_pos 1040
alloc_pos 1056
alloc_pos 1112
alloc_pos 1128
alloc_pos 1296
alloc_pos 1312
alloc_pos 1552
alloc_pos 1568
alloc_pos 1796
alloc_pos 1812
alloc_pos 2028
alloc_pos 2044
alloc_pos 2084
alloc_pos 2100
alloc_pos 2188
alloc_pos 2204
alloc_pos 2256
alloc_pos 2272
alloc_pos 2420
alloc_pos 2436
alloc_pos 2652
alloc_pos 2668
alloc_pos 2804
alloc_pos 2820
alloc_pos 2964
alloc_pos 2980
alloc_pos 3168
alloc_pos 3184
alloc_pos 3304
alloc_pos 3320
alloc_pos 3544
alloc_pos 3560
alloc_pos 3636
alloc_pos 3652
alloc_pos 3700
alloc_pos 3716
alloc_pos 3864
alloc_pos 3880
alloc_pos 3908
alloc_pos 3924
alloc_pos 4176
alloc_pos 4192
alloc_pos 4428
alloc_pos 4444
alloc_pos 4564
alloc_pos 4580
alloc_pos 4712
alloc_pos 4728
alloc_pos 4904
alloc_pos 4920
alloc_pos 5136
alloc_pos 5152
alloc_pos 5372
alloc_pos 5388
alloc_pos 5412
alloc_pos 5428
alloc_pos 5628
alloc_pos 5644
alloc_pos 5780
alloc_pos 5796
alloc_pos 5888
alloc_pos 5904
alloc_pos 6112
alloc_pos 6128
alloc_pos 6356
alloc_pos 6372
alloc_pos 6452
alloc_pos 6468
alloc_pos 6640
alloc_pos 6656
alloc_pos 6920
alloc_pos 6936
alloc_pos 6984
alloc_pos 7000
alloc_pos 7252
alloc_pos 7268
alloc_pos 7372
alloc_pos 7388
alloc_pos 7416
alloc_pos 7432
alloc_pos 7460
alloc_pos 7476
alloc_pos 7504
alloc_pos 7520
alloc_pos 7708
alloc_pos 7724
alloc_pos 7884
alloc_pos 7900
alloc_pos 7924
alloc_pos 7940
alloc_pos 8204
alloc_pos 8220
alloc_pos 8468
alloc_pos 8484
alloc_pos 8604
alloc_pos 8620
alloc_pos 8816
alloc_pos 8832
alloc_pos 8908
alloc_pos 8924
alloc_pos 9056
alloc_pos 9072
alloc_pos 9280
alloc_pos 9296
alloc_pos 9324
alloc_pos 9340
alloc_pos 9496
alloc_pos 9512
alloc_pos 9592
alloc_pos 9608
alloc_pos 9824
alloc_pos 9840
alloc_pos 9976
alloc_pos 9992
alloc_pos 10256
alloc_pos 10272
alloc_pos 10420
alloc_pos 10436
alloc_pos 10600
alloc_pos 10616
alloc_pos 10696
alloc_pos 10712
alloc_pos 10824
alloc_pos 10840
alloc_pos 10920
alloc_pos 10936
alloc_pos 11132
alloc_pos 11148
alloc_pos 11228
alloc_pos 11244
alloc_pos 11460
alloc_pos 11476
alloc_pos 11616
alloc_pos 11632
alloc_pos 11896
alloc_pos 11912
alloc_pos 12008
alloc_pos 12024
alloc_pos 12284
alloc_pos 12300
alloc_pos 12328
alloc_pos 12344
alloc_pos 12472
alloc_pos 12488
alloc_pos 12724
alloc_pos 12740
alloc_pos 12996
alloc_pos 13012
alloc_pos 13176
alloc_pos 13192
alloc_pos 13452
alloc_pos 13468
alloc_pos 13656
alloc_pos 13672
alloc_pos 13720
alloc_pos 13736
alloc_pos 13804
alloc_pos 13820
alloc_pos 14004
alloc_pos 14020
alloc_pos 14228
alloc_pos 14244
alloc_pos 14488
alloc_pos 14504
alloc_pos 14600
alloc_pos 14616
alloc_pos 14668
alloc_pos 14684
alloc_pos 14896
alloc_pos 14912
alloc_pos 15020
alloc_pos 15036
alloc_pos 15288
alloc_pos 15304
alloc_pos 15512
alloc_pos 15528
alloc_pos 15732
alloc_pos 15748
alloc_pos 15900
alloc_pos 15916
alloc_pos 16176
alloc_pos 16192
alloc_pos 16324
alloc_pos 16340
alloc_pos 16492
alloc_pos 16508
alloc_pos 16744
alloc_pos 16760
alloc_pos 17016
alloc_pos 17032
alloc_pos 17224
alloc_pos 17240
alloc_pos 17312
alloc_pos 17328
alloc_pos 17428
alloc_pos 17444
alloc_pos 17540
alloc_pos 17556
alloc_pos 17728
alloc_pos 17744
alloc_pos 17992
alloc_pos 18008
alloc_pos 18156
alloc_pos 18172
alloc_pos 18412
alloc_pos 18428
alloc_pos 18692
alloc_pos 18708
alloc_pos 18860
alloc_pos 18876
alloc_pos 19000
alloc_pos 19016
alloc_pos 19188
alloc_pos 19204
alloc_pos 19444
alloc_pos 19460
alloc_pos 19492
alloc_pos 19508
alloc_pos 19652
alloc_pos 19668
alloc_pos 19752
alloc_pos 19768
alloc_pos 19980
alloc_pos 19996
alloc_pos 20224
alloc_pos 20240
alloc_pos 20364
alloc_pos 20380
alloc_pos 20508
alloc_pos 20524
alloc_pos 20716
alloc_pos 20732
alloc_pos 20800
alloc_pos 20816
alloc_pos 20932
alloc_pos 20948
alloc_pos 21112
alloc_pos 21128
alloc_pos 21376
alloc_pos 21392
alloc_pos 21592
alloc_pos 21608
alloc_pos 21828
alloc_pos 21844
alloc_pos 22040
alloc_pos 22056
alloc_pos 22268
alloc_pos 22284
alloc_pos 22400
alloc_pos 22416
alloc_pos 22460
alloc_pos 22476
alloc_pos 22612
alloc_pos 22628
alloc_pos 22820
alloc_pos 22836
alloc_pos 22988
alloc_pos 23004
alloc_pos 23052
alloc_pos 23068
alloc_pos 23288
alloc_pos 23304
alloc_pos 23368
alloc_pos 23384
alloc_pos 23540
alloc_pos 23556
alloc_pos 23792
alloc_pos 23808
alloc_pos 23932
alloc_pos 23948
alloc_pos 24064
alloc_pos 24080
alloc_pos 24228
alloc_pos 24244
alloc_pos 24452
alloc_pos 24468
alloc_pos 24496
alloc_pos 24512
alloc_pos 24656
alloc_pos 24672
alloc_pos 24704
alloc_pos 24720
alloc_pos 24820
alloc_pos 24836
alloc_pos 25040
alloc_pos 25056
alloc_pos 25296
alloc_pos 25312
alloc_pos 25492
alloc_pos 25508
alloc_pos 25680
alloc_pos 25696
alloc_pos 25868
alloc_pos 25884
alloc_pos 26008
alloc_pos 26024
alloc_pos 26212
alloc_pos 26228
alloc_pos 26292
alloc_pos 26308
alloc_pos 26372
alloc_pos 26388
alloc_pos 26540
alloc_pos 26556
alloc_pos 26636
alloc_pos 26652
alloc_pos 26676
alloc_pos 26692
alloc_pos 26912
alloc_pos 26928
alloc_pos 27000
alloc_pos 27016
alloc_pos 27176
alloc_pos 27192
alloc_pos 27448
alloc_pos 27464
alloc_pos 27708
alloc_pos 27724
alloc_pos 27888
alloc_pos 27904
alloc_pos 27984
alloc_pos 28000
alloc_pos 28124
alloc_pos 28140
alloc_pos 28292
alloc_pos 28308
alloc_pos 28420
alloc_pos 28436
alloc_pos 28700
alloc_pos 28716
alloc_pos 28956
alloc_pos 28972
alloc_pos 29140
alloc_pos 29156
alloc_pos 29268
alloc_pos 29284
alloc_pos 29424
alloc_pos 29440
alloc_pos 29696
alloc_pos 29712
alloc_pos 29804
alloc_pos 29820
alloc_pos 30012
alloc_pos 30028
alloc_pos 30192
alloc_pos 30208
alloc_pos 30384
alloc_pos 30400
alloc_pos 30608
alloc_pos 30624
alloc_pos 30648
alloc_pos 30664
alloc_pos 30784
alloc_pos 30800
alloc_pos 31024
alloc_pos 31040
alloc_pos 31280
alloc_pos 31296
alloc_pos 31528
alloc_pos 31544
alloc_pos 31792
alloc_pos 31808
alloc_pos 32072
alloc_pos 32088
alloc_pos 32300
alloc_pos 32316
alloc_pos 32468
alloc_pos 32484
alloc_pos 32712
alloc_pos 32728
alloc_pos 32784
alloc_pos 32800
alloc_pos 32956
alloc_pos 32972
alloc_pos 33192
alloc_pos 33208
alloc_pos 33372
alloc_pos 33388
alloc_pos 33464
alloc_pos 33480
alloc_pos 33612
alloc_pos 33628
alloc_pos 33892
alloc_pos 33908
alloc_pos 33944
alloc_pos 33960
alloc_pos 34104
alloc_pos 34120
alloc_pos 34364
alloc_pos 34380
alloc_pos 34496
alloc_pos 34512
alloc_pos 34680
alloc_pos 34696
alloc_pos 34860
alloc_pos 34876
alloc_pos 34948
alloc_pos 34964
alloc_pos 35228
alloc_pos 35244
alloc_pos 35396
alloc_pos 35412
alloc_pos 35540
alloc_pos 35556
alloc_pos 35704
alloc_pos 35720
alloc_pos 35952
alloc_pos 35968
alloc_pos 36080
alloc_pos 36096
alloc_pos 36224
alloc_pos 36240
alloc_pos 36352
alloc_pos 36368
alloc_pos 36392
alloc_pos 36408
alloc_pos 36568
alloc_pos 36584
alloc_pos 36744
alloc_pos 36760
alloc_pos 36940
alloc_pos 36956
alloc_pos 37180
alloc_pos 37196
alloc_pos 37376
alloc_pos 37392
alloc_pos 37500
alloc_pos 37516
alloc_pos 37656
alloc_pos 37672
alloc_pos 37848
alloc_pos 37864
alloc_pos 37892
alloc_pos 37908
alloc_pos 38136
alloc_pos 38152
alloc_pos 38232
alloc_pos 38248
alloc_pos 38432
alloc_pos 38448
alloc_pos 38516
alloc_pos 38532
alloc_pos 38696
alloc_pos 38712
alloc_pos 38884
alloc_pos 38900
alloc_pos 38968
alloc_pos 38984
alloc_pos 39228
alloc_pos 39244
alloc_pos 39288
alloc_pos 39304
alloc_pos 39532
alloc_pos 39548
alloc_pos 39712
alloc_pos 39728
alloc_pos 39956
alloc_pos 39972
alloc_pos 40212
alloc_pos 40228
alloc_pos 40460
alloc_pos 40476
alloc_pos 40736
alloc_pos 40752
alloc_pos 40840
alloc_pos 40856
alloc_pos 40888
alloc_pos 40904
alloc_pos 41140
alloc_pos 41156
alloc_pos 41420
alloc_pos 41436
alloc_pos 41632
alloc_pos 41648
alloc_pos 41688
alloc_pos 41704
alloc_pos 41748
alloc_pos 41764
alloc_pos 42008
alloc_pos 42024
alloc_pos 42052
alloc_pos 42068
alloc_pos 42204
alloc_pos 42220
alloc_pos 42244
alloc_pos 42260
alloc_pos 42476
alloc_pos 42492
alloc_pos 42708
alloc_pos 42724
alloc_pos 42816
alloc_pos 42832
alloc_pos 42916
alloc_pos 42932
alloc_pos 43024
alloc_pos 43040
alloc_pos 43092
alloc_pos 43108
alloc_pos 43336
alloc_pos 43352
alloc_pos 43532
alloc_pos 43548
alloc_pos 43616
alloc_pos 43632
alloc_pos 43744
alloc_pos 43760
alloc_pos 43856
alloc_pos 43872
alloc_pos 43912
alloc_pos 43928
alloc_pos 43992
alloc_pos 44008
alloc_pos 44072
alloc_pos 44128
alloc_pos 44296
alloc_pos 44536
alloc_pos 44764
alloc_pos 44980
alloc_pos 45020
alloc_pos 45108
alloc_pos 45160
alloc_pos 45308
alloc_pos 45524
alloc_pos 45660
alloc_pos 45804
alloc_pos 45992
alloc_pos 46112
alloc_pos 46336
alloc_pos 46412
alloc_pos 46460
alloc_pos 46608
alloc_pos 46636
alloc_pos 46888
alloc_pos 47124
alloc_pos 47244
alloc_pos 47376
alloc_pos 47552
alloc_pos 47768
alloc_pos 47988
alloc_pos 48012
alloc_pos 48212
alloc_pos 48348
alloc_pos 48440
alloc_pos 48648
alloc_pos 48876
alloc_pos 48956
alloc_pos 49128
alloc_pos 49392
alloc_pos 49440
alloc_pos 49692
alloc_pos 49796
alloc_pos 49824
alloc_pos 49852
alloc_pos 49880
alloc_pos 50068
alloc_pos 50228
alloc_pos 50252
alloc_pos 50516
alloc_pos 50764
alloc_pos 50884
alloc_pos 51080
alloc_pos 51156
alloc_pos 51288
alloc_pos 51496
alloc_pos 51524
alloc_pos 51680
alloc_pos 51760
alloc_pos 51976
alloc_pos 52112
alloc_pos 52376
alloc_pos 52524
alloc_pos 52688
alloc_pos 52768
alloc_pos 52880
alloc_pos 52960
alloc_pos 53156
alloc_pos 53236
alloc_pos 53452
alloc_pos 53592
alloc_pos 53856
alloc_pos 53952
alloc_pos 54212
alloc_pos 54240
alloc_pos 54368
alloc_pos 54604
alloc_pos 54860
alloc_pos 55024
alloc_pos 55284
alloc_pos 55472
alloc_pos 55520
alloc_pos 55588
alloc_pos 55772
alloc_pos 55980
alloc_pos 56224
alloc_pos 56320
alloc_pos 56372
alloc_pos 56584
alloc_pos 56692
alloc_pos 56944
alloc_pos 57152
alloc_pos 57356
alloc_pos 57508
alloc_pos 57768
alloc_pos 57900
alloc_pos 58052
alloc_pos 58288
alloc_pos 58544
alloc_pos 58736
alloc_pos 58808
alloc_pos 58908
alloc_pos 59004
alloc_pos 59176
alloc_pos 59424
alloc_pos 59572
alloc_pos 59812
alloc_pos 60076
alloc_pos 60228
alloc_pos 60352
alloc_pos 60524
alloc_pos 60764
alloc_pos 60796
alloc_pos 60940
alloc_pos 61024
alloc_pos 61236
alloc_pos 61464
alloc_pos 61588
alloc_pos 61716
alloc_pos 61908
alloc_pos 61976
alloc_pos 62092
alloc_pos 62256
alloc_pos 62504
alloc_pos 62704
alloc_pos 62924
alloc_pos 63120
alloc_pos 63332
alloc_pos 63448
alloc_pos 63492
alloc_pos 63628
alloc_pos 63820
alloc_pos 63972
alloc_pos 64020
alloc_pos 64240
alloc_pos 64304
alloc_pos 64460
alloc_pos 64696
alloc_pos 64820
alloc_pos 64936
alloc_pos 65084
alloc_pos 65292
alloc_pos 65320
alloc_pos 65464
alloc_pos 65496
alloc_pos 65596
alloc_pos 65800
alloc_pos 66040
alloc_pos 66220
alloc_pos 66392
alloc_pos 66564
alloc_pos 66688
alloc_pos 66876
alloc_pos 66940
alloc_pos 67004
alloc_pos 67156
alloc_pos 67236
alloc_pos 67260
alloc_pos 67480
alloc_pos 67552
alloc_pos 67712
alloc_pos 67968
alloc_pos 68212
alloc_pos 68376
alloc_pos 68456
alloc_pos 68580
alloc_pos 68732
alloc_pos 68844
alloc_pos 69108
alloc_pos 69348
alloc_pos 69516
alloc_pos 69628
alloc_pos 69768
alloc_pos 70024
alloc_pos 70116
alloc_pos 70308
alloc_pos 70472
alloc_pos 70648
alloc_pos 70856
alloc_pos 70880
alloc_pos 71000
alloc_pos 71224
alloc_pos 71464
alloc_pos 71696
alloc_pos 71944
alloc_pos 72208
alloc_pos 72420
alloc_pos 72572
alloc_pos 72800
alloc_pos 72856
alloc_pos 73012
alloc_pos 73232
alloc_pos 73396
alloc_pos 73472
alloc_pos 73604
alloc_pos 73868
alloc_pos 73904
alloc_pos 74048
alloc_pos 74292
alloc_pos 74408
alloc_pos 74576
alloc_pos 74740
alloc_pos 74812
alloc_pos 75076
alloc_pos 75228
alloc_pos 75356
alloc_pos 75504
alloc_pos 75736
alloc_pos 75848
alloc_pos 75976
alloc_pos 76088
alloc_pos 76112
alloc_pos 76272
alloc_pos 76432
alloc_pos 76612
alloc_pos 76836
alloc_pos 77016
alloc_pos 77124
alloc_pos 77264
alloc_pos 77440
alloc_pos 77468
alloc_pos 77696
alloc_pos 77776
alloc_pos 77960
alloc_pos 78028
alloc_pos 78192
alloc_pos 78364
alloc_pos 78432
alloc_pos 78676
alloc_pos 78720
alloc_pos 78948
alloc_pos 79112
alloc_pos 79340
alloc_pos 79580
alloc_pos 79812
alloc_pos 80072
alloc_pos 80160
alloc_pos 80192
alloc_pos 80428
alloc_pos 80692
alloc_pos 80888
alloc_pos 80928
alloc_pos 80972
alloc_pos 81216
alloc_pos 81244
alloc_pos 81380
alloc_pos 81404
alloc_pos 81620
alloc_pos 81836
alloc_pos 81928
alloc_pos 82012
alloc_pos 82104
alloc_pos 82156
alloc_pos 82384
alloc_pos 82564
alloc_pos 82632
alloc_pos 82744
alloc_pos 82840
alloc_pos 82880
alloc_pos 82944
alloc_pos 83008
alloc_pos 83064
alloc_pos 83232
alloc_pos 83472
alloc_pos 83700
alloc_pos 83916
alloc_pos 83956
alloc_pos 84044
alloc_pos 84096
alloc_pos 84244
alloc_pos 84460
alloc_pos 84596
alloc_pos 84740
alloc_pos 84928
alloc_pos 85048
alloc_pos 85272
alloc_pos 85348
alloc_pos 85396
alloc_pos 85544
alloc_pos 85572
alloc_pos 85824
alloc_pos 86060
alloc_pos 86180
alloc_pos 86312
alloc_pos 86488
alloc_pos 86704
alloc_pos 86924
alloc_pos 86948
alloc_pos 87148
alloc_pos 87284
alloc_pos 87376
alloc_pos 87584
alloc_pos 87812
alloc_pos 87892
alloc_pos 88064
alloc_pos 88328
alloc_pos 88376
alloc_pos 88628
alloc_pos 88732
alloc_pos 88760
alloc_pos 88788
alloc_pos 88816
alloc_pos 89004
alloc_pos 89164
alloc_pos 89188
alloc_pos 89452
alloc_pos 89700
alloc_pos 89820
alloc_pos 90016
alloc_pos 90092
alloc_pos 90224
alloc_pos 90432
alloc_pos 90460
alloc_pos 90616
alloc_pos 90696
alloc_pos 90912
alloc_pos 91048
alloc_pos 91312
alloc_pos 91460
alloc_pos 91624
alloc_pos 91704
alloc_pos 91816
alloc_pos 91896
alloc_pos 92092
alloc_pos 92172
alloc_pos 92388
alloc_pos 92528
alloc_pos 92792
alloc_pos 92888
alloc_pos 93148
alloc_pos 93176
alloc_pos 93304
alloc_pos 93540
alloc_pos 93796
alloc_pos 93960
alloc_pos 94220
alloc_pos 94408
alloc_pos 94456
alloc_pos 94524
alloc_pos 94708
alloc_pos 94916
alloc_pos 95160
alloc_pos 95256
alloc_pos 95308
alloc_pos 95520
alloc_pos 95628
alloc_pos 95880
alloc_pos 96088
alloc_pos 96292
alloc_pos 96444
alloc_pos 96704
alloc_pos 96836
alloc_pos 96988
alloc_pos 97224
alloc_pos 97480
alloc_pos 97672
alloc_pos 97744
alloc_pos 97844
alloc_pos 97940
alloc_pos 98112
alloc_pos 98360
alloc_pos 98508
alloc_pos 98748
alloc_pos 99012
alloc_pos 99164
alloc_pos 99288
alloc_pos 99460
alloc_pos 99700
alloc_pos 99732
alloc_pos 99876
alloc_pos 99960
alloc_pos 100172
alloc_pos 100400
alloc_pos 100524
alloc_pos 100652
alloc_pos 100844
alloc_pos 100912
alloc_pos 101028
alloc_pos 101192
alloc_pos 101440
alloc_pos 101640
alloc_pos 101860
alloc_pos 102056
alloc_pos 102268
alloc_pos 102384
alloc_pos 102428
alloc_pos 102564
alloc_pos 102756
alloc_pos 102908
alloc_pos 102956
alloc_pos 103176
alloc_pos 103240
alloc_pos 103396
alloc_pos 103632
alloc_pos 103756
alloc_pos 103872
alloc_pos 104020
alloc_pos 104228
alloc_pos 104256
alloc_pos 104400
alloc_pos 104432
alloc_pos 104532
alloc_pos 104736
alloc_pos 104976
alloc_pos 105156
alloc_pos 105328
alloc_pos 105500
alloc_pos 105624
alloc_pos 105812
alloc_pos 105876
alloc_pos 105940
alloc_pos 106092
alloc_pos 106172
alloc_pos 106196
alloc_pos 106416
alloc_pos 106488
alloc_pos 106648
alloc_pos 106904
alloc_pos 107148
alloc_pos 107312
alloc_pos 107392
alloc_pos 107516
alloc_pos 107668
alloc_pos 107780
alloc_pos 108044
alloc_pos 108284
alloc_pos 108452
alloc_pos 108564
alloc_pos 108704
alloc_pos 108960
alloc_pos 109052
alloc_pos 109244
alloc_pos 109408
alloc_pos 109584
alloc_pos 109792
alloc_pos 109816
alloc_pos 109936
alloc_pos 110160
alloc_pos 110400
alloc_pos 110632
alloc_pos 110880
alloc_pos 111144
alloc_pos 111356
alloc_pos 111508
alloc_pos 111736
alloc_pos 111792
alloc_pos 111948
alloc_pos 112168
alloc_pos 112332
alloc_pos 112408
alloc_pos 112540
alloc_pos 112804
alloc_pos 112840
alloc_pos 112984
alloc_pos 113228
alloc_pos 113344
alloc_pos 113512
alloc_pos 113676
alloc_pos 113748
alloc_pos 114012
alloc_pos 114164
alloc_pos 114292
alloc_pos 114440
alloc_pos 114672
alloc_pos 114784
alloc_pos 114912
alloc_pos 115024
alloc_pos 115048
alloc_pos 115208
alloc_pos 115368
alloc_pos 115548
alloc_pos 115772
alloc_pos 115952
alloc_pos 116060
alloc_pos 116200
alloc_pos 116376
alloc_pos 116404
alloc_pos 116632
alloc_pos 116712
alloc_pos 116896
alloc_pos 116964
alloc_pos 117128
alloc_pos 117300
alloc_pos 117368
alloc_pos 117612
alloc_pos 117656
alloc_pos 117884
alloc_pos 118048
alloc_pos 118276
alloc_pos 118516
alloc_pos 118748
alloc_pos 119008
alloc_pos 119096
alloc_pos 119128
alloc_pos 119364
alloc_pos 119628
alloc_pos 119824
alloc_pos 119864
alloc_pos 119908
alloc_pos 120152
alloc_pos 120180
alloc_pos 120316
alloc_pos 120340
alloc_pos 120556
alloc_pos 120772
alloc_pos 120864
alloc_pos 120948
alloc_pos 121040
alloc_pos 121092
alloc_pos 121320
alloc_pos 121500
alloc_pos 121568
alloc_pos 121680
alloc_pos 121776
alloc_pos 121816
alloc_pos 121880
alloc_pos 121944
alloc_pos 122000
alloc_pos 122168
alloc_pos 122408
alloc_pos 122636
alloc_pos 122852
alloc_pos 122892
alloc_pos 122980
alloc_pos 123032
alloc_pos 123180
alloc_pos 123396
alloc_pos 123532
alloc_pos 123676
alloc_pos 123864
alloc_pos 123984
alloc_pos 124208
alloc_pos 124284
alloc_pos 124332
alloc_pos 124480
alloc_pos 124508
alloc_pos 124760
alloc_pos 124996
alloc_pos 125116
alloc_pos 125248
alloc_pos 125424
alloc_pos 125640
alloc_pos 125860
alloc_pos 125884
alloc_pos 126084
alloc_pos 126220
alloc_pos 126312
alloc_pos 126520
alloc_pos 126748
alloc_pos 126828
alloc_pos 127000
alloc_pos 127264
alloc_pos 127312
alloc_pos 127564
alloc_pos 127668
alloc_pos 127696
alloc_pos 127724
alloc_pos 127752
alloc_pos 127940
alloc_pos 128100
alloc_pos 128124
alloc_pos 128388
alloc_pos 128636
alloc_pos 128756
alloc_pos 128952
alloc_pos 129028
alloc_pos 129160
alloc_pos 129368
alloc_pos 129396
alloc_pos 129552
alloc_pos 129632
alloc_pos 129848
alloc_pos 129984
alloc_pos 130248
alloc_pos 130396
alloc_pos 130560
alloc_pos 130640
alloc_pos 130752
alloc_pos 130832
alloc_pos 131028
alloc_pos 131108
alloc_pos 131324
alloc_pos 131464
alloc_pos 131728
alloc_pos 131824
alloc_pos 132084
alloc_pos 132112
alloc_pos 132240
alloc_pos 132476
alloc_pos 132732
alloc_pos 132896
alloc_pos 133156
alloc_pos 133344
alloc_pos 133392
alloc_pos 133460
alloc_pos 133644
alloc_pos 133852
alloc_pos 134096
alloc_pos 134192
alloc_pos 134244
alloc_pos 134456
alloc_pos 134564
alloc_pos 134816
alloc_pos 135024
alloc_pos 135228
alloc_pos 135380
alloc_pos 135640
alloc_pos 135772
alloc_pos 135924
alloc_pos 136160
alloc_pos 136416
alloc_pos 136608
alloc_pos 136680
alloc_pos 136780
alloc_pos 136876
alloc_pos 137048
alloc_pos 137296
alloc_pos 137444
alloc_pos 137684
alloc_pos 137948
alloc_pos 138100
alloc_pos 138224
alloc_pos 138396
alloc_pos 138636
alloc_pos 138668
alloc_pos 138812
alloc_pos 138896
alloc_pos 139108
alloc_pos 139336
alloc_pos 139460
alloc_pos 139588
alloc_pos 139780
alloc_pos 139848
alloc_pos 139964
alloc_pos 140128
alloc_pos 140376
alloc_pos 140576
alloc_pos 140796
alloc_pos 140992
alloc_pos 141204
alloc_pos 141320
alloc_pos 141364
alloc_pos 141500
alloc_pos 141692
alloc_pos 141844
alloc_pos 141892
alloc_pos 142112
alloc_pos 142176
alloc_pos 142332
alloc_pos 142568
alloc_pos 142692
alloc_pos 142808
alloc_pos 142956
alloc_pos 143164
alloc_pos 143192
alloc_pos 143336
alloc_pos 143368
alloc_pos 143468
alloc_pos 143672
alloc_pos 143912
alloc_pos 144092
alloc_pos 144264
alloc_pos 144436
alloc_pos 144560
alloc_pos 144748
alloc_pos 144812
alloc_pos 144876
alloc_pos 145028
alloc_pos 145108
alloc_pos 145132
alloc_pos 145352
alloc_pos 145424
alloc_pos 145584
alloc_pos 145840
alloc_pos 146084
alloc_pos 146248
alloc_pos 146328
alloc_pos 146452
alloc_pos 146604
alloc_pos 146716
alloc_pos 146980
alloc_pos 147220
alloc_pos 147388
alloc_pos 147500
alloc_pos 147640
alloc_pos 147896
alloc_pos 147988
alloc_pos 148180
alloc_pos 148344
alloc_pos 148520
alloc_pos 148728
alloc_pos 148752
alloc_pos 148872
alloc_pos 149096
alloc_pos 149336
alloc_pos 149568
alloc_pos 149816
alloc_pos 150080
alloc_pos 150292
alloc_pos 150444
alloc_pos 150672
alloc_pos 150728
alloc_pos 150884
alloc_pos 151104
alloc_pos 151268
alloc_pos 151344
alloc_pos 151476
alloc_pos 151740
alloc_pos 151776
alloc_pos 151920
alloc_pos 152164
alloc_pos 152280
alloc_pos 152448
alloc_pos 152612
alloc_pos 152684
alloc_pos 152948
alloc_pos 153100
alloc_pos 153228
alloc_pos 153376
alloc_pos 153608
alloc_pos 153720
alloc_pos 153848
alloc_pos 153960
alloc_pos 153984
alloc_pos 154144
alloc_pos 154304
alloc_pos 154484
alloc_pos 154708
alloc_pos 154888
alloc_pos 154996
alloc_pos 155136
alloc_pos 155312
alloc_pos 155340
alloc_pos 155568
alloc_pos 155648
alloc_pos 155832
alloc_pos 155900
alloc_pos 156064
alloc_pos 156236
alloc_pos 156304
alloc_pos 156548
alloc_pos 156592
alloc_pos 156820
alloc_pos 156984
alloc_pos 157212
alloc_pos 157452
alloc_pos 157684
alloc_pos 157944
alloc_pos 158032
alloc_pos 158064
alloc_pos 158300
alloc_pos 158564
alloc_pos 158760
alloc_pos 158800
alloc_pos 158844
alloc_pos 159088
alloc_pos 159116
alloc_pos 159252
alloc_pos 159276
alloc_pos 159492
alloc_pos 159708
alloc_pos 159800
alloc_pos 159884
alloc_pos 159976
alloc_pos 160028
alloc_pos 160256
alloc_pos 160436
alloc_pos 160504
alloc_pos 160616
alloc_pos 160712
alloc_pos 160752
alloc_pos 160816
alloc_pos 160880
alloc_pos 160936
alloc_pos 161104
alloc_pos 161344
alloc_pos 161572
alloc_pos 161788
alloc_pos 161828
alloc_pos 161916
alloc_pos 161968
alloc_pos 162116
alloc_pos 162332
alloc_pos 162468
alloc_pos 162612
alloc_pos 162800
alloc_pos 162920
alloc_pos 163144
alloc_pos 163220
alloc_pos 163268
alloc_pos 163416
alloc_pos 163444
alloc_pos 163696
alloc_pos 163932
alloc_pos 164052
alloc_pos 164184
alloc_pos 164360
alloc_pos 164576
alloc_pos 164796
alloc_pos 164820
alloc_pos 165020
alloc_pos 165156
alloc_pos 165248
alloc_pos 165456
alloc_pos 165684
alloc_pos 165764
alloc_pos 165936
alloc_pos 166200
alloc_pos 166248
alloc_pos 166500
alloc_pos 166604
alloc_pos 166632
alloc_pos 166660
alloc_pos 166688
alloc_pos 166876
alloc_pos 167036
alloc_pos 167060
alloc_pos 167324
alloc_pos 167572
alloc_pos 167692
alloc_pos 167888
alloc_pos 167964
alloc_pos 168096
alloc_pos 168304
alloc_pos 168332
alloc_pos 168488
alloc_pos 168568
alloc_pos 168784
alloc_pos 168920
alloc_pos 169184
alloc_pos 169332
alloc_pos 169496
alloc_pos 169576
alloc_pos 169688
alloc_pos 169768
alloc_pos 169964
alloc_pos 170044
alloc_pos 170260
alloc_pos 170400
alloc_pos 170664
alloc_pos 170760
alloc_pos 171020
alloc_pos 171048
alloc_pos 171176
alloc_pos 171412
alloc_pos 171668
alloc_pos 171832
alloc_pos 172092
alloc_pos 172280
alloc_pos 172328
alloc_pos 172396
alloc_pos 172580
alloc_pos 172788
alloc_pos 173032
alloc_pos 173128
alloc_pos 173180
alloc_pos 173392
alloc_pos 173500
alloc_pos 173752
alloc_pos 173960
alloc_pos 174164
alloc_pos 174316
alloc_pos 174576
alloc_pos 174708
alloc_pos 174860
alloc_pos 175096
alloc_pos 175352
alloc_pos 175544
alloc_pos 175616
alloc_pos 175716
alloc_pos 175812
alloc_pos 175984
alloc_pos 176232
alloc_pos 176380
alloc_pos 176620
alloc_pos 176884
alloc_pos 177036
alloc_pos 177160
alloc_pos 177332
alloc_pos 177572
alloc_pos 177604
alloc_pos 177748
alloc_pos 177832
alloc_pos 178044
alloc_pos 178272
alloc_pos 178396
alloc_pos 178524
alloc_pos 178716
alloc_pos 178784
alloc_pos 178900
alloc_pos 179064
alloc_pos 179312
alloc_pos 179512
alloc_pos 179732
alloc_pos 179928
alloc_pos 180140
alloc_pos 180256
alloc_pos 180300
alloc_pos 180436
alloc_pos 180628
alloc_pos 180780
alloc_pos 180828
alloc_pos 181048
alloc_pos 181112
alloc_pos 181268
alloc_pos 181504
alloc_pos 181628
alloc_pos 181744
alloc_pos 181892
alloc_pos 182100
alloc_pos 182128
alloc_pos 182272
alloc_pos 182304
alloc_pos 182404
alloc_pos 182608
alloc_pos 182848
alloc_pos 183028
alloc_pos 183200
alloc_pos 183372
alloc_pos 183496
alloc_pos 183684
alloc_pos 183748
alloc_pos 183812
alloc_pos 183964
alloc_pos 184044
alloc_pos 184068
alloc_pos 184288
alloc_pos 184360
alloc_pos 184520
alloc_pos 184776
alloc_pos 185020
alloc_pos 185184
alloc_pos 185264
alloc_pos 185388
alloc_pos 185540
alloc_pos 185652
alloc_pos 185916
alloc_pos 186156
alloc_pos 186324
alloc_pos 186436
alloc_pos 186576
alloc_pos 186832
alloc_pos 186924
alloc_pos 187116
alloc_pos 187280
alloc_pos 187456
alloc_pos 187664
alloc_pos 187688
alloc_pos 187808
alloc_pos 188032
alloc_pos 188272
alloc_pos 188504
alloc_pos 188752
alloc_pos 189016
alloc_pos 189228
alloc_pos 189380
alloc_pos 189608
alloc_pos 189664
alloc_pos 189820
alloc_pos 190040
alloc_pos 190204
alloc_pos 190280
alloc_pos 190412
alloc_pos 190676
alloc_pos 190712
alloc_pos 190856
alloc_pos 191100
alloc_pos 191216
alloc_pos 191384
alloc_pos 191548
alloc_pos 191620
alloc_pos 191884
alloc_pos 192036
alloc_pos 192164
alloc_pos 192312
alloc_pos 192544
alloc_pos 192656
alloc_pos 192784
alloc_pos 192896
alloc_pos 192920
alloc_pos 193080
alloc_pos 193240
alloc_pos 193420
alloc_pos 193644
alloc_pos 193824
alloc_pos 193932
alloc_pos 194072
alloc_pos 194248
alloc_pos 194276
alloc_pos 194504
alloc_pos 194584
alloc_pos 194768
alloc_pos 194836
alloc_pos 195000
alloc_pos 195172
alloc_pos 195240
alloc_pos 195484
alloc_pos 195528
alloc_pos 195756
alloc_pos 195920
alloc_pos 196148
alloc_pos 196388
alloc_pos 196620
alloc_pos 196880
alloc_pos 196968
alloc_pos 197000
alloc_pos 197236
alloc_pos 197500
alloc_pos 197696
alloc_pos 197736
alloc_pos 197780
alloc_pos 198024
alloc_pos 198052
alloc_pos 198188
alloc_pos 198212
alloc_pos 198428
alloc_pos 198644
alloc_pos 198736
alloc_pos 198820
alloc_pos 198912
alloc_pos 198964
alloc_pos 199192
alloc_pos 199372
alloc_pos 199440
alloc_pos 199552
alloc_pos 199648
alloc_pos 199688
alloc_pos 199752
alloc_pos 199816
alloc_pos 199872
alloc_pos 200040
alloc_pos 200280
alloc_pos 200508
alloc_pos 200724
alloc_pos 200764
alloc_pos 200852
alloc_pos 200904
alloc_pos 201052
alloc_pos 201268
alloc_pos 201404
alloc_pos 201548
alloc_pos 201736
alloc_pos 201856
alloc_pos 202080
alloc_pos 202156
alloc_pos 202204
alloc_pos 202352
alloc_pos 202380
alloc_pos 202632
alloc_pos 202868
alloc_pos 202988
alloc_pos 203120
alloc_pos 203296
alloc_pos 203512
alloc_pos 203732
alloc_pos 203756
alloc_pos 203956
alloc_pos 204092
alloc_pos 204184
alloc_pos 204392
alloc_pos 204620
alloc_pos 204700
alloc_pos 204872
alloc_pos 205136
alloc_pos 205184
alloc_pos 205436
alloc_pos 205540
alloc_pos 205568
alloc_pos 205596
alloc_pos 205624
alloc_pos 205812
alloc_pos 205972
alloc_pos 205996
alloc_pos 206260
alloc_pos 206508
alloc_pos 206628
alloc_pos 206824
alloc_pos 206900
alloc_pos 207032
alloc_pos 207240
alloc_pos 207268
alloc_pos 207424
alloc_pos 207504
alloc_pos 207720
alloc_pos 207856
alloc_pos 208120
alloc_pos 208268
alloc_pos 208432
alloc_pos 208512
alloc_pos 208624
alloc_pos 208704
alloc_pos 208900
alloc_pos 208980
alloc_pos 209196
alloc_pos 209336
alloc_pos 209600
alloc_pos 209696
alloc_pos 209956
alloc_pos 209984
alloc_pos 210112
alloc_pos 210348
alloc_pos 210604
alloc_pos 210768
alloc_pos 211028
alloc_pos 211216
alloc_pos 211264
alloc_pos 211332
alloc_pos 211516
alloc_pos 211724
alloc_pos 211968
alloc_pos 212064
alloc_pos 212116
alloc_pos 212328
alloc_pos 212436
alloc_pos 212688
alloc_pos 212896
alloc_pos 213100
alloc_pos 213252
alloc_pos 213512
alloc_pos 213644
alloc_pos 213796
alloc_pos 214032
alloc_pos 214288
alloc_pos 214480
alloc_pos 214552
alloc_pos 214652
alloc_pos 214748
alloc_pos 214920
alloc_pos 215168
alloc_pos 215316
alloc_pos 215556
alloc_pos 215820
alloc_pos 215972
alloc_pos 216096
alloc_pos 216268
alloc_pos 216508
alloc_pos 216540
alloc_pos 216684
alloc_pos 216768
alloc_pos 216980
alloc_pos 217208
alloc_pos 217332
alloc_pos 217460
alloc_pos 217652
alloc_pos 217720
alloc_pos 217836
alloc_pos 218000
alloc_pos 218248
alloc_pos 218448
alloc_pos 218668
alloc_pos 218864
alloc_pos 219076
alloc_pos 219192
alloc_pos 219236
alloc_pos 219372
alloc_pos 219564
alloc_pos 219716
alloc_pos 219764
alloc_pos 219984
alloc_pos 220048
alloc_pos 220204
alloc_pos 220440
alloc_pos 220564
alloc_pos 220680
alloc_pos 220828
alloc_pos 221036
alloc_pos 221064
alloc_pos 221208
alloc_pos 221240
alloc_pos 221340
alloc_pos 221544
alloc_pos 221784
alloc_pos 221964
alloc_pos 222136
alloc_pos 222308
alloc_pos 222432
alloc_pos 222620
alloc_pos 222684
alloc_pos 222748
alloc_pos 222900
alloc_pos 222980
alloc_pos 223004
alloc_pos 223224
alloc_pos 223296
alloc_pos 223456
alloc_pos 223712
alloc_pos 223956
alloc_pos 224120
alloc_pos 224200
alloc_pos 224324
alloc_pos 224476
alloc_pos 224588
alloc_pos 224852
alloc_pos 225092
alloc_pos 225260
alloc_pos 225372
alloc_pos 225512
alloc_pos 225768
alloc_pos 225860
alloc_pos 226052
alloc_pos 226216
alloc_pos 226392
alloc_pos 226600
alloc_pos 226624
alloc_pos 226744
alloc_pos 226968
alloc_pos 227208
alloc_pos 227440
alloc_pos 227688
alloc_pos 227952
alloc_pos 228164
alloc_pos 228316
alloc_pos 228544
alloc_pos 228600
alloc_pos 228756
alloc_pos 228976
alloc_pos 229140
alloc_pos 229216
alloc_pos 229348
alloc_pos 229612
alloc_pos 229648
alloc_pos 229792
alloc_pos 230036
alloc_pos 230152
alloc_pos 230320
alloc_pos 230484
alloc_pos 230556
alloc_pos 230820
alloc_pos 230972
alloc_pos 231100
alloc_pos 231248
alloc_pos 231480
alloc_pos 231592
alloc_pos 231720
alloc_pos 231832
alloc_pos 231856
alloc_pos 232016
alloc_pos 232176
alloc_pos 232356
alloc_pos 232580
alloc_pos 232760
alloc_pos 232868
alloc_pos 233008
alloc_pos 233184
alloc_pos 233212
alloc_pos 233440
alloc_pos 233520
alloc_pos 233704
alloc_pos 233772
alloc_pos 233936
alloc_pos 234108
alloc_pos 234176
alloc_pos 234420
alloc_pos 234464
alloc_pos 234692
alloc_pos 234856
alloc_pos 235084
alloc_pos 235324
alloc_pos 235556
alloc_pos 235816
alloc_pos 235904
alloc_pos 235936
alloc_pos 236172
alloc_pos 236436
alloc_pos 236632
alloc_pos 236672
alloc_pos 236716
alloc_pos 236960
alloc_pos 236988
alloc_pos 237124
alloc_pos 237148
alloc_pos 237364
alloc_pos 237580
alloc_pos 237672
alloc_pos 237756
alloc_pos 237848
alloc_pos 237900
alloc_pos 238128
alloc_pos 238308
alloc_pos 238376
alloc_pos 238488
alloc_pos 238584
alloc_pos 238624
alloc_pos 238688
alloc_pos 238752
alloc_pos 238808
alloc_pos 238976
alloc_pos 239216
alloc_pos 239444
alloc_pos 239660
alloc_pos 239700
alloc_pos 239788
alloc_pos 239840
alloc_pos 239988
alloc_pos 240204
alloc_pos 240340
alloc_pos 240484
alloc_pos 240672
alloc_pos 240792
alloc_pos 241016
alloc_pos 241092
alloc_pos 241140
alloc_pos 241288
alloc_pos 241316
alloc_pos 241568
alloc_pos 241804
alloc_pos 241924
alloc_pos 242056
alloc_pos 242232
alloc_pos 242448
alloc_pos 242668
alloc_pos 242692
alloc_pos 242892
alloc_pos 243028
alloc_pos 243120
alloc_pos 243328
alloc_pos 243556
alloc_pos 243636
alloc_pos 243808
alloc_pos 244072
alloc_pos 244120
alloc_pos 244372
alloc_pos 244476
alloc_pos 244504
alloc_pos 244532
alloc_pos 244560
alloc_pos 244748
alloc_pos 244908
alloc_pos 244932
alloc_pos 245196
alloc_pos 245444
alloc_pos 245564
alloc_pos 245760
alloc_pos 245836
alloc_pos 245968
alloc_pos 246176
alloc_pos 246204
alloc_pos 246360
alloc_pos 246440
alloc_pos 246656
alloc_pos 246792
alloc_pos 247056
alloc_pos 247204
alloc_pos 247368
alloc_pos 247448
alloc_pos 247560
alloc_pos 247640
alloc_pos 247836
alloc_pos 247916
alloc_pos 248132
alloc_pos 248272
alloc_pos 248536
alloc_pos 248632
alloc_pos 248892
alloc_pos 248920
alloc_pos 249048
alloc_pos 249284
alloc_pos 249540
alloc_pos 249704
alloc_pos 249964
alloc_pos 250152
alloc_pos 250200
alloc_pos 250268
alloc_pos 250452
alloc_pos 250660
alloc_pos 250904
alloc_pos 251000
alloc_pos 251052
alloc_pos 251264
alloc_pos 251372
alloc_pos 251624
alloc_pos 251832
alloc_pos 252036
alloc_pos 252188
alloc_pos 252448
alloc_pos 252580
alloc_pos 252732
alloc_pos 252968
alloc_pos 253224
alloc_pos 253416
alloc_pos 253488
alloc_pos 253588
alloc_pos 253684
alloc_pos 253856
alloc_pos 254104
alloc_pos 254252
alloc_pos 254492
alloc_pos 254756
alloc_pos 254908
alloc_pos 255032
alloc_pos 255204
alloc_pos 255444
alloc_pos 255476
alloc_pos 255620
alloc_pos 255704
alloc_pos 255916
alloc_pos 256144
alloc_pos 256268
alloc_pos 256396
alloc_pos 256588
alloc_pos 256656
alloc_pos 256772
alloc_pos 256936
alloc_pos 257184
alloc_pos 257384
alloc_pos 257604
alloc_pos 257800
alloc_pos 258012
alloc_pos 258128
alloc_pos 258172
alloc_pos 258308
alloc_pos 258500
alloc_pos 258652
alloc_pos 258700
alloc_pos 258920
alloc_pos 258984
alloc_pos 259140
alloc_pos 259376
alloc_pos 259500
alloc_pos 259616
alloc_pos 259764
alloc_pos 259972
alloc_pos 260000
alloc_pos 260144
alloc_pos 260176
alloc_pos 260276
alloc_pos 260480
alloc_pos 260720
alloc_pos 260900
alloc_pos 261072
alloc_pos 261244
alloc_pos 261368
alloc_pos 261556
alloc_pos 261620
alloc_pos 261684
alloc_pos 261836
alloc_pos 261916
alloc_pos 261940
alloc_pos 262160
alloc_pos 262232
alloc_pos 262392
alloc_pos 262648
alloc_pos 262892
alloc_pos 263056
alloc_pos 263136
alloc_pos 263260
alloc_pos 263412
alloc_pos 263524
alloc_pos 263788
alloc_pos 264028
alloc_pos 264196
alloc_pos 264308
alloc_pos 264448
alloc_pos 264704
alloc_pos 264796
alloc_pos 264988
alloc_pos 265152
alloc_pos 265328
alloc_pos 265536
alloc_pos 265560
alloc_pos 265680
alloc_pos 265904
alloc_pos 266144
alloc_pos 266376
alloc_pos 266624
alloc_pos 266888
alloc_pos 267100
alloc_pos 267252
alloc_pos 267480
alloc_pos 267536
alloc_pos 267692
alloc_pos 267912
alloc_pos 268076
alloc_pos 268152
alloc_pos 268284
alloc_pos 268548
alloc_pos 268584
alloc_pos 268728
alloc_pos 268972
alloc_pos 269088
alloc_pos 269256
alloc_pos 269420
alloc_pos 269492
alloc_pos 269756
alloc_pos 269908
alloc_pos 270036
alloc_pos 270184
alloc_pos 270416
alloc_pos 270528
alloc_pos 270656
alloc_pos 270768
alloc_pos 270792
alloc_pos 270952
alloc_pos 271112
alloc_pos 271292
alloc_pos 271516
alloc_pos 271696
alloc_pos 271804
alloc_pos 271944
alloc_pos 272120
alloc_pos 272148
alloc_pos 272376
alloc_pos 272456
alloc_pos 272640
alloc_pos 272708
alloc_pos 272872
alloc_pos 273044
alloc_pos 273112
alloc_pos 273356
alloc_pos 273400
alloc_pos 273628
alloc_pos 273792
alloc_pos 274020
alloc_pos 274260
alloc_pos 274492
alloc_pos 274752
alloc_pos 274840
alloc_pos 274872
alloc_pos 275108
alloc_pos 275372
alloc_pos 275568
alloc_pos 275608
alloc_pos 275652
alloc_pos 275896
alloc_pos 275924
alloc_pos 276060
alloc_pos 276084
alloc_pos 276300
alloc_pos 276516
alloc_pos 276608
alloc_pos 276692
alloc_pos 276784
alloc_pos 276836
alloc_pos 277064
alloc_pos 277244
alloc_pos 277312
alloc_pos 277424
alloc_pos 277520
alloc_pos 277560
alloc_pos 277624
alloc_pos 277688
alloc_pos 277744
alloc_pos 277912
alloc_pos 278152
alloc_pos 278380
alloc_pos 278596
alloc_pos 278636
alloc_pos 278724
alloc_pos 278776
alloc_pos 278924
alloc_pos 279140
alloc_pos 279276
alloc_pos 279420
alloc_pos 279608
alloc_pos 279728
alloc_pos 279952
alloc_pos 280028
alloc_pos 280076
alloc_pos 280224
alloc_pos 280252
alloc_pos 280504
alloc_pos 280740
alloc_pos 280860
alloc_pos 280992
alloc_pos 281168
alloc_pos 281384
alloc_pos 281604
alloc_pos 281628
alloc_pos 281828
alloc_pos 281964
alloc_pos 282056
alloc_pos 282264
alloc_pos 282492
alloc_pos 282572
alloc_pos 282744
alloc_pos 283008
alloc_pos 283056
alloc_pos 283308
alloc_pos 283412
alloc_pos 283440
alloc_pos 283468
alloc_pos 283496
alloc_pos 283684
alloc_pos 283844
alloc_pos 283868
alloc_pos 284132
alloc_pos 284380
alloc_pos 284500
alloc_pos 284696
alloc_pos 284772
alloc_pos 284904
alloc_pos 285112
alloc_pos 285140
alloc_pos 285296
alloc_pos 285376
alloc_pos 285592
alloc_pos 285728
alloc_pos 285992
alloc_pos 286140
alloc_pos 286304
alloc_pos 286384
alloc_pos 286496
alloc_pos 286576
alloc_pos 286772
alloc_pos 286852
alloc_pos 287068
alloc_pos 287208
alloc_pos 287472
alloc_pos 287568
alloc_pos 287828
alloc_pos 287856
alloc_pos 287984
alloc_pos 288220
alloc_pos 288476
alloc_pos 288640
alloc_pos 288900
alloc_pos 289088
alloc_pos 289136
alloc_pos 289204
alloc_pos 289388
alloc_pos 289596
alloc_pos 289840
alloc_pos 289936
alloc_pos 289988
alloc_pos 290200
alloc_pos 290308
alloc_pos 290560
alloc_pos 290768
alloc_pos 290972
alloc_pos 291124
alloc_pos 291384
alloc_pos 291516
alloc_pos 291668
alloc_pos 291904
alloc_pos 292160
alloc_pos 292352
alloc_pos 292424
alloc_pos 292524
alloc_pos 292620
alloc_pos 292792
alloc_pos 293040
alloc_pos 293188
alloc_pos 293428
alloc_pos 293692
alloc_pos 293844
alloc_pos 293968
alloc_pos 294140
alloc_pos 294380
alloc_pos 294412
alloc_pos 294556
alloc_pos 294640
alloc_pos 294852
alloc_pos 295080
alloc_pos 295204
alloc_pos 295332
alloc_pos 295524
alloc_pos 295592
alloc_pos 295708
alloc_pos 295872
alloc_pos 296120
alloc_pos 296320
alloc_pos 296540
alloc_pos 296736
alloc_pos 296948
alloc_pos 297064
alloc_pos 297108
alloc_pos 297244
alloc_pos 297436
alloc_pos 297588
alloc_pos 297636
alloc_pos 297856
alloc_pos 297920
alloc_pos 298076
alloc_pos 298312
alloc_pos 298436
alloc_pos 298552
alloc_pos 298700
alloc_pos 298908
alloc_pos 298936
alloc_pos 299080
alloc_pos 299112
alloc_pos 299212
alloc_pos 299416
alloc_pos 299656
alloc_pos 299836
alloc_pos 300008
alloc_pos 300180
alloc_pos 300304
alloc_pos 300492
alloc_pos 300556
alloc_pos 300620
alloc_pos 300772
alloc_pos 300852
alloc_pos 300876
alloc_pos 301096
alloc_pos 301168
alloc_pos 301328
alloc_pos 301584
alloc_pos 301828
alloc_pos 301992
alloc_pos 302072
alloc_pos 302196
alloc_pos 302348
alloc_pos 302460
alloc_pos 302724
alloc_pos 302964
alloc_pos 303132
alloc_pos 303244
alloc_pos 303384
alloc_pos 303640
alloc_pos 303732
alloc_pos 303924
alloc_pos 304088
alloc_pos 304264
alloc_pos 304472
alloc_pos 304496
alloc_pos 304616
alloc_pos 304840
alloc_pos 305080
alloc_pos 305312
alloc_pos 305560
alloc_pos 305824
alloc_pos 306036
alloc_pos 306188
alloc_pos 306416
alloc_pos 306472
alloc_pos 306628
alloc_pos 306848
alloc_pos 307012
alloc_pos 307088
alloc_pos 307220
alloc_pos 307484
alloc_pos 307520
alloc_pos 307664
alloc_pos 307908
alloc_pos 308024
alloc_pos 308192
alloc_pos 308356
alloc_pos 308428
alloc_pos 308692
alloc_pos 308844
alloc_pos 308972
alloc_pos 309120
alloc_pos 309352
alloc_pos 309464
alloc_pos 309592
alloc_pos 309704
alloc_pos 309728
alloc_pos 309888
alloc_pos 310048
alloc_pos 310228
alloc_pos 310452
alloc_pos 310632
alloc_pos 310740
alloc_pos 310880
alloc_pos 311056
alloc_pos 311084
alloc_pos 311312
alloc_pos 311392
alloc_pos 311576
alloc_pos 311644
alloc_pos 311808
alloc_pos 311980
alloc_pos 312048
alloc_pos 312292
alloc_pos 312336
alloc_pos 312564
alloc_pos 312728
alloc_pos 312956
alloc_pos 313196
alloc_pos 313428
alloc_pos 313688
alloc_pos 313776
alloc_pos 313808
alloc_pos 314044
alloc_pos 314308
alloc_pos 314504
alloc_pos 314544
alloc_pos 314588
alloc_pos 314832
alloc_pos 314860
alloc_pos 314996
alloc_pos 315020
alloc_pos 315236
alloc_pos 315452
alloc_pos 315544
alloc_pos 315628
alloc_pos 315720
alloc_pos 315772
alloc_pos 316000
alloc_pos 316180
alloc_pos 316248
alloc_pos 316360
alloc_pos 316456
alloc_pos 316496
alloc_pos 316560
alloc_pos 316624
alloc_pos 316680
alloc_pos 316848
alloc_pos 317088
alloc_pos 317316
alloc_pos 317532
alloc_pos 317572
alloc_pos 317660
alloc_pos 317712
alloc_pos 317860
alloc_pos 318076
alloc_pos 318212
alloc_pos 318356
alloc_pos 318544
alloc_pos 318664
alloc_pos 318888
alloc_pos 318964
alloc_pos 319012
alloc_pos 319160
alloc_pos 319188
alloc_pos 319440
alloc_pos 319676
alloc_pos 319796
alloc_pos 319928
alloc_pos 320104
alloc_pos 320320
alloc_pos 320540
alloc_pos 320564
alloc_pos 320764
alloc_pos 320900
alloc_pos 320992
alloc_pos 321200
alloc_pos 321428
alloc_pos 321508
alloc_pos 321680
alloc_pos 321944
alloc_pos 321992
alloc_pos 322244
alloc_pos 322348
alloc_pos 322376
alloc_pos 322404
alloc_pos 322432
alloc_pos 322620
alloc_pos 322780
alloc_pos 322804
alloc_pos 323068
alloc_pos 323316
alloc_pos 323436
alloc_pos 323632
alloc_pos 323708
alloc_pos 323840
alloc_pos 324048
alloc_pos 324076
alloc_pos 324232
alloc_pos 324312
alloc_pos 324528
alloc_pos 324664
alloc_pos 324928
alloc_pos 325076
alloc_pos 325240
alloc_pos 325320
alloc_pos 325432
alloc_pos 325512
alloc_pos 325708
alloc_pos 325788
alloc_pos 326004
alloc_pos 326144
alloc_pos 326408
alloc_pos 326504
alloc_pos 326764
alloc_pos 326792
alloc_pos 326920
alloc_pos 327156
alloc_pos 327412
alloc_pos 327576
alloc_pos 327836
alloc_pos 328024
alloc_pos 328072
alloc_pos 328140
alloc_pos 328324
alloc_pos 328532
alloc_pos 328776
alloc_pos 328872
alloc_pos 328924
alloc_pos 329136
alloc_pos 329244
alloc_pos 329496
alloc_pos 329704
alloc_pos 329908
alloc_pos 330060
alloc_pos 330320
alloc_pos 330452
alloc_pos 330604
alloc_pos 330840
alloc_pos 331096
alloc_pos 331288
alloc_pos 331360
alloc_pos 331460
alloc_pos 331556
alloc_pos 331728
alloc_pos 331976
alloc_pos 332124
alloc_pos 332364
alloc_pos 332628
alloc_pos 332780
alloc_pos 332904
alloc_pos 333076
alloc_pos 333316
alloc_pos 333348
alloc_pos 333492
alloc_pos 333576
alloc_pos 333788
alloc_pos 334016
alloc_pos 334140
alloc_pos 334268
alloc_pos 334460
alloc_pos 334528
alloc_pos 334644
alloc_pos 334808
alloc_pos 335056
alloc_pos 335256
alloc_pos 335476
alloc_pos 335672
alloc_pos 335884
alloc_pos 336000
alloc_pos 336044
alloc_pos 336180
alloc_pos 336372
alloc_pos 336524
alloc_pos 336572
alloc_pos 336792
alloc_pos 336856
alloc_pos 337012
alloc_pos 337248
alloc_pos 337372
alloc_pos 337488
alloc_pos 337636
alloc_pos 337844
alloc_pos 337872
alloc_pos 338016
alloc_pos 338048
alloc_pos 338148
alloc_pos 338352
alloc_pos 338592
alloc_pos 338772
alloc_pos 338944
alloc_pos 339116
alloc_pos 339240
alloc_pos 339428
alloc_pos 339492
alloc_pos 339556
alloc_pos 339708
alloc_pos 339788
alloc_pos 339812
alloc_pos 340032
alloc_pos 340104
alloc_pos 340264
alloc_pos 340520
alloc_pos 340764
alloc_pos 340928
alloc_pos 341008
alloc_pos 341132
alloc_pos 341284
alloc_pos 341396
alloc_pos 341660
alloc_pos 341900
alloc_pos 342068
alloc_pos 342180
alloc_pos 342320
alloc_pos 342576
alloc_pos 342668
alloc_pos 342860
alloc_pos 343024
alloc_pos 343200
alloc_pos 343408
alloc_pos 343432
alloc_pos 343552
alloc_pos 343776
alloc_pos 344016
alloc_pos 344248
alloc_pos 344496
alloc_pos 344760
alloc_pos 344972
alloc_pos 345124
alloc_pos 345352
alloc_pos 345408
alloc_pos 345564
alloc_pos 345784
alloc_pos 345948
alloc_pos 346024
alloc_pos 346156
alloc_pos 346420
alloc_pos 346456
alloc_pos 346600
alloc_pos 346844
alloc_pos 346960
alloc_pos 347128
alloc_pos 347292
alloc_pos 347364
alloc_pos 347628
alloc_pos 347780
alloc_pos 347908
alloc_pos 348056
alloc_pos 348288
alloc_pos 348400
alloc_pos 348528
alloc_pos 348640
alloc_pos 348664
alloc_pos 348824
alloc_pos 348984
alloc_pos 349164
alloc_pos 349388
alloc_pos 349568
alloc_pos 349676
alloc_pos 349816
alloc_pos 349992
alloc_pos 350020
alloc_pos 350248
alloc_pos 350328
alloc_pos 350512
alloc_pos 350580
alloc_pos 350744
alloc_pos 350916
alloc_pos 350984
alloc_pos 351228
alloc_pos 351272
alloc_pos 351500
alloc_pos 351664
alloc_pos 351892
alloc_pos 352132
alloc_pos 352364
alloc_pos 352624
alloc_pos 352712
alloc_pos 352744
alloc_pos 352980
alloc_pos 353244
alloc_pos 353440
alloc_pos 353480
alloc_pos 353524
alloc_pos 353768
alloc_pos 353796
alloc_pos 353932
alloc_pos 353956
alloc_pos 354172
alloc_pos 354388
alloc_pos 354480
alloc_pos 354564
alloc_pos 354656
alloc_pos 354708
alloc_pos 354936
alloc_pos 355116
alloc_pos 355184
alloc_pos 355296
alloc_pos 355392
alloc_pos 355432
alloc_pos 355496
alloc_pos 355560
alloc_pos 355616
alloc_pos 355784
alloc_pos 356024
alloc_pos 356252
alloc_pos 356468
alloc_pos 356508
alloc_pos 356596
alloc_pos 356648
alloc_pos 356796
alloc_pos 357012
alloc_pos 357148
alloc_pos 357292
alloc_pos 357480
alloc_pos 357600
alloc_pos 357824
alloc_pos 357900
alloc_pos 357948
alloc_pos 358096
alloc_pos 358124
alloc_pos 358376
alloc_pos 358612
alloc_pos 358732
alloc_pos 358864
alloc_pos 359040
alloc_pos 359256
alloc_pos 359476
alloc_pos 359500
alloc_pos 359700
alloc_pos 359836
alloc_pos 359928
alloc_pos 360136
alloc_pos 360364
alloc_pos 360444
alloc_pos 360616
alloc_pos 360880
alloc_pos 360928
alloc_pos 361180
alloc_pos 361284
alloc_pos 361312
alloc_pos 361340
alloc_pos 361368
alloc_pos 361556
alloc_pos 361716
alloc_pos 361740
alloc_pos 362004
alloc_pos 362252
alloc_pos 362372
alloc_pos 362568
alloc_pos 362644
alloc_pos 362776
alloc_pos 362984
alloc_pos 363012
alloc_pos 363168
alloc_pos 363248
alloc_pos 363464
alloc_pos 363600
alloc_pos 363864
alloc_pos 364012
alloc_pos 364176
alloc_pos 364256
alloc_pos 364368
alloc_pos 364448
alloc_pos 364644
alloc_pos 364724
alloc_pos 364940
alloc_pos 365080
alloc_pos 365344
alloc_pos 365440
alloc_pos 365700
alloc_pos 365728
alloc_pos 365856
alloc_pos 366092
alloc_pos 366348
alloc_pos 366512
alloc_pos 366772
alloc_pos 366960
alloc_pos 367008
alloc_pos 367076
alloc_pos 367260
alloc_pos 367468
alloc_pos 367712
alloc_pos 367808
alloc_pos 367860
alloc_pos 368072
alloc_pos 368180
alloc_pos 368432
alloc_pos 368640
alloc_pos 368844
alloc_pos 368996
alloc_pos 369256
alloc_pos 369388
alloc_pos 369540
alloc_pos 369776
alloc_pos 370032
alloc_pos 370224
alloc_pos 370296
alloc_pos 370396
alloc_pos 370492
alloc_pos 370664
alloc_pos 370912
alloc_pos 371060
alloc_pos 371300
alloc_pos 371564
alloc_pos 371716
alloc_pos 371840
alloc_pos 372012
alloc_pos 372252
alloc_pos 372284
alloc_pos 372428
alloc_pos 372512
alloc_pos 372724
alloc_pos 372952
alloc_pos 373076
alloc_pos 373204
alloc_pos 373396
alloc_pos 373464
alloc_pos 373580
alloc_pos 373744
alloc_pos 373992
alloc_pos 374192
alloc_pos 374412
alloc_pos 374608
alloc_pos 374820
alloc_pos 374936
alloc_pos 374980
alloc_pos 375116
alloc_pos 375308
alloc_pos 375460
alloc_pos 375508
alloc_pos 375728
alloc_pos 375792
alloc_pos 375948
alloc_pos 376184
alloc_pos 376308
alloc_pos 376424
alloc_pos 376572
alloc_pos 376780
alloc_pos 376808
alloc_pos 376952
alloc_pos 376984
alloc_pos 377084
alloc_pos 377288
alloc_pos 377528
alloc_pos 377708
alloc_pos 377880
alloc_pos 378052
alloc_pos 378176
alloc_pos 378364
alloc_pos 378428
alloc_pos 378492
alloc_pos 378644
alloc_pos 378724
alloc_pos 378748
alloc_pos 378968
alloc_pos 379040
alloc_pos 379200
alloc_pos 379456
alloc_pos 379700
alloc_pos 379864
alloc_pos 379944
alloc_pos 380068
alloc_pos 380220
alloc_pos 380332
alloc_pos 380596
alloc_pos 380836
alloc_pos 381004
alloc_pos 381116
alloc_pos 381256
alloc_pos 381512
alloc_pos 381604
alloc_pos 381796
alloc_pos 381960
alloc_pos 382136
alloc_pos 382344
alloc_pos 382368
alloc_pos 382488
alloc_pos 382712
alloc_pos 382952
alloc_pos 383184
alloc_pos 383432
alloc_pos 383696
alloc_pos 383908
alloc_pos 384060
alloc_pos 384288
alloc_pos 384344
alloc_pos 384500
alloc_pos 384720
alloc_pos 384884
alloc_pos 384960
alloc_pos 385092
alloc_pos 385356
alloc_pos 385392
alloc_pos 385536
alloc_pos 385780
alloc_pos 385896
alloc_pos 386064
alloc_pos 386228
alloc_pos 386300
alloc_pos 386564
alloc_pos 386716
alloc_pos 386844
alloc_pos 386992
alloc_pos 387224
alloc_pos 387336
alloc_pos 387464
alloc_pos 387576
alloc_pos 387600
alloc_pos 387760
alloc_pos 387920
alloc_pos 388100
alloc_pos 388324
alloc_pos 388504
alloc_pos 388612
alloc_pos 388752
alloc_pos 388928
alloc_pos 388956
alloc_pos 389184
alloc_pos 389264
alloc_pos 389448
alloc_pos 389516
alloc_pos 389680
alloc_pos 389852
alloc_pos 389920
alloc_pos 390164
alloc_pos 390208
alloc_pos 390436
alloc_pos 390600
alloc_pos 390828
alloc_pos 391068
alloc_pos 391300
alloc_pos 391560
alloc_pos 391648
alloc_pos 391680
alloc_pos 391916
alloc_pos 392180
alloc_pos 392376
alloc_pos 392416
alloc_pos 392460
alloc_pos 392704
alloc_pos 392732
alloc_pos 392868
alloc_pos 392892
alloc_pos 393108
alloc_pos 393324
alloc_pos 393416
alloc_pos 393500
alloc_pos 393592
alloc_pos 393644
alloc_pos 393872
alloc_pos 394052
alloc_pos 394120
alloc_pos 394232
alloc_pos 394328
alloc_pos 394368
alloc_pos 394432
alloc_pos 394496
alloc_pos 394552
alloc_pos 394720
alloc_pos 394960
alloc_pos 395188
alloc_pos 395404
alloc_pos 395444
alloc_pos 395532
alloc_pos 395584
alloc_pos 395732
alloc_pos 395948
alloc_pos 396084
alloc_pos 396228
alloc_pos 396416
alloc_pos 396536
alloc_pos 396760
alloc_pos 396836
alloc_pos 396884
alloc_pos 397032
alloc_pos 397060
alloc_pos 397312
alloc_pos 397548
alloc_pos 397668
alloc_pos 397800
alloc_pos 397976
alloc_pos 398192
alloc_pos 398412
alloc_pos 398436
alloc_pos 398636
alloc_pos 398772
alloc_pos 398864
alloc_pos 399072
alloc_pos 399300
alloc_pos 399380
alloc_pos 399552
alloc_pos 399816
alloc_pos 399864
alloc_pos 400116
alloc_pos 400220
alloc_pos 400248
alloc_pos 400276
alloc_pos 400304
alloc_pos 400492
alloc_pos 400652
alloc_pos 400676
alloc_pos 400940
alloc_pos 401188
alloc_pos 401308
alloc_pos 401504
alloc_pos 401580
alloc_pos 401712
alloc_pos 401920
alloc_pos 401948
alloc_pos 402104
alloc_pos 402184
alloc_pos 402400
alloc_pos 402536
alloc_pos 402800
alloc_pos 402948
alloc_pos 403112
alloc_pos 403192
alloc_pos 403304
alloc_pos 403384
alloc_pos 403580
alloc_pos 403660
alloc_pos 403876
alloc_pos 404016
alloc_pos 404280
alloc_pos 404376
alloc_pos 404636
alloc_pos 404664
alloc_pos 404792
alloc_pos 405028
alloc_pos 405284
alloc_pos 405448
alloc_pos 405708
alloc_pos 405896
alloc_pos 405944
alloc_pos 406012
alloc_pos 406196
alloc_pos 406404
alloc_pos 406648
alloc_pos 406744
alloc_pos 406796
alloc_pos 407008
alloc_pos 407116
alloc_pos 407368
alloc_pos 407576
alloc_pos 407780
alloc_pos 407932
alloc_pos 408192
alloc_pos 408324
alloc_pos 408476
alloc_pos 408712
alloc_pos 408968
alloc_pos 409160
alloc_pos 409232
alloc_pos 409332
alloc_pos 409428
alloc_pos 409600
alloc_pos 409848
alloc_pos 409996
alloc_pos 410236
alloc_pos 410500
alloc_pos 410652
alloc_pos 410776
alloc_pos 410948
alloc_pos 411188
alloc_pos 411220
alloc_pos 411364
alloc_pos 411448
alloc_pos 411660
alloc_pos 411888
alloc_pos 412012
alloc_pos 412140
alloc_pos 412332
alloc_pos 412400
alloc_pos 412516
alloc_pos 412680
alloc_pos 412928
alloc_pos 413128
alloc_pos 413348
alloc_pos 413544
alloc_pos 413756
alloc_pos 413872
alloc_pos 413916
alloc_pos 414052
alloc_pos 414244
alloc_pos 414396
alloc_pos 414444
alloc_pos 414664
alloc_pos 414728
alloc_pos 414884
alloc_pos 415120
alloc_pos 415244
alloc_pos 415360
alloc_pos 415508
alloc_pos 415716
alloc_pos 415744
alloc_pos 415888
alloc_pos 415920
alloc_pos 416020
alloc_pos 416224
alloc_pos 416464
alloc_pos 416644
alloc_pos 416816
alloc_pos 416988
alloc_pos 417112
alloc_pos 417300
alloc_pos 417364
alloc_pos 417428
alloc_pos 417580
alloc_pos 417660
alloc_pos 417684
alloc_pos 417904
alloc_pos 417976
alloc_pos 418136
alloc_pos 418392
alloc_pos 418636
alloc_pos 418800
alloc_pos 418880
alloc_pos 419004
alloc_pos 419156
alloc_pos 419268
alloc_pos 419532
alloc_pos 419772
alloc_pos 419940
alloc_pos 420052
alloc_pos 420192
alloc_pos 420448
alloc_pos 420540
alloc_pos 420732
alloc_pos 420896
alloc_pos 421072
alloc_pos 421280
alloc_pos 421304
alloc_pos 421424
alloc_pos 421648
alloc_pos 421888
alloc_pos 422120
alloc_pos 422368
alloc_pos 422632
alloc_pos 422844
alloc_pos 422996
alloc_pos 423224
alloc_pos 423280
alloc_pos 423436
alloc_pos 423656
alloc_pos 423820
alloc_pos 423896
alloc_pos 424028
alloc_pos 424292
alloc_pos 424328
alloc_pos 424472
alloc_pos 424716
alloc_pos 424832
alloc_pos 425000
alloc_pos 425164
alloc_pos 425236
alloc_pos 425500
alloc_pos 425652
alloc_pos 425780
alloc_pos 425928
alloc_pos 426160
alloc_pos 426272
alloc_pos 426400
alloc_pos 426512
alloc_pos 426536
alloc_pos 426696
alloc_pos 426856
alloc_pos 427036
alloc_pos 427260
alloc_pos 427440
alloc_pos 427548
alloc_pos 427688
alloc_pos 427864
alloc_pos 427892
alloc_pos 428120
alloc_pos 428200
alloc_pos 428384
alloc_pos 428452
alloc_pos 428616
alloc_pos 428788
alloc_pos 428856
alloc_pos 429100
alloc_pos 429144
alloc_pos 429372
alloc_pos 429536
alloc_pos 429764
alloc_pos 430004
alloc_pos 430236
alloc_pos 430496
alloc_pos 430584
alloc_pos 430616
alloc_pos 430852
alloc_pos 431116
alloc_pos 431312
alloc_pos 431352
alloc_pos 431396
alloc_pos 431640
alloc_pos 431668
alloc_pos 431804
alloc_pos 431828
alloc_pos 432044
alloc_pos 432260
alloc_pos 432352
alloc_pos 432436
alloc_pos 432528
alloc_pos 432580
alloc_pos 432808
alloc_pos 432988
alloc_pos 433056
alloc_pos 433168
alloc_pos 433264
alloc_pos 433304
alloc_pos 433368
alloc_pos 433432
alloc_pos 433488
alloc_pos 433656
alloc_pos 433896
alloc_pos 434124
alloc_pos 434340
alloc_pos 434380
alloc_pos 434468
alloc_pos 434520
alloc_pos 434668
alloc_pos 434884
alloc_pos 435020
alloc_pos 435164
alloc_pos 435352
alloc_pos 435472
alloc_pos 435696
alloc_pos 435772
alloc_pos 435820
alloc_pos 435968
alloc_pos 435996
alloc_pos 436248
alloc_pos 436484
alloc_pos 436604
alloc_pos 436736
alloc_pos 436912
alloc_pos 437128
alloc_pos 437348
alloc_pos 437372
alloc_pos 437572
alloc_pos 437708
alloc_pos 437800
alloc_pos 438008
alloc_pos 438236
alloc_pos 438316
alloc_pos 438488
alloc_pos 438752
alloc_pos 438800
alloc_pos 439052
alloc_pos 439156
alloc_pos 439184
alloc_pos 439212
alloc_pos 439240
alloc_pos 439428
alloc_pos 439588
alloc_pos 439612
alloc_pos 439876
alloc_pos 440124
alloc_pos 440244
alloc_pos 440440
alloc_pos 440516
alloc_pos 440648
alloc_pos 440856
alloc_pos 440884
alloc_pos 441040
alloc_pos 441120
alloc_pos 441336
alloc_pos 441472
alloc_pos 441736
alloc_pos 441884
alloc_pos 442048
alloc_pos 442128
alloc_pos 442240
alloc_pos 442320
alloc_pos 442516
alloc_pos 442596
alloc_pos 442812
alloc_pos 442952
alloc_pos 443216
alloc_pos 443312
alloc_pos 443572
alloc_pos 443600
alloc_pos 443728
alloc_pos 443964
alloc_pos 444220
alloc_pos 444384
alloc_pos 444644
alloc_pos 444832
alloc_pos 444880
alloc_pos 444948
alloc_pos 445132
alloc_pos 445340
alloc_pos 445584
alloc_pos 445680
alloc_pos 445732
alloc_pos 445944
alloc_pos 446052
alloc_pos 446304
alloc_pos 446512
alloc_pos 446716
alloc_pos 446868
alloc_pos 447128
alloc_pos 447260
alloc_pos 447412
alloc_pos 447648
alloc_pos 447904
alloc_pos 448096
alloc_pos 448168
alloc_pos 448268
alloc_pos 448364
alloc_pos 448536
alloc_pos 448784
alloc_pos 448932
alloc_pos 449172
alloc_pos 449436
alloc_pos 449588
alloc_pos 449712
alloc_pos 449884
alloc_pos 450124
alloc_pos 450156
alloc_pos 450300
alloc_pos 450384
alloc_pos 450596
alloc_pos 450824
alloc_pos 450948
alloc_pos 451076
alloc_pos 451268
alloc_pos 451336
alloc_pos 451452
alloc_pos 451616
alloc_pos 451864
alloc_pos 452064
alloc_pos 452284
alloc_pos 452480
alloc_pos 452692
alloc_pos 452808
alloc_pos 452852
alloc_pos 452988
alloc_pos 453180
alloc_pos 453332
alloc_pos 453380
alloc_pos 453600
alloc_pos 453664
alloc_pos 453820
alloc_pos 454056
alloc_pos 454180
alloc_pos 454296
alloc_pos 454444
alloc_pos 454652
alloc_pos 454680
alloc_pos 454824
alloc_pos 454856
alloc_pos 454956
alloc_pos 455160
alloc_pos 455400
alloc_pos 455580
alloc_pos 455752
alloc_pos 455924
alloc_pos 456048
alloc_pos 456236
alloc_pos 456300
alloc_pos 456364
alloc_pos 456516
alloc_pos 456596
alloc_pos 456620
alloc_pos 456840
alloc_pos 456912
alloc_pos 457072
alloc_pos 457328
alloc_pos 457572
alloc_pos 457736
alloc_pos 457816
alloc_pos 457940
alloc_pos 458092
alloc_pos 458204
alloc_pos 458468
alloc_pos 458708
alloc_pos 458876
alloc_pos 458988
alloc_pos 459128
alloc_pos 459384
alloc_pos 459476
alloc_pos 459668
alloc_pos 459832
alloc_pos 460008
alloc_pos 460216
alloc_pos 460240
alloc_pos 460360
alloc_pos 460584
alloc_pos 460824
alloc_pos 461056
alloc_pos 461304
alloc_pos 461568
alloc_pos 461780
alloc_pos 461932
alloc_pos 462160
alloc_pos 462216
alloc_pos 462372
alloc_pos 462592
alloc_pos 462756
alloc_pos 462832
alloc_pos 462964
alloc_pos 463228
alloc_pos 463264
alloc_pos 463408
alloc_pos 463652
alloc_pos 463768
alloc_pos 463936
alloc_pos 464100
alloc_pos 464172
alloc_pos 464436
alloc_pos 464588
alloc_pos 464716
alloc_pos 464864
alloc_pos 465096
alloc_pos 465208
alloc_pos 465336
alloc_pos 465448
alloc_pos 465472
alloc_pos 465632
alloc_pos 465792
alloc_pos 465972
alloc_pos 466196
alloc_pos 466376
alloc_pos 466484
alloc_pos 466624
alloc_pos 466800
alloc_pos 466828
alloc_pos 467056
alloc_pos 467136
alloc_pos 467320
alloc_pos 467388
alloc_pos 467552
alloc_pos 467724
alloc_pos 467792
alloc_pos 468036
alloc_pos 468080
alloc_pos 468308
alloc_pos 468472
alloc_pos 468700
alloc_pos 468940
alloc_pos 469172
alloc_pos 469432
alloc_pos 469520
alloc_pos 469552
alloc_pos 469788
alloc_pos 470052
alloc_pos 470248
alloc_pos 470288
alloc_pos 470332
alloc_pos 470576
alloc_pos 470604
alloc_pos 470740
alloc_pos 470764
alloc_pos 470980
alloc_pos 471196
alloc_pos 471288
alloc_pos 471372
alloc_pos 471464
alloc_pos 471516
alloc_pos 471744
alloc_pos 471924
alloc_pos 471992
alloc_pos 472104
alloc_pos 472200
alloc_pos 472240
alloc_pos 472304
alloc_pos 472368
alloc_pos 472424
alloc_pos 472592
alloc_pos 472832
alloc_pos 473060
alloc_pos 473276
alloc_pos 473316
alloc_pos 473404
alloc_pos 473456
alloc_pos 473604
alloc_pos 473820
alloc_pos 473956
alloc_pos 474100
alloc_pos 474288
alloc_pos 474408
alloc_pos 474632
alloc_pos 474708
alloc_pos 474756
alloc_pos 474904
alloc_pos 474932
alloc_pos 475184
alloc_pos 475420
alloc_pos 475540
alloc_pos 475672
alloc_pos 475848
alloc_pos 476064
alloc_pos 476284
alloc_pos 476308
alloc_pos 476508
alloc_pos 476644
alloc_pos 476736
alloc_pos 476944
alloc_pos 477172
alloc_pos 477252
alloc_pos 477424
alloc_pos 477688
alloc_pos 477736
alloc_pos 477988
alloc_pos 478092
alloc_pos 478120
alloc_pos 478148
alloc_pos 478176
alloc_pos 478364
alloc_pos 478524
alloc_pos 478548
alloc_pos 478812
alloc_pos 479060
alloc_pos 479180
alloc_pos 479376
alloc_pos 479452
alloc_pos 479584
alloc_pos 479792
alloc_pos 479820
alloc_pos 479976
alloc_pos 480056
alloc_pos 480272
alloc_pos 480408
alloc_pos 480672
alloc_pos 480820
alloc_pos 480984
alloc_pos 481064
alloc_pos 481176
alloc_pos 481256
alloc_pos 481452
alloc_pos 481532
alloc_pos 481748
alloc_pos 481888
alloc_pos 482152
alloc_pos 482248
alloc_pos 482508
alloc_pos 482536
alloc_pos 482664
alloc_pos 482900
alloc_pos 483156
alloc_pos 483320
alloc_pos 483580
alloc_pos 483768
alloc_pos 483816
alloc_pos 483884
alloc_pos 484068
alloc_pos 484276
alloc_pos 484520
alloc_pos 484616
alloc_pos 484668
alloc_pos 484880
alloc_pos 484988
alloc_pos 485240
alloc_pos 485448
alloc_pos 485652
alloc_pos 485804
alloc_pos 486064
alloc_pos 486196
alloc_pos 486348
alloc_pos 486584
alloc_pos 486840
alloc_pos 487032
alloc_pos 487104
alloc_pos 487204
alloc_pos 487300
alloc_pos 487472
alloc_pos 487720
alloc_pos 487868
alloc_pos 488108
alloc_pos 488372
alloc_pos 488524
alloc_pos 488648
alloc_pos 488820
alloc_pos 489060
alloc_pos 489092
alloc_pos 489236
alloc_pos 489320
alloc_pos 489532
alloc_pos 489760
alloc_pos 489884
alloc_pos 490012
alloc_pos 490204
alloc_pos 490272
alloc_pos 490388
alloc_pos 490552
alloc_pos 490800
alloc_pos 491000
alloc_pos 491220
alloc_pos 491416
alloc_pos 491628
alloc_pos 491744
alloc_pos 491788
alloc_pos 491924
alloc_pos 492116
alloc_pos 492268
alloc_pos 492316
alloc_pos 492536
alloc_pos 492600
alloc_pos 492756
alloc_pos 492992
alloc_pos 493116
alloc_pos 493232
alloc_pos 493380
alloc_pos 493588
alloc_pos 493616
alloc_pos 493760
alloc_pos 493792
alloc_pos 493892
alloc_pos 494096
alloc_pos 494336
alloc_pos 494516
alloc_pos 494688
alloc_pos 494860
alloc_pos 494984
alloc_pos 495172
alloc_pos 495236
alloc_pos 495300
alloc_pos 495452
alloc_pos 495532
alloc_pos 495556
alloc_pos 495776
alloc_pos 495848
alloc_pos 496008
alloc_pos 496264
alloc_pos 496508
alloc_pos 496672
alloc_pos 496752
alloc_pos 496876
alloc_pos 497028
alloc_pos 497140
alloc_pos 497404
alloc_pos 497644
alloc_pos 497812
alloc_pos 497924
alloc_pos 498064
alloc_pos 498320
alloc_pos 498412
alloc_pos 498604
alloc_pos 498768
alloc_pos 498944
alloc_pos 499152
alloc_pos 499176
alloc_pos 499296
alloc_pos 499520
alloc_pos 499760
alloc_pos 499992
alloc_pos 500240
alloc_pos 500504
alloc_pos 500716
alloc_pos 500868
alloc_pos 501096
alloc_pos 501152
alloc_pos 501308
alloc_pos 501528
alloc_pos 501692
alloc_pos 501768
alloc_pos 501900
alloc_pos 502164
alloc_pos 502200
alloc_pos 502344
alloc_pos 502588
alloc_pos 502704
alloc_pos 502872
alloc_pos 503036
alloc_pos 503108
alloc_pos 503372
alloc_pos 503524
alloc_pos 503652
alloc_pos 503800
alloc_pos 504032
alloc_pos 504144
alloc_pos 504272
alloc_pos 504384
alloc_pos 504408
alloc_pos 504568
alloc_pos 504728
alloc_pos 504908
alloc_pos 505132
alloc_pos 505312
alloc_pos 505420
alloc_pos 505560
alloc_pos 505736
alloc_pos 505764
alloc_pos 505992
alloc_pos 506072
alloc_pos 506256
alloc_pos 506324
alloc_pos 506488
alloc_pos 506660
alloc_pos 506728
alloc_pos 506972
alloc_pos 507016
alloc_pos 507244
alloc_pos 507408
alloc_pos 507636
alloc_pos 507876
alloc_pos 508108
alloc_pos 508368
alloc_pos 508456
alloc_pos 508488
alloc_pos 508724
alloc_pos 508988
alloc_pos 509184
alloc_pos 509224
alloc_pos 509268
alloc_pos 509512
alloc_pos 509540
alloc_pos 509676
alloc_pos 509700
alloc_pos 509916
alloc_pos 510132
alloc_pos 510224
alloc_pos 510308
alloc_pos 510400
alloc_pos 510452
alloc_pos 510680
alloc_pos 510860
alloc_pos 510928
alloc_pos 511040
alloc_pos 511136
alloc_pos 511176
alloc_pos 511240
alloc_pos 511304
alloc_pos 511360
alloc_pos 511528
alloc_pos 511768
alloc_pos 511996
alloc_pos 512212
alloc_pos 512252
alloc_pos 512340
alloc_pos 512392
alloc_pos 512540
alloc_pos 512756
alloc_pos 512892
alloc_pos 513036
alloc_pos 513224
alloc_pos 513344
alloc_pos 513568
alloc_pos 513644
alloc_pos 513692
alloc_pos 513840
alloc_pos 513868
alloc_pos 514120
alloc_pos 514356
alloc_pos 514476
alloc_pos 514608
alloc_pos 514784
alloc_pos 515000
alloc_pos 515220
alloc_pos 515244
alloc_pos 515444
alloc_pos 515580
alloc_pos 515672
alloc_pos 515880
alloc_pos 516108
alloc_pos 516188
alloc_pos 516360
alloc_pos 516624
alloc_pos 516672
alloc_pos 516924
alloc_pos 517028
alloc_pos 517056
alloc_pos 517084
alloc_pos 517112
alloc_pos 517300
alloc_pos 517460
alloc_pos 517484
alloc_pos 517748
alloc_pos 517996
alloc_pos 518116
alloc_pos 518312
alloc_pos 518388
alloc_pos 518520
alloc_pos 518728
alloc_pos 518756
alloc_pos 518912
alloc_pos 518992
alloc_pos 519208
alloc_pos 519344
alloc_pos 519608
alloc_pos 519756
alloc_pos 519920
alloc_pos 520000
alloc_pos 520112
alloc_pos 520192
alloc_pos 520388
alloc_pos 520468
alloc_pos 520684
alloc_pos 520824
alloc_pos 521088
alloc_pos 521184
alloc_pos 521444
alloc_pos 521472
alloc_pos 521600
alloc_pos 521836
alloc_pos 522092
alloc_pos 522256
alloc_pos 522516
alloc_pos 522704
alloc_pos 522752
alloc_pos 522820
alloc_pos 523004
alloc_pos 523212
alloc_pos 523456
alloc_pos 523552
alloc_pos 523604
alloc_pos 523816
alloc_pos 523924
alloc_pos -1

