reason: unexpected exit code -6
--- stdout ---
CHENEY GENERATOR!
--- stderr ---
alloc_pos 8
alloc_pos 1040
alloc_pos 2072
alloc_pos 3104
alloc_pos 4136
alloc_pos 5168
alloc_pos 5184
alloc_pos 5200
alloc_pos 5216
alloc_pos 5232
alloc_pos 5248
alloc_pos 5264
alloc_pos 5280
alloc_pos 5296
alloc_pos 5312
alloc_pos 5328
alloc_pos 5344
alloc_pos 5360
alloc_pos 5376
alloc_pos 5392
alloc_pos 5408
alloc_pos 5424
alloc_pos 5440
alloc_pos 5456
alloc_pos 5472
alloc_pos 5488
alloc_pos 5504
alloc_pos 5520
alloc_pos 5536
alloc_pos 5552
alloc_pos 5568
alloc_pos 5584
alloc_pos 5600
alloc_pos 5616
alloc_pos 5632
alloc_pos 5648
alloc_pos 5664
alloc_pos 5680
alloc_pos 5696
alloc_pos 5712
alloc_pos 5728
alloc_pos 5744
alloc_pos 5760
alloc_pos 5776
alloc_pos 5792
alloc_pos 5808
alloc_pos 5824
alloc_pos 5840
alloc_pos 5856
alloc_pos 5872
alloc_pos 5888
alloc_pos 5904
alloc_pos 5920
alloc_pos 5936
alloc_pos 5952
alloc_pos 5968
alloc_pos 5984
alloc_pos 6000
alloc_pos 6016
alloc_pos 6032
alloc_pos 6048
alloc_pos 6064
alloc_pos 6080
alloc_pos 6096
alloc_pos 6112
alloc_pos 6128
alloc_pos 6144
alloc_pos 6160
alloc_pos 6176
alloc_pos 6192
alloc_pos 6208
alloc_pos 6224
alloc_pos 6240
alloc_pos 6256
alloc_pos 6272
alloc_pos 6288
alloc_pos 6304
alloc_pos 6320
alloc_pos 6336
alloc_pos 6352
alloc_pos 6368
alloc_pos 6384
alloc_pos 6400
alloc_pos 6416
alloc_pos 6432
alloc_pos 6448
alloc_pos 6464
alloc_pos 6480
alloc_pos 6496
alloc_pos 6512
alloc_pos 6528
alloc_pos 6544
alloc_pos 6560
alloc_pos 6576
alloc_pos 6592
alloc_pos 6608
alloc_pos 6624
alloc_pos 6640
alloc_pos 6656
alloc_pos 6672
alloc_pos 6688
alloc_pos 6704
alloc_pos 6720
alloc_pos 6736
alloc_pos 6752
alloc_pos 6768
alloc_pos 6784
alloc_pos 6800
alloc_pos 6816
alloc_pos 6832
alloc_pos 6848
alloc_pos 6864
alloc_pos 6880
alloc_pos 6896
alloc_pos 6912
alloc_pos 6928
alloc_pos 6944
alloc_pos 6960
alloc_pos 6976
alloc_pos 6992
alloc_pos 7008
alloc_pos 7024
alloc_pos 7040
alloc_pos 7056
alloc_pos 7072
alloc_pos 7088
alloc_pos 7104
alloc_pos 7120
alloc_pos 7136
alloc_pos 7152
alloc_pos 7168
alloc_pos 7184
alloc_pos 7200
alloc_pos 7216
alloc_pos 7232
alloc_pos 7248
alloc_pos 7264
alloc_pos 7280
alloc_pos 7296
alloc_pos 7312
alloc_pos 7328
alloc_pos 7344
alloc_pos 7360
alloc_pos 7376
alloc_pos 7392
alloc_pos 7408
alloc_pos 7424
alloc_pos 7440
alloc_pos 7456
alloc_pos 7472
alloc_pos 7488
alloc_pos 7504
alloc_pos 7520
alloc_pos 7536
alloc_pos 7552
alloc_pos 7568
alloc_pos 7584
alloc_pos 7600
alloc_pos 7616
alloc_pos 7632
alloc_pos 7648
alloc_pos 7664
alloc_pos 7680
alloc_pos 7696
alloc_pos 7712
alloc_pos 7728
alloc_pos 7744
alloc_pos 7760
alloc_pos 7776
alloc_pos 7792
alloc_pos 7808
alloc_pos 7824
alloc_pos 7840
alloc_pos 7856
alloc_pos 7872
alloc_pos 7888
alloc_pos 7904
alloc_pos 7920
alloc_pos 7936
alloc_pos 7952
alloc_pos 7968
alloc_pos 7984
alloc_pos 8000
alloc_pos 8016
alloc_pos 8032
alloc_pos 8048
alloc_pos 8064
alloc_pos 8080
alloc_pos 8096
alloc_pos 8112
alloc_pos 8128
alloc_pos 8144
alloc_pos 8160
alloc_pos 8176
alloc_pos 8192
alloc_pos 8208
alloc_pos 8224
alloc_pos 8240
alloc_pos 8256
alloc_pos 8272
alloc_pos 8288
alloc_pos 8304
alloc_pos 8320
alloc_pos 8336
alloc_pos 8352
alloc_pos 8368
alloc_pos 8384
alloc_pos 8400
alloc_pos 8416
alloc_pos 8432
alloc_pos 8448
alloc_pos 8464
alloc_pos 8480
alloc_pos 8496
alloc_pos 8512
alloc_pos 8528
alloc_pos 8544
alloc_pos 8560
alloc_pos 8576
alloc_pos 8592
alloc_pos 8608
alloc_pos 8624
alloc_pos 8640
alloc_pos 8656
alloc_pos 8672
alloc_pos 8688
alloc_pos 8704
alloc_pos 8720
alloc_pos 8736
alloc_pos 8752
alloc_pos 8768
alloc_pos 8784
alloc_pos 8800
alloc_pos 8816
alloc_pos 8832
alloc_pos 8848
alloc_pos 8864
alloc_pos 8880
alloc_pos 8896
alloc_pos 8912
alloc_pos 8928
alloc_pos 8944
alloc_pos 8960
alloc_pos 8976
alloc_pos 8992
alloc_pos 9008
alloc_pos 9024
alloc_pos 9040
alloc_pos 9056
alloc_pos 9072
alloc_pos 9088
alloc_pos 9104
alloc_pos 9120
alloc_pos 9136
alloc_pos 9152
alloc_pos 9168
alloc_pos 9184
alloc_pos 9200
alloc_pos 9216
alloc_pos 9232
alloc_pos 9248
alloc_pos 9264
alloc_pos 9428
alloc_pos 9472
alloc_pos 9552
alloc_pos 9808
alloc_pos 9860
alloc_pos 10000
alloc_pos 10188
alloc_pos 10248
alloc_pos 10484
alloc_pos 10556
alloc_pos 10708
alloc_pos 10928
alloc_pos 11056
alloc_pos 11316
alloc_pos 11524
alloc_pos 11624
alloc_pos 11768
alloc_pos 11988
alloc_pos 12116
alloc_pos 12328
alloc_pos 12556
alloc_pos 12748
alloc_pos 12856
alloc_pos 12904
alloc_pos 13048
alloc_pos 13272
alloc_pos 13360
alloc_pos 13548
alloc_pos 13592
alloc_pos 13712
alloc_pos 13816
alloc_pos 14032
alloc_pos 14192
alloc_pos 14224
alloc_pos 14272
alloc_pos 14456
alloc_pos 14592
alloc_pos 14656
alloc_pos 14756
alloc_pos 14860
alloc_pos 14972
alloc_pos 15088
alloc_pos 15216
alloc_pos 15384
alloc_pos 15580
alloc_pos 15804
alloc_pos 15868
alloc_pos 15936
alloc_pos 16076
alloc_pos 16164
alloc_pos 16392
alloc_pos 16552
alloc_pos 16640
alloc_pos 16780
alloc_pos 16924
alloc_pos 16972
alloc_pos 17092
alloc_pos 17188
alloc_pos 17216
alloc_pos 17240
alloc_pos 17484
alloc_pos 17520
alloc_pos 17684
alloc_pos 17728
alloc_pos 17808
alloc_pos 18064
alloc_pos 18116
alloc_pos 18256
alloc_pos 18444
alloc_pos 18504
alloc_pos 18740
alloc_pos 18812
alloc_pos 18964
alloc_pos 19184
alloc_pos 19312
alloc_pos 19572
alloc_pos 19780
alloc_pos 19880
alloc_pos 20024
alloc_pos 20244
alloc_pos 20372
alloc_pos 20584
alloc_pos 20812
alloc_pos 21004
alloc_pos 21112
alloc_pos 21160
alloc_pos 21304
alloc_pos 21528
alloc_pos 21616
alloc_pos 21804
alloc_pos 21848
alloc_pos 21968
alloc_pos 22072
alloc_pos 22288
alloc_pos 22448
alloc_pos 22480
alloc_pos 22528
alloc_pos 22712
alloc_pos 22848
alloc_pos 22912
alloc_pos 23012
alloc_pos 23116
alloc_pos 23228
alloc_pos 23344
alloc_pos 23472
alloc_pos 23640
alloc_pos 23836
alloc_pos 24060
alloc_pos 24124
alloc_pos 24192
alloc_pos 24332
alloc_pos 24420
alloc_pos 24648
alloc_pos 24808
alloc_pos 24896
alloc_pos 25036
alloc_pos 25180
alloc_pos 25228
alloc_pos 25348
alloc_pos 25444
alloc_pos 25472
alloc_pos 25496
alloc_pos 25740
alloc_pos 25776
alloc_pos 25940
alloc_pos 25984
alloc_pos 26064
alloc_pos 26320
alloc_pos 26372
alloc_pos 26512
alloc_pos 26700
alloc_pos 26760
alloc_pos 26996
alloc_pos 27068
alloc_pos 27220
alloc_pos 27440
alloc_pos 27568
alloc_pos 27828
alloc_pos 28036
alloc_pos 28136
alloc_pos 28280
alloc_pos 28500
alloc_pos 28628
alloc_pos 28840
alloc_pos 29068
alloc_pos 29260
alloc_pos 29368
alloc_pos 29416
alloc_pos 29560
alloc_pos 29784
alloc_pos 29872
alloc_pos 30060
alloc_pos 30104
alloc_pos 30224
alloc_pos 30328
alloc_pos 30544
alloc_pos 30704
alloc_pos 30736
alloc_pos 30784
alloc_pos 30968
alloc_pos 31104
alloc_pos 31168
alloc_pos 31268
alloc_pos 31372
alloc_pos 31484
alloc_pos 31600
alloc_pos 31728
alloc_pos 31896
alloc_pos 32092
alloc_pos 32316
alloc_pos 32380
alloc_pos 32448
alloc_pos 32588
alloc_pos 32676
alloc_pos 32904
alloc_pos 33064
alloc_pos 33152
alloc_pos 33292
alloc_pos 33436
alloc_pos 33484
alloc_pos 33604
alloc_pos 33700
alloc_pos 33728
alloc_pos 33752
alloc_pos 33996
alloc_pos 34032
alloc_pos 34196
alloc_pos 34240
alloc_pos 34320
alloc_pos 34576
alloc_pos 34628
alloc_pos 34768
alloc_pos 34956
alloc_pos 35016
alloc_pos 35252
alloc_pos 35324
alloc_pos 35476
alloc_pos 35696
alloc_pos 35824
alloc_pos 36084
alloc_pos 36292
alloc_pos 36392
alloc_pos 36536
alloc_pos 36756
alloc_pos 36884
alloc_pos 37096
alloc_pos 37324
alloc_pos 37516
alloc_pos 37624
alloc_pos 37672
alloc_pos 37816
alloc_pos 38040
alloc_pos 38128
alloc_pos 38316
alloc_pos 38360
alloc_pos 38480
alloc_pos 38584
alloc_pos 38800
alloc_pos 38960
alloc_pos 38992
alloc_pos 39040
alloc_pos 39224
alloc_pos 39360
alloc_pos 39424
alloc_pos 39524
alloc_pos 39628
alloc_pos 39740
alloc_pos 39856
alloc_pos 39984
alloc_pos 40152
alloc_pos 40348
alloc_pos 40572
alloc_pos 40636
alloc_pos 40704
alloc_pos 40844
alloc_pos 40932
alloc_pos 41160
alloc_pos 41320
alloc_pos 41408
alloc_pos 41548
alloc_pos 41692
alloc_pos 41740
alloc_pos 41860
alloc_pos 41956
alloc_pos 41984
alloc_pos 42008
alloc_pos 42252
alloc_pos 42288
alloc_pos 42452
alloc_pos 42496
alloc_pos 42576
alloc_pos 42832
alloc_pos 42884
alloc_pos 43024
alloc_pos 43212
alloc_pos 43272
alloc_pos 43508
alloc_pos 43580
alloc_pos 43732
alloc_pos 43952
alloc_pos 44080
alloc_pos 44340
alloc_pos 44548
alloc_pos 44648
alloc_pos 44792
alloc_pos 45012
alloc_pos 45140
alloc_pos 45352
alloc_pos 45580
alloc_pos 45772
alloc_pos 45880
alloc_pos 45928
alloc_pos 46072
alloc_pos 46296
alloc_pos 46384
alloc_pos 46572
alloc_pos 46616
alloc_pos 46736
alloc_pos 46840
alloc_pos 47056
alloc_pos 47216
alloc_pos 47248
alloc_pos 47296
alloc_pos 47480
alloc_pos 47616
alloc_pos 47680
alloc_pos 47780
alloc_pos 47884
alloc_pos 47996
alloc_pos 48112
alloc_pos 48240
alloc_pos 48408
alloc_pos 48604
alloc_pos 48828
alloc_pos 48892
alloc_pos 48960
alloc_pos 49100
alloc_pos 49188
alloc_pos 49416
alloc_pos 49576
alloc_pos 49664
alloc_pos 49804
alloc_pos 49948
alloc_pos 49996
alloc_pos 50116
alloc_pos 50212
alloc_pos 50240
alloc_pos 50264
alloc_pos 50508
alloc_pos 50544
alloc_pos 50708
alloc_pos 50752
alloc_pos 50832
alloc_pos 51088
alloc_pos 51140
alloc_pos 51280
alloc_pos 51468
alloc_pos 51528
alloc_pos 51764
alloc_pos 51836
alloc_pos 51988
alloc_pos 52208
alloc_pos 52336
alloc_pos 52596
alloc_pos 52804
alloc_pos 52904
alloc_pos 53048
alloc_pos 53268
alloc_pos 53396
alloc_pos 53608
alloc_pos 53836
alloc_pos 54028
alloc_pos 54136
alloc_pos 54184
alloc_pos 54328
alloc_pos 54552
alloc_pos 54640
alloc_pos 54828
alloc_pos 54872
alloc_pos 54992
alloc_pos 55096
alloc_pos 55312
alloc_pos 55472
alloc_pos 55504
alloc_pos 55552
alloc_pos 55736
alloc_pos 55872
alloc_pos 55936
alloc_pos 56036
alloc_pos 56140
alloc_pos 56252
alloc_pos 56368
alloc_pos 56496
alloc_pos 56664
alloc_pos 56860
alloc_pos 57084
alloc_pos 57148
alloc_pos 57216
alloc_pos 57356
alloc_pos 57444
alloc_pos 57672
alloc_pos 57832
alloc_pos 57920
alloc_pos 58060
alloc_pos 58204
alloc_pos 58252
alloc_pos 58372
alloc_pos 58468
alloc_pos 58496
alloc_pos 58520
alloc_pos 58764
alloc_pos 58800
alloc_pos 58964
alloc_pos 59008
alloc_pos 59088
alloc_pos 59344
alloc_pos 59396
alloc_pos 59536
alloc_pos 59724
alloc_pos 59784
alloc_pos 60020
alloc_pos 60092
alloc_pos 60244
alloc_pos 60464
alloc_pos 60592
alloc_pos 60852
alloc_pos 61060
alloc_pos 61160
alloc_pos 61304
alloc_pos 61524
alloc_pos 61652
alloc_pos 61864
alloc_pos 62092
alloc_pos 62284
alloc_pos 62392
alloc_pos 62440
alloc_pos 62584
alloc_pos 62808
alloc_pos 62896
alloc_pos 63084
alloc_pos 63128
alloc_pos 63248
alloc_pos 63352
alloc_pos 63568
alloc_pos 63728
alloc_pos 63760
alloc_pos 63808
alloc_pos 63992
alloc_pos 64128
alloc_pos 64192
alloc_pos 64292
alloc_pos 64396
alloc_pos 64508
alloc_pos 64624
alloc_pos 64752
alloc_pos 64920
alloc_pos 65116
alloc_pos 65340
alloc_pos 65404
alloc_pos 65472
alloc_pos 65612
alloc_pos 65700
alloc_pos 65928
alloc_pos 66088
alloc_pos 66176
alloc_pos 66316
alloc_pos 66460
alloc_pos 66508
alloc_pos 66628
alloc_pos 66724
alloc_pos 66752
alloc_pos 66776
alloc_pos 67020
alloc_pos 67056
alloc_pos 67220
alloc_pos 67264
alloc_pos 67344
alloc_pos 67600
alloc_pos 67652
alloc_pos 67792
alloc_pos 67980
alloc_pos 68040
alloc_pos 68276
alloc_pos 68348
alloc_pos 68500
alloc_pos 68720
alloc_pos 68848
alloc_pos 69108
alloc_pos 69316
alloc_pos 69416
alloc_pos 69560
alloc_pos 69780
alloc_pos 69908
alloc_pos 70120
alloc_pos 70348
alloc_pos 70540
alloc_pos 70648
alloc_pos 70696
alloc_pos 70840
alloc_pos 71064
alloc_pos 71152
alloc_pos 71340
alloc_pos 71384
alloc_pos 71504
alloc_pos 71608
alloc_pos 71824
alloc_pos 71984
alloc_pos 72016
alloc_pos 72064
alloc_pos 72248
alloc_pos 72384
alloc_pos 72448
alloc_pos 72548
alloc_pos 72652
alloc_pos 72764
alloc_pos 72880
alloc_pos 73008
alloc_pos 73176
alloc_pos 73372
alloc_pos 73596
alloc_pos 73660
alloc_pos 73728
alloc_pos 73868
alloc_pos 73956
alloc_pos 74184
alloc_pos 74344
alloc_pos 74432
alloc_pos 74572
alloc_pos 74716
alloc_pos 74764
alloc_pos 74884
alloc_pos 74980
alloc_pos 75008
alloc_pos 75032
alloc_pos 75276
alloc_pos 75312
alloc_pos 75476
alloc_pos 75520
alloc_pos 75600
alloc_pos 75856
alloc_pos 75908
alloc_pos 76048
alloc_pos 76236
alloc_pos 76296
alloc_pos 76532
alloc_pos 76604
alloc_pos 76756
alloc_pos 76976
alloc_pos 77104
alloc_pos 77364
alloc_pos 77572
alloc_pos 77672
alloc_pos 77816
alloc_pos 78036
alloc_pos 78164
alloc_pos 78376
alloc_pos 78604
alloc_pos 78796
alloc_pos 78904
alloc_pos 78952
alloc_pos 79096
alloc_pos 79320
alloc_pos 79408
alloc_pos 79596
alloc_pos 79640
alloc_pos 79760
alloc_pos 79864
alloc_pos 80080
alloc_pos 80240
alloc_pos 80272
alloc_pos 80320
alloc_pos 80504
alloc_pos 80640
alloc_pos 80704
alloc_pos 80804
alloc_pos 80908
alloc_pos 81020
alloc_pos 81136
alloc_pos 81264
alloc_pos 81432
alloc_pos 81628
alloc_pos 81852
alloc_pos 81916
alloc_pos 81984
alloc_pos 82124
alloc_pos 82212
alloc_pos 82440
alloc_pos 82600
alloc_pos 82688
alloc_pos 82828
alloc_pos 82972
alloc_pos 83020
alloc_pos 83140
alloc_pos 83236
alloc_pos 83264
alloc_pos 83288
alloc_pos 83532
alloc_pos 83568
alloc_pos 83732
alloc_pos 83776
alloc_pos 83856
alloc_pos 84112
alloc_pos 84164
alloc_pos 84304
alloc_pos 84492
alloc_pos 84552
alloc_pos 84788
alloc_pos 84860
alloc_pos 85012
alloc_pos 85232
alloc_pos 85360
alloc_pos 85620
alloc_pos 85828
alloc_pos 85928
alloc_pos 86072
alloc_pos 86292
alloc_pos 86420
alloc_pos 86632
alloc_pos 86860
alloc_pos 87052
alloc_pos 87160
alloc_pos 87208
alloc_pos 87352
alloc_pos 87576
alloc_pos 87664
alloc_pos 87852
alloc_pos 87896
alloc_pos 88016
alloc_pos 88120
alloc_pos 88336
alloc_pos 88496
alloc_pos 88528
alloc_pos 88576
alloc_pos 88760
alloc_pos 88896
alloc_pos 88960
alloc_pos 89060
alloc_pos 89164
alloc_pos 89276
alloc_pos 89392
alloc_pos 89520
alloc_pos 89688
alloc_pos 89884
alloc_pos 90108
alloc_pos 90172
alloc_pos 90240
alloc_pos 90380
alloc_pos 90468
alloc_pos 90696
alloc_pos 90856
alloc_pos 90944
alloc_pos 91084
alloc_pos 91228
alloc_pos 91276
alloc_pos 91396
alloc_pos 91492
alloc_pos 91520
alloc_pos 91544
alloc_pos 91788
alloc_pos 91824
alloc_pos 91988
alloc_pos 92032
alloc_pos 92112
alloc_pos 92368
alloc_pos 92420
alloc_pos 92560
alloc_pos 92748
alloc_pos 92808
alloc_pos 93044
alloc_pos 93116
alloc_pos 93268
alloc_pos 93488
alloc_pos 93616
alloc_pos 93876
alloc_pos 94084
alloc_pos 94184
alloc_pos 94328
alloc_pos 94548
alloc_pos 94676
alloc_pos 94888
alloc_pos 95116
alloc_pos 95308
alloc_pos 95416
alloc_pos 95464
alloc_pos 95608
alloc_pos 95832
alloc_pos 95920
alloc_pos 96108
alloc_pos 96152
alloc_pos 96272
alloc_pos 96376
alloc_pos 96592
alloc_pos 96752
alloc_pos 96784
alloc_pos 96832
alloc_pos 97016
alloc_pos 97152
alloc_pos 97216
alloc_pos 97316
alloc_pos 97420
alloc_pos 97532
alloc_pos 97648
alloc_pos 97776
alloc_pos 97944
alloc_pos 98140
alloc_pos 98364
alloc_pos 98428
alloc_pos 98496
alloc_pos 98636
alloc_pos 98724
alloc_pos 98952
alloc_pos 99112
alloc_pos 99200
alloc_pos 99340
alloc_pos 99484
alloc_pos 99532
alloc_pos 99652
alloc_pos 99748
alloc_pos 99776
alloc_pos 99800
alloc_pos 100044
alloc_pos 100080
alloc_pos 100244
alloc_pos 100288
alloc_pos 100368
alloc_pos 100624
alloc_pos 100676
alloc_pos 100816
alloc_pos 101004
alloc_pos 101064
alloc_pos 101300
alloc_pos 101372
alloc_pos 101524
alloc_pos 101744
alloc_pos 101872
alloc_pos 102132
alloc_pos 102340
alloc_pos 102440
alloc_pos 102584
alloc_pos 102804
alloc_pos 102932
alloc_pos 103144
alloc_pos 103372
alloc_pos 103564
alloc_pos 103672
alloc_pos 103720
alloc_pos 103864
alloc_pos 104088
alloc_pos 104176
alloc_pos 104364
alloc_pos 104408
alloc_pos 104528
alloc_pos 104632
alloc_pos 104848
alloc_pos 105008
alloc_pos 105040
alloc_pos 105088
alloc_pos 105272
alloc_pos 105408
alloc_pos 105472
alloc_pos 105572
alloc_pos 105676
alloc_pos 105788
alloc_pos 105904
alloc_pos 106032
alloc_pos 106200
alloc_pos 106396
alloc_pos 106620
alloc_pos 106684
alloc_pos 106752
alloc_pos 106892
alloc_pos 106980
alloc_pos 107208
alloc_pos 107368
alloc_pos 107456
alloc_pos 107596
alloc_pos 107740
alloc_pos 107788
alloc_pos 107908
alloc_pos 108004
alloc_pos 108032
alloc_pos 108056
alloc_pos 108300
alloc_pos 108336
alloc_pos 108500
alloc_pos 108544
alloc_pos 108624
alloc_pos 108880
alloc_pos 108932
alloc_pos 109072
alloc_pos 109260
alloc_pos 109320
alloc_pos 109556
alloc_pos 109628
alloc_pos 109780
alloc_pos 110000
alloc_pos 110128
alloc_pos 110388
alloc_pos 110596
alloc_pos 110696
alloc_pos 110840
alloc_pos 111060
alloc_pos 111188
alloc_pos 111400
alloc_pos 111628
alloc_pos 111820
alloc_pos 111928
alloc_pos 111976
alloc_pos 112120
alloc_pos 112344
alloc_pos 112432
alloc_pos 112620
alloc_pos 112664
alloc_pos 112784
alloc_pos 112888
alloc_pos 113104
alloc_pos 113264
alloc_pos 113296
alloc_pos 113344
alloc_pos 113528
alloc_pos 113664
alloc_pos 113728
alloc_pos 113828
alloc_pos 113932
alloc_pos 114044
alloc_pos 114160
alloc_pos 114288
alloc_pos 114456
alloc_pos 114652
alloc_pos 114876
alloc_pos 114940
alloc_pos 115008
alloc_pos 115148
alloc_pos 115236
alloc_pos 115464
alloc_pos 115624
alloc_pos 115712
alloc_pos 115852
alloc_pos 115996
alloc_pos 116044
alloc_pos 116164
alloc_pos 116260
alloc_pos 116288
alloc_pos 116312
alloc_pos 116556
alloc_pos 116592
alloc_pos 116756
alloc_pos 116800
alloc_pos 116880
alloc_pos 117136
alloc_pos 117188
alloc_pos 117328
alloc_pos 117516
alloc_pos 117576
alloc_pos 117812
alloc_pos 117884
alloc_pos 118036
alloc_pos 118256
alloc_pos 118384
alloc_pos 118644
alloc_pos 118852
alloc_pos 118952
alloc_pos 119096
alloc_pos 119316
alloc_pos 119444
alloc_pos 119656
alloc_pos 119884
alloc_pos 120076
alloc_pos 120184
alloc_pos 120232
alloc_pos 120376
alloc_pos 120600
alloc_pos 120688
alloc_pos 120876
alloc_pos 120920
alloc_pos 121040
alloc_pos 121144
alloc_pos 121360
alloc_pos 121520
alloc_pos 121552
alloc_pos 121600
alloc_pos 121784
alloc_pos 121920
alloc_pos 121984
alloc_pos 122084
alloc_pos 122188
alloc_pos 122300
alloc_pos 122416
alloc_pos 122544
alloc_pos 122712
alloc_pos 122908
alloc_pos 123132
alloc_pos 123196
alloc_pos 123264
alloc_pos 123404
alloc_pos 123492
alloc_pos 123720
alloc_pos 123880
alloc_pos 123968
alloc_pos 124108
alloc_pos 124252
alloc_pos 124300
alloc_pos 124420
alloc_pos 124516
alloc_pos 124544
alloc_pos 124568
alloc_pos 124812
alloc_pos 124848
alloc_pos 125012
alloc_pos 125056
alloc_pos 125136
alloc_pos 125392
alloc_pos 125444
alloc_pos 125584
alloc_pos 125772
alloc_pos 125832
alloc_pos 126068
alloc_pos 126140
alloc_pos 126292
alloc_pos 126512
alloc_pos 126640
alloc_pos 126900
alloc_pos 127108
alloc_pos 127208
alloc_pos 127352
alloc_pos 127572
alloc_pos 127700
alloc_pos 127912
alloc_pos 128140
alloc_pos 128332
alloc_pos 128440
alloc_pos 128488
alloc_pos 128632
alloc_pos 128856
alloc_pos 128944
alloc_pos 129132
alloc_pos 129176
alloc_pos 129296
alloc_pos 129400
alloc_pos 129616
alloc_pos 129776
alloc_pos 129808
alloc_pos 129856
alloc_pos 130040
alloc_pos 130176
alloc_pos 130240
alloc_pos 130340
alloc_pos 130444
alloc_pos 130556
alloc_pos 130672
alloc_pos 130800
alloc_pos 130968
alloc_pos 131164
alloc_pos 131388
alloc_pos 131452
alloc_pos 131520
alloc_pos 131660
alloc_pos 131748
alloc_pos 131976
alloc_pos 132136
alloc_pos 132224
alloc_pos 132364
alloc_pos 132508
alloc_pos 132556
alloc_pos 132676
alloc_pos 132772
alloc_pos 132800
alloc_pos 132824
alloc_pos 133068
alloc_pos 133104
alloc_pos 133268
alloc_pos 133312
alloc_pos 133392
alloc_pos 133648
alloc_pos 133700
alloc_pos 133840
alloc_pos 134028
alloc_pos 134088
alloc_pos 134324
alloc_pos 134396
alloc_pos 134548
alloc_pos 134768
alloc_pos 134896
alloc_pos 135156
alloc_pos 135364
alloc_pos 135464
alloc_pos 135608
alloc_pos 135828
alloc_pos 135956
alloc_pos 136168
alloc_pos 136396
alloc_pos 136588
alloc_pos 136696
alloc_pos 136744
alloc_pos 136888
alloc_pos 137112
alloc_pos 137200
alloc_pos 137388
alloc_pos 137432
alloc_pos 137552
alloc_pos 137656
alloc_pos 137872
alloc_pos 138032
alloc_pos 138064
alloc_pos 138112
alloc_pos 138296
alloc_pos 138432
alloc_pos 138496
alloc_pos 138596
alloc_pos 138700
alloc_pos 138812
alloc_pos 138928
alloc_pos 139056
alloc_pos 139224
alloc_pos 139420
alloc_pos 139644
alloc_pos 139708
alloc_pos 139776
alloc_pos 139916
alloc_pos 140004
alloc_pos 140232
alloc_pos 140392
alloc_pos 140480
alloc_pos 140620
alloc_pos 140764
alloc_pos 140812
alloc_pos 140932
alloc_pos 141028
alloc_pos 141056
alloc_pos 141080
alloc_pos 141324
alloc_pos 141360
alloc_pos 141524
alloc_pos 141568
alloc_pos 141648
alloc_pos 141904
alloc_pos 141956
alloc_pos 142096
alloc_pos 142284
alloc_pos 142344
alloc_pos 142580
alloc_pos 142652
alloc_pos 142804
alloc_pos 143024
alloc_pos 143152
alloc_pos 143412
alloc_pos 143620
alloc_pos 143720
alloc_pos 143864
alloc_pos 144084
alloc_pos 144212
alloc_pos 144424
alloc_pos 144652
alloc_pos 144844
alloc_pos 144952
alloc_pos 145000
alloc_pos 145144
alloc_pos 145368
alloc_pos 145456
alloc_pos 145644
alloc_pos 145688
alloc_pos 145808
alloc_pos 145912
alloc_pos 146128
alloc_pos 146288
alloc_pos 146320
alloc_pos 146368
alloc_pos 146552
alloc_pos 146688
alloc_pos 146752
alloc_pos 146852
alloc_pos 146956
alloc_pos 147068
alloc_pos 147184
alloc_pos 147312
alloc_pos 147480
alloc_pos 147676
alloc_pos 147900
alloc_pos 147964
alloc_pos 148032
alloc_pos 148172
alloc_pos 148260
alloc_pos 148488
alloc_pos 148648
alloc_pos 148736
alloc_pos 148876
alloc_pos 149020
alloc_pos 149068
alloc_pos 149188
alloc_pos 149284
alloc_pos 149312
alloc_pos 149336
alloc_pos 149580
alloc_pos 149616
alloc_pos 149780
alloc_pos 149824
alloc_pos 149904
alloc_pos 150160
alloc_pos 150212
alloc_pos 150352
alloc_pos 150540
alloc_pos 150600
alloc_pos 150836
alloc_pos 150908
alloc_pos 151060
alloc_pos 151280
alloc_pos 151408
alloc_pos 151668
alloc_pos 151876
alloc_pos 151976
alloc_pos 152120
alloc_pos 152340
alloc_pos 152468
alloc_pos 152680
alloc_pos 152908
alloc_pos 153100
alloc_pos 153208
alloc_pos 153256
alloc_pos 153400
alloc_pos 153624
alloc_pos 153712
alloc_pos 153900
alloc_pos 153944
alloc_pos 154064
alloc_pos 154168
alloc_pos 154384
alloc_pos 154544
alloc_pos 154576
alloc_pos 154624
alloc_pos 154808
alloc_pos 154944
alloc_pos 155008
alloc_pos 155108
alloc_pos 155212
alloc_pos 155324
alloc_pos 155440
alloc_pos 155568
alloc_pos 155736
alloc_pos 155932
alloc_pos 156156
alloc_pos 156220
alloc_pos 156288
alloc_pos 156428
alloc_pos 156516
alloc_pos 156744
alloc_pos 156904
alloc_pos 156992
alloc_pos 157132
alloc_pos 157276
alloc_pos 157324
alloc_pos 157444
alloc_pos 157540
alloc_pos 157568
alloc_pos 157592
alloc_pos 157836
alloc_pos 157872
alloc_pos 158036
alloc_pos 158080
alloc_pos 158160
alloc_pos 158416
alloc_pos 158468
alloc_pos 158608
alloc_pos 158796
alloc_pos 158856
alloc_pos 159092
alloc_pos 159164
alloc_pos 159316
alloc_pos 159536
alloc_pos 159664
alloc_pos 159924
alloc_pos 160132
alloc_pos 160232
alloc_pos 160376
alloc_pos 160596
alloc_pos 160724
alloc_pos 160936
alloc_pos 161164
alloc_pos 161356
alloc_pos 161464
alloc_pos 161512
alloc_pos 161656
alloc_pos 161880
alloc_pos 161968
alloc_pos 162156
alloc_pos 162200
alloc_pos 162320
alloc_pos 162424
alloc_pos 162640
alloc_pos 162800
alloc_pos 162832
alloc_pos 162880
alloc_pos 163064
alloc_pos 163200
alloc_pos 163264
alloc_pos 163364
alloc_pos 163468
alloc_pos 163580
alloc_pos 163696
alloc_pos 163824
alloc_pos 163992
alloc_pos 164188
alloc_pos 164412
alloc_pos 164476
alloc_pos 164544
alloc_pos 164684
alloc_pos 164772
alloc_pos 165000
alloc_pos 165160
alloc_pos 165248
alloc_pos 165388
alloc_pos 165532
alloc_pos 165580
alloc_pos 165700
alloc_pos 165796
alloc_pos 165824
alloc_pos 165848
alloc_pos 166092
alloc_pos 166128
alloc_pos 166292
alloc_pos 166336
alloc_pos 166416
alloc_pos 166672
alloc_pos 166724
alloc_pos 166864
alloc_pos 167052
alloc_pos 167112
alloc_pos 167348
alloc_pos 167420
alloc_pos 167572
alloc_pos 167792
alloc_pos 167920
alloc_pos 168180
alloc_pos 168388
alloc_pos 168488
alloc_pos 168632
alloc_pos 168852
alloc_pos 168980
alloc_pos 169192
alloc_pos 169420
alloc_pos 169612
alloc_pos 169720
alloc_pos 169768
alloc_pos 169912
alloc_pos 170136
alloc_pos 170224
alloc_pos 170412
alloc_pos 170456
alloc_pos 170576
alloc_pos 170680
alloc_pos 170896
alloc_pos 171056
alloc_pos 171088
alloc_pos 171136
alloc_pos 171320
alloc_pos 171456
alloc_pos 171520
alloc_pos 171620
alloc_pos 171724
alloc_pos 171836
alloc_pos 171952
alloc_pos 172080
alloc_pos 172248
alloc_pos 172444
alloc_pos 172668
alloc_pos 172732
alloc_pos 172800
alloc_pos 172940
alloc_pos 173028
alloc_pos 173256
alloc_pos 173416
alloc_pos 173504
alloc_pos 173644
alloc_pos 173788
alloc_pos 173836
alloc_pos 173956
alloc_pos 174052
alloc_pos 174080
alloc_pos 174104
alloc_pos 174348
alloc_pos 174384
alloc_pos 174548
alloc_pos 174592
alloc_pos 174672
alloc_pos 174928
alloc_pos 174980
alloc_pos 175120
alloc_pos 175308
alloc_pos 175368
alloc_pos 175604
alloc_pos 175676
alloc_pos 175828
alloc_pos 176048
alloc_pos 176176
alloc_pos 176436
alloc_pos 176644
alloc_pos 176744
alloc_pos 176888
alloc_pos 177108
alloc_pos 177236
alloc_pos 177448
alloc_pos 177676
alloc_pos 177868
alloc_pos 177976
alloc_pos 178024
alloc_pos 178168
alloc_pos 178392
alloc_pos 178480
alloc_pos 178668
alloc_pos 178712
alloc_pos 178832
alloc_pos 178936
alloc_pos 179152
alloc_pos 179312
alloc_pos 179344
alloc_pos 179392
alloc_pos 179576
alloc_pos 179712
alloc_pos 179776
alloc_pos 179876
alloc_pos 179980
alloc_pos 180092
alloc_pos 180208
alloc_pos 180336
alloc_pos 180504
alloc_pos 180700
alloc_pos 180924
alloc_pos 180988
alloc_pos 181056
alloc_pos 181196
alloc_pos 181284
alloc_pos 181512
alloc_pos 181672
alloc_pos 181760
alloc_pos 181900
alloc_pos 182044
alloc_pos 182092
alloc_pos 182212
alloc_pos 182308
alloc_pos 182336
alloc_pos 182360
alloc_pos 182604
alloc_pos 182640
alloc_pos 182804
alloc_pos 182848
alloc_pos 182928
alloc_pos 183184
alloc_pos 183236
alloc_pos 183376
alloc_pos 183564
alloc_pos 183624
alloc_pos 183860
alloc_pos 183932
alloc_pos 184084
alloc_pos 184304
alloc_pos 184432
alloc_pos 184692
alloc_pos 184900
alloc_pos 185000
alloc_pos 185144
alloc_pos 185364
alloc_pos 185492
alloc_pos 185704
alloc_pos 185932
alloc_pos 186124
alloc_pos 186232
alloc_pos 186280
alloc_pos 186424
alloc_pos 186648
alloc_pos 186736
alloc_pos 186924
alloc_pos 186968
alloc_pos 187088
alloc_pos 187192
alloc_pos 187408
alloc_pos 187568
alloc_pos 187600
alloc_pos 187648
alloc_pos 187832
alloc_pos 187968
alloc_pos 188032
alloc_pos 188132
alloc_pos 188236
alloc_pos 188348
alloc_pos 188464
alloc_pos 188592
alloc_pos 188760
alloc_pos 188956
alloc_pos 189180
alloc_pos 189244
alloc_pos 189312
alloc_pos 189452
alloc_pos 189540
alloc_pos 189768
alloc_pos 189928
alloc_pos 190016
alloc_pos 190156
alloc_pos 190300
alloc_pos 190348
alloc_pos 190468
alloc_pos 190564
alloc_pos 190592
alloc_pos 190616
alloc_pos 190860
alloc_pos 190896
alloc_pos 191060
alloc_pos 191104
alloc_pos 191184
alloc_pos 191440
alloc_pos 191492
alloc_pos 191632
alloc_pos 191820
alloc_pos 191880
alloc_pos 192116
alloc_pos 192188
alloc_pos 192340
alloc_pos 192560
alloc_pos 192688
alloc_pos 192948
alloc_pos 193156
alloc_pos 193256
alloc_pos 193400
alloc_pos 193620
alloc_pos 193748
alloc_pos 193960
alloc_pos 194188
alloc_pos 194380
alloc_pos 194488
alloc_pos 194536
alloc_pos 194680
alloc_pos 194904
alloc_pos 194992
alloc_pos 195180
alloc_pos 195224
alloc_pos 195344
alloc_pos 195448
alloc_pos 195664
alloc_pos 195824
alloc_pos 195856
alloc_pos 195904
alloc_pos 196088
alloc_pos 196224
alloc_pos 196288
alloc_pos 196388
alloc_pos 196492
alloc_pos 196604
alloc_pos 196720
alloc_pos 196848
alloc_pos 197016
alloc_pos 197212
alloc_pos 197436
alloc_pos 197500
alloc_pos 197568
alloc_pos 197708
alloc_pos 197796
alloc_pos 198024
alloc_pos 198184
alloc_pos 198272
alloc_pos 198412
alloc_pos 198556
alloc_pos 198604
alloc_pos 198724
alloc_pos 198820
alloc_pos 198848
alloc_pos 198872
alloc_pos 199116
alloc_pos 199152
alloc_pos 199316
alloc_pos 199360
alloc_pos 199440
alloc_pos 199696
alloc_pos 199748
alloc_pos 199888
alloc_pos 200076
alloc_pos 200136
alloc_pos 200372
alloc_pos 200444
alloc_pos 200596
alloc_pos 200816
alloc_pos 200944
alloc_pos 201204
alloc_pos 201412
alloc_pos 201512
alloc_pos 201656
alloc_pos 201876
alloc_pos 202004
alloc_pos 202216
alloc_pos 202444
alloc_pos 202636
alloc_pos 202744
alloc_pos 202792
alloc_pos 202936
alloc_pos 203160
alloc_pos 203248
alloc_pos 203436
alloc_pos 203480
alloc_pos 203600
alloc_pos 203704
alloc_pos 203920
alloc_pos 204080
alloc_pos 204112
alloc_pos 204160
alloc_pos 204344
alloc_pos 204480
alloc_pos 204544
alloc_pos 204644
alloc_pos 204748
alloc_pos 204860
alloc_pos 204976
alloc_pos 205104
alloc_pos 205272
alloc_pos 205468
alloc_pos 205692
alloc_pos 205756
alloc_pos 205824
alloc_pos 205964
alloc_pos 206052
alloc_pos 206280
alloc_pos 206440
alloc_pos 206528
alloc_pos 206668
alloc_pos 206812
alloc_pos 206860
alloc_pos 206980
alloc_pos 207076
alloc_pos 207104
alloc_pos 207128
alloc_pos 207372
alloc_pos 207408
alloc_pos 207572
alloc_pos 207616
alloc_pos 207696
alloc_pos 207952
alloc_pos 208004
alloc_pos 208144
alloc_pos 208332
alloc_pos 208392
alloc_pos 208628
alloc_pos 208700
alloc_pos 208852
alloc_pos 209072
alloc_pos 209200
alloc_pos 209460
alloc_pos 209668
alloc_pos 209768
alloc_pos 209912
alloc_pos 210132
alloc_pos 210260
alloc_pos 210472
alloc_pos 210700
alloc_pos 210892
alloc_pos 211000
alloc_pos 211048
alloc_pos 211192
alloc_pos 211416
alloc_pos 211504
alloc_pos 211692
alloc_pos 211736
alloc_pos 211856
alloc_pos 211960
alloc_pos 212176
alloc_pos 212336
alloc_pos 212368
alloc_pos 212416
alloc_pos 212600
alloc_pos 212736
alloc_pos 212800
alloc_pos 212900
alloc_pos 213004
alloc_pos 213116
alloc_pos 213232
alloc_pos 213360
alloc_pos 213528
alloc_pos 213724
alloc_pos 213948
alloc_pos 214012
alloc_pos 214080
alloc_pos 214220
alloc_pos 214308
alloc_pos 214536
alloc_pos 214696
alloc_pos 214784
alloc_pos 214924
alloc_pos 215068
alloc_pos 215116
alloc_pos 215236
alloc_pos 215332
alloc_pos 215360
alloc_pos 215384
alloc_pos 215628
alloc_pos 215664
alloc_pos 215828
alloc_pos 215872
alloc_pos 215952
alloc_pos 216208
alloc_pos 216260
alloc_pos 216400
alloc_pos 216588
alloc_pos 216648
alloc_pos 216884
alloc_pos 216956
alloc_pos 217108
alloc_pos 217328
alloc_pos 217456
alloc_pos 217716
alloc_pos 217924
alloc_pos 218024
alloc_pos 218168
alloc_pos 218388
alloc_pos 218516
alloc_pos 218728
alloc_pos 218956
alloc_pos 219148
alloc_pos 219256
alloc_pos 219304
alloc_pos 219448
alloc_pos 219672
alloc_pos 219760
alloc_pos 219948
alloc_pos 219992
alloc_pos 220112
alloc_pos 220216
alloc_pos 220432
alloc_pos 220592
alloc_pos 220624
alloc_pos 220672
alloc_pos 220856
alloc_pos 220992
alloc_pos 221056
alloc_pos 221156
alloc_pos 221260
alloc_pos 221372
alloc_pos 221488
alloc_pos 221616
alloc_pos 221784
alloc_pos 221980
alloc_pos 222204
alloc_pos 222268
alloc_pos 222336
alloc_pos 222476
alloc_pos 222564
alloc_pos 222792
alloc_pos 222952
alloc_pos 223040
alloc_pos 223180
alloc_pos 223324
alloc_pos 223372
alloc_pos 223492
alloc_pos 223588
alloc_pos 223616
alloc_pos 223640
alloc_pos 223884
alloc_pos 223920
alloc_pos 224084
alloc_pos 224128
alloc_pos 224208
alloc_pos 224464
alloc_pos 224516
alloc_pos 224656
alloc_pos 224844
alloc_pos 224904
alloc_pos 225140
alloc_pos 225212
alloc_pos 225364
alloc_pos 225584
alloc_pos 225712
alloc_pos 225972
alloc_pos 226180
alloc_pos 226280
alloc_pos 226424
alloc_pos 226644
alloc_pos 226772
alloc_pos 226984
alloc_pos 227212
alloc_pos 227404
alloc_pos 227512
alloc_pos 227560
alloc_pos 227704
alloc_pos 227928
alloc_pos 228016
alloc_pos 228204
alloc_pos 228248
alloc_pos 228368
alloc_pos 228472
alloc_pos 228688
alloc_pos 228848
alloc_pos 228880
alloc_pos 228928
alloc_pos 229112
alloc_pos 229248
alloc_pos 229312
alloc_pos 229412
alloc_pos 229516
alloc_pos 229628
alloc_pos 229744
alloc_pos 229872
alloc_pos 230040
alloc_pos 230236
alloc_pos 230460
alloc_pos 230524
alloc_pos 230592
alloc_pos 230732
alloc_pos 230820
alloc_pos 231048
alloc_pos 231208
alloc_pos 231296
alloc_pos 231436
alloc_pos 231580
alloc_pos 231628
alloc_pos 231748
alloc_pos 231844
alloc_pos 231872
alloc_pos 231896
alloc_pos 232140
alloc_pos 232176
alloc_pos 232340
alloc_pos 232384
alloc_pos 232464
alloc_pos 232720
alloc_pos 232772
alloc_pos 232912
alloc_pos 233100
alloc_pos 233160
alloc_pos 233396
alloc_pos 233468
alloc_pos 233620
alloc_pos 233840
alloc_pos 233968
alloc_pos 234228
alloc_pos 234436
alloc_pos 234536
alloc_pos 234680
alloc_pos 234900
alloc_pos 235028
alloc_pos 235240
alloc_pos 235468
alloc_pos 235660
alloc_pos 235768
alloc_pos 235816
alloc_pos 235960
alloc_pos 236184
alloc_pos 236272
alloc_pos 236460
alloc_pos 236504
alloc_pos 236624
alloc_pos 236728
alloc_pos 236944
alloc_pos 237104
alloc_pos 237136
alloc_pos 237184
alloc_pos 237368
alloc_pos 237504
alloc_pos 237568
alloc_pos 237668
alloc_pos 237772
alloc_pos 237884
alloc_pos 238000
alloc_pos 238128
alloc_pos 238296
alloc_pos 238492
alloc_pos 238716
alloc_pos 238780
alloc_pos 238848
alloc_pos 238988
alloc_pos 239076
alloc_pos 239304
alloc_pos 239464
alloc_pos 239552
alloc_pos 239692
alloc_pos 239836
alloc_pos 239884
alloc_pos 240004
alloc_pos 240100
alloc_pos 240128
alloc_pos 240152
alloc_pos 240396
alloc_pos 240432
alloc_pos 240596
alloc_pos 240640
alloc_pos 240720
alloc_pos 240976
alloc_pos 241028
alloc_pos 241168
alloc_pos 241356
alloc_pos 241416
alloc_pos 241652
alloc_pos 241724
alloc_pos 241876
alloc_pos 242096
alloc_pos 242224
alloc_pos 242484
alloc_pos 242692
alloc_pos 242792
alloc_pos 242936
alloc_pos 243156
alloc_pos 243284
alloc_pos 243496
alloc_pos 243724
alloc_pos 243916
alloc_pos 244024
alloc_pos 244072
alloc_pos 244216
alloc_pos 244440
alloc_pos 244528
alloc_pos 244716
alloc_pos 244760
alloc_pos 244880
alloc_pos 244984
alloc_pos 245200
alloc_pos 245360
alloc_pos 245392
alloc_pos 245440
alloc_pos 245624
alloc_pos 245760
alloc_pos 245824
alloc_pos 245924
alloc_pos 246028
alloc_pos 246140
alloc_pos 246256
alloc_pos 246384
alloc_pos 246552
alloc_pos 246748
alloc_pos 246972
alloc_pos 247036
alloc_pos 247104
alloc_pos 247244
alloc_pos 247332
alloc_pos 247560
alloc_pos 247720
alloc_pos 247808
alloc_pos 247948
alloc_pos 248092
alloc_pos 248140
alloc_pos 248260
alloc_pos 248356
alloc_pos 248384
alloc_pos 248408
alloc_pos 248652
alloc_pos 248688
alloc_pos 248852
alloc_pos 248896
alloc_pos 248976
alloc_pos 249232
alloc_pos 249284
alloc_pos 249424
alloc_pos 249612
alloc_pos 249672
alloc_pos 249908
alloc_pos 249980
alloc_pos 250132
alloc_pos 250352
alloc_pos 250480
alloc_pos 250740
alloc_pos 250948
alloc_pos 251048
alloc_pos 251192
alloc_pos 251412
alloc_pos 251540
alloc_pos 251752
alloc_pos 251980
alloc_pos 252172
alloc_pos 252280
alloc_pos 252328
alloc_pos 252472
alloc_pos 252696
alloc_pos 252784
alloc_pos 252972
alloc_pos 253016
alloc_pos 253136
alloc_pos 253240
alloc_pos 253456
alloc_pos 253616
alloc_pos 253648
alloc_pos 253696
alloc_pos 253880
alloc_pos 254016
alloc_pos 254080
alloc_pos 254180
alloc_pos 254284
alloc_pos 254396
alloc_pos 254512
alloc_pos 254640
alloc_pos 254808
alloc_pos 255004
alloc_pos 255228
alloc_pos 255292
alloc_pos 255360
alloc_pos 255500
alloc_pos 255588
alloc_pos 255816
alloc_pos 255976
alloc_pos 256064
alloc_pos 256204
alloc_pos 256348
alloc_pos 256396
alloc_pos 256516
alloc_pos 256612
alloc_pos 256640
alloc_pos 256664
alloc_pos 256908
alloc_pos 256944
alloc_pos 257108
alloc_pos 257152
alloc_pos 257232
alloc_pos 257488
alloc_pos 257540
alloc_pos 257680
alloc_pos 257868
alloc_pos 257928
alloc_pos 258164
alloc_pos 258236
alloc_pos 258388
alloc_pos 258608
alloc_pos 258736
alloc_pos 258996
alloc_pos 259204
alloc_pos 259304
alloc_pos 259448
alloc_pos 259668
alloc_pos 259796
alloc_pos 260008
alloc_pos 260236
alloc_pos 260428
alloc_pos 260536
alloc_pos 260584
alloc_pos 260728
alloc_pos 260952
alloc_pos 261040
alloc_pos 261228
alloc_pos 261272
alloc_pos 261392
alloc_pos 261496
alloc_pos 261712
alloc_pos 261872
alloc_pos 261904
alloc_pos 261952
alloc_pos 262136
alloc_pos 262272
alloc_pos 262336
alloc_pos 262436
alloc_pos 262540
alloc_pos 262652
alloc_pos 262768
alloc_pos 262896
alloc_pos 263064
alloc_pos 263260
alloc_pos 263484
alloc_pos 263548
alloc_pos 263616
alloc_pos 263756
alloc_pos 263844
alloc_pos 264072
alloc_pos 264232
alloc_pos 264320
alloc_pos 264460
alloc_pos 264604
alloc_pos 264652
alloc_pos 264772
alloc_pos 264868
alloc_pos 264896
alloc_pos 264920
alloc_pos 265164
alloc_pos 265200
alloc_pos 265364
alloc_pos 265408
alloc_pos 265488
alloc_pos 265744
alloc_pos 265796
alloc_pos 265936
alloc_pos 266124
alloc_pos 266184
alloc_pos 266420
alloc_pos 266492
alloc_pos 266644
alloc_pos 266864
alloc_pos 266992
alloc_pos 267252
alloc_pos 267460
alloc_pos 267560
alloc_pos 267704
alloc_pos 267924
alloc_pos 268052
alloc_pos 268264
alloc_pos 268492
alloc_pos 268684
alloc_pos 268792
alloc_pos 268840
alloc_pos 268984
alloc_pos 269208
alloc_pos 269296
alloc_pos 269484
alloc_pos 269528
alloc_pos 269648
alloc_pos 269752
alloc_pos 269968
alloc_pos 270128
alloc_pos 270160
alloc_pos 270208
alloc_pos 270392
alloc_pos 270528
alloc_pos 270592
alloc_pos 270692
alloc_pos 270796
alloc_pos 270908
alloc_pos 271024
alloc_pos 271152
alloc_pos 271320
alloc_pos 271516
alloc_pos 271740
alloc_pos 271804
alloc_pos 271872
alloc_pos 272012
alloc_pos 272100
alloc_pos 272328
alloc_pos 272488
alloc_pos 272576
alloc_pos 272716
alloc_pos 272860
alloc_pos 272908
alloc_pos 273028
alloc_pos 273124
alloc_pos 273152
alloc_pos 273176
alloc_pos 273420
alloc_pos 273456
alloc_pos 273620
alloc_pos 273664
alloc_pos 273744
alloc_pos 274000
alloc_pos 274052
alloc_pos 274192
alloc_pos 274380
alloc_pos 274440
alloc_pos 274676
alloc_pos 274748
alloc_pos 274900
alloc_pos 275120
alloc_pos 275248
alloc_pos 275508
alloc_pos 275716
alloc_pos 275816
alloc_pos 275960
alloc_pos 276180
alloc_pos 276308
alloc_pos 276520
alloc_pos 276748
alloc_pos 276940
alloc_pos 277048
alloc_pos 277096
alloc_pos 277240
alloc_pos 277464
alloc_pos 277552
alloc_pos 277740
alloc_pos 277784
alloc_pos 277904
alloc_pos 278008
alloc_pos 278224
alloc_pos 278384
alloc_pos 278416
alloc_pos 278464
alloc_pos 278648
alloc_pos 278784
alloc_pos 278848
alloc_pos 278948
alloc_pos 279052
alloc_pos 279164
alloc_pos 279280
alloc_pos 279408
alloc_pos 279576
alloc_pos 279772
alloc_pos 279996
alloc_pos 280060
alloc_pos 280128
alloc_pos 280268
alloc_pos 280356
alloc_pos 280584
alloc_pos 280744
alloc_pos 280832
alloc_pos 280972
alloc_pos 281116
alloc_pos 281164
alloc_pos 281284
alloc_pos 281380
alloc_pos 281408
alloc_pos 281432
alloc_pos 281676
alloc_pos 281712
alloc_pos 281876
alloc_pos 281920
alloc_pos 282000
alloc_pos 282256
alloc_pos 282308
alloc_pos 282448
alloc_pos 282636
alloc_pos 282696
alloc_pos 282932
alloc_pos 283004
alloc_pos 283156
alloc_pos 283376
alloc_pos 283504
alloc_pos 283764
alloc_pos 283972
alloc_pos 284072
alloc_pos 284216
alloc_pos 284436
alloc_pos 284564
alloc_pos 284776
alloc_pos 285004
alloc_pos 285196
alloc_pos 285304
alloc_pos 285352
alloc_pos 285496
alloc_pos 285720
alloc_pos 285808
alloc_pos 285996
alloc_pos 286040
alloc_pos 286160
alloc_pos 286264
alloc_pos 286480
alloc_pos 286640
alloc_pos 286672
alloc_pos 286720
alloc_pos 286904
alloc_pos 287040
alloc_pos 287104
alloc_pos 287204
alloc_pos 287308
alloc_pos 287420
alloc_pos 287536
alloc_pos 287664
alloc_pos 287832
alloc_pos 288028
alloc_pos 288252
alloc_pos 288316
alloc_pos 288384
alloc_pos 288524
alloc_pos 288612
alloc_pos 288840
alloc_pos 289000
alloc_pos 289088
alloc_pos 289228
alloc_pos 289372
alloc_pos 289420
alloc_pos 289540
alloc_pos 289636
alloc_pos 289664
alloc_pos 289688
alloc_pos 289932
alloc_pos 289968
alloc_pos 290132
alloc_pos 290176
alloc_pos 290256
alloc_pos 290512
alloc_pos 290564
alloc_pos 290704
alloc_pos 290892
alloc_pos 290952
alloc_pos 291188
alloc_pos 291260
alloc_pos 291412
alloc_pos 291632
alloc_pos 291760
alloc_pos 292020
alloc_pos 292228
alloc_pos 292328
alloc_pos 292472
alloc_pos 292692
alloc_pos 292820
alloc_pos 293032
alloc_pos 293260
alloc_pos 293452
alloc_pos 293560
alloc_pos 293608
alloc_pos 293752
alloc_pos 293976
alloc_pos 294064
alloc_pos 294252
alloc_pos 294296
alloc_pos 294416
alloc_pos 294520
alloc_pos 294736
alloc_pos 294896
alloc_pos 294928
alloc_pos 294976
alloc_pos 295160
alloc_pos 295296
alloc_pos 295360
alloc_pos 295460
alloc_pos 295564
alloc_pos 295676
alloc_pos 295792
alloc_pos 295920
alloc_pos 296088
alloc_pos 296284
alloc_pos 296508
alloc_pos 296572
alloc_pos 296640
alloc_pos 296780
alloc_pos 296868
alloc_pos 297096
alloc_pos 297256
alloc_pos 297344
alloc_pos 297484
alloc_pos 297628
alloc_pos 297676
alloc_pos 297796
alloc_pos 297892
alloc_pos 297920
alloc_pos 297944
alloc_pos 298188
alloc_pos 298224
alloc_pos 298388
alloc_pos 298432
alloc_pos 298512
alloc_pos 298768
alloc_pos 298820
alloc_pos 298960
alloc_pos 299148
alloc_pos 299208
alloc_pos 299444
alloc_pos 299516
alloc_pos 299668
alloc_pos 299888
alloc_pos 300016
alloc_pos 300276
alloc_pos 300484
alloc_pos 300584
alloc_pos 300728
alloc_pos 300948
alloc_pos 301076
alloc_pos 301288
alloc_pos 301516
alloc_pos 301708
alloc_pos 301816
alloc_pos 301864
alloc_pos 302008
alloc_pos 302232
alloc_pos 302320
alloc_pos 302508
alloc_pos 302552
alloc_pos 302672
alloc_pos 302776
alloc_pos 302992
alloc_pos 303152
alloc_pos 303184
alloc_pos 303232
alloc_pos 303416
alloc_pos 303552
alloc_pos 303616
alloc_pos 303716
alloc_pos 303820
alloc_pos 303932
alloc_pos 304048
alloc_pos 304176
alloc_pos 304344
alloc_pos 304540
alloc_pos 304764
alloc_pos 304828
alloc_pos 304896
alloc_pos 305036
alloc_pos 305124
alloc_pos 305352
alloc_pos 305512
alloc_pos 305600
alloc_pos 305740
alloc_pos 305884
alloc_pos 305932
alloc_pos 306052
alloc_pos 306148
alloc_pos 306176
alloc_pos 306200
alloc_pos 306444
alloc_pos 306480
alloc_pos 306644
alloc_pos 306688
alloc_pos 306768
alloc_pos 307024
alloc_pos 307076
alloc_pos 307216
alloc_pos 307404
alloc_pos 307464
alloc_pos 307700
alloc_pos 307772
alloc_pos 307924
alloc_pos 308144
alloc_pos 308272
alloc_pos 308532
alloc_pos 308740
alloc_pos 308840
alloc_pos 308984
alloc_pos 309204
alloc_pos 309332
alloc_pos 309544
alloc_pos 309772
alloc_pos 309964
alloc_pos 310072
alloc_pos 310120
alloc_pos 310264
alloc_pos 310488
alloc_pos 310576
alloc_pos 310764
alloc_pos 310808
alloc_pos 310928
alloc_pos 311032
alloc_pos 311248
alloc_pos 311408
alloc_pos 311440
alloc_pos 311488
alloc_pos 311672
alloc_pos 311808
alloc_pos 311872
alloc_pos 311972
alloc_pos 312076
alloc_pos 312188
alloc_pos 312304
alloc_pos 312432
alloc_pos 312600
alloc_pos 312796
alloc_pos 313020
alloc_pos 313084
alloc_pos 313152
alloc_pos 313292
alloc_pos 313380
alloc_pos 313608
alloc_pos 313768
alloc_pos 313856
alloc_pos 313996
alloc_pos 314140
alloc_pos 314188
alloc_pos 314308
alloc_pos 314404
alloc_pos 314432
alloc_pos 314456
alloc_pos 314700
alloc_pos 314736
alloc_pos 314900
alloc_pos 314944
alloc_pos 315024
alloc_pos 315280
alloc_pos 315332
alloc_pos 315472
alloc_pos 315660
alloc_pos 315720
alloc_pos 315956
alloc_pos 316028
alloc_pos 316180
alloc_pos 316400
alloc_pos 316528
alloc_pos 316788
alloc_pos 316996
alloc_pos 317096
alloc_pos 317240
alloc_pos 317460
alloc_pos 317588
alloc_pos 317800
alloc_pos 318028
alloc_pos 318220
alloc_pos 318328
alloc_pos 318376
alloc_pos 318520
alloc_pos 318744
alloc_pos 318832
alloc_pos 319020
alloc_pos 319064
alloc_pos 319184
alloc_pos 319288
alloc_pos 319504
alloc_pos 319664
alloc_pos 319696
alloc_pos 319744
alloc_pos 319928
alloc_pos 320064
alloc_pos 320128
alloc_pos 320228
alloc_pos 320332
alloc_pos 320444
alloc_pos 320560
alloc_pos 320688
alloc_pos 320856
alloc_pos 321052
alloc_pos 321276
alloc_pos 321340
alloc_pos 321408
alloc_pos 321548
alloc_pos 321636
alloc_pos 321864
alloc_pos 322024
alloc_pos 322112
alloc_pos 322252
alloc_pos 322396
alloc_pos 322444
alloc_pos 322564
alloc_pos 322660
alloc_pos 322688
alloc_pos 322712
alloc_pos 322956
alloc_pos 322992
alloc_pos 323156
alloc_pos 323200
alloc_pos 323280
alloc_pos 323536
alloc_pos 323588
alloc_pos 323728
alloc_pos 323916
alloc_pos 323976
alloc_pos 324212
alloc_pos 324284
alloc_pos 324436
alloc_pos 324656
alloc_pos 324784
alloc_pos 325044
alloc_pos 325252
alloc_pos 325352
alloc_pos 325496
alloc_pos 325716
alloc_pos 325844
alloc_pos 326056
alloc_pos 326284
alloc_pos 326476
alloc_pos 326584
alloc_pos 326632
alloc_pos 326776
alloc_pos 327000
alloc_pos 327088
alloc_pos 327276
alloc_pos 327320
alloc_pos 327440
alloc_pos 327544
alloc_pos 327760
alloc_pos 327920
alloc_pos 327952
alloc_pos 328000
alloc_pos 328184
alloc_pos 328320
alloc_pos 328384
alloc_pos 328484
alloc_pos 328588
alloc_pos 328700
alloc_pos 328816
alloc_pos 328944
alloc_pos 329112
alloc_pos 329308
alloc_pos 329532
alloc_pos 329596
alloc_pos 329664
alloc_pos 329804
alloc_pos 329892
alloc_pos 330120
alloc_pos 330280
alloc_pos 330368
alloc_pos 330508
alloc_pos 330652
alloc_pos 330700
alloc_pos 330820
alloc_pos 330916
alloc_pos 330944
alloc_pos 330968
alloc_pos 331212
alloc_pos 331248
alloc_pos 331412
alloc_pos 331456
alloc_pos 331536
alloc_pos 331792
alloc_pos 331844
alloc_pos 331984
alloc_pos 332172
alloc_pos 332232
alloc_pos 332468
alloc_pos 332540
alloc_pos 332692
alloc_pos 332912
alloc_pos 333040
alloc_pos 333300
alloc_pos 333508
alloc_pos 333608
alloc_pos 333752
alloc_pos 333972
alloc_pos 334100
alloc_pos 334312
alloc_pos 334540
alloc_pos 334732
alloc_pos 334840
alloc_pos 334888
alloc_pos 335032
alloc_pos 335256
alloc_pos 335344
alloc_pos 335532
alloc_pos 335576
alloc_pos 335696
alloc_pos 335800
alloc_pos 336016
alloc_pos 336176
alloc_pos 336208
alloc_pos 336256
alloc_pos 336440
alloc_pos 336576
alloc_pos 336640
alloc_pos 336740
alloc_pos 336844
alloc_pos 336956
alloc_pos 337072
alloc_pos 337200
alloc_pos 337368
alloc_pos 337564
alloc_pos 337788
alloc_pos 337852
alloc_pos 337920
alloc_pos 338060
alloc_pos 338148
alloc_pos 338376
alloc_pos 338536
alloc_pos 338624
alloc_pos 338764
alloc_pos 338908
alloc_pos 338956
alloc_pos 339076
alloc_pos 339172
alloc_pos 339200
alloc_pos 339224
alloc_pos 339468
alloc_pos 339504
alloc_pos 339668
alloc_pos 339712
alloc_pos 339792
alloc_pos 340048
alloc_pos 340100
alloc_pos 340240
alloc_pos 340428
alloc_pos 340488
alloc_pos 340724
alloc_pos 340796
alloc_pos 340948
alloc_pos 341168
alloc_pos 341296
alloc_pos 341556
alloc_pos 341764
alloc_pos 341864
alloc_pos 342008
alloc_pos 342228
alloc_pos 342356
alloc_pos 342568
alloc_pos 342796
alloc_pos 342988
alloc_pos 343096
alloc_pos 343144
alloc_pos 343288
alloc_pos 343512
alloc_pos 343600
alloc_pos 343788
alloc_pos 343832
alloc_pos 343952
alloc_pos 344056
alloc_pos 344272
alloc_pos 344432
alloc_pos 344464
alloc_pos 344512
alloc_pos 344696
alloc_pos 344832
alloc_pos 344896
alloc_pos 344996
alloc_pos 345100
alloc_pos 345212
alloc_pos 345328
alloc_pos 345456
alloc_pos 345624
alloc_pos 345820
alloc_pos 346044
alloc_pos 346108
alloc_pos 346176
alloc_pos 346316
alloc_pos 346404
alloc_pos 346632
alloc_pos 346792
alloc_pos 346880
alloc_pos 347020
alloc_pos 347164
alloc_pos 347212
alloc_pos 347332
alloc_pos 347428
alloc_pos 347456
alloc_pos 347480
alloc_pos 347724
alloc_pos 347760
alloc_pos 347924
alloc_pos 347968
alloc_pos 348048
alloc_pos 348304
alloc_pos 348356
alloc_pos 348496
alloc_pos 348684
alloc_pos 348744
alloc_pos 348980
alloc_pos 349052
alloc_pos 349204
alloc_pos 349424
alloc_pos 349552
alloc_pos 349812
alloc_pos 350020
alloc_pos 350120
alloc_pos 350264
alloc_pos 350484
alloc_pos 350612
alloc_pos 350824
alloc_pos 351052
alloc_pos 351244
alloc_pos 351352
alloc_pos 351400
alloc_pos 351544
alloc_pos 351768
alloc_pos 351856
alloc_pos 352044
alloc_pos 352088
alloc_pos 352208
alloc_pos 352312
alloc_pos 352528
alloc_pos 352688
alloc_pos 352720
alloc_pos 352768
alloc_pos 352952
alloc_pos 353088
alloc_pos 353152
alloc_pos 353252
alloc_pos 353356
alloc_pos 353468
alloc_pos 353584
alloc_pos 353712
alloc_pos 353880
alloc_pos 354076
alloc_pos 354300
alloc_pos 354364
alloc_pos 354432
alloc_pos 354572
alloc_pos 354660
alloc_pos 354888
alloc_pos 355048
alloc_pos 355136
alloc_pos 355276
alloc_pos 355420
alloc_pos 355468
alloc_pos 355588
alloc_pos 355684
alloc_pos 355712
alloc_pos 355736
alloc_pos 355980
alloc_pos 356016
alloc_pos 356180
alloc_pos 356224
alloc_pos 356304
alloc_pos 356560
alloc_pos 356612
alloc_pos 356752
alloc_pos 356940
alloc_pos 357000
alloc_pos 357236
alloc_pos 357308
alloc_pos 357460
alloc_pos 357680
alloc_pos 357808
alloc_pos 358068
alloc_pos 358276
alloc_pos 358376
alloc_pos 358520
alloc_pos 358740
alloc_pos 358868
alloc_pos 359080
alloc_pos 359308
alloc_pos 359500
alloc_pos 359608
alloc_pos 359656
alloc_pos 359800
alloc_pos 360024
alloc_pos 360112
alloc_pos 360300
alloc_pos 360344
alloc_pos 360464
alloc_pos 360568
alloc_pos 360784
alloc_pos 360944
alloc_pos 360976
alloc_pos 361024
alloc_pos 361208
alloc_pos 361344
alloc_pos 361408
alloc_pos 361508
alloc_pos 361612
alloc_pos 361724
alloc_pos 361840
alloc_pos 361968
alloc_pos 362136
alloc_pos 362332
alloc_pos 362556
alloc_pos 362620
alloc_pos 362688
alloc_pos 362828
alloc_pos 362916
alloc_pos 363144
alloc_pos 363304
alloc_pos 363392
alloc_pos 363532
alloc_pos 363676
alloc_pos 363724
alloc_pos 363844
alloc_pos 363940
alloc_pos 363968
alloc_pos 363992
alloc_pos 364236
alloc_pos 364272
alloc_pos 364436
alloc_pos 364480
alloc_pos 364560
alloc_pos 364816
alloc_pos 364868
alloc_pos 365008
alloc_pos 365196
alloc_pos 365256
alloc_pos 365492
alloc_pos 365564
alloc_pos 365716
alloc_pos 365936
alloc_pos 366064
alloc_pos 366324
alloc_pos 366532
alloc_pos 366632
alloc_pos 366776
alloc_pos 366996
alloc_pos 367124
alloc_pos 367336
alloc_pos 367564
alloc_pos 367756
alloc_pos 367864
alloc_pos 367912
alloc_pos 368056
alloc_pos 368280
alloc_pos 368368
alloc_pos 368556
alloc_pos 368600
alloc_pos 368720
alloc_pos 368824
alloc_pos 369040
alloc_pos 369200
alloc_pos 369232
alloc_pos 369280
alloc_pos 369464
alloc_pos 369600
alloc_pos 369664
alloc_pos 369764
alloc_pos 369868
alloc_pos 369980
alloc_pos 370096
alloc_pos 370224
alloc_pos 370392
alloc_pos 370588
alloc_pos 370812
alloc_pos 370876
alloc_pos 370944
alloc_pos 371084
alloc_pos 371172
alloc_pos 371400
alloc_pos 371560
alloc_pos 371648
alloc_pos 371788
alloc_pos 371932
alloc_pos 371980
alloc_pos 372100
alloc_pos 372196
alloc_pos 372224
alloc_pos 372248
alloc_pos 372492
alloc_pos 372528
alloc_pos 372692
alloc_pos 372736
alloc_pos 372816
alloc_pos 373072
alloc_pos 373124
alloc_pos 373264
alloc_pos 373452
alloc_pos 373512
alloc_pos 373748
alloc_pos 373820
alloc_pos 373972
alloc_pos 374192
alloc_pos 374320
alloc_pos 374580
alloc_pos 374788
alloc_pos 374888
alloc_pos 375032
alloc_pos 375252
alloc_pos 375380
alloc_pos 375592
alloc_pos 375820
alloc_pos 376012
alloc_pos 376120
alloc_pos 376168
alloc_pos 376312
alloc_pos 376536
alloc_pos 376624
alloc_pos 376812
alloc_pos 376856
alloc_pos 376976
alloc_pos 377080
alloc_pos 377296
alloc_pos 377456
alloc_pos 377488
alloc_pos 377536
alloc_pos 377720
alloc_pos 377856
alloc_pos 377920
alloc_pos 378020
alloc_pos 378124
alloc_pos 378236
alloc_pos 378352
alloc_pos 378480
alloc_pos 378648
alloc_pos 378844
alloc_pos 379068
alloc_pos 379132
alloc_pos 379200
alloc_pos 379340
alloc_pos 379428
alloc_pos 379656
alloc_pos 379816
alloc_pos 379904
alloc_pos 380044
alloc_pos 380188
alloc_pos 380236
alloc_pos 380356
alloc_pos 380452
alloc_pos 380480
alloc_pos 380504
alloc_pos 380748
alloc_pos 380784
alloc_pos 380948
alloc_pos 380992
alloc_pos 381072
alloc_pos 381328
alloc_pos 381380
alloc_pos 381520
alloc_pos 381708
alloc_pos 381768
alloc_pos 382004
alloc_pos 382076
alloc_pos 382228
alloc_pos 382448
alloc_pos 382576
alloc_pos 382836
alloc_pos 383044
alloc_pos 383144
alloc_pos 383288
alloc_pos 383508
alloc_pos 383636
alloc_pos 383848
alloc_pos 384076
alloc_pos 384268
alloc_pos 384376
alloc_pos 384424
alloc_pos 384568
alloc_pos 384792
alloc_pos 384880
alloc_pos 385068
alloc_pos 385112
alloc_pos 385232
alloc_pos 385336
alloc_pos 385552
alloc_pos 385712
alloc_pos 385744
alloc_pos 385792
alloc_pos 385976
alloc_pos 386112
alloc_pos 386176
alloc_pos 386276
alloc_pos 386380
alloc_pos 386492
alloc_pos 386608
alloc_pos 386736
alloc_pos 386904
alloc_pos 387100
alloc_pos 387324
alloc_pos 387388
alloc_pos 387456
alloc_pos 387596
alloc_pos 387684
alloc_pos 387912
alloc_pos 388072
alloc_pos 388160
alloc_pos 388300
alloc_pos 388444
alloc_pos 388492
alloc_pos 388612
alloc_pos 388708
alloc_pos 388736
alloc_pos 388760
alloc_pos 389004
alloc_pos 389040
alloc_pos 389204
alloc_pos 389248
alloc_pos 389328
alloc_pos 389584
alloc_pos 389636
alloc_pos 389776
alloc_pos 389964
alloc_pos 390024
alloc_pos 390260
alloc_pos 390332
alloc_pos 390484
alloc_pos 390704
alloc_pos 390832
alloc_pos 391092
alloc_pos 391300
alloc_pos 391400
alloc_pos 391544
alloc_pos 391764
alloc_pos 391892
alloc_pos 392104
alloc_pos 392332
alloc_pos 392524
alloc_pos 392632
alloc_pos 392680
alloc_pos 392824
alloc_pos 393048
alloc_pos 393136
alloc_pos 393324
alloc_pos 393368
alloc_pos 393488
alloc_pos 393592
alloc_pos 393808
alloc_pos 393968
alloc_pos 394000
alloc_pos 394048
alloc_pos 394232
alloc_pos 394368
alloc_pos 394432
alloc_pos 394532
alloc_pos 394636
alloc_pos 394748
alloc_pos 394864
alloc_pos 394992
alloc_pos 395160
alloc_pos 395356
alloc_pos 395580
alloc_pos 395644
alloc_pos 395712
alloc_pos 395852
alloc_pos 395940
alloc_pos 396168
alloc_pos 396328
alloc_pos 396416
alloc_pos 396556
alloc_pos 396700
alloc_pos 396748
alloc_pos 396868
alloc_pos 396964
alloc_pos 396992
alloc_pos 397016
alloc_pos 397260
alloc_pos 397296
alloc_pos 397460
alloc_pos 397504
alloc_pos 397584
alloc_pos 397840
alloc_pos 397892
alloc_pos 398032
alloc_pos 398220
alloc_pos 398280
alloc_pos 398516
alloc_pos 398588
alloc_pos 398740
alloc_pos 398960
alloc_pos 399088
alloc_pos 399348
alloc_pos 399556
alloc_pos 399656
alloc_pos 399800
alloc_pos 400020
alloc_pos 400148
alloc_pos 400360
alloc_pos 400588
alloc_pos 400780
alloc_pos 400888
alloc_pos 400936
alloc_pos 401080
alloc_pos 401304
alloc_pos 401392
alloc_pos 401580
alloc_pos 401624
alloc_pos 401744
alloc_pos 401848
alloc_pos 402064
alloc_pos 402224
alloc_pos 402256
alloc_pos 402304
alloc_pos 402488
alloc_pos 402624
alloc_pos 402688
alloc_pos 402788
alloc_pos 402892
alloc_pos 403004
alloc_pos 403120
alloc_pos 403248
alloc_pos 403416
alloc_pos 403612
alloc_pos 403836
alloc_pos 403900
alloc_pos 403968
alloc_pos 404108
alloc_pos 404196
alloc_pos 404424
alloc_pos 404584
alloc_pos 404672
alloc_pos 404812
alloc_pos 404956
alloc_pos 405004
alloc_pos 405124
alloc_pos 405220
alloc_pos 405248
alloc_pos 405272
alloc_pos 405516
alloc_pos 405552
alloc_pos 405716
alloc_pos 405760
alloc_pos 405840
alloc_pos 406096
alloc_pos 406148
alloc_pos 406288
alloc_pos 406476
alloc_pos 406536
alloc_pos 406772
alloc_pos 406844
alloc_pos 406996
alloc_pos 407216
alloc_pos 407344
alloc_pos 407604
alloc_pos 407812
alloc_pos 407912
alloc_pos 408056
alloc_pos 408276
alloc_pos 408404
alloc_pos 408616
alloc_pos 408844
alloc_pos 409036
alloc_pos 409144
alloc_pos 409192
alloc_pos 409336
alloc_pos 409560
alloc_pos 409648
alloc_pos 409836
alloc_pos 409880
alloc_pos 410000
alloc_pos 410104
alloc_pos 410320
alloc_pos 410480
alloc_pos 410512
alloc_pos 410560
alloc_pos 410744
alloc_pos 410880
alloc_pos 410944
alloc_pos 411044
alloc_pos 411148
alloc_pos 411260
alloc_pos 411376
alloc_pos 411504
alloc_pos 411672
alloc_pos 411868
alloc_pos 412092
alloc_pos 412156
alloc_pos 412224
alloc_pos 412364
alloc_pos 412452
alloc_pos 412680
alloc_pos 412840
alloc_pos 412928
alloc_pos 413068
alloc_pos 413212
alloc_pos 413260
alloc_pos 413380
alloc_pos 413476
alloc_pos 413504
alloc_pos 413528
alloc_pos 413772
alloc_pos 413808
alloc_pos 413972
alloc_pos 414016
alloc_pos 414096
alloc_pos 414352
alloc_pos 414404
alloc_pos 414544
alloc_pos 414732
alloc_pos 414792
alloc_pos 415028
alloc_pos 415100
alloc_pos 415252
alloc_pos 415472
alloc_pos 415600
alloc_pos 415860
alloc_pos 416068
alloc_pos 416168
alloc_pos 416312
alloc_pos 416532
alloc_pos 416660
alloc_pos 416872
alloc_pos 417100
alloc_pos 417292
alloc_pos 417400
alloc_pos 417448
alloc_pos 417592
alloc_pos 417816
alloc_pos 417904
alloc_pos 418092
alloc_pos 418136
alloc_pos 418256
alloc_pos 418360
alloc_pos 418576
alloc_pos 418736
alloc_pos 418768
alloc_pos 418816
alloc_pos 419000
alloc_pos 419136
alloc_pos 419200
alloc_pos 419300
alloc_pos 419404
alloc_pos 419516
alloc_pos 419632
alloc_pos 419760
alloc_pos 419928
alloc_pos 420124
alloc_pos 420348
alloc_pos 420412
alloc_pos 420480
alloc_pos 420620
alloc_pos 420708
alloc_pos 420936
alloc_pos 421096
alloc_pos 421184
alloc_pos 421324
alloc_pos 421468
alloc_pos 421516
alloc_pos 421636
alloc_pos 421732
alloc_pos 421760
alloc_pos 421784
alloc_pos 422028
alloc_pos 422064
alloc_pos 422228
alloc_pos 422272
alloc_pos 422352
alloc_pos 422608
alloc_pos 422660
alloc_pos 422800
alloc_pos 422988
alloc_pos 423048
alloc_pos 423284
alloc_pos 423356
alloc_pos 423508
alloc_pos 423728
alloc_pos 423856
alloc_pos 424116
alloc_pos 424324
alloc_pos 424424
alloc_pos 424568
alloc_pos 424788
alloc_pos 424916
alloc_pos 425128
alloc_pos 425356
alloc_pos 425548
alloc_pos 425656
alloc_pos 425704
alloc_pos 425848
alloc_pos 426072
alloc_pos 426160
alloc_pos 426348
alloc_pos 426392
alloc_pos 426512
alloc_pos 426616
alloc_pos 426832
alloc_pos 426992
alloc_pos 427024
alloc_pos 427072
alloc_pos 427256
alloc_pos 427392
alloc_pos 427456
alloc_pos 427556
alloc_pos 427660
alloc_pos 427772
alloc_pos 427888
alloc_pos 428016
alloc_pos 428184
alloc_pos 428380
alloc_pos 428604
alloc_pos 428668
alloc_pos 428736
alloc_pos 428876
alloc_pos 428964
alloc_pos 429192
alloc_pos 429352
alloc_pos 429440
alloc_pos 429580
alloc_pos 429724
alloc_pos 429772
alloc_pos 429892
alloc_pos 429988
alloc_pos 430016
alloc_pos 430040
alloc_pos 430284
alloc_pos 430320
alloc_pos 430484
alloc_pos 430528
alloc_pos 430608
alloc_pos 430864
alloc_pos 430916
alloc_pos 431056
alloc_pos 431244
alloc_pos 431304
alloc_pos 431540
alloc_pos 431612
alloc_pos 431764
alloc_pos 431984
alloc_pos 432112
alloc_pos 432372
alloc_pos 432580
alloc_pos 432680
alloc_pos 432824
alloc_pos 433044
alloc_pos 433172
alloc_pos 433384
alloc_pos 433612
alloc_pos 433804
alloc_pos 433912
alloc_pos 433960
alloc_pos 434104
alloc_pos 434328
alloc_pos 434416
alloc_pos 434604
alloc_pos 434648
alloc_pos 434768
alloc_pos 434872
alloc_pos 435088
alloc_pos 435248
alloc_pos 435280
alloc_pos 435328
alloc_pos 435512
alloc_pos 435648
alloc_pos 435712
alloc_pos 435812
alloc_pos 435916
alloc_pos 436028
alloc_pos 436144
alloc_pos 436272
alloc_pos 436440
alloc_pos 436636
alloc_pos 436860
alloc_pos 436924
alloc_pos 436992
alloc_pos 437132
alloc_pos 437220
alloc_pos 437448
alloc_pos 437608
alloc_pos 437696
alloc_pos 437836
alloc_pos 437980
alloc_pos 438028
alloc_pos 438148
alloc_pos 438244
alloc_pos 438272
alloc_pos 438296
alloc_pos 438540
alloc_pos 438576
alloc_pos 438740
alloc_pos 438784
alloc_pos 438864
alloc_pos 439120
alloc_pos 439172
alloc_pos 439312
alloc_pos 439500
alloc_pos 439560
alloc_pos 439796
alloc_pos 439868
alloc_pos 440020
alloc_pos 440240
alloc_pos 440368
alloc_pos 440628
alloc_pos 440836
alloc_pos 440936
alloc_pos 441080
alloc_pos 441300
alloc_pos 441428
alloc_pos 441640
alloc_pos 441868
alloc_pos 442060
alloc_pos 442168
alloc_pos 442216
alloc_pos 442360
alloc_pos 442584
alloc_pos 442672
alloc_pos 442860
alloc_pos 442904
alloc_pos 443024
alloc_pos 443128
alloc_pos 443344
alloc_pos 443504
alloc_pos 443536
alloc_pos 443584
alloc_pos 443768
alloc_pos 443904
alloc_pos 443968
alloc_pos 444068
alloc_pos 444172
alloc_pos 444284
alloc_pos 444400
alloc_pos 444528
alloc_pos 444696
alloc_pos 444892
alloc_pos 445116
alloc_pos 445180
alloc_pos 445248
alloc_pos 445388
alloc_pos 445476
alloc_pos 445704
alloc_pos 445864
alloc_pos 445952
alloc_pos 446092
alloc_pos 446236
alloc_pos 446284
alloc_pos 446404
alloc_pos 446500
alloc_pos 446528
alloc_pos 446552
alloc_pos 446796
alloc_pos 446832
alloc_pos 446996
alloc_pos 447040
alloc_pos 447120
alloc_pos 447376
alloc_pos 447428
alloc_pos 447568
alloc_pos 447756
alloc_pos 447816
alloc_pos 448052
alloc_pos 448124
alloc_pos 448276
alloc_pos 448496
alloc_pos 448624
alloc_pos 448884
alloc_pos 449092
alloc_pos 449192
alloc_pos 449336
alloc_pos 449556
alloc_pos 449684
alloc_pos 449896
alloc_pos 450124
alloc_pos 450316
alloc_pos 450424
alloc_pos 450472
alloc_pos 450616
alloc_pos 450840
alloc_pos 450928
alloc_pos 451116
alloc_pos 451160
alloc_pos 451280
alloc_pos 451384
alloc_pos 451600
alloc_pos 451760
alloc_pos 451792
alloc_pos 451840
alloc_pos 452024
alloc_pos 452160
alloc_pos 452224
alloc_pos 452324
alloc_pos 452428
alloc_pos 452540
alloc_pos 452656
alloc_pos 452784
alloc_pos 452952
alloc_pos 453148
alloc_pos 453372
alloc_pos 453436
alloc_pos 453504
alloc_pos 453644
alloc_pos 453732
alloc_pos 453960
alloc_pos 454120
alloc_pos 454208
alloc_pos 454348
alloc_pos 454492
alloc_pos 454540
alloc_pos 454660
alloc_pos 454756
alloc_pos 454784
alloc_pos 454808
alloc_pos 455052
alloc_pos 455088
alloc_pos 455252
alloc_pos 455296
alloc_pos 455376
alloc_pos 455632
alloc_pos 455684
alloc_pos 455824
alloc_pos 456012
alloc_pos 456072
alloc_pos 456308
alloc_pos 456380
alloc_pos 456532
alloc_pos 456752
alloc_pos 456880
alloc_pos 457140
alloc_pos 457348
alloc_pos 457448
alloc_pos 457592
alloc_pos 457812
alloc_pos 457940
alloc_pos 458152
alloc_pos 458380
alloc_pos 458572
alloc_pos 458680
alloc_pos 458728
alloc_pos 458872
alloc_pos 459096
alloc_pos 459184
alloc_pos 459372
alloc_pos 459416
alloc_pos 459536
alloc_pos 459640
alloc_pos 459856
alloc_pos 460016
alloc_pos 460048
alloc_pos 460096
alloc_pos 460280
alloc_pos 460416
alloc_pos 460480
alloc_pos 460580
alloc_pos 460684
alloc_pos 460796
alloc_pos 460912
alloc_pos 461040
alloc_pos 461208
alloc_pos 461404
alloc_pos 461628
alloc_pos 461692
alloc_pos 461760
alloc_pos 461900
alloc_pos 461988
alloc_pos 462216
alloc_pos 462376
alloc_pos 462464
alloc_pos 462604
alloc_pos 462748
alloc_pos 462796
alloc_pos 462916
alloc_pos 463012
alloc_pos 463040
alloc_pos 463064
alloc_pos 463308
alloc_pos 463344
alloc_pos 463508
alloc_pos 463552
alloc_pos 463632
alloc_pos 463888
alloc_pos 463940
alloc_pos 464080
alloc_pos 464268
alloc_pos 464328
alloc_pos 464564
alloc_pos 464636
alloc_pos 464788
alloc_pos 465008
alloc_pos 465136
alloc_pos 465396
alloc_pos 465604
alloc_pos 465704
alloc_pos 465848
alloc_pos 466068
alloc_pos 466196
alloc_pos 466408
alloc_pos 466636
alloc_pos 466828
alloc_pos 466936
alloc_pos 466984
alloc_pos 467128
alloc_pos 467352
alloc_pos 467440
alloc_pos 467628
alloc_pos 467672
alloc_pos 467792
alloc_pos 467896
alloc_pos 468112
alloc_pos 468272
alloc_pos 468304
alloc_pos 468352
alloc_pos 468536
alloc_pos 468672
alloc_pos 468736
alloc_pos 468836
alloc_pos 468940
alloc_pos 469052
alloc_pos 469168
alloc_pos 469296
alloc_pos 469464
alloc_pos 469660
alloc_pos 469884
alloc_pos 469948
alloc_pos 470016
alloc_pos 470156
alloc_pos 470244
alloc_pos 470472
alloc_pos 470632
alloc_pos 470720
alloc_pos 470860
alloc_pos 471004
alloc_pos 471052
alloc_pos 471172
alloc_pos 471268
alloc_pos 471296
alloc_pos 471320
alloc_pos 471564
alloc_pos 471600
alloc_pos 471764
alloc_pos 471808
alloc_pos 471888
alloc_pos 472144
alloc_pos 472196
alloc_pos 472336
alloc_pos 472524
alloc_pos 472584
alloc_pos 472820
alloc_pos 472892
alloc_pos 473044
alloc_pos 473264
alloc_pos 473392
alloc_pos 473652
alloc_pos 473860
alloc_pos 473960
alloc_pos 474104
alloc_pos 474324
alloc_pos 474452
alloc_pos 474664
alloc_pos 474892
alloc_pos 475084
alloc_pos 475192
alloc_pos 475240
alloc_pos 475384
alloc_pos 475608
alloc_pos 475696
alloc_pos 475884
alloc_pos 475928
alloc_pos 476048
alloc_pos 476152
alloc_pos 476368
alloc_pos 476528
alloc_pos 476560
alloc_pos 476608
alloc_pos 476792
alloc_pos 476928
alloc_pos 476992
alloc_pos 477092
alloc_pos 477196
alloc_pos 477308
alloc_pos 477424
alloc_pos 477552
alloc_pos 477720
alloc_pos 477916
alloc_pos 478140
alloc_pos 478204
alloc_pos 478272
alloc_pos 478412
alloc_pos 478500
alloc_pos 478728
alloc_pos 478888
alloc_pos 478976
alloc_pos 479116
alloc_pos 479260
alloc_pos 479308
alloc_pos 479428
alloc_pos 479524
alloc_pos 479552
alloc_pos 479576
alloc_pos 479820
alloc_pos 479856
alloc_pos 480020
alloc_pos 480064
alloc_pos 480144
alloc_pos 480400
alloc_pos 480452
alloc_pos 480592
alloc_pos 480780
alloc_pos 480840
alloc_pos 481076
alloc_pos 481148
alloc_pos 481300
alloc_pos 481520
alloc_pos 481648
alloc_pos 481908
alloc_pos 482116
alloc_pos 482216
alloc_pos 482360
alloc_pos 482580
alloc_pos 482708
alloc_pos 482920
alloc_pos 483148
alloc_pos 483340
alloc_pos 483448
alloc_pos 483496
alloc_pos 483640
alloc_pos 483864
alloc_pos 483952
alloc_pos 484140
alloc_pos 484184
alloc_pos 484304
alloc_pos 484408
alloc_pos 484624
alloc_pos 484784
alloc_pos 484816
alloc_pos 484864
alloc_pos 485048
alloc_pos 485184
alloc_pos 485248
alloc_pos 485348
alloc_pos 485452
alloc_pos 485564
alloc_pos 485680
alloc_pos 485808
alloc_pos 485976
alloc_pos 486172
alloc_pos 486396
alloc_pos 486460
alloc_pos 486528
alloc_pos 486668
alloc_pos 486756
alloc_pos 486984
alloc_pos 487144
alloc_pos 487232
alloc_pos 487372
alloc_pos 487516
alloc_pos 487564
alloc_pos 487684
alloc_pos 487780
alloc_pos 487808
alloc_pos 487832
alloc_pos 488076
alloc_pos 488112
alloc_pos 488276
alloc_pos 488320
alloc_pos 488400
alloc_pos 488656
alloc_pos 488708
alloc_pos 488848
alloc_pos 489036
alloc_pos 489096
alloc_pos 489332
alloc_pos 489404
alloc_pos 489556
alloc_pos 489776
alloc_pos 489904
alloc_pos 490164
alloc_pos 490372
alloc_pos 490472
alloc_pos 490616
alloc_pos 490836
alloc_pos 490964
alloc_pos 491176
alloc_pos 491404
alloc_pos 491596
alloc_pos 491704
alloc_pos 491752
alloc_pos 491896
alloc_pos 492120
alloc_pos 492208
alloc_pos 492396
alloc_pos 492440
alloc_pos 492560
alloc_pos 492664
alloc_pos 492880
alloc_pos 493040
alloc_pos 493072
alloc_pos 493120
alloc_pos 493304
alloc_pos 493440
alloc_pos 493504
alloc_pos 493604
alloc_pos 493708
alloc_pos 493820
alloc_pos 493936
alloc_pos 494064
alloc_pos 494232
alloc_pos 494428
alloc_pos 494652
alloc_pos 494716
alloc_pos 494784
alloc_pos 494924
alloc_pos 495012
alloc_pos 495240
alloc_pos 495400
alloc_pos 495488
alloc_pos 495628
alloc_pos 495772
alloc_pos 495820
alloc_pos 495940
alloc_pos 496036
alloc_pos 496064
alloc_pos 496088
alloc_pos 496332
alloc_pos 496368
alloc_pos 496532
alloc_pos 496576
alloc_pos 496656
alloc_pos 496912
alloc_pos 496964
alloc_pos 497104
alloc_pos 497292
alloc_pos 497352
alloc_pos 497588
alloc_pos 497660
alloc_pos 497812
alloc_pos 498032
alloc_pos 498160
alloc_pos 498420
alloc_pos 498628
alloc_pos 498728
alloc_pos 498872
alloc_pos 499092
alloc_pos 499220
alloc_pos 499432
alloc_pos 499660
alloc_pos 499852
alloc_pos 499960
alloc_pos 500008
alloc_pos 500152
alloc_pos 500376
alloc_pos 500464
alloc_pos 500652
alloc_pos 500696
alloc_pos 500816
alloc_pos 500920
alloc_pos 501136
alloc_pos 501296
alloc_pos 501328
alloc_pos 501376
alloc_pos 501560
alloc_pos 501696
alloc_pos 501760
alloc_pos 501860
alloc_pos 501964
alloc_pos 502076
alloc_pos 502192
alloc_pos 502320
alloc_pos 502488
alloc_pos 502684
alloc_pos 502908
alloc_pos 502972
alloc_pos 503040
alloc_pos 503180
alloc_pos 503268
alloc_pos 503496
alloc_pos 503656
alloc_pos 503744
alloc_pos 503884
alloc_pos 504028
alloc_pos 504076
alloc_pos 504196
alloc_pos 504292
alloc_pos 504320
alloc_pos 504344
alloc_pos 504588
alloc_pos 504624
alloc_pos 504788
alloc_pos 504832
alloc_pos 504912
alloc_pos 505168
alloc_pos 505220
alloc_pos 505360
alloc_pos 505548
alloc_pos 505608
alloc_pos 505844
alloc_pos 505916
alloc_pos 506068
alloc_pos 506288
alloc_pos 506416
alloc_pos 506676
alloc_pos 506884
alloc_pos 506984
alloc_pos 507128
alloc_pos 507348
alloc_pos 507476
alloc_pos 507688
alloc_pos 507916
alloc_pos 508108
alloc_pos 508216
alloc_pos 508264
alloc_pos 508408
alloc_pos 508632
alloc_pos 508720
alloc_pos 508908
alloc_pos 508952
alloc_pos 509072
alloc_pos 509176
alloc_pos 509392
alloc_pos 509552
alloc_pos 509584
alloc_pos 509632
alloc_pos 509816
alloc_pos 509952
alloc_pos 510016
alloc_pos 510116
alloc_pos 510220
alloc_pos 510332
alloc_pos 510448
alloc_pos 510576
alloc_pos 510744
alloc_pos 510940
alloc_pos 511164
alloc_pos 511228
alloc_pos 511296
alloc_pos 511436
alloc_pos 511524
alloc_pos 511752
alloc_pos 511912
alloc_pos 512000
alloc_pos 512140
alloc_pos 512284
alloc_pos 512332
alloc_pos 512452
alloc_pos 512548
alloc_pos 512576
alloc_pos 512600
alloc_pos 512844
alloc_pos 512880
alloc_pos 513044
alloc_pos 513088
alloc_pos 513168
alloc_pos 513424
alloc_pos 513476
alloc_pos 513616
alloc_pos 513804
alloc_pos 513864
alloc_pos 514100
alloc_pos 514172
alloc_pos 514324
alloc_pos 514544
alloc_pos 514672
alloc_pos 514932
alloc_pos 515140
alloc_pos 515240
alloc_pos 515384
alloc_pos 515604
alloc_pos 515732
alloc_pos 515944
alloc_pos 516172
alloc_pos 516364
alloc_pos 516472
alloc_pos 516520
alloc_pos 516664
alloc_pos 516888
alloc_pos 516976
alloc_pos 517164
alloc_pos 517208
alloc_pos 517328
alloc_pos 517432
alloc_pos 517648
alloc_pos 517808
alloc_pos 517840
alloc_pos 517888
alloc_pos 518072
alloc_pos 518208
alloc_pos 518272
alloc_pos 518372
alloc_pos 518476
alloc_pos 518588
alloc_pos 518704
alloc_pos 518832
alloc_pos 519000
alloc_pos 519196
alloc_pos 519420
alloc_pos 519484
alloc_pos 519552
alloc_pos 519692
alloc_pos 519780
alloc_pos 520008
alloc_pos 520168
alloc_pos 520256
alloc_pos 520396
alloc_pos 520540
alloc_pos 520588
alloc_pos 520708
alloc_pos 520804
alloc_pos 520832
alloc_pos 520856
alloc_pos 521100
alloc_pos 521136
alloc_pos 521300
alloc_pos 521344
alloc_pos 521424
alloc_pos 521680
alloc_pos 521732
alloc_pos 521872
alloc_pos 522060
alloc_pos 522120
alloc_pos 522356
alloc_pos 522428
alloc_pos 522580
alloc_pos 522800
alloc_pos 522928
alloc_pos 523188
alloc_pos 523396
alloc_pos 523496
alloc_pos 523640
alloc_pos 523860
alloc_pos 523988
alloc_pos -1

