reason: unexpected exit code -6
--- stdout ---
CHENEY GENERATOR!
--- stderr ---
alloc_pos 8
alloc_pos 1040
alloc_pos 2072
alloc_pos 3104
alloc_pos 3368
alloc_pos 3488
alloc_pos 3724
alloc_pos 3816
alloc_pos 3916
alloc_pos 4168
alloc_pos 4272
alloc_pos 4420
alloc_pos 4576
alloc_pos 4680
alloc_pos 4788
alloc_pos 4868
alloc_pos 4904
alloc_pos 4952
alloc_pos 5140
alloc_pos 5300
alloc_pos 5540
alloc_pos 5792
alloc_pos 5868
alloc_pos 5948
alloc_pos 6212
alloc_pos 6412
alloc_pos 6628
alloc_pos 6768
alloc_pos 6816
alloc_pos 6896
alloc_pos 7084
alloc_pos 7336
alloc_pos 7596
alloc_pos 7772
alloc_pos 7960
alloc_pos 8160
alloc_pos 8196
alloc_pos 8224
alloc_pos 8400
alloc_pos 8604
alloc_pos 8740
alloc_pos 8868
alloc_pos 8900
alloc_pos 9092
alloc_pos 9256
alloc_pos 9388
alloc_pos 9592
alloc_pos 9792
alloc_pos 9840
alloc_pos 9896
alloc_pos 10072
alloc_pos 10188
alloc_pos 10248
alloc_pos 10304
alloc_pos 10400
alloc_pos 10468
alloc_pos 10576
alloc_pos 10724
alloc_pos 10984
alloc_pos 11144
alloc_pos 11236
alloc_pos 11328
alloc_pos 11528
alloc_pos 11780
alloc_pos 12000
alloc_pos 12176
alloc_pos 12296
alloc_pos 12484
alloc_pos 12588
alloc_pos 12640
alloc_pos 12712
alloc_pos 12968
alloc_pos 13156
alloc_pos 13324
alloc_pos 13460
alloc_pos 13708
alloc_pos 13848
alloc_pos 14108
alloc_pos 14308
alloc_pos 14540
alloc_pos 14620
alloc_pos 14660
alloc_pos 14800
alloc_pos 15024
alloc_pos 15252
alloc_pos 15368
alloc_pos 15440
alloc_pos 15564
alloc_pos 15720
alloc_pos 15916
alloc_pos 16128
alloc_pos 16232
alloc_pos 16276
alloc_pos 16336
alloc_pos 16448
alloc_pos 16628
alloc_pos 16740
alloc_pos 16892
alloc_pos 17044
alloc_pos 17296
alloc_pos 17540
alloc_pos 17744
alloc_pos 18000
alloc_pos 18220
alloc_pos 18408
alloc_pos 18464
alloc_pos 18632
alloc_pos 18680
alloc_pos 18792
alloc_pos 18900
alloc_pos 18928
alloc_pos 18960
alloc_pos 19204
alloc_pos 19284
alloc_pos 19384
alloc_pos 19588
alloc_pos 19780
alloc_pos 20008
alloc_pos 20124
alloc_pos 20152
alloc_pos 20184
alloc_pos 20332
alloc_pos 20536
alloc_pos 20780
alloc_pos 20996
alloc_pos 21152
alloc_pos 21384
alloc_pos 21524
alloc_pos 21556
alloc_pos 21792
alloc_pos 22000
alloc_pos 22208
alloc_pos 22416
alloc_pos 22652
alloc_pos 22848
alloc_pos 22920
alloc_pos 23012
alloc_pos 23076
alloc_pos 23192
alloc_pos 23348
alloc_pos 23456
alloc_pos 23696
alloc_pos 23896
alloc_pos 23920
alloc_pos 23988
alloc_pos 24180
alloc_pos 24248
alloc_pos 24488
alloc_pos 24516
alloc_pos 24736
alloc_pos 24888
alloc_pos 25144
alloc_pos 25276
alloc_pos 25540
alloc_pos 25612
alloc_pos 25792
alloc_pos 26044
alloc_pos 26276
alloc_pos 26520
alloc_pos 26652
alloc_pos 26704
alloc_pos 26844
alloc_pos 27088
alloc_pos 27164
alloc_pos 27220
alloc_pos 27276
alloc_pos 27412
alloc_pos 27500
alloc_pos 27636
alloc_pos 27736
alloc_pos 27816
alloc_pos 27964
alloc_pos 28172
alloc_pos 28320
alloc_pos 28436
alloc_pos 28632
alloc_pos 28720
alloc_pos 28836
alloc_pos 29036
alloc_pos 29060
alloc_pos 29236
alloc_pos 29368
alloc_pos 29408
alloc_pos 29568
alloc_pos 29728
alloc_pos 29828
alloc_pos 30016
alloc_pos 30136
alloc_pos 30288
alloc_pos 30472
alloc_pos 30664
alloc_pos 30792
alloc_pos 30944
alloc_pos 30972
alloc_pos 31044
alloc_pos 31188
alloc_pos 31388
alloc_pos 31556
alloc_pos 31648
alloc_pos 31732
alloc_pos 31984
alloc_pos 32244
alloc_pos 32348
alloc_pos 32384
alloc_pos 32528
alloc_pos 32608
alloc_pos 32848
alloc_pos 32968
alloc_pos 33024
alloc_pos 33100
alloc_pos 33228
alloc_pos 33460
alloc_pos 33660
alloc_pos 33744
alloc_pos 33964
alloc_pos 34024
alloc_pos 34048
alloc_pos 34216
alloc_pos 34376
alloc_pos 34440
alloc_pos 34528
alloc_pos 34684
alloc_pos 34880
alloc_pos 35028
alloc_pos 35192
alloc_pos 35268
alloc_pos 35520
alloc_pos 35548
alloc_pos 35720
alloc_pos 35768
alloc_pos 35952
alloc_pos 36092
alloc_pos 36264
alloc_pos 36516
alloc_pos 36712
alloc_pos 36924
alloc_pos 37176
alloc_pos 37220
alloc_pos 37308
alloc_pos 37492
alloc_pos 37560
alloc_pos 37676
alloc_pos 37888
alloc_pos 37980
alloc_pos 38016
alloc_pos 38224
alloc_pos 38436
alloc_pos 38692
alloc_pos 38932
alloc_pos 39008
alloc_pos 39268
alloc_pos 39460
alloc_pos 39576
alloc_pos 39608
alloc_pos 39660
alloc_pos 39748
alloc_pos 39900
alloc_pos 40048
alloc_pos 40160
alloc_pos 40252
alloc_pos 40312
alloc_pos 40432
alloc_pos 40668
alloc_pos 40760
alloc_pos 40860
alloc_pos 41112
alloc_pos 41216
alloc_pos 41364
alloc_pos 41520
alloc_pos 41624
alloc_pos 41732
alloc_pos 41812
alloc_pos 41848
alloc_pos 41896
alloc_pos 42084
alloc_pos 42244
alloc_pos 42484
alloc_pos 42736
alloc_pos 42812
alloc_pos 42892
alloc_pos 43156
alloc_pos 43356
alloc_pos 43572
alloc_pos 43712
alloc_pos 43760
alloc_pos 43840
alloc_pos 44028
alloc_pos 44280
alloc_pos 44540
alloc_pos 44716
alloc_pos 44904
alloc_pos 45104
alloc_pos 45140
alloc_pos 45168
alloc_pos 45344
alloc_pos 45548
alloc_pos 45684
alloc_pos 45812
alloc_pos 45844
alloc_pos 46036
alloc_pos 46200
alloc_pos 46332
alloc_pos 46536
alloc_pos 46736
alloc_pos 46784
alloc_pos 46840
alloc_pos 47016
alloc_pos 47132
alloc_pos 47192
alloc_pos 47248
alloc_pos 47344
alloc_pos 47412
alloc_pos 47520
alloc_pos 47668
alloc_pos 47928
alloc_pos 48088
alloc_pos 48180
alloc_pos 48272
alloc_pos 48472
alloc_pos 48724
alloc_pos 48944
alloc_pos 49120
alloc_pos 49240
alloc_pos 49428
alloc_pos 49532
alloc_pos 49584
alloc_pos 49656
alloc_pos 49912
alloc_pos 50100
alloc_pos 50268
alloc_pos 50404
alloc_pos 50652
alloc_pos 50792
alloc_pos 51052
alloc_pos 51252
alloc_pos 51484
alloc_pos 51564
alloc_pos 51604
alloc_pos 51744
alloc_pos 51968
alloc_pos 52196
alloc_pos 52312
alloc_pos 52384
alloc_pos 52508
alloc_pos 52664
alloc_pos 52860
alloc_pos 53072
alloc_pos 53176
alloc_pos 53220
alloc_pos 53280
alloc_pos 53392
alloc_pos 53572
alloc_pos 53684
alloc_pos 53836
alloc_pos 53988
alloc_pos 54240
alloc_pos 54484
alloc_pos 54688
alloc_pos 54944
alloc_pos 55164
alloc_pos 55352
alloc_pos 55408
alloc_pos 55576
alloc_pos 55624
alloc_pos 55736
alloc_pos 55844
alloc_pos 55872
alloc_pos 55904
alloc_pos 56148
alloc_pos 56228
alloc_pos 56328
alloc_pos 56532
alloc_pos 56724
alloc_pos 56952
alloc_pos 57068
alloc_pos 57096
alloc_pos 57128
alloc_pos 57276
alloc_pos 57480
alloc_pos 57724
alloc_pos 57940
alloc_pos 58096
alloc_pos 58328
alloc_pos 58468
alloc_pos 58500
alloc_pos 58736
alloc_pos 58944
alloc_pos 59152
alloc_pos 59360
alloc_pos 59596
alloc_pos 59792
alloc_pos 59864
alloc_pos 59956
alloc_pos 60020
alloc_pos 60136
alloc_pos 60292
alloc_pos 60400
alloc_pos 60640
alloc_pos 60840
alloc_pos 60864
alloc_pos 60932
alloc_pos 61124
alloc_pos 61192
alloc_pos 61432
alloc_pos 61460
alloc_pos 61680
alloc_pos 61832
alloc_pos 62088
alloc_pos 62220
alloc_pos 62484
alloc_pos 62556
alloc_pos 62736
alloc_pos 62988
alloc_pos 63220
alloc_pos 63464
alloc_pos 63596
alloc_pos 63648
alloc_pos 63788
alloc_pos 64032
alloc_pos 64108
alloc_pos 64164
alloc_pos 64220
alloc_pos 64356
alloc_pos 64444
alloc_pos 64580
alloc_pos 64680
alloc_pos 64760
alloc_pos 64908
alloc_pos 65116
alloc_pos 65264
alloc_pos 65380
alloc_pos 65576
alloc_pos 65664
alloc_pos 65780
alloc_pos 65980
alloc_pos 66004
alloc_pos 66180
alloc_pos 66312
alloc_pos 66352
alloc_pos 66512
alloc_pos 66672
alloc_pos 66772
alloc_pos 66960
alloc_pos 67080
alloc_pos 67232
alloc_pos 67416
alloc_pos 67608
alloc_pos 67736
alloc_pos 67888
alloc_pos 67916
alloc_pos 67988
alloc_pos 68132
alloc_pos 68332
alloc_pos 68500
alloc_pos 68592
alloc_pos 68676
alloc_pos 68928
alloc_pos 69188
alloc_pos 69292
alloc_pos 69328
alloc_pos 69472
alloc_pos 69552
alloc_pos 69792
alloc_pos 69912
alloc_pos 69968
alloc_pos 70044
alloc_pos 70172
alloc_pos 70404
alloc_pos 70604
alloc_pos 70688
alloc_pos 70908
alloc_pos 70968
alloc_pos 70992
alloc_pos 71160
alloc_pos 71320
alloc_pos 71384
alloc_pos 71472
alloc_pos 71628
alloc_pos 71824
alloc_pos 71972
alloc_pos 72136
alloc_pos 72212
alloc_pos 72464
alloc_pos 72492
alloc_pos 72664
alloc_pos 72712
alloc_pos 72896
alloc_pos 73036
alloc_pos 73208
alloc_pos 73460
alloc_pos 73656
alloc_pos 73868
alloc_pos 74120
alloc_pos 74164
alloc_pos 74252
alloc_pos 74436
alloc_pos 74504
alloc_pos 74620
alloc_pos 74832
alloc_pos 74924
alloc_pos 74960
alloc_pos 75168
alloc_pos 75380
alloc_pos 75636
alloc_pos 75876
alloc_pos 75952
alloc_pos 76212
alloc_pos 76404
alloc_pos 76520
alloc_pos 76552
alloc_pos 76604
alloc_pos 76692
alloc_pos 76844
alloc_pos 76992
alloc_pos 77104
alloc_pos 77196
alloc_pos 77256
alloc_pos 77376
alloc_pos 77612
alloc_pos 77704
alloc_pos 77804
alloc_pos 78056
alloc_pos 78160
alloc_pos 78308
alloc_pos 78464
alloc_pos 78568
alloc_pos 78676
alloc_pos 78756
alloc_pos 78792
alloc_pos 78840
alloc_pos 79028
alloc_pos 79188
alloc_pos 79428
alloc_pos 79680
alloc_pos 79756
alloc_pos 79836
alloc_pos 80100
alloc_pos 80300
alloc_pos 80516
alloc_pos 80656
alloc_pos 80704
alloc_pos 80784
alloc_pos 80972
alloc_pos 81224
alloc_pos 81484
alloc_pos 81660
alloc_pos 81848
alloc_pos 82048
alloc_pos 82084
alloc_pos 82112
alloc_pos 82288
alloc_pos 82492
alloc_pos 82628
alloc_pos 82756
alloc_pos 82788
alloc_pos 82980
alloc_pos 83144
alloc_pos 83276
alloc_pos 83480
alloc_pos 83680
alloc_pos 83728
alloc_pos 83784
alloc_pos 83960
alloc_pos 84076
alloc_pos 84136
alloc_pos 84192
alloc_pos 84288
alloc_pos 84356
alloc_pos 84464
alloc_pos 84612
alloc_pos 84872
alloc_pos 85032
alloc_pos 85124
alloc_pos 85216
alloc_pos 85416
alloc_pos 85668
alloc_pos 85888
alloc_pos 86064
alloc_pos 86184
alloc_pos 86372
alloc_pos 86476
alloc_pos 86528
alloc_pos 86600
alloc_pos 86856
alloc_pos 87044
alloc_pos 87212
alloc_pos 87348
alloc_pos 87596
alloc_pos 87736
alloc_pos 87996
alloc_pos 88196
alloc_pos 88428
alloc_pos 88508
alloc_pos 88548
alloc_pos 88688
alloc_pos 88912
alloc_pos 89140
alloc_pos 89256
alloc_pos 89328
alloc_pos 89452
alloc_pos 89608
alloc_pos 89804
alloc_pos 90016
alloc_pos 90120
alloc_pos 90164
alloc_pos 90224
alloc_pos 90336
alloc_pos 90516
alloc_pos 90628
alloc_pos 90780
alloc_pos 90932
alloc_pos 91184
alloc_pos 91428
alloc_pos 91632
alloc_pos 91888
alloc_pos 92108
alloc_pos 92296
alloc_pos 92352
alloc_pos 92520
alloc_pos 92568
alloc_pos 92680
alloc_pos 92788
alloc_pos 92816
alloc_pos 92848
alloc_pos 93092
alloc_pos 93172
alloc_pos 93272
alloc_pos 93476
alloc_pos 93668
alloc_pos 93896
alloc_pos 94012
alloc_pos 94040
alloc_pos 94072
alloc_pos 94220
alloc_pos 94424
alloc_pos 94668
alloc_pos 94884
alloc_pos 95040
alloc_pos 95272
alloc_pos 95412
alloc_pos 95444
alloc_pos 95680
alloc_pos 95888
alloc_pos 96096
alloc_pos 96304
alloc_pos 96540
alloc_pos 96736
alloc_pos 96808
alloc_pos 96900
alloc_pos 96964
alloc_pos 97080
alloc_pos 97236
alloc_pos 97344
alloc_pos 97584
alloc_pos 97784
alloc_pos 97808
alloc_pos 97876
alloc_pos 98068
alloc_pos 98136
alloc_pos 98376
alloc_pos 98404
alloc_pos 98624
alloc_pos 98776
alloc_pos 99032
alloc_pos 99164
alloc_pos 99428
alloc_pos 99500
alloc_pos 99680
alloc_pos 99932
alloc_pos 100164
alloc_pos 100408
alloc_pos 100540
alloc_pos 100592
alloc_pos 100732
alloc_pos 100976
alloc_pos 101052
alloc_pos 101108
alloc_pos 101164
alloc_pos 101300
alloc_pos 101388
alloc_pos 101524
alloc_pos 101624
alloc_pos 101704
alloc_pos 101852
alloc_pos 102060
alloc_pos 102208
alloc_pos 102324
alloc_pos 102520
alloc_pos 102608
alloc_pos 102724
alloc_pos 102924
alloc_pos 102948
alloc_pos 103124
alloc_pos 103256
alloc_pos 103296
alloc_pos 103456
alloc_pos 103616
alloc_pos 103716
alloc_pos 103904
alloc_pos 104024
alloc_pos 104176
alloc_pos 104360
alloc_pos 104552
alloc_pos 104680
alloc_pos 104832
alloc_pos 104860
alloc_pos 104932
alloc_pos 105076
alloc_pos 105276
alloc_pos 105444
alloc_pos 105536
alloc_pos 105620
alloc_pos 105872
alloc_pos 106132
alloc_pos 106236
alloc_pos 106272
alloc_pos 106416
alloc_pos 106496
alloc_pos 106736
alloc_pos 106856
alloc_pos 106912
alloc_pos 106988
alloc_pos 107116
alloc_pos 107348
alloc_pos 107548
alloc_pos 107632
alloc_pos 107852
alloc_pos 107912
alloc_pos 107936
alloc_pos 108104
alloc_pos 108264
alloc_pos 108328
alloc_pos 108416
alloc_pos 108572
alloc_pos 108768
alloc_pos 108916
alloc_pos 109080
alloc_pos 109156
alloc_pos 109408
alloc_pos 109436
alloc_pos 109608
alloc_pos 109656
alloc_pos 109840
alloc_pos 109980
alloc_pos 110152
alloc_pos 110404
alloc_pos 110600
alloc_pos 110812
alloc_pos 111064
alloc_pos 111108
alloc_pos 111196
alloc_pos 111380
alloc_pos 111448
alloc_pos 111564
alloc_pos 111776
alloc_pos 111868
alloc_pos 111904
alloc_pos 112112
alloc_pos 112324
alloc_pos 112580
alloc_pos 112820
alloc_pos 112896
alloc_pos 113156
alloc_pos 113348
alloc_pos 113464
alloc_pos 113496
alloc_pos 113548
alloc_pos 113636
alloc_pos 113788
alloc_pos 113936
alloc_pos 114048
alloc_pos 114140
alloc_pos 114200
alloc_pos 114320
alloc_pos 114556
alloc_pos 114648
alloc_pos 114748
alloc_pos 115000
alloc_pos 115104
alloc_pos 115252
alloc_pos 115408
alloc_pos 115512
alloc_pos 115620
alloc_pos 115700
alloc_pos 115736
alloc_pos 115784
alloc_pos 115972
alloc_pos 116132
alloc_pos 116372
alloc_pos 116624
alloc_pos 116700
alloc_pos 116780
alloc_pos 117044
alloc_pos 117244
alloc_pos 117460
alloc_pos 117600
alloc_pos 117648
alloc_pos 117728
alloc_pos 117916
alloc_pos 118168
alloc_pos 118428
alloc_pos 118604
alloc_pos 118792
alloc_pos 118992
alloc_pos 119028
alloc_pos 119056
alloc_pos 119232
alloc_pos 119436
alloc_pos 119572
alloc_pos 119700
alloc_pos 119732
alloc_pos 119924
alloc_pos 120088
alloc_pos 120220
alloc_pos 120424
alloc_pos 120624
alloc_pos 120672
alloc_pos 120728
alloc_pos 120904
alloc_pos 121020
alloc_pos 121080
alloc_pos 121136
alloc_pos 121232
alloc_pos 121300
alloc_pos 121408
alloc_pos 121556
alloc_pos 121816
alloc_pos 121976
alloc_pos 122068
alloc_pos 122160
alloc_pos 122360
alloc_pos 122612
alloc_pos 122832
alloc_pos 123008
alloc_pos 123128
alloc_pos 123316
alloc_pos 123420
alloc_pos 123472
alloc_pos 123544
alloc_pos 123800
alloc_pos 123988
alloc_pos 124156
alloc_pos 124292
alloc_pos 124540
alloc_pos 124680
alloc_pos 124940
alloc_pos 125140
alloc_pos 125372
alloc_pos 125452
alloc_pos 125492
alloc_pos 125632
alloc_pos 125856
alloc_pos 126084
alloc_pos 126200
alloc_pos 126272
alloc_pos 126396
alloc_pos 126552
alloc_pos 126748
alloc_pos 126960
alloc_pos 127064
alloc_pos 127108
alloc_pos 127168
alloc_pos 127280
alloc_pos 127460
alloc_pos 127572
alloc_pos 127724
alloc_pos 127876
alloc_pos 128128
alloc_pos 128372
alloc_pos 128576
alloc_pos 128832
alloc_pos 129052
alloc_pos 129240
alloc_pos 129296
alloc_pos 129464
alloc_pos 129512
alloc_pos 129624
alloc_pos 129732
alloc_pos 129760
alloc_pos 129792
alloc_pos 130036
alloc_pos 130116
alloc_pos 130216
alloc_pos 130420
alloc_pos 130612
alloc_pos 130840
alloc_pos 130956
alloc_pos 130984
alloc_pos 131016
alloc_pos 131164
alloc_pos 131368
alloc_pos 131612
alloc_pos 131828
alloc_pos 131984
alloc_pos 132216
alloc_pos 132356
alloc_pos 132388
alloc_pos 132624
alloc_pos 132832
alloc_pos 133040
alloc_pos 133248
alloc_pos 133484
alloc_pos 133680
alloc_pos 133752
alloc_pos 133844
alloc_pos 133908
alloc_pos 134024
alloc_pos 134180
alloc_pos 134288
alloc_pos 134528
alloc_pos 134728
alloc_pos 134752
alloc_pos 134820
alloc_pos 135012
alloc_pos 135080
alloc_pos 135320
alloc_pos 135348
alloc_pos 135568
alloc_pos 135720
alloc_pos 135976
alloc_pos 136108
alloc_pos 136372
alloc_pos 136444
alloc_pos 136624
alloc_pos 136876
alloc_pos 137108
alloc_pos 137352
alloc_pos 137484
alloc_pos 137536
alloc_pos 137676
alloc_pos 137920
alloc_pos 137996
alloc_pos 138052
alloc_pos 138108
alloc_pos 138244
alloc_pos 138332
alloc_pos 138468
alloc_pos 138568
alloc_pos 138648
alloc_pos 138796
alloc_pos 139004
alloc_pos 139152
alloc_pos 139268
alloc_pos 139464
alloc_pos 139552
alloc_pos 139668
alloc_pos 139868
alloc_pos 139892
alloc_pos 140068
alloc_pos 140200
alloc_pos 140240
alloc_pos 140400
alloc_pos 140560
alloc_pos 140660
alloc_pos 140848
alloc_pos 140968
alloc_pos 141120
alloc_pos 141304
alloc_pos 141496
alloc_pos 141624
alloc_pos 141776
alloc_pos 141804
alloc_pos 141876
alloc_pos 142020
alloc_pos 142220
alloc_pos 142388
alloc_pos 142480
alloc_pos 142564
alloc_pos 142816
alloc_pos 143076
alloc_pos 143180
alloc_pos 143216
alloc_pos 143360
alloc_pos 143440
alloc_pos 143680
alloc_pos 143800
alloc_pos 143856
alloc_pos 143932
alloc_pos 144060
alloc_pos 144292
alloc_pos 144492
alloc_pos 144576
alloc_pos 144796
alloc_pos 144856
alloc_pos 144880
alloc_pos 145048
alloc_pos 145208
alloc_pos 145272
alloc_pos 145360
alloc_pos 145516
alloc_pos 145712
alloc_pos 145860
alloc_pos 146024
alloc_pos 146100
alloc_pos 146352
alloc_pos 146380
alloc_pos 146552
alloc_pos 146600
alloc_pos 146784
alloc_pos 146924
alloc_pos 147096
alloc_pos 147348
alloc_pos 147544
alloc_pos 147756
alloc_pos 148008
alloc_pos 148052
alloc_pos 148140
alloc_pos 148324
alloc_pos 148392
alloc_pos 148508
alloc_pos 148720
alloc_pos 148812
alloc_pos 148848
alloc_pos 149056
alloc_pos 149268
alloc_pos 149524
alloc_pos 149764
alloc_pos 149840
alloc_pos 150100
alloc_pos 150292
alloc_pos 150408
alloc_pos 150440
alloc_pos 150492
alloc_pos 150580
alloc_pos 150732
alloc_pos 150880
alloc_pos 150992
alloc_pos 151084
alloc_pos 151144
alloc_pos 151264
alloc_pos 151500
alloc_pos 151592
alloc_pos 151692
alloc_pos 151944
alloc_pos 152048
alloc_pos 152196
alloc_pos 152352
alloc_pos 152456
alloc_pos 152564
alloc_pos 152644
alloc_pos 152680
alloc_pos 152728
alloc_pos 152916
alloc_pos 153076
alloc_pos 153316
alloc_pos 153568
alloc_pos 153644
alloc_pos 153724
alloc_pos 153988
alloc_pos 154188
alloc_pos 154404
alloc_pos 154544
alloc_pos 154592
alloc_pos 154672
alloc_pos 154860
alloc_pos 155112
alloc_pos 155372
alloc_pos 155548
alloc_pos 155736
alloc_pos 155936
alloc_pos 155972
alloc_pos 156000
alloc_pos 156176
alloc_pos 156380
alloc_pos 156516
alloc_pos 156644
alloc_pos 156676
alloc_pos 156868
alloc_pos 157032
alloc_pos 157164
alloc_pos 157368
alloc_pos 157568
alloc_pos 157616
alloc_pos 157672
alloc_pos 157848
alloc_pos 157964
alloc_pos 158024
alloc_pos 158080
alloc_pos 158176
alloc_pos 158244
alloc_pos 158352
alloc_pos 158500
alloc_pos 158760
alloc_pos 158920
alloc_pos 159012
alloc_pos 159104
alloc_pos 159304
alloc_pos 159556
alloc_pos 159776
alloc_pos 159952
alloc_pos 160072
alloc_pos 160260
alloc_pos 160364
alloc_pos 160416
alloc_pos 160488
alloc_pos 160744
alloc_pos 160932
alloc_pos 161100
alloc_pos 161236
alloc_pos 161484
alloc_pos 161624
alloc_pos 161884
alloc_pos 162084
alloc_pos 162316
alloc_pos 162396
alloc_pos 162436
alloc_pos 162576
alloc_pos 162800
alloc_pos 163028
alloc_pos 163144
alloc_pos 163216
alloc_pos 163340
alloc_pos 163496
alloc_pos 163692
alloc_pos 163904
alloc_pos 164008
alloc_pos 164052
alloc_pos 164112
alloc_pos 164224
alloc_pos 164404
alloc_pos 164516
alloc_pos 164668
alloc_pos 164820
alloc_pos 165072
alloc_pos 165316
alloc_pos 165520
alloc_pos 165776
alloc_pos 165996
alloc_pos 166184
alloc_pos 166240
alloc_pos 166408
alloc_pos 166456
alloc_pos 166568
alloc_pos 166676
alloc_pos 166704
alloc_pos 166736
alloc_pos 166980
alloc_pos 167060
alloc_pos 167160
alloc_pos 167364
alloc_pos 167556
alloc_pos 167784
alloc_pos 167900
alloc_pos 167928
alloc_pos 167960
alloc_pos 168108
alloc_pos 168312
alloc_pos 168556
alloc_pos 168772
alloc_pos 168928
alloc_pos 169160
alloc_pos 169300
alloc_pos 169332
alloc_pos 169568
alloc_pos 169776
alloc_pos 169984
alloc_pos 170192
alloc_pos 170428
alloc_pos 170624
alloc_pos 170696
alloc_pos 170788
alloc_pos 170852
alloc_pos 170968
alloc_pos 171124
alloc_pos 171232
alloc_pos 171472
alloc_pos 171672
alloc_pos 171696
alloc_pos 171764
alloc_pos 171956
alloc_pos 172024
alloc_pos 172264
alloc_pos 172292
alloc_pos 172512
alloc_pos 172664
alloc_pos 172920
alloc_pos 173052
alloc_pos 173316
alloc_pos 173388
alloc_pos 173568
alloc_pos 173820
alloc_pos 174052
alloc_pos 174296
alloc_pos 174428
alloc_pos 174480
alloc_pos 174620
alloc_pos 174864
alloc_pos 174940
alloc_pos 174996
alloc_pos 175052
alloc_pos 175188
alloc_pos 175276
alloc_pos 175412
alloc_pos 175512
alloc_pos 175592
alloc_pos 175740
alloc_pos 175948
alloc_pos 176096
alloc_pos 176212
alloc_pos 176408
alloc_pos 176496
alloc_pos 176612
alloc_pos 176812
alloc_pos 176836
alloc_pos 177012
alloc_pos 177144
alloc_pos 177184
alloc_pos 177344
alloc_pos 177504
alloc_pos 177604
alloc_pos 177792
alloc_pos 177912
alloc_pos 178064
alloc_pos 178248
alloc_pos 178440
alloc_pos 178568
alloc_pos 178720
alloc_pos 178748
alloc_pos 178820
alloc_pos 178964
alloc_pos 179164
alloc_pos 179332
alloc_pos 179424
alloc_pos 179508
alloc_pos 179760
alloc_pos 180020
alloc_pos 180124
alloc_pos 180160
alloc_pos 180304
alloc_pos 180384
alloc_pos 180624
alloc_pos 180744
alloc_pos 180800
alloc_pos 180876
alloc_pos 181004
alloc_pos 181236
alloc_pos 181436
alloc_pos 181520
alloc_pos 181740
alloc_pos 181800
alloc_pos 181824
alloc_pos 181992
alloc_pos 182152
alloc_pos 182216
alloc_pos 182304
alloc_pos 182460
alloc_pos 182656
alloc_pos 182804
alloc_pos 182968
alloc_pos 183044
alloc_pos 183296
alloc_pos 183324
alloc_pos 183496
alloc_pos 183544
alloc_pos 183728
alloc_pos 183868
alloc_pos 184040
alloc_pos 184292
alloc_pos 184488
alloc_pos 184700
alloc_pos 184952
alloc_pos 184996
alloc_pos 185084
alloc_pos 185268
alloc_pos 185336
alloc_pos 185452
alloc_pos 185664
alloc_pos 185756
alloc_pos 185792
alloc_pos 186000
alloc_pos 186212
alloc_pos 186468
alloc_pos 186708
alloc_pos 186784
alloc_pos 187044
alloc_pos 187236
alloc_pos 187352
alloc_pos 187384
alloc_pos 187436
alloc_pos 187524
alloc_pos 187676
alloc_pos 187824
alloc_pos 187936
alloc_pos 188028
alloc_pos 188088
alloc_pos 188208
alloc_pos 188444
alloc_pos 188536
alloc_pos 188636
alloc_pos 188888
alloc_pos 188992
alloc_pos 189140
alloc_pos 189296
alloc_pos 189400
alloc_pos 189508
alloc_pos 189588
alloc_pos 189624
alloc_pos 189672
alloc_pos 189860
alloc_pos 190020
alloc_pos 190260
alloc_pos 190512
alloc_pos 190588
alloc_pos 190668
alloc_pos 190932
alloc_pos 191132
alloc_pos 191348
alloc_pos 191488
alloc_pos 191536
alloc_pos 191616
alloc_pos 191804
alloc_pos 192056
alloc_pos 192316
alloc_pos 192492
alloc_pos 192680
alloc_pos 192880
alloc_pos 192916
alloc_pos 192944
alloc_pos 193120
alloc_pos 193324
alloc_pos 193460
alloc_pos 193588
alloc_pos 193620
alloc_pos 193812
alloc_pos 193976
alloc_pos 194108
alloc_pos 194312
alloc_pos 194512
alloc_pos 194560
alloc_pos 194616
alloc_pos 194792
alloc_pos 194908
alloc_pos 194968
alloc_pos 195024
alloc_pos 195120
alloc_pos 195188
alloc_pos 195296
alloc_pos 195444
alloc_pos 195704
alloc_pos 195864
alloc_pos 195956
alloc_pos 196048
alloc_pos 196248
alloc_pos 196500
alloc_pos 196720
alloc_pos 196896
alloc_pos 197016
alloc_pos 197204
alloc_pos 197308
alloc_pos 197360
alloc_pos 197432
alloc_pos 197688
alloc_pos 197876
alloc_pos 198044
alloc_pos 198180
alloc_pos 198428
alloc_pos 198568
alloc_pos 198828
alloc_pos 199028
alloc_pos 199260
alloc_pos 199340
alloc_pos 199380
alloc_pos 199520
alloc_pos 199744
alloc_pos 199972
alloc_pos 200088
alloc_pos 200160
alloc_pos 200284
alloc_pos 200440
alloc_pos 200636
alloc_pos 200848
alloc_pos 200952
alloc_pos 200996
alloc_pos 201056
alloc_pos 201168
alloc_pos 201348
alloc_pos 201460
alloc_pos 201612
alloc_pos 201764
alloc_pos 202016
alloc_pos 202260
alloc_pos 202464
alloc_pos 202720
alloc_pos 202940
alloc_pos 203128
alloc_pos 203184
alloc_pos 203352
alloc_pos 203400
alloc_pos 203512
alloc_pos 203620
alloc_pos 203648
alloc_pos 203680
alloc_pos 203924
alloc_pos 204004
alloc_pos 204104
alloc_pos 204308
alloc_pos 204500
alloc_pos 204728
alloc_pos 204844
alloc_pos 204872
alloc_pos 204904
alloc_pos 205052
alloc_pos 205256
alloc_pos 205500
alloc_pos 205716
alloc_pos 205872
alloc_pos 206104
alloc_pos 206244
alloc_pos 206276
alloc_pos 206512
alloc_pos 206720
alloc_pos 206928
alloc_pos 207136
alloc_pos 207372
alloc_pos 207568
alloc_pos 207640
alloc_pos 207732
alloc_pos 207796
alloc_pos 207912
alloc_pos 208068
alloc_pos 208176
alloc_pos 208416
alloc_pos 208616
alloc_pos 208640
alloc_pos 208708
alloc_pos 208900
alloc_pos 208968
alloc_pos 209208
alloc_pos 209236
alloc_pos 209456
alloc_pos 209608
alloc_pos 209864
alloc_pos 209996
alloc_pos 210260
alloc_pos 210332
alloc_pos 210512
alloc_pos 210764
alloc_pos 210996
alloc_pos 211240
alloc_pos 211372
alloc_pos 211424
alloc_pos 211564
alloc_pos 211808
alloc_pos 211884
alloc_pos 211940
alloc_pos 211996
alloc_pos 212132
alloc_pos 212220
alloc_pos 212356
alloc_pos 212456
alloc_pos 212536
alloc_pos 212684
alloc_pos 212892
alloc_pos 213040
alloc_pos 213156
alloc_pos 213352
alloc_pos 213440
alloc_pos 213556
alloc_pos 213756
alloc_pos 213780
alloc_pos 213956
alloc_pos 214088
alloc_pos 214128
alloc_pos 214288
alloc_pos 214448
alloc_pos 214548
alloc_pos 214736
alloc_pos 214856
alloc_pos 215008
alloc_pos 215192
alloc_pos 215384
alloc_pos 215512
alloc_pos 215664
alloc_pos 215692
alloc_pos 215764
alloc_pos 215908
alloc_pos 216108
alloc_pos 216276
alloc_pos 216368
alloc_pos 216452
alloc_pos 216704
alloc_pos 216964
alloc_pos 217068
alloc_pos 217104
alloc_pos 217248
alloc_pos 217328
alloc_pos 217568
alloc_pos 217688
alloc_pos 217744
alloc_pos 217820
alloc_pos 217948
alloc_pos 218180
alloc_pos 218380
alloc_pos 218464
alloc_pos 218684
alloc_pos 218744
alloc_pos 218768
alloc_pos 218936
alloc_pos 219096
alloc_pos 219160
alloc_pos 219248
alloc_pos 219404
alloc_pos 219600
alloc_pos 219748
alloc_pos 219912
alloc_pos 219988
alloc_pos 220240
alloc_pos 220268
alloc_pos 220440
alloc_pos 220488
alloc_pos 220672
alloc_pos 220812
alloc_pos 220984
alloc_pos 221236
alloc_pos 221432
alloc_pos 221644
alloc_pos 221896
alloc_pos 221940
alloc_pos 222028
alloc_pos 222212
alloc_pos 222280
alloc_pos 222396
alloc_pos 222608
alloc_pos 222700
alloc_pos 222736
alloc_pos 222944
alloc_pos 223156
alloc_pos 223412
alloc_pos 223652
alloc_pos 223728
alloc_pos 223988
alloc_pos 224180
alloc_pos 224296
alloc_pos 224328
alloc_pos 224380
alloc_pos 224468
alloc_pos 224620
alloc_pos 224768
alloc_pos 224880
alloc_pos 224972
alloc_pos 225032
alloc_pos 225152
alloc_pos 225388
alloc_pos 225480
alloc_pos 225580
alloc_pos 225832
alloc_pos 225936
alloc_pos 226084
alloc_pos 226240
alloc_pos 226344
alloc_pos 226452
alloc_pos 226532
alloc_pos 226568
alloc_pos 226616
alloc_pos 226804
alloc_pos 226964
alloc_pos 227204
alloc_pos 227456
alloc_pos 227532
alloc_pos 227612
alloc_pos 227876
alloc_pos 228076
alloc_pos 228292
alloc_pos 228432
alloc_pos 228480
alloc_pos 228560
alloc_pos 228748
alloc_pos 229000
alloc_pos 229260
alloc_pos 229436
alloc_pos 229624
alloc_pos 229824
alloc_pos 229860
alloc_pos 229888
alloc_pos 230064
alloc_pos 230268
alloc_pos 230404
alloc_pos 230532
alloc_pos 230564
alloc_pos 230756
alloc_pos 230920
alloc_pos 231052
alloc_pos 231256
alloc_pos 231456
alloc_pos 231504
alloc_pos 231560
alloc_pos 231736
alloc_pos 231852
alloc_pos 231912
alloc_pos 231968
alloc_pos 232064
alloc_pos 232132
alloc_pos 232240
alloc_pos 232388
alloc_pos 232648
alloc_pos 232808
alloc_pos 232900
alloc_pos 232992
alloc_pos 233192
alloc_pos 233444
alloc_pos 233664
alloc_pos 233840
alloc_pos 233960
alloc_pos 234148
alloc_pos 234252
alloc_pos 234304
alloc_pos 234376
alloc_pos 234632
alloc_pos 234820
alloc_pos 234988
alloc_pos 235124
alloc_pos 235372
alloc_pos 235512
alloc_pos 235772
alloc_pos 235972
alloc_pos 236204
alloc_pos 236284
alloc_pos 236324
alloc_pos 236464
alloc_pos 236688
alloc_pos 236916
alloc_pos 237032
alloc_pos 237104
alloc_pos 237228
alloc_pos 237384
alloc_pos 237580
alloc_pos 237792
alloc_pos 237896
alloc_pos 237940
alloc_pos 238000
alloc_pos 238112
alloc_pos 238292
alloc_pos 238404
alloc_pos 238556
alloc_pos 238708
alloc_pos 238960
alloc_pos 239204
alloc_pos 239408
alloc_pos 239664
alloc_pos 239884
alloc_pos 240072
alloc_pos 240128
alloc_pos 240296
alloc_pos 240344
alloc_pos 240456
alloc_pos 240564
alloc_pos 240592
alloc_pos 240624
alloc_pos 240868
alloc_pos 240948
alloc_pos 241048
alloc_pos 241252
alloc_pos 241444
alloc_pos 241672
alloc_pos 241788
alloc_pos 241816
alloc_pos 241848
alloc_pos 241996
alloc_pos 242200
alloc_pos 242444
alloc_pos 242660
alloc_pos 242816
alloc_pos 243048
alloc_pos 243188
alloc_pos 243220
alloc_pos 243456
alloc_pos 243664
alloc_pos 243872
alloc_pos 244080
alloc_pos 244316
alloc_pos 244512
alloc_pos 244584
alloc_pos 244676
alloc_pos 244740
alloc_pos 244856
alloc_pos 245012
alloc_pos 245120
alloc_pos 245360
alloc_pos 245560
alloc_pos 245584
alloc_pos 245652
alloc_pos 245844
alloc_pos 245912
alloc_pos 246152
alloc_pos 246180
alloc_pos 246400
alloc_pos 246552
alloc_pos 246808
alloc_pos 246940
alloc_pos 247204
alloc_pos 247276
alloc_pos 247456
alloc_pos 247708
alloc_pos 247940
alloc_pos 248184
alloc_pos 248316
alloc_pos 248368
alloc_pos 248508
alloc_pos 248752
alloc_pos 248828
alloc_pos 248884
alloc_pos 248940
alloc_pos 249076
alloc_pos 249164
alloc_pos 249300
alloc_pos 249400
alloc_pos 249480
alloc_pos 249628
alloc_pos 249836
alloc_pos 249984
alloc_pos 250100
alloc_pos 250296
alloc_pos 250384
alloc_pos 250500
alloc_pos 250700
alloc_pos 250724
alloc_pos 250900
alloc_pos 251032
alloc_pos 251072
alloc_pos 251232
alloc_pos 251392
alloc_pos 251492
alloc_pos 251680
alloc_pos 251800
alloc_pos 251952
alloc_pos 252136
alloc_pos 252328
alloc_pos 252456
alloc_pos 252608
alloc_pos 252636
alloc_pos 252708
alloc_pos 252852
alloc_pos 253052
alloc_pos 253220
alloc_pos 253312
alloc_pos 253396
alloc_pos 253648
alloc_pos 253908
alloc_pos 254012
alloc_pos 254048
alloc_pos 254192
alloc_pos 254272
alloc_pos 254512
alloc_pos 254632
alloc_pos 254688
alloc_pos 254764
alloc_pos 254892
alloc_pos 255124
alloc_pos 255324
alloc_pos 255408
alloc_pos 255628
alloc_pos 255688
alloc_pos 255712
alloc_pos 255880
alloc_pos 256040
alloc_pos 256104
alloc_pos 256192
alloc_pos 256348
alloc_pos 256544
alloc_pos 256692
alloc_pos 256856
alloc_pos 256932
alloc_pos 257184
alloc_pos 257212
alloc_pos 257384
alloc_pos 257432
alloc_pos 257616
alloc_pos 257756
alloc_pos 257928
alloc_pos 258180
alloc_pos 258376
alloc_pos 258588
alloc_pos 258840
alloc_pos 258884
alloc_pos 258972
alloc_pos 259156
alloc_pos 259224
alloc_pos 259340
alloc_pos 259552
alloc_pos 259644
alloc_pos 259680
alloc_pos 259888
alloc_pos 260100
alloc_pos 260356
alloc_pos 260596
alloc_pos 260672
alloc_pos 260932
alloc_pos 261124
alloc_pos 261240
alloc_pos 261272
alloc_pos 261324
alloc_pos 261412
alloc_pos 261564
alloc_pos 261712
alloc_pos 261824
alloc_pos 261916
alloc_pos 261976
alloc_pos -1

