reason: unexpected exit code -6
--- stdout ---
CHENEY GENERATOR!
--- stderr ---
alloc_pos 8
alloc_pos 1040
alloc_pos 1056
alloc_pos 1228
alloc_pos 1244
alloc_pos 1484
alloc_pos 1500
alloc_pos 1572
alloc_pos 1588
alloc_pos 1844
alloc_pos 1860
alloc_pos 2020
alloc_pos 2036
alloc_pos 2296
alloc_pos 2312
alloc_pos 2424
alloc_pos 2440
alloc_pos 2580
alloc_pos 2596
alloc_pos 2632
alloc_pos 2648
alloc_pos 2840
alloc_pos 2856
alloc_pos 3008
alloc_pos 3024
alloc_pos 3100
alloc_pos 3116
alloc_pos 3292
alloc_pos 3308
alloc_pos 3388
alloc_pos 3404
alloc_pos 3660
alloc_pos 3676
alloc_pos 3772
alloc_pos 3788
alloc_pos 3936
alloc_pos 3952
alloc_pos 4152
alloc_pos 4168
alloc_pos 4392
alloc_pos 4408
alloc_pos 4484
alloc_pos 4500
alloc_pos 4608
alloc_pos 4624
alloc_pos 4760
alloc_pos 4776
alloc_pos 4816
alloc_pos 4832
alloc_pos 4920
alloc_pos 4936
alloc_pos 5008
alloc_pos 5024
alloc_pos 5088
alloc_pos 5104
alloc_pos 5148
alloc_pos 5164
alloc_pos 5300
alloc_pos 5316
alloc_pos 5536
alloc_pos 5552
alloc_pos 5712
alloc_pos 5728
alloc_pos 5844
alloc_pos 5860
alloc_pos 5932
alloc_pos 5948
alloc_pos 6092
alloc_pos 6108
alloc_pos 6332
alloc_pos 6348
alloc_pos 6452
alloc_pos 6468
alloc_pos 6552
alloc_pos 6568
alloc_pos 6752
alloc_pos 6768
alloc_pos 6992
alloc_pos 7008
alloc_pos 7132
alloc_pos 7148
alloc_pos 7280
alloc_pos 7296
alloc_pos 7372
alloc_pos 7388
alloc_pos 7428
alloc_pos 7444
alloc_pos 7576
alloc_pos 7592
alloc_pos 7732
alloc_pos 7748
alloc_pos 7848
alloc_pos 7864
alloc_pos 7940
alloc_pos 7956
alloc_pos 8008
alloc_pos 8024
alloc_pos 8212
alloc_pos 8228
alloc_pos 8460
alloc_pos 8476
alloc_pos 8656
alloc_pos 8672
alloc_pos 8868
alloc_pos 8884
alloc_pos 8992
alloc_pos 9008
alloc_pos 9200
alloc_pos 9216
alloc_pos 9456
alloc_pos 9472
alloc_pos 9720
alloc_pos 9736
alloc_pos 9828
alloc_pos 9844
alloc_pos 9968
alloc_pos 9984
alloc_pos 10208
alloc_pos 10224
alloc_pos 10344
alloc_pos 10360
alloc_pos 10440
alloc_pos 10456
alloc_pos 10588
alloc_pos 10604
alloc_pos 10644
alloc_pos 10660
alloc_pos 10784
alloc_pos 10800
alloc_pos 11012
alloc_pos 11028
alloc_pos 11220
alloc_pos 11236
alloc_pos 11364
alloc_pos 11380
alloc_pos 11404
alloc_pos 11420
alloc_pos 11664
alloc_pos 11680
alloc_pos 11820
alloc_pos 11836
alloc_pos 11912
alloc_pos 11928
alloc_pos 12088
alloc_pos 12104
alloc_pos 12152
alloc_pos 12168
alloc_pos 12280
alloc_pos 12296
alloc_pos 12520
alloc_pos 12536
alloc_pos 12564
alloc_pos 12580
alloc_pos 12696
alloc_pos 12712
alloc_pos 12916
alloc_pos 12932
alloc_pos 13048
alloc_pos 13064
alloc_pos 13088
alloc_pos 13104
alloc_pos 13192
alloc_pos 13208
alloc_pos 13376
alloc_pos 13392
alloc_pos 13624
alloc_pos 13640
alloc_pos 13700
alloc_pos 13716
alloc_pos 13748
alloc_pos 13764
alloc_pos 13896
alloc_pos 13912
alloc_pos 13980
alloc_pos 13996
alloc_pos 14088
alloc_pos 14104
alloc_pos 14144
alloc_pos 14160
alloc_pos 14376
alloc_pos 14392
alloc_pos 14452
alloc_pos 14468
alloc_pos 14592
alloc_pos 14608
alloc_pos 14804
alloc_pos 14820
alloc_pos 15028
alloc_pos 15044
alloc_pos 15276
alloc_pos 15292
alloc_pos 15408
alloc_pos 15424
alloc_pos 15676
alloc_pos 15692
alloc_pos 15880
alloc_pos 15896
alloc_pos 16064
alloc_pos 16080
alloc_pos 16224
alloc_pos 16240
alloc_pos 16304
alloc_pos 16320
alloc_pos 16468
alloc_pos 16484
alloc_pos 16724
alloc_pos 16740
alloc_pos 16988
alloc_pos 17004
alloc_pos 17156
alloc_pos 17172
alloc_pos 17272
alloc_pos 17288
alloc_pos 17532
alloc_pos 17548
alloc_pos 17792
alloc_pos 17808
alloc_pos 17876
alloc_pos 17892
alloc_pos 18092
alloc_pos 18108
alloc_pos 18264
alloc_pos 18280
alloc_pos 18476
alloc_pos 18492
alloc_pos 18736
alloc_pos 18752
alloc_pos 18776
alloc_pos 18792
alloc_pos 18836
alloc_pos 18852
alloc_pos 18892
alloc_pos 18908
alloc_pos 18940
alloc_pos 18956
alloc_pos 19124
alloc_pos 19140
alloc_pos 19252
alloc_pos 19268
alloc_pos 19428
alloc_pos 19444
alloc_pos 19708
alloc_pos 19724
alloc_pos 19924
alloc_pos 19940
alloc_pos 20188
alloc_pos 20204
alloc_pos 20340
alloc_pos 20356
alloc_pos 20592
alloc_pos 20608
alloc_pos 20840
alloc_pos 20856
alloc_pos 20908
alloc_pos 20924
alloc_pos 21120
alloc_pos 21136
alloc_pos 21340
alloc_pos 21356
alloc_pos 21536
alloc_pos 21552
alloc_pos 21772
alloc_pos 21788
alloc_pos 21964
alloc_pos 21980
alloc_pos 22208
alloc_pos 22224
alloc_pos 22364
alloc_pos 22380
alloc_pos 22604
alloc_pos 22620
alloc_pos 22804
alloc_pos 22820
alloc_pos 22876
alloc_pos 22892
alloc_pos 23088
alloc_pos 23104
alloc_pos 23172
alloc_pos 23188
alloc_pos 23448
alloc_pos 23464
alloc_pos 23688
alloc_pos 23704
alloc_pos 23776
alloc_pos 23792
alloc_pos 24004
alloc_pos 24020
alloc_pos 24280
alloc_pos 24296
alloc_pos 24548
alloc_pos 24564
alloc_pos 24728
alloc_pos 24744
alloc_pos 24880
alloc_pos 24896
alloc_pos 25144
alloc_pos 25160
alloc_pos 25216
alloc_pos 25232
alloc_pos 25276
alloc_pos 25292
alloc_pos 25352
alloc_pos 25368
alloc_pos 25616
alloc_pos 25632
alloc_pos 25732
alloc_pos 25748
alloc_pos 25856
alloc_pos 25872
alloc_pos 25992
alloc_pos 26008
alloc_pos 26048
alloc_pos 26064
alloc_pos 26100
alloc_pos 26116
alloc_pos 26280
alloc_pos 26296
alloc_pos 26460
alloc_pos 26476
alloc_pos 26676
alloc_pos 26692
alloc_pos 26804
alloc_pos 26820
alloc_pos 26960
alloc_pos 26976
alloc_pos 27012
alloc_pos 27028
alloc_pos 27100
alloc_pos 27116
alloc_pos 27208
alloc_pos 27224
alloc_pos 27420
alloc_pos 27436
alloc_pos 27668
alloc_pos 27684
alloc_pos 27788
alloc_pos 27804
alloc_pos 27848
alloc_pos 27864
alloc_pos 27956
alloc_pos 27972
alloc_pos 28232
alloc_pos 28248
alloc_pos 28308
alloc_pos 28324
alloc_pos 28412
alloc_pos 28428
alloc_pos 28568
alloc_pos 28584
alloc_pos 28660
alloc_pos 28676
alloc_pos 28808
alloc_pos 28824
alloc_pos 28876
alloc_pos 28892
alloc_pos 29048
alloc_pos 29064
alloc_pos 29292
alloc_pos 29308
alloc_pos 29560
alloc_pos 29576
alloc_pos 29680
alloc_pos 29696
alloc_pos 29780
alloc_pos 29796
alloc_pos 29844
alloc_pos 29860
alloc_pos 29952
alloc_pos 29968
alloc_pos 30156
alloc_pos 30172
alloc_pos 30420
alloc_pos 30436
alloc_pos 30504
alloc_pos 30520
alloc_pos 30544
alloc_pos 30560
alloc_pos 30584
alloc_pos 30600
alloc_pos 30784
alloc_pos 30800
alloc_pos 30924
alloc_pos 30940
alloc_pos 31180
alloc_pos 31196
alloc_pos 31376
alloc_pos 31392
alloc_pos 31532
alloc_pos 31548
alloc_pos 31736
alloc_pos 31752
alloc_pos 31920
alloc_pos 31936
alloc_pos 31968
alloc_pos 31984
alloc_pos 32212
alloc_pos 32228
alloc_pos 32336
alloc_pos 32352
alloc_pos 32436
alloc_pos 32452
alloc_pos 32676
alloc_pos 32692
alloc_pos 32784
alloc_pos 32800
alloc_pos 32944
alloc_pos 32960
alloc_pos 33152
alloc_pos 33168
alloc_pos 33240
alloc_pos 33256
alloc_pos 33420
alloc_pos 33436
alloc_pos 33608
alloc_pos 33624
alloc_pos 33784
alloc_pos 33800
alloc_pos 33904
alloc_pos 33920
alloc_pos 34028
alloc_pos 34044
alloc_pos 34072
alloc_pos 34088
alloc_pos 34348
alloc_pos 34364
alloc_pos 34420
alloc_pos 34436
alloc_pos 34532
alloc_pos 34548
alloc_pos 34660
alloc_pos 34676
alloc_pos 34872
alloc_pos 34888
alloc_pos 35004
alloc_pos 35020
alloc_pos 35272
alloc_pos 35288
alloc_pos 35412
alloc_pos 35428
alloc_pos 35552
alloc_pos 35568
alloc_pos 35752
alloc_pos 35768
alloc_pos 35804
alloc_pos 35820
alloc_pos 36032
alloc_pos 36048
alloc_pos 36128
alloc_pos 36144
alloc_pos 36300
alloc_pos 36316
alloc_pos 36356
alloc_pos 36372
alloc_pos 36448
alloc_pos 36464
alloc_pos 36524
alloc_pos 36540
alloc_pos 36732
alloc_pos 36748
alloc_pos 36800
alloc_pos 36816
alloc_pos 36876
alloc_pos 36892
alloc_pos 37000
alloc_pos 37016
alloc_pos 37068
alloc_pos 37084
alloc_pos 37200
alloc_pos 37216
alloc_pos 37244
alloc_pos 37260
alloc_pos 37396
alloc_pos 37412
alloc_pos 37656
alloc_pos 37672
alloc_pos 37864
alloc_pos 37880
alloc_pos 37952
alloc_pos 37968
alloc_pos 38164
alloc_pos 38180
alloc_pos 38372
alloc_pos 38388
alloc_pos 38584
alloc_pos 38600
alloc_pos 38832
alloc_pos 38848
alloc_pos 38964
alloc_pos 38980
alloc_pos 39132
alloc_pos 39148
alloc_pos 39340
alloc_pos 39356
alloc_pos 39540
alloc_pos 39556
alloc_pos 39720
alloc_pos 39736
alloc_pos 39812
alloc_pos 39828
alloc_pos 39884
alloc_pos 39900
alloc_pos 40040
alloc_pos 40056
alloc_pos 40216
alloc_pos 40232
alloc_pos 40396
alloc_pos 40412
alloc_pos 40516
alloc_pos 40532
alloc_pos 40632
alloc_pos 40648
alloc_pos 40844
alloc_pos 40860
alloc_pos 40960
alloc_pos 41132
alloc_pos 41372
alloc_pos 41444
alloc_pos 41700
alloc_pos 41860
alloc_pos 42120
alloc_pos 42232
alloc_pos 42372
alloc_pos 42408
alloc_pos 42600
alloc_pos 42752
alloc_pos 42828
alloc_pos 43004
alloc_pos 43084
alloc_pos 43340
alloc_pos 43436
alloc_pos 43584
alloc_pos 43784
alloc_pos 44008
alloc_pos 44084
alloc_pos 44192
alloc_pos 44328
alloc_pos 44368
alloc_pos 44456
alloc_pos 44528
alloc_pos 44592
alloc_pos 44636
alloc_pos 44772
alloc_pos 44992
alloc_pos 45152
alloc_pos 45268
alloc_pos 45340
alloc_pos 45484
alloc_pos 45708
alloc_pos 45812
alloc_pos 45896
alloc_pos 46080
alloc_pos 46304
alloc_pos 46428
alloc_pos 46560
alloc_pos 46636
alloc_pos 46676
alloc_pos 46808
alloc_pos 46948
alloc_pos 47048
alloc_pos 47124
alloc_pos 47176
alloc_pos 47364
alloc_pos 47596
alloc_pos 47776
alloc_pos 47972
alloc_pos 48080
alloc_pos 48272
alloc_pos 48512
alloc_pos 48760
alloc_pos 48852
alloc_pos 48976
alloc_pos 49200
alloc_pos 49320
alloc_pos 49400
alloc_pos 49532
alloc_pos 49572
alloc_pos 49696
alloc_pos 49908
alloc_pos 50100
alloc_pos 50228
alloc_pos 50252
alloc_pos 50496
alloc_pos 50636
alloc_pos 50712
alloc_pos 50872
alloc_pos 50920
alloc_pos 51032
alloc_pos 51256
alloc_pos 51284
alloc_pos 51400
alloc_pos 51604
alloc_pos 51720
alloc_pos 51744
alloc_pos 51832
alloc_pos 52000
alloc_pos 52232
alloc_pos 52292
alloc_pos 52324
alloc_pos 52456
alloc_pos 52524
alloc_pos 52616
alloc_pos 52656
alloc_pos 52872
alloc_pos 52932
alloc_pos 53056
alloc_pos 53252
alloc_pos 53460
alloc_pos 53692
alloc_pos 53808
alloc_pos 54060
alloc_pos 54248
alloc_pos 54416
alloc_pos 54560
alloc_pos 54624
alloc_pos 54772
alloc_pos 55012
alloc_pos 55260
alloc_pos 55412
alloc_pos 55512
alloc_pos 55756
alloc_pos 56000
alloc_pos 56068
alloc_pos 56268
alloc_pos 56424
alloc_pos 56620
alloc_pos 56864
alloc_pos 56888
alloc_pos 56932
alloc_pos 56972
alloc_pos 57004
alloc_pos 57172
alloc_pos 57284
alloc_pos 57444
alloc_pos 57708
alloc_pos 57908
alloc_pos 58156
alloc_pos 58292
alloc_pos 58528
alloc_pos 58760
alloc_pos 58812
alloc_pos 59008
alloc_pos 59212
alloc_pos 59392
alloc_pos 59612
alloc_pos 59788
alloc_pos 60016
alloc_pos 60156
alloc_pos 60380
alloc_pos 60564
alloc_pos 60620
alloc_pos 60816
alloc_pos 60884
alloc_pos 61144
alloc_pos 61368
alloc_pos 61440
alloc_pos 61652
alloc_pos 61912
alloc_pos 62164
alloc_pos 62328
alloc_pos 62464
alloc_pos 62712
alloc_pos 62768
alloc_pos 62812
alloc_pos 62872
alloc_pos 63120
alloc_pos 63220
alloc_pos 63328
alloc_pos 63448
alloc_pos 63488
alloc_pos 63524
alloc_pos 63688
alloc_pos 63852
alloc_pos 64052
alloc_pos 64164
alloc_pos 64304
alloc_pos 64340
alloc_pos 64412
alloc_pos 64504
alloc_pos 64700
alloc_pos 64932
alloc_pos 65036
alloc_pos 65080
alloc_pos 65172
alloc_pos 65432
alloc_pos 65492
alloc_pos 65580
alloc_pos 65720
alloc_pos 65796
alloc_pos 65928
alloc_pos 65980
alloc_pos 66136
alloc_pos 66364
alloc_pos 66616
alloc_pos 66720
alloc_pos 66804
alloc_pos 66852
alloc_pos 66944
alloc_pos 67132
alloc_pos 67380
alloc_pos 67448
alloc_pos 67472
alloc_pos 67496
alloc_pos 67680
alloc_pos 67804
alloc_pos 68044
alloc_pos 68224
alloc_pos 68364
alloc_pos 68552
alloc_pos 68720
alloc_pos 68752
alloc_pos 68980
alloc_pos 69088
alloc_pos 69172
alloc_pos 69396
alloc_pos 69488
alloc_pos 69632
alloc_pos 69824
alloc_pos 69896
alloc_pos 70060
alloc_pos 70232
alloc_pos 70392
alloc_pos 70496
alloc_pos 70604
alloc_pos 70632
alloc_pos 70892
alloc_pos 70948
alloc_pos 71044
alloc_pos 71156
alloc_pos 71352
alloc_pos 71468
alloc_pos 71720
alloc_pos 71844
alloc_pos 71968
alloc_pos 72152
alloc_pos 72188
alloc_pos 72400
alloc_pos 72480
alloc_pos 72636
alloc_pos 72676
alloc_pos 72752
alloc_pos 72812
alloc_pos 73004
alloc_pos 73056
alloc_pos 73116
alloc_pos 73224
alloc_pos 73276
alloc_pos 73392
alloc_pos 73420
alloc_pos 73556
alloc_pos 73800
alloc_pos 73992
alloc_pos 74064
alloc_pos 74260
alloc_pos 74452
alloc_pos 74648
alloc_pos 74880
alloc_pos 74996
alloc_pos 75148
alloc_pos 75340
alloc_pos 75524
alloc_pos 75688
alloc_pos 75764
alloc_pos 75820
alloc_pos 75960
alloc_pos 76120
alloc_pos 76284
alloc_pos 76388
alloc_pos 76488
alloc_pos 76684
alloc_pos 76784
alloc_pos 76956
alloc_pos 77196
alloc_pos 77268
alloc_pos 77524
alloc_pos 77684
alloc_pos 77944
alloc_pos 78056
alloc_pos 78196
alloc_pos 78232
alloc_pos 78424
alloc_pos 78576
alloc_pos 78652
alloc_pos 78828
alloc_pos 78908
alloc_pos 79164
alloc_pos 79260
alloc_pos 79408
alloc_pos 79608
alloc_pos 79832
alloc_pos 79908
alloc_pos 80016
alloc_pos 80152
alloc_pos 80192
alloc_pos 80280
alloc_pos 80352
alloc_pos 80416
alloc_pos 80460
alloc_pos 80596
alloc_pos 80816
alloc_pos 80976
alloc_pos 81092
alloc_pos 81164
alloc_pos 81308
alloc_pos 81532
alloc_pos 81636
alloc_pos 81720
alloc_pos 81904
alloc_pos 82128
alloc_pos 82252
alloc_pos 82384
alloc_pos 82460
alloc_pos 82500
alloc_pos 82632
alloc_pos 82772
alloc_pos 82872
alloc_pos 82948
alloc_pos 83000
alloc_pos 83188
alloc_pos 83420
alloc_pos 83600
alloc_pos 83796
alloc_pos 83904
alloc_pos 84096
alloc_pos 84336
alloc_pos 84584
alloc_pos 84676
alloc_pos 84800
alloc_pos 85024
alloc_pos 85144
alloc_pos 85224
alloc_pos 85356
alloc_pos 85396
alloc_pos 85520
alloc_pos 85732
alloc_pos 85924
alloc_pos 86052
alloc_pos 86076
alloc_pos 86320
alloc_pos 86460
alloc_pos 86536
alloc_pos 86696
alloc_pos 86744
alloc_pos 86856
alloc_pos 87080
alloc_pos 87108
alloc_pos 87224
alloc_pos 87428
alloc_pos 87544
alloc_pos 87568
alloc_pos 87656
alloc_pos 87824
alloc_pos 88056
alloc_pos 88116
alloc_pos 88148
alloc_pos 88280
alloc_pos 88348
alloc_pos 88440
alloc_pos 88480
alloc_pos 88696
alloc_pos 88756
alloc_pos 88880
alloc_pos 89076
alloc_pos 89284
alloc_pos 89516
alloc_pos 89632
alloc_pos 89884
alloc_pos 90072
alloc_pos 90240
alloc_pos 90384
alloc_pos 90448
alloc_pos 90596
alloc_pos 90836
alloc_pos 91084
alloc_pos 91236
alloc_pos 91336
alloc_pos 91580
alloc_pos 91824
alloc_pos 91892
alloc_pos 92092
alloc_pos 92248
alloc_pos 92444
alloc_pos 92688
alloc_pos 92712
alloc_pos 92756
alloc_pos 92796
alloc_pos 92828
alloc_pos 92996
alloc_pos 93108
alloc_pos 93268
alloc_pos 93532
alloc_pos 93732
alloc_pos 93980
alloc_pos 94116
alloc_pos 94352
alloc_pos 94584
alloc_pos 94636
alloc_pos 94832
alloc_pos 95036
alloc_pos 95216
alloc_pos 95436
alloc_pos 95612
alloc_pos 95840
alloc_pos 95980
alloc_pos 96204
alloc_pos 96388
alloc_pos 96444
alloc_pos 96640
alloc_pos 96708
alloc_pos 96968
alloc_pos 97192
alloc_pos 97264
alloc_pos 97476
alloc_pos 97736
alloc_pos 97988
alloc_pos 98152
alloc_pos 98288
alloc_pos 98536
alloc_pos 98592
alloc_pos 98636
alloc_pos 98696
alloc_pos 98944
alloc_pos 99044
alloc_pos 99152
alloc_pos 99272
alloc_pos 99312
alloc_pos 99348
alloc_pos 99512
alloc_pos 99676
alloc_pos 99876
alloc_pos 99988
alloc_pos 100128
alloc_pos 100164
alloc_pos 100236
alloc_pos 100328
alloc_pos 100524
alloc_pos 100756
alloc_pos 100860
alloc_pos 100904
alloc_pos 100996
alloc_pos 101256
alloc_pos 101316
alloc_pos 101404
alloc_pos 101544
alloc_pos 101620
alloc_pos 101752
alloc_pos 101804
alloc_pos 101960
alloc_pos 102188
alloc_pos 102440
alloc_pos 102544
alloc_pos 102628
alloc_pos 102676
alloc_pos 102768
alloc_pos 102956
alloc_pos 103204
alloc_pos 103272
alloc_pos 103296
alloc_pos 103320
alloc_pos 103504
alloc_pos 103628
alloc_pos 103868
alloc_pos 104048
alloc_pos 104188
alloc_pos 104376
alloc_pos 104544
alloc_pos 104576
alloc_pos 104804
alloc_pos 104912
alloc_pos 104996
alloc_pos 105220
alloc_pos 105312
alloc_pos 105456
alloc_pos 105648
alloc_pos 105720
alloc_pos 105884
alloc_pos 106056
alloc_pos 106216
alloc_pos 106320
alloc_pos 106428
alloc_pos 106456
alloc_pos 106716
alloc_pos 106772
alloc_pos 106868
alloc_pos 106980
alloc_pos 107176
alloc_pos 107292
alloc_pos 107544
alloc_pos 107668
alloc_pos 107792
alloc_pos 107976
alloc_pos 108012
alloc_pos 108224
alloc_pos 108304
alloc_pos 108460
alloc_pos 108500
alloc_pos 108576
alloc_pos 108636
alloc_pos 108828
alloc_pos 108880
alloc_pos 108940
alloc_pos 109048
alloc_pos 109100
alloc_pos 109216
alloc_pos 109244
alloc_pos 109380
alloc_pos 109624
alloc_pos 109816
alloc_pos 109888
alloc_pos 110084
alloc_pos 110276
alloc_pos 110472
alloc_pos 110704
alloc_pos 110820
alloc_pos 110972
alloc_pos 111164
alloc_pos 111348
alloc_pos 111512
alloc_pos 111588
alloc_pos 111644
alloc_pos 111784
alloc_pos 111944
alloc_pos 112108
alloc_pos 112212
alloc_pos 112312
alloc_pos 112508
alloc_pos 112608
alloc_pos 112780
alloc_pos 113020
alloc_pos 113092
alloc_pos 113348
alloc_pos 113508
alloc_pos 113768
alloc_pos 113880
alloc_pos 114020
alloc_pos 114056
alloc_pos 114248
alloc_pos 114400
alloc_pos 114476
alloc_pos 114652
alloc_pos 114732
alloc_pos 114988
alloc_pos 115084
alloc_pos 115232
alloc_pos 115432
alloc_pos 115656
alloc_pos 115732
alloc_pos 115840
alloc_pos 115976
alloc_pos 116016
alloc_pos 116104
alloc_pos 116176
alloc_pos 116240
alloc_pos 116284
alloc_pos 116420
alloc_pos 116640
alloc_pos 116800
alloc_pos 116916
alloc_pos 116988
alloc_pos 117132
alloc_pos 117356
alloc_pos 117460
alloc_pos 117544
alloc_pos 117728
alloc_pos 117952
alloc_pos 118076
alloc_pos 118208
alloc_pos 118284
alloc_pos 118324
alloc_pos 118456
alloc_pos 118596
alloc_pos 118696
alloc_pos 118772
alloc_pos 118824
alloc_pos 119012
alloc_pos 119244
alloc_pos 119424
alloc_pos 119620
alloc_pos 119728
alloc_pos 119920
alloc_pos 120160
alloc_pos 120408
alloc_pos 120500
alloc_pos 120624
alloc_pos 120848
alloc_pos 120968
alloc_pos 121048
alloc_pos 121180
alloc_pos 121220
alloc_pos 121344
alloc_pos 121556
alloc_pos 121748
alloc_pos 121876
alloc_pos 121900
alloc_pos 122144
alloc_pos 122284
alloc_pos 122360
alloc_pos 122520
alloc_pos 122568
alloc_pos 122680
alloc_pos 122904
alloc_pos 122932
alloc_pos 123048
alloc_pos 123252
alloc_pos 123368
alloc_pos 123392
alloc_pos 123480
alloc_pos 123648
alloc_pos 123880
alloc_pos 123940
alloc_pos 123972
alloc_pos 124104
alloc_pos 124172
alloc_pos 124264
alloc_pos 124304
alloc_pos 124520
alloc_pos 124580
alloc_pos 124704
alloc_pos 124900
alloc_pos 125108
alloc_pos 125340
alloc_pos 125456
alloc_pos 125708
alloc_pos 125896
alloc_pos 126064
alloc_pos 126208
alloc_pos 126272
alloc_pos 126420
alloc_pos 126660
alloc_pos 126908
alloc_pos 127060
alloc_pos 127160
alloc_pos 127404
alloc_pos 127648
alloc_pos 127716
alloc_pos 127916
alloc_pos 128072
alloc_pos 128268
alloc_pos 128512
alloc_pos 128536
alloc_pos 128580
alloc_pos 128620
alloc_pos 128652
alloc_pos 128820
alloc_pos 128932
alloc_pos 129092
alloc_pos 129356
alloc_pos 129556
alloc_pos 129804
alloc_pos 129940
alloc_pos 130176
alloc_pos 130408
alloc_pos 130460
alloc_pos 130656
alloc_pos 130860
alloc_pos 131040
alloc_pos 131260
alloc_pos 131436
alloc_pos 131664
alloc_pos 131804
alloc_pos 132028
alloc_pos 132212
alloc_pos 132268
alloc_pos 132464
alloc_pos 132532
alloc_pos 132792
alloc_pos 133016
alloc_pos 133088
alloc_pos 133300
alloc_pos 133560
alloc_pos 133812
alloc_pos 133976
alloc_pos 134112
alloc_pos 134360
alloc_pos 134416
alloc_pos 134460
alloc_pos 134520
alloc_pos 134768
alloc_pos 134868
alloc_pos 134976
alloc_pos 135096
alloc_pos 135136
alloc_pos 135172
alloc_pos 135336
alloc_pos 135500
alloc_pos 135700
alloc_pos 135812
alloc_pos 135952
alloc_pos 135988
alloc_pos 136060
alloc_pos 136152
alloc_pos 136348
alloc_pos 136580
alloc_pos 136684
alloc_pos 136728
alloc_pos 136820
alloc_pos 137080
alloc_pos 137140
alloc_pos 137228
alloc_pos 137368
alloc_pos 137444
alloc_pos 137576
alloc_pos 137628
alloc_pos 137784
alloc_pos 138012
alloc_pos 138264
alloc_pos 138368
alloc_pos 138452
alloc_pos 138500
alloc_pos 138592
alloc_pos 138780
alloc_pos 139028
alloc_pos 139096
alloc_pos 139120
alloc_pos 139144
alloc_pos 139328
alloc_pos 139452
alloc_pos 139692
alloc_pos 139872
alloc_pos 140012
alloc_pos 140200
alloc_pos 140368
alloc_pos 140400
alloc_pos 140628
alloc_pos 140736
alloc_pos 140820
alloc_pos 141044
alloc_pos 141136
alloc_pos 141280
alloc_pos 141472
alloc_pos 141544
alloc_pos 141708
alloc_pos 141880
alloc_pos 142040
alloc_pos 142144
alloc_pos 142252
alloc_pos 142280
alloc_pos 142540
alloc_pos 142596
alloc_pos 142692
alloc_pos 142804
alloc_pos 143000
alloc_pos 143116
alloc_pos 143368
alloc_pos 143492
alloc_pos 143616
alloc_pos 143800
alloc_pos 143836
alloc_pos 144048
alloc_pos 144128
alloc_pos 144284
alloc_pos 144324
alloc_pos 144400
alloc_pos 144460
alloc_pos 144652
alloc_pos 144704
alloc_pos 144764
alloc_pos 144872
alloc_pos 144924
alloc_pos 145040
alloc_pos 145068
alloc_pos 145204
alloc_pos 145448
alloc_pos 145640
alloc_pos 145712
alloc_pos 145908
alloc_pos 146100
alloc_pos 146296
alloc_pos 146528
alloc_pos 146644
alloc_pos 146796
alloc_pos 146988
alloc_pos 147172
alloc_pos 147336
alloc_pos 147412
alloc_pos 147468
alloc_pos 147608
alloc_pos 147768
alloc_pos 147932
alloc_pos 148036
alloc_pos 148136
alloc_pos 148332
alloc_pos 148432
alloc_pos 148604
alloc_pos 148844
alloc_pos 148916
alloc_pos 149172
alloc_pos 149332
alloc_pos 149592
alloc_pos 149704
alloc_pos 149844
alloc_pos 149880
alloc_pos 150072
alloc_pos 150224
alloc_pos 150300
alloc_pos 150476
alloc_pos 150556
alloc_pos 150812
alloc_pos 150908
alloc_pos 151056
alloc_pos 151256
alloc_pos 151480
alloc_pos 151556
alloc_pos 151664
alloc_pos 151800
alloc_pos 151840
alloc_pos 151928
alloc_pos 152000
alloc_pos 152064
alloc_pos 152108
alloc_pos 152244
alloc_pos 152464
alloc_pos 152624
alloc_pos 152740
alloc_pos 152812
alloc_pos 152956
alloc_pos 153180
alloc_pos 153284
alloc_pos 153368
alloc_pos 153552
alloc_pos 153776
alloc_pos 153900
alloc_pos 154032
alloc_pos 154108
alloc_pos 154148
alloc_pos 154280
alloc_pos 154420
alloc_pos 154520
alloc_pos 154596
alloc_pos 154648
alloc_pos 154836
alloc_pos 155068
alloc_pos 155248
alloc_pos 155444
alloc_pos 155552
alloc_pos 155744
alloc_pos 155984
alloc_pos 156232
alloc_pos 156324
alloc_pos 156448
alloc_pos 156672
alloc_pos 156792
alloc_pos 156872
alloc_pos 157004
alloc_pos 157044
alloc_pos 157168
alloc_pos 157380
alloc_pos 157572
alloc_pos 157700
alloc_pos 157724
alloc_pos 157968
alloc_pos 158108
alloc_pos 158184
alloc_pos 158344
alloc_pos 158392
alloc_pos 158504
alloc_pos 158728
alloc_pos 158756
alloc_pos 158872
alloc_pos 159076
alloc_pos 159192
alloc_pos 159216
alloc_pos 159304
alloc_pos 159472
alloc_pos 159704
alloc_pos 159764
alloc_pos 159796
alloc_pos 159928
alloc_pos 159996
alloc_pos 160088
alloc_pos 160128
alloc_pos 160344
alloc_pos 160404
alloc_pos 160528
alloc_pos 160724
alloc_pos 160932
alloc_pos 161164
alloc_pos 161280
alloc_pos 161532
alloc_pos 161720
alloc_pos 161888
alloc_pos 162032
alloc_pos 162096
alloc_pos 162244
alloc_pos 162484
alloc_pos 162732
alloc_pos 162884
alloc_pos 162984
alloc_pos 163228
alloc_pos 163472
alloc_pos 163540
alloc_pos 163740
alloc_pos 163896
alloc_pos 164092
alloc_pos 164336
alloc_pos 164360
alloc_pos 164404
alloc_pos 164444
alloc_pos 164476
alloc_pos 164644
alloc_pos 164756
alloc_pos 164916
alloc_pos 165180
alloc_pos 165380
alloc_pos 165628
alloc_pos 165764
alloc_pos 166000
alloc_pos 166232
alloc_pos 166284
alloc_pos 166480
alloc_pos 166684
alloc_pos 166864
alloc_pos 167084
alloc_pos 167260
alloc_pos 167488
alloc_pos 167628
alloc_pos 167852
alloc_pos 168036
alloc_pos 168092
alloc_pos 168288
alloc_pos 168356
alloc_pos 168616
alloc_pos 168840
alloc_pos 168912
alloc_pos 169124
alloc_pos 169384
alloc_pos 169636
alloc_pos 169800
alloc_pos 169936
alloc_pos 170184
alloc_pos 170240
alloc_pos 170284
alloc_pos 170344
alloc_pos 170592
alloc_pos 170692
alloc_pos 170800
alloc_pos 170920
alloc_pos 170960
alloc_pos 170996
alloc_pos 171160
alloc_pos 171324
alloc_pos 171524
alloc_pos 171636
alloc_pos 171776
alloc_pos 171812
alloc_pos 171884
alloc_pos 171976
alloc_pos 172172
alloc_pos 172404
alloc_pos 172508
alloc_pos 172552
alloc_pos 172644
alloc_pos 172904
alloc_pos 172964
alloc_pos 173052
alloc_pos 173192
alloc_pos 173268
alloc_pos 173400
alloc_pos 173452
alloc_pos 173608
alloc_pos 173836
alloc_pos 174088
alloc_pos 174192
alloc_pos 174276
alloc_pos 174324
alloc_pos 174416
alloc_pos 174604
alloc_pos 174852
alloc_pos 174920
alloc_pos 174944
alloc_pos 174968
alloc_pos 175152
alloc_pos 175276
alloc_pos 175516
alloc_pos 175696
alloc_pos 175836
alloc_pos 176024
alloc_pos 176192
alloc_pos 176224
alloc_pos 176452
alloc_pos 176560
alloc_pos 176644
alloc_pos 176868
alloc_pos 176960
alloc_pos 177104
alloc_pos 177296
alloc_pos 177368
alloc_pos 177532
alloc_pos 177704
alloc_pos 177864
alloc_pos 177968
alloc_pos 178076
alloc_pos 178104
alloc_pos 178364
alloc_pos 178420
alloc_pos 178516
alloc_pos 178628
alloc_pos 178824
alloc_pos 178940
alloc_pos 179192
alloc_pos 179316
alloc_pos 179440
alloc_pos 179624
alloc_pos 179660
alloc_pos 179872
alloc_pos 179952
alloc_pos 180108
alloc_pos 180148
alloc_pos 180224
alloc_pos 180284
alloc_pos 180476
alloc_pos 180528
alloc_pos 180588
alloc_pos 180696
alloc_pos 180748
alloc_pos 180864
alloc_pos 180892
alloc_pos 181028
alloc_pos 181272
alloc_pos 181464
alloc_pos 181536
alloc_pos 181732
alloc_pos 181924
alloc_pos 182120
alloc_pos 182352
alloc_pos 182468
alloc_pos 182620
alloc_pos 182812
alloc_pos 182996
alloc_pos 183160
alloc_pos 183236
alloc_pos 183292
alloc_pos 183432
alloc_pos 183592
alloc_pos 183756
alloc_pos 183860
alloc_pos 183960
alloc_pos 184156
alloc_pos 184256
alloc_pos 184428
alloc_pos 184668
alloc_pos 184740
alloc_pos 184996
alloc_pos 185156
alloc_pos 185416
alloc_pos 185528
alloc_pos 185668
alloc_pos 185704
alloc_pos 185896
alloc_pos 186048
alloc_pos 186124
alloc_pos 186300
alloc_pos 186380
alloc_pos 186636
alloc_pos 186732
alloc_pos 186880
alloc_pos 187080
alloc_pos 187304
alloc_pos 187380
alloc_pos 187488
alloc_pos 187624
alloc_pos 187664
alloc_pos 187752
alloc_pos 187824
alloc_pos 187888
alloc_pos 187932
alloc_pos 188068
alloc_pos 188288
alloc_pos 188448
alloc_pos 188564
alloc_pos 188636
alloc_pos 188780
alloc_pos 189004
alloc_pos 189108
alloc_pos 189192
alloc_pos 189376
alloc_pos 189600
alloc_pos 189724
alloc_pos 189856
alloc_pos 189932
alloc_pos 189972
alloc_pos 190104
alloc_pos 190244
alloc_pos 190344
alloc_pos 190420
alloc_pos 190472
alloc_pos 190660
alloc_pos 190892
alloc_pos 191072
alloc_pos 191268
alloc_pos 191376
alloc_pos 191568
alloc_pos 191808
alloc_pos 192056
alloc_pos 192148
alloc_pos 192272
alloc_pos 192496
alloc_pos 192616
alloc_pos 192696
alloc_pos 192828
alloc_pos 192868
alloc_pos 192992
alloc_pos 193204
alloc_pos 193396
alloc_pos 193524
alloc_pos 193548
alloc_pos 193792
alloc_pos 193932
alloc_pos 194008
alloc_pos 194168
alloc_pos 194216
alloc_pos 194328
alloc_pos 194552
alloc_pos 194580
alloc_pos 194696
alloc_pos 194900
alloc_pos 195016
alloc_pos 195040
alloc_pos 195128
alloc_pos 195296
alloc_pos 195528
alloc_pos 195588
alloc_pos 195620
alloc_pos 195752
alloc_pos 195820
alloc_pos 195912
alloc_pos 195952
alloc_pos 196168
alloc_pos 196228
alloc_pos 196352
alloc_pos 196548
alloc_pos 196756
alloc_pos 196988
alloc_pos 197104
alloc_pos 197356
alloc_pos 197544
alloc_pos 197712
alloc_pos 197856
alloc_pos 197920
alloc_pos 198068
alloc_pos 198308
alloc_pos 198556
alloc_pos 198708
alloc_pos 198808
alloc_pos 199052
alloc_pos 199296
alloc_pos 199364
alloc_pos 199564
alloc_pos 199720
alloc_pos 199916
alloc_pos 200160
alloc_pos 200184
alloc_pos 200228
alloc_pos 200268
alloc_pos 200300
alloc_pos 200468
alloc_pos 200580
alloc_pos 200740
alloc_pos 201004
alloc_pos 201204
alloc_pos 201452
alloc_pos 201588
alloc_pos 201824
alloc_pos 202056
alloc_pos 202108
alloc_pos 202304
alloc_pos 202508
alloc_pos 202688
alloc_pos 202908
alloc_pos 203084
alloc_pos 203312
alloc_pos 203452
alloc_pos 203676
alloc_pos 203860
alloc_pos 203916
alloc_pos 204112
alloc_pos 204180
alloc_pos 204440
alloc_pos 204664
alloc_pos 204736
alloc_pos 204948
alloc_pos 205208
alloc_pos 205460
alloc_pos 205624
alloc_pos 205760
alloc_pos 206008
alloc_pos 206064
alloc_pos 206108
alloc_pos 206168
alloc_pos 206416
alloc_pos 206516
alloc_pos 206624
alloc_pos 206744
alloc_pos 206784
alloc_pos 206820
alloc_pos 206984
alloc_pos 207148
alloc_pos 207348
alloc_pos 207460
alloc_pos 207600
alloc_pos 207636
alloc_pos 207708
alloc_pos 207800
alloc_pos 207996
alloc_pos 208228
alloc_pos 208332
alloc_pos 208376
alloc_pos 208468
alloc_pos 208728
alloc_pos 208788
alloc_pos 208876
alloc_pos 209016
alloc_pos 209092
alloc_pos 209224
alloc_pos 209276
alloc_pos 209432
alloc_pos 209660
alloc_pos 209912
alloc_pos 210016
alloc_pos 210100
alloc_pos 210148
alloc_pos 210240
alloc_pos 210428
alloc_pos 210676
alloc_pos 210744
alloc_pos 210768
alloc_pos 210792
alloc_pos 210976
alloc_pos 211100
alloc_pos 211340
alloc_pos 211520
alloc_pos 211660
alloc_pos 211848
alloc_pos 212016
alloc_pos 212048
alloc_pos 212276
alloc_pos 212384
alloc_pos 212468
alloc_pos 212692
alloc_pos 212784
alloc_pos 212928
alloc_pos 213120
alloc_pos 213192
alloc_pos 213356
alloc_pos 213528
alloc_pos 213688
alloc_pos 213792
alloc_pos 213900
alloc_pos 213928
alloc_pos 214188
alloc_pos 214244
alloc_pos 214340
alloc_pos 214452
alloc_pos 214648
alloc_pos 214764
alloc_pos 215016
alloc_pos 215140
alloc_pos 215264
alloc_pos 215448
alloc_pos 215484
alloc_pos 215696
alloc_pos 215776
alloc_pos 215932
alloc_pos 215972
alloc_pos 216048
alloc_pos 216108
alloc_pos 216300
alloc_pos 216352
alloc_pos 216412
alloc_pos 216520
alloc_pos 216572
alloc_pos 216688
alloc_pos 216716
alloc_pos 216852
alloc_pos 217096
alloc_pos 217288
alloc_pos 217360
alloc_pos 217556
alloc_pos 217748
alloc_pos 217944
alloc_pos 218176
alloc_pos 218292
alloc_pos 218444
alloc_pos 218636
alloc_pos 218820
alloc_pos 218984
alloc_pos 219060
alloc_pos 219116
alloc_pos 219256
alloc_pos 219416
alloc_pos 219580
alloc_pos 219684
alloc_pos 219784
alloc_pos 219980
alloc_pos 220080
alloc_pos 220252
alloc_pos 220492
alloc_pos 220564
alloc_pos 220820
alloc_pos 220980
alloc_pos 221240
alloc_pos 221352
alloc_pos 221492
alloc_pos 221528
alloc_pos 221720
alloc_pos 221872
alloc_pos 221948
alloc_pos 222124
alloc_pos 222204
alloc_pos 222460
alloc_pos 222556
alloc_pos 222704
alloc_pos 222904
alloc_pos 223128
alloc_pos 223204
alloc_pos 223312
alloc_pos 223448
alloc_pos 223488
alloc_pos 223576
alloc_pos 223648
alloc_pos 223712
alloc_pos 223756
alloc_pos 223892
alloc_pos 224112
alloc_pos 224272
alloc_pos 224388
alloc_pos 224460
alloc_pos 224604
alloc_pos 224828
alloc_pos 224932
alloc_pos 225016
alloc_pos 225200
alloc_pos 225424
alloc_pos 225548
alloc_pos 225680
alloc_pos 225756
alloc_pos 225796
alloc_pos 225928
alloc_pos 226068
alloc_pos 226168
alloc_pos 226244
alloc_pos 226296
alloc_pos 226484
alloc_pos 226716
alloc_pos 226896
alloc_pos 227092
alloc_pos 227200
alloc_pos 227392
alloc_pos 227632
alloc_pos 227880
alloc_pos 227972
alloc_pos 228096
alloc_pos 228320
alloc_pos 228440
alloc_pos 228520
alloc_pos 228652
alloc_pos 228692
alloc_pos 228816
alloc_pos 229028
alloc_pos 229220
alloc_pos 229348
alloc_pos 229372
alloc_pos 229616
alloc_pos 229756
alloc_pos 229832
alloc_pos 229992
alloc_pos 230040
alloc_pos 230152
alloc_pos 230376
alloc_pos 230404
alloc_pos 230520
alloc_pos 230724
alloc_pos 230840
alloc_pos 230864
alloc_pos 230952
alloc_pos 231120
alloc_pos 231352
alloc_pos 231412
alloc_pos 231444
alloc_pos 231576
alloc_pos 231644
alloc_pos 231736
alloc_pos 231776
alloc_pos 231992
alloc_pos 232052
alloc_pos 232176
alloc_pos 232372
alloc_pos 232580
alloc_pos 232812
alloc_pos 232928
alloc_pos 233180
alloc_pos 233368
alloc_pos 233536
alloc_pos 233680
alloc_pos 233744
alloc_pos 233892
alloc_pos 234132
alloc_pos 234380
alloc_pos 234532
alloc_pos 234632
alloc_pos 234876
alloc_pos 235120
alloc_pos 235188
alloc_pos 235388
alloc_pos 235544
alloc_pos 235740
alloc_pos 235984
alloc_pos 236008
alloc_pos 236052
alloc_pos 236092
alloc_pos 236124
alloc_pos 236292
alloc_pos 236404
alloc_pos 236564
alloc_pos 236828
alloc_pos 237028
alloc_pos 237276
alloc_pos 237412
alloc_pos 237648
alloc_pos 237880
alloc_pos 237932
alloc_pos 238128
alloc_pos 238332
alloc_pos 238512
alloc_pos 238732
alloc_pos 238908
alloc_pos 239136
alloc_pos 239276
alloc_pos 239500
alloc_pos 239684
alloc_pos 239740
alloc_pos 239936
alloc_pos 240004
alloc_pos 240264
alloc_pos 240488
alloc_pos 240560
alloc_pos 240772
alloc_pos 241032
alloc_pos 241284
alloc_pos 241448
alloc_pos 241584
alloc_pos 241832
alloc_pos 241888
alloc_pos 241932
alloc_pos 241992
alloc_pos 242240
alloc_pos 242340
alloc_pos 242448
alloc_pos 242568
alloc_pos 242608
alloc_pos 242644
alloc_pos 242808
alloc_pos 242972
alloc_pos 243172
alloc_pos 243284
alloc_pos 243424
alloc_pos 243460
alloc_pos 243532
alloc_pos 243624
alloc_pos 243820
alloc_pos 244052
alloc_pos 244156
alloc_pos 244200
alloc_pos 244292
alloc_pos 244552
alloc_pos 244612
alloc_pos 244700
alloc_pos 244840
alloc_pos 244916
alloc_pos 245048
alloc_pos 245100
alloc_pos 245256
alloc_pos 245484
alloc_pos 245736
alloc_pos 245840
alloc_pos 245924
alloc_pos 245972
alloc_pos 246064
alloc_pos 246252
alloc_pos 246500
alloc_pos 246568
alloc_pos 246592
alloc_pos 246616
alloc_pos 246800
alloc_pos 246924
alloc_pos 247164
alloc_pos 247344
alloc_pos 247484
alloc_pos 247672
alloc_pos 247840
alloc_pos 247872
alloc_pos 248100
alloc_pos 248208
alloc_pos 248292
alloc_pos 248516
alloc_pos 248608
alloc_pos 248752
alloc_pos 248944
alloc_pos 249016
alloc_pos 249180
alloc_pos 249352
alloc_pos 249512
alloc_pos 249616
alloc_pos 249724
alloc_pos 249752
alloc_pos 250012
alloc_pos 250068
alloc_pos 250164
alloc_pos 250276
alloc_pos 250472
alloc_pos 250588
alloc_pos 250840
alloc_pos 250964
alloc_pos 251088
alloc_pos 251272
alloc_pos 251308
alloc_pos 251520
alloc_pos 251600
alloc_pos 251756
alloc_pos 251796
alloc_pos 251872
alloc_pos 251932
alloc_pos 252124
alloc_pos 252176
alloc_pos 252236
alloc_pos 252344
alloc_pos 252396
alloc_pos 252512
alloc_pos 252540
alloc_pos 252676
alloc_pos 252920
alloc_pos 253112
alloc_pos 253184
alloc_pos 253380
alloc_pos 253572
alloc_pos 253768
alloc_pos 254000
alloc_pos 254116
alloc_pos 254268
alloc_pos 254460
alloc_pos 254644
alloc_pos 254808
alloc_pos 254884
alloc_pos 254940
alloc_pos 255080
alloc_pos 255240
alloc_pos 255404
alloc_pos 255508
alloc_pos 255608
alloc_pos 255804
alloc_pos 255904
alloc_pos 256076
alloc_pos 256316
alloc_pos 256388
alloc_pos 256644
alloc_pos 256804
alloc_pos 257064
alloc_pos 257176
alloc_pos 257316
alloc_pos 257352
alloc_pos 257544
alloc_pos 257696
alloc_pos 257772
alloc_pos 257948
alloc_pos 258028
alloc_pos 258284
alloc_pos 258380
alloc_pos 258528
alloc_pos 258728
alloc_pos 258952
alloc_pos 259028
alloc_pos 259136
alloc_pos 259272
alloc_pos 259312
alloc_pos 259400
alloc_pos 259472
alloc_pos 259536
alloc_pos 259580
alloc_pos 259716
alloc_pos 259936
alloc_pos 260096
alloc_pos 260212
alloc_pos 260284
alloc_pos 260428
alloc_pos 260652
alloc_pos 260756
alloc_pos 260840
alloc_pos 261024
alloc_pos 261248
alloc_pos 261372
alloc_pos 261504
alloc_pos 261580
alloc_pos 261620
alloc_pos 261752
alloc_pos 261892
alloc_pos 261992
alloc_pos 262068
alloc_pos 262120
alloc_pos 262308
alloc_pos 262540
alloc_pos 262720
alloc_pos 262916
alloc_pos 263024
alloc_pos 263216
alloc_pos 263456
alloc_pos 263704
alloc_pos 263796
alloc_pos 263920
alloc_pos 264144
alloc_pos 264264
alloc_pos 264344
alloc_pos 264476
alloc_pos 264516
alloc_pos 264640
alloc_pos 264852
alloc_pos 265044
alloc_pos 265172
alloc_pos 265196
alloc_pos 265440
alloc_pos 265580
alloc_pos 265656
alloc_pos 265816
alloc_pos 265864
alloc_pos 265976
alloc_pos 266200
alloc_pos 266228
alloc_pos 266344
alloc_pos 266548
alloc_pos 266664
alloc_pos 266688
alloc_pos 266776
alloc_pos 266944
alloc_pos 267176
alloc_pos 267236
alloc_pos 267268
alloc_pos 267400
alloc_pos 267468
alloc_pos 267560
alloc_pos 267600
alloc_pos 267816
alloc_pos 267876
alloc_pos 268000
alloc_pos 268196
alloc_pos 268404
alloc_pos 268636
alloc_pos 268752
alloc_pos 269004
alloc_pos 269192
alloc_pos 269360
alloc_pos 269504
alloc_pos 269568
alloc_pos 269716
alloc_pos 269956
alloc_pos 270204
alloc_pos 270356
alloc_pos 270456
alloc_pos 270700
alloc_pos 270944
alloc_pos 271012
alloc_pos 271212
alloc_pos 271368
alloc_pos 271564
alloc_pos 271808
alloc_pos 271832
alloc_pos 271876
alloc_pos 271916
alloc_pos 271948
alloc_pos 272116
alloc_pos 272228
alloc_pos 272388
alloc_pos 272652
alloc_pos 272852
alloc_pos 273100
alloc_pos 273236
alloc_pos 273472
alloc_pos 273704
alloc_pos 273756
alloc_pos 273952
alloc_pos 274156
alloc_pos 274336
alloc_pos 274556
alloc_pos 274732
alloc_pos 274960
alloc_pos 275100
alloc_pos 275324
alloc_pos 275508
alloc_pos 275564
alloc_pos 275760
alloc_pos 275828
alloc_pos 276088
alloc_pos 276312
alloc_pos 276384
alloc_pos 276596
alloc_pos 276856
alloc_pos 277108
alloc_pos 277272
alloc_pos 277408
alloc_pos 277656
alloc_pos 277712
alloc_pos 277756
alloc_pos 277816
alloc_pos 278064
alloc_pos 278164
alloc_pos 278272
alloc_pos 278392
alloc_pos 278432
alloc_pos 278468
alloc_pos 278632
alloc_pos 278796
alloc_pos 278996
alloc_pos 279108
alloc_pos 279248
alloc_pos 279284
alloc_pos 279356
alloc_pos 279448
alloc_pos 279644
alloc_pos 279876
alloc_pos 279980
alloc_pos 280024
alloc_pos 280116
alloc_pos 280376
alloc_pos 280436
alloc_pos 280524
alloc_pos 280664
alloc_pos 280740
alloc_pos 280872
alloc_pos 280924
alloc_pos 281080
alloc_pos 281308
alloc_pos 281560
alloc_pos 281664
alloc_pos 281748
alloc_pos 281796
alloc_pos 281888
alloc_pos 282076
alloc_pos 282324
alloc_pos 282392
alloc_pos 282416
alloc_pos 282440
alloc_pos 282624
alloc_pos 282748
alloc_pos 282988
alloc_pos 283168
alloc_pos 283308
alloc_pos 283496
alloc_pos 283664
alloc_pos 283696
alloc_pos 283924
alloc_pos 284032
alloc_pos 284116
alloc_pos 284340
alloc_pos 284432
alloc_pos 284576
alloc_pos 284768
alloc_pos 284840
alloc_pos 285004
alloc_pos 285176
alloc_pos 285336
alloc_pos 285440
alloc_pos 285548
alloc_pos 285576
alloc_pos 285836
alloc_pos 285892
alloc_pos 285988
alloc_pos 286100
alloc_pos 286296
alloc_pos 286412
alloc_pos 286664
alloc_pos 286788
alloc_pos 286912
alloc_pos 287096
alloc_pos 287132
alloc_pos 287344
alloc_pos 287424
alloc_pos 287580
alloc_pos 287620
alloc_pos 287696
alloc_pos 287756
alloc_pos 287948
alloc_pos 288000
alloc_pos 288060
alloc_pos 288168
alloc_pos 288220
alloc_pos 288336
alloc_pos 288364
alloc_pos 288500
alloc_pos 288744
alloc_pos 288936
alloc_pos 289008
alloc_pos 289204
alloc_pos 289396
alloc_pos 289592
alloc_pos 289824
alloc_pos 289940
alloc_pos 290092
alloc_pos 290284
alloc_pos 290468
alloc_pos 290632
alloc_pos 290708
alloc_pos 290764
alloc_pos 290904
alloc_pos 291064
alloc_pos 291228
alloc_pos 291332
alloc_pos 291432
alloc_pos 291628
alloc_pos 291728
alloc_pos 291900
alloc_pos 292140
alloc_pos 292212
alloc_pos 292468
alloc_pos 292628
alloc_pos 292888
alloc_pos 293000
alloc_pos 293140
alloc_pos 293176
alloc_pos 293368
alloc_pos 293520
alloc_pos 293596
alloc_pos 293772
alloc_pos 293852
alloc_pos 294108
alloc_pos 294204
alloc_pos 294352
alloc_pos 294552
alloc_pos 294776
alloc_pos 294852
alloc_pos 294960
alloc_pos 295096
alloc_pos 295136
alloc_pos 295224
alloc_pos 295296
alloc_pos 295360
alloc_pos 295404
alloc_pos 295540
alloc_pos 295760
alloc_pos 295920
alloc_pos 296036
alloc_pos 296108
alloc_pos 296252
alloc_pos 296476
alloc_pos 296580
alloc_pos 296664
alloc_pos 296848
alloc_pos 297072
alloc_pos 297196
alloc_pos 297328
alloc_pos 297404
alloc_pos 297444
alloc_pos 297576
alloc_pos 297716
alloc_pos 297816
alloc_pos 297892
alloc_pos 297944
alloc_pos 298132
alloc_pos 298364
alloc_pos 298544
alloc_pos 298740
alloc_pos 298848
alloc_pos 299040
alloc_pos 299280
alloc_pos 299528
alloc_pos 299620
alloc_pos 299744
alloc_pos 299968
alloc_pos 300088
alloc_pos 300168
alloc_pos 300300
alloc_pos 300340
alloc_pos 300464
alloc_pos 300676
alloc_pos 300868
alloc_pos 300996
alloc_pos 301020
alloc_pos 301264
alloc_pos 301404
alloc_pos 301480
alloc_pos 301640
alloc_pos 301688
alloc_pos 301800
alloc_pos 302024
alloc_pos 302052
alloc_pos 302168
alloc_pos 302372
alloc_pos 302488
alloc_pos 302512
alloc_pos 302600
alloc_pos 302768
alloc_pos 303000
alloc_pos 303060
alloc_pos 303092
alloc_pos 303224
alloc_pos 303292
alloc_pos 303384
alloc_pos 303424
alloc_pos 303640
alloc_pos 303700
alloc_pos 303824
alloc_pos 304020
alloc_pos 304228
alloc_pos 304460
alloc_pos 304576
alloc_pos 304828
alloc_pos 305016
alloc_pos 305184
alloc_pos 305328
alloc_pos 305392
alloc_pos 305540
alloc_pos 305780
alloc_pos 306028
alloc_pos 306180
alloc_pos 306280
alloc_pos 306524
alloc_pos 306768
alloc_pos 306836
alloc_pos 307036
alloc_pos 307192
alloc_pos 307388
alloc_pos 307632
alloc_pos 307656
alloc_pos 307700
alloc_pos 307740
alloc_pos 307772
alloc_pos 307940
alloc_pos 308052
alloc_pos 308212
alloc_pos 308476
alloc_pos 308676
alloc_pos 308924
alloc_pos 309060
alloc_pos 309296
alloc_pos 309528
alloc_pos 309580
alloc_pos 309776
alloc_pos 309980
alloc_pos 310160
alloc_pos 310380
alloc_pos 310556
alloc_pos 310784
alloc_pos 310924
alloc_pos 311148
alloc_pos 311332
alloc_pos 311388
alloc_pos 311584
alloc_pos 311652
alloc_pos 311912
alloc_pos 312136
alloc_pos 312208
alloc_pos 312420
alloc_pos 312680
alloc_pos 312932
alloc_pos 313096
alloc_pos 313232
alloc_pos 313480
alloc_pos 313536
alloc_pos 313580
alloc_pos 313640
alloc_pos 313888
alloc_pos 313988
alloc_pos 314096
alloc_pos 314216
alloc_pos 314256
alloc_pos 314292
alloc_pos 314456
alloc_pos 314620
alloc_pos 314820
alloc_pos 314932
alloc_pos 315072
alloc_pos 315108
alloc_pos 315180
alloc_pos 315272
alloc_pos 315468
alloc_pos 315700
alloc_pos 315804
alloc_pos 315848
alloc_pos 315940
alloc_pos 316200
alloc_pos 316260
alloc_pos 316348
alloc_pos 316488
alloc_pos 316564
alloc_pos 316696
alloc_pos 316748
alloc_pos 316904
alloc_pos 317132
alloc_pos 317384
alloc_pos 317488
alloc_pos 317572
alloc_pos 317620
alloc_pos 317712
alloc_pos 317900
alloc_pos 318148
alloc_pos 318216
alloc_pos 318240
alloc_pos 318264
alloc_pos 318448
alloc_pos 318572
alloc_pos 318812
alloc_pos 318992
alloc_pos 319132
alloc_pos 319320
alloc_pos 319488
alloc_pos 319520
alloc_pos 319748
alloc_pos 319856
alloc_pos 319940
alloc_pos 320164
alloc_pos 320256
alloc_pos 320400
alloc_pos 320592
alloc_pos 320664
alloc_pos 320828
alloc_pos 321000
alloc_pos 321160
alloc_pos 321264
alloc_pos 321372
alloc_pos 321400
alloc_pos 321660
alloc_pos 321716
alloc_pos 321812
alloc_pos 321924
alloc_pos 322120
alloc_pos 322236
alloc_pos 322488
alloc_pos 322612
alloc_pos 322736
alloc_pos 322920
alloc_pos 322956
alloc_pos 323168
alloc_pos 323248
alloc_pos 323404
alloc_pos 323444
alloc_pos 323520
alloc_pos 323580
alloc_pos 323772
alloc_pos 323824
alloc_pos 323884
alloc_pos 323992
alloc_pos 324044
alloc_pos 324160
alloc_pos 324188
alloc_pos 324324
alloc_pos 324568
alloc_pos 324760
alloc_pos 324832
alloc_pos 325028
alloc_pos 325220
alloc_pos 325416
alloc_pos 325648
alloc_pos 325764
alloc_pos 325916
alloc_pos 326108
alloc_pos 326292
alloc_pos 326456
alloc_pos 326532
alloc_pos 326588
alloc_pos 326728
alloc_pos 326888
alloc_pos 327052
alloc_pos 327156
alloc_pos 327256
alloc_pos 327452
alloc_pos 327552
alloc_pos 327724
alloc_pos 327964
alloc_pos 328036
alloc_pos 328292
alloc_pos 328452
alloc_pos 328712
alloc_pos 328824
alloc_pos 328964
alloc_pos 329000
alloc_pos 329192
alloc_pos 329344
alloc_pos 329420
alloc_pos 329596
alloc_pos 329676
alloc_pos 329932
alloc_pos 330028
alloc_pos 330176
alloc_pos 330376
alloc_pos 330600
alloc_pos 330676
alloc_pos 330784
alloc_pos 330920
alloc_pos 330960
alloc_pos 331048
alloc_pos 331120
alloc_pos 331184
alloc_pos 331228
alloc_pos 331364
alloc_pos 331584
alloc_pos 331744
alloc_pos 331860
alloc_pos 331932
alloc_pos 332076
alloc_pos 332300
alloc_pos 332404
alloc_pos 332488
alloc_pos 332672
alloc_pos 332896
alloc_pos 333020
alloc_pos 333152
alloc_pos 333228
alloc_pos 333268
alloc_pos 333400
alloc_pos 333540
alloc_pos 333640
alloc_pos 333716
alloc_pos 333768
alloc_pos 333956
alloc_pos 334188
alloc_pos 334368
alloc_pos 334564
alloc_pos 334672
alloc_pos 334864
alloc_pos 335104
alloc_pos 335352
alloc_pos 335444
alloc_pos 335568
alloc_pos 335792
alloc_pos 335912
alloc_pos 335992
alloc_pos 336124
alloc_pos 336164
alloc_pos 336288
alloc_pos 336500
alloc_pos 336692
alloc_pos 336820
alloc_pos 336844
alloc_pos 337088
alloc_pos 337228
alloc_pos 337304
alloc_pos 337464
alloc_pos 337512
alloc_pos 337624
alloc_pos 337848
alloc_pos 337876
alloc_pos 337992
alloc_pos 338196
alloc_pos 338312
alloc_pos 338336
alloc_pos 338424
alloc_pos 338592
alloc_pos 338824
alloc_pos 338884
alloc_pos 338916
alloc_pos 339048
alloc_pos 339116
alloc_pos 339208
alloc_pos 339248
alloc_pos 339464
alloc_pos 339524
alloc_pos 339648
alloc_pos 339844
alloc_pos 340052
alloc_pos 340284
alloc_pos 340400
alloc_pos 340652
alloc_pos 340840
alloc_pos 341008
alloc_pos 341152
alloc_pos 341216
alloc_pos 341364
alloc_pos 341604
alloc_pos 341852
alloc_pos 342004
alloc_pos 342104
alloc_pos 342348
alloc_pos 342592
alloc_pos 342660
alloc_pos 342860
alloc_pos 343016
alloc_pos 343212
alloc_pos 343456
alloc_pos 343480
alloc_pos 343524
alloc_pos 343564
alloc_pos 343596
alloc_pos 343764
alloc_pos 343876
alloc_pos 344036
alloc_pos 344300
alloc_pos 344500
alloc_pos 344748
alloc_pos 344884
alloc_pos 345120
alloc_pos 345352
alloc_pos 345404
alloc_pos 345600
alloc_pos 345804
alloc_pos 345984
alloc_pos 346204
alloc_pos 346380
alloc_pos 346608
alloc_pos 346748
alloc_pos 346972
alloc_pos 347156
alloc_pos 347212
alloc_pos 347408
alloc_pos 347476
alloc_pos 347736
alloc_pos 347960
alloc_pos 348032
alloc_pos 348244
alloc_pos 348504
alloc_pos 348756
alloc_pos 348920
alloc_pos 349056
alloc_pos 349304
alloc_pos 349360
alloc_pos 349404
alloc_pos 349464
alloc_pos 349712
alloc_pos 349812
alloc_pos 349920
alloc_pos 350040
alloc_pos 350080
alloc_pos 350116
alloc_pos 350280
alloc_pos 350444
alloc_pos 350644
alloc_pos 350756
alloc_pos 350896
alloc_pos 350932
alloc_pos 351004
alloc_pos 351096
alloc_pos 351292
alloc_pos 351524
alloc_pos 351628
alloc_pos 351672
alloc_pos 351764
alloc_pos 352024
alloc_pos 352084
alloc_pos 352172
alloc_pos 352312
alloc_pos 352388
alloc_pos 352520
alloc_pos 352572
alloc_pos 352728
alloc_pos 352956
alloc_pos 353208
alloc_pos 353312
alloc_pos 353396
alloc_pos 353444
alloc_pos 353536
alloc_pos 353724
alloc_pos 353972
alloc_pos 354040
alloc_pos 354064
alloc_pos 354088
alloc_pos 354272
alloc_pos 354396
alloc_pos 354636
alloc_pos 354816
alloc_pos 354956
alloc_pos 355144
alloc_pos 355312
alloc_pos 355344
alloc_pos 355572
alloc_pos 355680
alloc_pos 355764
alloc_pos 355988
alloc_pos 356080
alloc_pos 356224
alloc_pos 356416
alloc_pos 356488
alloc_pos 356652
alloc_pos 356824
alloc_pos 356984
alloc_pos 357088
alloc_pos 357196
alloc_pos 357224
alloc_pos 357484
alloc_pos 357540
alloc_pos 357636
alloc_pos 357748
alloc_pos 357944
alloc_pos 358060
alloc_pos 358312
alloc_pos 358436
alloc_pos 358560
alloc_pos 358744
alloc_pos 358780
alloc_pos 358992
alloc_pos 359072
alloc_pos 359228
alloc_pos 359268
alloc_pos 359344
alloc_pos 359404
alloc_pos 359596
alloc_pos 359648
alloc_pos 359708
alloc_pos 359816
alloc_pos 359868
alloc_pos 359984
alloc_pos 360012
alloc_pos 360148
alloc_pos 360392
alloc_pos 360584
alloc_pos 360656
alloc_pos 360852
alloc_pos 361044
alloc_pos 361240
alloc_pos 361472
alloc_pos 361588
alloc_pos 361740
alloc_pos 361932
alloc_pos 362116
alloc_pos 362280
alloc_pos 362356
alloc_pos 362412
alloc_pos 362552
alloc_pos 362712
alloc_pos 362876
alloc_pos 362980
alloc_pos 363080
alloc_pos 363276
alloc_pos 363376
alloc_pos 363548
alloc_pos 363788
alloc_pos 363860
alloc_pos 364116
alloc_pos 364276
alloc_pos 364536
alloc_pos 364648
alloc_pos 364788
alloc_pos 364824
alloc_pos 365016
alloc_pos 365168
alloc_pos 365244
alloc_pos 365420
alloc_pos 365500
alloc_pos 365756
alloc_pos 365852
alloc_pos 366000
alloc_pos 366200
alloc_pos 366424
alloc_pos 366500
alloc_pos 366608
alloc_pos 366744
alloc_pos 366784
alloc_pos 366872
alloc_pos 366944
alloc_pos 367008
alloc_pos 367052
alloc_pos 367188
alloc_pos 367408
alloc_pos 367568
alloc_pos 367684
alloc_pos 367756
alloc_pos 367900
alloc_pos 368124
alloc_pos 368228
alloc_pos 368312
alloc_pos 368496
alloc_pos 368720
alloc_pos 368844
alloc_pos 368976
alloc_pos 369052
alloc_pos 369092
alloc_pos 369224
alloc_pos 369364
alloc_pos 369464
alloc_pos 369540
alloc_pos 369592
alloc_pos 369780
alloc_pos 370012
alloc_pos 370192
alloc_pos 370388
alloc_pos 370496
alloc_pos 370688
alloc_pos 370928
alloc_pos 371176
alloc_pos 371268
alloc_pos 371392
alloc_pos 371616
alloc_pos 371736
alloc_pos 371816
alloc_pos 371948
alloc_pos 371988
alloc_pos 372112
alloc_pos 372324
alloc_pos 372516
alloc_pos 372644
alloc_pos 372668
alloc_pos 372912
alloc_pos 373052
alloc_pos 373128
alloc_pos 373288
alloc_pos 373336
alloc_pos 373448
alloc_pos 373672
alloc_pos 373700
alloc_pos 373816
alloc_pos 374020
alloc_pos 374136
alloc_pos 374160
alloc_pos 374248
alloc_pos 374416
alloc_pos 374648
alloc_pos 374708
alloc_pos 374740
alloc_pos 374872
alloc_pos 374940
alloc_pos 375032
alloc_pos 375072
alloc_pos 375288
alloc_pos 375348
alloc_pos 375472
alloc_pos 375668
alloc_pos 375876
alloc_pos 376108
alloc_pos 376224
alloc_pos 376476
alloc_pos 376664
alloc_pos 376832
alloc_pos 376976
alloc_pos 377040
alloc_pos 377188
alloc_pos 377428
alloc_pos 377676
alloc_pos 377828
alloc_pos 377928
alloc_pos 378172
alloc_pos 378416
alloc_pos 378484
alloc_pos 378684
alloc_pos 378840
alloc_pos 379036
alloc_pos 379280
alloc_pos 379304
alloc_pos 379348
alloc_pos 379388
alloc_pos 379420
alloc_pos 379588
alloc_pos 379700
alloc_pos 379860
alloc_pos 380124
alloc_pos 380324
alloc_pos 380572
alloc_pos 380708
alloc_pos 380944
alloc_pos 381176
alloc_pos 381228
alloc_pos 381424
alloc_pos 381628
alloc_pos 381808
alloc_pos 382028
alloc_pos 382204
alloc_pos 382432
alloc_pos 382572
alloc_pos 382796
alloc_pos 382980
alloc_pos 383036
alloc_pos 383232
alloc_pos 383300
alloc_pos 383560
alloc_pos 383784
alloc_pos 383856
alloc_pos 384068
alloc_pos 384328
alloc_pos 384580
alloc_pos 384744
alloc_pos 384880
alloc_pos 385128
alloc_pos 385184
alloc_pos 385228
alloc_pos 385288
alloc_pos 385536
alloc_pos 385636
alloc_pos 385744
alloc_pos 385864
alloc_pos 385904
alloc_pos 385940
alloc_pos 386104
alloc_pos 386268
alloc_pos 386468
alloc_pos 386580
alloc_pos 386720
alloc_pos 386756
alloc_pos 386828
alloc_pos 386920
alloc_pos 387116
alloc_pos 387348
alloc_pos 387452
alloc_pos 387496
alloc_pos 387588
alloc_pos 387848
alloc_pos 387908
alloc_pos 387996
alloc_pos 388136
alloc_pos 388212
alloc_pos 388344
alloc_pos 388396
alloc_pos 388552
alloc_pos 388780
alloc_pos 389032
alloc_pos 389136
alloc_pos 389220
alloc_pos 389268
alloc_pos 389360
alloc_pos 389548
alloc_pos 389796
alloc_pos 389864
alloc_pos 389888
alloc_pos 389912
alloc_pos 390096
alloc_pos 390220
alloc_pos 390460
alloc_pos 390640
alloc_pos 390780
alloc_pos 390968
alloc_pos 391136
alloc_pos 391168
alloc_pos 391396
alloc_pos 391504
alloc_pos 391588
alloc_pos 391812
alloc_pos 391904
alloc_pos 392048
alloc_pos 392240
alloc_pos 392312
alloc_pos 392476
alloc_pos 392648
alloc_pos 392808
alloc_pos 392912
alloc_pos 393020
alloc_pos 393048
alloc_pos 393308
alloc_pos 393364
alloc_pos 393460
alloc_pos 393572
alloc_pos 393768
alloc_pos 393884
alloc_pos 394136
alloc_pos 394260
alloc_pos 394384
alloc_pos 394568
alloc_pos 394604
alloc_pos 394816
alloc_pos 394896
alloc_pos 395052
alloc_pos 395092
alloc_pos 395168
alloc_pos 395228
alloc_pos 395420
alloc_pos 395472
alloc_pos 395532
alloc_pos 395640
alloc_pos 395692
alloc_pos 395808
alloc_pos 395836
alloc_pos 395972
alloc_pos 396216
alloc_pos 396408
alloc_pos 396480
alloc_pos 396676
alloc_pos 396868
alloc_pos 397064
alloc_pos 397296
alloc_pos 397412
alloc_pos 397564
alloc_pos 397756
alloc_pos 397940
alloc_pos 398104
alloc_pos 398180
alloc_pos 398236
alloc_pos 398376
alloc_pos 398536
alloc_pos 398700
alloc_pos 398804
alloc_pos 398904
alloc_pos 399100
alloc_pos 399200
alloc_pos 399372
alloc_pos 399612
alloc_pos 399684
alloc_pos 399940
alloc_pos 400100
alloc_pos 400360
alloc_pos 400472
alloc_pos 400612
alloc_pos 400648
alloc_pos 400840
alloc_pos 400992
alloc_pos 401068
alloc_pos 401244
alloc_pos 401324
alloc_pos 401580
alloc_pos 401676
alloc_pos 401824
alloc_pos 402024
alloc_pos 402248
alloc_pos 402324
alloc_pos 402432
alloc_pos 402568
alloc_pos 402608
alloc_pos 402696
alloc_pos 402768
alloc_pos 402832
alloc_pos 402876
alloc_pos 403012
alloc_pos 403232
alloc_pos 403392
alloc_pos 403508
alloc_pos 403580
alloc_pos 403724
alloc_pos 403948
alloc_pos 404052
alloc_pos 404136
alloc_pos 404320
alloc_pos 404544
alloc_pos 404668
alloc_pos 404800
alloc_pos 404876
alloc_pos 404916
alloc_pos 405048
alloc_pos 405188
alloc_pos 405288
alloc_pos 405364
alloc_pos 405416
alloc_pos 405604
alloc_pos 405836
alloc_pos 406016
alloc_pos 406212
alloc_pos 406320
alloc_pos 406512
alloc_pos 406752
alloc_pos 407000
alloc_pos 407092
alloc_pos 407216
alloc_pos 407440
alloc_pos 407560
alloc_pos 407640
alloc_pos 407772
alloc_pos 407812
alloc_pos 407936
alloc_pos 408148
alloc_pos 408340
alloc_pos 408468
alloc_pos 408492
alloc_pos 408736
alloc_pos 408876
alloc_pos 408952
alloc_pos 409112
alloc_pos 409160
alloc_pos 409272
alloc_pos 409496
alloc_pos 409524
alloc_pos 409640
alloc_pos 409844
alloc_pos 409960
alloc_pos 409984
alloc_pos 410072
alloc_pos 410240
alloc_pos 410472
alloc_pos 410532
alloc_pos 410564
alloc_pos 410696
alloc_pos 410764
alloc_pos 410856
alloc_pos 410896
alloc_pos 411112
alloc_pos 411172
alloc_pos 411296
alloc_pos 411492
alloc_pos 411700
alloc_pos 411932
alloc_pos 412048
alloc_pos 412300
alloc_pos 412488
alloc_pos 412656
alloc_pos 412800
alloc_pos 412864
alloc_pos 413012
alloc_pos 413252
alloc_pos 413500
alloc_pos 413652
alloc_pos 413752
alloc_pos 413996
alloc_pos 414240
alloc_pos 414308
alloc_pos 414508
alloc_pos 414664
alloc_pos 414860
alloc_pos 415104
alloc_pos 415128
alloc_pos 415172
alloc_pos 415212
alloc_pos 415244
alloc_pos 415412
alloc_pos 415524
alloc_pos 415684
alloc_pos 415948
alloc_pos 416148
alloc_pos 416396
alloc_pos 416532
alloc_pos 416768
alloc_pos 417000
alloc_pos 417052
alloc_pos 417248
alloc_pos 417452
alloc_pos 417632
alloc_pos 417852
alloc_pos 418028
alloc_pos 418256
alloc_pos 418396
alloc_pos 418620
alloc_pos 418804
alloc_pos 418860
alloc_pos 419056
alloc_pos 419124
alloc_pos 419384
alloc_pos 419608
alloc_pos 419680
alloc_pos 419892
alloc_pos 420152
alloc_pos 420404
alloc_pos 420568
alloc_pos 420704
alloc_pos 420952
alloc_pos 421008
alloc_pos 421052
alloc_pos 421112
alloc_pos 421360
alloc_pos 421460
alloc_pos 421568
alloc_pos 421688
alloc_pos 421728
alloc_pos 421764
alloc_pos 421928
alloc_pos 422092
alloc_pos 422292
alloc_pos 422404
alloc_pos 422544
alloc_pos 422580
alloc_pos 422652
alloc_pos 422744
alloc_pos 422940
alloc_pos 423172
alloc_pos 423276
alloc_pos 423320
alloc_pos 423412
alloc_pos 423672
alloc_pos 423732
alloc_pos 423820
alloc_pos 423960
alloc_pos 424036
alloc_pos 424168
alloc_pos 424220
alloc_pos 424376
alloc_pos 424604
alloc_pos 424856
alloc_pos 424960
alloc_pos 425044
alloc_pos 425092
alloc_pos 425184
alloc_pos 425372
alloc_pos 425620
alloc_pos 425688
alloc_pos 425712
alloc_pos 425736
alloc_pos 425920
alloc_pos 426044
alloc_pos 426284
alloc_pos 426464
alloc_pos 426604
alloc_pos 426792
alloc_pos 426960
alloc_pos 426992
alloc_pos 427220
alloc_pos 427328
alloc_pos 427412
alloc_pos 427636
alloc_pos 427728
alloc_pos 427872
alloc_pos 428064
alloc_pos 428136
alloc_pos 428300
alloc_pos 428472
alloc_pos 428632
alloc_pos 428736
alloc_pos 428844
alloc_pos 428872
alloc_pos 429132
alloc_pos 429188
alloc_pos 429284
alloc_pos 429396
alloc_pos 429592
alloc_pos 429708
alloc_pos 429960
alloc_pos 430084
alloc_pos 430208
alloc_pos 430392
alloc_pos 430428
alloc_pos 430640
alloc_pos 430720
alloc_pos 430876
alloc_pos 430916
alloc_pos 430992
alloc_pos 431052
alloc_pos 431244
alloc_pos 431296
alloc_pos 431356
alloc_pos 431464
alloc_pos 431516
alloc_pos 431632
alloc_pos 431660
alloc_pos 431796
alloc_pos 432040
alloc_pos 432232
alloc_pos 432304
alloc_pos 432500
alloc_pos 432692
alloc_pos 432888
alloc_pos 433120
alloc_pos 433236
alloc_pos 433388
alloc_pos 433580
alloc_pos 433764
alloc_pos 433928
alloc_pos 434004
alloc_pos 434060
alloc_pos 434200
alloc_pos 434360
alloc_pos 434524
alloc_pos 434628
alloc_pos 434728
alloc_pos 434924
alloc_pos 435024
alloc_pos 435196
alloc_pos 435436
alloc_pos 435508
alloc_pos 435764
alloc_pos 435924
alloc_pos 436184
alloc_pos 436296
alloc_pos 436436
alloc_pos 436472
alloc_pos 436664
alloc_pos 436816
alloc_pos 436892
alloc_pos 437068
alloc_pos 437148
alloc_pos 437404
alloc_pos 437500
alloc_pos 437648
alloc_pos 437848
alloc_pos 438072
alloc_pos 438148
alloc_pos 438256
alloc_pos 438392
alloc_pos 438432
alloc_pos 438520
alloc_pos 438592
alloc_pos 438656
alloc_pos 438700
alloc_pos 438836
alloc_pos 439056
alloc_pos 439216
alloc_pos 439332
alloc_pos 439404
alloc_pos 439548
alloc_pos 439772
alloc_pos 439876
alloc_pos 439960
alloc_pos 440144
alloc_pos 440368
alloc_pos 440492
alloc_pos 440624
alloc_pos 440700
alloc_pos 440740
alloc_pos 440872
alloc_pos 441012
alloc_pos 441112
alloc_pos 441188
alloc_pos 441240
alloc_pos 441428
alloc_pos 441660
alloc_pos 441840
alloc_pos 442036
alloc_pos 442144
alloc_pos 442336
alloc_pos 442576
alloc_pos 442824
alloc_pos 442916
alloc_pos 443040
alloc_pos 443264
alloc_pos 443384
alloc_pos 443464
alloc_pos 443596
alloc_pos 443636
alloc_pos 443760
alloc_pos 443972
alloc_pos 444164
alloc_pos 444292
alloc_pos 444316
alloc_pos 444560
alloc_pos 444700
alloc_pos 444776
alloc_pos 444936
alloc_pos 444984
alloc_pos 445096
alloc_pos 445320
alloc_pos 445348
alloc_pos 445464
alloc_pos 445668
alloc_pos 445784
alloc_pos 445808
alloc_pos 445896
alloc_pos 446064
alloc_pos 446296
alloc_pos 446356
alloc_pos 446388
alloc_pos 446520
alloc_pos 446588
alloc_pos 446680
alloc_pos 446720
alloc_pos 446936
alloc_pos 446996
alloc_pos 447120
alloc_pos 447316
alloc_pos 447524
alloc_pos 447756
alloc_pos 447872
alloc_pos 448124
alloc_pos 448312
alloc_pos 448480
alloc_pos 448624
alloc_pos 448688
alloc_pos 448836
alloc_pos 449076
alloc_pos 449324
alloc_pos 449476
alloc_pos 449576
alloc_pos 449820
alloc_pos 450064
alloc_pos 450132
alloc_pos 450332
alloc_pos 450488
alloc_pos 450684
alloc_pos 450928
alloc_pos 450952
alloc_pos 450996
alloc_pos 451036
alloc_pos 451068
alloc_pos 451236
alloc_pos 451348
alloc_pos 451508
alloc_pos 451772
alloc_pos 451972
alloc_pos 452220
alloc_pos 452356
alloc_pos 452592
alloc_pos 452824
alloc_pos 452876
alloc_pos 453072
alloc_pos 453276
alloc_pos 453456
alloc_pos 453676
alloc_pos 453852
alloc_pos 454080
alloc_pos 454220
alloc_pos 454444
alloc_pos 454628
alloc_pos 454684
alloc_pos 454880
alloc_pos 454948
alloc_pos 455208
alloc_pos 455432
alloc_pos 455504
alloc_pos 455716
alloc_pos 455976
alloc_pos 456228
alloc_pos 456392
alloc_pos 456528
alloc_pos 456776
alloc_pos 456832
alloc_pos 456876
alloc_pos 456936
alloc_pos 457184
alloc_pos 457284
alloc_pos 457392
alloc_pos 457512
alloc_pos 457552
alloc_pos 457588
alloc_pos 457752
alloc_pos 457916
alloc_pos 458116
alloc_pos 458228
alloc_pos 458368
alloc_pos 458404
alloc_pos 458476
alloc_pos 458568
alloc_pos 458764
alloc_pos 458996
alloc_pos 459100
alloc_pos 459144
alloc_pos 459236
alloc_pos 459496
alloc_pos 459556
alloc_pos 459644
alloc_pos 459784
alloc_pos 459860
alloc_pos 459992
alloc_pos 460044
alloc_pos 460200
alloc_pos 460428
alloc_pos 460680
alloc_pos 460784
alloc_pos 460868
alloc_pos 460916
alloc_pos 461008
alloc_pos 461196
alloc_pos 461444
alloc_pos 461512
alloc_pos 461536
alloc_pos 461560
alloc_pos 461744
alloc_pos 461868
alloc_pos 462108
alloc_pos 462288
alloc_pos 462428
alloc_pos 462616
alloc_pos 462784
alloc_pos 462816
alloc_pos 463044
alloc_pos 463152
alloc_pos 463236
alloc_pos 463460
alloc_pos 463552
alloc_pos 463696
alloc_pos 463888
alloc_pos 463960
alloc_pos 464124
alloc_pos 464296
alloc_pos 464456
alloc_pos 464560
alloc_pos 464668
alloc_pos 464696
alloc_pos 464956
alloc_pos 465012
alloc_pos 465108
alloc_pos 465220
alloc_pos 465416
alloc_pos 465532
alloc_pos 465784
alloc_pos 465908
alloc_pos 466032
alloc_pos 466216
alloc_pos 466252
alloc_pos 466464
alloc_pos 466544
alloc_pos 466700
alloc_pos 466740
alloc_pos 466816
alloc_pos 466876
alloc_pos 467068
alloc_pos 467120
alloc_pos 467180
alloc_pos 467288
alloc_pos 467340
alloc_pos 467456
alloc_pos 467484
alloc_pos 467620
alloc_pos 467864
alloc_pos 468056
alloc_pos 468128
alloc_pos 468324
alloc_pos 468516
alloc_pos 468712
alloc_pos 468944
alloc_pos 469060
alloc_pos 469212
alloc_pos 469404
alloc_pos 469588
alloc_pos 469752
alloc_pos 469828
alloc_pos 469884
alloc_pos 470024
alloc_pos 470184
alloc_pos 470348
alloc_pos 470452
alloc_pos 470552
alloc_pos 470748
alloc_pos 470848
alloc_pos 471020
alloc_pos 471260
alloc_pos 471332
alloc_pos 471588
alloc_pos 471748
alloc_pos 472008
alloc_pos 472120
alloc_pos 472260
alloc_pos 472296
alloc_pos 472488
alloc_pos 472640
alloc_pos 472716
alloc_pos 472892
alloc_pos 472972
alloc_pos 473228
alloc_pos 473324
alloc_pos 473472
alloc_pos 473672
alloc_pos 473896
alloc_pos 473972
alloc_pos 474080
alloc_pos 474216
alloc_pos 474256
alloc_pos 474344
alloc_pos 474416
alloc_pos 474480
alloc_pos 474524
alloc_pos 474660
alloc_pos 474880
alloc_pos 475040
alloc_pos 475156
alloc_pos 475228
alloc_pos 475372
alloc_pos 475596
alloc_pos 475700
alloc_pos 475784
alloc_pos 475968
alloc_pos 476192
alloc_pos 476316
alloc_pos 476448
alloc_pos 476524
alloc_pos 476564
alloc_pos 476696
alloc_pos 476836
alloc_pos 476936
alloc_pos 477012
alloc_pos 477064
alloc_pos 477252
alloc_pos 477484
alloc_pos 477664
alloc_pos 477860
alloc_pos 477968
alloc_pos 478160
alloc_pos 478400
alloc_pos 478648
alloc_pos 478740
alloc_pos 478864
alloc_pos 479088
alloc_pos 479208
alloc_pos 479288
alloc_pos 479420
alloc_pos 479460
alloc_pos 479584
alloc_pos 479796
alloc_pos 479988
alloc_pos 480116
alloc_pos 480140
alloc_pos 480384
alloc_pos 480524
alloc_pos 480600
alloc_pos 480760
alloc_pos 480808
alloc_pos 480920
alloc_pos 481144
alloc_pos 481172
alloc_pos 481288
alloc_pos 481492
alloc_pos 481608
alloc_pos 481632
alloc_pos 481720
alloc_pos 481888
alloc_pos 482120
alloc_pos 482180
alloc_pos 482212
alloc_pos 482344
alloc_pos 482412
alloc_pos 482504
alloc_pos 482544
alloc_pos 482760
alloc_pos 482820
alloc_pos 482944
alloc_pos 483140
alloc_pos 483348
alloc_pos 483580
alloc_pos 483696
alloc_pos 483948
alloc_pos 484136
alloc_pos 484304
alloc_pos 484448
alloc_pos 484512
alloc_pos 484660
alloc_pos 484900
alloc_pos 485148
alloc_pos 485300
alloc_pos 485400
alloc_pos 485644
alloc_pos 485888
alloc_pos 485956
alloc_pos 486156
alloc_pos 486312
alloc_pos 486508
alloc_pos 486752
alloc_pos 486776
alloc_pos 486820
alloc_pos 486860
alloc_pos 486892
alloc_pos 487060
alloc_pos 487172
alloc_pos 487332
alloc_pos 487596
alloc_pos 487796
alloc_pos 488044
alloc_pos 488180
alloc_pos 488416
alloc_pos 488648
alloc_pos 488700
alloc_pos 488896
alloc_pos 489100
alloc_pos 489280
alloc_pos 489500
alloc_pos 489676
alloc_pos 489904
alloc_pos 490044
alloc_pos 490268
alloc_pos 490452
alloc_pos 490508
alloc_pos 490704
alloc_pos 490772
alloc_pos 491032
alloc_pos 491256
alloc_pos 491328
alloc_pos 491540
alloc_pos 491800
alloc_pos 492052
alloc_pos 492216
alloc_pos 492352
alloc_pos 492600
alloc_pos 492656
alloc_pos 492700
alloc_pos 492760
alloc_pos 493008
alloc_pos 493108
alloc_pos 493216
alloc_pos 493336
alloc_pos 493376
alloc_pos 493412
alloc_pos 493576
alloc_pos 493740
alloc_pos 493940
alloc_pos 494052
alloc_pos 494192
alloc_pos 494228
alloc_pos 494300
alloc_pos 494392
alloc_pos 494588
alloc_pos 494820
alloc_pos 494924
alloc_pos 494968
alloc_pos 495060
alloc_pos 495320
alloc_pos 495380
alloc_pos 495468
alloc_pos 495608
alloc_pos 495684
alloc_pos 495816
alloc_pos 495868
alloc_pos 496024
alloc_pos 496252
alloc_pos 496504
alloc_pos 496608
alloc_pos 496692
alloc_pos 496740
alloc_pos 496832
alloc_pos 497020
alloc_pos 497268
alloc_pos 497336
alloc_pos 497360
alloc_pos 497384
alloc_pos 497568
alloc_pos 497692
alloc_pos 497932
alloc_pos 498112
alloc_pos 498252
alloc_pos 498440
alloc_pos 498608
alloc_pos 498640
alloc_pos 498868
alloc_pos 498976
alloc_pos 499060
alloc_pos 499284
alloc_pos 499376
alloc_pos 499520
alloc_pos 499712
alloc_pos 499784
alloc_pos 499948
alloc_pos 500120
alloc_pos 500280
alloc_pos 500384
alloc_pos 500492
alloc_pos 500520
alloc_pos 500780
alloc_pos 500836
alloc_pos 500932
alloc_pos 501044
alloc_pos 501240
alloc_pos 501356
alloc_pos 501608
alloc_pos 501732
alloc_pos 501856
alloc_pos 502040
alloc_pos 502076
alloc_pos 502288
alloc_pos 502368
alloc_pos 502524
alloc_pos 502564
alloc_pos 502640
alloc_pos 502700
alloc_pos 502892
alloc_pos 502944
alloc_pos 503004
alloc_pos 503112
alloc_pos 503164
alloc_pos 503280
alloc_pos 503308
alloc_pos 503444
alloc_pos 503688
alloc_pos 503880
alloc_pos 503952
alloc_pos 504148
alloc_pos 504340
alloc_pos 504536
alloc_pos 504768
alloc_pos 504884
alloc_pos 505036
alloc_pos 505228
alloc_pos 505412
alloc_pos 505576
alloc_pos 505652
alloc_pos 505708
alloc_pos 505848
alloc_pos 506008
alloc_pos 506172
alloc_pos 506276
alloc_pos 506376
alloc_pos 506572
alloc_pos 506672
alloc_pos 506844
alloc_pos 507084
alloc_pos 507156
alloc_pos 507412
alloc_pos 507572
alloc_pos 507832
alloc_pos 507944
alloc_pos 508084
alloc_pos 508120
alloc_pos 508312
alloc_pos 508464
alloc_pos 508540
alloc_pos 508716
alloc_pos 508796
alloc_pos 509052
alloc_pos 509148
alloc_pos 509296
alloc_pos 509496
alloc_pos 509720
alloc_pos 509796
alloc_pos 509904
alloc_pos 510040
alloc_pos 510080
alloc_pos 510168
alloc_pos 510240
alloc_pos 510304
alloc_pos 510348
alloc_pos 510484
alloc_pos 510704
alloc_pos 510864
alloc_pos 510980
alloc_pos 511052
alloc_pos 511196
alloc_pos 511420
alloc_pos 511524
alloc_pos 511608
alloc_pos 511792
alloc_pos 512016
alloc_pos 512140
alloc_pos 512272
alloc_pos 512348
alloc_pos 512388
alloc_pos 512520
alloc_pos 512660
alloc_pos 512760
alloc_pos 512836
alloc_pos 512888
alloc_pos 513076
alloc_pos 513308
alloc_pos 513488
alloc_pos 513684
alloc_pos 513792
alloc_pos 513984
alloc_pos 514224
alloc_pos 514472
alloc_pos 514564
alloc_pos 514688
alloc_pos 514912
alloc_pos 515032
alloc_pos 515112
alloc_pos 515244
alloc_pos 515284
alloc_pos 515408
alloc_pos 515620
alloc_pos 515812
alloc_pos 515940
alloc_pos 515964
alloc_pos 516208
alloc_pos 516348
alloc_pos 516424
alloc_pos 516584
alloc_pos 516632
alloc_pos 516744
alloc_pos 516968
alloc_pos 516996
alloc_pos 517112
alloc_pos 517316
alloc_pos 517432
alloc_pos 517456
alloc_pos 517544
alloc_pos 517712
alloc_pos 517944
alloc_pos 518004
alloc_pos 518036
alloc_pos 518168
alloc_pos 518236
alloc_pos 518328
alloc_pos 518368
alloc_pos 518584
alloc_pos 518644
alloc_pos 518768
alloc_pos 518964
alloc_pos 519172
alloc_pos 519404
alloc_pos 519520
alloc_pos 519772
alloc_pos 519960
alloc_pos 520128
alloc_pos 520272
alloc_pos 520336
alloc_pos 520484
alloc_pos 520724
alloc_pos 520972
alloc_pos 521124
alloc_pos 521224
alloc_pos 521468
alloc_pos 521712
alloc_pos 521780
alloc_pos 521980
alloc_pos 522136
alloc_pos 522332
alloc_pos 522576
alloc_pos 522600
alloc_pos 522644
alloc_pos 522684
alloc_pos 522716
alloc_pos 522884
alloc_pos 522996
alloc_pos 523156
alloc_pos 523420
alloc_pos 523620
alloc_pos 523868
alloc_pos 524004
alloc_pos -1

